2024-06-05 00:32.55: New job: test current_ocluster.0.2 with yojson.2.2.1, using opam dev
                              from https://github.com/ocaml/opam-repository.git#refs/pull/26014/head (dd1f7a904024287a3f7f1288feb4a3694f856d28)
                              on debian-12-ocaml-4.14/amd64

To reproduce locally:

cd $(mktemp -d)
git clone --recursive "https://github.com/ocaml/opam-repository.git" && cd "opam-repository" && git fetch origin "refs/pull/26014/head" && git reset --hard dd1f7a90
git fetch origin master
git merge --no-edit 5979d639be2999663a41c1d1b8a73ce3036dcb41
cat > ../Dockerfile <<'END-OF-DOCKERFILE'
[34mFROM ocaml/opam:debian-12-ocaml-4.14@sha256:2ba69112cb856b702920b505b82a8fab331d2c9d9406c7f3b9f4adb73637666c
USER 1000:1000
WORKDIR /home/opam
RUN sudo ln -f /usr/bin/opam-dev /usr/bin/opam
RUN opam init --reinit -ni
RUN uname -rs && opam exec -- ocaml -version && opam --version
ENV OPAMDOWNLOADJOBS="1"
ENV OPAMERRLOGLEN="0"
ENV OPAMSOLVERTIMEOUT="500"
ENV OPAMPRECISETRACKING="1"
ENV CI="true"
ENV OPAM_REPO_CI="true"
RUN rm -rf opam-repository/
COPY --chown=1000:1000 . opam-repository/
RUN opam repository set-url --strict default opam-repository/
RUN opam update --depexts || true
RUN opam pin add -k version -yn yojson.2.2.1 2.2.1
RUN opam reinstall yojson.2.2.1; \
    res=$?; \
    test "$res" != 31 && exit "$res"; \
    export OPAMCLI=2.0; \
    build_dir=$(opam var prefix)/.opam-switch/build; \
    failed=$(ls "$build_dir"); \
    partial_fails=""; \
    for pkg in $failed; do \
    if opam show -f x-ci-accept-failures: "$pkg" | grep -qF "\"debian-12\""; then \
    echo "A package failed and has been disabled for CI using the 'x-ci-accept-failures' field."; \
    fi; \
    test "$pkg" != 'yojson.2.2.1' && partial_fails="$partial_fails $pkg"; \
    done; \
    test "${partial_fails}" != "" && echo "opam-repo-ci detected dependencies failing: ${partial_fails}"; \
    exit 1
RUN opam reinstall current_ocluster.0.2; \
    res=$?; \
    test "$res" != 31 && exit "$res"; \
    export OPAMCLI=2.0; \
    build_dir=$(opam var prefix)/.opam-switch/build; \
    failed=$(ls "$build_dir"); \
    partial_fails=""; \
    for pkg in $failed; do \
    if opam show -f x-ci-accept-failures: "$pkg" | grep -qF "\"debian-12\""; then \
    echo "A package failed and has been disabled for CI using the 'x-ci-accept-failures' field."; \
    fi; \
    test "$pkg" != 'current_ocluster.0.2' && partial_fails="$partial_fails $pkg"; \
    done; \
    test "${partial_fails}" != "" && echo "opam-repo-ci detected dependencies failing: ${partial_fails}"; \
    exit 1
RUN (opam reinstall --with-test current_ocluster.0.2) || true
RUN opam reinstall --with-test --verbose current_ocluster.0.2; \
    res=$?; \
    test "$res" != 31 && exit "$res"; \
    export OPAMCLI=2.0; \
    build_dir=$(opam var prefix)/.opam-switch/build; \
    failed=$(ls "$build_dir"); \
    partial_fails=""; \
    for pkg in $failed; do \
    if opam show -f x-ci-accept-failures: "$pkg" | grep -qF "\"debian-12\""; then \
    echo "A package failed and has been disabled for CI using the 'x-ci-accept-failures' field."; \
    fi; \
    test "$pkg" != 'current_ocluster.0.2' && partial_fails="$partial_fails $pkg"; \
    done; \
    test "${partial_fails}" != "" && echo "opam-repo-ci detected dependencies failing: ${partial_fails}"; \
    exit 1
[0m
END-OF-DOCKERFILE
docker build -f ../Dockerfile .

2024-06-05 00:32.55: Using cache hint "ocaml/opam:debian-12-ocaml-4.14@sha256:2ba69112cb856b702920b505b82a8fab331d2c9d9406c7f3b9f4adb73637666c-yojson.2.2.1-current_ocluster.0.2-dd1f7a904024287a3f7f1288feb4a3694f856d28"
2024-06-05 00:32.55: Using OBuilder spec:
((from ocaml/opam:debian-12-ocaml-4.14@sha256:2ba69112cb856b702920b505b82a8fab331d2c9d9406c7f3b9f4adb73637666c)
 (user (uid 1000) (gid 1000))
 (workdir /home/opam)
 (run (shell "sudo ln -f /usr/bin/opam-dev /usr/bin/opam"))
 (run (network host)
      (shell "opam init --reinit --config .opamrc-sandbox -ni"))
 (run (shell "uname -rs && opam exec -- ocaml -version && opam --version"))
 (env OPAMDOWNLOADJOBS 1)
 (env OPAMERRLOGLEN 0)
 (env OPAMSOLVERTIMEOUT 500)
 (env OPAMPRECISETRACKING 1)
 (env CI true)
 (env OPAM_REPO_CI true)
 (run (shell "rm -rf opam-repository/"))
 (copy (src .) (dst opam-repository/))
 (run (shell "opam repository set-url --strict default opam-repository/"))
 (run (network host)
      (shell "opam update --depexts || true"))
 (run (shell "opam pin add -k version -yn yojson.2.2.1 2.2.1"))
 (run (cache (opam-archives (target /home/opam/.opam/download-cache)))
      (network host)
      (shell  "opam reinstall yojson.2.2.1;\
             \n        res=$?;\
             \n        test \"$res\" != 31 && exit \"$res\";\
             \n        export OPAMCLI=2.0;\
             \n        build_dir=$(opam var prefix)/.opam-switch/build;\
             \n        failed=$(ls \"$build_dir\");\
             \n        partial_fails=\"\";\
             \n        for pkg in $failed; do\
             \n          if opam show -f x-ci-accept-failures: \"$pkg\" | grep -qF \"\\\"debian-12\\\"\"; then\
             \n            echo \"A package failed and has been disabled for CI using the 'x-ci-accept-failures' field.\";\
             \n          fi;\
             \n          test \"$pkg\" != 'yojson.2.2.1' && partial_fails=\"$partial_fails $pkg\";\
             \n        done;\
             \n        test \"${partial_fails}\" != \"\" && echo \"opam-repo-ci detected dependencies failing: ${partial_fails}\";\
             \n        exit 1"))
 (run (cache (opam-archives (target /home/opam/.opam/download-cache)))
      (network host)
      (shell  "opam reinstall current_ocluster.0.2;\
             \n        res=$?;\
             \n        test \"$res\" != 31 && exit \"$res\";\
             \n        export OPAMCLI=2.0;\
             \n        build_dir=$(opam var prefix)/.opam-switch/build;\
             \n        failed=$(ls \"$build_dir\");\
             \n        partial_fails=\"\";\
             \n        for pkg in $failed; do\
             \n          if opam show -f x-ci-accept-failures: \"$pkg\" | grep -qF \"\\\"debian-12\\\"\"; then\
             \n            echo \"A package failed and has been disabled for CI using the 'x-ci-accept-failures' field.\";\
             \n          fi;\
             \n          test \"$pkg\" != 'current_ocluster.0.2' && partial_fails=\"$partial_fails $pkg\";\
             \n        done;\
             \n        test \"${partial_fails}\" != \"\" && echo \"opam-repo-ci detected dependencies failing: ${partial_fails}\";\
             \n        exit 1"))
 (run (network host)
      (shell "(opam reinstall --with-test current_ocluster.0.2) || true"))
 (run (shell  "opam reinstall --with-test --verbose current_ocluster.0.2;\
             \n        res=$?;\
             \n        test \"$res\" != 31 && exit \"$res\";\
             \n        export OPAMCLI=2.0;\
             \n        build_dir=$(opam var prefix)/.opam-switch/build;\
             \n        failed=$(ls \"$build_dir\");\
             \n        partial_fails=\"\";\
             \n        for pkg in $failed; do\
             \n          if opam show -f x-ci-accept-failures: \"$pkg\" | grep -qF \"\\\"debian-12\\\"\"; then\
             \n            echo \"A package failed and has been disabled for CI using the 'x-ci-accept-failures' field.\";\
             \n          fi;\
             \n          test \"$pkg\" != 'current_ocluster.0.2' && partial_fails=\"$partial_fails $pkg\";\
             \n        done;\
             \n        test \"${partial_fails}\" != \"\" && echo \"opam-repo-ci detected dependencies failing: ${partial_fails}\";\
             \n        exit 1"))
)

2024-06-05 00:32.55: Waiting for resource in pool OCluster
2024-06-05 02:22.56: Waiting for workerâ€¦
2024-06-05 02:26.01: Got resource from pool OCluster
Building on x86-bm-c19.sw.ocaml.org
All commits already cached
Updating files:  45% (14372/31425)Updating files:  46% (14456/31425)Updating files:  47% (14770/31425)Updating files:  48% (15084/31425)Updating files:  49% (15399/31425)Updating files:  50% (15713/31425)Updating files:  51% (16027/31425)Updating files:  52% (16341/31425)Updating files:  53% (16656/31425)Updating files:  54% (16970/31425)Updating files:  55% (17284/31425)Updating files:  56% (17598/31425)Updating files:  57% (17913/31425)Updating files:  58% (18227/31425)Updating files:  59% (18541/31425)Updating files:  60% (18855/31425)Updating files:  61% (19170/31425)Updating files:  62% (19484/31425)Updating files:  63% (19798/31425)Updating files:  64% (20112/31425)Updating files:  65% (20427/31425)Updating files:  66% (20741/31425)Updating files:  67% (21055/31425)Updating files:  68% (21369/31425)Updating files:  69% (21684/31425)Updating files:  70% (21998/31425)Updating files:  71% (22312/31425)Updating files:  72% (22626/31425)Updating files:  73% (22941/31425)Updating files:  74% (23255/31425)Updating files:  75% (23569/31425)Updating files:  76% (23883/31425)Updating files:  77% (24198/31425)Updating files:  78% (24512/31425)Updating files:  79% (24826/31425)Updating files:  80% (25140/31425)Updating files:  81% (25455/31425)Updating files:  82% (25769/31425)Updating files:  83% (26083/31425)Updating files:  84% (26397/31425)Updating files:  85% (26712/31425)Updating files:  86% (27026/31425)Updating files:  87% (27340/31425)Updating files:  88% (27654/31425)Updating files:  89% (27969/31425)Updating files:  90% (28283/31425)Updating files:  91% (28597/31425)Updating files:  92% (28911/31425)Updating files:  93% (29226/31425)Updating files:  94% (29540/31425)Updating files:  95% (29854/31425)Updating files:  96% (30168/31425)Updating files:  97% (30483/31425)Updating files:  98% (30797/31425)Updating files:  99% (31111/31425)Updating files:  99% (31233/31425)Updating files: 100% (31425/31425)Updating files: 100% (31425/31425), done.
HEAD is now at 5979d639be Merge pull request #25948 from panglesd/release-slipshow-v0.0.32-3-gad3df09
Updating 5979d639be..dd1f7a9040
Fast-forward
 packages/yojson-five/yojson-five.2.2.1/opam | 46 ++++++++++++++++++++++++++++
 packages/yojson/yojson.2.2.1/opam           | 47 +++++++++++++++++++++++++++++
 2 files changed, 93 insertions(+)
 create mode 100644 packages/yojson-five/yojson-five.2.2.1/opam
 create mode 100644 packages/yojson/yojson.2.2.1/opam

[01;34m(from ocaml/opam:debian-12-ocaml-4.14@sha256:2ba69112cb856b702920b505b82a8fab331d2c9d9406c7f3b9f4adb73637666c)[0m
[01;2m[01;35m2024-06-05 02:26.05 ---> using "48fcd9b686ae3e44ef60a164ef8db6e11e86f168703f26fb1315f899c9c53662" from cache[0m

[01;34m/: (user (uid 1000) (gid 1000))[0m

[01;34m/: (workdir /home/opam)[0m

[01;34m/home/opam: (run (shell "sudo ln -f /usr/bin/opam-dev /usr/bin/opam"))[0m
[01;2m[01;35m2024-06-05 02:26.05 ---> using "182db0db166b9dc97fd6bddbdaada0d920c1a351accedca1486cd948e46ba36e" from cache[0m

[01;34m/home/opam: (run (network host)
                 (shell "opam init --reinit --config .opamrc-sandbox -ni"))[0m
Configuring from /home/opam/.opamrc-sandbox, then /home/opam/.opamrc, and finally from built-in defaults.
Checking for available remotes: rsync and local, git.
  - you won't be able to use mercurial repositories unless you install the hg command on your system.
  - you won't be able to use darcs repositories unless you install the darcs command on your system.

This development version of opam requires an update to the layout of /home/opam/.opam from version 2.0 to version 2.2~beta, which can't be reverted.
You may want to back it up before going further.

Continue? [y/n] y
[NOTE] The 'jobs' option was reset, its value was 39 and its new value will vary according to the current number of cores on your machine. You can restore the fixed value using:
           opam option jobs=39 --global
Format upgrade done.

<><> Updating repositories ><><><><><><><><><><><><><><><><><><><><><><><><><><>
[default] synchronised from file:///home/opam/opam-repository
[01;2m[01;35m2024-06-05 02:26.05 ---> using "4fbb68d819e513d708f904a56dbcd9eac5442d5d3fd384b169ffc78983ed0e74" from cache[0m

[01;34m/home/opam: (run (shell "uname -rs && opam exec -- ocaml -version && opam --version"))[0m
Linux 5.15.0-107-generic
The OCaml toplevel, version 4.14.2
2.2.0~beta3~dev
[01;2m[01;35m2024-06-05 02:26.05 ---> using "3c4a9f3d7a40a43473780c877ab3475ae6bd03681c2f4881fe30bb5d34e05f9b" from cache[0m

[01;34m/home/opam: (env OPAMDOWNLOADJOBS 1)[0m

[01;34m/home/opam: (env OPAMERRLOGLEN 0)[0m

[01;34m/home/opam: (env OPAMSOLVERTIMEOUT 500)[0m

[01;34m/home/opam: (env OPAMPRECISETRACKING 1)[0m

[01;34m/home/opam: (env CI true)[0m

[01;34m/home/opam: (env OPAM_REPO_CI true)[0m

[01;34m/home/opam: (run (shell "rm -rf opam-repository/"))[0m
[01;2m[01;35m2024-06-05 02:26.05 ---> using "0ad48452d9001012444a91ed62dee40f750c23d668e41d370665cd385b64805a" from cache[0m

[01;34m/home/opam: (copy (src .) (dst opam-repository/))[0m
[01;2m[01;35m2024-06-05 02:26.07 ---> using "b51068bf0f9ca794221d7812ab63a770185d97e3ac08c628466acc4e8f5ca858" from cache[0m

[01;34m/home/opam: (run (shell "opam repository set-url --strict default opam-repository/"))[0m
[default] Initialised
[01;2m[01;35m2024-06-05 02:26.07 ---> using "2c1f0a9a0d3a4e9bd71ab42b9675c920de4dd3cef4eeb5b3f867f5660e2c3c35" from cache[0m

[01;34m/home/opam: (run (network host)
                 (shell "opam update --depexts || true"))[0m
+ /usr/bin/sudo "apt-get" "update"
- Hit:1 http://deb.debian.org/debian bookworm InRelease
- Get:2 http://deb.debian.org/debian bookworm-updates InRelease [55.4 kB]
- Get:3 http://deb.debian.org/debian-security bookworm-security InRelease [48.0 kB]
- Get:4 http://deb.debian.org/debian-security bookworm-security/main amd64 Packages [157 kB]
- Fetched 260 kB in 0s (856 kB/s)
- Reading package lists...
[01;2m[01;35m2024-06-05 02:26.07 ---> using "8db4e02913e0669d8083b679057bcea8d4584148aaeb47e3d284672d988211c5" from cache[0m

[01;34m/home/opam: (run (shell "opam pin add -k version -yn yojson.2.2.1 2.2.1"))[0m
yojson is now pinned to version 2.2.1
[01;2m[01;35m2024-06-05 02:26.07 ---> using "15b13be7da22de50f9fb0928cccc50f32895549c3f32b89d7a59b00b963b034c" from cache[0m

[01;34m/home/opam: (run (cache (opam-archives (target /home/opam/.opam/download-cache)))
                 (network host)
                 (shell  "opam reinstall yojson.2.2.1;\
                        \n        res=$?;\
                        \n        test \"$res\" != 31 && exit \"$res\";\
                        \n        export OPAMCLI=2.0;\
                        \n        build_dir=$(opam var prefix)/.opam-switch/build;\
                        \n        failed=$(ls \"$build_dir\");\
                        \n        partial_fails=\"\";\
                        \n        for pkg in $failed; do\
                        \n          if opam show -f x-ci-accept-failures: \"$pkg\" | grep -qF \"\\\"debian-12\\\"\"; then\
                        \n            echo \"A package failed and has been disabled for CI using the 'x-ci-accept-failures' field.\";\
                        \n          fi;\
                        \n          test \"$pkg\" != 'yojson.2.2.1' && partial_fails=\"$partial_fails $pkg\";\
                        \n        done;\
                        \n        test \"${partial_fails}\" != \"\" && echo \"opam-repo-ci detected dependencies failing: ${partial_fails}\";\
                        \n        exit 1"))[0m
yojson.2.2.1 is not installed. Install it? [y/n] y
The following actions will be performed:
=== recompile 4 packages
  - recompile ocaml               4.14.2          [uses ocaml-base-compiler, ocaml-config]
  - recompile ocaml-base-compiler 4.14.2 (pinned) [upstream or system changes]
  - recompile ocaml-config        2               [upstream or system changes]
  - recompile opam-depext         1.2.1-1         [uses ocaml]
=== install 3 packages
  - install   dune                3.15.3          [required by yojson]
  - install   seq                 base            [required by yojson]
  - install   yojson              2.2.1 (pinned)

<><> Processing actions <><><><><><><><><><><><><><><><><><><><><><><><><><><><>
-> retrieved dune.3.15.3  (cached)
-> retrieved ocaml-base-compiler.4.14.2  (cached)
-> retrieved ocaml-config.2  (cached)
-> retrieved opam-depext.1.2.1-1  (cached)
-> retrieved seq.base  (cached)
-> retrieved yojson.2.2.1  (cached)
-> removed   opam-depext.1.2.1-1
-> removed   ocaml.4.14.2
-> removed   ocaml-config.2
-> removed   ocaml-base-compiler.4.14.2
-> installed ocaml-base-compiler.4.14.2
-> installed ocaml-config.2
-> installed ocaml.4.14.2
-> installed seq.base
-> installed opam-depext.1.2.1-1
-> installed dune.3.15.3
-> installed yojson.2.2.1
Done.

<><> opam-depext.1.2.1-1 installed successfully <><><><><><><><><><><><><><><><>
=> opam-depext is unnecessary when used with opam >= 2.1. Please use opam install directly instead
# Run eval $(opam env) to update the current shell environment
[01;2m[01;35m2024-06-05 02:26.07 ---> using "11bccd5565689ddf5d67905d71ae65133f88548110d678e42cdca642981a0634" from cache[0m

[01;34m/home/opam: (run (cache (opam-archives (target /home/opam/.opam/download-cache)))
                 (network host)
                 (shell  "opam reinstall current_ocluster.0.2;\
                        \n        res=$?;\
                        \n        test \"$res\" != 31 && exit \"$res\";\
                        \n        export OPAMCLI=2.0;\
                        \n        build_dir=$(opam var prefix)/.opam-switch/build;\
                        \n        failed=$(ls \"$build_dir\");\
                        \n        partial_fails=\"\";\
                        \n        for pkg in $failed; do\
                        \n          if opam show -f x-ci-accept-failures: \"$pkg\" | grep -qF \"\\\"debian-12\\\"\"; then\
                        \n            echo \"A package failed and has been disabled for CI using the 'x-ci-accept-failures' field.\";\
                        \n          fi;\
                        \n          test \"$pkg\" != 'current_ocluster.0.2' && partial_fails=\"$partial_fails $pkg\";\
                        \n        done;\
                        \n        test \"${partial_fails}\" != \"\" && echo \"opam-repo-ci detected dependencies failing: ${partial_fails}\";\
                        \n        exit 1"))[0m
current_ocluster.0.2 is not installed. Install it? [y/n] y
The following actions will be performed:
=== install 95 packages
  - install angstrom              0.16.0  [required by uri]
  - install asetmap               0.8.1   [required by capnp-rpc-net]
  - install asn1-combinators      0.2.6   [required by capnp-rpc-net]
  - install astring               0.8.5   [required by current, capnp-rpc-unix, current_git]
  - install base                  v0.16.3 [required by capnp]
  - install base-bytes            base    [required by extunix]
  - install base64                3.5.1   [required by capnp-rpc-unix]
  - install bigarray-compat       1.1.0   [required by ctypes]
  - install bigstringaf           0.9.1   [required by angstrom]
  - install bos                   0.2.1   [required by current, current_git]
  - install capnp                 3.6.0   [required by capnp-rpc-net]
  - install capnp-rpc             1.2.3   [required by capnp-rpc-net]
  - install capnp-rpc-lwt         1.2.3   [required by ocluster-api]
  - install capnp-rpc-net         1.2.3   [required by capnp-rpc-unix]
  - install capnp-rpc-unix        1.2.3   [required by current_ocluster]
  - install cf                    0.5.0   [required by cf-lwt]
  - install cf-lwt                0.5.0   [required by irmin-watcher]
  - install cmdliner              1.3.0   [required by capnp-rpc-unix, current]
  - install conf-bash             1       [required by base]
  - install conf-capnproto        2       [required by capnp-rpc-net]
  - install conf-git              1.1     [required by current_git]
  - install conf-gmp              4       [required by zarith]
  - install conf-gmp-powm-sec     3       [required by mirage-crypto-pk]
  - install conf-libev            4-12    [required by current]
  - install conf-libffi           2.0.0   [required by ctypes-foreign]
  - install conf-pkg-config       3       [required by conf-sqlite3]
  - install conf-sqlite3          1       [required by sqlite3]
  - install cppo                  1.6.9   [required by ppx_deriving]
  - install csexp                 1.5.2   [required by dune-configurator]
  - install cstruct               6.2.0   [required by current_git]
  - install cstruct-lwt           6.2.0   [required by capnp-rpc-unix]
  - install ctypes                0.22.0  [required by cf, fsevents]
  - install ctypes-foreign        0.22.0  [required by cf]
  - install current               0.6.6   [required by current_ocluster]
  - install current_git           0.6.6   [required by current_ocluster]
  - install current_incr          0.6.1   [required by current]
  - install current_ocluster      0.2
  - install domain-name           0.4.0   [required by tls]
  - install dune-configurator     3.15.3  [required by extunix, sqlite3]
  - install duration              0.2.1   [required by current_ocluster]
  - install eqaf                  0.9     [required by mirage-crypto]
  - install extunix               0.4.1   [required by capnp-rpc-unix]
  - install fmt                   0.9.0   [required by current_ocluster]
  - install fpath                 0.7.3   [required by current, current_git]
  - install fsevents              0.3.0   [required by fsevents-lwt]
  - install fsevents-lwt          0.3.0   [required by irmin-watcher]
  - install gmap                  0.3.0   [required by x509]
  - install hkdf                  1.0.4   [required by tls]
  - install inotify               2.5     [required by irmin-watcher]
  - install integers              0.7.0   [required by ctypes]
  - install ipaddr                5.6.0   [required by tls]
  - install irmin-watcher         0.5.0   [required by current_git]
  - install logs                  0.7.0   [required by current_ocluster]
  - install lwt                   5.7.0   [required by current_ocluster]
  - install lwt-dllist            1.0.1   [required by current]
  - install macaddr               5.6.0   [required by ipaddr]
  - install mirage-clock          4.2.0   [required by tls-mirage]
  - install mirage-crypto         0.11.3  [required by current_git]
  - install mirage-crypto-ec      0.11.3  [required by tls]
  - install mirage-crypto-pk      0.11.3  [required by tls, tls-mirage]
  - install mirage-crypto-rng     0.11.3  [required by capnp-rpc-net, mirage-crypto-rng-lwt]
  - install mirage-crypto-rng-lwt 0.11.3  [required by capnp-rpc-unix]
  - install mirage-flow           3.0.0   [required by capnp-rpc-unix]
  - install mirage-kv             6.1.1   [required by tls-mirage]
  - install mtime                 2.0.0   [required by mirage-crypto-rng-lwt]
  - install ocaml-compiler-libs   v0.12.4 [required by ppxlib]
  - install ocaml-syntax-shims    1.0.0   [required by angstrom]
  - install ocamlbuild            0.14.3  [required by astring, bos]
  - install ocamlfind             1.9.6   [required by bos, astring, ppx_deriving]
  - install ocluster-api          0.2     [required by current_ocluster]
  - install ocplib-endian         1.2     [required by capnp]
  - install optint                0.3.0   [required by mirage-kv]
  - install pbkdf                 1.2.0   [required by x509]
  - install ppx_derivers          1.2.1   [required by ppx_deriving]
  - install ppx_deriving          6.0.2   [required by current_ocluster]
  - install ppx_deriving_yojson   3.8.0   [required by current_ocluster]
  - install ppxlib                0.32.1  [required by ppx_deriving, extunix, ppx_deriving_yojson]
  - install prometheus            1.2     [required by current_ocluster]
  - install ptime                 1.1.0   [required by capnp-rpc-net]
  - install re                    1.11.0  [required by current]
  - install res                   5.0.1   [required by capnp]
  - install result                1.5     [required by current, current_git]
  - install rresult               0.7.0   [required by bos]
  - install sexplib0              v0.16.0 [required by ppxlib]
  - install sqlite3               5.1.0   [required by current]
  - install stdint                0.7.2   [required by capnp-rpc, capnp, capnp-rpc-lwt]
  - install stdio                 v0.16.0 [required by capnp]
  - install stdlib-shims          0.3.0   [required by ppxlib]
  - install stringext             1.6.0   [required by uri]
  - install tls                   0.17.3  [required by capnp-rpc-net]
  - install tls-mirage            0.17.3  [required by capnp-rpc-net]
  - install topkg                 1.0.7   [required by astring, bos]
  - install uri                   4.4.0   [required by capnp-rpc-net]
  - install x509                  0.16.5  [required by capnp-rpc-net]
  - install zarith                1.13    [required by asn1-combinators]

The following system packages will first need to be installed:
    capnproto libcapnp-dev libev-dev libffi-dev libgmp-dev libsqlite3-dev pkg-config

<><> Handling external dependencies <><><><><><><><><><><><><><><><><><><><><><>

opam believes some required external dependencies are missing. opam can:
> 1. Run apt-get to install them (may need root/sudo access)
  2. Display the recommended apt-get command and wait while you run it manually (e.g. in another terminal)
  3. Continue anyway, and, upon success, permanently register that this external dependency is present, but not detectable
  4. Abort the installation

[1/2/3/4] 1

+ /usr/bin/sudo "apt-get" "install" "-qq" "-yy" "capnproto" "libcapnp-dev" "libev-dev" "libffi-dev" "libgmp-dev" "libsqlite3-dev" "pkg-config"
- debconf: delaying package configuration, since apt-utils is not installed
- Selecting previously unselected package libcapnp-0.9.2:amd64.
- (Reading database ... (Reading database ... 5%(Reading database ... 10%(Reading database ... 15%(Reading database ... 20%(Reading database ... 25%(Reading database ... 30%(Reading database ... 35%(Reading database ... 40%(Reading database ... 45%(Reading database ... 50%(Reading database ... 55%(Reading database ... 60%(Reading database ... 65%(Reading database ... 70%(Reading database ... 75%(Reading database ... 80%(Reading database ... 85%(Reading database ... 90%(Reading database ... 95%(Reading database ... 100%(Reading database ... 18735 files and directories currently installed.)
- Preparing to unpack .../00-libcapnp-0.9.2_0.9.2-2_amd64.deb ...
- Unpacking libcapnp-0.9.2:amd64 (0.9.2-2) ...
- Selecting previously unselected package capnproto.
- Preparing to unpack .../01-capnproto_0.9.2-2_amd64.deb ...
- Unpacking capnproto (0.9.2-2) ...
- Selecting previously unselected package libssl-dev:amd64.
- Preparing to unpack .../02-libssl-dev_3.0.11-1~deb12u2_amd64.deb ...
- Unpacking libssl-dev:amd64 (3.0.11-1~deb12u2) ...
- Selecting previously unselected package libcapnp-dev:amd64.
- Preparing to unpack .../03-libcapnp-dev_0.9.2-2_amd64.deb ...
- Unpacking libcapnp-dev:amd64 (0.9.2-2) ...
- Selecting previously unselected package libev4:amd64.
- Preparing to unpack .../04-libev4_1%3a4.33-1_amd64.deb ...
- Unpacking libev4:amd64 (1:4.33-1) ...
- Selecting previously unselected package libev-dev:amd64.
- Preparing to unpack .../05-libev-dev_1%3a4.33-1_amd64.deb ...
- Unpacking libev-dev:amd64 (1:4.33-1) ...
- Selecting previously unselected package libffi-dev:amd64.
- Preparing to unpack .../06-libffi-dev_3.4.4-1_amd64.deb ...
- Unpacking libffi-dev:amd64 (3.4.4-1) ...
- Selecting previously unselected package libgmpxx4ldbl:amd64.
- Preparing to unpack .../07-libgmpxx4ldbl_2%3a6.2.1+dfsg1-1.1_amd64.deb ...
- Unpacking libgmpxx4ldbl:amd64 (2:6.2.1+dfsg1-1.1) ...
- Selecting previously unselected package libgmp-dev:amd64.
- Preparing to unpack .../08-libgmp-dev_2%3a6.2.1+dfsg1-1.1_amd64.deb ...
- Unpacking libgmp-dev:amd64 (2:6.2.1+dfsg1-1.1) ...
- Selecting previously unselected package libpkgconf3:amd64.
- Preparing to unpack .../09-libpkgconf3_1.8.1-1_amd64.deb ...
- Unpacking libpkgconf3:amd64 (1.8.1-1) ...
- Selecting previously unselected package libsqlite3-dev:amd64.
- Preparing to unpack .../10-libsqlite3-dev_3.40.1-2_amd64.deb ...
- Unpacking libsqlite3-dev:amd64 (3.40.1-2) ...
- Selecting previously unselected package pkgconf-bin.
- Preparing to unpack .../11-pkgconf-bin_1.8.1-1_amd64.deb ...
- Unpacking pkgconf-bin (1.8.1-1) ...
- Selecting previously unselected package pkgconf:amd64.
- Preparing to unpack .../12-pkgconf_1.8.1-1_amd64.deb ...
- Unpacking pkgconf:amd64 (1.8.1-1) ...
- Selecting previously unselected package pkg-config:amd64.
- Preparing to unpack .../13-pkg-config_1.8.1-1_amd64.deb ...
- Unpacking pkg-config:amd64 (1.8.1-1) ...
- Setting up libev4:amd64 (1:4.33-1) ...
- Setting up libffi-dev:amd64 (3.4.4-1) ...
- Setting up libpkgconf3:amd64 (1.8.1-1) ...
- Setting up libgmpxx4ldbl:amd64 (2:6.2.1+dfsg1-1.1) ...
- Setting up libsqlite3-dev:amd64 (3.40.1-2) ...
- Setting up libssl-dev:amd64 (3.0.11-1~deb12u2) ...
- Setting up pkgconf-bin (1.8.1-1) ...
- Setting up libcapnp-0.9.2:amd64 (0.9.2-2) ...
- Setting up libev-dev:amd64 (1:4.33-1) ...
- Setting up libcapnp-dev:amd64 (0.9.2-2) ...
- Setting up libgmp-dev:amd64 (2:6.2.1+dfsg1-1.1) ...
- Setting up pkgconf:amd64 (1.8.1-1) ...
- Setting up capnproto (0.9.2-2) ...
- Setting up pkg-config:amd64 (1.8.1-1) ...
- Processing triggers for libc-bin (2.36-9+deb12u7) ...

<><> Processing actions <><><><><><><><><><><><><><><><><><><><><><><><><><><><>
-> retrieved angstrom.0.16.0  (cached)
-> retrieved asetmap.0.8.1  (cached)
-> retrieved asn1-combinators.0.2.6  (cached)
-> retrieved astring.0.8.5  (cached)
-> retrieved base.v0.16.3  (cached)
-> retrieved base64.3.5.1  (cached)
-> retrieved bigarray-compat.1.1.0  (cached)
-> retrieved bigstringaf.0.9.1  (cached)
-> retrieved bos.0.2.1  (cached)
-> retrieved capnp.3.6.0  (cached)
-> retrieved capnp-rpc.1.2.3, capnp-rpc-lwt.1.2.3, capnp-rpc-net.1.2.3, capnp-rpc-unix.1.2.3  (cached)
-> retrieved cf.0.5.0, cf-lwt.0.5.0  (cached)
-> installed bigarray-compat.1.1.0
-> retrieved cmdliner.1.3.0  (cached)
-> retrieved conf-gmp.4  (cached)
-> retrieved conf-gmp-powm-sec.3  (cached)
-> retrieved conf-libev.4-12  (cached)
-> retrieved cppo.1.6.9  (cached)
-> retrieved csexp.1.5.2  (cached)
-> installed base64.3.5.1
-> installed conf-bash.1
-> installed conf-capnproto.2
-> installed conf-git.1.1
-> installed conf-gmp.4
-> installed conf-pkg-config.3
-> retrieved cstruct.6.2.0, cstruct-lwt.6.2.0  (cached)
-> installed conf-gmp-powm-sec.3
-> installed conf-libffi.2.0.0
-> installed conf-sqlite3.1
-> retrieved ctypes.0.22.0, ctypes-foreign.0.22.0  (cached)
-> installed conf-libev.4-12
-> installed csexp.1.5.2
-> retrieved current.0.6.6, current_git.0.6.6  (cached)
-> retrieved current_incr.0.6.1  (cached)
-> retrieved current_ocluster.0.2, ocluster-api.0.2  (cached)
-> retrieved domain-name.0.4.0  (cached)
-> installed current_incr.0.6.1
-> installed domain-name.0.4.0
-> installed cppo.1.6.9
-> retrieved dune-configurator.3.15.3  (cached)
-> retrieved duration.0.2.1  (cached)
-> retrieved eqaf.0.9  (cached)
-> retrieved extunix.0.4.1  (cached)
-> retrieved fmt.0.9.0  (cached)
-> installed cmdliner.1.3.0
-> retrieved fpath.0.7.3  (cached)
-> retrieved fsevents.0.3.0, fsevents-lwt.0.3.0  (cached)
-> retrieved gmap.0.3.0  (cached)
-> retrieved hkdf.1.0.4  (cached)
-> retrieved inotify.2.5  (cached)
-> installed duration.0.2.1
-> retrieved integers.0.7.0  (cached)
-> retrieved ipaddr.5.6.0, macaddr.5.6.0  (cached)
-> retrieved irmin-watcher.0.5.0  (cached)
-> retrieved logs.0.7.0  (cached)
-> retrieved lwt.5.7.0  (cached)
-> retrieved lwt-dllist.1.0.1  (cached)
-> retrieved mirage-clock.4.2.0  (cached)
-> installed gmap.0.3.0
-> installed lwt-dllist.1.0.1
-> installed macaddr.5.6.0
-> installed mirage-clock.4.2.0
-> installed ipaddr.5.6.0
-> retrieved mirage-crypto.0.11.3, mirage-crypto-ec.0.11.3, mirage-crypto-pk.0.11.3, mirage-crypto-rng.0.11.3, mirage-crypto-rng-lwt.0.11.3  (cached)
-> retrieved mirage-flow.3.0.0  (cached)
-> retrieved mirage-kv.6.1.1  (cached)
-> retrieved mtime.2.0.0  (cached)
-> retrieved ocaml-compiler-libs.v0.12.4  (cached)
-> retrieved ocaml-syntax-shims.1.0.0  (cached)
-> retrieved ocamlbuild.0.14.3  (cached)
-> retrieved ocamlfind.1.9.6  (cached)
-> installed dune-configurator.3.15.3
-> retrieved ocplib-endian.1.2  (cached)
-> retrieved optint.0.3.0  (cached)
-> retrieved pbkdf.1.2.0  (cached)
-> retrieved ppx_derivers.1.2.1  (cached)
-> retrieved ppx_deriving.6.0.2  (cached)
-> retrieved ppx_deriving_yojson.3.8.0  (cached)
-> retrieved ppxlib.0.32.1  (cached)
-> installed ppx_derivers.1.2.1
-> retrieved prometheus.1.2  (cached)
-> retrieved ptime.1.1.0  (cached)
-> retrieved re.1.11.0  (cached)
-> retrieved res.5.0.1  (cached)
-> installed optint.0.3.0
-> retrieved result.1.5  (cached)
-> retrieved rresult.0.7.0  (cached)
-> retrieved sexplib0.v0.16.0  (cached)
-> retrieved sqlite3.5.1.0  (cached)
-> retrieved stdint.0.7.2  (cached)
-> retrieved stdio.v0.16.0  (cached)
-> retrieved stdlib-shims.0.3.0  (cached)
-> retrieved stringext.1.6.0  (cached)
-> installed bigstringaf.0.9.1
-> retrieved tls.0.17.3, tls-mirage.0.17.3  (cached)
-> retrieved topkg.1.0.7  (cached)
-> installed result.1.5
-> retrieved uri.4.4.0  (cached)
-> retrieved x509.0.16.5  (cached)
-> retrieved zarith.1.13  (cached)
-> installed stdlib-shims.0.3.0
-> installed ocaml-syntax-shims.1.0.0
-> installed stringext.1.6.0
-> installed ocaml-compiler-libs.v0.12.4
-> installed res.5.0.1
-> installed sexplib0.v0.16.0
-> installed re.1.11.0
-> installed integers.0.7.0
-> installed angstrom.0.16.0
-> installed stdint.0.7.2
-> installed sqlite3.5.1.0
-> installed ocamlfind.1.9.6
-> installed base-bytes.base
-> installed uri.4.4.0
-> installed ocplib-endian.1.2
-> installed ocamlbuild.0.14.3
-> installed zarith.1.13
-> installed ctypes.0.22.0
-> installed base.v0.16.3
-> installed lwt.5.7.0
-> installed stdio.v0.16.0
-> installed inotify.2.5
-> installed ctypes-foreign.0.22.0
-> installed cf.0.5.0
-> installed fsevents.0.3.0
-> installed cf-lwt.0.5.0
-> installed fsevents-lwt.0.3.0
-> installed topkg.1.0.7
-> installed asetmap.0.8.1
-> installed rresult.0.7.0
-> installed fmt.0.9.0
-> installed mtime.2.0.0
-> installed ptime.1.1.0
-> installed astring.0.8.5
-> installed mirage-kv.6.1.1
-> installed cstruct.6.2.0
-> installed prometheus.1.2
-> installed cstruct-lwt.6.2.0
-> installed mirage-flow.3.0.0
-> installed capnp.3.6.0
-> installed eqaf.0.9
-> installed fpath.0.7.3
-> installed asn1-combinators.0.2.6
-> installed logs.0.7.0
-> installed irmin-watcher.0.5.0
-> installed capnp-rpc.1.2.3
-> installed mirage-crypto.0.11.3
-> installed pbkdf.1.2.0
-> installed hkdf.1.0.4
-> installed mirage-crypto-rng.0.11.3
-> installed ppxlib.0.32.1
-> installed bos.0.2.1
-> installed mirage-crypto-rng-lwt.0.11.3
-> installed mirage-crypto-pk.0.11.3
-> installed capnp-rpc-lwt.1.2.3
-> installed ppx_deriving.6.0.2
-> installed ppx_deriving_yojson.3.8.0
-> installed mirage-crypto-ec.0.11.3
-> installed current.0.6.6
-> installed x509.0.16.5
-> installed current_git.0.6.6
-> installed extunix.0.4.1
-> installed tls.0.17.3
-> installed ocluster-api.0.2
-> installed tls-mirage.0.17.3
-> installed capnp-rpc-net.1.2.3
-> installed capnp-rpc-unix.1.2.3
-> installed current_ocluster.0.2
Done.
# Run eval $(opam env) to update the current shell environment
[01;2m[01;35m2024-06-05 02:27.48 ---> saved as "b5ece141911debb7909e22b44ee50ab27ff4dc6be0a442b283842ac6fcbb8791"[0m

[01;34m/home/opam: (run (network host)
                 (shell "(opam reinstall --with-test current_ocluster.0.2) || true"))[0m
[ERROR] Sorry, resolution of the request timed out.
        Try to specify a more precise request, use a different solver, or increase the allowed time by setting OPAMSOLVERTIMEOUT to a bigger value (currently, it is set to 500.0 seconds).
[01;2m[01;35m2024-06-05 02:36.27 ---> saved as "20a271bd093d53aa083975d3a0a016be2b2d86b92bdf01682c4533ffc7ec1686"[0m

[01;34m/home/opam: (run (shell  "opam reinstall --with-test --verbose current_ocluster.0.2;\
                        \n        res=$?;\
                        \n        test \"$res\" != 31 && exit \"$res\";\
                        \n        export OPAMCLI=2.0;\
                        \n        build_dir=$(opam var prefix)/.opam-switch/build;\
                        \n        failed=$(ls \"$build_dir\");\
                        \n        partial_fails=\"\";\
                        \n        for pkg in $failed; do\
                        \n          if opam show -f x-ci-accept-failures: \"$pkg\" | grep -qF \"\\\"debian-12\\\"\"; then\
                        \n            echo \"A package failed and has been disabled for CI using the 'x-ci-accept-failures' field.\";\
                        \n          fi;\
                        \n          test \"$pkg\" != 'current_ocluster.0.2' && partial_fails=\"$partial_fails $pkg\";\
                        \n        done;\
                        \n        test \"${partial_fails}\" != \"\" && echo \"opam-repo-ci detected dependencies failing: ${partial_fails}\";\
                        \n        exit 1"))[0m
[ERROR] Sorry, resolution of the request timed out.
        Try to specify a more precise request, use a different solver, or increase the allowed time by setting OPAMSOLVERTIMEOUT to a bigger value (currently, it is set to 500.0 seconds).
'opam reinstall --with-test --verbose current_ocluster.0.2' failed.
"/usr/bin/env" "bash" "-c" "opam reinstall --with-test --verbose current_ocluster.0.2;
        res=$?;
        test "$res" != 31 && exit "$res";
        export OPAMCLI=2.0;
        build_dir=$(opam var prefix)/.opam-switch/build;
        failed=$(ls "$build_dir");
        partial_fails="";
        for pkg in $failed; do
          if opam show -f x-ci-accept-failures: "$pkg" | grep -qF "\"debian-12\""; then
            echo "A package failed and has been disabled for CI using the 'x-ci-accept-failures' field.";
          fi;
          test "$pkg" != 'current_ocluster.0.2' && partial_fails="$partial_fails $pkg";
        done;
        test "${partial_fails}" != "" && echo "opam-repo-ci detected dependencies failing: ${partial_fails}";
        exit 1" failed with exit status 60
2024-06-05 02:45.21: Job failed: Failed: Build failed
2024-06-05 02:45.21: Log analysis:
2024-06-05 02:45.21: >>> 
[ERROR] Sorry, resolution of the request timed out.
 (score = 20)
2024-06-05 02:45.21: >>> 
[ERROR] Sorry, resolution of the request timed out.
 (score = 20)
2024-06-05 02:45.21: Sorry, resolution of the request timed out.
