2024-06-05 15:11.00: New job: test ocp-search.0.2.2 with dune.3.16.0~alpha1, using opam dev
                              from https://github.com/ocaml/opam-repository.git#refs/pull/26022/head (0858f4711d4239a60f03cf11ed36bf7bf9c496b9)
                              on debian-12-ocaml-4.14/amd64

To reproduce locally:

cd $(mktemp -d)
git clone --recursive "https://github.com/ocaml/opam-repository.git" && cd "opam-repository" && git fetch origin "refs/pull/26022/head" && git reset --hard 0858f471
git fetch origin master
git merge --no-edit 22cb14682f92387672bc27bcbf1a95a5aba4434c
cat > ../Dockerfile <<'END-OF-DOCKERFILE'
[34mFROM ocaml/opam:debian-12-ocaml-4.14@sha256:2ba69112cb856b702920b505b82a8fab331d2c9d9406c7f3b9f4adb73637666c
USER 1000:1000
WORKDIR /home/opam
RUN sudo ln -f /usr/bin/opam-dev /usr/bin/opam
RUN opam init --reinit -ni
RUN uname -rs && opam exec -- ocaml -version && opam --version
ENV OPAMDOWNLOADJOBS="1"
ENV OPAMERRLOGLEN="0"
ENV OPAMSOLVERTIMEOUT="500"
ENV OPAMPRECISETRACKING="1"
ENV CI="true"
ENV OPAM_REPO_CI="true"
RUN rm -rf opam-repository/
COPY --chown=1000:1000 . opam-repository/
RUN opam repository set-url --strict default opam-repository/
RUN opam update --depexts || true
RUN opam pin add -k version -yn dune.3.16.0~alpha1 3.16.0~alpha1
RUN opam reinstall dune.3.16.0~alpha1; \
    res=$?; \
    test "$res" != 31 && exit "$res"; \
    export OPAMCLI=2.0; \
    build_dir=$(opam var prefix)/.opam-switch/build; \
    failed=$(ls "$build_dir"); \
    partial_fails=""; \
    for pkg in $failed; do \
    if opam show -f x-ci-accept-failures: "$pkg" | grep -qF "\"debian-12\""; then \
    echo "A package failed and has been disabled for CI using the 'x-ci-accept-failures' field."; \
    fi; \
    test "$pkg" != 'dune.3.16.0~alpha1' && partial_fails="$partial_fails $pkg"; \
    done; \
    test "${partial_fails}" != "" && echo "opam-repo-ci detected dependencies failing: ${partial_fails}"; \
    exit 1
RUN opam reinstall ocp-search.0.2.2; \
    res=$?; \
    test "$res" != 31 && exit "$res"; \
    export OPAMCLI=2.0; \
    build_dir=$(opam var prefix)/.opam-switch/build; \
    failed=$(ls "$build_dir"); \
    partial_fails=""; \
    for pkg in $failed; do \
    if opam show -f x-ci-accept-failures: "$pkg" | grep -qF "\"debian-12\""; then \
    echo "A package failed and has been disabled for CI using the 'x-ci-accept-failures' field."; \
    fi; \
    test "$pkg" != 'ocp-search.0.2.2' && partial_fails="$partial_fails $pkg"; \
    done; \
    test "${partial_fails}" != "" && echo "opam-repo-ci detected dependencies failing: ${partial_fails}"; \
    exit 1
RUN (opam reinstall --with-test ocp-search.0.2.2) || true
RUN opam reinstall --with-test --verbose ocp-search.0.2.2; \
    res=$?; \
    test "$res" != 31 && exit "$res"; \
    export OPAMCLI=2.0; \
    build_dir=$(opam var prefix)/.opam-switch/build; \
    failed=$(ls "$build_dir"); \
    partial_fails=""; \
    for pkg in $failed; do \
    if opam show -f x-ci-accept-failures: "$pkg" | grep -qF "\"debian-12\""; then \
    echo "A package failed and has been disabled for CI using the 'x-ci-accept-failures' field."; \
    fi; \
    test "$pkg" != 'ocp-search.0.2.2' && partial_fails="$partial_fails $pkg"; \
    done; \
    test "${partial_fails}" != "" && echo "opam-repo-ci detected dependencies failing: ${partial_fails}"; \
    exit 1
[0m
END-OF-DOCKERFILE
docker build -f ../Dockerfile .

2024-06-05 15:11.00: Using cache hint "ocaml/opam:debian-12-ocaml-4.14@sha256:2ba69112cb856b702920b505b82a8fab331d2c9d9406c7f3b9f4adb73637666c-dune.3.16.0~alpha1-ocp-search.0.2.2-0858f4711d4239a60f03cf11ed36bf7bf9c496b9"
2024-06-05 15:11.00: Using OBuilder spec:
((from ocaml/opam:debian-12-ocaml-4.14@sha256:2ba69112cb856b702920b505b82a8fab331d2c9d9406c7f3b9f4adb73637666c)
 (user (uid 1000) (gid 1000))
 (workdir /home/opam)
 (run (shell "sudo ln -f /usr/bin/opam-dev /usr/bin/opam"))
 (run (network host)
      (shell "opam init --reinit --config .opamrc-sandbox -ni"))
 (run (shell "uname -rs && opam exec -- ocaml -version && opam --version"))
 (env OPAMDOWNLOADJOBS 1)
 (env OPAMERRLOGLEN 0)
 (env OPAMSOLVERTIMEOUT 500)
 (env OPAMPRECISETRACKING 1)
 (env CI true)
 (env OPAM_REPO_CI true)
 (run (shell "rm -rf opam-repository/"))
 (copy (src .) (dst opam-repository/))
 (run (shell "opam repository set-url --strict default opam-repository/"))
 (run (network host)
      (shell "opam update --depexts || true"))
 (run (shell "opam pin add -k version -yn dune.3.16.0~alpha1 3.16.0~alpha1"))
 (run (cache (opam-archives (target /home/opam/.opam/download-cache)))
      (network host)
      (shell  "opam reinstall dune.3.16.0~alpha1;\
             \n        res=$?;\
             \n        test \"$res\" != 31 && exit \"$res\";\
             \n        export OPAMCLI=2.0;\
             \n        build_dir=$(opam var prefix)/.opam-switch/build;\
             \n        failed=$(ls \"$build_dir\");\
             \n        partial_fails=\"\";\
             \n        for pkg in $failed; do\
             \n          if opam show -f x-ci-accept-failures: \"$pkg\" | grep -qF \"\\\"debian-12\\\"\"; then\
             \n            echo \"A package failed and has been disabled for CI using the 'x-ci-accept-failures' field.\";\
             \n          fi;\
             \n          test \"$pkg\" != 'dune.3.16.0~alpha1' && partial_fails=\"$partial_fails $pkg\";\
             \n        done;\
             \n        test \"${partial_fails}\" != \"\" && echo \"opam-repo-ci detected dependencies failing: ${partial_fails}\";\
             \n        exit 1"))
 (run (cache (opam-archives (target /home/opam/.opam/download-cache)))
      (network host)
      (shell  "opam reinstall ocp-search.0.2.2;\
             \n        res=$?;\
             \n        test \"$res\" != 31 && exit \"$res\";\
             \n        export OPAMCLI=2.0;\
             \n        build_dir=$(opam var prefix)/.opam-switch/build;\
             \n        failed=$(ls \"$build_dir\");\
             \n        partial_fails=\"\";\
             \n        for pkg in $failed; do\
             \n          if opam show -f x-ci-accept-failures: \"$pkg\" | grep -qF \"\\\"debian-12\\\"\"; then\
             \n            echo \"A package failed and has been disabled for CI using the 'x-ci-accept-failures' field.\";\
             \n          fi;\
             \n          test \"$pkg\" != 'ocp-search.0.2.2' && partial_fails=\"$partial_fails $pkg\";\
             \n        done;\
             \n        test \"${partial_fails}\" != \"\" && echo \"opam-repo-ci detected dependencies failing: ${partial_fails}\";\
             \n        exit 1"))
 (run (network host)
      (shell "(opam reinstall --with-test ocp-search.0.2.2) || true"))
 (run (shell  "opam reinstall --with-test --verbose ocp-search.0.2.2;\
             \n        res=$?;\
             \n        test \"$res\" != 31 && exit \"$res\";\
             \n        export OPAMCLI=2.0;\
             \n        build_dir=$(opam var prefix)/.opam-switch/build;\
             \n        failed=$(ls \"$build_dir\");\
             \n        partial_fails=\"\";\
             \n        for pkg in $failed; do\
             \n          if opam show -f x-ci-accept-failures: \"$pkg\" | grep -qF \"\\\"debian-12\\\"\"; then\
             \n            echo \"A package failed and has been disabled for CI using the 'x-ci-accept-failures' field.\";\
             \n          fi;\
             \n          test \"$pkg\" != 'ocp-search.0.2.2' && partial_fails=\"$partial_fails $pkg\";\
             \n        done;\
             \n        test \"${partial_fails}\" != \"\" && echo \"opam-repo-ci detected dependencies failing: ${partial_fails}\";\
             \n        exit 1"))
)

2024-06-05 15:11.00: Waiting for resource in pool OCluster
2024-06-06 00:23.20: Waiting for workerâ€¦
2024-06-06 00:36.26: Got resource from pool OCluster
Building on doris.caelum.ci.dev
All commits already cached
HEAD is now at 22cb14682f Merge pull request #26013 from Leonidas-from-XIV/core-unix-bsd
Merge made by the 'ort' strategy.
 .../chrome-trace/chrome-trace.3.16.0~alpha1/opam   | 40 +++++++++++++++
 .../dune-action-plugin.3.16.0~alpha1/opam          | 53 ++++++++++++++++++++
 .../dune-build-info.3.16.0~alpha1/opam             | 46 +++++++++++++++++
 .../dune-configurator.3.16.0~alpha1/opam           | 50 +++++++++++++++++++
 packages/dune-glob/dune-glob.3.16.0~alpha1/opam    | 43 ++++++++++++++++
 .../dune-private-libs.3.16.0~alpha1/opam           | 51 +++++++++++++++++++
 .../dune-rpc-lwt/dune-rpc-lwt.3.16.0~alpha1/opam   | 42 ++++++++++++++++
 packages/dune-rpc/dune-rpc.3.16.0~alpha1/opam      | 44 +++++++++++++++++
 packages/dune-site/dune-site.3.16.0~alpha1/opam    | 38 +++++++++++++++
 packages/dune/dune.3.16.0~alpha1/opam              | 57 ++++++++++++++++++++++
 packages/dyn/dyn.3.16.0~alpha1/opam                | 41 ++++++++++++++++
 packages/ocamlc-loc/ocamlc-loc.3.16.0~alpha1/opam  | 44 +++++++++++++++++
 packages/ordering/ordering.3.16.0~alpha1/opam      | 39 +++++++++++++++
 packages/stdune/stdune.3.16.0~alpha1/opam          | 45 +++++++++++++++++
 packages/xdg/xdg.3.16.0~alpha1/opam                | 40 +++++++++++++++
 15 files changed, 673 insertions(+)
 create mode 100644 packages/chrome-trace/chrome-trace.3.16.0~alpha1/opam
 create mode 100644 packages/dune-action-plugin/dune-action-plugin.3.16.0~alpha1/opam
 create mode 100644 packages/dune-build-info/dune-build-info.3.16.0~alpha1/opam
 create mode 100644 packages/dune-configurator/dune-configurator.3.16.0~alpha1/opam
 create mode 100644 packages/dune-glob/dune-glob.3.16.0~alpha1/opam
 create mode 100644 packages/dune-private-libs/dune-private-libs.3.16.0~alpha1/opam
 create mode 100644 packages/dune-rpc-lwt/dune-rpc-lwt.3.16.0~alpha1/opam
 create mode 100644 packages/dune-rpc/dune-rpc.3.16.0~alpha1/opam
 create mode 100644 packages/dune-site/dune-site.3.16.0~alpha1/opam
 create mode 100644 packages/dune/dune.3.16.0~alpha1/opam
 create mode 100644 packages/dyn/dyn.3.16.0~alpha1/opam
 create mode 100644 packages/ocamlc-loc/ocamlc-loc.3.16.0~alpha1/opam
 create mode 100644 packages/ordering/ordering.3.16.0~alpha1/opam
 create mode 100644 packages/stdune/stdune.3.16.0~alpha1/opam
 create mode 100644 packages/xdg/xdg.3.16.0~alpha1/opam

[01;34m(from ocaml/opam:debian-12-ocaml-4.14@sha256:2ba69112cb856b702920b505b82a8fab331d2c9d9406c7f3b9f4adb73637666c)[0m
[01;2m[01;35m2024-06-06 00:36.52 ---> using "48fcd9b686ae3e44ef60a164ef8db6e11e86f168703f26fb1315f899c9c53662" from cache[0m

[01;34m/: (user (uid 1000) (gid 1000))[0m

[01;34m/: (workdir /home/opam)[0m

[01;34m/home/opam: (run (shell "sudo ln -f /usr/bin/opam-dev /usr/bin/opam"))[0m
[01;2m[01;35m2024-06-06 00:36.52 ---> using "182db0db166b9dc97fd6bddbdaada0d920c1a351accedca1486cd948e46ba36e" from cache[0m

[01;34m/home/opam: (run (network host)
                 (shell "opam init --reinit --config .opamrc-sandbox -ni"))[0m
Configuring from /home/opam/.opamrc-sandbox, then /home/opam/.opamrc, and finally from built-in defaults.
Checking for available remotes: rsync and local, git.
  - you won't be able to use mercurial repositories unless you install the hg command on your system.
  - you won't be able to use darcs repositories unless you install the darcs command on your system.

This development version of opam requires an update to the layout of /home/opam/.opam from version 2.0 to version 2.2~beta, which can't be reverted.
You may want to back it up before going further.

Continue? [y/n] y
[NOTE] The 'jobs' option was reset, its value was 39 and its new value will vary according to the current number of cores on your machine. You can restore the fixed value using:
           opam option jobs=39 --global
Format upgrade done.

<><> Updating repositories ><><><><><><><><><><><><><><><><><><><><><><><><><><>
[default] synchronised from file:///home/opam/opam-repository
[01;2m[01;35m2024-06-06 00:36.52 ---> using "4fbb68d819e513d708f904a56dbcd9eac5442d5d3fd384b169ffc78983ed0e74" from cache[0m

[01;34m/home/opam: (run (shell "uname -rs && opam exec -- ocaml -version && opam --version"))[0m
Linux 5.15.0-107-generic
The OCaml toplevel, version 4.14.2
2.2.0~beta3~dev
[01;2m[01;35m2024-06-06 00:36.52 ---> using "3c4a9f3d7a40a43473780c877ab3475ae6bd03681c2f4881fe30bb5d34e05f9b" from cache[0m

[01;34m/home/opam: (env OPAMDOWNLOADJOBS 1)[0m

[01;34m/home/opam: (env OPAMERRLOGLEN 0)[0m

[01;34m/home/opam: (env OPAMSOLVERTIMEOUT 500)[0m

[01;34m/home/opam: (env OPAMPRECISETRACKING 1)[0m

[01;34m/home/opam: (env CI true)[0m

[01;34m/home/opam: (env OPAM_REPO_CI true)[0m

[01;34m/home/opam: (run (shell "rm -rf opam-repository/"))[0m
[01;2m[01;35m2024-06-06 00:36.52 ---> using "0ad48452d9001012444a91ed62dee40f750c23d668e41d370665cd385b64805a" from cache[0m

[01;34m/home/opam: (copy (src .) (dst opam-repository/))[0m
[01;2m[01;35m2024-06-06 00:36.53 ---> using "c48509a44dfc8db9f4f7e5423f232d2fafe09a12305947a3752e1b379daa6356" from cache[0m

[01;34m/home/opam: (run (shell "opam repository set-url --strict default opam-repository/"))[0m
[default] Initialised
[01;2m[01;35m2024-06-06 00:36.53 ---> using "b07b2e6f1e50b2ebcd18cb939c04e63680408828c597976d741c95db4f2680c3" from cache[0m

[01;34m/home/opam: (run (network host)
                 (shell "opam update --depexts || true"))[0m
+ /usr/bin/sudo "apt-get" "update"
- Hit:1 http://deb.debian.org/debian bookworm InRelease
- Get:2 http://deb.debian.org/debian bookworm-updates InRelease [55.4 kB]
- Get:3 http://deb.debian.org/debian-security bookworm-security InRelease [48.0 kB]
- Get:4 http://deb.debian.org/debian-security bookworm-security/main amd64 Packages [158 kB]
- Fetched 261 kB in 0s (781 kB/s)
- Reading package lists...
[01;2m[01;35m2024-06-06 00:36.53 ---> using "cee70d0147f6ceab8e81aebbeb4c2a731269a0507fd675f5bf616fdfd1a0826b" from cache[0m

[01;34m/home/opam: (run (shell "opam pin add -k version -yn dune.3.16.0~alpha1 3.16.0~alpha1"))[0m
dune is now pinned to version 3.16.0~alpha1
[01;2m[01;35m2024-06-06 00:36.53 ---> using "6058e9e88cee203abdd7a9da0be1e5f49a7a031067103cbb2ea47ecd83af8324" from cache[0m

[01;34m/home/opam: (run (cache (opam-archives (target /home/opam/.opam/download-cache)))
                 (network host)
                 (shell  "opam reinstall dune.3.16.0~alpha1;\
                        \n        res=$?;\
                        \n        test \"$res\" != 31 && exit \"$res\";\
                        \n        export OPAMCLI=2.0;\
                        \n        build_dir=$(opam var prefix)/.opam-switch/build;\
                        \n        failed=$(ls \"$build_dir\");\
                        \n        partial_fails=\"\";\
                        \n        for pkg in $failed; do\
                        \n          if opam show -f x-ci-accept-failures: \"$pkg\" | grep -qF \"\\\"debian-12\\\"\"; then\
                        \n            echo \"A package failed and has been disabled for CI using the 'x-ci-accept-failures' field.\";\
                        \n          fi;\
                        \n          test \"$pkg\" != 'dune.3.16.0~alpha1' && partial_fails=\"$partial_fails $pkg\";\
                        \n        done;\
                        \n        test \"${partial_fails}\" != \"\" && echo \"opam-repo-ci detected dependencies failing: ${partial_fails}\";\
                        \n        exit 1"))[0m
dune.3.16.0~alpha1 is not installed. Install it? [y/n] y
The following actions will be performed:
=== recompile 4 packages
  - recompile ocaml               4.14.2                 [upstream or system changes]
  - recompile ocaml-base-compiler 4.14.2 (pinned)        [upstream or system changes]
  - recompile ocaml-config        2                      [upstream or system changes]
  - recompile opam-depext         1.2.1-1                [uses ocaml]
=== install 3 packages
  - install   dune                3.16.0~alpha1 (pinned)
  - install   host-arch-x86_64    1
  - install   host-system-other   1

<><> Processing actions <><><><><><><><><><><><><><><><><><><><><><><><><><><><>
-> retrieved dune.3.16.0~alpha1  (cached)
-> installed host-arch-x86_64.1
-> installed host-system-other.1
-> retrieved ocaml-base-compiler.4.14.2  (cached)
-> retrieved ocaml-config.2  (cached)
-> retrieved opam-depext.1.2.1-1  (cached)
-> removed   opam-depext.1.2.1-1
-> removed   ocaml.4.14.2
-> removed   ocaml-config.2
-> removed   ocaml-base-compiler.4.14.2
-> installed ocaml-base-compiler.4.14.2
-> installed ocaml-config.2
-> installed ocaml.4.14.2
-> installed opam-depext.1.2.1-1
-> installed dune.3.16.0~alpha1
Done.

<><> opam-depext.1.2.1-1 installed successfully <><><><><><><><><><><><><><><><>
=> opam-depext is unnecessary when used with opam >= 2.1. Please use opam install directly instead
# Run eval $(opam env) to update the current shell environment
[01;2m[01;35m2024-06-06 00:36.53 ---> using "9906506ad86309b79b59491c8fe308e7e7c33824cf48d9bc50a45f8499700291" from cache[0m

[01;34m/home/opam: (run (cache (opam-archives (target /home/opam/.opam/download-cache)))
                 (network host)
                 (shell  "opam reinstall ocp-search.0.2.2;\
                        \n        res=$?;\
                        \n        test \"$res\" != 31 && exit \"$res\";\
                        \n        export OPAMCLI=2.0;\
                        \n        build_dir=$(opam var prefix)/.opam-switch/build;\
                        \n        failed=$(ls \"$build_dir\");\
                        \n        partial_fails=\"\";\
                        \n        for pkg in $failed; do\
                        \n          if opam show -f x-ci-accept-failures: \"$pkg\" | grep -qF \"\\\"debian-12\\\"\"; then\
                        \n            echo \"A package failed and has been disabled for CI using the 'x-ci-accept-failures' field.\";\
                        \n          fi;\
                        \n          test \"$pkg\" != 'ocp-search.0.2.2' && partial_fails=\"$partial_fails $pkg\";\
                        \n        done;\
                        \n        test \"${partial_fails}\" != \"\" && echo \"opam-repo-ci detected dependencies failing: ${partial_fails}\";\
                        \n        exit 1"))[0m
ocp-search.0.2.2 is not installed. Install it? [y/n] y
The following actions will be performed:
=== install 12 packages
  - install cmdliner          1.3.0         [required by ez_cmdliner]
  - install csexp             1.5.2         [required by dune-configurator]
  - install dune-configurator 3.16.0~alpha1 [required by parmap]
  - install ez_cmdliner       0.4.3         [required by ez_search]
  - install ez_file           0.3.0         [required by ez_search]
  - install ez_search         0.2.2         [required by ocp-search]
  - install ez_subst          0.2.1         [required by ez_cmdliner]
  - install ocp-search        0.2.2
  - install ocplib_stuff      0.4.0         [required by ez_cmdliner, ez_file]
  - install parmap            1.2.5         [required by ez_search]
  - install re                1.11.0        [required by ez_search]
  - install seq               base          [required by re]

<><> Processing actions <><><><><><><><><><><><><><><><><><><><><><><><><><><><>
-> retrieved cmdliner.1.3.0  (cached)
-> retrieved csexp.1.5.2  (cached)
-> installed csexp.1.5.2
-> retrieved dune-configurator.3.16.0~alpha1  (cached)
-> retrieved ez_cmdliner.0.4.3  (cached)
-> retrieved ez_file.0.3.0  (cached)
-> retrieved ez_search.0.2.2, ocp-search.0.2.2  (cached)
-> retrieved ez_subst.0.2.1  (cached)
-> retrieved ocplib_stuff.0.4.0  (cached)
-> installed cmdliner.1.3.0
-> retrieved parmap.1.2.5  (cached)
-> retrieved re.1.11.0  (cached)
-> retrieved seq.base  (cached)
-> installed seq.base
-> installed ez_subst.0.2.1
-> installed ocplib_stuff.0.4.0
-> installed re.1.11.0
-> installed dune-configurator.3.16.0~alpha1
-> installed ez_cmdliner.0.4.3
-> installed ez_file.0.3.0
-> installed parmap.1.2.5
-> installed ez_search.0.2.2
-> installed ocp-search.0.2.2
Done.
# Run eval $(opam env) to update the current shell environment
[01;2m[01;35m2024-06-06 00:37.09 ---> saved as "f5c3c63552ba8f2ff68e1906d1b723932405e25a84e413a878c937609d338b97"[0m

[01;34m/home/opam: (run (network host)
                 (shell "(opam reinstall --with-test ocp-search.0.2.2) || true"))[0m
[ERROR] Sorry, resolution of the request timed out.
        Try to specify a more precise request, use a different solver, or increase the allowed time by setting OPAMSOLVERTIMEOUT to a bigger value (currently, it is set to 500.0 seconds).
[01;2m[01;35m2024-06-06 00:45.37 ---> saved as "dfcd4587e0c1897c3ee78bfe89011812f93d044345d182974cc847144f507f56"[0m

[01;34m/home/opam: (run (shell  "opam reinstall --with-test --verbose ocp-search.0.2.2;\
                        \n        res=$?;\
                        \n        test \"$res\" != 31 && exit \"$res\";\
                        \n        export OPAMCLI=2.0;\
                        \n        build_dir=$(opam var prefix)/.opam-switch/build;\
                        \n        failed=$(ls \"$build_dir\");\
                        \n        partial_fails=\"\";\
                        \n        for pkg in $failed; do\
                        \n          if opam show -f x-ci-accept-failures: \"$pkg\" | grep -qF \"\\\"debian-12\\\"\"; then\
                        \n            echo \"A package failed and has been disabled for CI using the 'x-ci-accept-failures' field.\";\
                        \n          fi;\
                        \n          test \"$pkg\" != 'ocp-search.0.2.2' && partial_fails=\"$partial_fails $pkg\";\
                        \n        done;\
                        \n        test \"${partial_fails}\" != \"\" && echo \"opam-repo-ci detected dependencies failing: ${partial_fails}\";\
                        \n        exit 1"))[0m
The following actions will be performed:
=== recompile 1 package
  - recompile ocp-search          0.2.2
=== install 41 packages
  - install   astring             0.8.5         [required by fpath, odoc-parser]
  - install   base                v0.15.1       [required by ocamlformat, ppx_expect]
  - install   base-bytes          base          [required by ocp-indent]
  - install   dune-build-info     3.16.0~alpha1 [required by ocamlformat]
  - install   either              1.0.0         [required by ocamlformat]
  - install   fix                 20230505      [required by ocamlformat]
  - install   fpath               0.7.3         [required by ocamlformat]
  - install   jane-street-headers v0.15.0       [required by time_now]
  - install   jst-config          v0.15.1       [required by time_now]
  - install   menhir              20230608      [required by ocamlformat]
  - install   menhirLib           20230608      [required by ocamlformat]
  - install   menhirSdk           20230608      [required by ocamlformat]
  - install   ocaml-compiler-libs v0.12.4       [required by ppxlib]
  - install   ocaml-version       3.5.0         [required by ocamlformat]
  - install   ocamlbuild          0.14.3        [required by fpath, uuseg]
  - install   ocamlfind           1.9.6         [required by ocp-indent, fpath, uuseg]
  - install   ocamlformat         0.23.0        [required by ocp-search]
  - install   ocp-indent          1.8.1         [required by ocamlformat]
  - install   odoc-parser         1.0.0         [required by ocamlformat]
  - install   ppx_assert          v0.15.0       [required by jst-config]
  - install   ppx_base            v0.15.0       [required by time_now]
  - install   ppx_cold            v0.15.0       [required by ppx_base]
  - install   ppx_compare         v0.15.0       [required by ppx_base]
  - install   ppx_derivers        1.2.1         [required by ppxlib]
  - install   ppx_enumerate       v0.15.0       [required by ppx_base]
  - install   ppx_expect          v0.15.1       [required by ocp-search]
  - install   ppx_hash            v0.15.0       [required by ppx_base]
  - install   ppx_here            v0.15.0       [required by ppx_expect]
  - install   ppx_inline_test     v0.15.1       [required by ocp-search]
  - install   ppx_optcomp         v0.15.0       [required by time_now]
  - install   ppx_sexp_conv       v0.15.1       [required by ppx_base]
  - install   ppxlib              0.32.1        [required by ppx_expect]
  - install   result              1.5           [required by odoc-parser]
  - install   sexplib0            v0.15.1       [required by base]
  - install   stdio               v0.15.0       [required by ocamlformat, ppx_expect]
  - install   stdlib-shims        0.1.0         [required by ppxlib]
  - install   time_now            v0.15.0       [required by ppx_inline_test]
  - install   topkg               1.0.7         [required by fpath, uuseg]
  - install   uucp                15.1.0        [required by uuseg]
  - install   uuseg               15.1.0        [required by ocamlformat]
  - install   uutf                1.0.3         [required by ocamlformat]

<><> Processing actions <><><><><><><><><><><><><><><><><><><><><><><><><><><><>
Processing  1/125: [astring.0.8.5: http]
[ERROR] Failed to get sources of astring.0.8.5: Curl failed
Processing  2/125: [base.v0.15.1: http]
[ERROR] Failed to get sources of base.v0.15.1: Curl failed
Processing  4/125: [dune-build-info.3.16.0~alpha1: http]
[ERROR] Failed to get sources of dune-build-info.3.16.0~alpha1: Curl failed
Processing  5/125: [either.1.0.0: http]
Processing  6/125: [either.1.0.0: http]
Processing  7/125: [either.1.0.0: http]
[ERROR] Failed to get sources of either.1.0.0: Curl failed
Processing  8/125: [fix.20230505: http]
Processing  9/125: [fix.20230505: http]
Processing 10/125: [fix.20230505: http]
[ERROR] Failed to get sources of fix.20230505: Curl failed
Processing 11/125: [fpath.0.7.3: http]
Processing 12/125: [fpath.0.7.3: http]
Processing 13/125: [fpath.0.7.3: http]
[ERROR] Failed to get sources of fpath.0.7.3: Curl failed
Processing 14/125: [jane-street-headers.v0.15.0: http]
[ERROR] Failed to get sources of jane-street-headers.v0.15.0: Curl failed
Processing 15/125: [jst-config.v0.15.1: http]
Processing 16/125: [jst-config.v0.15.1: http]
Processing 17/125: [jst-config.v0.15.1: http]
[ERROR] Failed to get sources of jst-config.v0.15.1: Curl failed
Processing 18/125: [menhir.20230608, menhirLib.20230608, menhirSdk.20230608: http]
[ERROR] Failed to get sources of menhir.20230608, menhirLib.20230608, menhirSdk.20230608 (https://gitlab.inria.fr/fpottier/menhir/-/archive/20230608/archive.tar.gz): Curl failed
Processing 19/125: [ocaml-compiler-libs.v0.12.4: http]
Processing 20/125: [ocaml-compiler-libs.v0.12.4: http]
Processing 21/125: [ocaml-compiler-libs.v0.12.4: http]
Processing 22/125: [ocaml-compiler-libs.v0.12.4: http]
Processing 23/125: [ocaml-compiler-libs.v0.12.4: http]
Processing 24/125: [ocaml-compiler-libs.v0.12.4: http]
Processing 25/125: [ocaml-compiler-libs.v0.12.4: http]
[ERROR] Failed to get sources of ocaml-compiler-libs.v0.12.4: Curl failed
Processing 26/125: [ocaml-version.3.5.0: http]
Processing 27/125: [ocaml-version.3.5.0: http]
Processing 28/125: [ocaml-version.3.5.0: http]
[ERROR] Failed to get sources of ocaml-version.3.5.0: Curl failed
Processing 29/125: [ocamlbuild.0.14.3: http]
Processing 30/125: [ocamlbuild.0.14.3: http]
Processing 31/125: [ocamlbuild.0.14.3: http]
[ERROR] Failed to get sources of ocamlbuild.0.14.3: Curl failed
Processing 32/125: [ocamlfind.1.9.6: http]
Processing 33/125: [ocamlfind.1.9.6: http]
Processing 34/125: [ocamlfind.1.9.6: http]
[ERROR] Failed to get sources of ocamlfind.1.9.6: Curl failed
Processing 35/125: [ocamlformat.0.23.0: http]
Processing 36/125: [ocamlformat.0.23.0: http]
Processing 37/125: [ocamlformat.0.23.0: http]
Processing 38/125: [ocamlformat.0.23.0: http]
Processing 39/125: [ocamlformat.0.23.0: http]
[ERROR] Failed to get sources of ocamlformat.0.23.0: Curl failed
Processing 40/125: [ocp-indent.1.8.1: http]
[ERROR] Failed to get sources of ocp-indent.1.8.1: Curl failed
Processing 41/125: [ocp-search.0.2.2: http]
Processing 42/125: [ocp-search.0.2.2: http]
Processing 43/125: [ocp-search.0.2.2: http]
[ERROR] Failed to get sources of ocp-search.0.2.2: Curl failed
Processing 44/125: [odoc-parser.1.0.0: http]
[ERROR] Failed to get sources of odoc-parser.1.0.0: Curl failed
Processing 45/125: [ppx_assert.v0.15.0: http]
[ERROR] Failed to get sources of ppx_assert.v0.15.0: Curl failed
Processing 46/125: [ppx_base.v0.15.0: http]
[ERROR] Failed to get sources of ppx_base.v0.15.0: Curl failed
Processing 47/125: [ppx_cold.v0.15.0: http]
[ERROR] Failed to get sources of ppx_cold.v0.15.0: Curl failed
Processing 48/125: [ppx_compare.v0.15.0: http]
[ERROR] Failed to get sources of ppx_compare.v0.15.0: Curl failed
Processing 49/125: [ppx_derivers.1.2.1: http]
[ERROR] Failed to get sources of ppx_derivers.1.2.1: Curl failed
Processing 50/125: [ppx_enumerate.v0.15.0: http]
Processing 51/125: [ppx_enumerate.v0.15.0: http]
Processing 52/125: [ppx_enumerate.v0.15.0: http]
[ERROR] Failed to get sources of ppx_enumerate.v0.15.0: Curl failed
Processing 53/125: [ppx_expect.v0.15.1: http]
[ERROR] Failed to get sources of ppx_expect.v0.15.1: Curl failed
Processing 54/125: [ppx_hash.v0.15.0: http]
[ERROR] Failed to get sources of ppx_hash.v0.15.0: Curl failed
Processing 55/125: [ppx_here.v0.15.0: http]
[ERROR] Failed to get sources of ppx_here.v0.15.0: Curl failed
Processing 56/125: [ppx_inline_test.v0.15.1: http]
[ERROR] Failed to get sources of ppx_inline_test.v0.15.1: Curl failed
Processing 57/125: [ppx_optcomp.v0.15.0: http]
[ERROR] Failed to get sources of ppx_optcomp.v0.15.0: Curl failed
Processing 58/125: [ppx_sexp_conv.v0.15.1: http]
[ERROR] Failed to get sources of ppx_sexp_conv.v0.15.1: Curl failed
Processing 59/125: [ppxlib.0.32.1: http]
[ERROR] Failed to get sources of ppxlib.0.32.1: Curl failed
Processing 60/125: [result.1.5: http]
[ERROR] Failed to get sources of result.1.5: Curl failed
Processing 61/125: [sexplib0.v0.15.1: http]
Processing 62/125: [sexplib0.v0.15.1: http]
Processing 63/125: [sexplib0.v0.15.1: http]
[ERROR] Failed to get sources of sexplib0.v0.15.1: Curl failed
Processing 64/125: [stdio.v0.15.0: http]
Processing 65/125: [stdio.v0.15.0: http]
Processing 66/125: [stdio.v0.15.0: http]
Processing 67/125: [stdio.v0.15.0: http]
Processing 68/125: [stdio.v0.15.0: http]
[ERROR] Failed to get sources of stdio.v0.15.0: Curl failed
Processing 69/125: [stdlib-shims.0.1.0: http]
Processing 70/125: [stdlib-shims.0.1.0: http]
Processing 71/125: [stdlib-shims.0.1.0: http]
[ERROR] Failed to get sources of stdlib-shims.0.1.0: Curl failed
Processing 72/125: [time_now.v0.15.0: http]
Processing 73/125: [time_now.v0.15.0: http]
Processing 74/125: [time_now.v0.15.0: http]
Processing 75/125: [time_now.v0.15.0: http]
Processing 76/125: [time_now.v0.15.0: http]
Processing 77/125: [time_now.v0.15.0: http]
Processing 78/125: [time_now.v0.15.0: http]
Processing 79/125: [time_now.v0.15.0: http]
Processing 80/125: [time_now.v0.15.0: http]
Processing 81/125: [time_now.v0.15.0: http]
Processing 82/125: [time_now.v0.15.0: http]
Processing 83/125: [time_now.v0.15.0: http]
Processing 84/125: [time_now.v0.15.0: http]
Processing 85/125: [time_now.v0.15.0: http]
Processing 86/125: [time_now.v0.15.0: http]
Processing 87/125: [time_now.v0.15.0: http]
Processing 88/125: [time_now.v0.15.0: http]
Processing 89/125: [time_now.v0.15.0: http]
Processing 90/125: [time_now.v0.15.0: http]
Processing 91/125: [time_now.v0.15.0: http]
Processing 92/125: [time_now.v0.15.0: http]
Processing 93/125: [time_now.v0.15.0: http]
Processing 94/125: [time_now.v0.15.0: http]
Processing 95/125: [time_now.v0.15.0: http]
Processing 96/125: [time_now.v0.15.0: http]
Processing 97/125: [time_now.v0.15.0: http]
[ERROR] Failed to get sources of time_now.v0.15.0: Curl failed
Processing 98/125: [topkg.1.0.7: http]
Processing 99/125: [topkg.1.0.7: http]
Processing 100/125: [topkg.1.0.7: http]
Processing 101/125: [topkg.1.0.7: http]
Processing 102/125: [topkg.1.0.7: http]
Processing 103/125: [topkg.1.0.7: http]
Processing 104/125: [topkg.1.0.7: http]
[ERROR] Failed to get sources of topkg.1.0.7: Curl failed
Processing 105/125: [uucp.15.1.0: http]
Processing 106/125: [uucp.15.1.0: http]
Processing 107/125: [uucp.15.1.0: http]
Processing 108/125: [uucp.15.1.0: http]
Processing 109/125: [uucp.15.1.0: http]
Processing 110/125: [uucp.15.1.0: http]
Processing 111/125: [uucp.15.1.0: http]
Processing 112/125: [uucp.15.1.0: http]
Processing 113/125: [uucp.15.1.0: http]
[ERROR] Failed to get sources of uucp.15.1.0: Curl failed
Processing 114/125: [uuseg.15.1.0: http]
Processing 115/125: [uuseg.15.1.0: http]
Processing 116/125: [uuseg.15.1.0: http]
[ERROR] Failed to get sources of uuseg.15.1.0: Curl failed
Processing 117/125: [uutf.1.0.3: http]
[ERROR] Failed to get sources of uutf.1.0.3: Curl failed

#=== ERROR while fetching sources for uutf.1.0.3 ==============================#
OpamSolution.Fetch_fail("https://erratique.ch/software/uutf/releases/uutf-1.0.3.tbz (Curl failed: \"/usr/bin/curl --write-out %{http_code}\\\\n --retry 3 --retry-delay 2 --user-agent opam/2.2.0~beta3~dev -L -o /home/opam/.opam/4.14/.opam-switch/sources/uutf.1.0.3/uutf-1.0.3.tbz.part -- https://erratique.ch/software/uutf/releases/uutf-1.0.3.tbz\" exited with code 6)")

#=== ERROR while fetching sources for uuseg.15.1.0 ============================#
OpamSolution.Fetch_fail("https://erratique.ch/software/uuseg/releases/uuseg-15.1.0.tbz (Curl failed: \"/usr/bin/curl --write-out %{http_code}\\\\n --retry 3 --retry-delay 2 --user-agent opam/2.2.0~beta3~dev -L -o /home/opam/.opam/4.14/.opam-switch/sources/uuseg.15.1.0/uuseg-15.1.0.tbz.part -- https://erratique.ch/software/uuseg/releases/uuseg-15.1.0.tbz\" exited with code 6)")

#=== ERROR while fetching sources for uucp.15.1.0 =============================#
OpamSolution.Fetch_fail("https://erratique.ch/software/uucp/releases/uucp-15.1.0.tbz (Curl failed: \"/usr/bin/curl --write-out %{http_code}\\\\n --retry 3 --retry-delay 2 --user-agent opam/2.2.0~beta3~dev -L -o /home/opam/.opam/4.14/.opam-switch/sources/uucp.15.1.0/uucp-15.1.0.tbz.part -- https://erratique.ch/software/uucp/releases/uucp-15.1.0.tbz\" exited with code 6)")

#=== ERROR while fetching sources for topkg.1.0.7 =============================#
OpamSolution.Fetch_fail("https://erratique.ch/software/topkg/releases/topkg-1.0.7.tbz (Curl failed: \"/usr/bin/curl --write-out %{http_code}\\\\n --retry 3 --retry-delay 2 --user-agent opam/2.2.0~beta3~dev -L -o /home/opam/.opam/4.14/.opam-switch/sources/topkg.1.0.7/topkg-1.0.7.tbz.part -- https://erratique.ch/software/topkg/releases/topkg-1.0.7.tbz\" exited with code 6)")

#=== ERROR while fetching sources for time_now.v0.15.0 ========================#
OpamSolution.Fetch_fail("https://ocaml.janestreet.com/ocaml-core/v0.15/files/time_now-v0.15.0.tar.gz (Curl failed: \"/usr/bin/curl --write-out %{http_code}\\\\n --retry 3 --retry-delay 2 --user-agent opam/2.2.0~beta3~dev -L -o /home/opam/.opam/4.14/.opam-switch/sources/time_now.v0.15.0/time_now-v0.15.0.tar.gz.part -- https://ocaml.janestreet.com/ocaml-core/v0.15/files/time_now-v0.15.0.tar.gz\" exited with code 6)")

#=== ERROR while fetching sources for stdlib-shims.0.1.0 ======================#
OpamSolution.Fetch_fail("https://github.com/ocaml/stdlib-shims/releases/download/0.1.0/stdlib-shims-0.1.0.tbz (Curl failed: \"/usr/bin/curl --write-out %{http_code}\\\\n --retry 3 --retry-delay 2 --user-agent opam/2.2.0~beta3~dev -L -o /home/opam/.opam/4.14/.opam-switch/sources/stdlib-shims.0.1.0/stdlib-shims-0.1.0.tbz.part -- https://github.com/ocaml/stdlib-shims/releases/download/0.1.0/stdlib-shims-0.1.0.tbz\" exited with code 6)")

#=== ERROR while fetching sources for stdio.v0.15.0 ===========================#
OpamSolution.Fetch_fail("https://ocaml.janestreet.com/ocaml-core/v0.15/files/stdio-v0.15.0.tar.gz (Curl failed: \"/usr/bin/curl --write-out %{http_code}\\\\n --retry 3 --retry-delay 2 --user-agent opam/2.2.0~beta3~dev -L -o /home/opam/.opam/4.14/.opam-switch/sources/stdio.v0.15.0/stdio-v0.15.0.tar.gz.part -- https://ocaml.janestreet.com/ocaml-core/v0.15/files/stdio-v0.15.0.tar.gz\" exited with code 6)")

#=== ERROR while fetching sources for sexplib0.v0.15.1 ========================#
OpamSolution.Fetch_fail("https://github.com/janestreet/sexplib0/archive/refs/tags/v0.15.1.tar.gz (Curl failed: \"/usr/bin/curl --write-out %{http_code}\\\\n --retry 3 --retry-delay 2 --user-agent opam/2.2.0~beta3~dev -L -o /home/opam/.opam/4.14/.opam-switch/sources/sexplib0.v0.15.1/v0.15.1.tar.gz.part -- https://github.com/janestreet/sexplib0/archive/refs/tags/v0.15.1.tar.gz\" exited with code 6)")

#=== ERROR while fetching sources for result.1.5 ==============================#
OpamSolution.Fetch_fail("https://github.com/janestreet/result/releases/download/1.5/result-1.5.tbz (Curl failed: \"/usr/bin/curl --write-out %{http_code}\\\\n --retry 3 --retry-delay 2 --user-agent opam/2.2.0~beta3~dev -L -o /home/opam/.opam/4.14/.opam-switch/sources/result.1.5/result-1.5.tbz.part -- https://github.com/janestreet/result/releases/download/1.5/result-1.5.tbz\" exited with code 6)")

#=== ERROR while fetching sources for ppxlib.0.32.1 ===========================#
OpamSolution.Fetch_fail("https://github.com/ocaml-ppx/ppxlib/releases/download/0.32.1/ppxlib-0.32.1.tbz (Curl failed: \"/usr/bin/curl --write-out %{http_code}\\\\n --retry 3 --retry-delay 2 --user-agent opam/2.2.0~beta3~dev -L -o /home/opam/.opam/4.14/.opam-switch/sources/ppxlib.0.32.1/ppxlib-0.32.1.tbz.part -- https://github.com/ocaml-ppx/ppxlib/releases/download/0.32.1/ppxlib-0.32.1.tbz\" exited with code 6)")

#=== ERROR while fetching sources for ppx_sexp_conv.v0.15.1 ===================#
OpamSolution.Fetch_fail("https://github.com/janestreet/ppx_sexp_conv/archive/refs/tags/v0.15.1.tar.gz (Curl failed: \"/usr/bin/curl --write-out %{http_code}\\\\n --retry 3 --retry-delay 2 --user-agent opam/2.2.0~beta3~dev -L -o /home/opam/.opam/4.14/.opam-switch/sources/ppx_sexp_conv.v0.15.1/v0.15.1.tar.gz.part -- https://github.com/janestreet/ppx_sexp_conv/archive/refs/tags/v0.15.1.tar.gz\" exited with code 6)")

#=== ERROR while fetching sources for ppx_optcomp.v0.15.0 =====================#
OpamSolution.Fetch_fail("https://ocaml.janestreet.com/ocaml-core/v0.15/files/ppx_optcomp-v0.15.0.tar.gz (Curl failed: \"/usr/bin/curl --write-out %{http_code}\\\\n --retry 3 --retry-delay 2 --user-agent opam/2.2.0~beta3~dev -L -o /home/opam/.opam/4.14/.opam-switch/sources/ppx_optcomp.v0.15.0/ppx_optcomp-v0.15.0.tar.gz.part -- https://ocaml.janestreet.com/ocaml-core/v0.15/files/ppx_optcomp-v0.15.0.tar.gz\" exited with code 6)")

#=== ERROR while fetching sources for ppx_inline_test.v0.15.1 =================#
OpamSolution.Fetch_fail("https://github.com/janestreet/ppx_inline_test/archive/refs/tags/v0.15.1.tar.gz (Curl failed: \"/usr/bin/curl --write-out %{http_code}\\\\n --retry 3 --retry-delay 2 --user-agent opam/2.2.0~beta3~dev -L -o /home/opam/.opam/4.14/.opam-switch/sources/ppx_inline_test.v0.15.1/v0.15.1.tar.gz.part -- https://github.com/janestreet/ppx_inline_test/archive/refs/tags/v0.15.1.tar.gz\" exited with code 6)")

#=== ERROR while fetching sources for ppx_here.v0.15.0 ========================#
OpamSolution.Fetch_fail("https://ocaml.janestreet.com/ocaml-core/v0.15/files/ppx_here-v0.15.0.tar.gz (Curl failed: \"/usr/bin/curl --write-out %{http_code}\\\\n --retry 3 --retry-delay 2 --user-agent opam/2.2.0~beta3~dev -L -o /home/opam/.opam/4.14/.opam-switch/sources/ppx_here.v0.15.0/ppx_here-v0.15.0.tar.gz.part -- https://ocaml.janestreet.com/ocaml-core/v0.15/files/ppx_here-v0.15.0.tar.gz\" exited with code 6)")

#=== ERROR while fetching sources for ppx_hash.v0.15.0 ========================#
OpamSolution.Fetch_fail("https://ocaml.janestreet.com/ocaml-core/v0.15/files/ppx_hash-v0.15.0.tar.gz (Curl failed: \"/usr/bin/curl --write-out %{http_code}\\\\n --retry 3 --retry-delay 2 --user-agent opam/2.2.0~beta3~dev -L -o /home/opam/.opam/4.14/.opam-switch/sources/ppx_hash.v0.15.0/ppx_hash-v0.15.0.tar.gz.part -- https://ocaml.janestreet.com/ocaml-core/v0.15/files/ppx_hash-v0.15.0.tar.gz\" exited with code 6)")

#=== ERROR while fetching sources for ppx_expect.v0.15.1 ======================#
OpamSolution.Fetch_fail("https://github.com/janestreet/ppx_expect/archive/refs/tags/v0.15.1.tar.gz (Curl failed: \"/usr/bin/curl --write-out %{http_code}\\\\n --retry 3 --retry-delay 2 --user-agent opam/2.2.0~beta3~dev -L -o /home/opam/.opam/4.14/.opam-switch/sources/ppx_expect.v0.15.1/v0.15.1.tar.gz.part -- https://github.com/janestreet/ppx_expect/archive/refs/tags/v0.15.1.tar.gz\" exited with code 6)")

#=== ERROR while fetching sources for ppx_enumerate.v0.15.0 ===================#
OpamSolution.Fetch_fail("https://ocaml.janestreet.com/ocaml-core/v0.15/files/ppx_enumerate-v0.15.0.tar.gz (Curl failed: \"/usr/bin/curl --write-out %{http_code}\\\\n --retry 3 --retry-delay 2 --user-agent opam/2.2.0~beta3~dev -L -o /home/opam/.opam/4.14/.opam-switch/sources/ppx_enumerate.v0.15.0/ppx_enumerate-v0.15.0.tar.gz.part -- https://ocaml.janestreet.com/ocaml-core/v0.15/files/ppx_enumerate-v0.15.0.tar.gz\" exited with code 6)")

#=== ERROR while fetching sources for ppx_derivers.1.2.1 ======================#
OpamSolution.Fetch_fail("https://github.com/ocaml-ppx/ppx_derivers/archive/1.2.1.tar.gz (Curl failed: \"/usr/bin/curl --write-out %{http_code}\\\\n --retry 3 --retry-delay 2 --user-agent opam/2.2.0~beta3~dev -L -o /home/opam/.opam/4.14/.opam-switch/sources/ppx_derivers.1.2.1/1.2.1.tar.gz.part -- https://github.com/ocaml-ppx/ppx_derivers/archive/1.2.1.tar.gz\" exited with code 6)")

#=== ERROR while fetching sources for ppx_compare.v0.15.0 =====================#
OpamSolution.Fetch_fail("https://ocaml.janestreet.com/ocaml-core/v0.15/files/ppx_compare-v0.15.0.tar.gz (Curl failed: \"/usr/bin/curl --write-out %{http_code}\\\\n --retry 3 --retry-delay 2 --user-agent opam/2.2.0~beta3~dev -L -o /home/opam/.opam/4.14/.opam-switch/sources/ppx_compare.v0.15.0/ppx_compare-v0.15.0.tar.gz.part -- https://ocaml.janestreet.com/ocaml-core/v0.15/files/ppx_compare-v0.15.0.tar.gz\" exited with code 6)")

#=== ERROR while fetching sources for ppx_cold.v0.15.0 ========================#
OpamSolution.Fetch_fail("https://ocaml.janestreet.com/ocaml-core/v0.15/files/ppx_cold-v0.15.0.tar.gz (Curl failed: \"/usr/bin/curl --write-out %{http_code}\\\\n --retry 3 --retry-delay 2 --user-agent opam/2.2.0~beta3~dev -L -o /home/opam/.opam/4.14/.opam-switch/sources/ppx_cold.v0.15.0/ppx_cold-v0.15.0.tar.gz.part -- https://ocaml.janestreet.com/ocaml-core/v0.15/files/ppx_cold-v0.15.0.tar.gz\" exited with code 6)")

#=== ERROR while fetching sources for ppx_base.v0.15.0 ========================#
OpamSolution.Fetch_fail("https://ocaml.janestreet.com/ocaml-core/v0.15/files/ppx_base-v0.15.0.tar.gz (Curl failed: \"/usr/bin/curl --write-out %{http_code}\\\\n --retry 3 --retry-delay 2 --user-agent opam/2.2.0~beta3~dev -L -o /home/opam/.opam/4.14/.opam-switch/sources/ppx_base.v0.15.0/ppx_base-v0.15.0.tar.gz.part -- https://ocaml.janestreet.com/ocaml-core/v0.15/files/ppx_base-v0.15.0.tar.gz\" exited with code 6)")

#=== ERROR while fetching sources for ppx_assert.v0.15.0 ======================#
OpamSolution.Fetch_fail("https://ocaml.janestreet.com/ocaml-core/v0.15/files/ppx_assert-v0.15.0.tar.gz (Curl failed: \"/usr/bin/curl --write-out %{http_code}\\\\n --retry 3 --retry-delay 2 --user-agent opam/2.2.0~beta3~dev -L -o /home/opam/.opam/4.14/.opam-switch/sources/ppx_assert.v0.15.0/ppx_assert-v0.15.0.tar.gz.part -- https://ocaml.janestreet.com/ocaml-core/v0.15/files/ppx_assert-v0.15.0.tar.gz\" exited with code 6)")

#=== ERROR while fetching sources for odoc-parser.1.0.0 =======================#
OpamSolution.Fetch_fail("https://github.com/ocaml-doc/odoc-parser/releases/download/1.0.0/odoc-parser-1.0.0.tbz (Curl failed: \"/usr/bin/curl --write-out %{http_code}\\\\n --retry 3 --retry-delay 2 --user-agent opam/2.2.0~beta3~dev -L -o /home/opam/.opam/4.14/.opam-switch/sources/odoc-parser.1.0.0/odoc-parser-1.0.0.tbz.part -- https://github.com/ocaml-doc/odoc-parser/releases/download/1.0.0/odoc-parser-1.0.0.tbz\" exited with code 6)")

#=== ERROR while fetching sources for ocp-search.0.2.2 ========================#
OpamSolution.Fetch_fail("https://github.com/ocamlpro/ez_search/archive/v0.2.2.tar.gz (Curl failed: \"/usr/bin/curl --write-out %{http_code}\\\\n --retry 3 --retry-delay 2 --user-agent opam/2.2.0~beta3~dev -L -o /home/opam/.opam/4.14/.opam-switch/sources/ocp-search.0.2.2/v0.2.2.tar.gz.part -- https://github.com/ocamlpro/ez_search/archive/v0.2.2.tar.gz\" exited with code 6)")

#=== ERROR while fetching sources for ocp-indent.1.8.1 ========================#
OpamSolution.Fetch_fail("https://github.com/OCamlPro/ocp-indent/archive/1.8.1.tar.gz (Curl failed: \"/usr/bin/curl --write-out %{http_code}\\\\n --retry 3 --retry-delay 2 --user-agent opam/2.2.0~beta3~dev -L -o /home/opam/.opam/4.14/.opam-switch/sources/ocp-indent.1.8.1/1.8.1.tar.gz.part -- https://github.com/OCamlPro/ocp-indent/archive/1.8.1.tar.gz\" exited with code 6)")

#=== ERROR while fetching sources for ocamlformat.0.23.0 ======================#
OpamSolution.Fetch_fail("https://github.com/ocaml-ppx/ocamlformat/releases/download/0.23.0/ocamlformat-0.23.0.tbz (Curl failed: \"/usr/bin/curl --write-out %{http_code}\\\\n --retry 3 --retry-delay 2 --user-agent opam/2.2.0~beta3~dev -L -o /home/opam/.opam/4.14/.opam-switch/sources/ocamlformat.0.23.0/ocamlformat-0.23.0.tbz.part -- https://github.com/ocaml-ppx/ocamlformat/releases/download/0.23.0/ocamlformat-0.23.0.tbz\" exited with code 6)")

#=== ERROR while fetching sources for ocamlfind.1.9.6 =========================#
OpamSolution.Fetch_fail("http://download.camlcity.org/download/findlib-1.9.6.tar.gz (Curl failed: \"/usr/bin/curl --write-out %{http_code}\\\\n --retry 3 --retry-delay 2 --user-agent opam/2.2.0~beta3~dev -L -o /home/opam/.opam/4.14/.opam-switch/sources/ocamlfind.1.9.6/findlib-1.9.6.tar.gz.part -- http://download.camlcity.org/download/findlib-1.9.6.tar.gz\" exited with code 6)")

#=== ERROR while fetching sources for ocamlbuild.0.14.3 =======================#
OpamSolution.Fetch_fail("https://github.com/ocaml/ocamlbuild/archive/refs/tags/0.14.3.tar.gz (Curl failed: \"/usr/bin/curl --write-out %{http_code}\\\\n --retry 3 --retry-delay 2 --user-agent opam/2.2.0~beta3~dev -L -o /home/opam/.opam/4.14/.opam-switch/sources/ocamlbuild.0.14.3/0.14.3.tar.gz.part -- https://github.com/ocaml/ocamlbuild/archive/refs/tags/0.14.3.tar.gz\" exited with code 6)")

#=== ERROR while fetching sources for ocaml-version.3.5.0 =====================#
OpamSolution.Fetch_fail("https://github.com/ocurrent/ocaml-version/releases/download/v3.5.0/ocaml-version-3.5.0.tbz (Curl failed: \"/usr/bin/curl --write-out %{http_code}\\\\n --retry 3 --retry-delay 2 --user-agent opam/2.2.0~beta3~dev -L -o /home/opam/.opam/4.14/.opam-switch/sources/ocaml-version.3.5.0/ocaml-version-3.5.0.tbz.part -- https://github.com/ocurrent/ocaml-version/releases/download/v3.5.0/ocaml-version-3.5.0.tbz\" exited with code 6)")

#=== ERROR while fetching sources for ocaml-compiler-libs.v0.12.4 =============#
OpamSolution.Fetch_fail("https://github.com/janestreet/ocaml-compiler-libs/releases/download/v0.12.4/ocaml-compiler-libs-v0.12.4.tbz (Curl failed: \"/usr/bin/curl --write-out %{http_code}\\\\n --retry 3 --retry-delay 2 --user-agent opam/2.2.0~beta3~dev -L -o /home/opam/.opam/4.14/.opam-switch/sources/ocaml-compiler-libs.v0.12.4/ocaml-compiler-libs-v0.12.4.tbz.part -- https://github.com/janestreet/ocaml-compiler-libs/releases/download/v0.12.4/ocaml-compiler-libs-v0.12.4.tbz\" exited with code 6)")

#=== ERROR while fetching sources for menhir.20230608, menhirLib.20230608 and menhirSdk.20230608 
OpamSolution.Fetch_fail("https://gitlab.inria.fr/fpottier/menhir/-/archive/20230608/archive.tar.gz (Curl failed: \"/usr/bin/curl --write-out %{http_code}\\\\n --retry 3 --retry-delay 2 --user-agent opam/2.2.0~beta3~dev -L -o /tmp/opam-7-60e88a/archive.tar.gz.part -- https://gitlab.inria.fr/fpottier/menhir/-/archive/20230608/archive.tar.gz\" exited with code 6)")

#=== ERROR while fetching sources for jst-config.v0.15.1 ======================#
OpamSolution.Fetch_fail("https://github.com/janestreet/jst-config/archive/refs/tags/v0.15.1.tar.gz (Curl failed: \"/usr/bin/curl --write-out %{http_code}\\\\n --retry 3 --retry-delay 2 --user-agent opam/2.2.0~beta3~dev -L -o /home/opam/.opam/4.14/.opam-switch/sources/jst-config.v0.15.1/v0.15.1.tar.gz.part -- https://github.com/janestreet/jst-config/archive/refs/tags/v0.15.1.tar.gz\" exited with code 6)")

#=== ERROR while fetching sources for jane-street-headers.v0.15.0 =============#
OpamSolution.Fetch_fail("https://ocaml.janestreet.com/ocaml-core/v0.15/files/jane-street-headers-v0.15.0.tar.gz (Curl failed: \"/usr/bin/curl --write-out %{http_code}\\\\n --retry 3 --retry-delay 2 --user-agent opam/2.2.0~beta3~dev -L -o /home/opam/.opam/4.14/.opam-switch/sources/jane-street-headers.v0.15.0/jane-street-headers-v0.15.0.tar.gz.part -- https://ocaml.janestreet.com/ocaml-core/v0.15/files/jane-street-headers-v0.15.0.tar.gz\" exited with code 6)")

#=== ERROR while fetching sources for fpath.0.7.3 =============================#
OpamSolution.Fetch_fail("https://erratique.ch/software/fpath/releases/fpath-0.7.3.tbz (Curl failed: \"/usr/bin/curl --write-out %{http_code}\\\\n --retry 3 --retry-delay 2 --user-agent opam/2.2.0~beta3~dev -L -o /home/opam/.opam/4.14/.opam-switch/sources/fpath.0.7.3/fpath-0.7.3.tbz.part -- https://erratique.ch/software/fpath/releases/fpath-0.7.3.tbz\" exited with code 6)")

#=== ERROR while fetching sources for fix.20230505 ============================#
OpamSolution.Fetch_fail("https://gitlab.inria.fr/fpottier/fix/-/archive/20230505/archive.tar.gz (Curl failed: \"/usr/bin/curl --write-out %{http_code}\\\\n --retry 3 --retry-delay 2 --user-agent opam/2.2.0~beta3~dev -L -o /home/opam/.opam/4.14/.opam-switch/sources/fix.20230505/archive.tar.gz.part -- https://gitlab.inria.fr/fpottier/fix/-/archive/20230505/archive.tar.gz\" exited with code 6)")

#=== ERROR while fetching sources for either.1.0.0 ============================#
OpamSolution.Fetch_fail("https://github.com/mirage/either/releases/download/1.0.0/either-1.0.0.tbz (Curl failed: \"/usr/bin/curl --write-out %{http_code}\\\\n --retry 3 --retry-delay 2 --user-agent opam/2.2.0~beta3~dev -L -o /home/opam/.opam/4.14/.opam-switch/sources/either.1.0.0/either-1.0.0.tbz.part -- https://github.com/mirage/either/releases/download/1.0.0/either-1.0.0.tbz\" exited with code 6)")

#=== ERROR while fetching sources for dune-build-info.3.16.0~alpha1 ===========#
OpamSolution.Fetch_fail("https://github.com/ocaml/dune/releases/download/3.16.0_alpha1/dune-3.16.0.alpha1.tbz (Curl failed: \"/usr/bin/curl --write-out %{http_code}\\\\n --retry 3 --retry-delay 2 --user-agent opam/2.2.0~beta3~dev -L -o /home/opam/.opam/4.14/.opam-switch/sources/dune-build-info.3.16.0~alpha1/dune-3.16.0.alpha1.tbz.part -- https://github.com/ocaml/dune/releases/download/3.16.0_alpha1/dune-3.16.0.alpha1.tbz\" exited with code 6)")

#=== ERROR while fetching sources for base.v0.15.1 ============================#
OpamSolution.Fetch_fail("https://github.com/janestreet/base/archive/refs/tags/v0.15.1.tar.gz (Curl failed: \"/usr/bin/curl --write-out %{http_code}\\\\n --retry 3 --retry-delay 2 --user-agent opam/2.2.0~beta3~dev -L -o /home/opam/.opam/4.14/.opam-switch/sources/base.v0.15.1/v0.15.1.tar.gz.part -- https://github.com/janestreet/base/archive/refs/tags/v0.15.1.tar.gz\" exited with code 6)")

#=== ERROR while fetching sources for astring.0.8.5 ===========================#
OpamSolution.Fetch_fail("https://erratique.ch/software/astring/releases/astring-0.8.5.tbz (Curl failed: \"/usr/bin/curl --write-out %{http_code}\\\\n --retry 3 --retry-delay 2 --user-agent opam/2.2.0~beta3~dev -L -o /home/opam/.opam/4.14/.opam-switch/sources/astring.0.8.5/astring-0.8.5.tbz.part -- https://erratique.ch/software/astring/releases/astring-0.8.5.tbz\" exited with code 6)")


<><> Error report <><><><><><><><><><><><><><><><><><><><><><><><><><><><><><><>
+- The following actions were aborted
| - install base-bytes base
+- 
+- The following actions failed
| - fetch astring                                                 0.8.5
| - fetch base                                                    v0.15.1
| - fetch dune-build-info                                         3.16.0~alpha1
| - fetch either                                                  1.0.0
| - fetch fix                                                     20230505
| - fetch fpath                                                   0.7.3
| - fetch jane-street-headers                                     v0.15.0
| - fetch jst-config                                              v0.15.1
| - fetch menhir.20230608, menhirLib.20230608, menhirSdk.20230608 
| - fetch ocaml-compiler-libs                                     v0.12.4
| - fetch ocaml-version                                           3.5.0
| - fetch ocamlbuild                                              0.14.3
| - fetch ocamlfind                                               1.9.6
| - fetch ocamlformat                                             0.23.0
| - fetch ocp-indent                                              1.8.1
| - fetch ocp-search                                              0.2.2
| - fetch odoc-parser                                             1.0.0
| - fetch ppx_assert                                              v0.15.0
| - fetch ppx_base                                                v0.15.0
| - fetch ppx_cold                                                v0.15.0
| - fetch ppx_compare                                             v0.15.0
| - fetch ppx_derivers                                            1.2.1
| - fetch ppx_enumerate                                           v0.15.0
| - fetch ppx_expect                                              v0.15.1
| - fetch ppx_hash                                                v0.15.0
| - fetch ppx_here                                                v0.15.0
| - fetch ppx_inline_test                                         v0.15.1
| - fetch ppx_optcomp                                             v0.15.0
| - fetch ppx_sexp_conv                                           v0.15.1
| - fetch ppxlib                                                  0.32.1
| - fetch result                                                  1.5
| - fetch sexplib0                                                v0.15.1
| - fetch stdio                                                   v0.15.0
| - fetch stdlib-shims                                            0.1.0
| - fetch time_now                                                v0.15.0
| - fetch topkg                                                   1.0.7
| - fetch uucp                                                    15.1.0
| - fetch uuseg                                                   15.1.0
| - fetch uutf                                                    1.0.3
+- 
- No changes have been performed
# Run eval $(opam env) to update the current shell environment
'opam reinstall --with-test --verbose ocp-search.0.2.2' failed.
"/usr/bin/env" "bash" "-c" "opam reinstall --with-test --verbose ocp-search.0.2.2;
        res=$?;
        test "$res" != 31 && exit "$res";
        export OPAMCLI=2.0;
        build_dir=$(opam var prefix)/.opam-switch/build;
        failed=$(ls "$build_dir");
        partial_fails="";
        for pkg in $failed; do
          if opam show -f x-ci-accept-failures: "$pkg" | grep -qF "\"debian-12\""; then
            echo "A package failed and has been disabled for CI using the 'x-ci-accept-failures' field.";
          fi;
          test "$pkg" != 'ocp-search.0.2.2' && partial_fails="$partial_fails $pkg";
        done;
        test "${partial_fails}" != "" && echo "opam-repo-ci detected dependencies failing: ${partial_fails}";
        exit 1" failed with exit status 40
2024-06-06 00:58.05: Job failed: Failed: Build failed
2024-06-06 00:58.05: Log analysis:
2024-06-06 00:58.05: >>> 
[ERROR] Sorry, resolution of the request timed out.
 (score = 20)
2024-06-06 00:58.05: >>> 
[ERROR] Failed to get sources of astring.0.8.5: Curl failed
 (score = 25)
2024-06-06 00:58.05: >>> 
[ERROR] Failed to get sources of base.v0.15.1: Curl failed
 (score = 25)
2024-06-06 00:58.05: >>> 
[ERROR] Failed to get sources of dune-build-info.3.16.0~alpha1: Curl failed
 (score = 25)
2024-06-06 00:58.05: >>> 
[ERROR] Failed to get sources of either.1.0.0: Curl failed
 (score = 25)
2024-06-06 00:58.05: >>> 
[ERROR] Failed to get sources of fix.20230505: Curl failed
 (score = 25)
2024-06-06 00:58.05: >>> 
[ERROR] Failed to get sources of fpath.0.7.3: Curl failed
 (score = 25)
2024-06-06 00:58.05: >>> 
[ERROR] Failed to get sources of jane-street-headers.v0.15.0: Curl failed
 (score = 25)
2024-06-06 00:58.05: >>> 
[ERROR] Failed to get sources of jst-config.v0.15.1: Curl failed
 (score = 25)
2024-06-06 00:58.05: >>> 
[ERROR] Failed to get sources of menhir.20230608, menhirLib.20230608, menhirSdk.20230608 (https://gitlab.inria.fr/fpottier/menhir/-/archive/20230608/archive.tar.gz): Curl failed
 (score = 25)
2024-06-06 00:58.05: >>> 
[ERROR] Failed to get sources of ocaml-compiler-libs.v0.12.4: Curl failed
 (score = 25)
2024-06-06 00:58.05: >>> 
[ERROR] Failed to get sources of ocaml-version.3.5.0: Curl failed
 (score = 25)
2024-06-06 00:58.05: >>> 
[ERROR] Failed to get sources of ocamlbuild.0.14.3: Curl failed
 (score = 25)
2024-06-06 00:58.05: >>> 
[ERROR] Failed to get sources of ocamlfind.1.9.6: Curl failed
 (score = 25)
2024-06-06 00:58.05: >>> 
[ERROR] Failed to get sources of ocamlformat.0.23.0: Curl failed
 (score = 25)
2024-06-06 00:58.05: >>> 
[ERROR] Failed to get sources of ocp-indent.1.8.1: Curl failed
 (score = 25)
2024-06-06 00:58.05: >>> 
[ERROR] Failed to get sources of ocp-search.0.2.2: Curl failed
 (score = 25)
2024-06-06 00:58.05: >>> 
[ERROR] Failed to get sources of odoc-parser.1.0.0: Curl failed
 (score = 25)
2024-06-06 00:58.05: >>> 
[ERROR] Failed to get sources of ppx_assert.v0.15.0: Curl failed
 (score = 25)
2024-06-06 00:58.05: >>> 
[ERROR] Failed to get sources of ppx_base.v0.15.0: Curl failed
 (score = 25)
2024-06-06 00:58.05: >>> 
[ERROR] Failed to get sources of ppx_cold.v0.15.0: Curl failed
 (score = 25)
2024-06-06 00:58.05: >>> 
[ERROR] Failed to get sources of ppx_compare.v0.15.0: Curl failed
 (score = 25)
2024-06-06 00:58.05: >>> 
[ERROR] Failed to get sources of ppx_derivers.1.2.1: Curl failed
 (score = 25)
2024-06-06 00:58.05: >>> 
[ERROR] Failed to get sources of ppx_enumerate.v0.15.0: Curl failed
 (score = 25)
2024-06-06 00:58.05: >>> 
[ERROR] Failed to get sources of ppx_expect.v0.15.1: Curl failed
 (score = 25)
2024-06-06 00:58.05: >>> 
[ERROR] Failed to get sources of ppx_hash.v0.15.0: Curl failed
 (score = 25)
2024-06-06 00:58.05: >>> 
[ERROR] Failed to get sources of ppx_here.v0.15.0: Curl failed
 (score = 25)
2024-06-06 00:58.05: >>> 
[ERROR] Failed to get sources of ppx_inline_test.v0.15.1: Curl failed
 (score = 25)
2024-06-06 00:58.05: >>> 
[ERROR] Failed to get sources of ppx_optcomp.v0.15.0: Curl failed
 (score = 25)
2024-06-06 00:58.05: >>> 
[ERROR] Failed to get sources of ppx_sexp_conv.v0.15.1: Curl failed
 (score = 25)
2024-06-06 00:58.05: >>> 
[ERROR] Failed to get sources of ppxlib.0.32.1: Curl failed
 (score = 25)
2024-06-06 00:58.05: >>> 
[ERROR] Failed to get sources of result.1.5: Curl failed
 (score = 25)
2024-06-06 00:58.05: >>> 
[ERROR] Failed to get sources of sexplib0.v0.15.1: Curl failed
 (score = 25)
2024-06-06 00:58.05: >>> 
[ERROR] Failed to get sources of stdio.v0.15.0: Curl failed
 (score = 25)
2024-06-06 00:58.05: >>> 
[ERROR] Failed to get sources of stdlib-shims.0.1.0: Curl failed
 (score = 25)
2024-06-06 00:58.05: >>> 
[ERROR] Failed to get sources of time_now.v0.15.0: Curl failed
 (score = 25)
2024-06-06 00:58.05: >>> 
[ERROR] Failed to get sources of topkg.1.0.7: Curl failed
 (score = 25)
2024-06-06 00:58.05: >>> 
[ERROR] Failed to get sources of uucp.15.1.0: Curl failed
 (score = 25)
2024-06-06 00:58.05: >>> 
[ERROR] Failed to get sources of uuseg.15.1.0: Curl failed
 (score = 25)
2024-06-06 00:58.05: >>> 
[ERROR] Failed to get sources of uutf.1.0.3: Curl failed
 (score = 25)
2024-06-06 00:58.05: Failed to get sources of astring.0.8.5: Curl failed
