2024-07-18 09:55.09: New job: test current.0.6.1 with ppxlib.0.33.0, using opam dev
                              from https://github.com/ocaml/opam-repository.git#refs/pull/26251/head (b50d0429521a76edbe3e0a184e4f61a7d206854a)
                              on debian-12-ocaml-5.2/amd64

To reproduce locally:

cd $(mktemp -d)
git clone --recursive "https://github.com/ocaml/opam-repository.git" && cd "opam-repository" && git fetch origin "refs/pull/26251/head" && git reset --hard b50d0429
git fetch origin master
git merge --no-edit 7b61e39dd0269fe5ea11dabd2653757e0ad86463
cat > ../Dockerfile <<'END-OF-DOCKERFILE'
[34mFROM ocaml/opam:debian-12-ocaml-5.2@sha256:c2c314346d00249c3beb5eb90881fba3db651faf127456c62c1474e32358d21b
USER 1000:1000
WORKDIR /home/opam
RUN sudo ln -f /usr/bin/opam-dev /usr/bin/opam
RUN opam init --reinit -ni
RUN uname -rs && opam exec -- ocaml -version && opam --version
ENV OPAMDOWNLOADJOBS="1"
ENV OPAMERRLOGLEN="0"
ENV OPAMSOLVERTIMEOUT="500"
ENV OPAMPRECISETRACKING="1"
ENV CI="true"
ENV OPAM_REPO_CI="true"
RUN rm -rf opam-repository/
COPY --chown=1000:1000 . opam-repository/
RUN opam repository set-url --strict default opam-repository/
RUN opam update --depexts || true
RUN opam pin add -k version -yn ppxlib.0.33.0 0.33.0
RUN opam reinstall ppxlib.0.33.0; \
    res=$?; \
    test "$res" != 31 && exit "$res"; \
    export OPAMCLI=2.0; \
    build_dir=$(opam var prefix)/.opam-switch/build; \
    failed=$(ls "$build_dir"); \
    partial_fails=""; \
    for pkg in $failed; do \
    if opam show -f x-ci-accept-failures: "$pkg" | grep -qF "\"debian-12\""; then \
    echo "A package failed and has been disabled for CI using the 'x-ci-accept-failures' field."; \
    fi; \
    test "$pkg" != 'ppxlib.0.33.0' && partial_fails="$partial_fails $pkg"; \
    done; \
    test "${partial_fails}" != "" && echo "opam-repo-ci detected dependencies failing: ${partial_fails}"; \
    exit 1
RUN opam reinstall current.0.6.1; \
    res=$?; \
    test "$res" != 31 && exit "$res"; \
    export OPAMCLI=2.0; \
    build_dir=$(opam var prefix)/.opam-switch/build; \
    failed=$(ls "$build_dir"); \
    partial_fails=""; \
    for pkg in $failed; do \
    if opam show -f x-ci-accept-failures: "$pkg" | grep -qF "\"debian-12\""; then \
    echo "A package failed and has been disabled for CI using the 'x-ci-accept-failures' field."; \
    fi; \
    test "$pkg" != 'current.0.6.1' && partial_fails="$partial_fails $pkg"; \
    done; \
    test "${partial_fails}" != "" && echo "opam-repo-ci detected dependencies failing: ${partial_fails}"; \
    exit 1
RUN (opam reinstall --with-test current.0.6.1) || true
RUN opam reinstall --with-test --verbose current.0.6.1; \
    res=$?; \
    test "$res" != 31 && exit "$res"; \
    export OPAMCLI=2.0; \
    build_dir=$(opam var prefix)/.opam-switch/build; \
    failed=$(ls "$build_dir"); \
    partial_fails=""; \
    for pkg in $failed; do \
    if opam show -f x-ci-accept-failures: "$pkg" | grep -qF "\"debian-12\""; then \
    echo "A package failed and has been disabled for CI using the 'x-ci-accept-failures' field."; \
    fi; \
    test "$pkg" != 'current.0.6.1' && partial_fails="$partial_fails $pkg"; \
    done; \
    test "${partial_fails}" != "" && echo "opam-repo-ci detected dependencies failing: ${partial_fails}"; \
    exit 1
[0m
END-OF-DOCKERFILE
docker build -f ../Dockerfile .

2024-07-18 09:55.09: Using cache hint "ocaml/opam:debian-12-ocaml-5.2@sha256:c2c314346d00249c3beb5eb90881fba3db651faf127456c62c1474e32358d21b-ppxlib.0.33.0-current.0.6.1-b50d0429521a76edbe3e0a184e4f61a7d206854a"
2024-07-18 09:55.09: Using OBuilder spec:
((from ocaml/opam:debian-12-ocaml-5.2@sha256:c2c314346d00249c3beb5eb90881fba3db651faf127456c62c1474e32358d21b)
 (user (uid 1000) (gid 1000))
 (workdir /home/opam)
 (run (shell "sudo ln -f /usr/bin/opam-dev /usr/bin/opam"))
 (run (network host)
      (shell "opam init --reinit --config .opamrc-sandbox -ni"))
 (run (shell "uname -rs && opam exec -- ocaml -version && opam --version"))
 (env OPAMDOWNLOADJOBS 1)
 (env OPAMERRLOGLEN 0)
 (env OPAMSOLVERTIMEOUT 500)
 (env OPAMPRECISETRACKING 1)
 (env CI true)
 (env OPAM_REPO_CI true)
 (run (shell "rm -rf opam-repository/"))
 (copy (src .) (dst opam-repository/))
 (run (shell "opam repository set-url --strict default opam-repository/"))
 (run (network host)
      (shell "opam update --depexts || true"))
 (run (shell "opam pin add -k version -yn ppxlib.0.33.0 0.33.0"))
 (run (cache (opam-archives (target /home/opam/.opam/download-cache)))
      (network host)
      (shell  "opam reinstall ppxlib.0.33.0;\
             \n        res=$?;\
             \n        test \"$res\" != 31 && exit \"$res\";\
             \n        export OPAMCLI=2.0;\
             \n        build_dir=$(opam var prefix)/.opam-switch/build;\
             \n        failed=$(ls \"$build_dir\");\
             \n        partial_fails=\"\";\
             \n        for pkg in $failed; do\
             \n          if opam show -f x-ci-accept-failures: \"$pkg\" | grep -qF \"\\\"debian-12\\\"\"; then\
             \n            echo \"A package failed and has been disabled for CI using the 'x-ci-accept-failures' field.\";\
             \n          fi;\
             \n          test \"$pkg\" != 'ppxlib.0.33.0' && partial_fails=\"$partial_fails $pkg\";\
             \n        done;\
             \n        test \"${partial_fails}\" != \"\" && echo \"opam-repo-ci detected dependencies failing: ${partial_fails}\";\
             \n        exit 1"))
 (run (cache (opam-archives (target /home/opam/.opam/download-cache)))
      (network host)
      (shell  "opam reinstall current.0.6.1;\
             \n        res=$?;\
             \n        test \"$res\" != 31 && exit \"$res\";\
             \n        export OPAMCLI=2.0;\
             \n        build_dir=$(opam var prefix)/.opam-switch/build;\
             \n        failed=$(ls \"$build_dir\");\
             \n        partial_fails=\"\";\
             \n        for pkg in $failed; do\
             \n          if opam show -f x-ci-accept-failures: \"$pkg\" | grep -qF \"\\\"debian-12\\\"\"; then\
             \n            echo \"A package failed and has been disabled for CI using the 'x-ci-accept-failures' field.\";\
             \n          fi;\
             \n          test \"$pkg\" != 'current.0.6.1' && partial_fails=\"$partial_fails $pkg\";\
             \n        done;\
             \n        test \"${partial_fails}\" != \"\" && echo \"opam-repo-ci detected dependencies failing: ${partial_fails}\";\
             \n        exit 1"))
 (run (network host)
      (shell "(opam reinstall --with-test current.0.6.1) || true"))
 (run (shell  "opam reinstall --with-test --verbose current.0.6.1;\
             \n        res=$?;\
             \n        test \"$res\" != 31 && exit \"$res\";\
             \n        export OPAMCLI=2.0;\
             \n        build_dir=$(opam var prefix)/.opam-switch/build;\
             \n        failed=$(ls \"$build_dir\");\
             \n        partial_fails=\"\";\
             \n        for pkg in $failed; do\
             \n          if opam show -f x-ci-accept-failures: \"$pkg\" | grep -qF \"\\\"debian-12\\\"\"; then\
             \n            echo \"A package failed and has been disabled for CI using the 'x-ci-accept-failures' field.\";\
             \n          fi;\
             \n          test \"$pkg\" != 'current.0.6.1' && partial_fails=\"$partial_fails $pkg\";\
             \n        done;\
             \n        test \"${partial_fails}\" != \"\" && echo \"opam-repo-ci detected dependencies failing: ${partial_fails}\";\
             \n        exit 1"))
)

2024-07-18 09:55.09: Waiting for resource in pool OCluster
2024-07-18 11:45.51: Waiting for workerâ€¦
2024-07-18 11:47.39: Got resource from pool OCluster
Building on x86-bm-c4.sw.ocaml.org
All commits already cached
Updating files:  50% (15992/31847)Updating files:  51% (16242/31847)Updating files:  52% (16561/31847)Updating files:  53% (16879/31847)Updating files:  54% (17198/31847)Updating files:  55% (17516/31847)Updating files:  56% (17835/31847)Updating files:  57% (18153/31847)Updating files:  58% (18472/31847)Updating files:  59% (18790/31847)Updating files:  60% (19109/31847)Updating files:  61% (19427/31847)Updating files:  62% (19746/31847)Updating files:  63% (20064/31847)Updating files:  64% (20383/31847)Updating files:  65% (20701/31847)Updating files:  66% (21020/31847)Updating files:  67% (21338/31847)Updating files:  68% (21656/31847)Updating files:  69% (21975/31847)Updating files:  70% (22293/31847)Updating files:  71% (22612/31847)Updating files:  72% (22930/31847)Updating files:  73% (23249/31847)Updating files:  74% (23567/31847)Updating files:  75% (23886/31847)Updating files:  76% (24204/31847)Updating files:  77% (24523/31847)Updating files:  78% (24841/31847)Updating files:  79% (25160/31847)Updating files:  80% (25478/31847)Updating files:  81% (25797/31847)Updating files:  82% (26115/31847)Updating files:  83% (26434/31847)Updating files:  84% (26752/31847)Updating files:  85% (27070/31847)Updating files:  86% (27389/31847)Updating files:  87% (27707/31847)Updating files:  88% (28026/31847)Updating files:  89% (28344/31847)Updating files:  90% (28663/31847)Updating files:  91% (28981/31847)Updating files:  92% (29300/31847)Updating files:  93% (29618/31847)Updating files:  94% (29937/31847)Updating files:  94% (30228/31847)Updating files:  95% (30255/31847)Updating files:  96% (30574/31847)Updating files:  97% (30892/31847)Updating files:  98% (31211/31847)Updating files:  99% (31529/31847)Updating files: 100% (31847/31847)Updating files: 100% (31847/31847), done.
HEAD is now at 7b61e39dd0 Merge pull request #26252 from zapashcanon/master
Merge made by the 'ort' strategy.
 packages/ppxlib/ppxlib.0.33.0/opam | 61 ++++++++++++++++++++++++++++++++++++++
 1 file changed, 61 insertions(+)
 create mode 100644 packages/ppxlib/ppxlib.0.33.0/opam

[01;34m(from ocaml/opam:debian-12-ocaml-5.2@sha256:c2c314346d00249c3beb5eb90881fba3db651faf127456c62c1474e32358d21b)[0m
Unable to find image 'ocaml/opam:debian-12-ocaml-5.2@sha256:c2c314346d00249c3beb5eb90881fba3db651faf127456c62c1474e32358d21b' locally
docker.io/ocaml/opam@sha256:c2c314346d00249c3beb5eb90881fba3db651faf127456c62c1474e32358d21b: Pulling from ocaml/opam
a31d6ba683d3: Pulling fs layer
a31d6ba683d3: Download complete
a31d6ba683d3: Pull complete
Digest: sha256:c2c314346d00249c3beb5eb90881fba3db651faf127456c62c1474e32358d21b
Status: Downloaded newer image for ocaml/opam@sha256:c2c314346d00249c3beb5eb90881fba3db651faf127456c62c1474e32358d21b
[01;2m[01;35m2024-07-18 11:47.43 ---> using "8ffd21b26d3e7a70d08f7ad2dfe8365dd11d916fe426237b721b129939daf5d3" from cache[0m

[01;34m/: (user (uid 1000) (gid 1000))[0m

[01;34m/: (workdir /home/opam)[0m

[01;34m/home/opam: (run (shell "sudo ln -f /usr/bin/opam-dev /usr/bin/opam"))[0m
[01;2m[01;35m2024-07-18 11:47.43 ---> using "d745d6ae644c8dca6fc30c9a1c2a853ba9d7fb18e79f2d628bad0c0fda3f228d" from cache[0m

[01;34m/home/opam: (run (network host)
                 (shell "opam init --reinit --config .opamrc-sandbox -ni"))[0m
Configuring from /home/opam/.opamrc-sandbox, then /home/opam/.opamrc, and finally from built-in defaults.
Checking for available remotes: rsync and local, git.
  - you won't be able to use mercurial repositories unless you install the hg command on your system.
  - you won't be able to use darcs repositories unless you install the darcs command on your system.

This development version of opam requires an update to the layout of /home/opam/.opam from version 2.0 to version 2.2, which can't be reverted.
You may want to back it up before going further.

Continue? [y/n] y
[NOTE] The 'jobs' option was reset, its value was 39 and its new value will vary according to the current number of cores on your machine. You can restore the fixed value using:
           opam option jobs=39 --global
Format upgrade done.

<><> Updating repositories ><><><><><><><><><><><><><><><><><><><><><><><><><><>
[default] synchronised from file:///home/opam/opam-repository
[01;2m[01;35m2024-07-18 11:47.43 ---> using "a53d1c6c5e45819d8e3165e169421f9cdf8fa5ef9c2a1bc53ca7b73297b8f5ca" from cache[0m

[01;34m/home/opam: (run (shell "uname -rs && opam exec -- ocaml -version && opam --version"))[0m
Linux 5.15.0-116-generic
The OCaml toplevel, version 5.2.0
2.3.0~alpha~dev
[01;2m[01;35m2024-07-18 11:47.43 ---> using "c8c695bf30ebd2f2ae2998a4a6aed1680afaddfbc7d74ea77ede6a45ac6e5d58" from cache[0m

[01;34m/home/opam: (env OPAMDOWNLOADJOBS 1)[0m

[01;34m/home/opam: (env OPAMERRLOGLEN 0)[0m

[01;34m/home/opam: (env OPAMSOLVERTIMEOUT 500)[0m

[01;34m/home/opam: (env OPAMPRECISETRACKING 1)[0m

[01;34m/home/opam: (env CI true)[0m

[01;34m/home/opam: (env OPAM_REPO_CI true)[0m

[01;34m/home/opam: (run (shell "rm -rf opam-repository/"))[0m
[01;2m[01;35m2024-07-18 11:47.43 ---> using "3065a01d4c804211a790aa789cbb42e2322910cd05957090623d7fd6afefd0fc" from cache[0m

[01;34m/home/opam: (copy (src .) (dst opam-repository/))[0m
[01;2m[01;35m2024-07-18 11:47.45 ---> using "ee7d3f8c9348dd61ecf740a5c080cbf7d84b73372aea64e521706fa24e517947" from cache[0m

[01;34m/home/opam: (run (shell "opam repository set-url --strict default opam-repository/"))[0m
[default] Initialised
[01;2m[01;35m2024-07-18 11:47.45 ---> using "81c98325947e50b7dd7b9599c09eb8effda02092e19cc4e524ac852a5585fb8f" from cache[0m

[01;34m/home/opam: (run (network host)
                 (shell "opam update --depexts || true"))[0m
+ /usr/bin/sudo "apt-get" "update"
- Hit:1 http://deb.debian.org/debian bookworm InRelease
- Get:2 http://deb.debian.org/debian bookworm-updates InRelease [55.4 kB]
- Get:3 http://deb.debian.org/debian-security bookworm-security InRelease [48.0 kB]
- Get:4 http://deb.debian.org/debian-security bookworm-security/main amd64 Packages [169 kB]
- Fetched 272 kB in 0s (1220 kB/s)
- Reading package lists...
[01;2m[01;35m2024-07-18 11:47.45 ---> using "001604c6d3b8de66a0cb98247ae20ff71ddd77e791bf80e2fc4bcb1cc1d3e543" from cache[0m

[01;34m/home/opam: (run (shell "opam pin add -k version -yn ppxlib.0.33.0 0.33.0"))[0m
ppxlib is now pinned to version 0.33.0
[01;2m[01;35m2024-07-18 11:47.45 ---> using "fb221f5052e68cf301dbc22238f2a589e19975d1863e1428561e8e3d56ba98d0" from cache[0m

[01;34m/home/opam: (run (cache (opam-archives (target /home/opam/.opam/download-cache)))
                 (network host)
                 (shell  "opam reinstall ppxlib.0.33.0;\
                        \n        res=$?;\
                        \n        test \"$res\" != 31 && exit \"$res\";\
                        \n        export OPAMCLI=2.0;\
                        \n        build_dir=$(opam var prefix)/.opam-switch/build;\
                        \n        failed=$(ls \"$build_dir\");\
                        \n        partial_fails=\"\";\
                        \n        for pkg in $failed; do\
                        \n          if opam show -f x-ci-accept-failures: \"$pkg\" | grep -qF \"\\\"debian-12\\\"\"; then\
                        \n            echo \"A package failed and has been disabled for CI using the 'x-ci-accept-failures' field.\";\
                        \n          fi;\
                        \n          test \"$pkg\" != 'ppxlib.0.33.0' && partial_fails=\"$partial_fails $pkg\";\
                        \n        done;\
                        \n        test \"${partial_fails}\" != \"\" && echo \"opam-repo-ci detected dependencies failing: ${partial_fails}\";\
                        \n        exit 1"))[0m
ppxlib.0.33.0 is not installed. Install it? [y/n] y
The following actions will be performed:
=== install 6 packages
  - install dune                3.16.0          [required by ppxlib]
  - install ocaml-compiler-libs v0.17.0         [required by ppxlib]
  - install ppx_derivers        1.2.1           [required by ppxlib]
  - install ppxlib              0.33.0 (pinned)
  - install sexplib0            v0.17.0         [required by ppxlib]
  - install stdlib-shims        0.3.0           [required by ppxlib]

<><> Processing actions <><><><><><><><><><><><><><><><><><><><><><><><><><><><>
-> retrieved dune.3.16.0  (cached)
-> retrieved ocaml-compiler-libs.v0.17.0  (cached)
-> retrieved ppx_derivers.1.2.1  (cached)
-> retrieved ppxlib.0.33.0  (cached)
-> retrieved sexplib0.v0.17.0  (cached)
-> retrieved stdlib-shims.0.3.0  (cached)
-> installed dune.3.16.0
-> installed ppx_derivers.1.2.1
-> installed stdlib-shims.0.3.0
-> installed sexplib0.v0.17.0
-> installed ocaml-compiler-libs.v0.17.0
-> installed ppxlib.0.33.0
Done.
# Run eval $(opam env) to update the current shell environment
[01;2m[01;35m2024-07-18 11:47.45 ---> using "449d9e93233b563d34e0feb7e4d18f3fe68e39bcb3eadf67c7fd137f676d99b9" from cache[0m

[01;34m/home/opam: (run (cache (opam-archives (target /home/opam/.opam/download-cache)))
                 (network host)
                 (shell  "opam reinstall current.0.6.1;\
                        \n        res=$?;\
                        \n        test \"$res\" != 31 && exit \"$res\";\
                        \n        export OPAMCLI=2.0;\
                        \n        build_dir=$(opam var prefix)/.opam-switch/build;\
                        \n        failed=$(ls \"$build_dir\");\
                        \n        partial_fails=\"\";\
                        \n        for pkg in $failed; do\
                        \n          if opam show -f x-ci-accept-failures: \"$pkg\" | grep -qF \"\\\"debian-12\\\"\"; then\
                        \n            echo \"A package failed and has been disabled for CI using the 'x-ci-accept-failures' field.\";\
                        \n          fi;\
                        \n          test \"$pkg\" != 'current.0.6.1' && partial_fails=\"$partial_fails $pkg\";\
                        \n        done;\
                        \n        test \"${partial_fails}\" != \"\" && echo \"opam-repo-ci detected dependencies failing: ${partial_fails}\";\
                        \n        exit 1"))[0m
current.0.6.1 is not installed. Install it? [y/n] y
The following actions will be performed:
=== install 30 packages
  - install asetmap           0.8.1  [required by prometheus]
  - install astring           0.8.5  [required by current]
  - install base-bytes        base   [required by ocplib-endian]
  - install bos               0.2.1  [required by current]
  - install cmdliner          1.3.0  [required by current]
  - install conf-libev        4-12   [required by current]
  - install conf-pkg-config   3      [required by conf-sqlite3]
  - install conf-sqlite3      1      [required by sqlite3]
  - install cppo              1.6.9  [required by ppx_deriving]
  - install csexp             1.5.2  [required by dune-configurator]
  - install current           0.6.1
  - install current_incr      0.6.1  [required by current]
  - install dune-configurator 3.16.0 [required by sqlite3]
  - install duration          0.2.1  [required by current]
  - install fmt               0.9.0  [required by current]
  - install fpath             0.7.3  [required by current]
  - install logs              0.7.0  [required by current]
  - install lwt               5.7.0  [required by current]
  - install lwt-dllist        1.0.1  [required by current]
  - install ocamlbuild        0.15.0 [required by astring, bos]
  - install ocamlfind         1.9.6  [required by bos, astring, ppx_deriving]
  - install ocplib-endian     1.2    [required by lwt]
  - install ppx_deriving      6.0.2  [required by current]
  - install prometheus        1.2    [required by current]
  - install re                1.11.0 [required by current]
  - install result            1.5    [required by current]
  - install rresult           0.7.0  [required by bos]
  - install seq               base   [required by re]
  - install sqlite3           5.1.0  [required by current]
  - install topkg             1.0.7  [required by astring, bos]

The following system packages will first need to be installed:
    libev-dev libsqlite3-dev pkg-config

<><> Handling external dependencies <><><><><><><><><><><><><><><><><><><><><><>

opam believes some required external dependencies are missing. opam can:
> 1. Run apt-get to install them (may need root/sudo access)
  2. Display the recommended apt-get command and wait while you run it manually (e.g. in another terminal)
  3. Continue anyway, and, upon success, permanently register that this external dependency is present, but not detectable
  4. Abort the installation

[1/2/3/4] 1

+ /usr/bin/sudo "apt-get" "install" "-qq" "-yy" "libev-dev" "libsqlite3-dev" "pkg-config"
- debconf: delaying package configuration, since apt-utils is not installed
- Selecting previously unselected package libev4:amd64.
- (Reading database ... (Reading database ... 5%(Reading database ... 10%(Reading database ... 15%(Reading database ... 20%(Reading database ... 25%(Reading database ... 30%(Reading database ... 35%(Reading database ... 40%(Reading database ... 45%(Reading database ... 50%(Reading database ... 55%(Reading database ... 60%(Reading database ... 65%(Reading database ... 70%(Reading database ... 75%(Reading database ... 80%(Reading database ... 85%(Reading database ... 90%(Reading database ... 95%(Reading database ... 100%(Reading database ... 18765 files and directories currently installed.)
- Preparing to unpack .../0-libev4_1%3a4.33-1_amd64.deb ...
- Unpacking libev4:amd64 (1:4.33-1) ...
- Selecting previously unselected package libev-dev:amd64.
- Preparing to unpack .../1-libev-dev_1%3a4.33-1_amd64.deb ...
- Unpacking libev-dev:amd64 (1:4.33-1) ...
- Selecting previously unselected package libpkgconf3:amd64.
- Preparing to unpack .../2-libpkgconf3_1.8.1-1_amd64.deb ...
- Unpacking libpkgconf3:amd64 (1.8.1-1) ...
- Selecting previously unselected package libsqlite3-dev:amd64.
- Preparing to unpack .../3-libsqlite3-dev_3.40.1-2_amd64.deb ...
- Unpacking libsqlite3-dev:amd64 (3.40.1-2) ...
- Selecting previously unselected package pkgconf-bin.
- Preparing to unpack .../4-pkgconf-bin_1.8.1-1_amd64.deb ...
- Unpacking pkgconf-bin (1.8.1-1) ...
- Selecting previously unselected package pkgconf:amd64.
- Preparing to unpack .../5-pkgconf_1.8.1-1_amd64.deb ...
- Unpacking pkgconf:amd64 (1.8.1-1) ...
- Selecting previously unselected package pkg-config:amd64.
- Preparing to unpack .../6-pkg-config_1.8.1-1_amd64.deb ...
- Unpacking pkg-config:amd64 (1.8.1-1) ...
- Setting up libev4:amd64 (1:4.33-1) ...
- Setting up libpkgconf3:amd64 (1.8.1-1) ...
- Setting up libsqlite3-dev:amd64 (3.40.1-2) ...
- Setting up pkgconf-bin (1.8.1-1) ...
- Setting up libev-dev:amd64 (1:4.33-1) ...
- Setting up pkgconf:amd64 (1.8.1-1) ...
- Setting up pkg-config:amd64 (1.8.1-1) ...
- Processing triggers for libc-bin (2.36-9+deb12u7) ...

<><> Processing actions <><><><><><><><><><><><><><><><><><><><><><><><><><><><>
-> retrieved asetmap.0.8.1  (cached)
-> retrieved astring.0.8.5  (cached)
-> retrieved bos.0.2.1  (cached)
-> retrieved cmdliner.1.3.0  (cached)
-> retrieved conf-libev.4-12  (cached)
-> retrieved cppo.1.6.9  (cached)
-> installed conf-pkg-config.3
-> retrieved csexp.1.5.2  (cached)
-> installed conf-sqlite3.1
-> retrieved current.0.6.1  (cached)
-> retrieved current_incr.0.6.1  (cached)
-> installed csexp.1.5.2
-> installed conf-libev.4-12
-> installed current_incr.0.6.1
-> retrieved dune-configurator.3.16.0  (cached)
-> installed cppo.1.6.9
-> retrieved duration.0.2.1  (cached)
-> retrieved fmt.0.9.0  (cached)
-> retrieved fpath.0.7.3  (cached)
-> retrieved logs.0.7.0  (cached)
-> retrieved lwt.5.7.0  (cached)
-> retrieved lwt-dllist.1.0.1  (cached)
-> retrieved ocamlbuild.0.15.0  (cached)
-> installed duration.0.2.1
-> retrieved ocamlfind.1.9.6  (cached)
-> retrieved ocplib-endian.1.2  (cached)
-> retrieved ppx_deriving.6.0.2  (cached)
-> retrieved prometheus.1.2  (cached)
-> installed lwt-dllist.1.0.1
-> retrieved re.1.11.0  (cached)
-> retrieved result.1.5  (cached)
-> retrieved rresult.0.7.0  (cached)
-> retrieved seq.base  (cached)
-> installed seq.base
-> retrieved sqlite3.5.1.0  (cached)
-> retrieved topkg.1.0.7  (cached)
-> installed cmdliner.1.3.0
-> installed result.1.5
-> installed dune-configurator.3.16.0
-> installed re.1.11.0
-> installed sqlite3.5.1.0
-> installed ocamlfind.1.9.6
-> installed base-bytes.base
-> installed ocplib-endian.1.2
-> installed ocamlbuild.0.15.0
-> installed ppx_deriving.6.0.2
-> installed lwt.5.7.0
-> installed topkg.1.0.7
-> installed asetmap.0.8.1
-> installed rresult.0.7.0
-> installed fmt.0.9.0
-> installed astring.0.8.5
-> installed prometheus.1.2
-> installed fpath.0.7.3
-> installed logs.0.7.0
-> installed bos.0.2.1
-> installed current.0.6.1
Done.
# Run eval $(opam env) to update the current shell environment
[01;2m[01;35m2024-07-18 11:49.03 ---> saved as "09d3f2eb4bb49c4ba3d8a4611c143da9af139a3822bfd0a8d0aed95255543aeb"[0m

[01;34m/home/opam: (run (network host)
                 (shell "(opam reinstall --with-test current.0.6.1) || true"))[0m
[ERROR] Sorry, resolution of the request timed out.
        Try to specify a more precise request, use a different solver, or increase the allowed time by setting OPAMSOLVERTIMEOUT to a bigger value (currently, it is set to 500.0 seconds).
[01;2m[01;35m2024-07-18 11:57.47 ---> saved as "97dcaa56d323fbd63f7184010cd1bef5bcf46f5baee94b0a144bd34d913d4cfe"[0m

[01;34m/home/opam: (run (shell  "opam reinstall --with-test --verbose current.0.6.1;\
                        \n        res=$?;\
                        \n        test \"$res\" != 31 && exit \"$res\";\
                        \n        export OPAMCLI=2.0;\
                        \n        build_dir=$(opam var prefix)/.opam-switch/build;\
                        \n        failed=$(ls \"$build_dir\");\
                        \n        partial_fails=\"\";\
                        \n        for pkg in $failed; do\
                        \n          if opam show -f x-ci-accept-failures: \"$pkg\" | grep -qF \"\\\"debian-12\\\"\"; then\
                        \n            echo \"A package failed and has been disabled for CI using the 'x-ci-accept-failures' field.\";\
                        \n          fi;\
                        \n          test \"$pkg\" != 'current.0.6.1' && partial_fails=\"$partial_fails $pkg\";\
                        \n        done;\
                        \n        test \"${partial_fails}\" != \"\" && echo \"opam-repo-ci detected dependencies failing: ${partial_fails}\";\
                        \n        exit 1"))[0m
The following actions will be performed:
=== downgrade 2 packages
  - downgrade prometheus         1.2 to 1.1         [required by current]
  - downgrade sexplib0           v0.17.0 to v0.15.1 [required by cohttp, cohttp-lwt]
=== recompile 3 packages
  - recompile current            0.6.1
  - recompile ppx_deriving       6.0.2              [uses ppxlib]
  - recompile ppxlib             0.33.0 (pinned)    [uses sexplib0]
=== install 28 packages
  - install   alcotest           1.7.0              [required by current]
  - install   alcotest-lwt       1.7.0              [required by current]
  - install   angstrom           0.16.0             [required by uri]
  - install   base               v0.15.1            [required by ppx_sexp_conv]
  - install   base64             3.5.1              [required by cohttp]
  - install   bigstringaf        0.9.1              [required by angstrom]
  - install   cohttp             4.0.0              [required by prometheus-app]
  - install   cohttp-lwt         4.0.0              [required by prometheus-app]
  - install   cohttp-lwt-unix    4.0.0              [required by prometheus-app]
  - install   conduit            2.1.0              [required by conduit-lwt]
  - install   conduit-lwt        2.1.0              [required by cohttp-lwt-unix]
  - install   conduit-lwt-unix   2.1.0              [required by cohttp-lwt-unix]
  - install   domain-name        0.4.0              [required by ipaddr]
  - install   ipaddr             5.5.0              [required by conduit-lwt-unix]
  - install   ipaddr-sexp        5.5.0              [required by conduit-lwt-unix]
  - install   jsonm              1.0.2              [required by cohttp]
  - install   macaddr            5.5.0              [required by ipaddr]
  - install   magic-mime         1.3.1              [required by cohttp-lwt-unix]
  - install   num                1.5-1              [required by sexplib]
  - install   ocaml-syntax-shims 1.0.0              [required by alcotest]
  - install   parsexp            v0.15.0            [required by sexplib]
  - install   ppx_sexp_conv      v0.15.1            [required by cohttp-lwt, cohttp, cohttp-lwt-unix]
  - install   prometheus-app     1.1                [required by current]
  - install   sexplib            v0.15.1            [required by conduit-lwt]
  - install   stringext          1.6.0              [required by cohttp]
  - install   uri                4.4.0              [required by cohttp, cohttp-lwt]
  - install   uri-sexp           4.4.0              [required by cohttp]
  - install   uutf               1.0.3              [required by alcotest]

<><> Processing actions <><><><><><><><><><><><><><><><><><><><><><><><><><><><>
Processing  1/95: [alcotest.1.7.0, alcotest-lwt.1.7.0: http]
[ERROR] Failed to get sources of alcotest.1.7.0, alcotest-lwt.1.7.0 (https://github.com/mirage/alcotest/releases/download/1.7.0/alcotest-1.7.0.tbz): Curl failed
Processing  2/95: [angstrom.0.16.0: http]
[ERROR] Failed to get sources of angstrom.0.16.0: Curl failed
Processing  3/95: [base.v0.15.1: http]
[ERROR] Failed to get sources of base.v0.15.1: Curl failed
Processing  4/95: [base64.3.5.1: http]
[ERROR] Failed to get sources of base64.3.5.1: Curl failed
Processing  5/95: [bigstringaf.0.9.1: http]
Processing  6/95: [bigstringaf.0.9.1: http]
Processing  7/95: [bigstringaf.0.9.1: http]
[ERROR] Failed to get sources of bigstringaf.0.9.1: Curl failed
Processing  8/95: [cohttp.4.0.0, cohttp-lwt.4.0.0, cohttp-lwt-unix.4.0.0: http]
Processing  9/95: [cohttp.4.0.0, cohttp-lwt.4.0.0, cohttp-lwt-unix.4.0.0: http]
Processing 10/95: [cohttp.4.0.0, cohttp-lwt.4.0.0, cohttp-lwt-unix.4.0.0: http]
[ERROR] Failed to get sources of cohttp.4.0.0, cohttp-lwt.4.0.0, cohttp-lwt-unix.4.0.0 (https://github.com/mirage/ocaml-cohttp/releases/download/v4.0.0/cohttp-v4.0.0.tbz): Curl failed
Processing 11/95: [conduit.2.1.0, conduit-lwt.2.1.0, conduit-lwt-unix.2.1.0: http]
[ERROR] Failed to get sources of conduit.2.1.0, conduit-lwt.2.1.0, conduit-lwt-unix.2.1.0 (https://github.com/mirage/ocaml-conduit/releases/download/v2.1.0/conduit-v2.1.0.tbz): Curl failed
Processing 12/95: [current.0.6.1: http]
[ERROR] Failed to get sources of current.0.6.1: Curl failed
Processing 13/95: [domain-name.0.4.0: http]
[ERROR] Failed to get sources of domain-name.0.4.0: Curl failed
Processing 14/95: [ipaddr.5.5.0, ipaddr-sexp.5.5.0, macaddr.5.5.0: http]
Processing 15/95: [ipaddr.5.5.0, ipaddr-sexp.5.5.0, macaddr.5.5.0: http]
Processing 16/95: [ipaddr.5.5.0, ipaddr-sexp.5.5.0, macaddr.5.5.0: http]
[ERROR] Failed to get sources of ipaddr.5.5.0, ipaddr-sexp.5.5.0, macaddr.5.5.0 (https://github.com/mirage/ocaml-ipaddr/releases/download/v5.5.0/ipaddr-5.5.0.tbz): Curl failed
Processing 17/95: [jsonm.1.0.2: http]
Processing 18/95: [jsonm.1.0.2: http]
Processing 19/95: [jsonm.1.0.2: http]
Processing 20/95: [jsonm.1.0.2: http]
Processing 21/95: [jsonm.1.0.2: http]
[ERROR] Failed to get sources of jsonm.1.0.2: Curl failed
Processing 22/95: [magic-mime.1.3.1: http]
[ERROR] Failed to get sources of magic-mime.1.3.1: Curl failed
Processing 23/95: [num.1.5-1: http]
Processing 24/95: [num.1.5-1: http]
Processing 25/95: [num.1.5-1: http]
[ERROR] Failed to get sources of num.1.5-1: Curl failed
Processing 26/95: [ocaml-syntax-shims.1.0.0: http]
Processing 27/95: [ocaml-syntax-shims.1.0.0: http]
Processing 28/95: [ocaml-syntax-shims.1.0.0: http]
[ERROR] Failed to get sources of ocaml-syntax-shims.1.0.0: Curl failed
Processing 29/95: [parsexp.v0.15.0: http]
Processing 30/95: [parsexp.v0.15.0: http]
Processing 31/95: [parsexp.v0.15.0: http]
Processing 32/95: [parsexp.v0.15.0: http]
Processing 33/95: [parsexp.v0.15.0: http]
[ERROR] Failed to get sources of parsexp.v0.15.0: Curl failed
Processing 34/95: [ppx_deriving.6.0.2: http]
[ERROR] Failed to get sources of ppx_deriving.6.0.2: Curl failed
Processing 35/95: [ppx_sexp_conv.v0.15.1: http]
[ERROR] Failed to get sources of ppx_sexp_conv.v0.15.1: Curl failed
Processing 36/95: [ppxlib.0.33.0: http]
[ERROR] Failed to get sources of ppxlib.0.33.0: Curl failed
Processing 37/95: [prometheus.1.1, prometheus-app.1.1: http]
[ERROR] Failed to get sources of prometheus.1.1, prometheus-app.1.1 (https://github.com/mirage/prometheus/releases/download/v1.1/prometheus-v1.1.tbz): Curl failed
Processing 38/95: [sexplib.v0.15.1: http]
Processing 39/95: [sexplib.v0.15.1: http]
[ERROR] Failed to get sources of sexplib.v0.15.1: Curl failed
Processing 40/95: [sexplib0.v0.15.1: http]
[ERROR] Failed to get sources of sexplib0.v0.15.1: Curl failed
Processing 41/95: [stringext.1.6.0: http]
Processing 42/95: [stringext.1.6.0: http]
[ERROR] Failed to get sources of stringext.1.6.0: Curl failed
Processing 43/95: [uri.4.4.0, uri-sexp.4.4.0: http]
Processing 44/95: [uri.4.4.0, uri-sexp.4.4.0: http]
Processing 45/95: [uri.4.4.0, uri-sexp.4.4.0: http]
[ERROR] Failed to get sources of uri.4.4.0, uri-sexp.4.4.0 (https://github.com/mirage/ocaml-uri/releases/download/v4.4.0/uri-4.4.0.tbz): Curl failed
Processing 46/95: [uutf.1.0.3: http]
Processing 47/95: [uutf.1.0.3: http]
Processing 48/95: [uutf.1.0.3: http]
[ERROR] Failed to get sources of uutf.1.0.3: Curl failed

#=== ERROR while fetching sources for uutf.1.0.3 ==============================#
OpamSolution.Fetch_fail("https://erratique.ch/software/uutf/releases/uutf-1.0.3.tbz (Curl failed: \"/usr/bin/curl --write-out %{http_code}\\\\n --retry 3 --retry-delay 2 --user-agent opam/2.3.0~alpha~dev -L -o /home/opam/.opam/5.2/.opam-switch/sources/uutf.1.0.3/uutf-1.0.3.tbz.part -- https://erratique.ch/software/uutf/releases/uutf-1.0.3.tbz\" exited with code 6)")

#=== ERROR while fetching sources for uri.4.4.0 and uri-sexp.4.4.0 ============#
OpamSolution.Fetch_fail("https://github.com/mirage/ocaml-uri/releases/download/v4.4.0/uri-4.4.0.tbz (Curl failed: \"/usr/bin/curl --write-out %{http_code}\\\\n --retry 3 --retry-delay 2 --user-agent opam/2.3.0~alpha~dev -L -o /tmp/opam-7-2d8305/uri-4.4.0.tbz.part -- https://github.com/mirage/ocaml-uri/releases/download/v4.4.0/uri-4.4.0.tbz\" exited with code 6)")

#=== ERROR while fetching sources for stringext.1.6.0 =========================#
OpamSolution.Fetch_fail("https://github.com/rgrinberg/stringext/releases/download/1.6.0/stringext-1.6.0.tbz (Curl failed: \"/usr/bin/curl --write-out %{http_code}\\\\n --retry 3 --retry-delay 2 --user-agent opam/2.3.0~alpha~dev -L -o /home/opam/.opam/5.2/.opam-switch/sources/stringext.1.6.0/stringext-1.6.0.tbz.part -- https://github.com/rgrinberg/stringext/releases/download/1.6.0/stringext-1.6.0.tbz\" exited with code 6)")

#=== ERROR while fetching sources for sexplib0.v0.15.1 ========================#
OpamSolution.Fetch_fail("https://github.com/janestreet/sexplib0/archive/refs/tags/v0.15.1.tar.gz (Curl failed: \"/usr/bin/curl --write-out %{http_code}\\\\n --retry 3 --retry-delay 2 --user-agent opam/2.3.0~alpha~dev -L -o /home/opam/.opam/5.2/.opam-switch/sources/sexplib0.v0.15.1/v0.15.1.tar.gz.part -- https://github.com/janestreet/sexplib0/archive/refs/tags/v0.15.1.tar.gz\" exited with code 6)")

#=== ERROR while fetching sources for sexplib.v0.15.1 =========================#
OpamSolution.Fetch_fail("https://github.com/janestreet/sexplib/archive/refs/tags/v0.15.1.tar.gz (Curl failed: \"/usr/bin/curl --write-out %{http_code}\\\\n --retry 3 --retry-delay 2 --user-agent opam/2.3.0~alpha~dev -L -o /home/opam/.opam/5.2/.opam-switch/sources/sexplib.v0.15.1/v0.15.1.tar.gz.part -- https://github.com/janestreet/sexplib/archive/refs/tags/v0.15.1.tar.gz\" exited with code 6)")

#=== ERROR while fetching sources for prometheus.1.1 and prometheus-app.1.1 ===#
OpamSolution.Fetch_fail("https://github.com/mirage/prometheus/releases/download/v1.1/prometheus-v1.1.tbz (Curl failed: \"/usr/bin/curl --write-out %{http_code}\\\\n --retry 3 --retry-delay 2 --user-agent opam/2.3.0~alpha~dev -L -o /tmp/opam-7-fc17da/prometheus-v1.1.tbz.part -- https://github.com/mirage/prometheus/releases/download/v1.1/prometheus-v1.1.tbz\" exited with code 6)")

#=== ERROR while fetching sources for ppxlib.0.33.0 ===========================#
OpamSolution.Fetch_fail("https://github.com/ocaml-ppx/ppxlib/archive/44a723ecb4de733a5e62767c1fb72f9d5819f529.tar.gz (Curl failed: \"/usr/bin/curl --write-out %{http_code}\\\\n --retry 3 --retry-delay 2 --user-agent opam/2.3.0~alpha~dev -L -o /home/opam/.opam/5.2/.opam-switch/sources/ppxlib/44a723ecb4de733a5e62767c1fb72f9d5819f529.tar.gz.part -- https://github.com/ocaml-ppx/ppxlib/archive/44a723ecb4de733a5e62767c1fb72f9d5819f529.tar.gz\" exited with code 6)")

#=== ERROR while fetching sources for ppx_sexp_conv.v0.15.1 ===================#
OpamSolution.Fetch_fail("https://github.com/janestreet/ppx_sexp_conv/archive/refs/tags/v0.15.1.tar.gz (Curl failed: \"/usr/bin/curl --write-out %{http_code}\\\\n --retry 3 --retry-delay 2 --user-agent opam/2.3.0~alpha~dev -L -o /home/opam/.opam/5.2/.opam-switch/sources/ppx_sexp_conv.v0.15.1/v0.15.1.tar.gz.part -- https://github.com/janestreet/ppx_sexp_conv/archive/refs/tags/v0.15.1.tar.gz\" exited with code 6)")

#=== ERROR while fetching sources for ppx_deriving.6.0.2 ======================#
OpamSolution.Fetch_fail("https://github.com/ocaml-ppx/ppx_deriving/releases/download/v6.0.2/ppx_deriving-6.0.2.tbz (Curl failed: \"/usr/bin/curl --write-out %{http_code}\\\\n --retry 3 --retry-delay 2 --user-agent opam/2.3.0~alpha~dev -L -o /home/opam/.opam/5.2/.opam-switch/sources/ppx_deriving.6.0.2/ppx_deriving-6.0.2.tbz.part -- https://github.com/ocaml-ppx/ppx_deriving/releases/download/v6.0.2/ppx_deriving-6.0.2.tbz\" exited with code 6)")

#=== ERROR while fetching sources for parsexp.v0.15.0 =========================#
OpamSolution.Fetch_fail("https://ocaml.janestreet.com/ocaml-core/v0.15/files/parsexp-v0.15.0.tar.gz (Curl failed: \"/usr/bin/curl --write-out %{http_code}\\\\n --retry 3 --retry-delay 2 --user-agent opam/2.3.0~alpha~dev -L -o /home/opam/.opam/5.2/.opam-switch/sources/parsexp.v0.15.0/parsexp-v0.15.0.tar.gz.part -- https://ocaml.janestreet.com/ocaml-core/v0.15/files/parsexp-v0.15.0.tar.gz\" exited with code 6)")

#=== ERROR while fetching sources for ocaml-syntax-shims.1.0.0 ================#
OpamSolution.Fetch_fail("https://github.com/ocaml-ppx/ocaml-syntax-shims/releases/download/1.0.0/ocaml-syntax-shims-1.0.0.tbz (Curl failed: \"/usr/bin/curl --write-out %{http_code}\\\\n --retry 3 --retry-delay 2 --user-agent opam/2.3.0~alpha~dev -L -o /home/opam/.opam/5.2/.opam-switch/sources/ocaml-syntax-shims.1.0.0/ocaml-syntax-shims-1.0.0.tbz.part -- https://github.com/ocaml-ppx/ocaml-syntax-shims/releases/download/1.0.0/ocaml-syntax-shims-1.0.0.tbz\" exited with code 6)")

#=== ERROR while fetching sources for num.1.5-1 ===============================#
OpamSolution.Fetch_fail("https://github.com/ocaml/num/archive/v1.5.tar.gz (Curl failed: \"/usr/bin/curl --write-out %{http_code}\\\\n --retry 3 --retry-delay 2 --user-agent opam/2.3.0~alpha~dev -L -o /home/opam/.opam/5.2/.opam-switch/sources/num.1.5-1/v1.5.tar.gz.part -- https://github.com/ocaml/num/archive/v1.5.tar.gz\" exited with code 6)")

#=== ERROR while fetching sources for magic-mime.1.3.1 ========================#
OpamSolution.Fetch_fail("https://github.com/mirage/ocaml-magic-mime/releases/download/v1.3.1/magic-mime-1.3.1.tbz (Curl failed: \"/usr/bin/curl --write-out %{http_code}\\\\n --retry 3 --retry-delay 2 --user-agent opam/2.3.0~alpha~dev -L -o /home/opam/.opam/5.2/.opam-switch/sources/magic-mime.1.3.1/magic-mime-1.3.1.tbz.part -- https://github.com/mirage/ocaml-magic-mime/releases/download/v1.3.1/magic-mime-1.3.1.tbz\" exited with code 6)")

#=== ERROR while fetching sources for jsonm.1.0.2 =============================#
OpamSolution.Fetch_fail("https://erratique.ch/software/jsonm/releases/jsonm-1.0.2.tbz (Curl failed: \"/usr/bin/curl --write-out %{http_code}\\\\n --retry 3 --retry-delay 2 --user-agent opam/2.3.0~alpha~dev -L -o /home/opam/.opam/5.2/.opam-switch/sources/jsonm.1.0.2/jsonm-1.0.2.tbz.part -- https://erratique.ch/software/jsonm/releases/jsonm-1.0.2.tbz\" exited with code 6)")

#=== ERROR while fetching sources for ipaddr.5.5.0, ipaddr-sexp.5.5.0 and macaddr.5.5.0 
OpamSolution.Fetch_fail("https://github.com/mirage/ocaml-ipaddr/releases/download/v5.5.0/ipaddr-5.5.0.tbz (Curl failed: \"/usr/bin/curl --write-out %{http_code}\\\\n --retry 3 --retry-delay 2 --user-agent opam/2.3.0~alpha~dev -L -o /tmp/opam-7-99c54d/ipaddr-5.5.0.tbz.part -- https://github.com/mirage/ocaml-ipaddr/releases/download/v5.5.0/ipaddr-5.5.0.tbz\" exited with code 6)")

#=== ERROR while fetching sources for domain-name.0.4.0 =======================#
OpamSolution.Fetch_fail("https://github.com/hannesm/domain-name/releases/download/v0.4.0/domain-name-0.4.0.tbz (Curl failed: \"/usr/bin/curl --write-out %{http_code}\\\\n --retry 3 --retry-delay 2 --user-agent opam/2.3.0~alpha~dev -L -o /home/opam/.opam/5.2/.opam-switch/sources/domain-name.0.4.0/domain-name-0.4.0.tbz.part -- https://github.com/hannesm/domain-name/releases/download/v0.4.0/domain-name-0.4.0.tbz\" exited with code 6)")

#=== ERROR while fetching sources for current.0.6.1 ===========================#
OpamSolution.Fetch_fail("https://github.com/ocurrent/ocurrent/releases/download/0.6.1/current-0.6.1.tbz (Curl failed: \"/usr/bin/curl --write-out %{http_code}\\\\n --retry 3 --retry-delay 2 --user-agent opam/2.3.0~alpha~dev -L -o /home/opam/.opam/5.2/.opam-switch/sources/current.0.6.1/current-0.6.1.tbz.part -- https://github.com/ocurrent/ocurrent/releases/download/0.6.1/current-0.6.1.tbz\" exited with code 6)")

#=== ERROR while fetching sources for conduit.2.1.0, conduit-lwt.2.1.0 and conduit-lwt-unix.2.1.0 
OpamSolution.Fetch_fail("https://github.com/mirage/ocaml-conduit/releases/download/v2.1.0/conduit-v2.1.0.tbz (Curl failed: \"/usr/bin/curl --write-out %{http_code}\\\\n --retry 3 --retry-delay 2 --user-agent opam/2.3.0~alpha~dev -L -o /tmp/opam-7-88f424/conduit-v2.1.0.tbz.part -- https://github.com/mirage/ocaml-conduit/releases/download/v2.1.0/conduit-v2.1.0.tbz\" exited with code 6)")

#=== ERROR while fetching sources for cohttp.4.0.0, cohttp-lwt.4.0.0 and cohttp-lwt-unix.4.0.0 
OpamSolution.Fetch_fail("https://github.com/mirage/ocaml-cohttp/releases/download/v4.0.0/cohttp-v4.0.0.tbz (Curl failed: \"/usr/bin/curl --write-out %{http_code}\\\\n --retry 3 --retry-delay 2 --user-agent opam/2.3.0~alpha~dev -L -o /tmp/opam-7-e74f99/cohttp-v4.0.0.tbz.part -- https://github.com/mirage/ocaml-cohttp/releases/download/v4.0.0/cohttp-v4.0.0.tbz\" exited with code 6)")

#=== ERROR while fetching sources for bigstringaf.0.9.1 =======================#
OpamSolution.Fetch_fail("https://github.com/inhabitedtype/bigstringaf/archive/0.9.1.tar.gz (Curl failed: \"/usr/bin/curl --write-out %{http_code}\\\\n --retry 3 --retry-delay 2 --user-agent opam/2.3.0~alpha~dev -L -o /home/opam/.opam/5.2/.opam-switch/sources/bigstringaf.0.9.1/0.9.1.tar.gz.part -- https://github.com/inhabitedtype/bigstringaf/archive/0.9.1.tar.gz\" exited with code 6)")

#=== ERROR while fetching sources for base64.3.5.1 ============================#
OpamSolution.Fetch_fail("https://github.com/mirage/ocaml-base64/releases/download/v3.5.1/base64-3.5.1.tbz (Curl failed: \"/usr/bin/curl --write-out %{http_code}\\\\n --retry 3 --retry-delay 2 --user-agent opam/2.3.0~alpha~dev -L -o /home/opam/.opam/5.2/.opam-switch/sources/base64.3.5.1/base64-3.5.1.tbz.part -- https://github.com/mirage/ocaml-base64/releases/download/v3.5.1/base64-3.5.1.tbz\" exited with code 6)")

#=== ERROR while fetching sources for base.v0.15.1 ============================#
OpamSolution.Fetch_fail("https://github.com/janestreet/base/archive/refs/tags/v0.15.1.tar.gz (Curl failed: \"/usr/bin/curl --write-out %{http_code}\\\\n --retry 3 --retry-delay 2 --user-agent opam/2.3.0~alpha~dev -L -o /home/opam/.opam/5.2/.opam-switch/sources/base.v0.15.1/v0.15.1.tar.gz.part -- https://github.com/janestreet/base/archive/refs/tags/v0.15.1.tar.gz\" exited with code 6)")

#=== ERROR while fetching sources for angstrom.0.16.0 =========================#
OpamSolution.Fetch_fail("https://github.com/inhabitedtype/angstrom/archive/0.16.0.tar.gz (Curl failed: \"/usr/bin/curl --write-out %{http_code}\\\\n --retry 3 --retry-delay 2 --user-agent opam/2.3.0~alpha~dev -L -o /home/opam/.opam/5.2/.opam-switch/sources/angstrom.0.16.0/0.16.0.tar.gz.part -- https://github.com/inhabitedtype/angstrom/archive/0.16.0.tar.gz\" exited with code 6)")

#=== ERROR while fetching sources for alcotest.1.7.0 and alcotest-lwt.1.7.0 ===#
OpamSolution.Fetch_fail("https://github.com/mirage/alcotest/releases/download/1.7.0/alcotest-1.7.0.tbz (Curl failed: \"/usr/bin/curl --write-out %{http_code}\\\\n --retry 3 --retry-delay 2 --user-agent opam/2.3.0~alpha~dev -L -o /tmp/opam-7-f5f97d/alcotest-1.7.0.tbz.part -- https://github.com/mirage/alcotest/releases/download/1.7.0/alcotest-1.7.0.tbz\" exited with code 6)")


<><> Error report <><><><><><><><><><><><><><><><><><><><><><><><><><><><><><><>
+- The following actions were aborted
| - remove prometheus 1.2
| - remove sexplib0   v0.17.0
+- 
+- The following actions failed
| - fetch alcotest.1.7.0, alcotest-lwt.1.7.0                       
| - fetch angstrom                                                 0.16.0
| - fetch base                                                     v0.15.1
| - fetch base64                                                   3.5.1
| - fetch bigstringaf                                              0.9.1
| - fetch cohttp.4.0.0, cohttp-lwt.4.0.0, cohttp-lwt-unix.4.0.0    
| - fetch conduit.2.1.0, conduit-lwt.2.1.0, conduit-lwt-unix.2.1.0 
| - fetch current                                                  0.6.1
| - fetch domain-name                                              0.4.0
| - fetch ipaddr.5.5.0, ipaddr-sexp.5.5.0, macaddr.5.5.0           
| - fetch jsonm                                                    1.0.2
| - fetch magic-mime                                               1.3.1
| - fetch num                                                      1.5-1
| - fetch ocaml-syntax-shims                                       1.0.0
| - fetch parsexp                                                  v0.15.0
| - fetch ppx_deriving                                             6.0.2
| - fetch ppx_sexp_conv                                            v0.15.1
| - fetch ppxlib                                                   0.33.0
| - fetch prometheus.1.1, prometheus-app.1.1                       
| - fetch sexplib                                                  v0.15.1
| - fetch sexplib0                                                 v0.15.1
| - fetch stringext                                                1.6.0
| - fetch uri.4.4.0, uri-sexp.4.4.0                                
| - fetch uutf                                                     1.0.3
+- 
- No changes have been performed
# Run eval $(opam env) to update the current shell environment
'opam reinstall --with-test --verbose current.0.6.1' failed.
"/usr/bin/env" "bash" "-c" "opam reinstall --with-test --verbose current.0.6.1;
        res=$?;
        test "$res" != 31 && exit "$res";
        export OPAMCLI=2.0;
        build_dir=$(opam var prefix)/.opam-switch/build;
        failed=$(ls "$build_dir");
        partial_fails="";
        for pkg in $failed; do
          if opam show -f x-ci-accept-failures: "$pkg" | grep -qF "\"debian-12\""; then
            echo "A package failed and has been disabled for CI using the 'x-ci-accept-failures' field.";
          fi;
          test "$pkg" != 'current.0.6.1' && partial_fails="$partial_fails $pkg";
        done;
        test "${partial_fails}" != "" && echo "opam-repo-ci detected dependencies failing: ${partial_fails}";
        exit 1" failed with exit status 40
2024-07-18 12:07.55: Job failed: Failed: Build failed
2024-07-18 12:07.55: Log analysis:
2024-07-18 12:07.55: >>> 
[ERROR] Sorry, resolution of the request timed out.
 (score = 20)
2024-07-18 12:07.55: >>> 
[ERROR] Failed to get sources of alcotest.1.7.0, alcotest-lwt.1.7.0 (https://github.com/mirage/alcotest/releases/download/1.7.0/alcotest-1.7.0.tbz): Curl failed
 (score = 25)
2024-07-18 12:07.55: >>> 
[ERROR] Failed to get sources of angstrom.0.16.0: Curl failed
 (score = 25)
2024-07-18 12:07.55: >>> 
[ERROR] Failed to get sources of base.v0.15.1: Curl failed
 (score = 25)
2024-07-18 12:07.55: >>> 
[ERROR] Failed to get sources of base64.3.5.1: Curl failed
 (score = 25)
2024-07-18 12:07.55: >>> 
[ERROR] Failed to get sources of bigstringaf.0.9.1: Curl failed
 (score = 25)
2024-07-18 12:07.55: >>> 
[ERROR] Failed to get sources of cohttp.4.0.0, cohttp-lwt.4.0.0, cohttp-lwt-unix.4.0.0 (https://github.com/mirage/ocaml-cohttp/releases/download/v4.0.0/cohttp-v4.0.0.tbz): Curl failed
 (score = 25)
2024-07-18 12:07.55: >>> 
[ERROR] Failed to get sources of conduit.2.1.0, conduit-lwt.2.1.0, conduit-lwt-unix.2.1.0 (https://github.com/mirage/ocaml-conduit/releases/download/v2.1.0/conduit-v2.1.0.tbz): Curl failed
 (score = 25)
2024-07-18 12:07.55: >>> 
[ERROR] Failed to get sources of current.0.6.1: Curl failed
 (score = 25)
2024-07-18 12:07.55: >>> 
[ERROR] Failed to get sources of domain-name.0.4.0: Curl failed
 (score = 25)
2024-07-18 12:07.55: >>> 
[ERROR] Failed to get sources of ipaddr.5.5.0, ipaddr-sexp.5.5.0, macaddr.5.5.0 (https://github.com/mirage/ocaml-ipaddr/releases/download/v5.5.0/ipaddr-5.5.0.tbz): Curl failed
 (score = 25)
2024-07-18 12:07.55: >>> 
[ERROR] Failed to get sources of jsonm.1.0.2: Curl failed
 (score = 25)
2024-07-18 12:07.55: >>> 
[ERROR] Failed to get sources of magic-mime.1.3.1: Curl failed
 (score = 25)
2024-07-18 12:07.55: >>> 
[ERROR] Failed to get sources of num.1.5-1: Curl failed
 (score = 25)
2024-07-18 12:07.55: >>> 
[ERROR] Failed to get sources of ocaml-syntax-shims.1.0.0: Curl failed
 (score = 25)
2024-07-18 12:07.55: >>> 
[ERROR] Failed to get sources of parsexp.v0.15.0: Curl failed
 (score = 25)
2024-07-18 12:07.55: >>> 
[ERROR] Failed to get sources of ppx_deriving.6.0.2: Curl failed
 (score = 25)
2024-07-18 12:07.55: >>> 
[ERROR] Failed to get sources of ppx_sexp_conv.v0.15.1: Curl failed
 (score = 25)
2024-07-18 12:07.55: >>> 
[ERROR] Failed to get sources of ppxlib.0.33.0: Curl failed
 (score = 25)
2024-07-18 12:07.55: >>> 
[ERROR] Failed to get sources of prometheus.1.1, prometheus-app.1.1 (https://github.com/mirage/prometheus/releases/download/v1.1/prometheus-v1.1.tbz): Curl failed
 (score = 25)
2024-07-18 12:07.55: >>> 
[ERROR] Failed to get sources of sexplib.v0.15.1: Curl failed
 (score = 25)
2024-07-18 12:07.55: >>> 
[ERROR] Failed to get sources of sexplib0.v0.15.1: Curl failed
 (score = 25)
2024-07-18 12:07.55: >>> 
[ERROR] Failed to get sources of stringext.1.6.0: Curl failed
 (score = 25)
2024-07-18 12:07.55: >>> 
[ERROR] Failed to get sources of uri.4.4.0, uri-sexp.4.4.0 (https://github.com/mirage/ocaml-uri/releases/download/v4.4.0/uri-4.4.0.tbz): Curl failed
 (score = 25)
2024-07-18 12:07.55: >>> 
[ERROR] Failed to get sources of uutf.1.0.3: Curl failed
 (score = 25)
2024-07-18 12:07.55: Failed to get sources of alcotest.1.7.0, alcotest-lwt.1.7.0 (https://github.com/mirage/alcotest/releases/download/1.7.0/alcotest-1.7.0.tbz): Curl failed
