2024-03-26 13:55.06: New job: test opam-compiler.0.1.1 with stdune.3.15.0~alpha1, using opam dev
                              from https://github.com/ocaml/opam-repository.git#refs/pull/25585/head (68b4763e3857d91953e14b698593ea06ced07650)
                              on debian-12-ocaml-4.14/amd64

To reproduce locally:

cd $(mktemp -d)
git clone --recursive "https://github.com/ocaml/opam-repository.git" && cd "opam-repository" && git fetch origin "refs/pull/25585/head" && git reset --hard 68b4763e
git fetch origin master
git merge --no-edit 6d17c11f6930230daaef6a30d13bc23c1597fc9f
cat > ../Dockerfile <<'END-OF-DOCKERFILE'
[34mFROM ocaml/opam:debian-12-ocaml-4.14@sha256:192ae4cbe34237dcf8a9811ef1002a8eb6b85336f3b1f6d22b2949df45f90f74
USER 1000:1000
WORKDIR /home/opam
RUN sudo ln -f /usr/bin/opam-dev /usr/bin/opam
RUN opam init --reinit -ni
ENV OPAMDOWNLOADJOBS="1"
ENV OPAMERRLOGLEN="0"
ENV OPAMSOLVERTIMEOUT="500"
ENV OPAMPRECISETRACKING="1"
ENV CI="true"
ENV OPAM_REPO_CI="true"
RUN rm -rf opam-repository/
COPY --chown=1000:1000 . opam-repository/
RUN opam repository set-url --strict default opam-repository/
RUN opam update --depexts || true
ENV OPAMCRITERIA="-removed,-count[avoid-version,changed],-count[version-lag,request],-count[version-lag,changed],-count[missing-depexts,changed],-changed"
ENV OPAMFIXUPCRITERIA="-removed,-count[avoid-version,changed],-count[version-lag,request],-count[version-lag,changed],-count[missing-depexts,changed],-changed"
ENV OPAMUPGRADECRITERIA="-removed,-count[avoid-version,changed],-count[version-lag,request],-count[version-lag,changed],-count[missing-depexts,changed],-changed"
RUN opam pin add -k version -yn stdune.3.15.0~alpha1 3.15.0~alpha1
RUN opam reinstall stdune.3.15.0~alpha1; \
    res=$?; \
    test "$res" != 31 && exit "$res"; \
    export OPAMCLI=2.0; \
    build_dir=$(opam var prefix)/.opam-switch/build; \
    failed=$(ls "$build_dir"); \
    partial_fails=""; \
    for pkg in $failed; do \
    if opam show -f x-ci-accept-failures: "$pkg" | grep -qF "\"debian-12\""; then \
    echo "A package failed and has been disabled for CI using the 'x-ci-accept-failures' field."; \
    fi; \
    test "$pkg" != 'stdune.3.15.0~alpha1' && partial_fails="$partial_fails $pkg"; \
    done; \
    test "${partial_fails}" != "" && echo "opam-repo-ci detected dependencies failing: ${partial_fails}"; \
    exit 1
ENV OPAMCRITERIA="-removed,-count[avoid-version,changed],-count[version-lag,request],-count[version-lag,changed],-count[missing-depexts,changed],-changed"
ENV OPAMFIXUPCRITERIA="-removed,-count[avoid-version,changed],-count[version-lag,request],-count[version-lag,changed],-count[missing-depexts,changed],-changed"
ENV OPAMUPGRADECRITERIA="-removed,-count[avoid-version,changed],-count[version-lag,request],-count[version-lag,changed],-count[missing-depexts,changed],-changed"
RUN opam reinstall opam-compiler.0.1.1; \
    res=$?; \
    test "$res" != 31 && exit "$res"; \
    export OPAMCLI=2.0; \
    build_dir=$(opam var prefix)/.opam-switch/build; \
    failed=$(ls "$build_dir"); \
    partial_fails=""; \
    for pkg in $failed; do \
    if opam show -f x-ci-accept-failures: "$pkg" | grep -qF "\"debian-12\""; then \
    echo "A package failed and has been disabled for CI using the 'x-ci-accept-failures' field."; \
    fi; \
    test "$pkg" != 'opam-compiler.0.1.1' && partial_fails="$partial_fails $pkg"; \
    done; \
    test "${partial_fails}" != "" && echo "opam-repo-ci detected dependencies failing: ${partial_fails}"; \
    exit 1
ENV OPAMCRITERIA="-removed,-count[avoid-version,changed],-count[version-lag,request],-count[version-lag,changed],-count[missing-depexts,changed],-changed"
ENV OPAMFIXUPCRITERIA="-removed,-count[avoid-version,changed],-count[version-lag,request],-count[version-lag,changed],-count[missing-depexts,changed],-changed"
ENV OPAMUPGRADECRITERIA="-removed,-count[avoid-version,changed],-count[version-lag,request],-count[version-lag,changed],-count[missing-depexts,changed],-changed"
RUN (opam reinstall --with-test opam-compiler.0.1.1) || true
RUN opam reinstall --with-test --verbose opam-compiler.0.1.1; \
    res=$?; \
    test "$res" != 31 && exit "$res"; \
    export OPAMCLI=2.0; \
    build_dir=$(opam var prefix)/.opam-switch/build; \
    failed=$(ls "$build_dir"); \
    partial_fails=""; \
    for pkg in $failed; do \
    if opam show -f x-ci-accept-failures: "$pkg" | grep -qF "\"debian-12\""; then \
    echo "A package failed and has been disabled for CI using the 'x-ci-accept-failures' field."; \
    fi; \
    test "$pkg" != 'opam-compiler.0.1.1' && partial_fails="$partial_fails $pkg"; \
    done; \
    test "${partial_fails}" != "" && echo "opam-repo-ci detected dependencies failing: ${partial_fails}"; \
    exit 1
[0m
END-OF-DOCKERFILE
docker build -f ../Dockerfile .

2024-03-26 13:55.06: Using cache hint "ocaml/opam:debian-12-ocaml-4.14@sha256:192ae4cbe34237dcf8a9811ef1002a8eb6b85336f3b1f6d22b2949df45f90f74-stdune.3.15.0~alpha1-opam-compiler.0.1.1-68b4763e3857d91953e14b698593ea06ced07650"
2024-03-26 13:55.06: Using OBuilder spec:
((from ocaml/opam:debian-12-ocaml-4.14@sha256:192ae4cbe34237dcf8a9811ef1002a8eb6b85336f3b1f6d22b2949df45f90f74)
 (user (uid 1000) (gid 1000))
 (workdir /home/opam)
 (run (shell "sudo ln -f /usr/bin/opam-dev /usr/bin/opam"))
 (run (network host)
      (shell "opam init --reinit --config .opamrc-sandbox -ni"))
 (env OPAMDOWNLOADJOBS 1)
 (env OPAMERRLOGLEN 0)
 (env OPAMSOLVERTIMEOUT 500)
 (env OPAMPRECISETRACKING 1)
 (env CI true)
 (env OPAM_REPO_CI true)
 (run (shell "rm -rf opam-repository/"))
 (copy (src .) (dst opam-repository/))
 (run (shell "opam repository set-url --strict default opam-repository/"))
 (run (network host)
      (shell "opam update --depexts || true"))
 (env OPAMCRITERIA -removed,-count[avoid-version,changed],-count[version-lag,request],-count[version-lag,changed],-count[missing-depexts,changed],-changed)
 (env OPAMFIXUPCRITERIA -removed,-count[avoid-version,changed],-count[version-lag,request],-count[version-lag,changed],-count[missing-depexts,changed],-changed)
 (env OPAMUPGRADECRITERIA -removed,-count[avoid-version,changed],-count[version-lag,request],-count[version-lag,changed],-count[missing-depexts,changed],-changed)
 (run (shell "opam pin add -k version -yn stdune.3.15.0~alpha1 3.15.0~alpha1"))
 (run (cache (opam-archives (target /home/opam/.opam/download-cache)))
      (network host)
      (shell  "opam reinstall stdune.3.15.0~alpha1;\
             \n        res=$?;\
             \n        test \"$res\" != 31 && exit \"$res\";\
             \n        export OPAMCLI=2.0;\
             \n        build_dir=$(opam var prefix)/.opam-switch/build;\
             \n        failed=$(ls \"$build_dir\");\
             \n        partial_fails=\"\";\
             \n        for pkg in $failed; do\
             \n          if opam show -f x-ci-accept-failures: \"$pkg\" | grep -qF \"\\\"debian-12\\\"\"; then\
             \n            echo \"A package failed and has been disabled for CI using the 'x-ci-accept-failures' field.\";\
             \n          fi;\
             \n          test \"$pkg\" != 'stdune.3.15.0~alpha1' && partial_fails=\"$partial_fails $pkg\";\
             \n        done;\
             \n        test \"${partial_fails}\" != \"\" && echo \"opam-repo-ci detected dependencies failing: ${partial_fails}\";\
             \n        exit 1"))
 (env OPAMCRITERIA -removed,-count[avoid-version,changed],-count[version-lag,request],-count[version-lag,changed],-count[missing-depexts,changed],-changed)
 (env OPAMFIXUPCRITERIA -removed,-count[avoid-version,changed],-count[version-lag,request],-count[version-lag,changed],-count[missing-depexts,changed],-changed)
 (env OPAMUPGRADECRITERIA -removed,-count[avoid-version,changed],-count[version-lag,request],-count[version-lag,changed],-count[missing-depexts,changed],-changed)
 (run (cache (opam-archives (target /home/opam/.opam/download-cache)))
      (network host)
      (shell  "opam reinstall opam-compiler.0.1.1;\
             \n        res=$?;\
             \n        test \"$res\" != 31 && exit \"$res\";\
             \n        export OPAMCLI=2.0;\
             \n        build_dir=$(opam var prefix)/.opam-switch/build;\
             \n        failed=$(ls \"$build_dir\");\
             \n        partial_fails=\"\";\
             \n        for pkg in $failed; do\
             \n          if opam show -f x-ci-accept-failures: \"$pkg\" | grep -qF \"\\\"debian-12\\\"\"; then\
             \n            echo \"A package failed and has been disabled for CI using the 'x-ci-accept-failures' field.\";\
             \n          fi;\
             \n          test \"$pkg\" != 'opam-compiler.0.1.1' && partial_fails=\"$partial_fails $pkg\";\
             \n        done;\
             \n        test \"${partial_fails}\" != \"\" && echo \"opam-repo-ci detected dependencies failing: ${partial_fails}\";\
             \n        exit 1"))
 (env OPAMCRITERIA -removed,-count[avoid-version,changed],-count[version-lag,request],-count[version-lag,changed],-count[missing-depexts,changed],-changed)
 (env OPAMFIXUPCRITERIA -removed,-count[avoid-version,changed],-count[version-lag,request],-count[version-lag,changed],-count[missing-depexts,changed],-changed)
 (env OPAMUPGRADECRITERIA -removed,-count[avoid-version,changed],-count[version-lag,request],-count[version-lag,changed],-count[missing-depexts,changed],-changed)
 (run (network host)
      (shell "(opam reinstall --with-test opam-compiler.0.1.1) || true"))
 (run (shell  "opam reinstall --with-test --verbose opam-compiler.0.1.1;\
             \n        res=$?;\
             \n        test \"$res\" != 31 && exit \"$res\";\
             \n        export OPAMCLI=2.0;\
             \n        build_dir=$(opam var prefix)/.opam-switch/build;\
             \n        failed=$(ls \"$build_dir\");\
             \n        partial_fails=\"\";\
             \n        for pkg in $failed; do\
             \n          if opam show -f x-ci-accept-failures: \"$pkg\" | grep -qF \"\\\"debian-12\\\"\"; then\
             \n            echo \"A package failed and has been disabled for CI using the 'x-ci-accept-failures' field.\";\
             \n          fi;\
             \n          test \"$pkg\" != 'opam-compiler.0.1.1' && partial_fails=\"$partial_fails $pkg\";\
             \n        done;\
             \n        test \"${partial_fails}\" != \"\" && echo \"opam-repo-ci detected dependencies failing: ${partial_fails}\";\
             \n        exit 1"))
)

2024-03-26 13:55.06: Waiting for resource in pool OCluster
2024-03-26 14:51.52: Waiting for workerâ€¦
2024-03-26 14:55.41: Got resource from pool OCluster
Building on x86-bm-c18.sw.ocaml.org
All commits already cached
Updating files:  67% (22677/33395)Updating files:  68% (22709/33395)Updating files:  69% (23043/33395)Updating files:  70% (23377/33395)Updating files:  71% (23711/33395)Updating files:  72% (24045/33395)Updating files:  73% (24379/33395)Updating files:  74% (24713/33395)Updating files:  75% (25047/33395)Updating files:  76% (25381/33395)Updating files:  77% (25715/33395)Updating files:  78% (26049/33395)Updating files:  79% (26383/33395)Updating files:  80% (26716/33395)Updating files:  81% (27050/33395)Updating files:  82% (27384/33395)Updating files:  83% (27718/33395)Updating files:  84% (28052/33395)Updating files:  85% (28386/33395)Updating files:  86% (28720/33395)Updating files:  87% (29054/33395)Updating files:  88% (29388/33395)Updating files:  89% (29722/33395)Updating files:  90% (30056/33395)Updating files:  91% (30390/33395)Updating files:  92% (30724/33395)Updating files:  93% (31058/33395)Updating files:  94% (31392/33395)Updating files:  95% (31726/33395)Updating files:  96% (32060/33395)Updating files:  97% (32394/33395)Updating files:  98% (32728/33395)Updating files:  99% (33062/33395)Updating files: 100% (33395/33395)Updating files: 100% (33395/33395), done.
HEAD is now at 6d17c11f69 Merge pull request #25549 from jmid/conf-efl-fix
Updating 6d17c11f69..68b4763e38
Fast-forward
 .../chrome-trace/chrome-trace.3.15.0~alpha1/opam   | 40 +++++++++++++++
 .../dune-action-plugin.3.15.0~alpha1/opam          | 53 ++++++++++++++++++++
 .../dune-build-info.3.15.0~alpha1/opam             | 46 +++++++++++++++++
 .../dune-configurator.3.15.0~alpha1/opam           | 50 +++++++++++++++++++
 packages/dune-glob/dune-glob.3.15.0~alpha1/opam    | 43 ++++++++++++++++
 .../dune-private-libs.3.15.0~alpha1/opam           | 51 +++++++++++++++++++
 .../dune-rpc-lwt/dune-rpc-lwt.3.15.0~alpha1/opam   | 42 ++++++++++++++++
 packages/dune-rpc/dune-rpc.3.15.0~alpha1/opam      | 44 +++++++++++++++++
 packages/dune-site/dune-site.3.15.0~alpha1/opam    | 38 +++++++++++++++
 packages/dune/dune.3.15.0~alpha1/opam              | 57 ++++++++++++++++++++++
 packages/dyn/dyn.3.15.0~alpha1/opam                | 41 ++++++++++++++++
 packages/ocamlc-loc/ocamlc-loc.3.15.0~alpha1/opam  | 44 +++++++++++++++++
 packages/ordering/ordering.3.15.0~alpha1/opam      | 39 +++++++++++++++
 packages/stdune/stdune.3.15.0~alpha1/opam          | 45 +++++++++++++++++
 packages/xdg/xdg.3.15.0~alpha1/opam                | 40 +++++++++++++++
 15 files changed, 673 insertions(+)
 create mode 100644 packages/chrome-trace/chrome-trace.3.15.0~alpha1/opam
 create mode 100644 packages/dune-action-plugin/dune-action-plugin.3.15.0~alpha1/opam
 create mode 100644 packages/dune-build-info/dune-build-info.3.15.0~alpha1/opam
 create mode 100644 packages/dune-configurator/dune-configurator.3.15.0~alpha1/opam
 create mode 100644 packages/dune-glob/dune-glob.3.15.0~alpha1/opam
 create mode 100644 packages/dune-private-libs/dune-private-libs.3.15.0~alpha1/opam
 create mode 100644 packages/dune-rpc-lwt/dune-rpc-lwt.3.15.0~alpha1/opam
 create mode 100644 packages/dune-rpc/dune-rpc.3.15.0~alpha1/opam
 create mode 100644 packages/dune-site/dune-site.3.15.0~alpha1/opam
 create mode 100644 packages/dune/dune.3.15.0~alpha1/opam
 create mode 100644 packages/dyn/dyn.3.15.0~alpha1/opam
 create mode 100644 packages/ocamlc-loc/ocamlc-loc.3.15.0~alpha1/opam
 create mode 100644 packages/ordering/ordering.3.15.0~alpha1/opam
 create mode 100644 packages/stdune/stdune.3.15.0~alpha1/opam
 create mode 100644 packages/xdg/xdg.3.15.0~alpha1/opam

[01;34m(from ocaml/opam:debian-12-ocaml-4.14@sha256:192ae4cbe34237dcf8a9811ef1002a8eb6b85336f3b1f6d22b2949df45f90f74)[0m
[01;2m[01;35m2024-03-26 14:55.44 ---> using "b25e2e2611a5aa2fe4b9d45e2148d7eac6e9d143b97d58672285bd239f221e34" from cache[0m

[01;34m/: (user (uid 1000) (gid 1000))[0m

[01;34m/: (workdir /home/opam)[0m

[01;34m/home/opam: (run (shell "sudo ln -f /usr/bin/opam-dev /usr/bin/opam"))[0m
[01;2m[01;35m2024-03-26 14:55.44 ---> using "ab38bf6f494e0372305b1179dcb5aa3e88e0a2adcbabada4f6034a94efa68513" from cache[0m

[01;34m/home/opam: (run (network host)
                 (shell "opam init --reinit --config .opamrc-sandbox -ni"))[0m
Configuring from /home/opam/.opamrc-sandbox, then /home/opam/.opamrc, and finally from built-in defaults.
Checking for available remotes: rsync and local, git.
  - you won't be able to use mercurial repositories unless you install the hg command on your system.
  - you won't be able to use darcs repositories unless you install the darcs command on your system.

This development version of opam requires an update to the layout of /home/opam/.opam from version 2.0 to version 2.2~alpha, which can't be reverted.
You may want to back it up before going further.

Continue? [y/n] y
Format upgrade done.

<><> Updating repositories ><><><><><><><><><><><><><><><><><><><><><><><><><><>
[default] synchronised from file:///home/opam/opam-repository
[01;2m[01;35m2024-03-26 14:55.44 ---> using "50a7fe50cbac70f624f669a6d2cb6e229029bca6d6a0afd494b19181a9585df3" from cache[0m

[01;34m/home/opam: (env OPAMDOWNLOADJOBS 1)[0m

[01;34m/home/opam: (env OPAMERRLOGLEN 0)[0m

[01;34m/home/opam: (env OPAMSOLVERTIMEOUT 500)[0m

[01;34m/home/opam: (env OPAMPRECISETRACKING 1)[0m

[01;34m/home/opam: (env CI true)[0m

[01;34m/home/opam: (env OPAM_REPO_CI true)[0m

[01;34m/home/opam: (run (shell "rm -rf opam-repository/"))[0m
[01;2m[01;35m2024-03-26 14:55.44 ---> using "167a4bc722d53b14e67fec54759126cc0f6c2c8a8e632ee604b17e0300e8d946" from cache[0m

[01;34m/home/opam: (copy (src .) (dst opam-repository/))[0m
[01;2m[01;35m2024-03-26 14:55.47 ---> using "dda0eaaa4ec68a0ad7bea07da11b984248788b0f9ae863f2866c7e645e59d8af" from cache[0m

[01;34m/home/opam: (run (shell "opam repository set-url --strict default opam-repository/"))[0m
[default] Initialised
[01;2m[01;35m2024-03-26 14:55.47 ---> using "99ceabb7fda36181e23b7260b15065f8dbf84a06c142cbc62e5b819b4820e125" from cache[0m

[01;34m/home/opam: (run (network host)
                 (shell "opam update --depexts || true"))[0m
+ /usr/bin/sudo "apt-get" "update"
- Hit:1 http://deb.debian.org/debian bookworm InRelease
- Get:2 http://deb.debian.org/debian bookworm-updates InRelease [55.4 kB]
- Get:3 http://deb.debian.org/debian-security bookworm-security InRelease [48.0 kB]
- Get:4 http://deb.debian.org/debian-security bookworm-security/main amd64 Packages [147 kB]
- Fetched 251 kB in 0s (1105 kB/s)
- Reading package lists...
[01;2m[01;35m2024-03-26 14:55.47 ---> using "9fb1713f94e8fb0c52b8a044f5ef4f174359b33289098aabfe05a29952020105" from cache[0m

[01;34m/home/opam: (env OPAMCRITERIA -removed,-count[avoid-version,changed],-count[version-lag,request],-count[version-lag,changed],-count[missing-depexts,changed],-changed)[0m

[01;34m/home/opam: (env OPAMFIXUPCRITERIA -removed,-count[avoid-version,changed],-count[version-lag,request],-count[version-lag,changed],-count[missing-depexts,changed],-changed)[0m

[01;34m/home/opam: (env OPAMUPGRADECRITERIA -removed,-count[avoid-version,changed],-count[version-lag,request],-count[version-lag,changed],-count[missing-depexts,changed],-changed)[0m

[01;34m/home/opam: (run (shell "opam pin add -k version -yn stdune.3.15.0~alpha1 3.15.0~alpha1"))[0m
stdune is now pinned to version 3.15.0~alpha1
[01;2m[01;35m2024-03-26 14:55.47 ---> using "228004084c27e7bb32cb0a716ce27125528ffb61b2b62a889dcaaca8e6b6aef6" from cache[0m

[01;34m/home/opam: (run (cache (opam-archives (target /home/opam/.opam/download-cache)))
                 (network host)
                 (shell  "opam reinstall stdune.3.15.0~alpha1;\
                        \n        res=$?;\
                        \n        test \"$res\" != 31 && exit \"$res\";\
                        \n        export OPAMCLI=2.0;\
                        \n        build_dir=$(opam var prefix)/.opam-switch/build;\
                        \n        failed=$(ls \"$build_dir\");\
                        \n        partial_fails=\"\";\
                        \n        for pkg in $failed; do\
                        \n          if opam show -f x-ci-accept-failures: \"$pkg\" | grep -qF \"\\\"debian-12\\\"\"; then\
                        \n            echo \"A package failed and has been disabled for CI using the 'x-ci-accept-failures' field.\";\
                        \n          fi;\
                        \n          test \"$pkg\" != 'stdune.3.15.0~alpha1' && partial_fails=\"$partial_fails $pkg\";\
                        \n        done;\
                        \n        test \"${partial_fails}\" != \"\" && echo \"opam-repo-ci detected dependencies failing: ${partial_fails}\";\
                        \n        exit 1"))[0m
stdune.3.15.0~alpha1 is not installed. Install it? [y/n] y
The following actions will be performed:
=== install 6 packages
  - install csexp    1.5.2                  [required by stdune]
  - install dune     3.15.0~alpha1          [required by stdune]
  - install dyn      3.15.0~alpha1          [required by stdune]
  - install ordering 3.15.0~alpha1          [required by stdune]
  - install pp       1.2.0                  [required by stdune]
  - install stdune   3.15.0~alpha1 (pinned)

<><> Processing actions <><><><><><><><><><><><><><><><><><><><><><><><><><><><>
-> retrieved csexp.1.5.2  (cached)
-> retrieved dune.3.15.0~alpha1, dyn.3.15.0~alpha1, ordering.3.15.0~alpha1, stdune.3.15.0~alpha1  (cached)
-> retrieved pp.1.2.0  (cached)
-> installed dune.3.15.0~alpha1
-> installed csexp.1.5.2
-> installed pp.1.2.0
-> installed ordering.3.15.0~alpha1
-> installed dyn.3.15.0~alpha1
-> installed stdune.3.15.0~alpha1
Done.
# Run eval $(opam env) to update the current shell environment
[01;2m[01;35m2024-03-26 14:55.47 ---> using "010a30ef8ec63cfa44ae782e3cd993c896f7ed16d9aab07f38134c69107fc6e7" from cache[0m

[01;34m/home/opam: (env OPAMCRITERIA -removed,-count[avoid-version,changed],-count[version-lag,request],-count[version-lag,changed],-count[missing-depexts,changed],-changed)[0m

[01;34m/home/opam: (env OPAMFIXUPCRITERIA -removed,-count[avoid-version,changed],-count[version-lag,request],-count[version-lag,changed],-count[missing-depexts,changed],-changed)[0m

[01;34m/home/opam: (env OPAMUPGRADECRITERIA -removed,-count[avoid-version,changed],-count[version-lag,request],-count[version-lag,changed],-count[missing-depexts,changed],-changed)[0m

[01;34m/home/opam: (run (cache (opam-archives (target /home/opam/.opam/download-cache)))
                 (network host)
                 (shell  "opam reinstall opam-compiler.0.1.1;\
                        \n        res=$?;\
                        \n        test \"$res\" != 31 && exit \"$res\";\
                        \n        export OPAMCLI=2.0;\
                        \n        build_dir=$(opam var prefix)/.opam-switch/build;\
                        \n        failed=$(ls \"$build_dir\");\
                        \n        partial_fails=\"\";\
                        \n        for pkg in $failed; do\
                        \n          if opam show -f x-ci-accept-failures: \"$pkg\" | grep -qF \"\\\"debian-12\\\"\"; then\
                        \n            echo \"A package failed and has been disabled for CI using the 'x-ci-accept-failures' field.\";\
                        \n          fi;\
                        \n          test \"$pkg\" != 'opam-compiler.0.1.1' && partial_fails=\"$partial_fails $pkg\";\
                        \n        done;\
                        \n        test \"${partial_fails}\" != \"\" && echo \"opam-repo-ci detected dependencies failing: ${partial_fails}\";\
                        \n        exit 1"))[0m
opam-compiler.0.1.1 is not installed. Install it? [y/n] y
[ERROR] Sorry, resolution of the request timed out.
        Try to specify a more precise request, use a different solver, or increase the allowed time by setting OPAMSOLVERTIMEOUT to a bigger value (currently, it is set to 500.0 seconds).
"/usr/bin/env" "bash" "-c" "opam reinstall opam-compiler.0.1.1;
        res=$?;
        test "$res" != 31 && exit "$res";
        export OPAMCLI=2.0;
        build_dir=$(opam var prefix)/.opam-switch/build;
        failed=$(ls "$build_dir");
        partial_fails="";
        for pkg in $failed; do
          if opam show -f x-ci-accept-failures: "$pkg" | grep -qF "\"debian-12\""; then
            echo "A package failed and has been disabled for CI using the 'x-ci-accept-failures' field.";
          fi;
          test "$pkg" != 'opam-compiler.0.1.1' && partial_fails="$partial_fails $pkg";
        done;
        test "${partial_fails}" != "" && echo "opam-repo-ci detected dependencies failing: ${partial_fails}";
        exit 1" failed with exit status 60
2024-03-26 15:04.35: Job failed: Failed: Build failed
2024-03-26 15:04.35: Log analysis:
2024-03-26 15:04.35: >>> 
[ERROR] Sorry, resolution of the request timed out.
 (score = 20)
2024-03-26 15:04.35: Sorry, resolution of the request timed out.
