2024-03-26 14:10.14: New job: test sihl.0.1.4 with dune.3.15.0~alpha1, using opam dev
                              from https://github.com/ocaml/opam-repository.git#refs/pull/25585/head (68b4763e3857d91953e14b698593ea06ced07650)
                              on debian-12-ocaml-4.14/amd64

To reproduce locally:

cd $(mktemp -d)
git clone --recursive "https://github.com/ocaml/opam-repository.git" && cd "opam-repository" && git fetch origin "refs/pull/25585/head" && git reset --hard 68b4763e
git fetch origin master
git merge --no-edit 6d17c11f6930230daaef6a30d13bc23c1597fc9f
cat > ../Dockerfile <<'END-OF-DOCKERFILE'
[34mFROM ocaml/opam:debian-12-ocaml-4.14@sha256:192ae4cbe34237dcf8a9811ef1002a8eb6b85336f3b1f6d22b2949df45f90f74
USER 1000:1000
WORKDIR /home/opam
RUN sudo ln -f /usr/bin/opam-dev /usr/bin/opam
RUN opam init --reinit -ni
ENV OPAMDOWNLOADJOBS="1"
ENV OPAMERRLOGLEN="0"
ENV OPAMSOLVERTIMEOUT="500"
ENV OPAMPRECISETRACKING="1"
ENV CI="true"
ENV OPAM_REPO_CI="true"
RUN rm -rf opam-repository/
COPY --chown=1000:1000 . opam-repository/
RUN opam repository set-url --strict default opam-repository/
RUN opam update --depexts || true
ENV OPAMCRITERIA="-removed,-count[avoid-version,changed],-count[version-lag,request],-count[version-lag,changed],-count[missing-depexts,changed],-changed"
ENV OPAMFIXUPCRITERIA="-removed,-count[avoid-version,changed],-count[version-lag,request],-count[version-lag,changed],-count[missing-depexts,changed],-changed"
ENV OPAMUPGRADECRITERIA="-removed,-count[avoid-version,changed],-count[version-lag,request],-count[version-lag,changed],-count[missing-depexts,changed],-changed"
RUN opam pin add -k version -yn dune.3.15.0~alpha1 3.15.0~alpha1
RUN opam reinstall dune.3.15.0~alpha1; \
    res=$?; \
    test "$res" != 31 && exit "$res"; \
    export OPAMCLI=2.0; \
    build_dir=$(opam var prefix)/.opam-switch/build; \
    failed=$(ls "$build_dir"); \
    partial_fails=""; \
    for pkg in $failed; do \
    if opam show -f x-ci-accept-failures: "$pkg" | grep -qF "\"debian-12\""; then \
    echo "A package failed and has been disabled for CI using the 'x-ci-accept-failures' field."; \
    fi; \
    test "$pkg" != 'dune.3.15.0~alpha1' && partial_fails="$partial_fails $pkg"; \
    done; \
    test "${partial_fails}" != "" && echo "opam-repo-ci detected dependencies failing: ${partial_fails}"; \
    exit 1
ENV OPAMCRITERIA="-removed,-count[avoid-version,changed],-count[version-lag,request],-count[version-lag,changed],-count[missing-depexts,changed],-changed"
ENV OPAMFIXUPCRITERIA="-removed,-count[avoid-version,changed],-count[version-lag,request],-count[version-lag,changed],-count[missing-depexts,changed],-changed"
ENV OPAMUPGRADECRITERIA="-removed,-count[avoid-version,changed],-count[version-lag,request],-count[version-lag,changed],-count[missing-depexts,changed],-changed"
RUN opam reinstall sihl.0.1.4; \
    res=$?; \
    test "$res" != 31 && exit "$res"; \
    export OPAMCLI=2.0; \
    build_dir=$(opam var prefix)/.opam-switch/build; \
    failed=$(ls "$build_dir"); \
    partial_fails=""; \
    for pkg in $failed; do \
    if opam show -f x-ci-accept-failures: "$pkg" | grep -qF "\"debian-12\""; then \
    echo "A package failed and has been disabled for CI using the 'x-ci-accept-failures' field."; \
    fi; \
    test "$pkg" != 'sihl.0.1.4' && partial_fails="$partial_fails $pkg"; \
    done; \
    test "${partial_fails}" != "" && echo "opam-repo-ci detected dependencies failing: ${partial_fails}"; \
    exit 1
ENV OPAMCRITERIA="-removed,-count[avoid-version,changed],-count[version-lag,request],-count[version-lag,changed],-count[missing-depexts,changed],-changed"
ENV OPAMFIXUPCRITERIA="-removed,-count[avoid-version,changed],-count[version-lag,request],-count[version-lag,changed],-count[missing-depexts,changed],-changed"
ENV OPAMUPGRADECRITERIA="-removed,-count[avoid-version,changed],-count[version-lag,request],-count[version-lag,changed],-count[missing-depexts,changed],-changed"
RUN (opam reinstall --with-test sihl.0.1.4) || true
RUN opam reinstall --with-test --verbose sihl.0.1.4; \
    res=$?; \
    test "$res" != 31 && exit "$res"; \
    export OPAMCLI=2.0; \
    build_dir=$(opam var prefix)/.opam-switch/build; \
    failed=$(ls "$build_dir"); \
    partial_fails=""; \
    for pkg in $failed; do \
    if opam show -f x-ci-accept-failures: "$pkg" | grep -qF "\"debian-12\""; then \
    echo "A package failed and has been disabled for CI using the 'x-ci-accept-failures' field."; \
    fi; \
    test "$pkg" != 'sihl.0.1.4' && partial_fails="$partial_fails $pkg"; \
    done; \
    test "${partial_fails}" != "" && echo "opam-repo-ci detected dependencies failing: ${partial_fails}"; \
    exit 1
[0m
END-OF-DOCKERFILE
docker build -f ../Dockerfile .

2024-03-26 14:10.14: Using cache hint "ocaml/opam:debian-12-ocaml-4.14@sha256:192ae4cbe34237dcf8a9811ef1002a8eb6b85336f3b1f6d22b2949df45f90f74-dune.3.15.0~alpha1-sihl.0.1.4-68b4763e3857d91953e14b698593ea06ced07650"
2024-03-26 14:10.14: Using OBuilder spec:
((from ocaml/opam:debian-12-ocaml-4.14@sha256:192ae4cbe34237dcf8a9811ef1002a8eb6b85336f3b1f6d22b2949df45f90f74)
 (user (uid 1000) (gid 1000))
 (workdir /home/opam)
 (run (shell "sudo ln -f /usr/bin/opam-dev /usr/bin/opam"))
 (run (network host)
      (shell "opam init --reinit --config .opamrc-sandbox -ni"))
 (env OPAMDOWNLOADJOBS 1)
 (env OPAMERRLOGLEN 0)
 (env OPAMSOLVERTIMEOUT 500)
 (env OPAMPRECISETRACKING 1)
 (env CI true)
 (env OPAM_REPO_CI true)
 (run (shell "rm -rf opam-repository/"))
 (copy (src .) (dst opam-repository/))
 (run (shell "opam repository set-url --strict default opam-repository/"))
 (run (network host)
      (shell "opam update --depexts || true"))
 (env OPAMCRITERIA -removed,-count[avoid-version,changed],-count[version-lag,request],-count[version-lag,changed],-count[missing-depexts,changed],-changed)
 (env OPAMFIXUPCRITERIA -removed,-count[avoid-version,changed],-count[version-lag,request],-count[version-lag,changed],-count[missing-depexts,changed],-changed)
 (env OPAMUPGRADECRITERIA -removed,-count[avoid-version,changed],-count[version-lag,request],-count[version-lag,changed],-count[missing-depexts,changed],-changed)
 (run (shell "opam pin add -k version -yn dune.3.15.0~alpha1 3.15.0~alpha1"))
 (run (cache (opam-archives (target /home/opam/.opam/download-cache)))
      (network host)
      (shell  "opam reinstall dune.3.15.0~alpha1;\
             \n        res=$?;\
             \n        test \"$res\" != 31 && exit \"$res\";\
             \n        export OPAMCLI=2.0;\
             \n        build_dir=$(opam var prefix)/.opam-switch/build;\
             \n        failed=$(ls \"$build_dir\");\
             \n        partial_fails=\"\";\
             \n        for pkg in $failed; do\
             \n          if opam show -f x-ci-accept-failures: \"$pkg\" | grep -qF \"\\\"debian-12\\\"\"; then\
             \n            echo \"A package failed and has been disabled for CI using the 'x-ci-accept-failures' field.\";\
             \n          fi;\
             \n          test \"$pkg\" != 'dune.3.15.0~alpha1' && partial_fails=\"$partial_fails $pkg\";\
             \n        done;\
             \n        test \"${partial_fails}\" != \"\" && echo \"opam-repo-ci detected dependencies failing: ${partial_fails}\";\
             \n        exit 1"))
 (env OPAMCRITERIA -removed,-count[avoid-version,changed],-count[version-lag,request],-count[version-lag,changed],-count[missing-depexts,changed],-changed)
 (env OPAMFIXUPCRITERIA -removed,-count[avoid-version,changed],-count[version-lag,request],-count[version-lag,changed],-count[missing-depexts,changed],-changed)
 (env OPAMUPGRADECRITERIA -removed,-count[avoid-version,changed],-count[version-lag,request],-count[version-lag,changed],-count[missing-depexts,changed],-changed)
 (run (cache (opam-archives (target /home/opam/.opam/download-cache)))
      (network host)
      (shell  "opam reinstall sihl.0.1.4;\
             \n        res=$?;\
             \n        test \"$res\" != 31 && exit \"$res\";\
             \n        export OPAMCLI=2.0;\
             \n        build_dir=$(opam var prefix)/.opam-switch/build;\
             \n        failed=$(ls \"$build_dir\");\
             \n        partial_fails=\"\";\
             \n        for pkg in $failed; do\
             \n          if opam show -f x-ci-accept-failures: \"$pkg\" | grep -qF \"\\\"debian-12\\\"\"; then\
             \n            echo \"A package failed and has been disabled for CI using the 'x-ci-accept-failures' field.\";\
             \n          fi;\
             \n          test \"$pkg\" != 'sihl.0.1.4' && partial_fails=\"$partial_fails $pkg\";\
             \n        done;\
             \n        test \"${partial_fails}\" != \"\" && echo \"opam-repo-ci detected dependencies failing: ${partial_fails}\";\
             \n        exit 1"))
 (env OPAMCRITERIA -removed,-count[avoid-version,changed],-count[version-lag,request],-count[version-lag,changed],-count[missing-depexts,changed],-changed)
 (env OPAMFIXUPCRITERIA -removed,-count[avoid-version,changed],-count[version-lag,request],-count[version-lag,changed],-count[missing-depexts,changed],-changed)
 (env OPAMUPGRADECRITERIA -removed,-count[avoid-version,changed],-count[version-lag,request],-count[version-lag,changed],-count[missing-depexts,changed],-changed)
 (run (network host)
      (shell "(opam reinstall --with-test sihl.0.1.4) || true"))
 (run (shell  "opam reinstall --with-test --verbose sihl.0.1.4;\
             \n        res=$?;\
             \n        test \"$res\" != 31 && exit \"$res\";\
             \n        export OPAMCLI=2.0;\
             \n        build_dir=$(opam var prefix)/.opam-switch/build;\
             \n        failed=$(ls \"$build_dir\");\
             \n        partial_fails=\"\";\
             \n        for pkg in $failed; do\
             \n          if opam show -f x-ci-accept-failures: \"$pkg\" | grep -qF \"\\\"debian-12\\\"\"; then\
             \n            echo \"A package failed and has been disabled for CI using the 'x-ci-accept-failures' field.\";\
             \n          fi;\
             \n          test \"$pkg\" != 'sihl.0.1.4' && partial_fails=\"$partial_fails $pkg\";\
             \n        done;\
             \n        test \"${partial_fails}\" != \"\" && echo \"opam-repo-ci detected dependencies failing: ${partial_fails}\";\
             \n        exit 1"))
)

2024-03-26 14:10.14: Waiting for resource in pool OCluster
2024-03-27 00:57.27: Waiting for workerâ€¦
2024-03-27 00:59.59: Got resource from pool OCluster
Building on x86-bm-c19.sw.ocaml.org
All commits already cached
Updating files:  48% (16213/33395)Updating files:  49% (16364/33395)Updating files:  50% (16698/33395)Updating files:  51% (17032/33395)Updating files:  52% (17366/33395)Updating files:  53% (17700/33395)Updating files:  54% (18034/33395)Updating files:  55% (18368/33395)Updating files:  56% (18702/33395)Updating files:  57% (19036/33395)Updating files:  58% (19370/33395)Updating files:  59% (19704/33395)Updating files:  60% (20037/33395)Updating files:  61% (20371/33395)Updating files:  62% (20705/33395)Updating files:  63% (21039/33395)Updating files:  64% (21373/33395)Updating files:  65% (21707/33395)Updating files:  66% (22041/33395)Updating files:  67% (22375/33395)Updating files:  68% (22709/33395)Updating files:  69% (23043/33395)Updating files:  70% (23377/33395)Updating files:  71% (23711/33395)Updating files:  72% (24045/33395)Updating files:  73% (24379/33395)Updating files:  74% (24713/33395)Updating files:  75% (25047/33395)Updating files:  76% (25381/33395)Updating files:  77% (25715/33395)Updating files:  78% (26049/33395)Updating files:  79% (26383/33395)Updating files:  80% (26716/33395)Updating files:  81% (27050/33395)Updating files:  82% (27384/33395)Updating files:  83% (27718/33395)Updating files:  84% (28052/33395)Updating files:  85% (28386/33395)Updating files:  86% (28720/33395)Updating files:  87% (29054/33395)Updating files:  88% (29388/33395)Updating files:  89% (29722/33395)Updating files:  90% (30056/33395)Updating files:  91% (30390/33395)Updating files:  92% (30724/33395)Updating files:  93% (31058/33395)Updating files:  94% (31392/33395)Updating files:  95% (31726/33395)Updating files:  96% (32060/33395)Updating files:  97% (32394/33395)Updating files:  98% (32728/33395)Updating files:  99% (33062/33395)Updating files: 100% (33395/33395)Updating files: 100% (33395/33395), done.
HEAD is now at 6d17c11f69 Merge pull request #25549 from jmid/conf-efl-fix
Updating 6d17c11f69..68b4763e38
Fast-forward
 .../chrome-trace/chrome-trace.3.15.0~alpha1/opam   | 40 +++++++++++++++
 .../dune-action-plugin.3.15.0~alpha1/opam          | 53 ++++++++++++++++++++
 .../dune-build-info.3.15.0~alpha1/opam             | 46 +++++++++++++++++
 .../dune-configurator.3.15.0~alpha1/opam           | 50 +++++++++++++++++++
 packages/dune-glob/dune-glob.3.15.0~alpha1/opam    | 43 ++++++++++++++++
 .../dune-private-libs.3.15.0~alpha1/opam           | 51 +++++++++++++++++++
 .../dune-rpc-lwt/dune-rpc-lwt.3.15.0~alpha1/opam   | 42 ++++++++++++++++
 packages/dune-rpc/dune-rpc.3.15.0~alpha1/opam      | 44 +++++++++++++++++
 packages/dune-site/dune-site.3.15.0~alpha1/opam    | 38 +++++++++++++++
 packages/dune/dune.3.15.0~alpha1/opam              | 57 ++++++++++++++++++++++
 packages/dyn/dyn.3.15.0~alpha1/opam                | 41 ++++++++++++++++
 packages/ocamlc-loc/ocamlc-loc.3.15.0~alpha1/opam  | 44 +++++++++++++++++
 packages/ordering/ordering.3.15.0~alpha1/opam      | 39 +++++++++++++++
 packages/stdune/stdune.3.15.0~alpha1/opam          | 45 +++++++++++++++++
 packages/xdg/xdg.3.15.0~alpha1/opam                | 40 +++++++++++++++
 15 files changed, 673 insertions(+)
 create mode 100644 packages/chrome-trace/chrome-trace.3.15.0~alpha1/opam
 create mode 100644 packages/dune-action-plugin/dune-action-plugin.3.15.0~alpha1/opam
 create mode 100644 packages/dune-build-info/dune-build-info.3.15.0~alpha1/opam
 create mode 100644 packages/dune-configurator/dune-configurator.3.15.0~alpha1/opam
 create mode 100644 packages/dune-glob/dune-glob.3.15.0~alpha1/opam
 create mode 100644 packages/dune-private-libs/dune-private-libs.3.15.0~alpha1/opam
 create mode 100644 packages/dune-rpc-lwt/dune-rpc-lwt.3.15.0~alpha1/opam
 create mode 100644 packages/dune-rpc/dune-rpc.3.15.0~alpha1/opam
 create mode 100644 packages/dune-site/dune-site.3.15.0~alpha1/opam
 create mode 100644 packages/dune/dune.3.15.0~alpha1/opam
 create mode 100644 packages/dyn/dyn.3.15.0~alpha1/opam
 create mode 100644 packages/ocamlc-loc/ocamlc-loc.3.15.0~alpha1/opam
 create mode 100644 packages/ordering/ordering.3.15.0~alpha1/opam
 create mode 100644 packages/stdune/stdune.3.15.0~alpha1/opam
 create mode 100644 packages/xdg/xdg.3.15.0~alpha1/opam

[01;34m(from ocaml/opam:debian-12-ocaml-4.14@sha256:192ae4cbe34237dcf8a9811ef1002a8eb6b85336f3b1f6d22b2949df45f90f74)[0m
[01;2m[01;35m2024-03-27 01:00.03 ---> using "b25e2e2611a5aa2fe4b9d45e2148d7eac6e9d143b97d58672285bd239f221e34" from cache[0m

[01;34m/: (user (uid 1000) (gid 1000))[0m

[01;34m/: (workdir /home/opam)[0m

[01;34m/home/opam: (run (shell "sudo ln -f /usr/bin/opam-dev /usr/bin/opam"))[0m
[01;2m[01;35m2024-03-27 01:00.03 ---> using "ab38bf6f494e0372305b1179dcb5aa3e88e0a2adcbabada4f6034a94efa68513" from cache[0m

[01;34m/home/opam: (run (network host)
                 (shell "opam init --reinit --config .opamrc-sandbox -ni"))[0m
Configuring from /home/opam/.opamrc-sandbox, then /home/opam/.opamrc, and finally from built-in defaults.
Checking for available remotes: rsync and local, git.
  - you won't be able to use mercurial repositories unless you install the hg command on your system.
  - you won't be able to use darcs repositories unless you install the darcs command on your system.

This development version of opam requires an update to the layout of /home/opam/.opam from version 2.0 to version 2.2~alpha, which can't be reverted.
You may want to back it up before going further.

Continue? [y/n] y
Format upgrade done.

<><> Updating repositories ><><><><><><><><><><><><><><><><><><><><><><><><><><>
[default] synchronised from file:///home/opam/opam-repository
[01;2m[01;35m2024-03-27 01:00.03 ---> using "50a7fe50cbac70f624f669a6d2cb6e229029bca6d6a0afd494b19181a9585df3" from cache[0m

[01;34m/home/opam: (env OPAMDOWNLOADJOBS 1)[0m

[01;34m/home/opam: (env OPAMERRLOGLEN 0)[0m

[01;34m/home/opam: (env OPAMSOLVERTIMEOUT 500)[0m

[01;34m/home/opam: (env OPAMPRECISETRACKING 1)[0m

[01;34m/home/opam: (env CI true)[0m

[01;34m/home/opam: (env OPAM_REPO_CI true)[0m

[01;34m/home/opam: (run (shell "rm -rf opam-repository/"))[0m
[01;2m[01;35m2024-03-27 01:00.03 ---> using "167a4bc722d53b14e67fec54759126cc0f6c2c8a8e632ee604b17e0300e8d946" from cache[0m

[01;34m/home/opam: (copy (src .) (dst opam-repository/))[0m
[01;2m[01;35m2024-03-27 01:00.06 ---> using "dda0eaaa4ec68a0ad7bea07da11b984248788b0f9ae863f2866c7e645e59d8af" from cache[0m

[01;34m/home/opam: (run (shell "opam repository set-url --strict default opam-repository/"))[0m
[default] Initialised
[01;2m[01;35m2024-03-27 01:00.06 ---> using "99ceabb7fda36181e23b7260b15065f8dbf84a06c142cbc62e5b819b4820e125" from cache[0m

[01;34m/home/opam: (run (network host)
                 (shell "opam update --depexts || true"))[0m
+ /usr/bin/sudo "apt-get" "update"
- Hit:1 http://deb.debian.org/debian bookworm InRelease
- Get:2 http://deb.debian.org/debian bookworm-updates InRelease [55.4 kB]
- Get:3 http://deb.debian.org/debian-security bookworm-security InRelease [48.0 kB]
- Get:4 http://deb.debian.org/debian-security bookworm-security/main amd64 Packages [147 kB]
- Fetched 251 kB in 0s (1092 kB/s)
- Reading package lists...
[01;2m[01;35m2024-03-27 01:00.06 ---> using "9fb1713f94e8fb0c52b8a044f5ef4f174359b33289098aabfe05a29952020105" from cache[0m

[01;34m/home/opam: (env OPAMCRITERIA -removed,-count[avoid-version,changed],-count[version-lag,request],-count[version-lag,changed],-count[missing-depexts,changed],-changed)[0m

[01;34m/home/opam: (env OPAMFIXUPCRITERIA -removed,-count[avoid-version,changed],-count[version-lag,request],-count[version-lag,changed],-count[missing-depexts,changed],-changed)[0m

[01;34m/home/opam: (env OPAMUPGRADECRITERIA -removed,-count[avoid-version,changed],-count[version-lag,request],-count[version-lag,changed],-count[missing-depexts,changed],-changed)[0m

[01;34m/home/opam: (run (shell "opam pin add -k version -yn dune.3.15.0~alpha1 3.15.0~alpha1"))[0m
dune is now pinned to version 3.15.0~alpha1
[01;2m[01;35m2024-03-27 01:00.06 ---> using "9fc03dfe56749d906a8da117524ad930e66d029c1e855ee9c5a518ef6e31dc3b" from cache[0m

[01;34m/home/opam: (run (cache (opam-archives (target /home/opam/.opam/download-cache)))
                 (network host)
                 (shell  "opam reinstall dune.3.15.0~alpha1;\
                        \n        res=$?;\
                        \n        test \"$res\" != 31 && exit \"$res\";\
                        \n        export OPAMCLI=2.0;\
                        \n        build_dir=$(opam var prefix)/.opam-switch/build;\
                        \n        failed=$(ls \"$build_dir\");\
                        \n        partial_fails=\"\";\
                        \n        for pkg in $failed; do\
                        \n          if opam show -f x-ci-accept-failures: \"$pkg\" | grep -qF \"\\\"debian-12\\\"\"; then\
                        \n            echo \"A package failed and has been disabled for CI using the 'x-ci-accept-failures' field.\";\
                        \n          fi;\
                        \n          test \"$pkg\" != 'dune.3.15.0~alpha1' && partial_fails=\"$partial_fails $pkg\";\
                        \n        done;\
                        \n        test \"${partial_fails}\" != \"\" && echo \"opam-repo-ci detected dependencies failing: ${partial_fails}\";\
                        \n        exit 1"))[0m
dune.3.15.0~alpha1 is not installed. Install it? [y/n] y
The following actions will be performed:
=== install 1 package
  - install dune 3.15.0~alpha1 (pinned)

<><> Processing actions <><><><><><><><><><><><><><><><><><><><><><><><><><><><>
-> retrieved dune.3.15.0~alpha1  (cached)
-> installed dune.3.15.0~alpha1
Done.
# Run eval $(opam env) to update the current shell environment
[01;2m[01;35m2024-03-27 01:00.06 ---> using "306b61f3c59bc7b64f3511318b8ebd5949224fc752db885fd92b99d69dc5049e" from cache[0m

[01;34m/home/opam: (env OPAMCRITERIA -removed,-count[avoid-version,changed],-count[version-lag,request],-count[version-lag,changed],-count[missing-depexts,changed],-changed)[0m

[01;34m/home/opam: (env OPAMFIXUPCRITERIA -removed,-count[avoid-version,changed],-count[version-lag,request],-count[version-lag,changed],-count[missing-depexts,changed],-changed)[0m

[01;34m/home/opam: (env OPAMUPGRADECRITERIA -removed,-count[avoid-version,changed],-count[version-lag,request],-count[version-lag,changed],-count[missing-depexts,changed],-changed)[0m

[01;34m/home/opam: (run (cache (opam-archives (target /home/opam/.opam/download-cache)))
                 (network host)
                 (shell  "opam reinstall sihl.0.1.4;\
                        \n        res=$?;\
                        \n        test \"$res\" != 31 && exit \"$res\";\
                        \n        export OPAMCLI=2.0;\
                        \n        build_dir=$(opam var prefix)/.opam-switch/build;\
                        \n        failed=$(ls \"$build_dir\");\
                        \n        partial_fails=\"\";\
                        \n        for pkg in $failed; do\
                        \n          if opam show -f x-ci-accept-failures: \"$pkg\" | grep -qF \"\\\"debian-12\\\"\"; then\
                        \n            echo \"A package failed and has been disabled for CI using the 'x-ci-accept-failures' field.\";\
                        \n          fi;\
                        \n          test \"$pkg\" != 'sihl.0.1.4' && partial_fails=\"$partial_fails $pkg\";\
                        \n        done;\
                        \n        test \"${partial_fails}\" != \"\" && echo \"opam-repo-ci detected dependencies failing: ${partial_fails}\";\
                        \n        exit 1"))[0m
sihl.0.1.4 is not installed. Install it? [y/n] y
The following actions will be performed:
=== install 115 packages
  - install alcotest              1.7.0         [required by sihl]
  - install angstrom              0.16.0        [required by caqti]
  - install asn1-combinators      0.2.6         [required by x509]
  - install astring               0.8.5         [required by alcotest]
  - install base                  v0.15.1       [required by sihl]
  - install base-bytes            base          [required by ocplib-endian, cohttp]
  - install base64                3.5.1         [required by jwto]
  - install bigarray-overlap      0.2.1         [required by mrmime]
  - install bigstringaf           0.9.1         [required by caqti]
  - install biniou                1.2.2         [required by yojson]
  - install bos                   0.2.1         [required by ca-certs]
  - install ca-certs              0.2.3         [required by letters]
  - install camlp-streams         5.0.1         [required by biniou]
  - install caqti                 1.9.0         [required by sihl]
  - install caqti-lwt             1.9.0         [required by sihl]
  - install cmdliner              1.2.0         [required by opium, alcotest, uuidm]
  - install cohttp                5.3.1         [required by opium_kernel]
  - install cohttp-lwt            5.3.0         [required by cohttp-lwt-unix, opium_kernel]
  - install cohttp-lwt-unix       5.3.0         [required by opium]
  - install coin                  0.1.4         [required by rosetta]
  - install colombe               0.8.0         [required by letters]
  - install conduit               6.2.1         [required by conduit-lwt]
  - install conduit-lwt           6.2.1         [required by cohttp-lwt-unix]
  - install conduit-lwt-unix      6.2.1         [required by cohttp-lwt-unix]
  - install conf-gmp              4             [required by zarith, conf-gmp-powm-sec]
  - install conf-gmp-powm-sec     3             [required by mirage-crypto-pk]
  - install conf-libpcre          1             [required by pcre]
  - install conf-libssl           4             [required by ssl]
  - install conf-pkg-config       3             [required by conf-libpcre]
  - install containers            3.13.1        [required by sihl]
  - install cppo                  1.6.9         [required by caqti]
  - install csexp                 1.5.2         [required by dune-configurator]
  - install cstruct               6.2.0         [required by sendmail]
  - install digestif              1.2.0         [required by jwto]
  - install domain-name           0.4.0         [required by x509, tls]
  - install dune-configurator     3.15.0~alpha1 [required by containers, base, pcre]
  - install duration              0.2.1         [required by mirage-crypto-rng-lwt]
  - install easy-format           1.3.4         [required by yojson]
  - install either                1.0.0         [required by containers]
  - install emile                 1.1           [required by colombe, mrmime]
  - install eqaf                  0.9           [required by digestif]
  - install ezjsonm               1.3.0         [required by opium]
  - install fieldslib             v0.15.0       [required by opium_kernel]
  - install fmt                   0.9.0         [required by sihl]
  - install fpath                 0.7.3         [required by letters]
  - install gmap                  0.3.0         [required by x509]
  - install hex                   1.5.0         [required by ezjsonm]
  - install hkdf                  1.0.4         [required by tls]
  - install hmap                  0.8.1         [required by opium_kernel]
  - install ipaddr                5.5.0         [required by colombe, mrmime]
  - install ipaddr-sexp           5.5.0         [required by conduit-lwt-unix]
  - install jsonm                 1.0.2         [required by ezjsonm]
  - install jwto                  0.4.0         [required by sihl]
  - install ke                    0.6           [required by mrmime, sendmail]
  - install letters               0.3.3         [required by sihl]
  - install logs                  0.7.0         [required by sihl]
  - install lwt                   5.7.0         [required by sihl]
  - install lwt_ssl               1.2.0         [required by sihl]
  - install macaddr               5.5.0         [required by ipaddr]
  - install magic-mime            1.3.1         [required by opium]
  - install mirage-crypto         0.11.3        [required by ca-certs]
  - install mirage-crypto-ec      0.11.3        [required by x509, tls]
  - install mirage-crypto-pk      0.11.3        [required by x509, tls]
  - install mirage-crypto-rng     0.11.3        [required by tls, x509, mirage-crypto-rng-lwt]
  - install mirage-crypto-rng-lwt 0.11.3        [required by tls-lwt]
  - install mrmime                0.6.0         [required by letters]
  - install mtime                 2.0.0         [required by mirage-crypto-rng-lwt]
  - install num                   1.5           [required by sexplib]
  - install ocaml-compiler-libs   v0.12.4       [required by ppxlib]
  - install ocaml-syntax-shims    1.0.0         [required by alcotest]
  - install ocamlbuild            0.14.3        [required by uuidm]
  - install ocamlfind             1.9.6         [required by uuidm]
  - install ocplib-endian         1.2           [required by lwt]
  - install opium                 0.18.0        [required by sihl]
  - install opium_kernel          0.18.0        [required by opium]
  - install parsexp               v0.15.0       [required by sexplib]
  - install pbkdf                 1.2.0         [required by x509]
  - install pcre                  7.5.0         [required by sihl]
  - install pecu                  0.6           [required by mrmime]
  - install ppx_derivers          1.2.1         [required by ppx_deriving]
  - install ppx_deriving          5.2.1         [required by jwto, ppx_deriving_yojson]
  - install ppx_deriving_yojson   3.7.0         [required by sihl]
  - install ppx_fields_conv       v0.15.0       [required by sihl]
  - install ppx_sexp_conv         v0.15.1       [required by sihl]
  - install ppxlib                0.32.0        [required by ppx_deriving_yojson]
  - install prettym               0.0.3         [required by mrmime]
  - install ptime                 1.1.0         [required by caqti, letters]
  - install re                    1.11.0        [required by opium, alcotest, jwto, tyxml]
  - install result                1.5           [required by ppx_deriving_yojson]
  - install rosetta               0.3.0         [required by mrmime]
  - install rresult               0.7.0         [required by letters]
  - install safepass              3.1           [required by sihl]
  - install sendmail              0.8.0         [required by letters]
  - install seq                   base          [required by tyxml]
  - install sexplib               v0.15.1       [required by sihl]
  - install sexplib0              v0.15.1       [required by base]
  - install sihl                  0.1.4
  - install ssl                   0.7.0         [required by sihl]
  - install stdlib-shims          0.3.0         [required by alcotest]
  - install stringext             1.6.0         [required by uri]
  - install tls                   0.17.3        [required by sihl]
  - install tls-lwt               0.17.3        [required by letters]
  - install topkg                 1.0.7         [required by uuidm]
  - install tsort                 2.0.0         [required by sihl]
  - install tyxml                 4.6.0         [required by sihl]
  - install unstrctrd             0.3           [required by mrmime]
  - install uri                   4.4.0         [required by caqti]
  - install uri-sexp              4.4.0         [required by cohttp]
  - install uuidm                 0.9.8         [required by sihl]
  - install uutf                  1.0.3         [required by alcotest, tyxml]
  - install uuuu                  0.3.0         [required by rosetta]
  - install x509                  0.16.5        [required by letters]
  - install yojson                1.7.0         [required by sihl]
  - install yuscii                0.3.0         [required by rosetta]
  - install zarith                1.13          [required by asn1-combinators, mirage-crypto-pk]

The following system packages will first need to be installed:
    libgmp-dev libpcre3-dev libssl-dev pkg-config

<><> Handling external dependencies <><><><><><><><><><><><><><><><><><><><><><>

opam believes some required external dependencies are missing. opam can:
> 1. Run apt-get to install them (may need root/sudo access)
  2. Display the recommended apt-get command and wait while you run it manually (e.g. in another terminal)
  3. Continue anyway, and, upon success, permanently register that this external dependency is present, but not detectable
  4. Abort the installation

[1/2/3/4] 1

+ /usr/bin/sudo "apt-get" "install" "-qq" "-yy" "libgmp-dev" "libpcre3-dev" "libssl-dev" "pkg-config"
- debconf: delaying package configuration, since apt-utils is not installed
- Selecting previously unselected package libgmpxx4ldbl:amd64.
- (Reading database ... (Reading database ... 5%(Reading database ... 10%(Reading database ... 15%(Reading database ... 20%(Reading database ... 25%(Reading database ... 30%(Reading database ... 35%(Reading database ... 40%(Reading database ... 45%(Reading database ... 50%(Reading database ... 55%(Reading database ... 60%(Reading database ... 65%(Reading database ... 70%(Reading database ... 75%(Reading database ... 80%(Reading database ... 85%(Reading database ... 90%(Reading database ... 95%(Reading database ... 100%(Reading database ... 18743 files and directories currently installed.)
- Preparing to unpack .../00-libgmpxx4ldbl_2%3a6.2.1+dfsg1-1.1_amd64.deb ...
- Unpacking libgmpxx4ldbl:amd64 (2:6.2.1+dfsg1-1.1) ...
- Selecting previously unselected package libgmp-dev:amd64.
- Preparing to unpack .../01-libgmp-dev_2%3a6.2.1+dfsg1-1.1_amd64.deb ...
- Unpacking libgmp-dev:amd64 (2:6.2.1+dfsg1-1.1) ...
- Selecting previously unselected package libpcre16-3:amd64.
- Preparing to unpack .../02-libpcre16-3_2%3a8.39-15_amd64.deb ...
- Unpacking libpcre16-3:amd64 (2:8.39-15) ...
- Selecting previously unselected package libpcre3:amd64.
- Preparing to unpack .../03-libpcre3_2%3a8.39-15_amd64.deb ...
- Unpacking libpcre3:amd64 (2:8.39-15) ...
- Selecting previously unselected package libpcre32-3:amd64.
- Preparing to unpack .../04-libpcre32-3_2%3a8.39-15_amd64.deb ...
- Unpacking libpcre32-3:amd64 (2:8.39-15) ...
- Selecting previously unselected package libpcrecpp0v5:amd64.
- Preparing to unpack .../05-libpcrecpp0v5_2%3a8.39-15_amd64.deb ...
- Unpacking libpcrecpp0v5:amd64 (2:8.39-15) ...
- Selecting previously unselected package libpcre3-dev:amd64.
- Preparing to unpack .../06-libpcre3-dev_2%3a8.39-15_amd64.deb ...
- Unpacking libpcre3-dev:amd64 (2:8.39-15) ...
- Selecting previously unselected package libpkgconf3:amd64.
- Preparing to unpack .../07-libpkgconf3_1.8.1-1_amd64.deb ...
- Unpacking libpkgconf3:amd64 (1.8.1-1) ...
- Selecting previously unselected package libssl-dev:amd64.
- Preparing to unpack .../08-libssl-dev_3.0.11-1~deb12u2_amd64.deb ...
- Unpacking libssl-dev:amd64 (3.0.11-1~deb12u2) ...
- Selecting previously unselected package pkgconf-bin.
- Preparing to unpack .../09-pkgconf-bin_1.8.1-1_amd64.deb ...
- Unpacking pkgconf-bin (1.8.1-1) ...
- Selecting previously unselected package pkgconf:amd64.
- Preparing to unpack .../10-pkgconf_1.8.1-1_amd64.deb ...
- Unpacking pkgconf:amd64 (1.8.1-1) ...
- Selecting previously unselected package pkg-config:amd64.
- Preparing to unpack .../11-pkg-config_1.8.1-1_amd64.deb ...
- Unpacking pkg-config:amd64 (1.8.1-1) ...
- Setting up libpcre16-3:amd64 (2:8.39-15) ...
- Setting up libpcre3:amd64 (2:8.39-15) ...
- Setting up libpkgconf3:amd64 (1.8.1-1) ...
- Setting up libgmpxx4ldbl:amd64 (2:6.2.1+dfsg1-1.1) ...
- Setting up libssl-dev:amd64 (3.0.11-1~deb12u2) ...
- Setting up libpcre32-3:amd64 (2:8.39-15) ...
- Setting up pkgconf-bin (1.8.1-1) ...
- Setting up libpcrecpp0v5:amd64 (2:8.39-15) ...
- Setting up libgmp-dev:amd64 (2:6.2.1+dfsg1-1.1) ...
- Setting up libpcre3-dev:amd64 (2:8.39-15) ...
- Setting up pkgconf:amd64 (1.8.1-1) ...
- Setting up pkg-config:amd64 (1.8.1-1) ...
- Processing triggers for libc-bin (2.36-9+deb12u4) ...

<><> Processing actions <><><><><><><><><><><><><><><><><><><><><><><><><><><><>
-> retrieved alcotest.1.7.0  (cached)
-> retrieved angstrom.0.16.0  (cached)
-> retrieved asn1-combinators.0.2.6  (cached)
-> retrieved astring.0.8.5  (cached)
-> retrieved base.v0.15.1  (cached)
-> retrieved base64.3.5.1  (cached)
-> retrieved bigarray-overlap.0.2.1  (cached)
-> retrieved bigstringaf.0.9.1  (cached)
-> retrieved biniou.1.2.2  (cached)
-> retrieved bos.0.2.1  (cached)
-> retrieved ca-certs.0.2.3  (cached)
-> retrieved camlp-streams.5.0.1  (cached)
-> retrieved caqti.1.9.0, caqti-lwt.1.9.0  (cached)
-> retrieved cmdliner.1.2.0  (cached)
-> retrieved cohttp.5.3.1  (cached)
-> retrieved cohttp-lwt.5.3.0, cohttp-lwt-unix.5.3.0  (cached)
-> retrieved coin.0.1.4  (cached)
-> installed camlp-streams.5.0.1
-> retrieved colombe.0.8.0, sendmail.0.8.0  (cached)
-> retrieved conduit.6.2.1, conduit-lwt.6.2.1, conduit-lwt-unix.6.2.1  (cached)
-> installed base64.3.5.1
-> installed conf-pkg-config.3
-> installed conf-gmp.4
-> installed conf-libssl.4
-> installed conf-libpcre.1
-> retrieved containers.3.13.1  (cached)
-> installed conf-gmp-powm-sec.3
-> retrieved cppo.1.6.9  (cached)
-> retrieved csexp.1.5.2  (cached)
-> retrieved cstruct.6.2.0  (cached)
-> installed bigarray-overlap.0.2.1
-> installed csexp.1.5.2
-> retrieved digestif.1.2.0  (cached)
-> retrieved domain-name.0.4.0  (cached)
-> installed domain-name.0.4.0
-> installed cppo.1.6.9
-> retrieved dune-configurator.3.15.0~alpha1  (cached)
-> retrieved duration.0.2.1  (cached)
-> retrieved easy-format.1.3.4  (cached)
-> retrieved either.1.0.0  (cached)
-> retrieved emile.1.1  (cached)
-> retrieved eqaf.0.9  (cached)
-> retrieved ezjsonm.1.3.0  (cached)
-> retrieved fieldslib.v0.15.0  (cached)
-> retrieved fmt.0.9.0  (cached)
-> retrieved fpath.0.7.3  (cached)
-> retrieved gmap.0.3.0  (cached)
-> retrieved hex.1.5.0  (cached)
-> retrieved hkdf.1.0.4  (cached)
-> installed cmdliner.1.2.0
-> retrieved hmap.0.8.1  (cached)
-> retrieved ipaddr.5.5.0, ipaddr-sexp.5.5.0, macaddr.5.5.0  (cached)
-> retrieved jsonm.1.0.2  (cached)
-> retrieved jwto.0.4.0  (cached)
-> retrieved ke.0.6  (cached)
-> retrieved letters.0.3.3  (cached)
-> retrieved logs.0.7.0  (cached)
-> installed duration.0.2.1
-> retrieved lwt.5.7.0  (cached)
-> installed easy-format.1.3.4
-> installed either.1.0.0
-> installed gmap.0.3.0
-> retrieved lwt_ssl.1.2.0  (cached)
-> retrieved magic-mime.1.3.1  (cached)
-> installed macaddr.5.5.0
-> installed biniou.1.2.2
-> installed ipaddr.5.5.0
-> retrieved mirage-crypto.0.11.3, mirage-crypto-ec.0.11.3, mirage-crypto-pk.0.11.3, mirage-crypto-rng.0.11.3, mirage-crypto-rng-lwt.0.11.3  (cached)
-> installed dune-configurator.3.15.0~alpha1
-> installed magic-mime.1.3.1
-> retrieved mrmime.0.6.0  (cached)
-> retrieved mtime.2.0.0  (cached)
-> retrieved num.1.5  (cached)
-> retrieved ocaml-compiler-libs.v0.12.4  (cached)
-> retrieved ocaml-syntax-shims.1.0.0  (cached)
-> retrieved ocamlbuild.0.14.3  (cached)
-> retrieved ocamlfind.1.9.6  (cached)
-> retrieved ocplib-endian.1.2  (cached)
-> retrieved opium.0.18.0, opium_kernel.0.18.0  (cached)
-> retrieved parsexp.v0.15.0  (cached)
-> retrieved pbkdf.1.2.0  (cached)
-> retrieved pcre.7.5.0  (cached)
-> retrieved pecu.0.6  (cached)
-> retrieved ppx_derivers.1.2.1  (cached)
-> retrieved ppx_deriving.5.2.1  (cached)
-> retrieved ppx_deriving_yojson.3.7.0  (cached)
-> retrieved ppx_fields_conv.v0.15.0  (cached)
-> retrieved ppx_sexp_conv.v0.15.1  (cached)
-> installed ppx_derivers.1.2.1
-> installed bigstringaf.0.9.1
-> retrieved ppxlib.0.32.0  (cached)
-> retrieved prettym.0.0.3  (cached)
-> installed pecu.0.6
-> retrieved ptime.1.1.0  (cached)
-> retrieved re.1.11.0  (cached)
-> retrieved result.1.5  (cached)
-> retrieved rosetta.0.3.0  (cached)
-> retrieved rresult.0.7.0  (cached)
-> retrieved safepass.3.1  (cached)
-> installed seq.base
-> retrieved sexplib.v0.15.1  (cached)
-> retrieved sexplib0.v0.15.1  (cached)
-> retrieved sihl.0.1.4  (cached)
-> retrieved ssl.0.7.0  (cached)
-> retrieved stdlib-shims.0.3.0  (cached)
-> retrieved stringext.1.6.0  (cached)
-> retrieved tls.0.17.3, tls-lwt.0.17.3  (cached)
-> installed ocaml-syntax-shims.1.0.0
-> installed result.1.5
-> retrieved topkg.1.0.7  (cached)
-> retrieved tsort.2.0.0  (cached)
-> retrieved tyxml.4.6.0  (cached)
-> installed ocaml-compiler-libs.v0.12.4
-> installed pcre.7.5.0
-> installed stdlib-shims.0.3.0
-> installed stringext.1.6.0
-> retrieved unstrctrd.0.3  (cached)
-> retrieved uri.4.4.0, uri-sexp.4.4.0  (cached)
-> retrieved uuidm.0.9.8  (cached)
-> retrieved uutf.1.0.3  (cached)
-> retrieved uuuu.0.3.0  (cached)
-> retrieved x509.0.16.5  (cached)
-> retrieved yojson.1.7.0  (cached)
-> retrieved yuscii.0.3.0  (cached)
-> retrieved zarith.1.13  (cached)
-> installed sexplib0.v0.15.1
-> installed num.1.5
-> installed yuscii.0.3.0
-> installed angstrom.0.16.0
-> installed safepass.3.1
-> installed re.1.11.0
-> installed containers.3.13.1
-> installed ssl.0.7.0
-> installed tsort.2.0.0
-> installed ocamlfind.1.9.6
-> installed base-bytes.base
-> installed uri.4.4.0
-> installed yojson.1.7.0
-> installed ocplib-endian.1.2
-> installed coin.0.1.4
-> installed uuuu.0.3.0
-> installed rosetta.0.3.0
-> installed ocamlbuild.0.14.3
-> installed zarith.1.13
-> installed lwt.5.7.0
-> installed lwt_ssl.1.2.0
-> installed base.v0.15.1
-> installed fieldslib.v0.15.0
-> installed topkg.1.0.7
-> installed parsexp.v0.15.0
-> installed hmap.0.8.1
-> installed uuidm.0.9.8
-> installed rresult.0.7.0
-> installed mtime.2.0.0
-> installed uutf.1.0.3
-> installed ptime.1.1.0
-> installed fmt.0.9.0
-> installed sexplib.v0.15.1
-> installed astring.0.8.5
-> installed emile.1.1
-> installed unstrctrd.0.3
-> installed ke.0.6
-> installed cstruct.6.2.0
-> installed hex.1.5.0
-> installed colombe.0.8.0
-> installed fpath.0.7.3
-> installed prettym.0.0.3
-> installed eqaf.0.9
-> installed jsonm.1.0.2
-> installed asn1-combinators.0.2.6
-> installed alcotest.1.7.0
-> installed logs.0.7.0
-> installed ezjsonm.1.3.0
-> installed caqti.1.9.0
-> installed digestif.1.2.0
-> installed mrmime.0.6.0
-> installed caqti-lwt.1.9.0
-> installed tyxml.4.6.0
-> installed mirage-crypto.0.11.3
-> installed bos.0.2.1
-> installed hkdf.1.0.4
-> installed pbkdf.1.2.0
-> installed mirage-crypto-rng.0.11.3
-> installed mirage-crypto-rng-lwt.0.11.3
-> installed mirage-crypto-pk.0.11.3
-> installed ppxlib.0.32.0
-> installed ppx_fields_conv.v0.15.0
-> installed ppx_sexp_conv.v0.15.1
-> installed ppx_deriving.5.2.1
-> installed mirage-crypto-ec.0.11.3
-> installed ipaddr-sexp.5.5.0
-> installed jwto.0.4.0
-> installed uri-sexp.4.4.0
-> installed x509.0.16.5
-> installed ppx_deriving_yojson.3.7.0
-> installed ca-certs.0.2.3
-> installed conduit.6.2.1
-> installed cohttp.5.3.1
-> installed tls.0.17.3
-> installed conduit-lwt.6.2.1
-> installed tls-lwt.0.17.3
-> installed sendmail.0.8.0
-> installed letters.0.3.3
-> installed cohttp-lwt.5.3.0
-> installed conduit-lwt-unix.6.2.1
-> installed opium_kernel.0.18.0
-> installed cohttp-lwt-unix.5.3.0
-> installed opium.0.18.0
-> installed sihl.0.1.4
Done.
# Run eval $(opam env) to update the current shell environment
[01;2m[01;35m2024-03-27 01:01.46 ---> saved as "62e018a39ceb3044b3bb744b76360d5197bc330f51bdba53c57cf0fae45a8f4c"[0m

[01;34m/home/opam: (env OPAMCRITERIA -removed,-count[avoid-version,changed],-count[version-lag,request],-count[version-lag,changed],-count[missing-depexts,changed],-changed)[0m

[01;34m/home/opam: (env OPAMFIXUPCRITERIA -removed,-count[avoid-version,changed],-count[version-lag,request],-count[version-lag,changed],-count[missing-depexts,changed],-changed)[0m

[01;34m/home/opam: (env OPAMUPGRADECRITERIA -removed,-count[avoid-version,changed],-count[version-lag,request],-count[version-lag,changed],-count[missing-depexts,changed],-changed)[0m

[01;34m/home/opam: (run (network host)
                 (shell "(opam reinstall --with-test sihl.0.1.4) || true"))[0m
[ERROR] Sorry, resolution of the request timed out.
        Try to specify a more precise request, use a different solver, or increase the allowed time by setting OPAMSOLVERTIMEOUT to a bigger value (currently, it is set to 500.0 seconds).
[01;2m[01;35m2024-03-27 01:10.25 ---> saved as "1b98d4c1cb2d26d8f6e2a7fe9fc7e508058568aa32a7efc57cd64c5d41eaa656"[0m

[01;34m/home/opam: (run (shell  "opam reinstall --with-test --verbose sihl.0.1.4;\
                        \n        res=$?;\
                        \n        test \"$res\" != 31 && exit \"$res\";\
                        \n        export OPAMCLI=2.0;\
                        \n        build_dir=$(opam var prefix)/.opam-switch/build;\
                        \n        failed=$(ls \"$build_dir\");\
                        \n        partial_fails=\"\";\
                        \n        for pkg in $failed; do\
                        \n          if opam show -f x-ci-accept-failures: \"$pkg\" | grep -qF \"\\\"debian-12\\\"\"; then\
                        \n            echo \"A package failed and has been disabled for CI using the 'x-ci-accept-failures' field.\";\
                        \n          fi;\
                        \n          test \"$pkg\" != 'sihl.0.1.4' && partial_fails=\"$partial_fails $pkg\";\
                        \n        done;\
                        \n        test \"${partial_fails}\" != \"\" && echo \"opam-repo-ci detected dependencies failing: ${partial_fails}\";\
                        \n        exit 1"))[0m
[ERROR] Sorry, resolution of the request timed out.
        Try to specify a more precise request, use a different solver, or increase the allowed time by setting OPAMSOLVERTIMEOUT to a bigger value (currently, it is set to 500.0 seconds).
'opam reinstall --with-test --verbose sihl.0.1.4' failed.
"/usr/bin/env" "bash" "-c" "opam reinstall --with-test --verbose sihl.0.1.4;
        res=$?;
        test "$res" != 31 && exit "$res";
        export OPAMCLI=2.0;
        build_dir=$(opam var prefix)/.opam-switch/build;
        failed=$(ls "$build_dir");
        partial_fails="";
        for pkg in $failed; do
          if opam show -f x-ci-accept-failures: "$pkg" | grep -qF "\"debian-12\""; then
            echo "A package failed and has been disabled for CI using the 'x-ci-accept-failures' field.";
          fi;
          test "$pkg" != 'sihl.0.1.4' && partial_fails="$partial_fails $pkg";
        done;
        test "${partial_fails}" != "" && echo "opam-repo-ci detected dependencies failing: ${partial_fails}";
        exit 1" failed with exit status 60
2024-03-27 01:19.19: Job failed: Failed: Build failed
2024-03-27 01:19.19: Log analysis:
2024-03-27 01:19.19: >>> 
[ERROR] Sorry, resolution of the request timed out.
 (score = 20)
2024-03-27 01:19.19: >>> 
[ERROR] Sorry, resolution of the request timed out.
 (score = 20)
2024-03-27 01:19.19: Sorry, resolution of the request timed out.
