2024-06-03 12:42.36: New job: test data-encoding.0.7 with conf-pkg-config.3, using opam dev
                              from https://github.com/ocaml/opam-repository.git#refs/pull/25861/head (416bb59d4e5bd5a6dd8fb9323d97ea2c58b95d20)
                              on debian-12-ocaml-4.14/amd64

To reproduce locally:

cd $(mktemp -d)
git clone --recursive "https://github.com/ocaml/opam-repository.git" && cd "opam-repository" && git fetch origin "refs/pull/25861/head" && git reset --hard 416bb59d
git fetch origin master
git merge --no-edit c45f5bab71d3589f41f9603daca5acad14df0ab0
cat > ../Dockerfile <<'END-OF-DOCKERFILE'
[34mFROM ocaml/opam:debian-12-ocaml-4.14@sha256:2ba69112cb856b702920b505b82a8fab331d2c9d9406c7f3b9f4adb73637666c
USER 1000:1000
WORKDIR /home/opam
RUN sudo ln -f /usr/bin/opam-dev /usr/bin/opam
RUN opam init --reinit -ni
RUN uname -rs && opam exec -- ocaml -version && opam --version
ENV OPAMDOWNLOADJOBS="1"
ENV OPAMERRLOGLEN="0"
ENV OPAMSOLVERTIMEOUT="500"
ENV OPAMPRECISETRACKING="1"
ENV CI="true"
ENV OPAM_REPO_CI="true"
RUN rm -rf opam-repository/
COPY --chown=1000:1000 . opam-repository/
RUN opam repository set-url --strict default opam-repository/
RUN opam update --depexts || true
RUN opam pin add -k version -yn conf-pkg-config.3 3
RUN opam reinstall conf-pkg-config.3; \
    res=$?; \
    test "$res" != 31 && exit "$res"; \
    export OPAMCLI=2.0; \
    build_dir=$(opam var prefix)/.opam-switch/build; \
    failed=$(ls "$build_dir"); \
    partial_fails=""; \
    for pkg in $failed; do \
    if opam show -f x-ci-accept-failures: "$pkg" | grep -qF "\"debian-12\""; then \
    echo "A package failed and has been disabled for CI using the 'x-ci-accept-failures' field."; \
    fi; \
    test "$pkg" != 'conf-pkg-config.3' && partial_fails="$partial_fails $pkg"; \
    done; \
    test "${partial_fails}" != "" && echo "opam-repo-ci detected dependencies failing: ${partial_fails}"; \
    exit 1
RUN opam reinstall data-encoding.0.7; \
    res=$?; \
    test "$res" != 31 && exit "$res"; \
    export OPAMCLI=2.0; \
    build_dir=$(opam var prefix)/.opam-switch/build; \
    failed=$(ls "$build_dir"); \
    partial_fails=""; \
    for pkg in $failed; do \
    if opam show -f x-ci-accept-failures: "$pkg" | grep -qF "\"debian-12\""; then \
    echo "A package failed and has been disabled for CI using the 'x-ci-accept-failures' field."; \
    fi; \
    test "$pkg" != 'data-encoding.0.7' && partial_fails="$partial_fails $pkg"; \
    done; \
    test "${partial_fails}" != "" && echo "opam-repo-ci detected dependencies failing: ${partial_fails}"; \
    exit 1
RUN (opam reinstall --with-test data-encoding.0.7) || true
RUN opam reinstall --with-test --verbose data-encoding.0.7; \
    res=$?; \
    test "$res" != 31 && exit "$res"; \
    export OPAMCLI=2.0; \
    build_dir=$(opam var prefix)/.opam-switch/build; \
    failed=$(ls "$build_dir"); \
    partial_fails=""; \
    for pkg in $failed; do \
    if opam show -f x-ci-accept-failures: "$pkg" | grep -qF "\"debian-12\""; then \
    echo "A package failed and has been disabled for CI using the 'x-ci-accept-failures' field."; \
    fi; \
    test "$pkg" != 'data-encoding.0.7' && partial_fails="$partial_fails $pkg"; \
    done; \
    test "${partial_fails}" != "" && echo "opam-repo-ci detected dependencies failing: ${partial_fails}"; \
    exit 1
[0m
END-OF-DOCKERFILE
docker build -f ../Dockerfile .

2024-06-03 12:42.36: Using cache hint "ocaml/opam:debian-12-ocaml-4.14@sha256:2ba69112cb856b702920b505b82a8fab331d2c9d9406c7f3b9f4adb73637666c-conf-pkg-config.3-data-encoding.0.7-416bb59d4e5bd5a6dd8fb9323d97ea2c58b95d20"
2024-06-03 12:42.36: Using OBuilder spec:
((from ocaml/opam:debian-12-ocaml-4.14@sha256:2ba69112cb856b702920b505b82a8fab331d2c9d9406c7f3b9f4adb73637666c)
 (user (uid 1000) (gid 1000))
 (workdir /home/opam)
 (run (shell "sudo ln -f /usr/bin/opam-dev /usr/bin/opam"))
 (run (network host)
      (shell "opam init --reinit --config .opamrc-sandbox -ni"))
 (run (shell "uname -rs && opam exec -- ocaml -version && opam --version"))
 (env OPAMDOWNLOADJOBS 1)
 (env OPAMERRLOGLEN 0)
 (env OPAMSOLVERTIMEOUT 500)
 (env OPAMPRECISETRACKING 1)
 (env CI true)
 (env OPAM_REPO_CI true)
 (run (shell "rm -rf opam-repository/"))
 (copy (src .) (dst opam-repository/))
 (run (shell "opam repository set-url --strict default opam-repository/"))
 (run (network host)
      (shell "opam update --depexts || true"))
 (run (shell "opam pin add -k version -yn conf-pkg-config.3 3"))
 (run (cache (opam-archives (target /home/opam/.opam/download-cache)))
      (network host)
      (shell  "opam reinstall conf-pkg-config.3;\
             \n        res=$?;\
             \n        test \"$res\" != 31 && exit \"$res\";\
             \n        export OPAMCLI=2.0;\
             \n        build_dir=$(opam var prefix)/.opam-switch/build;\
             \n        failed=$(ls \"$build_dir\");\
             \n        partial_fails=\"\";\
             \n        for pkg in $failed; do\
             \n          if opam show -f x-ci-accept-failures: \"$pkg\" | grep -qF \"\\\"debian-12\\\"\"; then\
             \n            echo \"A package failed and has been disabled for CI using the 'x-ci-accept-failures' field.\";\
             \n          fi;\
             \n          test \"$pkg\" != 'conf-pkg-config.3' && partial_fails=\"$partial_fails $pkg\";\
             \n        done;\
             \n        test \"${partial_fails}\" != \"\" && echo \"opam-repo-ci detected dependencies failing: ${partial_fails}\";\
             \n        exit 1"))
 (run (cache (opam-archives (target /home/opam/.opam/download-cache)))
      (network host)
      (shell  "opam reinstall data-encoding.0.7;\
             \n        res=$?;\
             \n        test \"$res\" != 31 && exit \"$res\";\
             \n        export OPAMCLI=2.0;\
             \n        build_dir=$(opam var prefix)/.opam-switch/build;\
             \n        failed=$(ls \"$build_dir\");\
             \n        partial_fails=\"\";\
             \n        for pkg in $failed; do\
             \n          if opam show -f x-ci-accept-failures: \"$pkg\" | grep -qF \"\\\"debian-12\\\"\"; then\
             \n            echo \"A package failed and has been disabled for CI using the 'x-ci-accept-failures' field.\";\
             \n          fi;\
             \n          test \"$pkg\" != 'data-encoding.0.7' && partial_fails=\"$partial_fails $pkg\";\
             \n        done;\
             \n        test \"${partial_fails}\" != \"\" && echo \"opam-repo-ci detected dependencies failing: ${partial_fails}\";\
             \n        exit 1"))
 (run (network host)
      (shell "(opam reinstall --with-test data-encoding.0.7) || true"))
 (run (shell  "opam reinstall --with-test --verbose data-encoding.0.7;\
             \n        res=$?;\
             \n        test \"$res\" != 31 && exit \"$res\";\
             \n        export OPAMCLI=2.0;\
             \n        build_dir=$(opam var prefix)/.opam-switch/build;\
             \n        failed=$(ls \"$build_dir\");\
             \n        partial_fails=\"\";\
             \n        for pkg in $failed; do\
             \n          if opam show -f x-ci-accept-failures: \"$pkg\" | grep -qF \"\\\"debian-12\\\"\"; then\
             \n            echo \"A package failed and has been disabled for CI using the 'x-ci-accept-failures' field.\";\
             \n          fi;\
             \n          test \"$pkg\" != 'data-encoding.0.7' && partial_fails=\"$partial_fails $pkg\";\
             \n        done;\
             \n        test \"${partial_fails}\" != \"\" && echo \"opam-repo-ci detected dependencies failing: ${partial_fails}\";\
             \n        exit 1"))
)

2024-06-03 12:42.36: Waiting for resource in pool OCluster
2024-06-05 05:28.08: Waiting for workerâ€¦
2024-06-05 05:30.12: Got resource from pool OCluster
Building on x86-bm-c3.sw.ocaml.org
All commits already cached
Updating files:  59% (18731/31449)Updating files:  60% (18870/31449)Updating files:  61% (19184/31449)Updating files:  62% (19499/31449)Updating files:  63% (19813/31449)Updating files:  64% (20128/31449)Updating files:  65% (20442/31449)Updating files:  66% (20757/31449)Updating files:  67% (21071/31449)Updating files:  68% (21386/31449)Updating files:  69% (21700/31449)Updating files:  70% (22015/31449)Updating files:  71% (22329/31449)Updating files:  72% (22644/31449)Updating files:  73% (22958/31449)Updating files:  74% (23273/31449)Updating files:  75% (23587/31449)Updating files:  76% (23902/31449)Updating files:  77% (24216/31449)Updating files:  78% (24531/31449)Updating files:  79% (24845/31449)Updating files:  80% (25160/31449)Updating files:  81% (25474/31449)Updating files:  82% (25789/31449)Updating files:  83% (26103/31449)Updating files:  84% (26418/31449)Updating files:  85% (26732/31449)Updating files:  86% (27047/31449)Updating files:  87% (27361/31449)Updating files:  88% (27676/31449)Updating files:  89% (27990/31449)Updating files:  90% (28305/31449)Updating files:  91% (28619/31449)Updating files:  92% (28934/31449)Updating files:  93% (29248/31449)Updating files:  94% (29563/31449)Updating files:  95% (29877/31449)Updating files:  96% (30192/31449)Updating files:  97% (30506/31449)Updating files:  98% (30821/31449)Updating files:  99% (31135/31449)Updating files: 100% (31449/31449)Updating files: 100% (31449/31449), done.
HEAD is now at c45f5bab71 Merge pull request #25994 from Leonidas-from-XIV/release-yojson-2.2.0
Merge made by the 'ort' strategy.
 packages/arch-x86_32/arch-x86_32.1/opam            | 22 ++++++
 packages/arch-x86_64/arch-x86_64.1/opam            | 27 +++++++
 packages/conf-c++/conf-c++.1.0/opam                | 10 ++-
 packages/conf-g++/conf-g++.1.0/opam                | 10 ++-
 .../conf-mingw-w64-gcc-i686.1/opam                 |  4 ++
 .../conf-mingw-w64-gcc-x86_64.1/opam               |  4 ++
 .../conf-mingw-w64-pkgconf-i686.1/opam             |  4 ++
 .../conf-mingw-w64-pkgconf-x86_64.1/opam           |  4 ++
 .../conf-mingw-w64-zstd-i686.1/opam                |  2 +
 .../conf-mingw-w64-zstd-x86_64.1/opam              |  2 +
 packages/conf-pkg-config/conf-pkg-config.3/opam    |  6 +-
 packages/conf-zstd/conf-zstd.1.3.8/opam            | 12 +++-
 packages/host-arch-arm32/host-arch-arm32.1/opam    | 16 +++++
 packages/host-arch-arm64/host-arch-arm64.1/opam    | 16 +++++
 packages/host-arch-ppc64/host-arch-ppc64.1/opam    | 17 +++++
 .../host-arch-riscv64/host-arch-riscv64.1/opam     | 16 +++++
 packages/host-arch-s390x/host-arch-s390x.1/opam    | 17 +++++
 .../host-arch-unknown/host-arch-unknown.1/opam     | 16 +++++
 packages/host-arch-x86_32/host-arch-x86_32.1/opam  | 17 +++++
 packages/host-arch-x86_64/host-arch-x86_64.1/opam  | 17 +++++
 .../host-system-mingw/host-system-mingw.1/opam     | 17 +++++
 packages/host-system-msvc/host-system-msvc.1/opam  | 17 +++++
 .../host-system-other/host-system-other.1/opam     | 15 ++++
 packages/msys2-clang32/msys2-clang32.1/opam        | 17 +++++
 packages/msys2-clang64/msys2-clang64.1/opam        | 17 +++++
 packages/msys2-clangarm64/msys2-clangarm64.1/opam  | 17 +++++
 packages/msys2-mingw32/msys2-mingw32.1/opam        | 17 +++++
 packages/msys2-mingw64/msys2-mingw64.1/opam        | 17 +++++
 packages/msys2-ucrt64/msys2-ucrt64.1/opam          | 17 +++++
 packages/msys2/msys2.0.1.0/opam                    | 83 ++++++++++++++++++++++
 .../ocaml-base-compiler.4.13.0/opam                | 46 +++++++++++-
 .../ocaml-base-compiler.4.13.1/opam                | 46 +++++++++++-
 .../ocaml-base-compiler.4.14.0/opam                | 46 +++++++++++-
 .../ocaml-base-compiler.4.14.1/opam                | 46 +++++++++++-
 .../ocaml-base-compiler.4.14.2/opam                | 46 +++++++++++-
 .../ocaml-base-compiler.5.0.0/opam                 | 42 ++++++++++-
 .../ocaml-base-compiler.5.1.0/opam                 | 40 +++++++++++
 .../ocaml-base-compiler.5.1.1/opam                 | 40 +++++++++++
 .../ocaml-base-compiler.5.2.0/opam                 | 40 +++++++++++
 .../ocaml-base-compiler.5.2.0~alpha1/opam          | 43 ++++++++++-
 .../ocaml-base-compiler.5.2.0~beta1/opam           | 43 ++++++++++-
 .../ocaml-base-compiler.5.2.0~beta2/opam           | 43 ++++++++++-
 .../ocaml-base-compiler.5.2.0~rc1/opam             | 43 ++++++++++-
 packages/ocaml-beta/ocaml-beta.disabled/opam       |  1 +
 packages/ocaml-config/ocaml-config.0/opam          |  3 +-
 packages/ocaml-config/ocaml-config.1/opam          |  3 +-
 packages/ocaml-config/ocaml-config.2/opam          |  2 +
 .../ocaml-env-mingw32/ocaml-env-mingw32.1/opam     | 28 ++++++++
 .../ocaml-env-mingw64/ocaml-env-mingw64.1/opam     | 28 ++++++++
 packages/ocaml-env-msvc32/ocaml-env-msvc32.1/opam  | 38 ++++++++++
 packages/ocaml-env-msvc64/ocaml-env-msvc64.1/opam  | 38 ++++++++++
 .../ocaml-option-32bit/ocaml-option-32bit.1/opam   |  7 ++
 .../ocaml-option-address-sanitizer.1/opam          |  7 ++
 packages/ocaml-option-afl/ocaml-option-afl.1/opam  |  7 ++
 .../ocaml-option-bytecode-only.1/opam              | 15 +++-
 .../ocaml-option-default-unsafe-string.1/opam      |  7 ++
 .../ocaml-option-flambda.1/opam                    |  7 ++
 packages/ocaml-option-fp/ocaml-option-fp.1/opam    |  7 ++
 .../ocaml-option-leak-sanitizer.1/opam             |  7 ++
 .../ocaml-option-mingw/ocaml-option-mingw.1/opam   | 19 +++++
 .../ocaml-option-musl/ocaml-option-musl.1/opam     |  7 ++
 packages/ocaml-option-nnp/ocaml-option-nnp.1/opam  |  7 ++
 .../ocaml-option-nnpchecker.1/opam                 | 10 ++-
 .../ocaml-option-no-compression.1/opam             |  7 ++
 .../ocaml-option-no-flat-float-array.1/opam        |  7 ++
 .../ocaml-option-spacetime.1/opam                  |  7 ++
 .../ocaml-option-static/ocaml-option-static.1/opam |  7 ++
 .../ocaml-option-tsan/ocaml-option-tsan.1/opam     |  8 +++
 .../ocaml-options-only-afl.1/opam                  |  8 +++
 .../ocaml-options-only-flambda-fp.1/opam           |  8 +++
 .../ocaml-options-only-flambda.1/opam              |  8 +++
 .../ocaml-options-only-fp.1/opam                   |  8 +++
 .../ocaml-options-only-nnp.1/opam                  |  8 +++
 .../ocaml-options-only-nnpchecker.1/opam           |  8 +++
 .../opam                                           |  8 +++
 .../ocaml-options-only-no-flat-float-array.1/opam  |  8 +++
 .../ocaml-options-only-tsan.1/opam                 |  8 +++
 .../ocaml-options-vanilla.1/opam                   | 16 ++++-
 packages/ocaml-system/ocaml-system.4.13.0/opam     | 40 ++++++++++-
 packages/ocaml-system/ocaml-system.4.13.1/opam     | 40 ++++++++++-
 packages/ocaml-system/ocaml-system.4.14.0/opam     | 40 ++++++++++-
 packages/ocaml-system/ocaml-system.4.14.1/opam     | 40 ++++++++++-
 packages/ocaml-system/ocaml-system.4.14.2/opam     | 40 ++++++++++-
 packages/ocaml-system/ocaml-system.5.0.0/opam      | 41 ++++++++++-
 packages/ocaml-system/ocaml-system.5.1.0/opam      | 43 ++++++++++-
 packages/ocaml-system/ocaml-system.5.1.1/opam      | 43 ++++++++++-
 packages/ocaml-system/ocaml-system.5.2.0/opam      | 43 ++++++++++-
 .../ocaml-variants.4.13.0+options/opam             | 43 +++++++++++
 .../ocaml-variants.4.13.1+options/opam             | 43 +++++++++++
 .../ocaml-variants.4.13.2+trunk/opam               | 44 ++++++++++++
 .../ocaml-variants.4.14.0+options/opam             | 43 +++++++++++
 .../ocaml-variants.4.14.1+options/opam             | 43 +++++++++++
 .../ocaml-variants.4.14.2+options/opam             | 43 +++++++++++
 .../ocaml-variants.4.14.3+trunk/opam               | 44 ++++++++++++
 .../ocaml-variants.5.0.0+options/opam              | 55 +++++++++++++-
 .../ocaml-variants/ocaml-variants.5.0.1+trunk/opam | 57 ++++++++++++++-
 .../ocaml-variants.5.1.0+options/opam              | 45 +++++++++++-
 .../ocaml-variants.5.1.1+effect-syntax/opam        | 46 +++++++++++-
 .../ocaml-variants.5.1.1+options/opam              | 45 +++++++++++-
 .../ocaml-variants/ocaml-variants.5.1.2+trunk/opam | 70 +++++++++++++-----
 .../ocaml-variants.5.2.0+options/opam              | 43 +++++++++++
 .../ocaml-variants.5.2.0+statmemprof/opam          | 46 +++++++++++-
 .../ocaml-variants.5.2.0~alpha1+options/opam       | 46 +++++++++++-
 .../ocaml-variants.5.2.0~beta1+options/opam        | 46 +++++++++++-
 .../ocaml-variants.5.2.0~beta2+options/opam        | 46 +++++++++++-
 .../ocaml-variants.5.2.0~rc1+options/opam          | 46 +++++++++++-
 .../ocaml-variants/ocaml-variants.5.2.1+trunk/opam | 46 +++++++++++-
 .../ocaml-variants/ocaml-variants.5.3.0+trunk/opam | 49 ++++++++++++-
 packages/ocaml/ocaml.4.13.0/opam                   |  3 +
 packages/ocaml/ocaml.4.13.1/opam                   |  3 +
 packages/ocaml/ocaml.4.13.2/opam                   |  3 +
 packages/ocaml/ocaml.4.14.0/opam                   |  3 +
 packages/ocaml/ocaml.4.14.1/opam                   |  3 +
 packages/ocaml/ocaml.4.14.2/opam                   |  3 +
 packages/ocaml/ocaml.4.14.3/opam                   |  3 +
 packages/ocaml/ocaml.5.0.0/opam                    |  3 +
 packages/ocaml/ocaml.5.0.1/opam                    |  3 +
 packages/ocaml/ocaml.5.1.0/opam                    |  3 +
 packages/ocaml/ocaml.5.1.1/opam                    |  3 +
 packages/ocaml/ocaml.5.1.2/opam                    |  3 +
 packages/ocaml/ocaml.5.2.0/opam                    |  3 +
 packages/ocaml/ocaml.5.3.0/opam                    |  3 +
 packages/system-mingw/system-mingw.1/opam          | 20 ++++++
 packages/system-msvc/system-msvc.1/opam            | 20 ++++++
 124 files changed, 2779 insertions(+), 71 deletions(-)
 create mode 100644 packages/arch-x86_32/arch-x86_32.1/opam
 create mode 100644 packages/arch-x86_64/arch-x86_64.1/opam
 create mode 100644 packages/host-arch-arm32/host-arch-arm32.1/opam
 create mode 100644 packages/host-arch-arm64/host-arch-arm64.1/opam
 create mode 100644 packages/host-arch-ppc64/host-arch-ppc64.1/opam
 create mode 100644 packages/host-arch-riscv64/host-arch-riscv64.1/opam
 create mode 100644 packages/host-arch-s390x/host-arch-s390x.1/opam
 create mode 100644 packages/host-arch-unknown/host-arch-unknown.1/opam
 create mode 100644 packages/host-arch-x86_32/host-arch-x86_32.1/opam
 create mode 100644 packages/host-arch-x86_64/host-arch-x86_64.1/opam
 create mode 100644 packages/host-system-mingw/host-system-mingw.1/opam
 create mode 100644 packages/host-system-msvc/host-system-msvc.1/opam
 create mode 100644 packages/host-system-other/host-system-other.1/opam
 create mode 100644 packages/msys2-clang32/msys2-clang32.1/opam
 create mode 100644 packages/msys2-clang64/msys2-clang64.1/opam
 create mode 100644 packages/msys2-clangarm64/msys2-clangarm64.1/opam
 create mode 100644 packages/msys2-mingw32/msys2-mingw32.1/opam
 create mode 100644 packages/msys2-mingw64/msys2-mingw64.1/opam
 create mode 100644 packages/msys2-ucrt64/msys2-ucrt64.1/opam
 create mode 100644 packages/msys2/msys2.0.1.0/opam
 create mode 100644 packages/ocaml-env-mingw32/ocaml-env-mingw32.1/opam
 create mode 100644 packages/ocaml-env-mingw64/ocaml-env-mingw64.1/opam
 create mode 100644 packages/ocaml-env-msvc32/ocaml-env-msvc32.1/opam
 create mode 100644 packages/ocaml-env-msvc64/ocaml-env-msvc64.1/opam
 create mode 100644 packages/ocaml-option-mingw/ocaml-option-mingw.1/opam
 create mode 100644 packages/system-mingw/system-mingw.1/opam
 create mode 100644 packages/system-msvc/system-msvc.1/opam

[01;34m(from ocaml/opam:debian-12-ocaml-4.14@sha256:2ba69112cb856b702920b505b82a8fab331d2c9d9406c7f3b9f4adb73637666c)[0m
[01;2m[01;35m2024-06-05 05:30.16 ---> using "48fcd9b686ae3e44ef60a164ef8db6e11e86f168703f26fb1315f899c9c53662" from cache[0m

[01;34m/: (user (uid 1000) (gid 1000))[0m

[01;34m/: (workdir /home/opam)[0m

[01;34m/home/opam: (run (shell "sudo ln -f /usr/bin/opam-dev /usr/bin/opam"))[0m
[01;2m[01;35m2024-06-05 05:30.16 ---> using "182db0db166b9dc97fd6bddbdaada0d920c1a351accedca1486cd948e46ba36e" from cache[0m

[01;34m/home/opam: (run (network host)
                 (shell "opam init --reinit --config .opamrc-sandbox -ni"))[0m
Configuring from /home/opam/.opamrc-sandbox, then /home/opam/.opamrc, and finally from built-in defaults.
Checking for available remotes: rsync and local, git.
  - you won't be able to use mercurial repositories unless you install the hg command on your system.
  - you won't be able to use darcs repositories unless you install the darcs command on your system.

This development version of opam requires an update to the layout of /home/opam/.opam from version 2.0 to version 2.2~beta, which can't be reverted.
You may want to back it up before going further.

Continue? [y/n] y
Format upgrade done.

<><> Updating repositories ><><><><><><><><><><><><><><><><><><><><><><><><><><>
[default] synchronised from file:///home/opam/opam-repository
[01;2m[01;35m2024-06-05 05:30.16 ---> using "4fbb68d819e513d708f904a56dbcd9eac5442d5d3fd384b169ffc78983ed0e74" from cache[0m

[01;34m/home/opam: (run (shell "uname -rs && opam exec -- ocaml -version && opam --version"))[0m
Linux 5.15.0-107-generic
The OCaml toplevel, version 4.14.2
2.2.0~beta3~dev
[01;2m[01;35m2024-06-05 05:30.16 ---> using "3c4a9f3d7a40a43473780c877ab3475ae6bd03681c2f4881fe30bb5d34e05f9b" from cache[0m

[01;34m/home/opam: (env OPAMDOWNLOADJOBS 1)[0m

[01;34m/home/opam: (env OPAMERRLOGLEN 0)[0m

[01;34m/home/opam: (env OPAMSOLVERTIMEOUT 500)[0m

[01;34m/home/opam: (env OPAMPRECISETRACKING 1)[0m

[01;34m/home/opam: (env CI true)[0m

[01;34m/home/opam: (env OPAM_REPO_CI true)[0m

[01;34m/home/opam: (run (shell "rm -rf opam-repository/"))[0m
[01;2m[01;35m2024-06-05 05:30.16 ---> using "0ad48452d9001012444a91ed62dee40f750c23d668e41d370665cd385b64805a" from cache[0m

[01;34m/home/opam: (copy (src .) (dst opam-repository/))[0m
[01;2m[01;35m2024-06-05 05:30.17 ---> using "52d83c405e32cc948fef6bcc4098c194bf688b23d6c961ac8e41e0204be47ef0" from cache[0m

[01;34m/home/opam: (run (shell "opam repository set-url --strict default opam-repository/"))[0m
[default] Initialised
[01;2m[01;35m2024-06-05 05:30.17 ---> using "309ead6bc739f7a2c709f8cce50383176232a7f0236d30417e90052d1e29e69d" from cache[0m

[01;34m/home/opam: (run (network host)
                 (shell "opam update --depexts || true"))[0m
+ /usr/bin/sudo "apt-get" "update"
- Hit:1 http://deb.debian.org/debian bookworm InRelease
- Get:2 http://deb.debian.org/debian bookworm-updates InRelease [55.4 kB]
- Get:3 http://deb.debian.org/debian-security bookworm-security InRelease [48.0 kB]
- Get:4 http://deb.debian.org/debian-security bookworm-security/main amd64 Packages [157 kB]
- Fetched 260 kB in 0s (1126 kB/s)
- Reading package lists...
[01;2m[01;35m2024-06-05 05:30.17 ---> using "ffee3fb2a15911161f577b1dffdef507eab16f10ce4b309c078c847c11ed3972" from cache[0m

[01;34m/home/opam: (run (shell "opam pin add -k version -yn conf-pkg-config.3 3"))[0m
conf-pkg-config is now pinned to version 3
[01;2m[01;35m2024-06-05 05:30.17 ---> using "4ce81cf0aa7ee10d88ba9e01cd45b9808370c45586620cf30fb9fa995eb26753" from cache[0m

[01;34m/home/opam: (run (cache (opam-archives (target /home/opam/.opam/download-cache)))
                 (network host)
                 (shell  "opam reinstall conf-pkg-config.3;\
                        \n        res=$?;\
                        \n        test \"$res\" != 31 && exit \"$res\";\
                        \n        export OPAMCLI=2.0;\
                        \n        build_dir=$(opam var prefix)/.opam-switch/build;\
                        \n        failed=$(ls \"$build_dir\");\
                        \n        partial_fails=\"\";\
                        \n        for pkg in $failed; do\
                        \n          if opam show -f x-ci-accept-failures: \"$pkg\" | grep -qF \"\\\"debian-12\\\"\"; then\
                        \n            echo \"A package failed and has been disabled for CI using the 'x-ci-accept-failures' field.\";\
                        \n          fi;\
                        \n          test \"$pkg\" != 'conf-pkg-config.3' && partial_fails=\"$partial_fails $pkg\";\
                        \n        done;\
                        \n        test \"${partial_fails}\" != \"\" && echo \"opam-repo-ci detected dependencies failing: ${partial_fails}\";\
                        \n        exit 1"))[0m
conf-pkg-config.3 is not installed. Install it? [y/n] y
The following actions will be performed:
=== install 1 package
  - install conf-pkg-config 3 (pinned)

The following system packages will first need to be installed:
    pkg-config

<><> Handling external dependencies <><><><><><><><><><><><><><><><><><><><><><>

opam believes some required external dependencies are missing. opam can:
> 1. Run apt-get to install them (may need root/sudo access)
  2. Display the recommended apt-get command and wait while you run it manually (e.g. in another terminal)
  3. Continue anyway, and, upon success, permanently register that this external dependency is present, but not detectable
  4. Abort the installation

[1/2/3/4] 1

+ /usr/bin/sudo "apt-get" "install" "-qq" "-yy" "pkg-config"
- debconf: delaying package configuration, since apt-utils is not installed
- Selecting previously unselected package libpkgconf3:amd64.
- (Reading database ... (Reading database ... 5%(Reading database ... 10%(Reading database ... 15%(Reading database ... 20%(Reading database ... 25%(Reading database ... 30%(Reading database ... 35%(Reading database ... 40%(Reading database ... 45%(Reading database ... 50%(Reading database ... 55%(Reading database ... 60%(Reading database ... 65%(Reading database ... 70%(Reading database ... 75%(Reading database ... 80%(Reading database ... 85%(Reading database ... 90%(Reading database ... 95%(Reading database ... 100%(Reading database ... 18735 files and directories currently installed.)
- Preparing to unpack .../libpkgconf3_1.8.1-1_amd64.deb ...
- Unpacking libpkgconf3:amd64 (1.8.1-1) ...
- Selecting previously unselected package pkgconf-bin.
- Preparing to unpack .../pkgconf-bin_1.8.1-1_amd64.deb ...
- Unpacking pkgconf-bin (1.8.1-1) ...
- Selecting previously unselected package pkgconf:amd64.
- Preparing to unpack .../pkgconf_1.8.1-1_amd64.deb ...
- Unpacking pkgconf:amd64 (1.8.1-1) ...
- Selecting previously unselected package pkg-config:amd64.
- Preparing to unpack .../pkg-config_1.8.1-1_amd64.deb ...
- Unpacking pkg-config:amd64 (1.8.1-1) ...
- Setting up libpkgconf3:amd64 (1.8.1-1) ...
- Setting up pkgconf-bin (1.8.1-1) ...
- Setting up pkgconf:amd64 (1.8.1-1) ...
- Setting up pkg-config:amd64 (1.8.1-1) ...
- Processing triggers for libc-bin (2.36-9+deb12u7) ...

<><> Processing actions <><><><><><><><><><><><><><><><><><><><><><><><><><><><>
-> installed conf-pkg-config.3
Done.
# Run eval $(opam env) to update the current shell environment
[01;2m[01;35m2024-06-05 05:30.17 ---> using "5dfd768d2bfb7e546acd3d62b7e469151ad5e84629a3b70a7036c8d1bc6be332" from cache[0m

[01;34m/home/opam: (run (cache (opam-archives (target /home/opam/.opam/download-cache)))
                 (network host)
                 (shell  "opam reinstall data-encoding.0.7;\
                        \n        res=$?;\
                        \n        test \"$res\" != 31 && exit \"$res\";\
                        \n        export OPAMCLI=2.0;\
                        \n        build_dir=$(opam var prefix)/.opam-switch/build;\
                        \n        failed=$(ls \"$build_dir\");\
                        \n        partial_fails=\"\";\
                        \n        for pkg in $failed; do\
                        \n          if opam show -f x-ci-accept-failures: \"$pkg\" | grep -qF \"\\\"debian-12\\\"\"; then\
                        \n            echo \"A package failed and has been disabled for CI using the 'x-ci-accept-failures' field.\";\
                        \n          fi;\
                        \n          test \"$pkg\" != 'data-encoding.0.7' && partial_fails=\"$partial_fails $pkg\";\
                        \n        done;\
                        \n        test \"${partial_fails}\" != \"\" && echo \"opam-repo-ci detected dependencies failing: ${partial_fails}\";\
                        \n        exit 1"))[0m
data-encoding.0.7 is not installed. Install it? [y/n] y
The following actions will be performed:
=== install 37 packages
  - install angstrom                0.16.0  [required by uri]
  - install base                    v0.16.3 [required by ppx_hash]
  - install base-bytes              base    [required by ocplib-endian]
  - install bigstringaf             0.9.1   [required by angstrom]
  - install conf-bash               1       [required by base]
  - install conf-gmp                4       [required by zarith]
  - install cppo                    1.6.9   [required by ocplib-endian]
  - install csexp                   1.5.2   [required by dune-configurator]
  - install cstruct                 6.2.0   [required by hex]
  - install data-encoding           0.7
  - install dune                    3.15.3  [required by data-encoding]
  - install dune-configurator       3.15.3  [required by base]
  - install either                  1.0.0   [required by data-encoding]
  - install ezjsonm                 1.3.0   [required by data-encoding]
  - install fmt                     0.9.0   [required by cstruct]
  - install hex                     1.5.0   [required by data-encoding]
  - install json-data-encoding      0.12.1  [required by data-encoding]
  - install json-data-encoding-bson 0.12.1  [required by data-encoding]
  - install jsonm                   1.0.2   [required by ezjsonm]
  - install ocaml-compiler-libs     v0.12.4 [required by ppxlib]
  - install ocaml-syntax-shims      1.0.0   [required by angstrom]
  - install ocamlbuild              0.14.3  [required by jsonm]
  - install ocamlfind               1.9.6   [required by zarith]
  - install ocplib-endian           1.2     [required by json-data-encoding-bson]
  - install ppx_compare             v0.16.0 [required by ppx_hash]
  - install ppx_derivers            1.2.1   [required by ppxlib]
  - install ppx_hash                v0.16.0 [required by data-encoding]
  - install ppx_sexp_conv           v0.16.0 [required by ppx_hash]
  - install ppxlib                  0.32.1  [required by ppx_hash]
  - install sexplib0                v0.16.0 [required by ezjsonm]
  - install stdlib-shims            0.3.0   [required by ppxlib]
  - install stringext               1.6.0   [required by uri]
  - install topkg                   1.0.7   [required by jsonm]
  - install uri                     4.4.0   [required by json-data-encoding]
  - install uutf                    1.0.3   [required by ezjsonm]
  - install zarith                  1.13    [required by data-encoding]
  - install zarith_stubs_js         v0.16.1 [required by data-encoding]

The following system packages will first need to be installed:
    libgmp-dev

<><> Handling external dependencies <><><><><><><><><><><><><><><><><><><><><><>

opam believes some required external dependencies are missing. opam can:
> 1. Run apt-get to install them (may need root/sudo access)
  2. Display the recommended apt-get command and wait while you run it manually (e.g. in another terminal)
  3. Continue anyway, and, upon success, permanently register that this external dependency is present, but not detectable
  4. Abort the installation

[1/2/3/4] 1

+ /usr/bin/sudo "apt-get" "install" "-qq" "-yy" "libgmp-dev"
- debconf: delaying package configuration, since apt-utils is not installed
- Selecting previously unselected package libgmpxx4ldbl:amd64.
- (Reading database ... (Reading database ... 5%(Reading database ... 10%(Reading database ... 15%(Reading database ... 20%(Reading database ... 25%(Reading database ... 30%(Reading database ... 35%(Reading database ... 40%(Reading database ... 45%(Reading database ... 50%(Reading database ... 55%(Reading database ... 60%(Reading database ... 65%(Reading database ... 70%(Reading database ... 75%(Reading database ... 80%(Reading database ... 85%(Reading database ... 90%(Reading database ... 95%(Reading database ... 100%(Reading database ... 18771 files and directories currently installed.)
- Preparing to unpack .../libgmpxx4ldbl_2%3a6.2.1+dfsg1-1.1_amd64.deb ...
- Unpacking libgmpxx4ldbl:amd64 (2:6.2.1+dfsg1-1.1) ...
- Selecting previously unselected package libgmp-dev:amd64.
- Preparing to unpack .../libgmp-dev_2%3a6.2.1+dfsg1-1.1_amd64.deb ...
- Unpacking libgmp-dev:amd64 (2:6.2.1+dfsg1-1.1) ...
- Setting up libgmpxx4ldbl:amd64 (2:6.2.1+dfsg1-1.1) ...
- Setting up libgmp-dev:amd64 (2:6.2.1+dfsg1-1.1) ...
- Processing triggers for libc-bin (2.36-9+deb12u7) ...

<><> Processing actions <><><><><><><><><><><><><><><><><><><><><><><><><><><><>
-> retrieved angstrom.0.16.0  (cached)
-> retrieved base.v0.16.3  (cached)
-> retrieved bigstringaf.0.9.1  (cached)
-> retrieved conf-gmp.4  (cached)
-> retrieved cppo.1.6.9  (cached)
-> retrieved csexp.1.5.2  (cached)
-> installed conf-bash.1
-> installed conf-gmp.4
-> retrieved cstruct.6.2.0  (cached)
-> retrieved data-encoding.0.7  (https://gitlab.com/nomadic-labs/data-encoding/-/archive/v0.7/data-encoding-v0.7.tar.gz)
-> retrieved dune.3.15.3, dune-configurator.3.15.3  (cached)
-> retrieved either.1.0.0  (cached)
-> retrieved ezjsonm.1.3.0  (cached)
-> retrieved fmt.0.9.0  (cached)
-> retrieved hex.1.5.0  (cached)
-> retrieved json-data-encoding.0.12.1, json-data-encoding-bson.0.12.1  (cached)
-> retrieved jsonm.1.0.2  (cached)
-> retrieved ocaml-compiler-libs.v0.12.4  (cached)
-> retrieved ocaml-syntax-shims.1.0.0  (cached)
-> retrieved ocamlbuild.0.14.3  (cached)
-> retrieved ocamlfind.1.9.6  (cached)
-> retrieved ocplib-endian.1.2  (cached)
-> retrieved ppx_compare.v0.16.0  (cached)
-> retrieved ppx_derivers.1.2.1  (cached)
-> retrieved ppx_hash.v0.16.0  (cached)
-> retrieved ppx_sexp_conv.v0.16.0  (cached)
-> retrieved ppxlib.0.32.1  (cached)
-> retrieved sexplib0.v0.16.0  (cached)
-> retrieved stdlib-shims.0.3.0  (cached)
-> retrieved stringext.1.6.0  (cached)
-> retrieved topkg.1.0.7  (cached)
-> retrieved uri.4.4.0  (cached)
-> retrieved uutf.1.0.3  (cached)
-> retrieved zarith.1.13  (cached)
-> retrieved zarith_stubs_js.v0.16.1  (cached)
-> installed ocamlfind.1.9.6
-> installed base-bytes.base
-> installed ocamlbuild.0.14.3
-> installed zarith.1.13
-> installed topkg.1.0.7
-> installed uutf.1.0.3
-> installed fmt.0.9.0
-> installed jsonm.1.0.2
-> installed dune.3.15.3
-> installed ppx_derivers.1.2.1
-> installed zarith_stubs_js.v0.16.1
-> installed csexp.1.5.2
-> installed cppo.1.6.9
-> installed cstruct.6.2.0
-> installed either.1.0.0
-> installed ocaml-compiler-libs.v0.12.4
-> installed ocaml-syntax-shims.1.0.0
-> installed sexplib0.v0.16.0
-> installed stdlib-shims.0.3.0
-> installed stringext.1.6.0
-> installed hex.1.5.0
-> installed ocplib-endian.1.2
-> installed ezjsonm.1.3.0
-> installed dune-configurator.3.15.3
-> installed bigstringaf.0.9.1
-> installed angstrom.0.16.0
-> installed uri.4.4.0
-> installed json-data-encoding.0.12.1
-> installed json-data-encoding-bson.0.12.1
-> installed base.v0.16.3
-> installed ppxlib.0.32.1
-> installed ppx_compare.v0.16.0
-> installed ppx_sexp_conv.v0.16.0
-> installed ppx_hash.v0.16.0
-> installed data-encoding.0.7
Done.
# Run eval $(opam env) to update the current shell environment
[01;2m[01;35m2024-06-05 05:31.46 ---> saved as "4e9f1ad088a46fa7d2e255334e22df898a5d7624c91dfd377d4589238452f0f6"[0m

[01;34m/home/opam: (run (network host)
                 (shell "(opam reinstall --with-test data-encoding.0.7) || true"))[0m
[ERROR] Sorry, resolution of the request timed out.
        Try to specify a more precise request, use a different solver, or increase the allowed time by setting OPAMSOLVERTIMEOUT to a bigger value (currently, it is set to 500.0 seconds).
[01;2m[01;35m2024-06-05 05:40.25 ---> saved as "ac3cd960f75f7435a379c157ab9c731868e901eb4b74285f5e75979ff1c58dcb"[0m

[01;34m/home/opam: (run (shell  "opam reinstall --with-test --verbose data-encoding.0.7;\
                        \n        res=$?;\
                        \n        test \"$res\" != 31 && exit \"$res\";\
                        \n        export OPAMCLI=2.0;\
                        \n        build_dir=$(opam var prefix)/.opam-switch/build;\
                        \n        failed=$(ls \"$build_dir\");\
                        \n        partial_fails=\"\";\
                        \n        for pkg in $failed; do\
                        \n          if opam show -f x-ci-accept-failures: \"$pkg\" | grep -qF \"\\\"debian-12\\\"\"; then\
                        \n            echo \"A package failed and has been disabled for CI using the 'x-ci-accept-failures' field.\";\
                        \n          fi;\
                        \n          test \"$pkg\" != 'data-encoding.0.7' && partial_fails=\"$partial_fails $pkg\";\
                        \n        done;\
                        \n        test \"${partial_fails}\" != \"\" && echo \"opam-repo-ci detected dependencies failing: ${partial_fails}\";\
                        \n        exit 1"))[0m
The following actions will be performed:
=== recompile 7 packages
  - recompile cstruct              6.2.0        [uses fmt]
  - recompile data-encoding        0.7
  - recompile ezjsonm              1.3.0        [uses uutf]
  - recompile fmt                  0.9.0        [uses cmdliner]
  - recompile hex                  1.5.0        [uses cstruct]
  - recompile jsonm                1.0.2        [uses uutf]
  - recompile uutf                 1.0.3        [uses cmdliner]
=== install 27 packages
  - install   afl-persistent       1.4          [required by crowbar]
  - install   alcotest             1.7.0        [required by data-encoding]
  - install   astring              0.8.5        [required by alcotest]
  - install   cmdliner             1.3.0        [required by crowbar, alcotest, js_of_ocaml-compiler]
  - install   crowbar              0.2.1        [required by data-encoding]
  - install   jane-street-headers  v0.16.0      [required by time_now]
  - install   js_of_ocaml-compiler 5.0.1        [required by data-encoding]
  - install   jst-config           v0.16.0      [required by time_now]
  - install   md2mld               0.6          [required by data-encoding]
  - install   menhir               20230608     [required by js_of_ocaml-compiler]
  - install   menhirLib            20230608     [required by js_of_ocaml-compiler]
  - install   menhirSdk            20230608     [required by js_of_ocaml-compiler]
  - install   omd                  2.0.0~alpha2 [required by md2mld]
  - install   ppx_assert           v0.16.0      [required by jst-config]
  - install   ppx_base             v0.16.0      [required by time_now]
  - install   ppx_cold             v0.16.0      [required by ppx_base]
  - install   ppx_enumerate        v0.16.0      [required by ppx_base]
  - install   ppx_expect           v0.16.0      [required by data-encoding]
  - install   ppx_globalize        v0.16.0      [required by ppx_base]
  - install   ppx_here             v0.16.0      [required by ppx_expect]
  - install   ppx_inline_test      v0.16.1      [required by ppx_expect]
  - install   ppx_optcomp          v0.16.0      [required by time_now]
  - install   re                   1.11.0       [required by alcotest, ppx_expect]
  - install   seq                  base         [required by re, yojson]
  - install   stdio                v0.16.0      [required by ppx_expect]
  - install   time_now             v0.16.0      [required by ppx_inline_test]
  - install   yojson               2.2.0        [required by js_of_ocaml-compiler]

<><> Processing actions <><><><><><><><><><><><><><><><><><><><><><><><><><><><>
Processing  1/107: [afl-persistent.1.4: http]
[ERROR] Failed to get sources of afl-persistent.1.4: Curl failed
Processing  2/107: [alcotest.1.7.0: http]
Processing  3/107: [alcotest.1.7.0: http]
Processing  4/107: [alcotest.1.7.0: http]
[ERROR] Failed to get sources of alcotest.1.7.0: Curl failed
Processing  5/107: [astring.0.8.5: http]
[ERROR] Failed to get sources of astring.0.8.5: Curl failed
Processing  6/107: [cmdliner.1.3.0: http]
Processing  7/107: [cmdliner.1.3.0: http]
Processing  8/107: [cmdliner.1.3.0: http]
[ERROR] Failed to get sources of cmdliner.1.3.0: Curl failed
Processing  9/107: [crowbar.0.2.1: http]
Processing 10/107: [crowbar.0.2.1: http]
Processing 11/107: [crowbar.0.2.1: http]
[ERROR] Failed to get sources of crowbar.0.2.1: Curl failed
Processing 12/107: [cstruct.6.2.0: http]
Processing 13/107: [cstruct.6.2.0: http]
Processing 14/107: [cstruct.6.2.0: http]
[ERROR] Failed to get sources of cstruct.6.2.0: Curl failed
Processing 15/107: [data-encoding.0.7: http]
[ERROR] Failed to get sources of data-encoding.0.7: Curl failed
Processing 16/107: [ezjsonm.1.3.0: http]
[ERROR] Failed to get sources of ezjsonm.1.3.0: Curl failed
Processing 17/107: [fmt.0.9.0: http]
[ERROR] Failed to get sources of fmt.0.9.0: Curl failed
Processing 18/107: [hex.1.5.0: http]
Processing 19/107: [hex.1.5.0: http]
[ERROR] Failed to get sources of hex.1.5.0: Curl failed
Processing 20/107: [jane-street-headers.v0.16.0: http]
[ERROR] Failed to get sources of jane-street-headers.v0.16.0: Curl failed
Processing 21/107: [js_of_ocaml-compiler.5.0.1: http]
Processing 22/107: [js_of_ocaml-compiler.5.0.1: http]
Processing 23/107: [js_of_ocaml-compiler.5.0.1: http]
[ERROR] Failed to get sources of js_of_ocaml-compiler.5.0.1: Curl failed
Processing 24/107: [jsonm.1.0.2: http]
[ERROR] Failed to get sources of jsonm.1.0.2: Curl failed
Processing 25/107: [jst-config.v0.16.0: http]
[ERROR] Failed to get sources of jst-config.v0.16.0: Curl failed
Processing 26/107: [md2mld.0.6: http]
[ERROR] Failed to get sources of md2mld.0.6: Curl failed
Processing 27/107: [menhir.20230608, menhirLib.20230608, menhirSdk.20230608: http]
[ERROR] Failed to get sources of menhir.20230608, menhirLib.20230608, menhirSdk.20230608 (https://gitlab.inria.fr/fpottier/menhir/-/archive/20230608/archive.tar.gz): Curl failed
Processing 28/107: [omd.2.0.0~alpha2: http]
Processing 29/107: [omd.2.0.0~alpha2: http]
Processing 30/107: [omd.2.0.0~alpha2: http]
Processing 31/107: [omd.2.0.0~alpha2: http]
Processing 32/107: [omd.2.0.0~alpha2: http]
Processing 33/107: [omd.2.0.0~alpha2: http]
Processing 34/107: [omd.2.0.0~alpha2: http]
[ERROR] Failed to get sources of omd.2.0.0~alpha2: Curl failed
Processing 35/107: [ppx_assert.v0.16.0: http]
Processing 36/107: [ppx_assert.v0.16.0: http]
Processing 37/107: [ppx_assert.v0.16.0: http]
Processing 38/107: [ppx_assert.v0.16.0: http]
Processing 39/107: [ppx_assert.v0.16.0: http]
[ERROR] Failed to get sources of ppx_assert.v0.16.0: Curl failed
Processing 40/107: [ppx_base.v0.16.0: http]
[ERROR] Failed to get sources of ppx_base.v0.16.0: Curl failed
Processing 41/107: [ppx_cold.v0.16.0: http]
[ERROR] Failed to get sources of ppx_cold.v0.16.0: Curl failed
Processing 42/107: [ppx_enumerate.v0.16.0: http]
Processing 43/107: [ppx_enumerate.v0.16.0: http]
Processing 44/107: [ppx_enumerate.v0.16.0: http]
[ERROR] Failed to get sources of ppx_enumerate.v0.16.0: Curl failed
Processing 45/107: [ppx_expect.v0.16.0: http]
Processing 46/107: [ppx_expect.v0.16.0: http]
Processing 47/107: [ppx_expect.v0.16.0: http]
[ERROR] Failed to get sources of ppx_expect.v0.16.0: Curl failed
Processing 48/107: [ppx_globalize.v0.16.0: http]
[ERROR] Failed to get sources of ppx_globalize.v0.16.0: Curl failed
Processing 49/107: [ppx_here.v0.16.0: http]
Processing 50/107: [ppx_here.v0.16.0: http]
Processing 51/107: [ppx_here.v0.16.0: http]
Processing 52/107: [ppx_here.v0.16.0: http]
Processing 53/107: [ppx_here.v0.16.0: http]
[ERROR] Failed to get sources of ppx_here.v0.16.0: Curl failed
Processing 54/107: [ppx_inline_test.v0.16.1: http]
Processing 55/107: [ppx_inline_test.v0.16.1: http]
Processing 56/107: [ppx_inline_test.v0.16.1: http]
Processing 57/107: [ppx_inline_test.v0.16.1: http]
Processing 58/107: [ppx_inline_test.v0.16.1: http]
Processing 59/107: [ppx_inline_test.v0.16.1: http]
Processing 60/107: [ppx_inline_test.v0.16.1: http]
[ERROR] Failed to get sources of ppx_inline_test.v0.16.1: Curl failed
Processing 61/107: [ppx_optcomp.v0.16.0: http]
[ERROR] Failed to get sources of ppx_optcomp.v0.16.0: Curl failed
Processing 62/107: [re.1.11.0: http]
[ERROR] Failed to get sources of re.1.11.0: Curl failed
Processing 63/107: [seq.base/META.seq: dl]
[ERROR] Failed to get extra source "META.seq" of seq.base: Curl failed
Processing 64/107: [stdio.v0.16.0: http]
Processing 65/107: [stdio.v0.16.0: http]
Processing 66/107: [stdio.v0.16.0: http]
Processing 67/107: [stdio.v0.16.0: http]
Processing 68/107: [stdio.v0.16.0: http]
[ERROR] Failed to get sources of stdio.v0.16.0: Curl failed
Processing 69/107: [time_now.v0.16.0: http]
Processing 70/107: [time_now.v0.16.0: http]
Processing 71/107: [time_now.v0.16.0: http]
Processing 72/107: [time_now.v0.16.0: http]
Processing 73/107: [time_now.v0.16.0: http]
Processing 74/107: [time_now.v0.16.0: http]
Processing 75/107: [time_now.v0.16.0: http]
Processing 76/107: [time_now.v0.16.0: http]
Processing 77/107: [time_now.v0.16.0: http]
Processing 78/107: [time_now.v0.16.0: http]
Processing 79/107: [time_now.v0.16.0: http]
Processing 80/107: [time_now.v0.16.0: http]
Processing 81/107: [time_now.v0.16.0: http]
Processing 82/107: [time_now.v0.16.0: http]
Processing 83/107: [time_now.v0.16.0: http]
Processing 84/107: [time_now.v0.16.0: http]
[ERROR] Failed to get sources of time_now.v0.16.0: Curl failed
Processing 85/107: [uutf.1.0.3: http]
Processing 86/107: [uutf.1.0.3: http]
Processing 87/107: [uutf.1.0.3: http]
Processing 88/107: [uutf.1.0.3: http]
Processing 89/107: [uutf.1.0.3: http]
Processing 90/107: [uutf.1.0.3: http]
Processing 91/107: [uutf.1.0.3: http]
[ERROR] Failed to get sources of uutf.1.0.3: Curl failed
Processing 93/107: [yojson.2.2.0: http]
Processing 94/107: [yojson.2.2.0: http]
Processing 95/107: [yojson.2.2.0: http]
Processing 96/107: [yojson.2.2.0: http]
Processing 97/107: [yojson.2.2.0: http]
Processing 98/107: [yojson.2.2.0: http]
Processing 99/107: [yojson.2.2.0: http]
Processing 100/107: [yojson.2.2.0: http]
Processing 101/107: [yojson.2.2.0: http]
[ERROR] Failed to get sources of yojson.2.2.0: Curl failed

#=== ERROR while fetching sources for yojson.2.2.0 ============================#
OpamSolution.Fetch_fail("https://github.com/ocaml-community/yojson/releases/download/2.2.0/yojson-2.2.0.tbz (Curl failed: \"/usr/bin/curl --write-out %{http_code}\\\\n --retry 3 --retry-delay 2 --user-agent opam/2.2.0~beta3~dev -L -o /home/opam/.opam/4.14/.opam-switch/sources/yojson.2.2.0/yojson-2.2.0.tbz.part -- https://github.com/ocaml-community/yojson/releases/download/2.2.0/yojson-2.2.0.tbz\" exited with code 6)")

#=== ERROR while fetching sources for uutf.1.0.3 ==============================#
OpamSolution.Fetch_fail("https://erratique.ch/software/uutf/releases/uutf-1.0.3.tbz (Curl failed: \"/usr/bin/curl --write-out %{http_code}\\\\n --retry 3 --retry-delay 2 --user-agent opam/2.2.0~beta3~dev -L -o /home/opam/.opam/4.14/.opam-switch/sources/uutf.1.0.3/uutf-1.0.3.tbz.part -- https://erratique.ch/software/uutf/releases/uutf-1.0.3.tbz\" exited with code 6)")

#=== ERROR while fetching sources for time_now.v0.16.0 ========================#
OpamSolution.Fetch_fail("https://ocaml.janestreet.com/ocaml-core/v0.16/files/time_now-v0.16.0.tar.gz (Curl failed: \"/usr/bin/curl --write-out %{http_code}\\\\n --retry 3 --retry-delay 2 --user-agent opam/2.2.0~beta3~dev -L -o /home/opam/.opam/4.14/.opam-switch/sources/time_now.v0.16.0/time_now-v0.16.0.tar.gz.part -- https://ocaml.janestreet.com/ocaml-core/v0.16/files/time_now-v0.16.0.tar.gz\" exited with code 6)")

#=== ERROR while fetching sources for stdio.v0.16.0 ===========================#
OpamSolution.Fetch_fail("https://ocaml.janestreet.com/ocaml-core/v0.16/files/stdio-v0.16.0.tar.gz (Curl failed: \"/usr/bin/curl --write-out %{http_code}\\\\n --retry 3 --retry-delay 2 --user-agent opam/2.2.0~beta3~dev -L -o /home/opam/.opam/4.14/.opam-switch/sources/stdio.v0.16.0/stdio-v0.16.0.tar.gz.part -- https://ocaml.janestreet.com/ocaml-core/v0.16/files/stdio-v0.16.0.tar.gz\" exited with code 6)")

#=== ERROR while fetching sources for seq.base ================================#
OpamSolution.Fetch_fail("https://raw.githubusercontent.com/ocaml/opam-source-archives/main/patches/seq/META.seq (Curl failed: \"/usr/bin/curl --write-out %{http_code}\\\\n --retry 3 --retry-delay 2 --user-agent opam/2.2.0~beta3~dev -L -o /tmp/opam-7-b4fee8/META.seq.part -- https://raw.githubusercontent.com/ocaml/opam-source-archives/main/patches/seq/META.seq\" exited with code 6)")

#=== ERROR while fetching sources for re.1.11.0 ===============================#
OpamSolution.Fetch_fail("https://github.com/ocaml/ocaml-re/releases/download/1.11.0/re-1.11.0.tbz (Curl failed: \"/usr/bin/curl --write-out %{http_code}\\\\n --retry 3 --retry-delay 2 --user-agent opam/2.2.0~beta3~dev -L -o /home/opam/.opam/4.14/.opam-switch/sources/re.1.11.0/re-1.11.0.tbz.part -- https://github.com/ocaml/ocaml-re/releases/download/1.11.0/re-1.11.0.tbz\" exited with code 6)")

#=== ERROR while fetching sources for ppx_optcomp.v0.16.0 =====================#
OpamSolution.Fetch_fail("https://ocaml.janestreet.com/ocaml-core/v0.16/files/ppx_optcomp-v0.16.0.tar.gz (Curl failed: \"/usr/bin/curl --write-out %{http_code}\\\\n --retry 3 --retry-delay 2 --user-agent opam/2.2.0~beta3~dev -L -o /home/opam/.opam/4.14/.opam-switch/sources/ppx_optcomp.v0.16.0/ppx_optcomp-v0.16.0.tar.gz.part -- https://ocaml.janestreet.com/ocaml-core/v0.16/files/ppx_optcomp-v0.16.0.tar.gz\" exited with code 6)")

#=== ERROR while fetching sources for ppx_inline_test.v0.16.1 =================#
OpamSolution.Fetch_fail("https://github.com/janestreet/ppx_inline_test/archive/refs/tags/v0.16.1.tar.gz (Curl failed: \"/usr/bin/curl --write-out %{http_code}\\\\n --retry 3 --retry-delay 2 --user-agent opam/2.2.0~beta3~dev -L -o /home/opam/.opam/4.14/.opam-switch/sources/ppx_inline_test.v0.16.1/v0.16.1.tar.gz.part -- https://github.com/janestreet/ppx_inline_test/archive/refs/tags/v0.16.1.tar.gz\" exited with code 6)")

#=== ERROR while fetching sources for ppx_here.v0.16.0 ========================#
OpamSolution.Fetch_fail("https://ocaml.janestreet.com/ocaml-core/v0.16/files/ppx_here-v0.16.0.tar.gz (Curl failed: \"/usr/bin/curl --write-out %{http_code}\\\\n --retry 3 --retry-delay 2 --user-agent opam/2.2.0~beta3~dev -L -o /home/opam/.opam/4.14/.opam-switch/sources/ppx_here.v0.16.0/ppx_here-v0.16.0.tar.gz.part -- https://ocaml.janestreet.com/ocaml-core/v0.16/files/ppx_here-v0.16.0.tar.gz\" exited with code 6)")

#=== ERROR while fetching sources for ppx_globalize.v0.16.0 ===================#
OpamSolution.Fetch_fail("https://ocaml.janestreet.com/ocaml-core/v0.16/files/ppx_globalize-v0.16.0.tar.gz (Curl failed: \"/usr/bin/curl --write-out %{http_code}\\\\n --retry 3 --retry-delay 2 --user-agent opam/2.2.0~beta3~dev -L -o /home/opam/.opam/4.14/.opam-switch/sources/ppx_globalize.v0.16.0/ppx_globalize-v0.16.0.tar.gz.part -- https://ocaml.janestreet.com/ocaml-core/v0.16/files/ppx_globalize-v0.16.0.tar.gz\" exited with code 6)")

#=== ERROR while fetching sources for ppx_expect.v0.16.0 ======================#
OpamSolution.Fetch_fail("https://ocaml.janestreet.com/ocaml-core/v0.16/files/ppx_expect-v0.16.0.tar.gz (Curl failed: \"/usr/bin/curl --write-out %{http_code}\\\\n --retry 3 --retry-delay 2 --user-agent opam/2.2.0~beta3~dev -L -o /home/opam/.opam/4.14/.opam-switch/sources/ppx_expect.v0.16.0/ppx_expect-v0.16.0.tar.gz.part -- https://ocaml.janestreet.com/ocaml-core/v0.16/files/ppx_expect-v0.16.0.tar.gz\" exited with code 6)")

#=== ERROR while fetching sources for ppx_enumerate.v0.16.0 ===================#
OpamSolution.Fetch_fail("https://ocaml.janestreet.com/ocaml-core/v0.16/files/ppx_enumerate-v0.16.0.tar.gz (Curl failed: \"/usr/bin/curl --write-out %{http_code}\\\\n --retry 3 --retry-delay 2 --user-agent opam/2.2.0~beta3~dev -L -o /home/opam/.opam/4.14/.opam-switch/sources/ppx_enumerate.v0.16.0/ppx_enumerate-v0.16.0.tar.gz.part -- https://ocaml.janestreet.com/ocaml-core/v0.16/files/ppx_enumerate-v0.16.0.tar.gz\" exited with code 6)")

#=== ERROR while fetching sources for ppx_cold.v0.16.0 ========================#
OpamSolution.Fetch_fail("https://ocaml.janestreet.com/ocaml-core/v0.16/files/ppx_cold-v0.16.0.tar.gz (Curl failed: \"/usr/bin/curl --write-out %{http_code}\\\\n --retry 3 --retry-delay 2 --user-agent opam/2.2.0~beta3~dev -L -o /home/opam/.opam/4.14/.opam-switch/sources/ppx_cold.v0.16.0/ppx_cold-v0.16.0.tar.gz.part -- https://ocaml.janestreet.com/ocaml-core/v0.16/files/ppx_cold-v0.16.0.tar.gz\" exited with code 6)")

#=== ERROR while fetching sources for ppx_base.v0.16.0 ========================#
OpamSolution.Fetch_fail("https://ocaml.janestreet.com/ocaml-core/v0.16/files/ppx_base-v0.16.0.tar.gz (Curl failed: \"/usr/bin/curl --write-out %{http_code}\\\\n --retry 3 --retry-delay 2 --user-agent opam/2.2.0~beta3~dev -L -o /home/opam/.opam/4.14/.opam-switch/sources/ppx_base.v0.16.0/ppx_base-v0.16.0.tar.gz.part -- https://ocaml.janestreet.com/ocaml-core/v0.16/files/ppx_base-v0.16.0.tar.gz\" exited with code 6)")

#=== ERROR while fetching sources for ppx_assert.v0.16.0 ======================#
OpamSolution.Fetch_fail("https://ocaml.janestreet.com/ocaml-core/v0.16/files/ppx_assert-v0.16.0.tar.gz (Curl failed: \"/usr/bin/curl --write-out %{http_code}\\\\n --retry 3 --retry-delay 2 --user-agent opam/2.2.0~beta3~dev -L -o /home/opam/.opam/4.14/.opam-switch/sources/ppx_assert.v0.16.0/ppx_assert-v0.16.0.tar.gz.part -- https://ocaml.janestreet.com/ocaml-core/v0.16/files/ppx_assert-v0.16.0.tar.gz\" exited with code 6)")

#=== ERROR while fetching sources for omd.2.0.0~alpha2 ========================#
OpamSolution.Fetch_fail("https://github.com/ocaml/opam-source-archives/raw/main/omd-2.0.0.alpha2.tbz (Curl failed: \"/usr/bin/curl --write-out %{http_code}\\\\n --retry 3 --retry-delay 2 --user-agent opam/2.2.0~beta3~dev -L -o /home/opam/.opam/4.14/.opam-switch/sources/omd.2.0.0~alpha2/omd-2.0.0.alpha2.tbz.part -- https://github.com/ocaml/opam-source-archives/raw/main/omd-2.0.0.alpha2.tbz\" exited with code 6)")

#=== ERROR while fetching sources for menhir.20230608, menhirLib.20230608 and menhirSdk.20230608 
OpamSolution.Fetch_fail("https://gitlab.inria.fr/fpottier/menhir/-/archive/20230608/archive.tar.gz (Curl failed: \"/usr/bin/curl --write-out %{http_code}\\\\n --retry 3 --retry-delay 2 --user-agent opam/2.2.0~beta3~dev -L -o /tmp/opam-7-c51a06/archive.tar.gz.part -- https://gitlab.inria.fr/fpottier/menhir/-/archive/20230608/archive.tar.gz\" exited with code 6)")

#=== ERROR while fetching sources for md2mld.0.6 ==============================#
OpamSolution.Fetch_fail("https://github.com/mseri/md2mld/releases/download/0.6/md2mld-0.6.tbz (Curl failed: \"/usr/bin/curl --write-out %{http_code}\\\\n --retry 3 --retry-delay 2 --user-agent opam/2.2.0~beta3~dev -L -o /home/opam/.opam/4.14/.opam-switch/sources/md2mld.0.6/md2mld-0.6.tbz.part -- https://github.com/mseri/md2mld/releases/download/0.6/md2mld-0.6.tbz\" exited with code 6)")

#=== ERROR while fetching sources for jst-config.v0.16.0 ======================#
OpamSolution.Fetch_fail("https://ocaml.janestreet.com/ocaml-core/v0.16/files/jst-config-v0.16.0.tar.gz (Curl failed: \"/usr/bin/curl --write-out %{http_code}\\\\n --retry 3 --retry-delay 2 --user-agent opam/2.2.0~beta3~dev -L -o /home/opam/.opam/4.14/.opam-switch/sources/jst-config.v0.16.0/jst-config-v0.16.0.tar.gz.part -- https://ocaml.janestreet.com/ocaml-core/v0.16/files/jst-config-v0.16.0.tar.gz\" exited with code 6)")

#=== ERROR while fetching sources for jsonm.1.0.2 =============================#
OpamSolution.Fetch_fail("https://erratique.ch/software/jsonm/releases/jsonm-1.0.2.tbz (Curl failed: \"/usr/bin/curl --write-out %{http_code}\\\\n --retry 3 --retry-delay 2 --user-agent opam/2.2.0~beta3~dev -L -o /home/opam/.opam/4.14/.opam-switch/sources/jsonm.1.0.2/jsonm-1.0.2.tbz.part -- https://erratique.ch/software/jsonm/releases/jsonm-1.0.2.tbz\" exited with code 6)")

#=== ERROR while fetching sources for js_of_ocaml-compiler.5.0.1 ==============#
OpamSolution.Fetch_fail("https://github.com/ocsigen/js_of_ocaml/releases/download/5.0.1/js_of_ocaml-5.0.1.tbz (Curl failed: \"/usr/bin/curl --write-out %{http_code}\\\\n --retry 3 --retry-delay 2 --user-agent opam/2.2.0~beta3~dev -L -o /home/opam/.opam/4.14/.opam-switch/sources/js_of_ocaml-compiler.5.0.1/js_of_ocaml-5.0.1.tbz.part -- https://github.com/ocsigen/js_of_ocaml/releases/download/5.0.1/js_of_ocaml-5.0.1.tbz\" exited with code 6)")

#=== ERROR while fetching sources for jane-street-headers.v0.16.0 =============#
OpamSolution.Fetch_fail("https://ocaml.janestreet.com/ocaml-core/v0.16/files/jane-street-headers-v0.16.0.tar.gz (Curl failed: \"/usr/bin/curl --write-out %{http_code}\\\\n --retry 3 --retry-delay 2 --user-agent opam/2.2.0~beta3~dev -L -o /home/opam/.opam/4.14/.opam-switch/sources/jane-street-headers.v0.16.0/jane-street-headers-v0.16.0.tar.gz.part -- https://ocaml.janestreet.com/ocaml-core/v0.16/files/jane-street-headers-v0.16.0.tar.gz\" exited with code 6)")

#=== ERROR while fetching sources for hex.1.5.0 ===============================#
OpamSolution.Fetch_fail("https://github.com/mirage/ocaml-hex/releases/download/v1.5.0/hex-1.5.0.tbz (Curl failed: \"/usr/bin/curl --write-out %{http_code}\\\\n --retry 3 --retry-delay 2 --user-agent opam/2.2.0~beta3~dev -L -o /home/opam/.opam/4.14/.opam-switch/sources/hex.1.5.0/hex-1.5.0.tbz.part -- https://github.com/mirage/ocaml-hex/releases/download/v1.5.0/hex-1.5.0.tbz\" exited with code 6)")

#=== ERROR while fetching sources for fmt.0.9.0 ===============================#
OpamSolution.Fetch_fail("https://erratique.ch/software/fmt/releases/fmt-0.9.0.tbz (Curl failed: \"/usr/bin/curl --write-out %{http_code}\\\\n --retry 3 --retry-delay 2 --user-agent opam/2.2.0~beta3~dev -L -o /home/opam/.opam/4.14/.opam-switch/sources/fmt.0.9.0/fmt-0.9.0.tbz.part -- https://erratique.ch/software/fmt/releases/fmt-0.9.0.tbz\" exited with code 6)")

#=== ERROR while fetching sources for ezjsonm.1.3.0 ===========================#
OpamSolution.Fetch_fail("https://github.com/mirage/ezjsonm/releases/download/v1.3.0/ezjsonm-1.3.0.tbz (Curl failed: \"/usr/bin/curl --write-out %{http_code}\\\\n --retry 3 --retry-delay 2 --user-agent opam/2.2.0~beta3~dev -L -o /home/opam/.opam/4.14/.opam-switch/sources/ezjsonm.1.3.0/ezjsonm-1.3.0.tbz.part -- https://github.com/mirage/ezjsonm/releases/download/v1.3.0/ezjsonm-1.3.0.tbz\" exited with code 6)")

#=== ERROR while fetching sources for data-encoding.0.7 =======================#
OpamSolution.Fetch_fail("https://gitlab.com/nomadic-labs/data-encoding/-/archive/v0.7/data-encoding-v0.7.tar.gz (Curl failed: \"/usr/bin/curl --write-out %{http_code}\\\\n --retry 3 --retry-delay 2 --user-agent opam/2.2.0~beta3~dev -L -o /home/opam/.opam/4.14/.opam-switch/sources/data-encoding.0.7/data-encoding-v0.7.tar.gz.part -- https://gitlab.com/nomadic-labs/data-encoding/-/archive/v0.7/data-encoding-v0.7.tar.gz\" exited with code 6)")

#=== ERROR while fetching sources for cstruct.6.2.0 ===========================#
OpamSolution.Fetch_fail("https://github.com/mirage/ocaml-cstruct/releases/download/v6.2.0/cstruct-6.2.0.tbz (Curl failed: \"/usr/bin/curl --write-out %{http_code}\\\\n --retry 3 --retry-delay 2 --user-agent opam/2.2.0~beta3~dev -L -o /home/opam/.opam/4.14/.opam-switch/sources/cstruct.6.2.0/cstruct-6.2.0.tbz.part -- https://github.com/mirage/ocaml-cstruct/releases/download/v6.2.0/cstruct-6.2.0.tbz\" exited with code 6)")

#=== ERROR while fetching sources for crowbar.0.2.1 ===========================#
OpamSolution.Fetch_fail("https://github.com/stedolan/crowbar/archive/v0.2.1.tar.gz (Curl failed: \"/usr/bin/curl --write-out %{http_code}\\\\n --retry 3 --retry-delay 2 --user-agent opam/2.2.0~beta3~dev -L -o /home/opam/.opam/4.14/.opam-switch/sources/crowbar.0.2.1/v0.2.1.tar.gz.part -- https://github.com/stedolan/crowbar/archive/v0.2.1.tar.gz\" exited with code 6)")

#=== ERROR while fetching sources for cmdliner.1.3.0 ==========================#
OpamSolution.Fetch_fail("https://erratique.ch/software/cmdliner/releases/cmdliner-1.3.0.tbz (Curl failed: \"/usr/bin/curl --write-out %{http_code}\\\\n --retry 3 --retry-delay 2 --user-agent opam/2.2.0~beta3~dev -L -o /home/opam/.opam/4.14/.opam-switch/sources/cmdliner.1.3.0/cmdliner-1.3.0.tbz.part -- https://erratique.ch/software/cmdliner/releases/cmdliner-1.3.0.tbz\" exited with code 6)")

#=== ERROR while fetching sources for astring.0.8.5 ===========================#
OpamSolution.Fetch_fail("https://erratique.ch/software/astring/releases/astring-0.8.5.tbz (Curl failed: \"/usr/bin/curl --write-out %{http_code}\\\\n --retry 3 --retry-delay 2 --user-agent opam/2.2.0~beta3~dev -L -o /home/opam/.opam/4.14/.opam-switch/sources/astring.0.8.5/astring-0.8.5.tbz.part -- https://erratique.ch/software/astring/releases/astring-0.8.5.tbz\" exited with code 6)")

#=== ERROR while fetching sources for alcotest.1.7.0 ==========================#
OpamSolution.Fetch_fail("https://github.com/mirage/alcotest/releases/download/1.7.0/alcotest-1.7.0.tbz (Curl failed: \"/usr/bin/curl --write-out %{http_code}\\\\n --retry 3 --retry-delay 2 --user-agent opam/2.2.0~beta3~dev -L -o /home/opam/.opam/4.14/.opam-switch/sources/alcotest.1.7.0/alcotest-1.7.0.tbz.part -- https://github.com/mirage/alcotest/releases/download/1.7.0/alcotest-1.7.0.tbz\" exited with code 6)")

#=== ERROR while fetching sources for afl-persistent.1.4 ======================#
OpamSolution.Fetch_fail("https://github.com/stedolan/ocaml-afl-persistent/archive/refs/tags/v1.4.tar.gz (Curl failed: \"/usr/bin/curl --write-out %{http_code}\\\\n --retry 3 --retry-delay 2 --user-agent opam/2.2.0~beta3~dev -L -o /home/opam/.opam/4.14/.opam-switch/sources/afl-persistent.1.4/v1.4.tar.gz.part -- https://github.com/stedolan/ocaml-afl-persistent/archive/refs/tags/v1.4.tar.gz\" exited with code 6)")


<><> Error report <><><><><><><><><><><><><><><><><><><><><><><><><><><><><><><>
+- The following actions failed
| - fetch afl-persistent                                          1.4
| - fetch alcotest                                                1.7.0
| - fetch astring                                                 0.8.5
| - fetch cmdliner                                                1.3.0
| - fetch crowbar                                                 0.2.1
| - fetch cstruct                                                 6.2.0
| - fetch data-encoding                                           0.7
| - fetch ezjsonm                                                 1.3.0
| - fetch fmt                                                     0.9.0
| - fetch hex                                                     1.5.0
| - fetch jane-street-headers                                     v0.16.0
| - fetch js_of_ocaml-compiler                                    5.0.1
| - fetch jsonm                                                   1.0.2
| - fetch jst-config                                              v0.16.0
| - fetch md2mld                                                  0.6
| - fetch menhir.20230608, menhirLib.20230608, menhirSdk.20230608 
| - fetch omd                                                     2.0.0~alpha2
| - fetch ppx_assert                                              v0.16.0
| - fetch ppx_base                                                v0.16.0
| - fetch ppx_cold                                                v0.16.0
| - fetch ppx_enumerate                                           v0.16.0
| - fetch ppx_expect                                              v0.16.0
| - fetch ppx_globalize                                           v0.16.0
| - fetch ppx_here                                                v0.16.0
| - fetch ppx_inline_test                                         v0.16.1
| - fetch ppx_optcomp                                             v0.16.0
| - fetch re                                                      1.11.0
| - fetch seq                                                     base
| - fetch stdio                                                   v0.16.0
| - fetch time_now                                                v0.16.0
| - fetch uutf                                                    1.0.3
| - fetch yojson                                                  2.2.0
+- 
- No changes have been performed
# Run eval $(opam env) to update the current shell environment
'opam reinstall --with-test --verbose data-encoding.0.7' failed.
"/usr/bin/env" "bash" "-c" "opam reinstall --with-test --verbose data-encoding.0.7;
        res=$?;
        test "$res" != 31 && exit "$res";
        export OPAMCLI=2.0;
        build_dir=$(opam var prefix)/.opam-switch/build;
        failed=$(ls "$build_dir");
        partial_fails="";
        for pkg in $failed; do
          if opam show -f x-ci-accept-failures: "$pkg" | grep -qF "\"debian-12\""; then
            echo "A package failed and has been disabled for CI using the 'x-ci-accept-failures' field.";
          fi;
          test "$pkg" != 'data-encoding.0.7' && partial_fails="$partial_fails $pkg";
        done;
        test "${partial_fails}" != "" && echo "opam-repo-ci detected dependencies failing: ${partial_fails}";
        exit 1" failed with exit status 40
2024-06-05 05:52.28: Job failed: Failed: Build failed
2024-06-05 05:52.28: Log analysis:
2024-06-05 05:52.28: >>> 
[ERROR] Sorry, resolution of the request timed out.
 (score = 20)
2024-06-05 05:52.28: >>> 
[ERROR] Failed to get sources of afl-persistent.1.4: Curl failed
 (score = 25)
2024-06-05 05:52.28: >>> 
[ERROR] Failed to get sources of alcotest.1.7.0: Curl failed
 (score = 25)
2024-06-05 05:52.28: >>> 
[ERROR] Failed to get sources of astring.0.8.5: Curl failed
 (score = 25)
2024-06-05 05:52.28: >>> 
[ERROR] Failed to get sources of cmdliner.1.3.0: Curl failed
 (score = 25)
2024-06-05 05:52.28: >>> 
[ERROR] Failed to get sources of crowbar.0.2.1: Curl failed
 (score = 25)
2024-06-05 05:52.28: >>> 
[ERROR] Failed to get sources of cstruct.6.2.0: Curl failed
 (score = 25)
2024-06-05 05:52.28: >>> 
[ERROR] Failed to get sources of data-encoding.0.7: Curl failed
 (score = 25)
2024-06-05 05:52.28: >>> 
[ERROR] Failed to get sources of ezjsonm.1.3.0: Curl failed
 (score = 25)
2024-06-05 05:52.28: >>> 
[ERROR] Failed to get sources of fmt.0.9.0: Curl failed
 (score = 25)
2024-06-05 05:52.28: >>> 
[ERROR] Failed to get sources of hex.1.5.0: Curl failed
 (score = 25)
2024-06-05 05:52.28: >>> 
[ERROR] Failed to get sources of jane-street-headers.v0.16.0: Curl failed
 (score = 25)
2024-06-05 05:52.28: >>> 
[ERROR] Failed to get sources of js_of_ocaml-compiler.5.0.1: Curl failed
 (score = 25)
2024-06-05 05:52.28: >>> 
[ERROR] Failed to get sources of jsonm.1.0.2: Curl failed
 (score = 25)
2024-06-05 05:52.28: >>> 
[ERROR] Failed to get sources of jst-config.v0.16.0: Curl failed
 (score = 25)
2024-06-05 05:52.28: >>> 
[ERROR] Failed to get sources of md2mld.0.6: Curl failed
 (score = 25)
2024-06-05 05:52.28: >>> 
[ERROR] Failed to get sources of menhir.20230608, menhirLib.20230608, menhirSdk.20230608 (https://gitlab.inria.fr/fpottier/menhir/-/archive/20230608/archive.tar.gz): Curl failed
 (score = 25)
2024-06-05 05:52.28: >>> 
[ERROR] Failed to get sources of omd.2.0.0~alpha2: Curl failed
 (score = 25)
2024-06-05 05:52.28: >>> 
[ERROR] Failed to get sources of ppx_assert.v0.16.0: Curl failed
 (score = 25)
2024-06-05 05:52.28: >>> 
[ERROR] Failed to get sources of ppx_base.v0.16.0: Curl failed
 (score = 25)
2024-06-05 05:52.28: >>> 
[ERROR] Failed to get sources of ppx_cold.v0.16.0: Curl failed
 (score = 25)
2024-06-05 05:52.28: >>> 
[ERROR] Failed to get sources of ppx_enumerate.v0.16.0: Curl failed
 (score = 25)
2024-06-05 05:52.28: >>> 
[ERROR] Failed to get sources of ppx_expect.v0.16.0: Curl failed
 (score = 25)
2024-06-05 05:52.28: >>> 
[ERROR] Failed to get sources of ppx_globalize.v0.16.0: Curl failed
 (score = 25)
2024-06-05 05:52.28: >>> 
[ERROR] Failed to get sources of ppx_here.v0.16.0: Curl failed
 (score = 25)
2024-06-05 05:52.28: >>> 
[ERROR] Failed to get sources of ppx_inline_test.v0.16.1: Curl failed
 (score = 25)
2024-06-05 05:52.28: >>> 
[ERROR] Failed to get sources of ppx_optcomp.v0.16.0: Curl failed
 (score = 25)
2024-06-05 05:52.28: >>> 
[ERROR] Failed to get sources of re.1.11.0: Curl failed
 (score = 25)
2024-06-05 05:52.28: >>> 
[ERROR] Failed to get extra source "META.seq" of seq.base: Curl failed
 (score = 20)
2024-06-05 05:52.28: >>> 
[ERROR] Failed to get sources of stdio.v0.16.0: Curl failed
 (score = 25)
2024-06-05 05:52.28: >>> 
[ERROR] Failed to get sources of time_now.v0.16.0: Curl failed
 (score = 25)
2024-06-05 05:52.28: >>> 
[ERROR] Failed to get sources of uutf.1.0.3: Curl failed
 (score = 25)
2024-06-05 05:52.28: >>> 
[ERROR] Failed to get sources of yojson.2.2.0: Curl failed
 (score = 25)
2024-06-05 05:52.28: Failed to get sources of afl-persistent.1.4: Curl failed
