2024-06-29 13:49.35: New job: test current_ocluster.0.2 with ocamlbuild.0.15.0, using opam dev
                              from https://github.com/ocaml/opam-repository.git#refs/pull/26164/head (d6d8c27e5d79a3f819b762dcf679bc8be16dd476)
                              on debian-12-ocaml-4.14/amd64

To reproduce locally:

cd $(mktemp -d)
git clone --recursive "https://github.com/ocaml/opam-repository.git" && cd "opam-repository" && git fetch origin "refs/pull/26164/head" && git reset --hard d6d8c27e
git fetch origin master
git merge --no-edit c11e58dffd75e19c0a8356fe98b90492a5411a5a
cat > ../Dockerfile <<'END-OF-DOCKERFILE'
[34mFROM ocaml/opam:debian-12-ocaml-4.14@sha256:51859147d869ebd23a15922818349effc446cbbc6a0b3e0257a7859e766261b3
USER 1000:1000
WORKDIR /home/opam
RUN sudo ln -f /usr/bin/opam-dev /usr/bin/opam
RUN opam init --reinit -ni
RUN uname -rs && opam exec -- ocaml -version && opam --version
ENV OPAMDOWNLOADJOBS="1"
ENV OPAMERRLOGLEN="0"
ENV OPAMSOLVERTIMEOUT="500"
ENV OPAMPRECISETRACKING="1"
ENV CI="true"
ENV OPAM_REPO_CI="true"
RUN rm -rf opam-repository/
COPY --chown=1000:1000 . opam-repository/
RUN opam repository set-url --strict default opam-repository/
RUN opam update --depexts || true
RUN opam pin add -k version -yn ocamlbuild.0.15.0 0.15.0
RUN opam reinstall ocamlbuild.0.15.0; \
    res=$?; \
    test "$res" != 31 && exit "$res"; \
    export OPAMCLI=2.0; \
    build_dir=$(opam var prefix)/.opam-switch/build; \
    failed=$(ls "$build_dir"); \
    partial_fails=""; \
    for pkg in $failed; do \
    if opam show -f x-ci-accept-failures: "$pkg" | grep -qF "\"debian-12\""; then \
    echo "A package failed and has been disabled for CI using the 'x-ci-accept-failures' field."; \
    fi; \
    test "$pkg" != 'ocamlbuild.0.15.0' && partial_fails="$partial_fails $pkg"; \
    done; \
    test "${partial_fails}" != "" && echo "opam-repo-ci detected dependencies failing: ${partial_fails}"; \
    exit 1
RUN opam reinstall current_ocluster.0.2; \
    res=$?; \
    test "$res" != 31 && exit "$res"; \
    export OPAMCLI=2.0; \
    build_dir=$(opam var prefix)/.opam-switch/build; \
    failed=$(ls "$build_dir"); \
    partial_fails=""; \
    for pkg in $failed; do \
    if opam show -f x-ci-accept-failures: "$pkg" | grep -qF "\"debian-12\""; then \
    echo "A package failed and has been disabled for CI using the 'x-ci-accept-failures' field."; \
    fi; \
    test "$pkg" != 'current_ocluster.0.2' && partial_fails="$partial_fails $pkg"; \
    done; \
    test "${partial_fails}" != "" && echo "opam-repo-ci detected dependencies failing: ${partial_fails}"; \
    exit 1
RUN (opam reinstall --with-test current_ocluster.0.2) || true
RUN opam reinstall --with-test --verbose current_ocluster.0.2; \
    res=$?; \
    test "$res" != 31 && exit "$res"; \
    export OPAMCLI=2.0; \
    build_dir=$(opam var prefix)/.opam-switch/build; \
    failed=$(ls "$build_dir"); \
    partial_fails=""; \
    for pkg in $failed; do \
    if opam show -f x-ci-accept-failures: "$pkg" | grep -qF "\"debian-12\""; then \
    echo "A package failed and has been disabled for CI using the 'x-ci-accept-failures' field."; \
    fi; \
    test "$pkg" != 'current_ocluster.0.2' && partial_fails="$partial_fails $pkg"; \
    done; \
    test "${partial_fails}" != "" && echo "opam-repo-ci detected dependencies failing: ${partial_fails}"; \
    exit 1
[0m
END-OF-DOCKERFILE
docker build -f ../Dockerfile .

2024-06-29 13:49.35: Using cache hint "ocaml/opam:debian-12-ocaml-4.14@sha256:51859147d869ebd23a15922818349effc446cbbc6a0b3e0257a7859e766261b3-ocamlbuild.0.15.0-current_ocluster.0.2-d6d8c27e5d79a3f819b762dcf679bc8be16dd476"
2024-06-29 13:49.35: Using OBuilder spec:
((from ocaml/opam:debian-12-ocaml-4.14@sha256:51859147d869ebd23a15922818349effc446cbbc6a0b3e0257a7859e766261b3)
 (user (uid 1000) (gid 1000))
 (workdir /home/opam)
 (run (shell "sudo ln -f /usr/bin/opam-dev /usr/bin/opam"))
 (run (network host)
      (shell "opam init --reinit --config .opamrc-sandbox -ni"))
 (run (shell "uname -rs && opam exec -- ocaml -version && opam --version"))
 (env OPAMDOWNLOADJOBS 1)
 (env OPAMERRLOGLEN 0)
 (env OPAMSOLVERTIMEOUT 500)
 (env OPAMPRECISETRACKING 1)
 (env CI true)
 (env OPAM_REPO_CI true)
 (run (shell "rm -rf opam-repository/"))
 (copy (src .) (dst opam-repository/))
 (run (shell "opam repository set-url --strict default opam-repository/"))
 (run (network host)
      (shell "opam update --depexts || true"))
 (run (shell "opam pin add -k version -yn ocamlbuild.0.15.0 0.15.0"))
 (run (cache (opam-archives (target /home/opam/.opam/download-cache)))
      (network host)
      (shell  "opam reinstall ocamlbuild.0.15.0;\
             \n        res=$?;\
             \n        test \"$res\" != 31 && exit \"$res\";\
             \n        export OPAMCLI=2.0;\
             \n        build_dir=$(opam var prefix)/.opam-switch/build;\
             \n        failed=$(ls \"$build_dir\");\
             \n        partial_fails=\"\";\
             \n        for pkg in $failed; do\
             \n          if opam show -f x-ci-accept-failures: \"$pkg\" | grep -qF \"\\\"debian-12\\\"\"; then\
             \n            echo \"A package failed and has been disabled for CI using the 'x-ci-accept-failures' field.\";\
             \n          fi;\
             \n          test \"$pkg\" != 'ocamlbuild.0.15.0' && partial_fails=\"$partial_fails $pkg\";\
             \n        done;\
             \n        test \"${partial_fails}\" != \"\" && echo \"opam-repo-ci detected dependencies failing: ${partial_fails}\";\
             \n        exit 1"))
 (run (cache (opam-archives (target /home/opam/.opam/download-cache)))
      (network host)
      (shell  "opam reinstall current_ocluster.0.2;\
             \n        res=$?;\
             \n        test \"$res\" != 31 && exit \"$res\";\
             \n        export OPAMCLI=2.0;\
             \n        build_dir=$(opam var prefix)/.opam-switch/build;\
             \n        failed=$(ls \"$build_dir\");\
             \n        partial_fails=\"\";\
             \n        for pkg in $failed; do\
             \n          if opam show -f x-ci-accept-failures: \"$pkg\" | grep -qF \"\\\"debian-12\\\"\"; then\
             \n            echo \"A package failed and has been disabled for CI using the 'x-ci-accept-failures' field.\";\
             \n          fi;\
             \n          test \"$pkg\" != 'current_ocluster.0.2' && partial_fails=\"$partial_fails $pkg\";\
             \n        done;\
             \n        test \"${partial_fails}\" != \"\" && echo \"opam-repo-ci detected dependencies failing: ${partial_fails}\";\
             \n        exit 1"))
 (run (network host)
      (shell "(opam reinstall --with-test current_ocluster.0.2) || true"))
 (run (shell  "opam reinstall --with-test --verbose current_ocluster.0.2;\
             \n        res=$?;\
             \n        test \"$res\" != 31 && exit \"$res\";\
             \n        export OPAMCLI=2.0;\
             \n        build_dir=$(opam var prefix)/.opam-switch/build;\
             \n        failed=$(ls \"$build_dir\");\
             \n        partial_fails=\"\";\
             \n        for pkg in $failed; do\
             \n          if opam show -f x-ci-accept-failures: \"$pkg\" | grep -qF \"\\\"debian-12\\\"\"; then\
             \n            echo \"A package failed and has been disabled for CI using the 'x-ci-accept-failures' field.\";\
             \n          fi;\
             \n          test \"$pkg\" != 'current_ocluster.0.2' && partial_fails=\"$partial_fails $pkg\";\
             \n        done;\
             \n        test \"${partial_fails}\" != \"\" && echo \"opam-repo-ci detected dependencies failing: ${partial_fails}\";\
             \n        exit 1"))
)

2024-06-29 13:49.35: Waiting for resource in pool OCluster
2024-06-29 17:11.55: Waiting for workerâ€¦
2024-06-29 17:14.20: Got resource from pool OCluster
Building on x86-bm-c3.sw.ocaml.org
All commits already cached
Updating files:  69% (22012/31651)Updating files:  70% (22156/31651)Updating files:  71% (22473/31651)Updating files:  72% (22789/31651)Updating files:  73% (23106/31651)Updating files:  74% (23422/31651)Updating files:  75% (23739/31651)Updating files:  76% (24055/31651)Updating files:  77% (24372/31651)Updating files:  78% (24688/31651)Updating files:  79% (25005/31651)Updating files:  80% (25321/31651)Updating files:  81% (25638/31651)Updating files:  82% (25954/31651)Updating files:  83% (26271/31651)Updating files:  84% (26587/31651)Updating files:  85% (26904/31651)Updating files:  86% (27220/31651)Updating files:  87% (27537/31651)Updating files:  88% (27853/31651)Updating files:  89% (28170/31651)Updating files:  90% (28486/31651)Updating files:  91% (28803/31651)Updating files:  92% (29119/31651)Updating files:  93% (29436/31651)Updating files:  94% (29752/31651)Updating files:  95% (30069/31651)Updating files:  96% (30385/31651)Updating files:  97% (30702/31651)Updating files:  98% (31018/31651)Updating files:  99% (31335/31651)Updating files: 100% (31651/31651)Updating files: 100% (31651/31651), done.
HEAD is now at c11e58dffd Merge pull request #26139 from SkySkimmer/coqide-8192
Merge made by the 'ort' strategy.
 packages/ocamlbuild/ocamlbuild.0.15.0/opam | 44 ++++++++++++++++++++++++++++++
 1 file changed, 44 insertions(+)
 create mode 100644 packages/ocamlbuild/ocamlbuild.0.15.0/opam

[01;34m(from ocaml/opam:debian-12-ocaml-4.14@sha256:51859147d869ebd23a15922818349effc446cbbc6a0b3e0257a7859e766261b3)[0m
[01;2m[01;35m2024-06-29 17:14.23 ---> using "7d0037e87409e99fda0588f75b47ce776adea91ebf3f460e136466d751adef89" from cache[0m

[01;34m/: (user (uid 1000) (gid 1000))[0m

[01;34m/: (workdir /home/opam)[0m

[01;34m/home/opam: (run (shell "sudo ln -f /usr/bin/opam-dev /usr/bin/opam"))[0m
[01;2m[01;35m2024-06-29 17:14.23 ---> using "b33af19cce4ad58a445b7dfc6bf1a0dfe3b6dc622435cad5cd3b51437ac841da" from cache[0m

[01;34m/home/opam: (run (network host)
                 (shell "opam init --reinit --config .opamrc-sandbox -ni"))[0m
Configuring from /home/opam/.opamrc-sandbox, then /home/opam/.opamrc, and finally from built-in defaults.
Checking for available remotes: rsync and local, git.
  - you won't be able to use mercurial repositories unless you install the hg command on your system.
  - you won't be able to use darcs repositories unless you install the darcs command on your system.

This development version of opam requires an update to the layout of /home/opam/.opam from version 2.0 to version 2.2~beta, which can't be reverted.
You may want to back it up before going further.

Continue? [y/n] y
Format upgrade done.

<><> Updating repositories ><><><><><><><><><><><><><><><><><><><><><><><><><><>
[default] synchronised from file:///home/opam/opam-repository
[01;2m[01;35m2024-06-29 17:14.23 ---> using "c7319748019c698ac18553450663ed54bb2835216e6158140e57acb510db4ce9" from cache[0m

[01;34m/home/opam: (run (shell "uname -rs && opam exec -- ocaml -version && opam --version"))[0m
Linux 5.15.0-112-generic
The OCaml toplevel, version 4.14.2
2.2.0~rc1~dev
[01;2m[01;35m2024-06-29 17:14.23 ---> using "6bce037bdf3a394fc38741cc54c12283f3366866d149b33203c7c3a211d4b1b9" from cache[0m

[01;34m/home/opam: (env OPAMDOWNLOADJOBS 1)[0m

[01;34m/home/opam: (env OPAMERRLOGLEN 0)[0m

[01;34m/home/opam: (env OPAMSOLVERTIMEOUT 500)[0m

[01;34m/home/opam: (env OPAMPRECISETRACKING 1)[0m

[01;34m/home/opam: (env CI true)[0m

[01;34m/home/opam: (env OPAM_REPO_CI true)[0m

[01;34m/home/opam: (run (shell "rm -rf opam-repository/"))[0m
[01;2m[01;35m2024-06-29 17:14.23 ---> using "d7e3dabd08034f666e9af626d2c2108d7ffb689867b7ba904f891ba4c067d618" from cache[0m

[01;34m/home/opam: (copy (src .) (dst opam-repository/))[0m
[01;2m[01;35m2024-06-29 17:14.25 ---> using "bac58aabde952d39f03d159c22cd9858a36f04fab32b04ab5bcbe090a3fec09b" from cache[0m

[01;34m/home/opam: (run (shell "opam repository set-url --strict default opam-repository/"))[0m
[default] Initialised
[01;2m[01;35m2024-06-29 17:14.25 ---> using "4662881220fcadb7ac1b88dac43721fa877135d8b885ada415add198968370f7" from cache[0m

[01;34m/home/opam: (run (network host)
                 (shell "opam update --depexts || true"))[0m
+ /usr/bin/sudo "apt-get" "update"
- Get:1 http://deb.debian.org/debian bookworm InRelease [151 kB]
- Get:2 http://deb.debian.org/debian bookworm-updates InRelease [55.4 kB]
- Get:3 http://deb.debian.org/debian-security bookworm-security InRelease [48.0 kB]
- Get:4 http://deb.debian.org/debian bookworm/main amd64 Packages [8788 kB]
- Get:5 http://deb.debian.org/debian-security bookworm-security/main amd64 Packages [164 kB]
- Fetched 9206 kB in 1s (6275 kB/s)
- Reading package lists...
- 
[01;2m[01;35m2024-06-29 17:14.25 ---> using "5ae61e30bc3e43c4a7ff9ec1020ab762417e12c7172314ec7bde1548a0ba17ee" from cache[0m

[01;34m/home/opam: (run (shell "opam pin add -k version -yn ocamlbuild.0.15.0 0.15.0"))[0m
ocamlbuild is now pinned to version 0.15.0
[01;2m[01;35m2024-06-29 17:14.25 ---> using "2759b3ee52be42fda842feb0bd4d99b5c49a43ccdfdfa1cdf312e9a2531de1f1" from cache[0m

[01;34m/home/opam: (run (cache (opam-archives (target /home/opam/.opam/download-cache)))
                 (network host)
                 (shell  "opam reinstall ocamlbuild.0.15.0;\
                        \n        res=$?;\
                        \n        test \"$res\" != 31 && exit \"$res\";\
                        \n        export OPAMCLI=2.0;\
                        \n        build_dir=$(opam var prefix)/.opam-switch/build;\
                        \n        failed=$(ls \"$build_dir\");\
                        \n        partial_fails=\"\";\
                        \n        for pkg in $failed; do\
                        \n          if opam show -f x-ci-accept-failures: \"$pkg\" | grep -qF \"\\\"debian-12\\\"\"; then\
                        \n            echo \"A package failed and has been disabled for CI using the 'x-ci-accept-failures' field.\";\
                        \n          fi;\
                        \n          test \"$pkg\" != 'ocamlbuild.0.15.0' && partial_fails=\"$partial_fails $pkg\";\
                        \n        done;\
                        \n        test \"${partial_fails}\" != \"\" && echo \"opam-repo-ci detected dependencies failing: ${partial_fails}\";\
                        \n        exit 1"))[0m
ocamlbuild.0.15.0 is not installed. Install it? [y/n] y
The following actions will be performed:
=== install 1 package
  - install ocamlbuild 0.15.0 (pinned)

<><> Processing actions <><><><><><><><><><><><><><><><><><><><><><><><><><><><>
-> retrieved ocamlbuild.0.15.0  (cached)
-> installed ocamlbuild.0.15.0
Done.
# Run eval $(opam env) to update the current shell environment
[01;2m[01;35m2024-06-29 17:14.25 ---> using "8318dadcbe71d90e6b079d5ca443d36925579abeb9a5a6468cb3de970268a106" from cache[0m

[01;34m/home/opam: (run (cache (opam-archives (target /home/opam/.opam/download-cache)))
                 (network host)
                 (shell  "opam reinstall current_ocluster.0.2;\
                        \n        res=$?;\
                        \n        test \"$res\" != 31 && exit \"$res\";\
                        \n        export OPAMCLI=2.0;\
                        \n        build_dir=$(opam var prefix)/.opam-switch/build;\
                        \n        failed=$(ls \"$build_dir\");\
                        \n        partial_fails=\"\";\
                        \n        for pkg in $failed; do\
                        \n          if opam show -f x-ci-accept-failures: \"$pkg\" | grep -qF \"\\\"debian-12\\\"\"; then\
                        \n            echo \"A package failed and has been disabled for CI using the 'x-ci-accept-failures' field.\";\
                        \n          fi;\
                        \n          test \"$pkg\" != 'current_ocluster.0.2' && partial_fails=\"$partial_fails $pkg\";\
                        \n        done;\
                        \n        test \"${partial_fails}\" != \"\" && echo \"opam-repo-ci detected dependencies failing: ${partial_fails}\";\
                        \n        exit 1"))[0m
current_ocluster.0.2 is not installed. Install it? [y/n] y
The following actions will be performed:
=== install 97 packages
  - install angstrom              0.16.0  [required by uri]
  - install asetmap               0.8.1   [required by capnp-rpc-net]
  - install asn1-combinators      0.2.6   [required by capnp-rpc-net]
  - install astring               0.8.5   [required by current, capnp-rpc-unix, current_git]
  - install base                  v0.16.3 [required by capnp]
  - install base-bytes            base    [required by extunix]
  - install base64                3.5.1   [required by capnp-rpc-unix]
  - install bigarray-compat       1.1.0   [required by ctypes]
  - install bigstringaf           0.9.1   [required by angstrom]
  - install bos                   0.2.1   [required by current, current_git]
  - install capnp                 3.6.0   [required by capnp-rpc-net]
  - install capnp-rpc             1.2.3   [required by capnp-rpc-net]
  - install capnp-rpc-lwt         1.2.3   [required by ocluster-api]
  - install capnp-rpc-net         1.2.3   [required by capnp-rpc-unix]
  - install capnp-rpc-unix        1.2.3   [required by current_ocluster]
  - install cf                    0.5.0   [required by cf-lwt]
  - install cf-lwt                0.5.0   [required by irmin-watcher]
  - install cmdliner              1.3.0   [required by capnp-rpc-unix, current]
  - install conf-bash             1       [required by base]
  - install conf-capnproto        2       [required by capnp-rpc-net]
  - install conf-git              1.1     [required by current_git]
  - install conf-gmp              4       [required by zarith]
  - install conf-gmp-powm-sec     3       [required by mirage-crypto-pk]
  - install conf-libev            4-12    [required by current]
  - install conf-libffi           2.0.0   [required by ctypes-foreign]
  - install conf-pkg-config       3       [required by conf-sqlite3]
  - install conf-sqlite3          1       [required by sqlite3]
  - install cppo                  1.6.9   [required by ppx_deriving]
  - install csexp                 1.5.2   [required by dune-configurator]
  - install cstruct               6.2.0   [required by current_git]
  - install cstruct-lwt           6.2.0   [required by capnp-rpc-unix]
  - install ctypes                0.22.0  [required by cf, fsevents]
  - install ctypes-foreign        0.22.0  [required by cf]
  - install current               0.6.6   [required by current_ocluster]
  - install current_git           0.6.6   [required by current_ocluster]
  - install current_incr          0.6.1   [required by current]
  - install current_ocluster      0.2
  - install domain-name           0.4.0   [required by tls]
  - install dune                  3.16.0  [required by current_ocluster]
  - install dune-configurator     3.16.0  [required by extunix, sqlite3]
  - install duration              0.2.1   [required by current_ocluster]
  - install eqaf                  0.9     [required by mirage-crypto]
  - install extunix               0.4.1   [required by capnp-rpc-unix]
  - install fmt                   0.9.0   [required by current_ocluster]
  - install fpath                 0.7.3   [required by current, current_git]
  - install fsevents              0.3.0   [required by fsevents-lwt]
  - install fsevents-lwt          0.3.0   [required by irmin-watcher]
  - install gmap                  0.3.0   [required by x509]
  - install hkdf                  1.0.4   [required by tls]
  - install inotify               2.5     [required by irmin-watcher]
  - install integers              0.7.0   [required by ctypes]
  - install ipaddr                5.6.0   [required by tls]
  - install irmin-watcher         0.5.0   [required by current_git]
  - install logs                  0.7.0   [required by current_ocluster]
  - install lwt                   5.7.0   [required by current_ocluster]
  - install lwt-dllist            1.0.1   [required by current]
  - install macaddr               5.6.0   [required by ipaddr]
  - install mirage-clock          4.2.0   [required by tls-mirage]
  - install mirage-crypto         0.11.3  [required by current_git]
  - install mirage-crypto-ec      0.11.3  [required by tls]
  - install mirage-crypto-pk      0.11.3  [required by tls, tls-mirage]
  - install mirage-crypto-rng     0.11.3  [required by capnp-rpc-net, mirage-crypto-rng-lwt]
  - install mirage-crypto-rng-lwt 0.11.3  [required by capnp-rpc-unix]
  - install mirage-flow           3.0.0   [required by capnp-rpc-unix]
  - install mirage-kv             6.1.1   [required by tls-mirage]
  - install mtime                 2.0.0   [required by mirage-crypto-rng-lwt]
  - install ocaml-compiler-libs   v0.12.4 [required by ppxlib]
  - install ocaml-syntax-shims    1.0.0   [required by angstrom]
  - install ocamlfind             1.9.6   [required by bos, astring, ppx_deriving]
  - install ocluster-api          0.2     [required by current_ocluster]
  - install ocplib-endian         1.2     [required by capnp]
  - install optint                0.3.0   [required by mirage-kv]
  - install pbkdf                 1.2.0   [required by x509]
  - install ppx_derivers          1.2.1   [required by ppx_deriving]
  - install ppx_deriving          6.0.2   [required by current_ocluster]
  - install ppx_deriving_yojson   3.8.0   [required by current_ocluster]
  - install ppxlib                0.32.1  [required by ppx_deriving, extunix, ppx_deriving_yojson]
  - install prometheus            1.2     [required by current_ocluster]
  - install ptime                 1.1.0   [required by capnp-rpc-net]
  - install re                    1.11.0  [required by current]
  - install res                   5.0.1   [required by capnp]
  - install result                1.5     [required by current, current_git]
  - install rresult               0.7.0   [required by bos]
  - install seq                   base    [required by yojson]
  - install sexplib0              v0.16.0 [required by ppxlib]
  - install sqlite3               5.1.0   [required by current]
  - install stdint                0.7.2   [required by capnp-rpc, capnp, capnp-rpc-lwt]
  - install stdio                 v0.16.0 [required by capnp]
  - install stdlib-shims          0.3.0   [required by ppxlib]
  - install stringext             1.6.0   [required by uri]
  - install tls                   0.17.3  [required by capnp-rpc-net]
  - install tls-mirage            0.17.3  [required by capnp-rpc-net]
  - install topkg                 1.0.7   [required by astring, bos]
  - install uri                   4.4.0   [required by capnp-rpc-net]
  - install x509                  0.16.5  [required by capnp-rpc-net]
  - install yojson                2.2.2   [required by current_git]
  - install zarith                1.13    [required by asn1-combinators]

The following system packages will first need to be installed:
    capnproto libcapnp-dev libev-dev libffi-dev libgmp-dev libsqlite3-dev pkg-config

<><> Handling external dependencies <><><><><><><><><><><><><><><><><><><><><><>

opam believes some required external dependencies are missing. opam can:
> 1. Run apt-get to install them (may need root/sudo access)
  2. Display the recommended apt-get command and wait while you run it manually (e.g. in another terminal)
  3. Continue anyway, and, upon success, permanently register that this external dependency is present, but not detectable
  4. Abort the installation

[1/2/3/4] 1

+ /usr/bin/sudo "apt-get" "install" "-qq" "-yy" "capnproto" "libcapnp-dev" "libev-dev" "libffi-dev" "libgmp-dev" "libsqlite3-dev" "pkg-config"
- debconf: delaying package configuration, since apt-utils is not installed
- (Reading database ... (Reading database ... 5%(Reading database ... 10%(Reading database ... 15%(Reading database ... 20%(Reading database ... 25%(Reading database ... 30%(Reading database ... 35%(Reading database ... 40%(Reading database ... 45%(Reading database ... 50%(Reading database ... 55%(Reading database ... 60%(Reading database ... 65%(Reading database ... 70%(Reading database ... 75%(Reading database ... 80%(Reading database ... 85%(Reading database ... 90%(Reading database ... 95%(Reading database ... 100%(Reading database ... 18735 files and directories currently installed.)
- Preparing to unpack .../00-libssl3_3.0.13-1~deb12u1_amd64.deb ...
- Unpacking libssl3:amd64 (3.0.13-1~deb12u1) over (3.0.11-1~deb12u2) ...
- Selecting previously unselected package libcapnp-0.9.2:amd64.
- Preparing to unpack .../01-libcapnp-0.9.2_0.9.2-2_amd64.deb ...
- Unpacking libcapnp-0.9.2:amd64 (0.9.2-2) ...
- Selecting previously unselected package capnproto.
- Preparing to unpack .../02-capnproto_0.9.2-2_amd64.deb ...
- Unpacking capnproto (0.9.2-2) ...
- Selecting previously unselected package libssl-dev:amd64.
- Preparing to unpack .../03-libssl-dev_3.0.13-1~deb12u1_amd64.deb ...
- Unpacking libssl-dev:amd64 (3.0.13-1~deb12u1) ...
- Selecting previously unselected package libcapnp-dev:amd64.
- Preparing to unpack .../04-libcapnp-dev_0.9.2-2_amd64.deb ...
- Unpacking libcapnp-dev:amd64 (0.9.2-2) ...
- Selecting previously unselected package libev4:amd64.
- Preparing to unpack .../05-libev4_1%3a4.33-1_amd64.deb ...
- Unpacking libev4:amd64 (1:4.33-1) ...
- Selecting previously unselected package libev-dev:amd64.
- Preparing to unpack .../06-libev-dev_1%3a4.33-1_amd64.deb ...
- Unpacking libev-dev:amd64 (1:4.33-1) ...
- Selecting previously unselected package libffi-dev:amd64.
- Preparing to unpack .../07-libffi-dev_3.4.4-1_amd64.deb ...
- Unpacking libffi-dev:amd64 (3.4.4-1) ...
- Selecting previously unselected package libgmpxx4ldbl:amd64.
- Preparing to unpack .../08-libgmpxx4ldbl_2%3a6.2.1+dfsg1-1.1_amd64.deb ...
- Unpacking libgmpxx4ldbl:amd64 (2:6.2.1+dfsg1-1.1) ...
- Selecting previously unselected package libgmp-dev:amd64.
- Preparing to unpack .../09-libgmp-dev_2%3a6.2.1+dfsg1-1.1_amd64.deb ...
- Unpacking libgmp-dev:amd64 (2:6.2.1+dfsg1-1.1) ...
- Selecting previously unselected package libpkgconf3:amd64.
- Preparing to unpack .../10-libpkgconf3_1.8.1-1_amd64.deb ...
- Unpacking libpkgconf3:amd64 (1.8.1-1) ...
- Selecting previously unselected package libsqlite3-dev:amd64.
- Preparing to unpack .../11-libsqlite3-dev_3.40.1-2_amd64.deb ...
- Unpacking libsqlite3-dev:amd64 (3.40.1-2) ...
- Preparing to unpack .../12-openssl_3.0.13-1~deb12u1_amd64.deb ...
- Unpacking openssl (3.0.13-1~deb12u1) over (3.0.11-1~deb12u2) ...
- Selecting previously unselected package pkgconf-bin.
- Preparing to unpack .../13-pkgconf-bin_1.8.1-1_amd64.deb ...
- Unpacking pkgconf-bin (1.8.1-1) ...
- Selecting previously unselected package pkgconf:amd64.
- Preparing to unpack .../14-pkgconf_1.8.1-1_amd64.deb ...
- Unpacking pkgconf:amd64 (1.8.1-1) ...
- Selecting previously unselected package pkg-config:amd64.
- Preparing to unpack .../15-pkg-config_1.8.1-1_amd64.deb ...
- Unpacking pkg-config:amd64 (1.8.1-1) ...
- Setting up libev4:amd64 (1:4.33-1) ...
- Setting up libssl3:amd64 (3.0.13-1~deb12u1) ...
- Setting up libffi-dev:amd64 (3.4.4-1) ...
- Setting up libpkgconf3:amd64 (1.8.1-1) ...
- Setting up libgmpxx4ldbl:amd64 (2:6.2.1+dfsg1-1.1) ...
- Setting up libsqlite3-dev:amd64 (3.40.1-2) ...
- Setting up libssl-dev:amd64 (3.0.13-1~deb12u1) ...
- Setting up pkgconf-bin (1.8.1-1) ...
- Setting up libcapnp-0.9.2:amd64 (0.9.2-2) ...
- Setting up libev-dev:amd64 (1:4.33-1) ...
- Setting up openssl (3.0.13-1~deb12u1) ...
- Setting up libcapnp-dev:amd64 (0.9.2-2) ...
- Setting up libgmp-dev:amd64 (2:6.2.1+dfsg1-1.1) ...
- Setting up pkgconf:amd64 (1.8.1-1) ...
- Setting up capnproto (0.9.2-2) ...
- Setting up pkg-config:amd64 (1.8.1-1) ...
- Processing triggers for libc-bin (2.36-9+deb12u7) ...

<><> Processing actions <><><><><><><><><><><><><><><><><><><><><><><><><><><><>
-> retrieved angstrom.0.16.0  (cached)
-> retrieved asetmap.0.8.1  (cached)
-> retrieved asn1-combinators.0.2.6  (cached)
-> retrieved astring.0.8.5  (cached)
-> retrieved base.v0.16.3  (cached)
-> retrieved base64.3.5.1  (cached)
-> retrieved bigarray-compat.1.1.0  (cached)
-> retrieved bigstringaf.0.9.1  (cached)
-> retrieved bos.0.2.1  (cached)
-> retrieved capnp.3.6.0  (cached)
-> retrieved capnp-rpc.1.2.3, capnp-rpc-lwt.1.2.3, capnp-rpc-net.1.2.3, capnp-rpc-unix.1.2.3  (cached)
-> retrieved cf.0.5.0, cf-lwt.0.5.0  (cached)
-> retrieved cmdliner.1.3.0  (cached)
-> retrieved conf-gmp.4  (cached)
-> retrieved conf-gmp-powm-sec.3  (cached)
-> retrieved conf-libev.4-12  (cached)
-> retrieved cppo.1.6.9  (cached)
-> installed conf-bash.1
-> installed conf-capnproto.2
-> retrieved csexp.1.5.2  (cached)
-> installed conf-pkg-config.3
-> installed conf-git.1.1
-> retrieved cstruct.6.2.0, cstruct-lwt.6.2.0  (cached)
-> installed conf-gmp.4
-> installed conf-libffi.2.0.0
-> installed conf-sqlite3.1
-> retrieved ctypes.0.22.0, ctypes-foreign.0.22.0  (cached)
-> installed conf-gmp-powm-sec.3
-> retrieved current.0.6.6, current_git.0.6.6  (cached)
-> installed conf-libev.4-12
-> retrieved current_incr.0.6.1  (cached)
-> retrieved current_ocluster.0.2, ocluster-api.0.2  (cached)
-> retrieved domain-name.0.4.0  (cached)
-> retrieved dune.3.16.0, dune-configurator.3.16.0  (cached)
-> retrieved duration.0.2.1  (cached)
-> retrieved eqaf.0.9  (cached)
-> retrieved extunix.0.4.1  (cached)
-> retrieved fmt.0.9.0  (cached)
-> retrieved fpath.0.7.3  (cached)
-> retrieved fsevents.0.3.0, fsevents-lwt.0.3.0  (cached)
-> retrieved gmap.0.3.0  (cached)
-> retrieved hkdf.1.0.4  (cached)
-> retrieved inotify.2.5  (cached)
-> installed cmdliner.1.3.0
-> retrieved integers.0.7.0  (cached)
-> retrieved ipaddr.5.6.0, macaddr.5.6.0  (cached)
-> retrieved irmin-watcher.0.5.0  (cached)
-> retrieved logs.0.7.0  (cached)
-> retrieved lwt.5.7.0  (cached)
-> retrieved lwt-dllist.1.0.1  (cached)
-> retrieved mirage-clock.4.2.0  (cached)
-> retrieved mirage-crypto.0.11.3, mirage-crypto-ec.0.11.3, mirage-crypto-pk.0.11.3, mirage-crypto-rng.0.11.3, mirage-crypto-rng-lwt.0.11.3  (cached)
-> retrieved mirage-flow.3.0.0  (cached)
-> retrieved mirage-kv.6.1.1  (cached)
-> retrieved mtime.2.0.0  (cached)
-> retrieved ocaml-compiler-libs.v0.12.4  (cached)
-> retrieved ocaml-syntax-shims.1.0.0  (cached)
-> retrieved ocamlfind.1.9.6  (cached)
-> retrieved ocplib-endian.1.2  (cached)
-> retrieved optint.0.3.0  (cached)
-> retrieved pbkdf.1.2.0  (cached)
-> retrieved ppx_derivers.1.2.1  (cached)
-> retrieved ppx_deriving.6.0.2  (cached)
-> retrieved ppx_deriving_yojson.3.8.0  (cached)
-> retrieved ppxlib.0.32.1  (cached)
-> retrieved prometheus.1.2  (cached)
-> retrieved ptime.1.1.0  (cached)
-> retrieved re.1.11.0  (cached)
-> retrieved res.5.0.1  (cached)
-> retrieved result.1.5  (cached)
-> retrieved rresult.0.7.0  (cached)
-> retrieved seq.base  (cached)
-> installed seq.base
-> retrieved sexplib0.v0.16.0  (cached)
-> retrieved sqlite3.5.1.0  (cached)
-> retrieved stdint.0.7.2  (cached)
-> retrieved stdio.v0.16.0  (cached)
-> retrieved stdlib-shims.0.3.0  (cached)
-> retrieved stringext.1.6.0  (cached)
-> retrieved tls.0.17.3, tls-mirage.0.17.3  (cached)
-> retrieved topkg.1.0.7  (cached)
-> retrieved uri.4.4.0  (cached)
-> retrieved x509.0.16.5  (cached)
-> retrieved yojson.2.2.2  (cached)
-> retrieved zarith.1.13  (cached)
-> installed ocamlfind.1.9.6
-> installed base-bytes.base
-> installed zarith.1.13
-> installed topkg.1.0.7
-> installed asetmap.0.8.1
-> installed rresult.0.7.0
-> installed mtime.2.0.0
-> installed fmt.0.9.0
-> installed ptime.1.1.0
-> installed astring.0.8.5
-> installed fpath.0.7.3
-> installed dune.3.16.0
-> installed ppx_derivers.1.2.1
-> installed lwt-dllist.1.0.1
-> installed bigarray-compat.1.1.0
-> installed csexp.1.5.2
-> installed base64.3.5.1
-> installed cstruct.6.2.0
-> installed current_incr.0.6.1
-> installed domain-name.0.4.0
-> installed duration.0.2.1
-> installed gmap.0.3.0
-> installed macaddr.5.6.0
-> installed mirage-clock.4.2.0
-> installed optint.0.3.0
-> installed ocaml-compiler-libs.v0.12.4
-> installed ocaml-syntax-shims.1.0.0
-> installed res.5.0.1
-> installed result.1.5
-> installed sexplib0.v0.16.0
-> installed stdlib-shims.0.3.0
-> installed stringext.1.6.0
-> installed re.1.11.0
-> installed cppo.1.6.9
-> installed stdint.0.7.2
-> installed eqaf.0.9
-> installed ipaddr.5.6.0
-> installed asn1-combinators.0.2.6
-> installed yojson.2.2.2
-> installed integers.0.7.0
-> installed ocplib-endian.1.2
-> installed dune-configurator.3.16.0
-> installed bigstringaf.0.9.1
-> installed angstrom.0.16.0
-> installed sqlite3.5.1.0
-> installed mirage-crypto.0.11.3
-> installed hkdf.1.0.4
-> installed pbkdf.1.2.0
-> installed uri.4.4.0
-> installed lwt.5.7.0
-> installed cstruct-lwt.6.2.0
-> installed mirage-flow.3.0.0
-> installed mirage-kv.6.1.1
-> installed prometheus.1.2
-> installed inotify.2.5
-> installed logs.0.7.0
-> installed ctypes.0.22.0
-> installed base.v0.16.3
-> installed mirage-crypto-rng.0.11.3
-> installed mirage-crypto-rng-lwt.0.11.3
-> installed stdio.v0.16.0
-> installed capnp-rpc.1.2.3
-> installed mirage-crypto-pk.0.11.3
-> installed ctypes-foreign.0.22.0
-> installed cf.0.5.0
-> installed fsevents.0.3.0
-> installed cf-lwt.0.5.0
-> installed fsevents-lwt.0.3.0
-> installed bos.0.2.1
-> installed irmin-watcher.0.5.0
-> installed capnp.3.6.0
-> installed mirage-crypto-ec.0.11.3
-> installed ppxlib.0.32.1
-> installed capnp-rpc-lwt.1.2.3
-> installed x509.0.16.5
-> installed tls.0.17.3
-> installed tls-mirage.0.17.3
-> installed ppx_deriving.6.0.2
-> installed capnp-rpc-net.1.2.3
-> installed ppx_deriving_yojson.3.8.0
-> installed current.0.6.6
-> installed current_git.0.6.6
-> installed extunix.0.4.1
-> installed capnp-rpc-unix.1.2.3
-> installed ocluster-api.0.2
-> installed current_ocluster.0.2
Done.
# Run eval $(opam env) to update the current shell environment
[01;2m[01;35m2024-06-29 17:16.20 ---> saved as "17943478c52f6158dd2938260c7dd18ab655e9bd4727f4f496452e66b8310c27"[0m

[01;34m/home/opam: (run (network host)
                 (shell "(opam reinstall --with-test current_ocluster.0.2) || true"))[0m
[ERROR] Sorry, resolution of the request timed out.
        Try to specify a more precise request, use a different solver, or increase the allowed time by setting OPAMSOLVERTIMEOUT to a bigger value (currently, it is set to 500.0 seconds).
[01;2m[01;35m2024-06-29 17:24.56 ---> saved as "155119d82d644d3ac09b45930e34c3466e87b8af503e97fa00730da730e22b33"[0m

[01;34m/home/opam: (run (shell  "opam reinstall --with-test --verbose current_ocluster.0.2;\
                        \n        res=$?;\
                        \n        test \"$res\" != 31 && exit \"$res\";\
                        \n        export OPAMCLI=2.0;\
                        \n        build_dir=$(opam var prefix)/.opam-switch/build;\
                        \n        failed=$(ls \"$build_dir\");\
                        \n        partial_fails=\"\";\
                        \n        for pkg in $failed; do\
                        \n          if opam show -f x-ci-accept-failures: \"$pkg\" | grep -qF \"\\\"debian-12\\\"\"; then\
                        \n            echo \"A package failed and has been disabled for CI using the 'x-ci-accept-failures' field.\";\
                        \n          fi;\
                        \n          test \"$pkg\" != 'current_ocluster.0.2' && partial_fails=\"$partial_fails $pkg\";\
                        \n        done;\
                        \n        test \"${partial_fails}\" != \"\" && echo \"opam-repo-ci detected dependencies failing: ${partial_fails}\";\
                        \n        exit 1"))[0m
[ERROR] Sorry, resolution of the request timed out.
        Try to specify a more precise request, use a different solver, or increase the allowed time by setting OPAMSOLVERTIMEOUT to a bigger value (currently, it is set to 500.0 seconds).
'opam reinstall --with-test --verbose current_ocluster.0.2' failed.
"/usr/bin/env" "bash" "-c" "opam reinstall --with-test --verbose current_ocluster.0.2;
        res=$?;
        test "$res" != 31 && exit "$res";
        export OPAMCLI=2.0;
        build_dir=$(opam var prefix)/.opam-switch/build;
        failed=$(ls "$build_dir");
        partial_fails="";
        for pkg in $failed; do
          if opam show -f x-ci-accept-failures: "$pkg" | grep -qF "\"debian-12\""; then
            echo "A package failed and has been disabled for CI using the 'x-ci-accept-failures' field.";
          fi;
          test "$pkg" != 'current_ocluster.0.2' && partial_fails="$partial_fails $pkg";
        done;
        test "${partial_fails}" != "" && echo "opam-repo-ci detected dependencies failing: ${partial_fails}";
        exit 1" failed with exit status 60
2024-06-29 17:33.46: Job failed: Failed: Build failed
2024-06-29 17:33.46: Log analysis:
2024-06-29 17:33.46: >>> 
[ERROR] Sorry, resolution of the request timed out.
 (score = 20)
2024-06-29 17:33.46: >>> 
[ERROR] Sorry, resolution of the request timed out.
 (score = 20)
2024-06-29 17:33.46: Sorry, resolution of the request timed out.
