2024-04-03 10:06.13: New job: test opam-compiler.0.1.1 with stdune.3.15.0, using opam dev
                              from https://github.com/ocaml/opam-repository.git#refs/pull/25615/head (950c52962d34ab7507ecebe8cc7ef16fed0f292a)
                              on debian-12-ocaml-4.14/amd64

To reproduce locally:

cd $(mktemp -d)
git clone --recursive "https://github.com/ocaml/opam-repository.git" && cd "opam-repository" && git fetch origin "refs/pull/25615/head" && git reset --hard 950c5296
git fetch origin master
git merge --no-edit 8bba81bc781607ac44cf373225380b536158be0f
cat > ../Dockerfile <<'END-OF-DOCKERFILE'
[34mFROM ocaml/opam:debian-12-ocaml-4.14@sha256:0dd1dc965b8045fcfbe1a07fcb004834a38383954f5b5223336cfb934b468552
USER 1000:1000
WORKDIR /home/opam
RUN sudo ln -f /usr/bin/opam-dev /usr/bin/opam
RUN opam init --reinit -ni
RUN uname -rs && opam exec -- ocaml -version && opam --version
ENV OPAMDOWNLOADJOBS="1"
ENV OPAMERRLOGLEN="0"
ENV OPAMSOLVERTIMEOUT="500"
ENV OPAMPRECISETRACKING="1"
ENV CI="true"
ENV OPAM_REPO_CI="true"
RUN rm -rf opam-repository/
COPY --chown=1000:1000 . opam-repository/
RUN opam repository set-url --strict default opam-repository/
RUN opam update --depexts || true
ENV OPAMCRITERIA="-removed,-count[avoid-version,changed],-count[version-lag,request],-count[version-lag,changed],-count[missing-depexts,changed],-changed"
ENV OPAMFIXUPCRITERIA="-removed,-count[avoid-version,changed],-count[version-lag,request],-count[version-lag,changed],-count[missing-depexts,changed],-changed"
ENV OPAMUPGRADECRITERIA="-removed,-count[avoid-version,changed],-count[version-lag,request],-count[version-lag,changed],-count[missing-depexts,changed],-changed"
RUN opam pin add -k version -yn stdune.3.15.0 3.15.0
RUN opam reinstall stdune.3.15.0; \
    res=$?; \
    test "$res" != 31 && exit "$res"; \
    export OPAMCLI=2.0; \
    build_dir=$(opam var prefix)/.opam-switch/build; \
    failed=$(ls "$build_dir"); \
    partial_fails=""; \
    for pkg in $failed; do \
    if opam show -f x-ci-accept-failures: "$pkg" | grep -qF "\"debian-12\""; then \
    echo "A package failed and has been disabled for CI using the 'x-ci-accept-failures' field."; \
    fi; \
    test "$pkg" != 'stdune.3.15.0' && partial_fails="$partial_fails $pkg"; \
    done; \
    test "${partial_fails}" != "" && echo "opam-repo-ci detected dependencies failing: ${partial_fails}"; \
    exit 1
ENV OPAMCRITERIA="-removed,-count[avoid-version,changed],-count[version-lag,request],-count[version-lag,changed],-count[missing-depexts,changed],-changed"
ENV OPAMFIXUPCRITERIA="-removed,-count[avoid-version,changed],-count[version-lag,request],-count[version-lag,changed],-count[missing-depexts,changed],-changed"
ENV OPAMUPGRADECRITERIA="-removed,-count[avoid-version,changed],-count[version-lag,request],-count[version-lag,changed],-count[missing-depexts,changed],-changed"
RUN opam reinstall opam-compiler.0.1.1; \
    res=$?; \
    test "$res" != 31 && exit "$res"; \
    export OPAMCLI=2.0; \
    build_dir=$(opam var prefix)/.opam-switch/build; \
    failed=$(ls "$build_dir"); \
    partial_fails=""; \
    for pkg in $failed; do \
    if opam show -f x-ci-accept-failures: "$pkg" | grep -qF "\"debian-12\""; then \
    echo "A package failed and has been disabled for CI using the 'x-ci-accept-failures' field."; \
    fi; \
    test "$pkg" != 'opam-compiler.0.1.1' && partial_fails="$partial_fails $pkg"; \
    done; \
    test "${partial_fails}" != "" && echo "opam-repo-ci detected dependencies failing: ${partial_fails}"; \
    exit 1
ENV OPAMCRITERIA="-removed,-count[avoid-version,changed],-count[version-lag,request],-count[version-lag,changed],-count[missing-depexts,changed],-changed"
ENV OPAMFIXUPCRITERIA="-removed,-count[avoid-version,changed],-count[version-lag,request],-count[version-lag,changed],-count[missing-depexts,changed],-changed"
ENV OPAMUPGRADECRITERIA="-removed,-count[avoid-version,changed],-count[version-lag,request],-count[version-lag,changed],-count[missing-depexts,changed],-changed"
RUN (opam reinstall --with-test opam-compiler.0.1.1) || true
RUN opam reinstall --with-test --verbose opam-compiler.0.1.1; \
    res=$?; \
    test "$res" != 31 && exit "$res"; \
    export OPAMCLI=2.0; \
    build_dir=$(opam var prefix)/.opam-switch/build; \
    failed=$(ls "$build_dir"); \
    partial_fails=""; \
    for pkg in $failed; do \
    if opam show -f x-ci-accept-failures: "$pkg" | grep -qF "\"debian-12\""; then \
    echo "A package failed and has been disabled for CI using the 'x-ci-accept-failures' field."; \
    fi; \
    test "$pkg" != 'opam-compiler.0.1.1' && partial_fails="$partial_fails $pkg"; \
    done; \
    test "${partial_fails}" != "" && echo "opam-repo-ci detected dependencies failing: ${partial_fails}"; \
    exit 1
[0m
END-OF-DOCKERFILE
docker build -f ../Dockerfile .

2024-04-03 10:06.13: Using cache hint "ocaml/opam:debian-12-ocaml-4.14@sha256:0dd1dc965b8045fcfbe1a07fcb004834a38383954f5b5223336cfb934b468552-stdune.3.15.0-opam-compiler.0.1.1-950c52962d34ab7507ecebe8cc7ef16fed0f292a"
2024-04-03 10:06.13: Using OBuilder spec:
((from ocaml/opam:debian-12-ocaml-4.14@sha256:0dd1dc965b8045fcfbe1a07fcb004834a38383954f5b5223336cfb934b468552)
 (user (uid 1000) (gid 1000))
 (workdir /home/opam)
 (run (shell "sudo ln -f /usr/bin/opam-dev /usr/bin/opam"))
 (run (network host)
      (shell "opam init --reinit --config .opamrc-sandbox -ni"))
 (run (shell "uname -rs && opam exec -- ocaml -version && opam --version"))
 (env OPAMDOWNLOADJOBS 1)
 (env OPAMERRLOGLEN 0)
 (env OPAMSOLVERTIMEOUT 500)
 (env OPAMPRECISETRACKING 1)
 (env CI true)
 (env OPAM_REPO_CI true)
 (run (shell "rm -rf opam-repository/"))
 (copy (src .) (dst opam-repository/))
 (run (shell "opam repository set-url --strict default opam-repository/"))
 (run (network host)
      (shell "opam update --depexts || true"))
 (env OPAMCRITERIA -removed,-count[avoid-version,changed],-count[version-lag,request],-count[version-lag,changed],-count[missing-depexts,changed],-changed)
 (env OPAMFIXUPCRITERIA -removed,-count[avoid-version,changed],-count[version-lag,request],-count[version-lag,changed],-count[missing-depexts,changed],-changed)
 (env OPAMUPGRADECRITERIA -removed,-count[avoid-version,changed],-count[version-lag,request],-count[version-lag,changed],-count[missing-depexts,changed],-changed)
 (run (shell "opam pin add -k version -yn stdune.3.15.0 3.15.0"))
 (run (cache (opam-archives (target /home/opam/.opam/download-cache)))
      (network host)
      (shell  "opam reinstall stdune.3.15.0;\
             \n        res=$?;\
             \n        test \"$res\" != 31 && exit \"$res\";\
             \n        export OPAMCLI=2.0;\
             \n        build_dir=$(opam var prefix)/.opam-switch/build;\
             \n        failed=$(ls \"$build_dir\");\
             \n        partial_fails=\"\";\
             \n        for pkg in $failed; do\
             \n          if opam show -f x-ci-accept-failures: \"$pkg\" | grep -qF \"\\\"debian-12\\\"\"; then\
             \n            echo \"A package failed and has been disabled for CI using the 'x-ci-accept-failures' field.\";\
             \n          fi;\
             \n          test \"$pkg\" != 'stdune.3.15.0' && partial_fails=\"$partial_fails $pkg\";\
             \n        done;\
             \n        test \"${partial_fails}\" != \"\" && echo \"opam-repo-ci detected dependencies failing: ${partial_fails}\";\
             \n        exit 1"))
 (env OPAMCRITERIA -removed,-count[avoid-version,changed],-count[version-lag,request],-count[version-lag,changed],-count[missing-depexts,changed],-changed)
 (env OPAMFIXUPCRITERIA -removed,-count[avoid-version,changed],-count[version-lag,request],-count[version-lag,changed],-count[missing-depexts,changed],-changed)
 (env OPAMUPGRADECRITERIA -removed,-count[avoid-version,changed],-count[version-lag,request],-count[version-lag,changed],-count[missing-depexts,changed],-changed)
 (run (cache (opam-archives (target /home/opam/.opam/download-cache)))
      (network host)
      (shell  "opam reinstall opam-compiler.0.1.1;\
             \n        res=$?;\
             \n        test \"$res\" != 31 && exit \"$res\";\
             \n        export OPAMCLI=2.0;\
             \n        build_dir=$(opam var prefix)/.opam-switch/build;\
             \n        failed=$(ls \"$build_dir\");\
             \n        partial_fails=\"\";\
             \n        for pkg in $failed; do\
             \n          if opam show -f x-ci-accept-failures: \"$pkg\" | grep -qF \"\\\"debian-12\\\"\"; then\
             \n            echo \"A package failed and has been disabled for CI using the 'x-ci-accept-failures' field.\";\
             \n          fi;\
             \n          test \"$pkg\" != 'opam-compiler.0.1.1' && partial_fails=\"$partial_fails $pkg\";\
             \n        done;\
             \n        test \"${partial_fails}\" != \"\" && echo \"opam-repo-ci detected dependencies failing: ${partial_fails}\";\
             \n        exit 1"))
 (env OPAMCRITERIA -removed,-count[avoid-version,changed],-count[version-lag,request],-count[version-lag,changed],-count[missing-depexts,changed],-changed)
 (env OPAMFIXUPCRITERIA -removed,-count[avoid-version,changed],-count[version-lag,request],-count[version-lag,changed],-count[missing-depexts,changed],-changed)
 (env OPAMUPGRADECRITERIA -removed,-count[avoid-version,changed],-count[version-lag,request],-count[version-lag,changed],-count[missing-depexts,changed],-changed)
 (run (network host)
      (shell "(opam reinstall --with-test opam-compiler.0.1.1) || true"))
 (run (shell  "opam reinstall --with-test --verbose opam-compiler.0.1.1;\
             \n        res=$?;\
             \n        test \"$res\" != 31 && exit \"$res\";\
             \n        export OPAMCLI=2.0;\
             \n        build_dir=$(opam var prefix)/.opam-switch/build;\
             \n        failed=$(ls \"$build_dir\");\
             \n        partial_fails=\"\";\
             \n        for pkg in $failed; do\
             \n          if opam show -f x-ci-accept-failures: \"$pkg\" | grep -qF \"\\\"debian-12\\\"\"; then\
             \n            echo \"A package failed and has been disabled for CI using the 'x-ci-accept-failures' field.\";\
             \n          fi;\
             \n          test \"$pkg\" != 'opam-compiler.0.1.1' && partial_fails=\"$partial_fails $pkg\";\
             \n        done;\
             \n        test \"${partial_fails}\" != \"\" && echo \"opam-repo-ci detected dependencies failing: ${partial_fails}\";\
             \n        exit 1"))
)

2024-04-03 10:06.13: Waiting for resource in pool OCluster
2024-04-03 11:51.31: Waiting for workerâ€¦
2024-04-03 11:54.25: Got resource from pool OCluster
Building on asteria.caelum.ci.dev
All commits already cached
Updating files:  82% (27607/33428)Updating files:  83% (27746/33428)Updating files:  84% (28080/33428)Updating files:  85% (28414/33428)Updating files:  86% (28749/33428)Updating files:  87% (29083/33428)Updating files:  88% (29417/33428)Updating files:  89% (29751/33428)Updating files:  90% (30086/33428)Updating files:  91% (30420/33428)Updating files:  92% (30754/33428)Updating files:  93% (31089/33428)Updating files:  94% (31423/33428)Updating files:  95% (31757/33428)Updating files:  96% (32091/33428)Updating files:  97% (32426/33428)Updating files:  98% (32760/33428)Updating files:  99% (33094/33428)Updating files: 100% (33428/33428)Updating files: 100% (33428/33428), done.
HEAD is now at 8bba81bc78 Merge pull request #25611 from voodoos/patch-3
Updating 8bba81bc78..950c52962d
Fast-forward
 packages/chrome-trace/chrome-trace.3.15.0/opam     | 40 +++++++++++++++
 .../dune-action-plugin.3.15.0/opam                 | 53 ++++++++++++++++++++
 .../dune-build-info/dune-build-info.3.15.0/opam    | 46 +++++++++++++++++
 .../dune-configurator.3.15.0/opam                  | 50 +++++++++++++++++++
 packages/dune-glob/dune-glob.3.15.0/opam           | 43 ++++++++++++++++
 .../dune-private-libs.3.15.0/opam                  | 51 +++++++++++++++++++
 packages/dune-rpc-lwt/dune-rpc-lwt.3.15.0/opam     | 42 ++++++++++++++++
 packages/dune-rpc/dune-rpc.3.15.0/opam             | 44 +++++++++++++++++
 packages/dune-site/dune-site.3.15.0/opam           | 38 +++++++++++++++
 packages/dune/dune.3.15.0/opam                     | 57 ++++++++++++++++++++++
 packages/dyn/dyn.3.15.0/opam                       | 41 ++++++++++++++++
 packages/ocamlc-loc/ocamlc-loc.3.15.0/opam         | 44 +++++++++++++++++
 packages/ordering/ordering.3.15.0/opam             | 39 +++++++++++++++
 packages/stdune/stdune.3.15.0/opam                 | 45 +++++++++++++++++
 packages/xdg/xdg.3.15.0/opam                       | 40 +++++++++++++++
 15 files changed, 673 insertions(+)
 create mode 100644 packages/chrome-trace/chrome-trace.3.15.0/opam
 create mode 100644 packages/dune-action-plugin/dune-action-plugin.3.15.0/opam
 create mode 100644 packages/dune-build-info/dune-build-info.3.15.0/opam
 create mode 100644 packages/dune-configurator/dune-configurator.3.15.0/opam
 create mode 100644 packages/dune-glob/dune-glob.3.15.0/opam
 create mode 100644 packages/dune-private-libs/dune-private-libs.3.15.0/opam
 create mode 100644 packages/dune-rpc-lwt/dune-rpc-lwt.3.15.0/opam
 create mode 100644 packages/dune-rpc/dune-rpc.3.15.0/opam
 create mode 100644 packages/dune-site/dune-site.3.15.0/opam
 create mode 100644 packages/dune/dune.3.15.0/opam
 create mode 100644 packages/dyn/dyn.3.15.0/opam
 create mode 100644 packages/ocamlc-loc/ocamlc-loc.3.15.0/opam
 create mode 100644 packages/ordering/ordering.3.15.0/opam
 create mode 100644 packages/stdune/stdune.3.15.0/opam
 create mode 100644 packages/xdg/xdg.3.15.0/opam

[01;34m(from ocaml/opam:debian-12-ocaml-4.14@sha256:0dd1dc965b8045fcfbe1a07fcb004834a38383954f5b5223336cfb934b468552)[0m
[01;2m[01;35m2024-04-03 11:55.02 ---> using "83ced5f1fa33e1d1da003d32d9203f9025ac626cb8382be4aa05ad365a31a099" from cache[0m

[01;34m/: (user (uid 1000) (gid 1000))[0m

[01;34m/: (workdir /home/opam)[0m

[01;34m/home/opam: (run (shell "sudo ln -f /usr/bin/opam-dev /usr/bin/opam"))[0m
[01;2m[01;35m2024-04-03 11:55.02 ---> using "9f3e8d7f20c7f86a8eba785cf96177a5a8fd6dd9cdf2592ab1f5606eb31f603c" from cache[0m

[01;34m/home/opam: (run (network host)
                 (shell "opam init --reinit --config .opamrc-sandbox -ni"))[0m
Configuring from /home/opam/.opamrc-sandbox, then /home/opam/.opamrc, and finally from built-in defaults.
Checking for available remotes: rsync and local, git.
  - you won't be able to use mercurial repositories unless you install the hg command on your system.
  - you won't be able to use darcs repositories unless you install the darcs command on your system.

This development version of opam requires an update to the layout of /home/opam/.opam from version 2.0 to version 2.2~alpha, which can't be reverted.
You may want to back it up before going further.

Continue? [y/n] y
Format upgrade done.

<><> Updating repositories ><><><><><><><><><><><><><><><><><><><><><><><><><><>
[default] synchronised from file:///home/opam/opam-repository
[01;2m[01;35m2024-04-03 11:55.02 ---> using "f724dea46baec8fa3c00be4b320ebba471178d83ab39e7821ed33cac0b10cb37" from cache[0m

[01;34m/home/opam: (run (shell "uname -rs && opam exec -- ocaml -version && opam --version"))[0m
Linux 5.15.0-101-generic
The OCaml toplevel, version 4.14.2
2.2.0~beta2~dev
[01;2m[01;35m2024-04-03 11:55.02 ---> using "6af11855521a495400af6feed849c4d7ed5225dc8bdc95d4ed23f5906e560167" from cache[0m

[01;34m/home/opam: (env OPAMDOWNLOADJOBS 1)[0m

[01;34m/home/opam: (env OPAMERRLOGLEN 0)[0m

[01;34m/home/opam: (env OPAMSOLVERTIMEOUT 500)[0m

[01;34m/home/opam: (env OPAMPRECISETRACKING 1)[0m

[01;34m/home/opam: (env CI true)[0m

[01;34m/home/opam: (env OPAM_REPO_CI true)[0m

[01;34m/home/opam: (run (shell "rm -rf opam-repository/"))[0m
[01;2m[01;35m2024-04-03 11:55.02 ---> using "4736fc6c01ef3d01831e4ce151eddb0d99058cbab8764d6e4b2ed75479ad458e" from cache[0m

[01;34m/home/opam: (copy (src .) (dst opam-repository/))[0m
[01;2m[01;35m2024-04-03 11:55.03 ---> using "d99b0d55563e54b24bff72b571d0f6e0e15aa90d9c104f3626c65e55602a58aa" from cache[0m

[01;34m/home/opam: (run (shell "opam repository set-url --strict default opam-repository/"))[0m
[default] Initialised
[01;2m[01;35m2024-04-03 11:55.03 ---> using "0db0f69304755122a00564ba2ad6d2f3df3c7869d389afef15c3eb2dbd0a8dca" from cache[0m

[01;34m/home/opam: (run (network host)
                 (shell "opam update --depexts || true"))[0m
+ /usr/bin/sudo "apt-get" "update"
- Hit:1 http://deb.debian.org/debian bookworm InRelease
- Get:2 http://deb.debian.org/debian bookworm-updates InRelease [55.4 kB]
- Get:3 http://deb.debian.org/debian-security bookworm-security InRelease [48.0 kB]
- Get:4 http://deb.debian.org/debian-security bookworm-security/main amd64 Packages [150 kB]
- Fetched 253 kB in 0s (829 kB/s)
- Reading package lists...
[01;2m[01;35m2024-04-03 11:55.03 ---> using "4bce566700389921f7da6d8304f719c435cf00e748d537ddec0f4b5f0a52a94a" from cache[0m

[01;34m/home/opam: (env OPAMCRITERIA -removed,-count[avoid-version,changed],-count[version-lag,request],-count[version-lag,changed],-count[missing-depexts,changed],-changed)[0m

[01;34m/home/opam: (env OPAMFIXUPCRITERIA -removed,-count[avoid-version,changed],-count[version-lag,request],-count[version-lag,changed],-count[missing-depexts,changed],-changed)[0m

[01;34m/home/opam: (env OPAMUPGRADECRITERIA -removed,-count[avoid-version,changed],-count[version-lag,request],-count[version-lag,changed],-count[missing-depexts,changed],-changed)[0m

[01;34m/home/opam: (run (shell "opam pin add -k version -yn stdune.3.15.0 3.15.0"))[0m
stdune is now pinned to version 3.15.0
[01;2m[01;35m2024-04-03 11:55.03 ---> using "6ad0bedd4c236590d47eea646dbf27929a5df308eb4462326a04eac300b62f4e" from cache[0m

[01;34m/home/opam: (run (cache (opam-archives (target /home/opam/.opam/download-cache)))
                 (network host)
                 (shell  "opam reinstall stdune.3.15.0;\
                        \n        res=$?;\
                        \n        test \"$res\" != 31 && exit \"$res\";\
                        \n        export OPAMCLI=2.0;\
                        \n        build_dir=$(opam var prefix)/.opam-switch/build;\
                        \n        failed=$(ls \"$build_dir\");\
                        \n        partial_fails=\"\";\
                        \n        for pkg in $failed; do\
                        \n          if opam show -f x-ci-accept-failures: \"$pkg\" | grep -qF \"\\\"debian-12\\\"\"; then\
                        \n            echo \"A package failed and has been disabled for CI using the 'x-ci-accept-failures' field.\";\
                        \n          fi;\
                        \n          test \"$pkg\" != 'stdune.3.15.0' && partial_fails=\"$partial_fails $pkg\";\
                        \n        done;\
                        \n        test \"${partial_fails}\" != \"\" && echo \"opam-repo-ci detected dependencies failing: ${partial_fails}\";\
                        \n        exit 1"))[0m
stdune.3.15.0 is not installed. Install it? [y/n] y
The following actions will be performed:
=== install 6 packages
  - install csexp    1.5.2           [required by stdune]
  - install dune     3.15.0          [required by stdune]
  - install dyn      3.15.0          [required by stdune]
  - install ordering 3.15.0          [required by stdune]
  - install pp       1.2.0           [required by stdune]
  - install stdune   3.15.0 (pinned)

<><> Processing actions <><><><><><><><><><><><><><><><><><><><><><><><><><><><>
-> retrieved csexp.1.5.2  (cached)
-> retrieved dune.3.15.0, dyn.3.15.0, ordering.3.15.0, stdune.3.15.0  (cached)
-> retrieved pp.1.2.0  (cached)
-> installed dune.3.15.0
-> installed csexp.1.5.2
-> installed pp.1.2.0
-> installed ordering.3.15.0
-> installed dyn.3.15.0
-> installed stdune.3.15.0
Done.
# Run eval $(opam env) to update the current shell environment
[01;2m[01;35m2024-04-03 11:55.07 ---> saved as "d83cf4578063a2d2a83f1437db8a63c15ea25eeb34cf35ffc1095c565b6b03e0"[0m

[01;34m/home/opam: (env OPAMCRITERIA -removed,-count[avoid-version,changed],-count[version-lag,request],-count[version-lag,changed],-count[missing-depexts,changed],-changed)[0m

[01;34m/home/opam: (env OPAMFIXUPCRITERIA -removed,-count[avoid-version,changed],-count[version-lag,request],-count[version-lag,changed],-count[missing-depexts,changed],-changed)[0m

[01;34m/home/opam: (env OPAMUPGRADECRITERIA -removed,-count[avoid-version,changed],-count[version-lag,request],-count[version-lag,changed],-count[missing-depexts,changed],-changed)[0m

[01;34m/home/opam: (run (cache (opam-archives (target /home/opam/.opam/download-cache)))
                 (network host)
                 (shell  "opam reinstall opam-compiler.0.1.1;\
                        \n        res=$?;\
                        \n        test \"$res\" != 31 && exit \"$res\";\
                        \n        export OPAMCLI=2.0;\
                        \n        build_dir=$(opam var prefix)/.opam-switch/build;\
                        \n        failed=$(ls \"$build_dir\");\
                        \n        partial_fails=\"\";\
                        \n        for pkg in $failed; do\
                        \n          if opam show -f x-ci-accept-failures: \"$pkg\" | grep -qF \"\\\"debian-12\\\"\"; then\
                        \n            echo \"A package failed and has been disabled for CI using the 'x-ci-accept-failures' field.\";\
                        \n          fi;\
                        \n          test \"$pkg\" != 'opam-compiler.0.1.1' && partial_fails=\"$partial_fails $pkg\";\
                        \n        done;\
                        \n        test \"${partial_fails}\" != \"\" && echo \"opam-repo-ci detected dependencies failing: ${partial_fails}\";\
                        \n        exit 1"))[0m
opam-compiler.0.1.1 is not installed. Install it? [y/n] y
[ERROR] Sorry, resolution of the request timed out.
        Try to specify a more precise request, use a different solver, or increase the allowed time by setting OPAMSOLVERTIMEOUT to a bigger value (currently, it is set to 500.0 seconds).
"/usr/bin/env" "bash" "-c" "opam reinstall opam-compiler.0.1.1;
        res=$?;
        test "$res" != 31 && exit "$res";
        export OPAMCLI=2.0;
        build_dir=$(opam var prefix)/.opam-switch/build;
        failed=$(ls "$build_dir");
        partial_fails="";
        for pkg in $failed; do
          if opam show -f x-ci-accept-failures: "$pkg" | grep -qF "\"debian-12\""; then
            echo "A package failed and has been disabled for CI using the 'x-ci-accept-failures' field.";
          fi;
          test "$pkg" != 'opam-compiler.0.1.1' && partial_fails="$partial_fails $pkg";
        done;
        test "${partial_fails}" != "" && echo "opam-repo-ci detected dependencies failing: ${partial_fails}";
        exit 1" failed with exit status 60
2024-04-03 12:03.45: Job failed: Failed: Build failed
2024-04-03 12:03.45: Log analysis:
2024-04-03 12:03.45: >>> 
[ERROR] Sorry, resolution of the request timed out.
 (score = 20)
2024-04-03 12:03.45: Sorry, resolution of the request timed out.
