2024-05-16 06:22.06: New job: test ppx_deriving_variant_string.1.0.1, using opam dev
                              from https://github.com/ocaml/opam-repository.git#refs/pull/25886/head (16ab772b035c0280db04847319dbd4ebd21c4c90)
                              on debian-testing-ocaml-4.14/amd64

To reproduce locally:

cd $(mktemp -d)
git clone --recursive "https://github.com/ocaml/opam-repository.git" && cd "opam-repository" && git fetch origin "refs/pull/25886/head" && git reset --hard 16ab772b
git fetch origin master
git merge --no-edit 0dc68a8b920a5b579062cfcdbdf841a82e137ebd
cat > ../Dockerfile <<'END-OF-DOCKERFILE'
[34mFROM ocaml/opam:debian-testing-ocaml-4.14@sha256:72702d292166d993e635f28e05e2b4ea8e65c4126efa0b4f60e875bc1ad16c6f
USER 1000:1000
WORKDIR /home/opam
RUN sudo ln -f /usr/bin/opam-dev /usr/bin/opam
RUN opam init --reinit -ni
RUN uname -rs && opam exec -- ocaml -version && opam --version
ENV OPAMDOWNLOADJOBS="1"
ENV OPAMERRLOGLEN="0"
ENV OPAMSOLVERTIMEOUT="500"
ENV OPAMPRECISETRACKING="1"
ENV CI="true"
ENV OPAM_REPO_CI="true"
RUN rm -rf opam-repository/
COPY --chown=1000:1000 . opam-repository/
RUN opam repository set-url --strict default opam-repository/
RUN opam update --depexts || true
RUN opam pin add -k version -yn ppx_deriving_variant_string.1.0.1 1.0.1
RUN opam reinstall ppx_deriving_variant_string.1.0.1; \
    res=$?; \
    test "$res" != 31 && exit "$res"; \
    export OPAMCLI=2.0; \
    build_dir=$(opam var prefix)/.opam-switch/build; \
    failed=$(ls "$build_dir"); \
    partial_fails=""; \
    for pkg in $failed; do \
    if opam show -f x-ci-accept-failures: "$pkg" | grep -qF "\"debian-testing\""; then \
    echo "A package failed and has been disabled for CI using the 'x-ci-accept-failures' field."; \
    fi; \
    test "$pkg" != 'ppx_deriving_variant_string.1.0.1' && partial_fails="$partial_fails $pkg"; \
    done; \
    test "${partial_fails}" != "" && echo "opam-repo-ci detected dependencies failing: ${partial_fails}"; \
    exit 1
RUN (opam reinstall --with-test ppx_deriving_variant_string.1.0.1) || true
RUN opam reinstall --with-test --verbose ppx_deriving_variant_string.1.0.1; \
    res=$?; \
    test "$res" != 31 && exit "$res"; \
    export OPAMCLI=2.0; \
    build_dir=$(opam var prefix)/.opam-switch/build; \
    failed=$(ls "$build_dir"); \
    partial_fails=""; \
    for pkg in $failed; do \
    if opam show -f x-ci-accept-failures: "$pkg" | grep -qF "\"debian-testing\""; then \
    echo "A package failed and has been disabled for CI using the 'x-ci-accept-failures' field."; \
    fi; \
    test "$pkg" != 'ppx_deriving_variant_string.1.0.1' && partial_fails="$partial_fails $pkg"; \
    done; \
    test "${partial_fails}" != "" && echo "opam-repo-ci detected dependencies failing: ${partial_fails}"; \
    exit 1
[0m
END-OF-DOCKERFILE
docker build -f ../Dockerfile .

2024-05-16 06:22.06: Using cache hint "ocaml/opam:debian-testing-ocaml-4.14@sha256:72702d292166d993e635f28e05e2b4ea8e65c4126efa0b4f60e875bc1ad16c6f-ppx_deriving_variant_string.1.0.1-16ab772b035c0280db04847319dbd4ebd21c4c90"
2024-05-16 06:22.06: Using OBuilder spec:
((from ocaml/opam:debian-testing-ocaml-4.14@sha256:72702d292166d993e635f28e05e2b4ea8e65c4126efa0b4f60e875bc1ad16c6f)
 (user (uid 1000) (gid 1000))
 (workdir /home/opam)
 (run (shell "sudo ln -f /usr/bin/opam-dev /usr/bin/opam"))
 (run (network host)
      (shell "opam init --reinit --config .opamrc-sandbox -ni"))
 (run (shell "uname -rs && opam exec -- ocaml -version && opam --version"))
 (env OPAMDOWNLOADJOBS 1)
 (env OPAMERRLOGLEN 0)
 (env OPAMSOLVERTIMEOUT 500)
 (env OPAMPRECISETRACKING 1)
 (env CI true)
 (env OPAM_REPO_CI true)
 (run (shell "rm -rf opam-repository/"))
 (copy (src .) (dst opam-repository/))
 (run (shell "opam repository set-url --strict default opam-repository/"))
 (run (network host)
      (shell "opam update --depexts || true"))
 (run (shell "opam pin add -k version -yn ppx_deriving_variant_string.1.0.1 1.0.1"))
 (run (cache (opam-archives (target /home/opam/.opam/download-cache)))
      (network host)
      (shell  "opam reinstall ppx_deriving_variant_string.1.0.1;\
             \n        res=$?;\
             \n        test \"$res\" != 31 && exit \"$res\";\
             \n        export OPAMCLI=2.0;\
             \n        build_dir=$(opam var prefix)/.opam-switch/build;\
             \n        failed=$(ls \"$build_dir\");\
             \n        partial_fails=\"\";\
             \n        for pkg in $failed; do\
             \n          if opam show -f x-ci-accept-failures: \"$pkg\" | grep -qF \"\\\"debian-testing\\\"\"; then\
             \n            echo \"A package failed and has been disabled for CI using the 'x-ci-accept-failures' field.\";\
             \n          fi;\
             \n          test \"$pkg\" != 'ppx_deriving_variant_string.1.0.1' && partial_fails=\"$partial_fails $pkg\";\
             \n        done;\
             \n        test \"${partial_fails}\" != \"\" && echo \"opam-repo-ci detected dependencies failing: ${partial_fails}\";\
             \n        exit 1"))
 (run (network host)
      (shell "(opam reinstall --with-test ppx_deriving_variant_string.1.0.1) || true"))
 (run (shell  "opam reinstall --with-test --verbose ppx_deriving_variant_string.1.0.1;\
             \n        res=$?;\
             \n        test \"$res\" != 31 && exit \"$res\";\
             \n        export OPAMCLI=2.0;\
             \n        build_dir=$(opam var prefix)/.opam-switch/build;\
             \n        failed=$(ls \"$build_dir\");\
             \n        partial_fails=\"\";\
             \n        for pkg in $failed; do\
             \n          if opam show -f x-ci-accept-failures: \"$pkg\" | grep -qF \"\\\"debian-testing\\\"\"; then\
             \n            echo \"A package failed and has been disabled for CI using the 'x-ci-accept-failures' field.\";\
             \n          fi;\
             \n          test \"$pkg\" != 'ppx_deriving_variant_string.1.0.1' && partial_fails=\"$partial_fails $pkg\";\
             \n        done;\
             \n        test \"${partial_fails}\" != \"\" && echo \"opam-repo-ci detected dependencies failing: ${partial_fails}\";\
             \n        exit 1"))
)

2024-05-16 06:22.06: Waiting for resource in pool OCluster
2024-05-16 06:22.06: Waiting for workerâ€¦
2024-05-16 06:22.06: Got resource from pool OCluster
Building on x86-bm-c3.sw.ocaml.org
All commits already cached
Updating files:  62% (20916/33680)Updating files:  63% (21219/33680)Updating files:  64% (21556/33680)Updating files:  65% (21892/33680)Updating files:  66% (22229/33680)Updating files:  67% (22566/33680)Updating files:  68% (22903/33680)Updating files:  69% (23240/33680)Updating files:  70% (23576/33680)Updating files:  71% (23913/33680)Updating files:  72% (24250/33680)Updating files:  73% (24587/33680)Updating files:  74% (24924/33680)Updating files:  75% (25260/33680)Updating files:  76% (25597/33680)Updating files:  77% (25934/33680)Updating files:  78% (26271/33680)Updating files:  79% (26608/33680)Updating files:  80% (26944/33680)Updating files:  81% (27281/33680)Updating files:  82% (27618/33680)Updating files:  83% (27955/33680)Updating files:  84% (28292/33680)Updating files:  85% (28628/33680)Updating files:  86% (28965/33680)Updating files:  87% (29302/33680)Updating files:  88% (29639/33680)Updating files:  89% (29976/33680)Updating files:  90% (30312/33680)Updating files:  91% (30649/33680)Updating files:  92% (30986/33680)Updating files:  93% (31323/33680)Updating files:  94% (31660/33680)Updating files:  95% (31996/33680)Updating files:  96% (32333/33680)Updating files:  97% (32670/33680)Updating files:  98% (33007/33680)Updating files:  99% (33344/33680)Updating files: 100% (33680/33680)Updating files: 100% (33680/33680), done.
HEAD is now at 0dc68a8b92 Merge pull request #25870 from hannesm/release-tls-v0.17.5
Updating 0dc68a8b92..16ab772b03
Fast-forward
 .../ppx_deriving_variant_string.1.0.1/opam         | 43 ++++++++++++++++++++++
 1 file changed, 43 insertions(+)
 create mode 100644 packages/ppx_deriving_variant_string/ppx_deriving_variant_string.1.0.1/opam

[01;34m(from ocaml/opam:debian-testing-ocaml-4.14@sha256:72702d292166d993e635f28e05e2b4ea8e65c4126efa0b4f60e875bc1ad16c6f)[0m
Unable to find image 'ocaml/opam:debian-testing-ocaml-4.14@sha256:72702d292166d993e635f28e05e2b4ea8e65c4126efa0b4f60e875bc1ad16c6f' locally
docker.io/ocaml/opam@sha256:72702d292166d993e635f28e05e2b4ea8e65c4126efa0b4f60e875bc1ad16c6f: Pulling from ocaml/opam
d8e5df61903f: Pulling fs layer
d8e5df61903f: Verifying Checksum
d8e5df61903f: Download complete
d8e5df61903f: Pull complete
Digest: sha256:72702d292166d993e635f28e05e2b4ea8e65c4126efa0b4f60e875bc1ad16c6f
Status: Downloaded newer image for ocaml/opam@sha256:72702d292166d993e635f28e05e2b4ea8e65c4126efa0b4f60e875bc1ad16c6f
[01;2m[01;35m2024-05-16 06:24.18 ---> saved as "fd72b083bd188466ef4f54472dcc5a159ec3a7af9d67c4d6bd0055582edd0f8f"[0m

[01;34m/: (user (uid 1000) (gid 1000))[0m

[01;34m/: (workdir /home/opam)[0m

[01;34m/home/opam: (run (shell "sudo ln -f /usr/bin/opam-dev /usr/bin/opam"))[0m
[01;2m[01;35m2024-05-16 06:24.18 ---> saved as "ec6baa2961feb890c1887065b85bfc0010952b450cfeb68938fb18dd71118ec1"[0m

[01;34m/home/opam: (run (network host)
                 (shell "opam init --reinit --config .opamrc-sandbox -ni"))[0m
Configuring from /home/opam/.opamrc-sandbox, then /home/opam/.opamrc, and finally from built-in defaults.
Checking for available remotes: rsync and local, git.
  - you won't be able to use mercurial repositories unless you install the hg command on your system.
  - you won't be able to use darcs repositories unless you install the darcs command on your system.

This development version of opam requires an update to the layout of /home/opam/.opam from version 2.0 to version 2.2~beta, which can't be reverted.
You may want to back it up before going further.

Continue? [y/n] y
Format upgrade done.

<><> Updating repositories ><><><><><><><><><><><><><><><><><><><><><><><><><><>
[default] synchronised from file:///home/opam/opam-repository
[01;2m[01;35m2024-05-16 06:25.35 ---> saved as "80b3f79da307b98729d0b47380baf90c5e1a3d651425f474b03bce60c437de45"[0m

[01;34m/home/opam: (run (shell "uname -rs && opam exec -- ocaml -version && opam --version"))[0m
Linux 5.15.0-101-generic
The OCaml toplevel, version 4.14.2
2.2.0~beta3~dev
[01;2m[01;35m2024-05-16 06:25.35 ---> saved as "b825cb4500ea791acaca4a5a4672379a256848da7af332e84fe12cc588d016e0"[0m

[01;34m/home/opam: (env OPAMDOWNLOADJOBS 1)[0m

[01;34m/home/opam: (env OPAMERRLOGLEN 0)[0m

[01;34m/home/opam: (env OPAMSOLVERTIMEOUT 500)[0m

[01;34m/home/opam: (env OPAMPRECISETRACKING 1)[0m

[01;34m/home/opam: (env CI true)[0m

[01;34m/home/opam: (env OPAM_REPO_CI true)[0m

[01;34m/home/opam: (run (shell "rm -rf opam-repository/"))[0m
[01;2m[01;35m2024-05-16 06:25.43 ---> saved as "c823e268f4571368a3bd93e86a7edcba1d615f57326547b5061bd50fd45b6058"[0m

[01;34m/home/opam: (copy (src .) (dst opam-repository/))[0m
[01;2m[01;35m2024-05-16 06:25.52 ---> saved as "8440c611c23ca27c67c3e1183b59a9e6ed8d7f15ee6f456784518cc69697c0a4"[0m

[01;34m/home/opam: (run (shell "opam repository set-url --strict default opam-repository/"))[0m
[default] Initialised
[01;2m[01;35m2024-05-16 06:26.43 ---> saved as "e5a1aa11c0a23059503615f8e9294adffb533e99bc8b2b2e6134d0b44c68e2c4"[0m

[01;34m/home/opam: (run (network host)
                 (shell "opam update --depexts || true"))[0m
+ /usr/bin/sudo "apt-get" "update"
- Get:1 http://deb.debian.org/debian testing InRelease [168 kB]
- Get:2 http://deb.debian.org/debian testing-updates InRelease [49.6 kB]
- Get:3 http://deb.debian.org/debian-security testing-security InRelease [43.5 kB]
- Get:4 http://deb.debian.org/debian testing/main amd64 Packages.diff/Index [27.9 kB]
- Get:5 http://deb.debian.org/debian testing/main amd64 Packages 2024-05-13-2005.29.pdiff [13.5 kB]
- Get:6 http://deb.debian.org/debian testing/main amd64 Packages 2024-05-14-0204.32.pdiff [38.2 kB]
- Get:7 http://deb.debian.org/debian testing/main amd64 Packages 2024-05-14-0804.50.pdiff [275 B]
- Get:8 http://deb.debian.org/debian testing/main amd64 Packages 2024-05-14-1404.21.pdiff [1103 B]
- Get:9 http://deb.debian.org/debian testing/main amd64 Packages 2024-05-14-2007.24.pdiff [1770 B]
- Get:10 http://deb.debian.org/debian testing/main amd64 Packages 2024-05-15-0325.00.pdiff [32.0 kB]
- Get:11 http://deb.debian.org/debian testing/main amd64 Packages 2024-05-15-1407.31.pdiff [8466 B]
- Get:12 http://deb.debian.org/debian testing/main amd64 Packages 2024-05-15-2019.42.pdiff [33 B]
- Get:13 http://deb.debian.org/debian testing/main amd64 Packages 2024-05-16-0222.10.pdiff [56.7 kB]
- Get:13 http://deb.debian.org/debian testing/main amd64 Packages 2024-05-16-0222.10.pdiff [56.7 kB]
- Fetched 441 kB in 1s (341 kB/s)
- Reading package lists...
- 
[01;2m[01;35m2024-05-16 06:26.45 ---> saved as "2a7f6d6a732e541562d59d9f9e4d3a708b6954ed5509748e742f29756968796e"[0m

[01;34m/home/opam: (run (shell "opam pin add -k version -yn ppx_deriving_variant_string.1.0.1 1.0.1"))[0m
ppx_deriving_variant_string is now pinned to version 1.0.1
[01;2m[01;35m2024-05-16 06:26.46 ---> saved as "2a28f0ec76d0607c87404aceb28a2ff101dd6d3fedbf94a0342a8649621b0b75"[0m

[01;34m/home/opam: (run (cache (opam-archives (target /home/opam/.opam/download-cache)))
                 (network host)
                 (shell  "opam reinstall ppx_deriving_variant_string.1.0.1;\
                        \n        res=$?;\
                        \n        test \"$res\" != 31 && exit \"$res\";\
                        \n        export OPAMCLI=2.0;\
                        \n        build_dir=$(opam var prefix)/.opam-switch/build;\
                        \n        failed=$(ls \"$build_dir\");\
                        \n        partial_fails=\"\";\
                        \n        for pkg in $failed; do\
                        \n          if opam show -f x-ci-accept-failures: \"$pkg\" | grep -qF \"\\\"debian-testing\\\"\"; then\
                        \n            echo \"A package failed and has been disabled for CI using the 'x-ci-accept-failures' field.\";\
                        \n          fi;\
                        \n          test \"$pkg\" != 'ppx_deriving_variant_string.1.0.1' && partial_fails=\"$partial_fails $pkg\";\
                        \n        done;\
                        \n        test \"${partial_fails}\" != \"\" && echo \"opam-repo-ci detected dependencies failing: ${partial_fails}\";\
                        \n        exit 1"))[0m
ppx_deriving_variant_string.1.0.1 is not installed. Install it? [y/n] y
The following actions will be performed:
=== install 7 packages
  - install dune                        3.15.2         [required by ppx_deriving_variant_string]
  - install ocaml-compiler-libs         v0.12.4        [required by ppxlib]
  - install ppx_derivers                1.2.1          [required by ppxlib]
  - install ppx_deriving_variant_string 1.0.1 (pinned)
  - install ppxlib                      0.32.1         [required by ppx_deriving_variant_string]
  - install sexplib0                    v0.17.0        [required by ppxlib]
  - install stdlib-shims                0.3.0          [required by ppxlib]

<><> Processing actions <><><><><><><><><><><><><><><><><><><><><><><><><><><><>
-> retrieved dune.3.15.2  (cached)
-> retrieved ocaml-compiler-libs.v0.12.4  (cached)
-> retrieved ppx_derivers.1.2.1  (cached)
-> retrieved ppx_deriving_variant_string.1.0.1  (cached)
-> retrieved ppxlib.0.32.1  (cached)
-> retrieved sexplib0.v0.17.0  (cached)
-> retrieved stdlib-shims.0.3.0  (cached)
-> installed dune.3.15.2
-> installed ppx_derivers.1.2.1
-> installed stdlib-shims.0.3.0
-> installed sexplib0.v0.17.0
-> installed ocaml-compiler-libs.v0.12.4
-> installed ppxlib.0.32.1
-> installed ppx_deriving_variant_string.1.0.1
Done.
# Run eval $(opam env) to update the current shell environment
[01;2m[01;35m2024-05-16 06:27.44 ---> saved as "ad404ede0cba21003bc316b0a0011609c3de062db529517d115483cb1ef21b87"[0m

[01;34m/home/opam: (run (network host)
                 (shell "(opam reinstall --with-test ppx_deriving_variant_string.1.0.1) || true"))[0m
[ERROR] Sorry, resolution of the request timed out.
        Try to specify a more precise request, use a different solver, or increase the allowed time by setting OPAMSOLVERTIMEOUT to a bigger value (currently, it is set to 500.0 seconds).
[01;2m[01;35m2024-05-16 06:36.16 ---> saved as "37611dde9ce6b14dbacecfddf9d2d408ba3b16d44bf7d5c0a416a3f27982bddd"[0m

[01;34m/home/opam: (run (shell  "opam reinstall --with-test --verbose ppx_deriving_variant_string.1.0.1;\
                        \n        res=$?;\
                        \n        test \"$res\" != 31 && exit \"$res\";\
                        \n        export OPAMCLI=2.0;\
                        \n        build_dir=$(opam var prefix)/.opam-switch/build;\
                        \n        failed=$(ls \"$build_dir\");\
                        \n        partial_fails=\"\";\
                        \n        for pkg in $failed; do\
                        \n          if opam show -f x-ci-accept-failures: \"$pkg\" | grep -qF \"\\\"debian-testing\\\"\"; then\
                        \n            echo \"A package failed and has been disabled for CI using the 'x-ci-accept-failures' field.\";\
                        \n          fi;\
                        \n          test \"$pkg\" != 'ppx_deriving_variant_string.1.0.1' && partial_fails=\"$partial_fails $pkg\";\
                        \n        done;\
                        \n        test \"${partial_fails}\" != \"\" && echo \"opam-repo-ci detected dependencies failing: ${partial_fails}\";\
                        \n        exit 1"))[0m
[ERROR] Sorry, resolution of the request timed out.
        Try to specify a more precise request, use a different solver, or increase the allowed time by setting OPAMSOLVERTIMEOUT to a bigger value (currently, it is set to 500.0 seconds).
'opam reinstall --with-test --verbose ppx_deriving_variant_string.1.0.1' failed.
"/usr/bin/env" "bash" "-c" "opam reinstall --with-test --verbose ppx_deriving_variant_string.1.0.1;
        res=$?;
        test "$res" != 31 && exit "$res";
        export OPAMCLI=2.0;
        build_dir=$(opam var prefix)/.opam-switch/build;
        failed=$(ls "$build_dir");
        partial_fails="";
        for pkg in $failed; do
          if opam show -f x-ci-accept-failures: "$pkg" | grep -qF "\"debian-testing\""; then
            echo "A package failed and has been disabled for CI using the 'x-ci-accept-failures' field.";
          fi;
          test "$pkg" != 'ppx_deriving_variant_string.1.0.1' && partial_fails="$partial_fails $pkg";
        done;
        test "${partial_fails}" != "" && echo "opam-repo-ci detected dependencies failing: ${partial_fails}";
        exit 1" failed with exit status 60
2024-05-16 06:45.06: Job failed: Failed: Build failed
2024-05-16 06:45.06: Log analysis:
2024-05-16 06:45.06: >>> 
[ERROR] Sorry, resolution of the request timed out.
 (score = 20)
2024-05-16 06:45.06: >>> 
[ERROR] Sorry, resolution of the request timed out.
 (score = 20)
2024-05-16 06:45.06: Sorry, resolution of the request timed out.
