2024-05-16 14:04.52: New job: test sihl-core.0.2.1, using opam dev
                              from https://github.com/ocaml/opam-repository.git#refs/pull/25888/head (525bccfea64dad391217b34359003e0d4d19f6a4)
                              on archlinux-ocaml-4.14/amd64

To reproduce locally:

cd $(mktemp -d)
git clone --recursive "https://github.com/ocaml/opam-repository.git" && cd "opam-repository" && git fetch origin "refs/pull/25888/head" && git reset --hard 525bccfe
git fetch origin master
git merge --no-edit 23fec2c23a10862bcdde83a7688d35608defa7a7
cat > ../Dockerfile <<'END-OF-DOCKERFILE'
[34mFROM ocaml/opam:archlinux-ocaml-4.14@sha256:3dac736c2d3372803ec299daabdd0f33c43070725d9fa25f86f63a717b8971f8
USER 1000:1000
WORKDIR /home/opam
RUN sudo ln -f /usr/bin/opam-dev /usr/bin/opam
RUN opam init --reinit -ni
RUN uname -rs && opam exec -- ocaml -version && opam --version
ENV OPAMDOWNLOADJOBS="1"
ENV OPAMERRLOGLEN="0"
ENV OPAMSOLVERTIMEOUT="500"
ENV OPAMPRECISETRACKING="1"
ENV CI="true"
ENV OPAM_REPO_CI="true"
RUN rm -rf opam-repository/
COPY --chown=1000:1000 . opam-repository/
RUN opam repository set-url --strict default opam-repository/
RUN opam update --depexts || true
RUN opam pin add -k version -yn sihl-core.0.2.1 0.2.1
RUN opam reinstall sihl-core.0.2.1; \
    res=$?; \
    test "$res" != 31 && exit "$res"; \
    export OPAMCLI=2.0; \
    build_dir=$(opam var prefix)/.opam-switch/build; \
    failed=$(ls "$build_dir"); \
    partial_fails=""; \
    for pkg in $failed; do \
    if opam show -f x-ci-accept-failures: "$pkg" | grep -qF "\"archlinux\""; then \
    echo "A package failed and has been disabled for CI using the 'x-ci-accept-failures' field."; \
    fi; \
    test "$pkg" != 'sihl-core.0.2.1' && partial_fails="$partial_fails $pkg"; \
    done; \
    test "${partial_fails}" != "" && echo "opam-repo-ci detected dependencies failing: ${partial_fails}"; \
    exit 1
RUN (opam reinstall --with-test sihl-core.0.2.1) || true
RUN opam reinstall --with-test --verbose sihl-core.0.2.1; \
    res=$?; \
    test "$res" != 31 && exit "$res"; \
    export OPAMCLI=2.0; \
    build_dir=$(opam var prefix)/.opam-switch/build; \
    failed=$(ls "$build_dir"); \
    partial_fails=""; \
    for pkg in $failed; do \
    if opam show -f x-ci-accept-failures: "$pkg" | grep -qF "\"archlinux\""; then \
    echo "A package failed and has been disabled for CI using the 'x-ci-accept-failures' field."; \
    fi; \
    test "$pkg" != 'sihl-core.0.2.1' && partial_fails="$partial_fails $pkg"; \
    done; \
    test "${partial_fails}" != "" && echo "opam-repo-ci detected dependencies failing: ${partial_fails}"; \
    exit 1
[0m
END-OF-DOCKERFILE
docker build -f ../Dockerfile .

2024-05-16 14:04.52: Using cache hint "ocaml/opam:archlinux-ocaml-4.14@sha256:3dac736c2d3372803ec299daabdd0f33c43070725d9fa25f86f63a717b8971f8-sihl-core.0.2.1-525bccfea64dad391217b34359003e0d4d19f6a4"
2024-05-16 14:04.52: Using OBuilder spec:
((from ocaml/opam:archlinux-ocaml-4.14@sha256:3dac736c2d3372803ec299daabdd0f33c43070725d9fa25f86f63a717b8971f8)
 (user (uid 1000) (gid 1000))
 (workdir /home/opam)
 (run (shell "sudo ln -f /usr/bin/opam-dev /usr/bin/opam"))
 (run (network host)
      (shell "opam init --reinit --config .opamrc-sandbox -ni"))
 (run (shell "uname -rs && opam exec -- ocaml -version && opam --version"))
 (env OPAMDOWNLOADJOBS 1)
 (env OPAMERRLOGLEN 0)
 (env OPAMSOLVERTIMEOUT 500)
 (env OPAMPRECISETRACKING 1)
 (env CI true)
 (env OPAM_REPO_CI true)
 (run (shell "rm -rf opam-repository/"))
 (copy (src .) (dst opam-repository/))
 (run (shell "opam repository set-url --strict default opam-repository/"))
 (run (network host)
      (shell "opam update --depexts || true"))
 (run (shell "opam pin add -k version -yn sihl-core.0.2.1 0.2.1"))
 (run (cache (opam-archives (target /home/opam/.opam/download-cache)))
      (network host)
      (shell  "opam reinstall sihl-core.0.2.1;\
             \n        res=$?;\
             \n        test \"$res\" != 31 && exit \"$res\";\
             \n        export OPAMCLI=2.0;\
             \n        build_dir=$(opam var prefix)/.opam-switch/build;\
             \n        failed=$(ls \"$build_dir\");\
             \n        partial_fails=\"\";\
             \n        for pkg in $failed; do\
             \n          if opam show -f x-ci-accept-failures: \"$pkg\" | grep -qF \"\\\"archlinux\\\"\"; then\
             \n            echo \"A package failed and has been disabled for CI using the 'x-ci-accept-failures' field.\";\
             \n          fi;\
             \n          test \"$pkg\" != 'sihl-core.0.2.1' && partial_fails=\"$partial_fails $pkg\";\
             \n        done;\
             \n        test \"${partial_fails}\" != \"\" && echo \"opam-repo-ci detected dependencies failing: ${partial_fails}\";\
             \n        exit 1"))
 (run (network host)
      (shell "(opam reinstall --with-test sihl-core.0.2.1) || true"))
 (run (shell  "opam reinstall --with-test --verbose sihl-core.0.2.1;\
             \n        res=$?;\
             \n        test \"$res\" != 31 && exit \"$res\";\
             \n        export OPAMCLI=2.0;\
             \n        build_dir=$(opam var prefix)/.opam-switch/build;\
             \n        failed=$(ls \"$build_dir\");\
             \n        partial_fails=\"\";\
             \n        for pkg in $failed; do\
             \n          if opam show -f x-ci-accept-failures: \"$pkg\" | grep -qF \"\\\"archlinux\\\"\"; then\
             \n            echo \"A package failed and has been disabled for CI using the 'x-ci-accept-failures' field.\";\
             \n          fi;\
             \n          test \"$pkg\" != 'sihl-core.0.2.1' && partial_fails=\"$partial_fails $pkg\";\
             \n        done;\
             \n        test \"${partial_fails}\" != \"\" && echo \"opam-repo-ci detected dependencies failing: ${partial_fails}\";\
             \n        exit 1"))
)

2024-05-16 14:04.52: Waiting for resource in pool OCluster
2024-05-16 14:56.26: Connecting to build clusterâ€¦
2024-05-16 19:08.03: Waiting for workerâ€¦
2024-05-16 19:09.02: Got resource from pool OCluster
Building on x86-bm-c12.sw.ocaml.org
All commits already cached
Updating files:  56% (19277/33910)Updating files:  57% (19329/33910)Updating files:  58% (19668/33910)Updating files:  59% (20007/33910)Updating files:  60% (20346/33910)Updating files:  61% (20686/33910)Updating files:  62% (21025/33910)Updating files:  63% (21364/33910)Updating files:  64% (21703/33910)Updating files:  65% (22042/33910)Updating files:  66% (22381/33910)Updating files:  67% (22720/33910)Updating files:  68% (23059/33910)Updating files:  69% (23398/33910)Updating files:  70% (23737/33910)Updating files:  71% (24077/33910)Updating files:  72% (24416/33910)Updating files:  73% (24755/33910)Updating files:  74% (25094/33910)Updating files:  75% (25433/33910)Updating files:  76% (25772/33910)Updating files:  77% (26111/33910)Updating files:  78% (26450/33910)Updating files:  79% (26789/33910)Updating files:  80% (27128/33910)Updating files:  81% (27468/33910)Updating files:  82% (27807/33910)Updating files:  83% (28146/33910)Updating files:  84% (28485/33910)Updating files:  85% (28824/33910)Updating files:  86% (29163/33910)Updating files:  87% (29502/33910)Updating files:  88% (29841/33910)Updating files:  89% (30180/33910)Updating files:  90% (30519/33910)Updating files:  91% (30859/33910)Updating files:  92% (31198/33910)Updating files:  93% (31537/33910)Updating files:  94% (31876/33910)Updating files:  95% (32215/33910)Updating files:  96% (32554/33910)Updating files:  97% (32893/33910)Updating files:  98% (33232/33910)Updating files:  99% (33571/33910)Updating files: 100% (33910/33910)Updating files: 100% (33910/33910), done.
HEAD is now at 23fec2c23a Merge pull request #25873 from btjorge/opam-publish-why3find.1.0
Merge made by the 'ort' strategy.
 .../abstract_algebra/abstract_algebra.v0.17.0/opam | 27 ++++++++
 packages/accessor/accessor.v0.17.0/opam            | 32 ++++++++++
 .../accessor_async/accessor_async.v0.17.0/opam     | 29 +++++++++
 packages/accessor_base/accessor_base.v0.17.0/opam  | 29 +++++++++
 packages/accessor_core/accessor_core.v0.17.0/opam  | 29 +++++++++
 packages/async/async.v0.17.0/opam                  | 36 +++++++++++
 packages/async_durable/async_durable.v0.17.0/opam  | 29 +++++++++
 packages/async_extra/async_extra.v0.17.0/opam      | 31 ++++++++++
 packages/async_find/async_find.v0.17.0/opam        | 26 ++++++++
 packages/async_inotify/async_inotify.v0.17.0/opam  | 29 +++++++++
 .../async_interactive.v0.17.0/opam                 | 28 +++++++++
 packages/async_js/async_js.v0.17.0/opam            | 31 ++++++++++
 packages/async_kernel/async_kernel.v0.17.0/opam    | 30 +++++++++
 packages/async_log/async_log.v0.17.0/opam          | 33 ++++++++++
 .../async_rpc_kernel/async_rpc_kernel.v0.17.0/opam | 33 ++++++++++
 .../async_rpc_websocket.v0.17.0/opam               | 36 +++++++++++
 .../async_sendfile/async_sendfile.v0.17.0/opam     | 27 ++++++++
 packages/async_shell/async_shell.v0.17.0/opam      | 27 ++++++++
 packages/async_smtp/async_smtp.v0.17.0/opam        | 39 ++++++++++++
 packages/async_ssl/async_ssl.v0.17.0/opam          | 35 +++++++++++
 packages/async_udp/async_udp.v0.17.0/opam          | 30 +++++++++
 packages/async_unix/async_unix.v0.17.0/opam        | 34 ++++++++++
 .../async_websocket/async_websocket.v0.17.0/opam   | 29 +++++++++
 packages/babel/babel.v0.17.0/opam                  | 30 +++++++++
 .../base_bigstring/base_bigstring.v0.17.0/opam     | 27 ++++++++
 .../base_quickcheck/base_quickcheck.v0.17.0/opam   | 34 ++++++++++
 packages/base_trie/base_trie.v0.17.0/opam          | 31 ++++++++++
 .../bidirectional_map.v0.17.0/opam                 | 26 ++++++++
 packages/bigdecimal/bigdecimal.v0.17.0/opam        | 29 +++++++++
 packages/bignum/bignum.v0.17.0/opam                | 30 +++++++++
 packages/bin_prot/bin_prot.v0.17.0/opam            | 38 ++++++++++++
 packages/bonsai/bonsai.v0.17.0/opam                | 72 ++++++++++++++++++++++
 packages/caisar-ir/caisar-ir.0.2/opam              |  2 +-
 packages/caisar-nnet/caisar-nnet.0.1/opam          |  2 +-
 packages/caisar-nnet/caisar-nnet.0.2/opam          |  2 +-
 packages/caisar-onnx/caisar-onnx.0.1/opam          |  2 +-
 packages/caisar-onnx/caisar-onnx.0.2/opam          |  2 +-
 packages/caisar-ovo/caisar-ovo.0.1/opam            |  2 +-
 packages/caisar-ovo/caisar-ovo.0.2/opam            |  2 +-
 packages/camlimages/camlimages.5.0.5/opam          |  2 +-
 .../capitalization/capitalization.v0.17.0/opam     | 25 ++++++++
 packages/codicons/codicons.v0.17.0/opam            | 27 ++++++++
 .../cohttp_async_websocket.v0.17.0/opam            | 41 ++++++++++++
 .../cohttp_static_handler.v0.17.0/opam             | 28 +++++++++
 packages/command_rpc/command_rpc.v0.17.0/opam      | 26 ++++++++
 .../content_security_policy.v0.17.0/opam           | 28 +++++++++
 packages/core/core.v0.17.0/opam                    | 50 +++++++++++++++
 packages/core_bench/core_bench.v0.17.0/opam        | 36 +++++++++++
 packages/core_extended/core_extended.v0.17.0/opam  | 32 ++++++++++
 packages/core_kernel/core_kernel.v0.17.0/opam      | 35 +++++++++++
 packages/core_profiler/core_profiler.v0.17.0/opam  | 33 ++++++++++
 packages/core_unix/core_unix.v0.17.0/opam          | 37 +++++++++++
 packages/csvfields/csvfields.v0.17.0/opam          | 27 ++++++++
 packages/dedent/dedent.v0.17.0/opam                | 27 ++++++++
 .../delimited_parsing.v0.17.0/opam                 | 29 +++++++++
 packages/dotenv/dotenv.0.0.1/opam                  |  2 +-
 packages/dotenv/dotenv.0.0.3/opam                  |  2 +-
 packages/ecaml/ecaml.v0.17.0/opam                  | 34 ++++++++++
 packages/email_message/email_message.v0.17.0/opam  | 33 ++++++++++
 packages/env_config/env_config.v0.17.0/opam        | 31 ++++++++++
 .../expect_test_helpers_async.v0.17.0/opam         | 33 ++++++++++
 .../expect_test_helpers_core.v0.17.0/opam          | 34 ++++++++++
 packages/feather/feather.0.2.0/opam                |  2 +-
 packages/feather/feather.0.3.0/opam                |  2 +-
 packages/fiber-lwt/fiber-lwt.3.7.0/opam            |  2 +-
 packages/fiber/fiber.3.7.0/opam                    |  2 +-
 packages/fieldslib/fieldslib.v0.17.0/opam          | 28 +++++++++
 packages/file_path/file_path.v0.17.0/opam          | 31 ++++++++++
 packages/fuzzy_match/fuzzy_match.v0.17.0/opam      | 26 ++++++++
 packages/fzf/fzf.v0.17.0/opam                      | 27 ++++++++
 packages/gel/gel.v0.17.0/opam                      | 26 ++++++++
 packages/genspio/genspio.0.0.3/opam                |  2 +-
 packages/hardcaml/hardcaml.v0.17.0/opam            | 36 +++++++++++
 packages/hardcaml_axi/hardcaml_axi.v0.17.0/opam    | 30 +++++++++
 packages/hardcaml_c/hardcaml_c.v0.17.0/opam        | 35 +++++++++++
 .../hardcaml_circuits.v0.17.0/opam                 | 28 +++++++++
 .../hardcaml_event_driven_sim.v0.17.0/opam         | 34 ++++++++++
 .../hardcaml_fixed_point.v0.17.0/opam              | 28 +++++++++
 .../hardcaml_handshake.v0.17.0/opam                | 28 +++++++++
 .../hardcaml_of_verilog.v0.17.0/opam               | 38 ++++++++++++
 .../hardcaml_step_testbench.v0.17.0/opam           | 32 ++++++++++
 .../hardcaml_verify/hardcaml_verify.v0.17.0/opam   | 38 ++++++++++++
 .../hardcaml_verilator.v0.17.0/opam                | 34 ++++++++++
 .../hardcaml_waveterm.v0.17.0/opam                 | 40 ++++++++++++
 .../hardcaml_xilinx/hardcaml_xilinx.v0.17.0/opam   | 33 ++++++++++
 .../hardcaml_xilinx_components.v0.17.0/opam        | 32 ++++++++++
 .../hardcaml_xilinx_reports.v0.17.0/opam           | 40 ++++++++++++
 packages/hex_encode/hex_encode.v0.17.0/opam        | 26 ++++++++
 packages/hg_lib/hg_lib.v0.17.0/opam                | 29 +++++++++
 packages/higher_kinded/higher_kinded.v0.17.0/opam  | 29 +++++++++
 packages/http/http.6.0.0~alpha2/opam               |  2 +-
 packages/http/http.6.0.0~beta2/opam                |  2 +-
 packages/idd/idd.0.1/opam                          |  2 +-
 packages/incr_dom/incr_dom.v0.17.0/opam            | 53 ++++++++++++++++
 .../incr_dom_interactive.v0.17.0/opam              | 35 +++++++++++
 .../incr_dom_partial_render.v0.17.0/opam           | 31 ++++++++++
 .../incr_dom_sexp_form.v0.17.0/opam                | 34 ++++++++++
 packages/incr_map/incr_map.v0.17.0/opam            | 36 +++++++++++
 packages/incr_select/incr_select.v0.17.0/opam      | 32 ++++++++++
 packages/incremental/incremental.v0.17.0/opam      | 33 ++++++++++
 .../indentation_buffer.v0.17.0/opam                | 26 ++++++++
 packages/int_repr/int_repr.v0.17.0/opam            | 26 ++++++++
 .../jane-street-headers.v0.17.0/opam               | 24 ++++++++
 packages/jane_rope/jane_rope.v0.17.0/opam          | 25 ++++++++
 .../janestreet_cpuid/janestreet_cpuid.v0.17.0/opam | 28 +++++++++
 .../janestreet_csv/janestreet_csv.v0.17.0/opam     | 39 ++++++++++++
 .../janestreet_lru_cache.v0.17.0/opam              | 26 ++++++++
 .../js_of_ocaml_patches.v0.17.0/opam               | 26 ++++++++
 packages/jsonaf/jsonaf.v0.17.0/opam                | 28 +++++++++
 packages/jst-config/jst-config.v0.17.0/opam        | 32 ++++++++++
 packages/lacaml/lacaml.10.0.1/opam                 |  2 +-
 packages/lacaml/lacaml.10.0.2/opam                 |  2 +-
 packages/lacaml/lacaml.11.0.0/opam                 |  2 +-
 packages/lacaml/lacaml.11.0.1/opam                 |  2 +-
 packages/lacaml/lacaml.11.0.2/opam                 |  2 +-
 packages/lacaml/lacaml.11.0.3/opam                 |  2 +-
 packages/lacaml/lacaml.11.0.4/opam                 |  2 +-
 packages/lacaml/lacaml.11.0.5/opam                 |  2 +-
 packages/lacaml/lacaml.11.0.6/opam                 |  2 +-
 .../legacy_diffable/legacy_diffable.v0.17.0/opam   | 28 +++++++++
 packages/line-up-words/line-up-words.v0.17.0/opam  | 33 ++++++++++
 packages/logical/logical.0.3.0/opam                |  2 +-
 .../man_in_the_middle_debugger.v0.17.0/opam        | 30 +++++++++
 packages/matplotlib/matplotlib.0.1/opam            |  2 +-
 packages/matplotlib/matplotlib.0.2/opam            |  2 +-
 .../memtrace_viewer/memtrace_viewer.v0.17.0/opam   | 37 +++++++++++
 packages/merge-fmt/merge-fmt.0.1/opam              |  2 +-
 packages/merge-fmt/merge-fmt.0.2/opam              |  2 +-
 packages/merge-fmt/merge-fmt.0.3/opam              |  2 +-
 packages/mlt_parser/mlt_parser.v0.17.0/opam        | 30 +++++++++
 packages/n_ary/n_ary.v0.17.0/opam                  | 36 +++++++++++
 packages/netsnmp/netsnmp.v0.17.0/opam              | 33 ++++++++++
 packages/notty_async/notty_async.v0.17.0/opam      | 29 +++++++++
 .../numeric_string/numeric_string.v0.17.0/opam     | 39 ++++++++++++
 packages/nuscr/nuscr.2.1.0/opam                    |  2 +-
 packages/nuscr/nuscr.2.1.1/opam                    |  2 +-
 .../ocaml-embed-file/ocaml-embed-file.v0.17.0/opam | 29 +++++++++
 packages/ocaml-probes/ocaml-probes.v0.17.0/opam    | 27 ++++++++
 .../ocaml-protoc-plugin.1.0.0/opam                 |  2 +-
 .../ocaml-protoc-plugin.2.0.0/opam                 |  2 +-
 .../ocaml-protoc-plugin.3.0.0/opam                 |  2 +-
 .../ocaml-protoc-plugin.4.0.0/opam                 |  2 +-
 .../ocaml-protoc-plugin.4.1.0/opam                 |  2 +-
 .../ocaml-protoc-plugin.4.2.0/opam                 |  2 +-
 .../ocaml-protoc-plugin.4.3.1/opam                 |  2 +-
 .../ocaml-protoc-plugin.4.4.0/opam                 |  2 +-
 .../ocaml-protoc-plugin.4.5.0/opam                 |  2 +-
 packages/ocaml-r/ocaml-r.0.1.0/opam                |  2 +-
 packages/ocaml-r/ocaml-r.0.1.1/opam                |  2 +-
 packages/ocaml-r/ocaml-r.0.2.0/opam                |  2 +-
 packages/ocaml-r/ocaml-r.0.3.0/opam                |  2 +-
 packages/ocaml-r/ocaml-r.0.3.1/opam                |  2 +-
 packages/ocaml-r/ocaml-r.0.4.0/opam                |  2 +-
 packages/ocaml-r/ocaml-r.0.5.0/opam                |  2 +-
 packages/ocaml-r/ocaml-r.0.6.0/opam                |  2 +-
 .../ocaml_intrinsics/ocaml_intrinsics.v0.17.0/opam | 27 ++++++++
 .../ocaml_openapi_generator.v0.17.0/opam           | 35 +++++++++++
 packages/ocamlformat/ocamlformat.0.23.0/opam       |  2 +-
 packages/ocamlformat/ocamlformat.0.24.1/opam       |  2 +-
 packages/of_json/of_json.v0.17.0/opam              | 28 +++++++++
 .../ordinal_abbreviation.v0.17.0/opam              | 26 ++++++++
 packages/pam/pam.v0.17.0/opam                      | 32 ++++++++++
 packages/parsexp/parsexp.v0.17.0/opam              | 43 +++++++++++++
 packages/parsexp_io/parsexp_io.v0.17.0/opam        | 28 +++++++++
 packages/patdiff/patdiff.v0.17.0/opam              | 30 +++++++++
 packages/patience_diff/patience_diff.v0.17.0/opam  | 26 ++++++++
 .../polling_state_rpc.v0.17.0/opam                 | 30 +++++++++
 packages/posixat/posixat.v0.17.0/opam              | 32 ++++++++++
 .../postgres_async/postgres_async.v0.17.0/opam     | 33 ++++++++++
 packages/postgresql/postgresql.4.1.0/opam          |  2 +-
 packages/postgresql/postgresql.4.2.0/opam          |  2 +-
 packages/postgresql/postgresql.4.2.1/opam          |  2 +-
 packages/postgresql/postgresql.4.3.0/opam          |  2 +-
 packages/postgresql/postgresql.4.4.0/opam          |  2 +-
 packages/postgresql/postgresql.4.4.1/opam          |  2 +-
 packages/postgresql/postgresql.4.4.2/opam          |  2 +-
 packages/postgresql/postgresql.4.5.0/opam          |  2 +-
 packages/postgresql/postgresql.4.5.1/opam          |  2 +-
 packages/postgresql/postgresql.4.5.2/opam          |  2 +-
 packages/postgresql/postgresql.4.6.0/opam          |  2 +-
 packages/postgresql/postgresql.4.6.1/opam          |  2 +-
 packages/ppx_accessor/ppx_accessor.v0.17.0/opam    | 27 ++++++++
 packages/ppx_assert/ppx_assert.v0.17.0/opam        | 30 +++++++++
 packages/ppx_base/ppx_base.v0.17.0/opam            | 34 ++++++++++
 packages/ppx_bench/ppx_bench.v0.17.0/opam          | 26 ++++++++
 packages/ppx_bin_prot/ppx_bin_prot.v0.17.0/opam    | 29 +++++++++
 packages/ppx_cold/ppx_cold.v0.17.0/opam            | 26 ++++++++
 packages/ppx_compare/ppx_compare.v0.17.0/opam      | 27 ++++++++
 packages/ppx_conv_func/ppx_conv_func.v0.17.0/opam  | 26 ++++++++
 packages/ppx_css/ppx_css.v0.17.0/opam              | 41 ++++++++++++
 packages/ppx_csv_conv/ppx_csv_conv.v0.17.0/opam    | 29 +++++++++
 .../ppx_custom_printf.v0.17.0/opam                 | 27 ++++++++
 packages/ppx_demo/ppx_demo.v0.17.0/opam            | 28 +++++++++
 .../ppx_derive_at_runtime.v0.17.0/opam             | 31 ++++++++++
 .../ppx_deriving_cad/ppx_deriving_cad.0.1.0/opam   |  2 +-
 .../ppx_deriving_cad/ppx_deriving_cad.0.2.0/opam   |  2 +-
 .../ppx_deriving_scad/ppx_deriving_scad.1.0.0/opam |  2 +-
 packages/ppx_diff/ppx_diff.v0.17.0/opam            | 31 ++++++++++
 .../ppx_disable_unused_warnings.v0.17.0/opam       | 26 ++++++++
 .../ppx_embed_file/ppx_embed_file.v0.17.0/opam     | 28 +++++++++
 packages/ppx_enumerate/ppx_enumerate.v0.17.0/opam  | 27 ++++++++
 packages/ppx_expect/ppx_expect.v0.17.0/opam        | 29 +++++++++
 .../ppx_fields_conv/ppx_fields_conv.v0.17.0/opam   | 27 ++++++++
 .../ppx_fixed_literal.v0.17.0/opam                 | 27 ++++++++
 packages/ppx_globalize/ppx_globalize.v0.17.0/opam  | 27 ++++++++
 packages/ppx_hardcaml/ppx_hardcaml.v0.17.0/opam    | 32 ++++++++++
 packages/ppx_hash/ppx_hash.v0.17.0/opam            | 29 +++++++++
 packages/ppx_here/ppx_here.v0.17.0/opam            | 26 ++++++++
 .../ppx_ignore_instrumentation.v0.17.0/opam        | 26 ++++++++
 .../ppx_inline_test/ppx_inline_test.v0.17.0/opam   | 27 ++++++++
 packages/ppx_jane/ppx_jane.v0.17.0/opam            | 53 ++++++++++++++++
 packages/ppx_js_style/ppx_js_style.v0.17.0/opam    | 30 +++++++++
 .../ppx_jsonaf_conv/ppx_jsonaf_conv.v0.17.0/opam   | 28 +++++++++
 packages/ppx_let/ppx_let.v0.17.0/opam              | 27 ++++++++
 packages/ppx_log/ppx_log.v0.17.0/opam              | 39 ++++++++++++
 .../ppx_module_timer/ppx_module_timer.v0.17.0/opam | 29 +++++++++
 packages/ppx_optcomp/ppx_optcomp.v0.17.0/opam      | 27 ++++++++
 packages/ppx_optional/ppx_optional.v0.17.0/opam    | 28 +++++++++
 .../ppx_pattern_bind/ppx_pattern_bind.v0.17.0/opam | 29 +++++++++
 packages/ppx_pipebang/ppx_pipebang.v0.17.0/opam    | 25 ++++++++
 .../ppx_protocol_conv/ppx_protocol_conv.5.1.3/opam |  2 +-
 packages/ppx_python/ppx_python.v0.17.0/opam        | 28 +++++++++
 .../ppx_quick_test/ppx_quick_test.v0.17.0/opam     | 37 +++++++++++
 packages/ppx_rapper/ppx_rapper.1.0.1/opam          |  2 +-
 packages/ppx_rapper/ppx_rapper.1.0.2/opam          |  2 +-
 packages/ppx_rapper/ppx_rapper.1.1.0/opam          |  2 +-
 packages/ppx_rapper/ppx_rapper.1.1.1/opam          |  2 +-
 packages/ppx_rapper/ppx_rapper.1.2.0/opam          |  2 +-
 packages/ppx_rapper/ppx_rapper.2.0.0/opam          |  2 +-
 packages/ppx_rapper/ppx_rapper.3.0.0/opam          |  2 +-
 packages/ppx_rapper/ppx_rapper.3.1.0/opam          |  2 +-
 packages/ppx_sexp_conv/ppx_sexp_conv.v0.17.0/opam  | 28 +++++++++
 .../ppx_sexp_message/ppx_sexp_message.v0.17.0/opam | 28 +++++++++
 .../ppx_sexp_value/ppx_sexp_value.v0.17.0/opam     | 28 +++++++++
 packages/ppx_stable/ppx_stable.v0.17.0/opam        | 27 ++++++++
 .../ppx_stable_witness.v0.17.0/opam                | 26 ++++++++
 packages/ppx_string/ppx_string.v0.17.0/opam        | 27 ++++++++
 .../ppx_string_conv/ppx_string_conv.v0.17.0/opam   | 29 +++++++++
 packages/ppx_tydi/ppx_tydi.v0.17.0/opam            | 26 ++++++++
 .../ppx_typed_fields/ppx_typed_fields.v0.17.0/opam | 34 ++++++++++
 .../ppx_typerep_conv/ppx_typerep_conv.v0.17.0/opam | 27 ++++++++
 .../ppx_variants_conv.v0.17.0/opam                 | 27 ++++++++
 packages/ppx_xml_conv/ppx_xml_conv.v0.17.0/opam    | 29 +++++++++
 .../ppx_yojson_conv/ppx_yojson_conv.v0.17.0/opam   | 28 +++++++++
 .../ppx_yojson_conv_lib.v0.17.0/opam               | 25 ++++++++
 packages/ppxlib_jane/ppxlib_jane.v0.17.0/opam      | 25 ++++++++
 packages/profunctor/profunctor.v0.17.0/opam        | 29 +++++++++
 packages/protocell/protocell.1.0.0/opam            |  2 +-
 .../protocol_version_header.v0.17.0/opam           | 29 +++++++++
 packages/pyml_bindgen/pyml_bindgen.0.3.1/opam      |  2 +-
 packages/re2/re2.v0.17.0/opam                      | 28 +++++++++
 packages/re_parser/re_parser.v0.17.0/opam          | 29 +++++++++
 .../record_builder/record_builder.v0.17.0/opam     | 30 +++++++++
 packages/redis-async/redis-async.v0.17.0/opam      | 34 ++++++++++
 .../regex_parser_intf.v0.17.0/opam                 | 24 ++++++++
 .../resource_cache/resource_cache.v0.17.0/opam     | 30 +++++++++
 packages/rpc_parallel/rpc_parallel.v0.17.0/opam    | 33 ++++++++++
 packages/sanddb/sanddb.0.1/opam                    |  2 +-
 packages/sanddb/sanddb.0.2/opam                    |  2 +-
 packages/sanddb/sanddb.0.3.0/opam                  |  2 +-
 packages/sarif/sarif.0.2.1/opam                    |  2 +-
 packages/sarif/sarif.0.3.0/opam                    |  2 +-
 packages/sarif/sarif.0.3.1/opam                    |  2 +-
 .../semantic_version/semantic_version.v0.17.0/opam | 27 ++++++++
 .../sequencer_table/sequencer_table.v0.17.0/opam   | 27 ++++++++
 packages/sexp/sexp.v0.17.0/opam                    | 40 ++++++++++++
 packages/sexp_diff/sexp_diff.v0.17.0/opam          | 27 ++++++++
 packages/sexp_grammar/sexp_grammar.v0.17.0/opam    | 32 ++++++++++
 packages/sexp_macro/sexp_macro.v0.17.0/opam        | 29 +++++++++
 packages/sexp_pretty/sexp_pretty.v0.17.0/opam      | 29 +++++++++
 packages/sexp_select/sexp_select.v0.17.0/opam      | 28 +++++++++
 .../sexp_string_quickcheck.v0.17.0/opam            | 29 +++++++++
 packages/sexplib/sexplib.v0.17.0/opam              | 30 +++++++++
 packages/shell/shell.v0.17.0/opam                  | 31 ++++++++++
 packages/shexp/shexp.v0.17.0/opam                  | 30 +++++++++
 packages/sihl-core/sihl-core.0.2.0/opam            |  2 +-
 packages/sihl-core/sihl-core.0.2.1/opam            |  2 +-
 packages/sihl-core/sihl-core.0.2.2/opam            |  2 +-
 packages/sihl-core/sihl-core.0.3.0~rc1/opam        |  2 +-
 packages/spin/spin.0.5.0/opam                      |  2 +-
 packages/spin/spin.0.5.1/opam                      |  2 +-
 packages/splay_tree/splay_tree.v0.17.0/opam        | 36 +++++++++++
 .../splittable_random.v0.17.0/opam                 | 36 +++++++++++
 packages/sqlite3/sqlite3.4.4.1/opam                |  2 +-
 packages/stdio/stdio.v0.17.0/opam                  | 28 +++++++++
 .../stored_reversed/stored_reversed.v0.17.0/opam   | 26 ++++++++
 packages/streamable/streamable.v0.17.0/opam        | 31 ++++++++++
 packages/string_dict/string_dict.v0.17.0/opam      | 32 ++++++++++
 packages/tensorboard/tensorboard.0.0.1/opam        |  2 +-
 packages/textutils/textutils.v0.17.0/opam          | 28 +++++++++
 .../textutils_kernel/textutils_kernel.v0.17.0/opam | 26 ++++++++
 packages/tilde_f/tilde_f.v0.17.0/opam              | 26 ++++++++
 packages/time_now/time_now.v0.17.0/opam            | 30 +++++++++
 packages/timezone/timezone.v0.17.0/opam            | 27 ++++++++
 packages/tldr/tldr.0.3.0/opam                      |  2 +-
 .../toplevel_backend/toplevel_backend.v0.17.0/opam | 29 +++++++++
 .../toplevel_expect_test.v0.17.0/opam              | 39 ++++++++++++
 .../topological_sort/topological_sort.v0.17.0/opam | 28 +++++++++
 packages/torch/torch.0.10/opam                     |  2 +-
 packages/torch/torch.0.11/opam                     |  2 +-
 packages/torch/torch.0.12/opam                     |  2 +-
 packages/torch/torch.0.13/opam                     |  2 +-
 packages/torch/torch.0.14/opam                     |  2 +-
 packages/torch/torch.0.15/opam                     |  2 +-
 packages/torch/torch.0.16/opam                     |  2 +-
 packages/torch/torch.0.17/opam                     |  2 +-
 packages/torch/torch.0.5/opam                      |  2 +-
 packages/torch/torch.0.6/opam                      |  2 +-
 packages/torch/torch.0.7/opam                      |  2 +-
 packages/torch/torch.0.8/opam                      |  2 +-
 packages/torch/torch.0.9/opam                      |  2 +-
 packages/torch/torch.v0.17.0/opam                  | 44 +++++++++++++
 packages/tracing/tracing.v0.17.0/opam              | 29 +++++++++
 packages/travesty/travesty.0.8.0/opam              |  2 +-
 packages/typerep/typerep.v0.17.0/opam              | 24 ++++++++
 packages/uopt/uopt.v0.17.0/opam                    | 26 ++++++++
 .../user-agent-parser/user-agent-parser.0.1.3/opam |  2 +-
 .../user-agent-parser/user-agent-parser.0.2.0/opam |  2 +-
 .../username_kernel/username_kernel.v0.17.0/opam   | 26 ++++++++
 packages/variantslib/variantslib.v0.17.0/opam      | 27 ++++++++
 packages/vcaml/vcaml.v0.17.0/opam                  | 57 +++++++++++++++++
 .../versioned_polling_state_rpc.v0.17.0/opam       | 29 +++++++++
 packages/virtual_dom/virtual_dom.v0.17.0/opam      | 38 ++++++++++++
 .../virtual_dom_toplayer.v0.17.0/opam              | 32 ++++++++++
 packages/wasmtime/wasmtime.0.0.1/opam              |  2 +-
 packages/wasmtime/wasmtime.0.0.2/opam              |  2 +-
 packages/wasmtime/wasmtime.0.0.3/opam              |  2 +-
 .../zarith_stubs_js/zarith_stubs_js.v0.17.0/opam   | 25 ++++++++
 packages/zstandard/zstandard.v0.17.0/opam          | 29 +++++++++
 329 files changed, 6739 insertions(+), 114 deletions(-)
 create mode 100644 packages/abstract_algebra/abstract_algebra.v0.17.0/opam
 create mode 100644 packages/accessor/accessor.v0.17.0/opam
 create mode 100644 packages/accessor_async/accessor_async.v0.17.0/opam
 create mode 100644 packages/accessor_base/accessor_base.v0.17.0/opam
 create mode 100644 packages/accessor_core/accessor_core.v0.17.0/opam
 create mode 100644 packages/async/async.v0.17.0/opam
 create mode 100644 packages/async_durable/async_durable.v0.17.0/opam
 create mode 100644 packages/async_extra/async_extra.v0.17.0/opam
 create mode 100644 packages/async_find/async_find.v0.17.0/opam
 create mode 100644 packages/async_inotify/async_inotify.v0.17.0/opam
 create mode 100644 packages/async_interactive/async_interactive.v0.17.0/opam
 create mode 100644 packages/async_js/async_js.v0.17.0/opam
 create mode 100644 packages/async_kernel/async_kernel.v0.17.0/opam
 create mode 100644 packages/async_log/async_log.v0.17.0/opam
 create mode 100644 packages/async_rpc_kernel/async_rpc_kernel.v0.17.0/opam
 create mode 100644 packages/async_rpc_websocket/async_rpc_websocket.v0.17.0/opam
 create mode 100644 packages/async_sendfile/async_sendfile.v0.17.0/opam
 create mode 100644 packages/async_shell/async_shell.v0.17.0/opam
 create mode 100644 packages/async_smtp/async_smtp.v0.17.0/opam
 create mode 100644 packages/async_ssl/async_ssl.v0.17.0/opam
 create mode 100644 packages/async_udp/async_udp.v0.17.0/opam
 create mode 100644 packages/async_unix/async_unix.v0.17.0/opam
 create mode 100644 packages/async_websocket/async_websocket.v0.17.0/opam
 create mode 100644 packages/babel/babel.v0.17.0/opam
 create mode 100644 packages/base_bigstring/base_bigstring.v0.17.0/opam
 create mode 100644 packages/base_quickcheck/base_quickcheck.v0.17.0/opam
 create mode 100644 packages/base_trie/base_trie.v0.17.0/opam
 create mode 100644 packages/bidirectional_map/bidirectional_map.v0.17.0/opam
 create mode 100644 packages/bigdecimal/bigdecimal.v0.17.0/opam
 create mode 100644 packages/bignum/bignum.v0.17.0/opam
 create mode 100644 packages/bin_prot/bin_prot.v0.17.0/opam
 create mode 100644 packages/bonsai/bonsai.v0.17.0/opam
 create mode 100644 packages/capitalization/capitalization.v0.17.0/opam
 create mode 100644 packages/codicons/codicons.v0.17.0/opam
 create mode 100644 packages/cohttp_async_websocket/cohttp_async_websocket.v0.17.0/opam
 create mode 100644 packages/cohttp_static_handler/cohttp_static_handler.v0.17.0/opam
 create mode 100644 packages/command_rpc/command_rpc.v0.17.0/opam
 create mode 100644 packages/content_security_policy/content_security_policy.v0.17.0/opam
 create mode 100644 packages/core/core.v0.17.0/opam
 create mode 100644 packages/core_bench/core_bench.v0.17.0/opam
 create mode 100644 packages/core_extended/core_extended.v0.17.0/opam
 create mode 100644 packages/core_kernel/core_kernel.v0.17.0/opam
 create mode 100644 packages/core_profiler/core_profiler.v0.17.0/opam
 create mode 100644 packages/core_unix/core_unix.v0.17.0/opam
 create mode 100644 packages/csvfields/csvfields.v0.17.0/opam
 create mode 100644 packages/dedent/dedent.v0.17.0/opam
 create mode 100644 packages/delimited_parsing/delimited_parsing.v0.17.0/opam
 create mode 100644 packages/ecaml/ecaml.v0.17.0/opam
 create mode 100644 packages/email_message/email_message.v0.17.0/opam
 create mode 100644 packages/env_config/env_config.v0.17.0/opam
 create mode 100644 packages/expect_test_helpers_async/expect_test_helpers_async.v0.17.0/opam
 create mode 100644 packages/expect_test_helpers_core/expect_test_helpers_core.v0.17.0/opam
 create mode 100644 packages/fieldslib/fieldslib.v0.17.0/opam
 create mode 100644 packages/file_path/file_path.v0.17.0/opam
 create mode 100644 packages/fuzzy_match/fuzzy_match.v0.17.0/opam
 create mode 100644 packages/fzf/fzf.v0.17.0/opam
 create mode 100644 packages/gel/gel.v0.17.0/opam
 create mode 100644 packages/hardcaml/hardcaml.v0.17.0/opam
 create mode 100644 packages/hardcaml_axi/hardcaml_axi.v0.17.0/opam
 create mode 100644 packages/hardcaml_c/hardcaml_c.v0.17.0/opam
 create mode 100644 packages/hardcaml_circuits/hardcaml_circuits.v0.17.0/opam
 create mode 100644 packages/hardcaml_event_driven_sim/hardcaml_event_driven_sim.v0.17.0/opam
 create mode 100644 packages/hardcaml_fixed_point/hardcaml_fixed_point.v0.17.0/opam
 create mode 100644 packages/hardcaml_handshake/hardcaml_handshake.v0.17.0/opam
 create mode 100644 packages/hardcaml_of_verilog/hardcaml_of_verilog.v0.17.0/opam
 create mode 100644 packages/hardcaml_step_testbench/hardcaml_step_testbench.v0.17.0/opam
 create mode 100644 packages/hardcaml_verify/hardcaml_verify.v0.17.0/opam
 create mode 100644 packages/hardcaml_verilator/hardcaml_verilator.v0.17.0/opam
 create mode 100644 packages/hardcaml_waveterm/hardcaml_waveterm.v0.17.0/opam
 create mode 100644 packages/hardcaml_xilinx/hardcaml_xilinx.v0.17.0/opam
 create mode 100644 packages/hardcaml_xilinx_components/hardcaml_xilinx_components.v0.17.0/opam
 create mode 100644 packages/hardcaml_xilinx_reports/hardcaml_xilinx_reports.v0.17.0/opam
 create mode 100644 packages/hex_encode/hex_encode.v0.17.0/opam
 create mode 100644 packages/hg_lib/hg_lib.v0.17.0/opam
 create mode 100644 packages/higher_kinded/higher_kinded.v0.17.0/opam
 create mode 100644 packages/incr_dom/incr_dom.v0.17.0/opam
 create mode 100644 packages/incr_dom_interactive/incr_dom_interactive.v0.17.0/opam
 create mode 100644 packages/incr_dom_partial_render/incr_dom_partial_render.v0.17.0/opam
 create mode 100644 packages/incr_dom_sexp_form/incr_dom_sexp_form.v0.17.0/opam
 create mode 100644 packages/incr_map/incr_map.v0.17.0/opam
 create mode 100644 packages/incr_select/incr_select.v0.17.0/opam
 create mode 100644 packages/incremental/incremental.v0.17.0/opam
 create mode 100644 packages/indentation_buffer/indentation_buffer.v0.17.0/opam
 create mode 100644 packages/int_repr/int_repr.v0.17.0/opam
 create mode 100644 packages/jane-street-headers/jane-street-headers.v0.17.0/opam
 create mode 100644 packages/jane_rope/jane_rope.v0.17.0/opam
 create mode 100644 packages/janestreet_cpuid/janestreet_cpuid.v0.17.0/opam
 create mode 100644 packages/janestreet_csv/janestreet_csv.v0.17.0/opam
 create mode 100644 packages/janestreet_lru_cache/janestreet_lru_cache.v0.17.0/opam
 create mode 100644 packages/js_of_ocaml_patches/js_of_ocaml_patches.v0.17.0/opam
 create mode 100644 packages/jsonaf/jsonaf.v0.17.0/opam
 create mode 100644 packages/jst-config/jst-config.v0.17.0/opam
 create mode 100644 packages/legacy_diffable/legacy_diffable.v0.17.0/opam
 create mode 100644 packages/line-up-words/line-up-words.v0.17.0/opam
 create mode 100644 packages/man_in_the_middle_debugger/man_in_the_middle_debugger.v0.17.0/opam
 create mode 100644 packages/memtrace_viewer/memtrace_viewer.v0.17.0/opam
 create mode 100644 packages/mlt_parser/mlt_parser.v0.17.0/opam
 create mode 100644 packages/n_ary/n_ary.v0.17.0/opam
 create mode 100644 packages/netsnmp/netsnmp.v0.17.0/opam
 create mode 100644 packages/notty_async/notty_async.v0.17.0/opam
 create mode 100644 packages/numeric_string/numeric_string.v0.17.0/opam
 create mode 100644 packages/ocaml-embed-file/ocaml-embed-file.v0.17.0/opam
 create mode 100644 packages/ocaml-probes/ocaml-probes.v0.17.0/opam
 create mode 100644 packages/ocaml_intrinsics/ocaml_intrinsics.v0.17.0/opam
 create mode 100644 packages/ocaml_openapi_generator/ocaml_openapi_generator.v0.17.0/opam
 create mode 100644 packages/of_json/of_json.v0.17.0/opam
 create mode 100644 packages/ordinal_abbreviation/ordinal_abbreviation.v0.17.0/opam
 create mode 100644 packages/pam/pam.v0.17.0/opam
 create mode 100644 packages/parsexp/parsexp.v0.17.0/opam
 create mode 100644 packages/parsexp_io/parsexp_io.v0.17.0/opam
 create mode 100644 packages/patdiff/patdiff.v0.17.0/opam
 create mode 100644 packages/patience_diff/patience_diff.v0.17.0/opam
 create mode 100644 packages/polling_state_rpc/polling_state_rpc.v0.17.0/opam
 create mode 100644 packages/posixat/posixat.v0.17.0/opam
 create mode 100644 packages/postgres_async/postgres_async.v0.17.0/opam
 create mode 100644 packages/ppx_accessor/ppx_accessor.v0.17.0/opam
 create mode 100644 packages/ppx_assert/ppx_assert.v0.17.0/opam
 create mode 100644 packages/ppx_base/ppx_base.v0.17.0/opam
 create mode 100644 packages/ppx_bench/ppx_bench.v0.17.0/opam
 create mode 100644 packages/ppx_bin_prot/ppx_bin_prot.v0.17.0/opam
 create mode 100644 packages/ppx_cold/ppx_cold.v0.17.0/opam
 create mode 100644 packages/ppx_compare/ppx_compare.v0.17.0/opam
 create mode 100644 packages/ppx_conv_func/ppx_conv_func.v0.17.0/opam
 create mode 100644 packages/ppx_css/ppx_css.v0.17.0/opam
 create mode 100644 packages/ppx_csv_conv/ppx_csv_conv.v0.17.0/opam
 create mode 100644 packages/ppx_custom_printf/ppx_custom_printf.v0.17.0/opam
 create mode 100644 packages/ppx_demo/ppx_demo.v0.17.0/opam
 create mode 100644 packages/ppx_derive_at_runtime/ppx_derive_at_runtime.v0.17.0/opam
 create mode 100644 packages/ppx_diff/ppx_diff.v0.17.0/opam
 create mode 100644 packages/ppx_disable_unused_warnings/ppx_disable_unused_warnings.v0.17.0/opam
 create mode 100644 packages/ppx_embed_file/ppx_embed_file.v0.17.0/opam
 create mode 100644 packages/ppx_enumerate/ppx_enumerate.v0.17.0/opam
 create mode 100644 packages/ppx_expect/ppx_expect.v0.17.0/opam
 create mode 100644 packages/ppx_fields_conv/ppx_fields_conv.v0.17.0/opam
 create mode 100644 packages/ppx_fixed_literal/ppx_fixed_literal.v0.17.0/opam
 create mode 100644 packages/ppx_globalize/ppx_globalize.v0.17.0/opam
 create mode 100644 packages/ppx_hardcaml/ppx_hardcaml.v0.17.0/opam
 create mode 100644 packages/ppx_hash/ppx_hash.v0.17.0/opam
 create mode 100644 packages/ppx_here/ppx_here.v0.17.0/opam
 create mode 100644 packages/ppx_ignore_instrumentation/ppx_ignore_instrumentation.v0.17.0/opam
 create mode 100644 packages/ppx_inline_test/ppx_inline_test.v0.17.0/opam
 create mode 100644 packages/ppx_jane/ppx_jane.v0.17.0/opam
 create mode 100644 packages/ppx_js_style/ppx_js_style.v0.17.0/opam
 create mode 100644 packages/ppx_jsonaf_conv/ppx_jsonaf_conv.v0.17.0/opam
 create mode 100644 packages/ppx_let/ppx_let.v0.17.0/opam
 create mode 100644 packages/ppx_log/ppx_log.v0.17.0/opam
 create mode 100644 packages/ppx_module_timer/ppx_module_timer.v0.17.0/opam
 create mode 100644 packages/ppx_optcomp/ppx_optcomp.v0.17.0/opam
 create mode 100644 packages/ppx_optional/ppx_optional.v0.17.0/opam
 create mode 100644 packages/ppx_pattern_bind/ppx_pattern_bind.v0.17.0/opam
 create mode 100644 packages/ppx_pipebang/ppx_pipebang.v0.17.0/opam
 create mode 100644 packages/ppx_python/ppx_python.v0.17.0/opam
 create mode 100644 packages/ppx_quick_test/ppx_quick_test.v0.17.0/opam
 create mode 100644 packages/ppx_sexp_conv/ppx_sexp_conv.v0.17.0/opam
 create mode 100644 packages/ppx_sexp_message/ppx_sexp_message.v0.17.0/opam
 create mode 100644 packages/ppx_sexp_value/ppx_sexp_value.v0.17.0/opam
 create mode 100644 packages/ppx_stable/ppx_stable.v0.17.0/opam
 create mode 100644 packages/ppx_stable_witness/ppx_stable_witness.v0.17.0/opam
 create mode 100644 packages/ppx_string/ppx_string.v0.17.0/opam
 create mode 100644 packages/ppx_string_conv/ppx_string_conv.v0.17.0/opam
 create mode 100644 packages/ppx_tydi/ppx_tydi.v0.17.0/opam
 create mode 100644 packages/ppx_typed_fields/ppx_typed_fields.v0.17.0/opam
 create mode 100644 packages/ppx_typerep_conv/ppx_typerep_conv.v0.17.0/opam
 create mode 100644 packages/ppx_variants_conv/ppx_variants_conv.v0.17.0/opam
 create mode 100644 packages/ppx_xml_conv/ppx_xml_conv.v0.17.0/opam
 create mode 100644 packages/ppx_yojson_conv/ppx_yojson_conv.v0.17.0/opam
 create mode 100644 packages/ppx_yojson_conv_lib/ppx_yojson_conv_lib.v0.17.0/opam
 create mode 100644 packages/ppxlib_jane/ppxlib_jane.v0.17.0/opam
 create mode 100644 packages/profunctor/profunctor.v0.17.0/opam
 create mode 100644 packages/protocol_version_header/protocol_version_header.v0.17.0/opam
 create mode 100644 packages/re2/re2.v0.17.0/opam
 create mode 100644 packages/re_parser/re_parser.v0.17.0/opam
 create mode 100644 packages/record_builder/record_builder.v0.17.0/opam
 create mode 100644 packages/redis-async/redis-async.v0.17.0/opam
 create mode 100644 packages/regex_parser_intf/regex_parser_intf.v0.17.0/opam
 create mode 100644 packages/resource_cache/resource_cache.v0.17.0/opam
 create mode 100644 packages/rpc_parallel/rpc_parallel.v0.17.0/opam
 create mode 100644 packages/semantic_version/semantic_version.v0.17.0/opam
 create mode 100644 packages/sequencer_table/sequencer_table.v0.17.0/opam
 create mode 100644 packages/sexp/sexp.v0.17.0/opam
 create mode 100644 packages/sexp_diff/sexp_diff.v0.17.0/opam
 create mode 100644 packages/sexp_grammar/sexp_grammar.v0.17.0/opam
 create mode 100644 packages/sexp_macro/sexp_macro.v0.17.0/opam
 create mode 100644 packages/sexp_pretty/sexp_pretty.v0.17.0/opam
 create mode 100644 packages/sexp_select/sexp_select.v0.17.0/opam
 create mode 100644 packages/sexp_string_quickcheck/sexp_string_quickcheck.v0.17.0/opam
 create mode 100644 packages/sexplib/sexplib.v0.17.0/opam
 create mode 100644 packages/shell/shell.v0.17.0/opam
 create mode 100644 packages/shexp/shexp.v0.17.0/opam
 create mode 100644 packages/splay_tree/splay_tree.v0.17.0/opam
 create mode 100644 packages/splittable_random/splittable_random.v0.17.0/opam
 create mode 100644 packages/stdio/stdio.v0.17.0/opam
 create mode 100644 packages/stored_reversed/stored_reversed.v0.17.0/opam
 create mode 100644 packages/streamable/streamable.v0.17.0/opam
 create mode 100644 packages/string_dict/string_dict.v0.17.0/opam
 create mode 100644 packages/textutils/textutils.v0.17.0/opam
 create mode 100644 packages/textutils_kernel/textutils_kernel.v0.17.0/opam
 create mode 100644 packages/tilde_f/tilde_f.v0.17.0/opam
 create mode 100644 packages/time_now/time_now.v0.17.0/opam
 create mode 100644 packages/timezone/timezone.v0.17.0/opam
 create mode 100644 packages/toplevel_backend/toplevel_backend.v0.17.0/opam
 create mode 100644 packages/toplevel_expect_test/toplevel_expect_test.v0.17.0/opam
 create mode 100644 packages/topological_sort/topological_sort.v0.17.0/opam
 create mode 100644 packages/torch/torch.v0.17.0/opam
 create mode 100644 packages/tracing/tracing.v0.17.0/opam
 create mode 100644 packages/typerep/typerep.v0.17.0/opam
 create mode 100644 packages/uopt/uopt.v0.17.0/opam
 create mode 100644 packages/username_kernel/username_kernel.v0.17.0/opam
 create mode 100644 packages/variantslib/variantslib.v0.17.0/opam
 create mode 100644 packages/vcaml/vcaml.v0.17.0/opam
 create mode 100644 packages/versioned_polling_state_rpc/versioned_polling_state_rpc.v0.17.0/opam
 create mode 100644 packages/virtual_dom/virtual_dom.v0.17.0/opam
 create mode 100644 packages/virtual_dom_toplayer/virtual_dom_toplayer.v0.17.0/opam
 create mode 100644 packages/zarith_stubs_js/zarith_stubs_js.v0.17.0/opam
 create mode 100644 packages/zstandard/zstandard.v0.17.0/opam

[01;34m(from ocaml/opam:archlinux-ocaml-4.14@sha256:3dac736c2d3372803ec299daabdd0f33c43070725d9fa25f86f63a717b8971f8)[0m
Unable to find image 'ocaml/opam:archlinux-ocaml-4.14@sha256:3dac736c2d3372803ec299daabdd0f33c43070725d9fa25f86f63a717b8971f8' locally
docker.io/ocaml/opam@sha256:3dac736c2d3372803ec299daabdd0f33c43070725d9fa25f86f63a717b8971f8: Pulling from ocaml/opam
9ca4a67f71eb: Pulling fs layer
9ca4a67f71eb: Verifying Checksum
9ca4a67f71eb: Download complete
9ca4a67f71eb: Pull complete
Digest: sha256:3dac736c2d3372803ec299daabdd0f33c43070725d9fa25f86f63a717b8971f8
Status: Downloaded newer image for ocaml/opam@sha256:3dac736c2d3372803ec299daabdd0f33c43070725d9fa25f86f63a717b8971f8
[01;2m[01;35m2024-05-16 19:09.26 ---> using "88bef73ca42ccbe27582e072f6bbe7e8959715484f2caacf94056430ca35530a" from cache[0m

[01;34m/: (user (uid 1000) (gid 1000))[0m

[01;34m/: (workdir /home/opam)[0m

[01;34m/home/opam: (run (shell "sudo ln -f /usr/bin/opam-dev /usr/bin/opam"))[0m
[01;2m[01;35m2024-05-16 19:09.26 ---> using "3f06bf497cb2e983904c3df819a3899f985bea3ebad2a89364e3d4388156fc35" from cache[0m

[01;34m/home/opam: (run (network host)
                 (shell "opam init --reinit --config .opamrc-sandbox -ni"))[0m
Configuring from /home/opam/.opamrc-sandbox, then /home/opam/.opamrc, and finally from built-in defaults.
Checking for available remotes: rsync and local, git.
  - you won't be able to use mercurial repositories unless you install the hg command on your system.
  - you won't be able to use darcs repositories unless you install the darcs command on your system.

This development version of opam requires an update to the layout of /home/opam/.opam from version 2.0 to version 2.2~beta, which can't be reverted.
You may want to back it up before going further.

Continue? [y/n] y
[NOTE] The 'jobs' option was reset, its value was 31 and its new value will vary according to the current number of cores on your machine. You can restore the fixed value using:
           opam option jobs=31 --global
Format upgrade done.

<><> Updating repositories ><><><><><><><><><><><><><><><><><><><><><><><><><><>
[default] synchronised from file:///home/opam/opam-repository
[01;2m[01;35m2024-05-16 19:09.26 ---> using "5d1b6a56053b6e8956cf58011c857246783c9a9b89c7591a4ecaf01ff9fa8195" from cache[0m

[01;34m/home/opam: (run (shell "uname -rs && opam exec -- ocaml -version && opam --version"))[0m
Linux 5.15.0-101-generic
The OCaml toplevel, version 4.14.2
2.2.0~beta3~dev
[01;2m[01;35m2024-05-16 19:09.26 ---> using "87604bbf5ef33a8722648f83872fa433ce58500346fed9dc95e828c266beac5b" from cache[0m

[01;34m/home/opam: (env OPAMDOWNLOADJOBS 1)[0m

[01;34m/home/opam: (env OPAMERRLOGLEN 0)[0m

[01;34m/home/opam: (env OPAMSOLVERTIMEOUT 500)[0m

[01;34m/home/opam: (env OPAMPRECISETRACKING 1)[0m

[01;34m/home/opam: (env CI true)[0m

[01;34m/home/opam: (env OPAM_REPO_CI true)[0m

[01;34m/home/opam: (run (shell "rm -rf opam-repository/"))[0m
[01;2m[01;35m2024-05-16 19:09.26 ---> using "60bdac4eeadbe2607b54af66c2fff713ea43fbaca7f84c5c6cd7f42a83afa01b" from cache[0m

[01;34m/home/opam: (copy (src .) (dst opam-repository/))[0m
[01;2m[01;35m2024-05-16 19:09.28 ---> using "a1086a0b9049a197fbfe56ab58d5a172995c6e831abe5c2bbf77c2533d19585e" from cache[0m

[01;34m/home/opam: (run (shell "opam repository set-url --strict default opam-repository/"))[0m
[default] Initialised
[01;2m[01;35m2024-05-16 19:09.28 ---> using "adb8877f5b17bada1c87bb0faf82307e497b5080b1fa11542f341736007776f2" from cache[0m

[01;34m/home/opam: (run (network host)
                 (shell "opam update --depexts || true"))[0m
+ /usr/sbin/sudo "pacman" "-Sy"
- :: Synchronizing package databases...
-  core downloading...
-  extra downloading...
[01;2m[01;35m2024-05-16 19:09.28 ---> using "7a82c3fb5936875d9053ff45202207dba1e4e3c0153c55c16e70a2a1caee43c0" from cache[0m

[01;34m/home/opam: (run (shell "opam pin add -k version -yn sihl-core.0.2.1 0.2.1"))[0m
sihl-core is now pinned to version 0.2.1
[01;2m[01;35m2024-05-16 19:09.29 ---> saved as "cffe75ec9b401c554130701514c941b5f6187f8684f52ed4d1461e6a9608ba6c"[0m

[01;34m/home/opam: (run (cache (opam-archives (target /home/opam/.opam/download-cache)))
                 (network host)
                 (shell  "opam reinstall sihl-core.0.2.1;\
                        \n        res=$?;\
                        \n        test \"$res\" != 31 && exit \"$res\";\
                        \n        export OPAMCLI=2.0;\
                        \n        build_dir=$(opam var prefix)/.opam-switch/build;\
                        \n        failed=$(ls \"$build_dir\");\
                        \n        partial_fails=\"\";\
                        \n        for pkg in $failed; do\
                        \n          if opam show -f x-ci-accept-failures: \"$pkg\" | grep -qF \"\\\"archlinux\\\"\"; then\
                        \n            echo \"A package failed and has been disabled for CI using the 'x-ci-accept-failures' field.\";\
                        \n          fi;\
                        \n          test \"$pkg\" != 'sihl-core.0.2.1' && partial_fails=\"$partial_fails $pkg\";\
                        \n        done;\
                        \n        test \"${partial_fails}\" != \"\" && echo \"opam-repo-ci detected dependencies failing: ${partial_fails}\";\
                        \n        exit 1"))[0m
sihl-core.0.2.1 is not installed. Install it? [y/n] y
The following actions will be performed:
=== install 70 packages
  âˆ— angstrom            0.16.0         [required by caqti]
  âˆ— asn1-combinators    0.2.6          [required by x509]
  âˆ— base                v0.16.3        [required by ppx_fields_conv, ppx_sexp_conv]
  âˆ— base-bytes          base           [required by ocplib-endian]
  âˆ— base64              3.5.1          [required by jwto]
  âˆ— bigstringaf         0.9.1          [required by caqti]
  âˆ— caqti               1.9.0          [required by sihl-core]
  âˆ— conf-bash           1              [required by base]
  âˆ— conf-gmp            4              [required by conf-gmp-powm-sec, zarith]
  âˆ— conf-gmp-powm-sec   3              [required by mirage-crypto-pk]
  âˆ— conf-libssl         4              [required by ssl]
  âˆ— conf-pkg-config     3              [required by conf-libssl]
  âˆ— conformist          0.2.1          [required by sihl-core]
  âˆ— containers          3.13.1         [required by tsort]
  âˆ— cppo                1.6.9          [required by caqti]
  âˆ— csexp               1.5.2          [required by dune-configurator]
  âˆ— cstruct             6.2.0          [required by tls]
  âˆ— digestif            1.2.0          [required by jwto]
  âˆ— domain-name         0.4.0          [required by tls]
  âˆ— dune                3.15.2         [required by sihl-core]
  âˆ— dune-configurator   3.15.2         [required by mirage-crypto-ec, ssl, base, containers]
  âˆ— duration            0.2.1          [required by mirage-crypto-rng]
  âˆ— either              1.0.0          [required by containers]
  âˆ— eqaf                0.9            [required by mirage-crypto-ec, digestif, mirage-crypto-pk]
  âˆ— fieldslib           v0.16.0        [required by ppx_fields_conv]
  âˆ— fmt                 0.9.0          [required by sihl-core]
  âˆ— gmap                0.3.0          [required by x509]
  âˆ— hkdf                1.0.4          [required by tls]
  âˆ— ipaddr              5.5.0          [required by tls]
  âˆ— jwto                0.4.0          [required by sihl-core]
  âˆ— logs                0.7.0          [required by sihl-core]
  âˆ— lwt                 5.7.0          [required by lwt_ssl]
  âˆ— lwt_ssl             1.2.0          [required by sihl-core]
  âˆ— macaddr             5.5.0          [required by ipaddr]
  âˆ— mirage-crypto       0.11.3         [required by tls]
  âˆ— mirage-crypto-ec    0.11.3         [required by tls]
  âˆ— mirage-crypto-pk    0.11.3         [required by tls]
  âˆ— mirage-crypto-rng   0.11.3         [required by tls]
  âˆ— num                 1.5            [required by sexplib]
  âˆ— ocaml-compiler-libs v0.12.4        [required by ppxlib]
  âˆ— ocaml-syntax-shims  1.0.0          [required by angstrom]
  âˆ— ocamlbuild          0.14.3         [required by logs, ptime]
  âˆ— ocamlfind           1.9.6          [required by ptime, logs, ppx_deriving]
  âˆ— ocplib-endian       1.2            [required by lwt]
  âˆ— parsexp             v0.16.0        [required by sexplib]
  âˆ— pbkdf               1.2.0          [required by x509]
  âˆ— ppx_derivers        1.2.1          [required by ppx_deriving]
  âˆ— ppx_deriving        5.2.1          [required by jwto, ppx_deriving_yojson]
  âˆ— ppx_deriving_yojson 3.7.0          [required by sihl-core]
  âˆ— ppx_fields_conv     v0.16.0        [required by sihl-core]
  âˆ— ppx_sexp_conv       v0.16.0        [required by sihl-core]
  âˆ— ppxlib              0.32.1         [required by ppx_fields_conv, ppx_deriving_yojson, ppx_sexp_conv]
  âˆ— ptime               1.1.0          [required by caqti]
  âˆ— re                  1.11.0         [required by jwto]
  âˆ— result              1.5            [required by ppx_deriving_yojson]
  âˆ— safepass            3.1            [required by sihl-core]
  âˆ— seq                 base           [required by re, yojson]
  âˆ— sexplib             v0.16.0        [required by sihl-core]
  âˆ— sexplib0            v0.16.0        [required by ppx_sexp_conv, sexplib]
  âˆ— sihl-core           0.2.1 (pinned)
  âˆ— ssl                 0.7.0          [required by sihl-core]
  âˆ— stdlib-shims        0.3.0          [required by ppxlib]
  âˆ— stringext           1.6.0          [required by uri]
  âˆ— tls                 0.17.5         [required by sihl-core]
  âˆ— topkg               1.0.7          [required by logs, ptime]
  âˆ— tsort               2.0.0          [required by sihl-core]
  âˆ— uri                 4.4.0          [required by caqti]
  âˆ— x509                0.16.5         [required by tls]
  âˆ— yojson              2.1.2          [required by sihl-core]
  âˆ— zarith              1.13           [required by mirage-crypto-pk]

The following system packages will first need to be installed:
    pkgconf

<><> Handling external dependencies <><><><><><><><><><><><><><><><><><><><><><>

opam believes some required external dependencies are missing. opam can:
> 1. Run pacman to install them (may need root/sudo access)
  2. Display the recommended pacman command and wait while you run it manually (e.g. in another terminal)
  3. Continue anyway, and, upon success, permanently register that this external dependency is present, but not detectable
  4. Abort the installation

[1/2/3/4] 1

+ /usr/sbin/sudo "pacman" "-Su" "--noconfirm" "pkgconf"
- :: Starting full system upgrade...
- resolving dependencies...
- looking for conflicting packages...
- 
- Package (6)      Old Version  New Version  Net Change  Download Size
- 
- core/gettext     0.22.4-1     0.22.5-1       0.42 MiB       2.14 MiB
- extra/git        2.45.0-1     2.45.1-1       0.27 MiB       6.42 MiB
- core/iproute2    6.8.0-2      6.9.0-1        0.03 MiB       1.10 MiB
- core/libnghttp2  1.61.0-1     1.62.0-1       0.00 MiB       0.10 MiB
- core/libnghttp3  1.2.0-1      1.3.0-1        0.00 MiB       0.07 MiB
- core/pkgconf                  2.1.1-1        0.16 MiB       0.06 MiB
- 
- Total Download Size:    9.88 MiB
- Total Installed Size:  39.20 MiB
- Net Upgrade Size:       0.87 MiB
- 
- :: Proceed with installation? [Y/n] 
- :: Retrieving packages...
-  git-2.45.1-1-x86_64 downloading...
-  gettext-0.22.5-1-x86_64 downloading...
-  iproute2-6.9.0-1-x86_64 downloading...
-  libnghttp2-1.62.0-1-x86_64 downloading...
-  libnghttp3-1.3.0-1-x86_64 downloading...
-  pkgconf-2.1.1-1-x86_64 downloading...
- checking keyring...
- checking package integrity...
- loading package files...
- checking for file conflicts...
- :: Processing package changes...
- installing pkgconf...
- upgrading gettext...
- upgrading libnghttp2...
- upgrading libnghttp3...
- upgrading git...
- upgrading iproute2...
- :: Running post-transaction hooks...
- (1/3) Creating system user accounts...
- (2/3) Reloading system manager configuration...
- Failed to check for chroot() environment: Permission denied
-   Skipped: Current root is not booted.
- (3/3) Arming ConditionNeedsUpdate...

<><> Processing actions <><><><><><><><><><><><><><><><><><><><><><><><><><><><>
â¬‡ retrieved angstrom.0.16.0  (cached)
â¬‡ retrieved asn1-combinators.0.2.6  (cached)
â¬‡ retrieved base.v0.16.3  (cached)
â¬‡ retrieved base64.3.5.1  (cached)
â¬‡ retrieved bigstringaf.0.9.1  (cached)
â¬‡ retrieved caqti.1.9.0  (cached)
â¬‡ retrieved conformist.0.2.1  (cached)
âˆ— installed conf-bash.1
âˆ— installed conf-pkg-config.3
âˆ— installed conf-gmp.4
âˆ— installed conf-libssl.4
â¬‡ retrieved containers.3.13.1  (cached)
âˆ— installed conf-gmp-powm-sec.3
â¬‡ retrieved cppo.1.6.9  (cached)
â¬‡ retrieved csexp.1.5.2  (cached)
â¬‡ retrieved cstruct.6.2.0  (cached)
â¬‡ retrieved digestif.1.2.0  (cached)
â¬‡ retrieved domain-name.0.4.0  (cached)
â¬‡ retrieved dune.3.15.2, dune-configurator.3.15.2  (cached)
â¬‡ retrieved duration.0.2.1  (cached)
â¬‡ retrieved either.1.0.0  (cached)
â¬‡ retrieved eqaf.0.9  (cached)
â¬‡ retrieved fieldslib.v0.16.0  (cached)
â¬‡ retrieved fmt.0.9.0  (cached)
â¬‡ retrieved gmap.0.3.0  (cached)
â¬‡ retrieved hkdf.1.0.4  (cached)
â¬‡ retrieved ipaddr.5.5.0, macaddr.5.5.0  (cached)
â¬‡ retrieved jwto.0.4.0  (cached)
â¬‡ retrieved logs.0.7.0  (cached)
â¬‡ retrieved lwt.5.7.0  (cached)
â¬‡ retrieved lwt_ssl.1.2.0  (cached)
â¬‡ retrieved mirage-crypto.0.11.3, mirage-crypto-ec.0.11.3, mirage-crypto-pk.0.11.3, mirage-crypto-rng.0.11.3  (cached)
â¬‡ retrieved num.1.5  (cached)
â¬‡ retrieved ocaml-compiler-libs.v0.12.4  (cached)
â¬‡ retrieved ocaml-syntax-shims.1.0.0  (cached)
â¬‡ retrieved ocamlbuild.0.14.3  (cached)
â¬‡ retrieved ocamlfind.1.9.6  (cached)
â¬‡ retrieved ocplib-endian.1.2  (cached)
â¬‡ retrieved parsexp.v0.16.0  (cached)
â¬‡ retrieved pbkdf.1.2.0  (cached)
â¬‡ retrieved ppx_derivers.1.2.1  (cached)
â¬‡ retrieved ppx_deriving.5.2.1  (cached)
â¬‡ retrieved ppx_deriving_yojson.3.7.0  (cached)
â¬‡ retrieved ppx_fields_conv.v0.16.0  (cached)
â¬‡ retrieved ppx_sexp_conv.v0.16.0  (cached)
â¬‡ retrieved ppxlib.0.32.1  (cached)
â¬‡ retrieved ptime.1.1.0  (cached)
â¬‡ retrieved re.1.11.0  (cached)
â¬‡ retrieved result.1.5  (cached)
â¬‡ retrieved safepass.3.1  (cached)
âˆ— installed seq.base
â¬‡ retrieved sexplib.v0.16.0  (cached)
â¬‡ retrieved sexplib0.v0.16.0  (cached)
â¬‡ retrieved sihl-core.0.2.1  (cached)
â¬‡ retrieved ssl.0.7.0  (cached)
â¬‡ retrieved stdlib-shims.0.3.0  (cached)
â¬‡ retrieved stringext.1.6.0  (cached)
â¬‡ retrieved tls.0.17.5  (cached)
â¬‡ retrieved topkg.1.0.7  (cached)
â¬‡ retrieved tsort.2.0.0  (cached)
â¬‡ retrieved uri.4.4.0  (cached)
â¬‡ retrieved x509.0.16.5  (cached)
â¬‡ retrieved yojson.2.1.2  (cached)
â¬‡ retrieved zarith.1.13  (cached)
âˆ— installed num.1.5
âˆ— installed ocamlfind.1.9.6
âˆ— installed base-bytes.base
âˆ— installed ocamlbuild.0.14.3
âˆ— installed zarith.1.13
âˆ— installed topkg.1.0.7
âˆ— installed fmt.0.9.0
âˆ— installed ptime.1.1.0
âˆ— installed dune.3.15.2
âˆ— installed ppx_derivers.1.2.1
âˆ— installed duration.0.2.1
âˆ— installed gmap.0.3.0
âˆ— installed conformist.0.2.1
âˆ— installed csexp.1.5.2
âˆ— installed base64.3.5.1
âˆ— installed cppo.1.6.9
âˆ— installed cstruct.6.2.0
âˆ— installed domain-name.0.4.0
âˆ— installed either.1.0.0
âˆ— installed macaddr.5.5.0
âˆ— installed ocaml-compiler-libs.v0.12.4
âˆ— installed ocaml-syntax-shims.1.0.0
âˆ— installed re.1.11.0
âˆ— installed result.1.5
âˆ— installed safepass.3.1
âˆ— installed sexplib0.v0.16.0
âˆ— installed stdlib-shims.0.3.0
âˆ— installed stringext.1.6.0
âˆ— installed ocplib-endian.1.2
âˆ— installed eqaf.0.9
âˆ— installed ipaddr.5.5.0
âˆ— installed asn1-combinators.0.2.6
âˆ— installed yojson.2.1.2
âˆ— installed digestif.1.2.0
âˆ— installed parsexp.v0.16.0
âˆ— installed dune-configurator.3.15.2
âˆ— installed bigstringaf.0.9.1
âˆ— installed sexplib.v0.16.0
âˆ— installed angstrom.0.16.0
âˆ— installed ssl.0.7.0
âˆ— installed containers.3.13.1
âˆ— installed tsort.2.0.0
âˆ— installed uri.4.4.0
âˆ— installed mirage-crypto.0.11.3
âˆ— installed hkdf.1.0.4
âˆ— installed pbkdf.1.2.0
âˆ— installed lwt.5.7.0
âˆ— installed lwt_ssl.1.2.0
âˆ— installed logs.0.7.0
âˆ— installed base.v0.16.3
âˆ— installed mirage-crypto-rng.0.11.3
âˆ— installed caqti.1.9.0
âˆ— installed fieldslib.v0.16.0
âˆ— installed mirage-crypto-pk.0.11.3
âˆ— installed mirage-crypto-ec.0.11.3
âˆ— installed ppxlib.0.32.1
âˆ— installed x509.0.16.5
âˆ— installed tls.0.17.5
âˆ— installed ppx_fields_conv.v0.16.0
âˆ— installed ppx_sexp_conv.v0.16.0
âˆ— installed ppx_deriving.5.2.1
âˆ— installed jwto.0.4.0
âˆ— installed ppx_deriving_yojson.3.7.0
âˆ— installed sihl-core.0.2.1
Done.
# Run eval $(opam env) to update the current shell environment
[01;2m[01;35m2024-05-16 19:10.48 ---> saved as "3e40b2949fe354cbcb20f4020b0271f50502b19bd065aae47b67f5647693cd73"[0m

[01;34m/home/opam: (run (network host)
                 (shell "(opam reinstall --with-test sihl-core.0.2.1) || true"))[0m
[ERROR] Sorry, resolution of the request timed out.
        Try to specify a more precise request, use a different solver, or increase the allowed time by setting OPAMSOLVERTIMEOUT to a bigger value (currently, it is set to 500.0 seconds).
[01;2m[01;35m2024-05-16 19:19.25 ---> saved as "2d398224a6f5dfb2cad55656a11490a73b6985a724f08867289a7d597ce24e2a"[0m

[01;34m/home/opam: (run (shell  "opam reinstall --with-test --verbose sihl-core.0.2.1;\
                        \n        res=$?;\
                        \n        test \"$res\" != 31 && exit \"$res\";\
                        \n        export OPAMCLI=2.0;\
                        \n        build_dir=$(opam var prefix)/.opam-switch/build;\
                        \n        failed=$(ls \"$build_dir\");\
                        \n        partial_fails=\"\";\
                        \n        for pkg in $failed; do\
                        \n          if opam show -f x-ci-accept-failures: \"$pkg\" | grep -qF \"\\\"archlinux\\\"\"; then\
                        \n            echo \"A package failed and has been disabled for CI using the 'x-ci-accept-failures' field.\";\
                        \n          fi;\
                        \n          test \"$pkg\" != 'sihl-core.0.2.1' && partial_fails=\"$partial_fails $pkg\";\
                        \n        done;\
                        \n        test \"${partial_fails}\" != \"\" && echo \"opam-repo-ci detected dependencies failing: ${partial_fails}\";\
                        \n        exit 1"))[0m
[ERROR] Sorry, resolution of the request timed out.
        Try to specify a more precise request, use a different solver, or increase the allowed time by setting OPAMSOLVERTIMEOUT to a bigger value (currently, it is set to 500.0 seconds).
'opam reinstall --with-test --verbose sihl-core.0.2.1' failed.
"/usr/bin/env" "bash" "-c" "opam reinstall --with-test --verbose sihl-core.0.2.1;
        res=$?;
        test "$res" != 31 && exit "$res";
        export OPAMCLI=2.0;
        build_dir=$(opam var prefix)/.opam-switch/build;
        failed=$(ls "$build_dir");
        partial_fails="";
        for pkg in $failed; do
          if opam show -f x-ci-accept-failures: "$pkg" | grep -qF "\"archlinux\""; then
            echo "A package failed and has been disabled for CI using the 'x-ci-accept-failures' field.";
          fi;
          test "$pkg" != 'sihl-core.0.2.1' && partial_fails="$partial_fails $pkg";
        done;
        test "${partial_fails}" != "" && echo "opam-repo-ci detected dependencies failing: ${partial_fails}";
        exit 1" failed with exit status 60
2024-05-16 19:28.13: Job failed: Failed: Build failed
2024-05-16 19:28.13: Log analysis:
2024-05-16 19:28.13: >>> 
[ERROR] Sorry, resolution of the request timed out.
 (score = 20)
2024-05-16 19:28.13: >>> 
[ERROR] Sorry, resolution of the request timed out.
 (score = 20)
2024-05-16 19:28.13: Sorry, resolution of the request timed out.
