2024-05-16 14:05.13: New job: test sihl-core.0.2.2, using opam dev
                              from https://github.com/ocaml/opam-repository.git#refs/pull/25888/head (525bccfea64dad391217b34359003e0d4d19f6a4)
                              on debian-12-ocaml-4.14-no-flat-float-array/amd64

To reproduce locally:

cd $(mktemp -d)
git clone --recursive "https://github.com/ocaml/opam-repository.git" && cd "opam-repository" && git fetch origin "refs/pull/25888/head" && git reset --hard 525bccfe
git fetch origin master
git merge --no-edit 23fec2c23a10862bcdde83a7688d35608defa7a7
cat > ../Dockerfile <<'END-OF-DOCKERFILE'
[34mFROM ocaml/opam:debian-12-ocaml-4.14-no-flat-float-array@sha256:b6afde2a288674792e525f5f3106d66940f3c95a801baa231f8aacf37af0ee56
USER 1000:1000
WORKDIR /home/opam
RUN sudo ln -f /usr/bin/opam-dev /usr/bin/opam
RUN opam init --reinit -ni
RUN uname -rs && opam exec -- ocaml -version && opam --version
ENV OPAMDOWNLOADJOBS="1"
ENV OPAMERRLOGLEN="0"
ENV OPAMSOLVERTIMEOUT="500"
ENV OPAMPRECISETRACKING="1"
ENV CI="true"
ENV OPAM_REPO_CI="true"
RUN rm -rf opam-repository/
COPY --chown=1000:1000 . opam-repository/
RUN opam repository set-url --strict default opam-repository/
RUN opam update --depexts || true
RUN opam pin add -k version -yn sihl-core.0.2.2 0.2.2
RUN opam reinstall sihl-core.0.2.2; \
    res=$?; \
    test "$res" != 31 && exit "$res"; \
    export OPAMCLI=2.0; \
    build_dir=$(opam var prefix)/.opam-switch/build; \
    failed=$(ls "$build_dir"); \
    partial_fails=""; \
    for pkg in $failed; do \
    if opam show -f x-ci-accept-failures: "$pkg" | grep -qF "\"debian-12\""; then \
    echo "A package failed and has been disabled for CI using the 'x-ci-accept-failures' field."; \
    fi; \
    test "$pkg" != 'sihl-core.0.2.2' && partial_fails="$partial_fails $pkg"; \
    done; \
    test "${partial_fails}" != "" && echo "opam-repo-ci detected dependencies failing: ${partial_fails}"; \
    exit 1
RUN (opam reinstall --with-test sihl-core.0.2.2) || true
RUN opam reinstall --with-test --verbose sihl-core.0.2.2; \
    res=$?; \
    test "$res" != 31 && exit "$res"; \
    export OPAMCLI=2.0; \
    build_dir=$(opam var prefix)/.opam-switch/build; \
    failed=$(ls "$build_dir"); \
    partial_fails=""; \
    for pkg in $failed; do \
    if opam show -f x-ci-accept-failures: "$pkg" | grep -qF "\"debian-12\""; then \
    echo "A package failed and has been disabled for CI using the 'x-ci-accept-failures' field."; \
    fi; \
    test "$pkg" != 'sihl-core.0.2.2' && partial_fails="$partial_fails $pkg"; \
    done; \
    test "${partial_fails}" != "" && echo "opam-repo-ci detected dependencies failing: ${partial_fails}"; \
    exit 1
[0m
END-OF-DOCKERFILE
docker build -f ../Dockerfile .

2024-05-16 14:05.13: Using cache hint "ocaml/opam:debian-12-ocaml-4.14-no-flat-float-array@sha256:b6afde2a288674792e525f5f3106d66940f3c95a801baa231f8aacf37af0ee56-sihl-core.0.2.2-525bccfea64dad391217b34359003e0d4d19f6a4"
2024-05-16 14:05.13: Using OBuilder spec:
((from ocaml/opam:debian-12-ocaml-4.14-no-flat-float-array@sha256:b6afde2a288674792e525f5f3106d66940f3c95a801baa231f8aacf37af0ee56)
 (user (uid 1000) (gid 1000))
 (workdir /home/opam)
 (run (shell "sudo ln -f /usr/bin/opam-dev /usr/bin/opam"))
 (run (network host)
      (shell "opam init --reinit --config .opamrc-sandbox -ni"))
 (run (shell "uname -rs && opam exec -- ocaml -version && opam --version"))
 (env OPAMDOWNLOADJOBS 1)
 (env OPAMERRLOGLEN 0)
 (env OPAMSOLVERTIMEOUT 500)
 (env OPAMPRECISETRACKING 1)
 (env CI true)
 (env OPAM_REPO_CI true)
 (run (shell "rm -rf opam-repository/"))
 (copy (src .) (dst opam-repository/))
 (run (shell "opam repository set-url --strict default opam-repository/"))
 (run (network host)
      (shell "opam update --depexts || true"))
 (run (shell "opam pin add -k version -yn sihl-core.0.2.2 0.2.2"))
 (run (cache (opam-archives (target /home/opam/.opam/download-cache)))
      (network host)
      (shell  "opam reinstall sihl-core.0.2.2;\
             \n        res=$?;\
             \n        test \"$res\" != 31 && exit \"$res\";\
             \n        export OPAMCLI=2.0;\
             \n        build_dir=$(opam var prefix)/.opam-switch/build;\
             \n        failed=$(ls \"$build_dir\");\
             \n        partial_fails=\"\";\
             \n        for pkg in $failed; do\
             \n          if opam show -f x-ci-accept-failures: \"$pkg\" | grep -qF \"\\\"debian-12\\\"\"; then\
             \n            echo \"A package failed and has been disabled for CI using the 'x-ci-accept-failures' field.\";\
             \n          fi;\
             \n          test \"$pkg\" != 'sihl-core.0.2.2' && partial_fails=\"$partial_fails $pkg\";\
             \n        done;\
             \n        test \"${partial_fails}\" != \"\" && echo \"opam-repo-ci detected dependencies failing: ${partial_fails}\";\
             \n        exit 1"))
 (run (network host)
      (shell "(opam reinstall --with-test sihl-core.0.2.2) || true"))
 (run (shell  "opam reinstall --with-test --verbose sihl-core.0.2.2;\
             \n        res=$?;\
             \n        test \"$res\" != 31 && exit \"$res\";\
             \n        export OPAMCLI=2.0;\
             \n        build_dir=$(opam var prefix)/.opam-switch/build;\
             \n        failed=$(ls \"$build_dir\");\
             \n        partial_fails=\"\";\
             \n        for pkg in $failed; do\
             \n          if opam show -f x-ci-accept-failures: \"$pkg\" | grep -qF \"\\\"debian-12\\\"\"; then\
             \n            echo \"A package failed and has been disabled for CI using the 'x-ci-accept-failures' field.\";\
             \n          fi;\
             \n          test \"$pkg\" != 'sihl-core.0.2.2' && partial_fails=\"$partial_fails $pkg\";\
             \n        done;\
             \n        test \"${partial_fails}\" != \"\" && echo \"opam-repo-ci detected dependencies failing: ${partial_fails}\";\
             \n        exit 1"))
)

2024-05-16 14:05.13: Waiting for resource in pool OCluster
2024-05-16 14:56.29: Connecting to build clusterâ€¦
2024-05-16 16:59.59: Waiting for workerâ€¦
2024-05-16 17:01.33: Got resource from pool OCluster
Building on x86-bm-c8.sw.ocaml.org
All commits already cached
Updating files:  71% (24078/33910)Updating files:  72% (24416/33910)Updating files:  73% (24755/33910)Updating files:  74% (25094/33910)Updating files:  75% (25433/33910)Updating files:  76% (25772/33910)Updating files:  77% (26111/33910)Updating files:  78% (26450/33910)Updating files:  79% (26789/33910)Updating files:  80% (27128/33910)Updating files:  81% (27468/33910)Updating files:  82% (27807/33910)Updating files:  83% (28146/33910)Updating files:  84% (28485/33910)Updating files:  85% (28824/33910)Updating files:  86% (29163/33910)Updating files:  87% (29502/33910)Updating files:  88% (29841/33910)Updating files:  89% (30180/33910)Updating files:  90% (30519/33910)Updating files:  91% (30859/33910)Updating files:  92% (31198/33910)Updating files:  93% (31537/33910)Updating files:  94% (31876/33910)Updating files:  95% (32215/33910)Updating files:  96% (32554/33910)Updating files:  97% (32893/33910)Updating files:  98% (33232/33910)Updating files:  99% (33571/33910)Updating files: 100% (33910/33910)Updating files: 100% (33910/33910), done.
HEAD is now at 23fec2c23a Merge pull request #25873 from btjorge/opam-publish-why3find.1.0
Merge made by the 'ort' strategy.
 .../abstract_algebra/abstract_algebra.v0.17.0/opam | 27 ++++++++
 packages/accessor/accessor.v0.17.0/opam            | 32 ++++++++++
 .../accessor_async/accessor_async.v0.17.0/opam     | 29 +++++++++
 packages/accessor_base/accessor_base.v0.17.0/opam  | 29 +++++++++
 packages/accessor_core/accessor_core.v0.17.0/opam  | 29 +++++++++
 packages/async/async.v0.17.0/opam                  | 36 +++++++++++
 packages/async_durable/async_durable.v0.17.0/opam  | 29 +++++++++
 packages/async_extra/async_extra.v0.17.0/opam      | 31 ++++++++++
 packages/async_find/async_find.v0.17.0/opam        | 26 ++++++++
 packages/async_inotify/async_inotify.v0.17.0/opam  | 29 +++++++++
 .../async_interactive.v0.17.0/opam                 | 28 +++++++++
 packages/async_js/async_js.v0.17.0/opam            | 31 ++++++++++
 packages/async_kernel/async_kernel.v0.17.0/opam    | 30 +++++++++
 packages/async_log/async_log.v0.17.0/opam          | 33 ++++++++++
 .../async_rpc_kernel/async_rpc_kernel.v0.17.0/opam | 33 ++++++++++
 .../async_rpc_websocket.v0.17.0/opam               | 36 +++++++++++
 .../async_sendfile/async_sendfile.v0.17.0/opam     | 27 ++++++++
 packages/async_shell/async_shell.v0.17.0/opam      | 27 ++++++++
 packages/async_smtp/async_smtp.v0.17.0/opam        | 39 ++++++++++++
 packages/async_ssl/async_ssl.v0.17.0/opam          | 35 +++++++++++
 packages/async_udp/async_udp.v0.17.0/opam          | 30 +++++++++
 packages/async_unix/async_unix.v0.17.0/opam        | 34 ++++++++++
 .../async_websocket/async_websocket.v0.17.0/opam   | 29 +++++++++
 packages/babel/babel.v0.17.0/opam                  | 30 +++++++++
 .../base_bigstring/base_bigstring.v0.17.0/opam     | 27 ++++++++
 .../base_quickcheck/base_quickcheck.v0.17.0/opam   | 34 ++++++++++
 packages/base_trie/base_trie.v0.17.0/opam          | 31 ++++++++++
 .../bidirectional_map.v0.17.0/opam                 | 26 ++++++++
 packages/bigdecimal/bigdecimal.v0.17.0/opam        | 29 +++++++++
 packages/bignum/bignum.v0.17.0/opam                | 30 +++++++++
 packages/bin_prot/bin_prot.v0.17.0/opam            | 38 ++++++++++++
 packages/bonsai/bonsai.v0.17.0/opam                | 72 ++++++++++++++++++++++
 packages/caisar-ir/caisar-ir.0.2/opam              |  2 +-
 packages/caisar-nnet/caisar-nnet.0.1/opam          |  2 +-
 packages/caisar-nnet/caisar-nnet.0.2/opam          |  2 +-
 packages/caisar-onnx/caisar-onnx.0.1/opam          |  2 +-
 packages/caisar-onnx/caisar-onnx.0.2/opam          |  2 +-
 packages/caisar-ovo/caisar-ovo.0.1/opam            |  2 +-
 packages/caisar-ovo/caisar-ovo.0.2/opam            |  2 +-
 packages/camlimages/camlimages.5.0.5/opam          |  2 +-
 .../capitalization/capitalization.v0.17.0/opam     | 25 ++++++++
 packages/codicons/codicons.v0.17.0/opam            | 27 ++++++++
 .../cohttp_async_websocket.v0.17.0/opam            | 41 ++++++++++++
 .../cohttp_static_handler.v0.17.0/opam             | 28 +++++++++
 packages/command_rpc/command_rpc.v0.17.0/opam      | 26 ++++++++
 .../content_security_policy.v0.17.0/opam           | 28 +++++++++
 packages/core/core.v0.17.0/opam                    | 50 +++++++++++++++
 packages/core_bench/core_bench.v0.17.0/opam        | 36 +++++++++++
 packages/core_extended/core_extended.v0.17.0/opam  | 32 ++++++++++
 packages/core_kernel/core_kernel.v0.17.0/opam      | 35 +++++++++++
 packages/core_profiler/core_profiler.v0.17.0/opam  | 33 ++++++++++
 packages/core_unix/core_unix.v0.17.0/opam          | 37 +++++++++++
 packages/csvfields/csvfields.v0.17.0/opam          | 27 ++++++++
 packages/dedent/dedent.v0.17.0/opam                | 27 ++++++++
 .../delimited_parsing.v0.17.0/opam                 | 29 +++++++++
 packages/dotenv/dotenv.0.0.1/opam                  |  2 +-
 packages/dotenv/dotenv.0.0.3/opam                  |  2 +-
 packages/ecaml/ecaml.v0.17.0/opam                  | 34 ++++++++++
 packages/email_message/email_message.v0.17.0/opam  | 33 ++++++++++
 packages/env_config/env_config.v0.17.0/opam        | 31 ++++++++++
 .../expect_test_helpers_async.v0.17.0/opam         | 33 ++++++++++
 .../expect_test_helpers_core.v0.17.0/opam          | 34 ++++++++++
 packages/feather/feather.0.2.0/opam                |  2 +-
 packages/feather/feather.0.3.0/opam                |  2 +-
 packages/fiber-lwt/fiber-lwt.3.7.0/opam            |  2 +-
 packages/fiber/fiber.3.7.0/opam                    |  2 +-
 packages/fieldslib/fieldslib.v0.17.0/opam          | 28 +++++++++
 packages/file_path/file_path.v0.17.0/opam          | 31 ++++++++++
 packages/fuzzy_match/fuzzy_match.v0.17.0/opam      | 26 ++++++++
 packages/fzf/fzf.v0.17.0/opam                      | 27 ++++++++
 packages/gel/gel.v0.17.0/opam                      | 26 ++++++++
 packages/genspio/genspio.0.0.3/opam                |  2 +-
 packages/hardcaml/hardcaml.v0.17.0/opam            | 36 +++++++++++
 packages/hardcaml_axi/hardcaml_axi.v0.17.0/opam    | 30 +++++++++
 packages/hardcaml_c/hardcaml_c.v0.17.0/opam        | 35 +++++++++++
 .../hardcaml_circuits.v0.17.0/opam                 | 28 +++++++++
 .../hardcaml_event_driven_sim.v0.17.0/opam         | 34 ++++++++++
 .../hardcaml_fixed_point.v0.17.0/opam              | 28 +++++++++
 .../hardcaml_handshake.v0.17.0/opam                | 28 +++++++++
 .../hardcaml_of_verilog.v0.17.0/opam               | 38 ++++++++++++
 .../hardcaml_step_testbench.v0.17.0/opam           | 32 ++++++++++
 .../hardcaml_verify/hardcaml_verify.v0.17.0/opam   | 38 ++++++++++++
 .../hardcaml_verilator.v0.17.0/opam                | 34 ++++++++++
 .../hardcaml_waveterm.v0.17.0/opam                 | 40 ++++++++++++
 .../hardcaml_xilinx/hardcaml_xilinx.v0.17.0/opam   | 33 ++++++++++
 .../hardcaml_xilinx_components.v0.17.0/opam        | 32 ++++++++++
 .../hardcaml_xilinx_reports.v0.17.0/opam           | 40 ++++++++++++
 packages/hex_encode/hex_encode.v0.17.0/opam        | 26 ++++++++
 packages/hg_lib/hg_lib.v0.17.0/opam                | 29 +++++++++
 packages/higher_kinded/higher_kinded.v0.17.0/opam  | 29 +++++++++
 packages/http/http.6.0.0~alpha2/opam               |  2 +-
 packages/http/http.6.0.0~beta2/opam                |  2 +-
 packages/idd/idd.0.1/opam                          |  2 +-
 packages/incr_dom/incr_dom.v0.17.0/opam            | 53 ++++++++++++++++
 .../incr_dom_interactive.v0.17.0/opam              | 35 +++++++++++
 .../incr_dom_partial_render.v0.17.0/opam           | 31 ++++++++++
 .../incr_dom_sexp_form.v0.17.0/opam                | 34 ++++++++++
 packages/incr_map/incr_map.v0.17.0/opam            | 36 +++++++++++
 packages/incr_select/incr_select.v0.17.0/opam      | 32 ++++++++++
 packages/incremental/incremental.v0.17.0/opam      | 33 ++++++++++
 .../indentation_buffer.v0.17.0/opam                | 26 ++++++++
 packages/int_repr/int_repr.v0.17.0/opam            | 26 ++++++++
 .../jane-street-headers.v0.17.0/opam               | 24 ++++++++
 packages/jane_rope/jane_rope.v0.17.0/opam          | 25 ++++++++
 .../janestreet_cpuid/janestreet_cpuid.v0.17.0/opam | 28 +++++++++
 .../janestreet_csv/janestreet_csv.v0.17.0/opam     | 39 ++++++++++++
 .../janestreet_lru_cache.v0.17.0/opam              | 26 ++++++++
 .../js_of_ocaml_patches.v0.17.0/opam               | 26 ++++++++
 packages/jsonaf/jsonaf.v0.17.0/opam                | 28 +++++++++
 packages/jst-config/jst-config.v0.17.0/opam        | 32 ++++++++++
 packages/lacaml/lacaml.10.0.1/opam                 |  2 +-
 packages/lacaml/lacaml.10.0.2/opam                 |  2 +-
 packages/lacaml/lacaml.11.0.0/opam                 |  2 +-
 packages/lacaml/lacaml.11.0.1/opam                 |  2 +-
 packages/lacaml/lacaml.11.0.2/opam                 |  2 +-
 packages/lacaml/lacaml.11.0.3/opam                 |  2 +-
 packages/lacaml/lacaml.11.0.4/opam                 |  2 +-
 packages/lacaml/lacaml.11.0.5/opam                 |  2 +-
 packages/lacaml/lacaml.11.0.6/opam                 |  2 +-
 .../legacy_diffable/legacy_diffable.v0.17.0/opam   | 28 +++++++++
 packages/line-up-words/line-up-words.v0.17.0/opam  | 33 ++++++++++
 packages/logical/logical.0.3.0/opam                |  2 +-
 .../man_in_the_middle_debugger.v0.17.0/opam        | 30 +++++++++
 packages/matplotlib/matplotlib.0.1/opam            |  2 +-
 packages/matplotlib/matplotlib.0.2/opam            |  2 +-
 .../memtrace_viewer/memtrace_viewer.v0.17.0/opam   | 37 +++++++++++
 packages/merge-fmt/merge-fmt.0.1/opam              |  2 +-
 packages/merge-fmt/merge-fmt.0.2/opam              |  2 +-
 packages/merge-fmt/merge-fmt.0.3/opam              |  2 +-
 packages/mlt_parser/mlt_parser.v0.17.0/opam        | 30 +++++++++
 packages/n_ary/n_ary.v0.17.0/opam                  | 36 +++++++++++
 packages/netsnmp/netsnmp.v0.17.0/opam              | 33 ++++++++++
 packages/notty_async/notty_async.v0.17.0/opam      | 29 +++++++++
 .../numeric_string/numeric_string.v0.17.0/opam     | 39 ++++++++++++
 packages/nuscr/nuscr.2.1.0/opam                    |  2 +-
 packages/nuscr/nuscr.2.1.1/opam                    |  2 +-
 .../ocaml-embed-file/ocaml-embed-file.v0.17.0/opam | 29 +++++++++
 packages/ocaml-probes/ocaml-probes.v0.17.0/opam    | 27 ++++++++
 .../ocaml-protoc-plugin.1.0.0/opam                 |  2 +-
 .../ocaml-protoc-plugin.2.0.0/opam                 |  2 +-
 .../ocaml-protoc-plugin.3.0.0/opam                 |  2 +-
 .../ocaml-protoc-plugin.4.0.0/opam                 |  2 +-
 .../ocaml-protoc-plugin.4.1.0/opam                 |  2 +-
 .../ocaml-protoc-plugin.4.2.0/opam                 |  2 +-
 .../ocaml-protoc-plugin.4.3.1/opam                 |  2 +-
 .../ocaml-protoc-plugin.4.4.0/opam                 |  2 +-
 .../ocaml-protoc-plugin.4.5.0/opam                 |  2 +-
 packages/ocaml-r/ocaml-r.0.1.0/opam                |  2 +-
 packages/ocaml-r/ocaml-r.0.1.1/opam                |  2 +-
 packages/ocaml-r/ocaml-r.0.2.0/opam                |  2 +-
 packages/ocaml-r/ocaml-r.0.3.0/opam                |  2 +-
 packages/ocaml-r/ocaml-r.0.3.1/opam                |  2 +-
 packages/ocaml-r/ocaml-r.0.4.0/opam                |  2 +-
 packages/ocaml-r/ocaml-r.0.5.0/opam                |  2 +-
 packages/ocaml-r/ocaml-r.0.6.0/opam                |  2 +-
 .../ocaml_intrinsics/ocaml_intrinsics.v0.17.0/opam | 27 ++++++++
 .../ocaml_openapi_generator.v0.17.0/opam           | 35 +++++++++++
 packages/ocamlformat/ocamlformat.0.23.0/opam       |  2 +-
 packages/ocamlformat/ocamlformat.0.24.1/opam       |  2 +-
 packages/of_json/of_json.v0.17.0/opam              | 28 +++++++++
 .../ordinal_abbreviation.v0.17.0/opam              | 26 ++++++++
 packages/pam/pam.v0.17.0/opam                      | 32 ++++++++++
 packages/parsexp/parsexp.v0.17.0/opam              | 43 +++++++++++++
 packages/parsexp_io/parsexp_io.v0.17.0/opam        | 28 +++++++++
 packages/patdiff/patdiff.v0.17.0/opam              | 30 +++++++++
 packages/patience_diff/patience_diff.v0.17.0/opam  | 26 ++++++++
 .../polling_state_rpc.v0.17.0/opam                 | 30 +++++++++
 packages/posixat/posixat.v0.17.0/opam              | 32 ++++++++++
 .../postgres_async/postgres_async.v0.17.0/opam     | 33 ++++++++++
 packages/postgresql/postgresql.4.1.0/opam          |  2 +-
 packages/postgresql/postgresql.4.2.0/opam          |  2 +-
 packages/postgresql/postgresql.4.2.1/opam          |  2 +-
 packages/postgresql/postgresql.4.3.0/opam          |  2 +-
 packages/postgresql/postgresql.4.4.0/opam          |  2 +-
 packages/postgresql/postgresql.4.4.1/opam          |  2 +-
 packages/postgresql/postgresql.4.4.2/opam          |  2 +-
 packages/postgresql/postgresql.4.5.0/opam          |  2 +-
 packages/postgresql/postgresql.4.5.1/opam          |  2 +-
 packages/postgresql/postgresql.4.5.2/opam          |  2 +-
 packages/postgresql/postgresql.4.6.0/opam          |  2 +-
 packages/postgresql/postgresql.4.6.1/opam          |  2 +-
 packages/ppx_accessor/ppx_accessor.v0.17.0/opam    | 27 ++++++++
 packages/ppx_assert/ppx_assert.v0.17.0/opam        | 30 +++++++++
 packages/ppx_base/ppx_base.v0.17.0/opam            | 34 ++++++++++
 packages/ppx_bench/ppx_bench.v0.17.0/opam          | 26 ++++++++
 packages/ppx_bin_prot/ppx_bin_prot.v0.17.0/opam    | 29 +++++++++
 packages/ppx_cold/ppx_cold.v0.17.0/opam            | 26 ++++++++
 packages/ppx_compare/ppx_compare.v0.17.0/opam      | 27 ++++++++
 packages/ppx_conv_func/ppx_conv_func.v0.17.0/opam  | 26 ++++++++
 packages/ppx_css/ppx_css.v0.17.0/opam              | 41 ++++++++++++
 packages/ppx_csv_conv/ppx_csv_conv.v0.17.0/opam    | 29 +++++++++
 .../ppx_custom_printf.v0.17.0/opam                 | 27 ++++++++
 packages/ppx_demo/ppx_demo.v0.17.0/opam            | 28 +++++++++
 .../ppx_derive_at_runtime.v0.17.0/opam             | 31 ++++++++++
 .../ppx_deriving_cad/ppx_deriving_cad.0.1.0/opam   |  2 +-
 .../ppx_deriving_cad/ppx_deriving_cad.0.2.0/opam   |  2 +-
 .../ppx_deriving_scad/ppx_deriving_scad.1.0.0/opam |  2 +-
 packages/ppx_diff/ppx_diff.v0.17.0/opam            | 31 ++++++++++
 .../ppx_disable_unused_warnings.v0.17.0/opam       | 26 ++++++++
 .../ppx_embed_file/ppx_embed_file.v0.17.0/opam     | 28 +++++++++
 packages/ppx_enumerate/ppx_enumerate.v0.17.0/opam  | 27 ++++++++
 packages/ppx_expect/ppx_expect.v0.17.0/opam        | 29 +++++++++
 .../ppx_fields_conv/ppx_fields_conv.v0.17.0/opam   | 27 ++++++++
 .../ppx_fixed_literal.v0.17.0/opam                 | 27 ++++++++
 packages/ppx_globalize/ppx_globalize.v0.17.0/opam  | 27 ++++++++
 packages/ppx_hardcaml/ppx_hardcaml.v0.17.0/opam    | 32 ++++++++++
 packages/ppx_hash/ppx_hash.v0.17.0/opam            | 29 +++++++++
 packages/ppx_here/ppx_here.v0.17.0/opam            | 26 ++++++++
 .../ppx_ignore_instrumentation.v0.17.0/opam        | 26 ++++++++
 .../ppx_inline_test/ppx_inline_test.v0.17.0/opam   | 27 ++++++++
 packages/ppx_jane/ppx_jane.v0.17.0/opam            | 53 ++++++++++++++++
 packages/ppx_js_style/ppx_js_style.v0.17.0/opam    | 30 +++++++++
 .../ppx_jsonaf_conv/ppx_jsonaf_conv.v0.17.0/opam   | 28 +++++++++
 packages/ppx_let/ppx_let.v0.17.0/opam              | 27 ++++++++
 packages/ppx_log/ppx_log.v0.17.0/opam              | 39 ++++++++++++
 .../ppx_module_timer/ppx_module_timer.v0.17.0/opam | 29 +++++++++
 packages/ppx_optcomp/ppx_optcomp.v0.17.0/opam      | 27 ++++++++
 packages/ppx_optional/ppx_optional.v0.17.0/opam    | 28 +++++++++
 .../ppx_pattern_bind/ppx_pattern_bind.v0.17.0/opam | 29 +++++++++
 packages/ppx_pipebang/ppx_pipebang.v0.17.0/opam    | 25 ++++++++
 .../ppx_protocol_conv/ppx_protocol_conv.5.1.3/opam |  2 +-
 packages/ppx_python/ppx_python.v0.17.0/opam        | 28 +++++++++
 .../ppx_quick_test/ppx_quick_test.v0.17.0/opam     | 37 +++++++++++
 packages/ppx_rapper/ppx_rapper.1.0.1/opam          |  2 +-
 packages/ppx_rapper/ppx_rapper.1.0.2/opam          |  2 +-
 packages/ppx_rapper/ppx_rapper.1.1.0/opam          |  2 +-
 packages/ppx_rapper/ppx_rapper.1.1.1/opam          |  2 +-
 packages/ppx_rapper/ppx_rapper.1.2.0/opam          |  2 +-
 packages/ppx_rapper/ppx_rapper.2.0.0/opam          |  2 +-
 packages/ppx_rapper/ppx_rapper.3.0.0/opam          |  2 +-
 packages/ppx_rapper/ppx_rapper.3.1.0/opam          |  2 +-
 packages/ppx_sexp_conv/ppx_sexp_conv.v0.17.0/opam  | 28 +++++++++
 .../ppx_sexp_message/ppx_sexp_message.v0.17.0/opam | 28 +++++++++
 .../ppx_sexp_value/ppx_sexp_value.v0.17.0/opam     | 28 +++++++++
 packages/ppx_stable/ppx_stable.v0.17.0/opam        | 27 ++++++++
 .../ppx_stable_witness.v0.17.0/opam                | 26 ++++++++
 packages/ppx_string/ppx_string.v0.17.0/opam        | 27 ++++++++
 .../ppx_string_conv/ppx_string_conv.v0.17.0/opam   | 29 +++++++++
 packages/ppx_tydi/ppx_tydi.v0.17.0/opam            | 26 ++++++++
 .../ppx_typed_fields/ppx_typed_fields.v0.17.0/opam | 34 ++++++++++
 .../ppx_typerep_conv/ppx_typerep_conv.v0.17.0/opam | 27 ++++++++
 .../ppx_variants_conv.v0.17.0/opam                 | 27 ++++++++
 packages/ppx_xml_conv/ppx_xml_conv.v0.17.0/opam    | 29 +++++++++
 .../ppx_yojson_conv/ppx_yojson_conv.v0.17.0/opam   | 28 +++++++++
 .../ppx_yojson_conv_lib.v0.17.0/opam               | 25 ++++++++
 packages/ppxlib_jane/ppxlib_jane.v0.17.0/opam      | 25 ++++++++
 packages/profunctor/profunctor.v0.17.0/opam        | 29 +++++++++
 packages/protocell/protocell.1.0.0/opam            |  2 +-
 .../protocol_version_header.v0.17.0/opam           | 29 +++++++++
 packages/pyml_bindgen/pyml_bindgen.0.3.1/opam      |  2 +-
 packages/re2/re2.v0.17.0/opam                      | 28 +++++++++
 packages/re_parser/re_parser.v0.17.0/opam          | 29 +++++++++
 .../record_builder/record_builder.v0.17.0/opam     | 30 +++++++++
 packages/redis-async/redis-async.v0.17.0/opam      | 34 ++++++++++
 .../regex_parser_intf.v0.17.0/opam                 | 24 ++++++++
 .../resource_cache/resource_cache.v0.17.0/opam     | 30 +++++++++
 packages/rpc_parallel/rpc_parallel.v0.17.0/opam    | 33 ++++++++++
 packages/sanddb/sanddb.0.1/opam                    |  2 +-
 packages/sanddb/sanddb.0.2/opam                    |  2 +-
 packages/sanddb/sanddb.0.3.0/opam                  |  2 +-
 packages/sarif/sarif.0.2.1/opam                    |  2 +-
 packages/sarif/sarif.0.3.0/opam                    |  2 +-
 packages/sarif/sarif.0.3.1/opam                    |  2 +-
 .../semantic_version/semantic_version.v0.17.0/opam | 27 ++++++++
 .../sequencer_table/sequencer_table.v0.17.0/opam   | 27 ++++++++
 packages/sexp/sexp.v0.17.0/opam                    | 40 ++++++++++++
 packages/sexp_diff/sexp_diff.v0.17.0/opam          | 27 ++++++++
 packages/sexp_grammar/sexp_grammar.v0.17.0/opam    | 32 ++++++++++
 packages/sexp_macro/sexp_macro.v0.17.0/opam        | 29 +++++++++
 packages/sexp_pretty/sexp_pretty.v0.17.0/opam      | 29 +++++++++
 packages/sexp_select/sexp_select.v0.17.0/opam      | 28 +++++++++
 .../sexp_string_quickcheck.v0.17.0/opam            | 29 +++++++++
 packages/sexplib/sexplib.v0.17.0/opam              | 30 +++++++++
 packages/shell/shell.v0.17.0/opam                  | 31 ++++++++++
 packages/shexp/shexp.v0.17.0/opam                  | 30 +++++++++
 packages/sihl-core/sihl-core.0.2.0/opam            |  2 +-
 packages/sihl-core/sihl-core.0.2.1/opam            |  2 +-
 packages/sihl-core/sihl-core.0.2.2/opam            |  2 +-
 packages/sihl-core/sihl-core.0.3.0~rc1/opam        |  2 +-
 packages/spin/spin.0.5.0/opam                      |  2 +-
 packages/spin/spin.0.5.1/opam                      |  2 +-
 packages/splay_tree/splay_tree.v0.17.0/opam        | 36 +++++++++++
 .../splittable_random.v0.17.0/opam                 | 36 +++++++++++
 packages/sqlite3/sqlite3.4.4.1/opam                |  2 +-
 packages/stdio/stdio.v0.17.0/opam                  | 28 +++++++++
 .../stored_reversed/stored_reversed.v0.17.0/opam   | 26 ++++++++
 packages/streamable/streamable.v0.17.0/opam        | 31 ++++++++++
 packages/string_dict/string_dict.v0.17.0/opam      | 32 ++++++++++
 packages/tensorboard/tensorboard.0.0.1/opam        |  2 +-
 packages/textutils/textutils.v0.17.0/opam          | 28 +++++++++
 .../textutils_kernel/textutils_kernel.v0.17.0/opam | 26 ++++++++
 packages/tilde_f/tilde_f.v0.17.0/opam              | 26 ++++++++
 packages/time_now/time_now.v0.17.0/opam            | 30 +++++++++
 packages/timezone/timezone.v0.17.0/opam            | 27 ++++++++
 packages/tldr/tldr.0.3.0/opam                      |  2 +-
 .../toplevel_backend/toplevel_backend.v0.17.0/opam | 29 +++++++++
 .../toplevel_expect_test.v0.17.0/opam              | 39 ++++++++++++
 .../topological_sort/topological_sort.v0.17.0/opam | 28 +++++++++
 packages/torch/torch.0.10/opam                     |  2 +-
 packages/torch/torch.0.11/opam                     |  2 +-
 packages/torch/torch.0.12/opam                     |  2 +-
 packages/torch/torch.0.13/opam                     |  2 +-
 packages/torch/torch.0.14/opam                     |  2 +-
 packages/torch/torch.0.15/opam                     |  2 +-
 packages/torch/torch.0.16/opam                     |  2 +-
 packages/torch/torch.0.17/opam                     |  2 +-
 packages/torch/torch.0.5/opam                      |  2 +-
 packages/torch/torch.0.6/opam                      |  2 +-
 packages/torch/torch.0.7/opam                      |  2 +-
 packages/torch/torch.0.8/opam                      |  2 +-
 packages/torch/torch.0.9/opam                      |  2 +-
 packages/torch/torch.v0.17.0/opam                  | 44 +++++++++++++
 packages/tracing/tracing.v0.17.0/opam              | 29 +++++++++
 packages/travesty/travesty.0.8.0/opam              |  2 +-
 packages/typerep/typerep.v0.17.0/opam              | 24 ++++++++
 packages/uopt/uopt.v0.17.0/opam                    | 26 ++++++++
 .../user-agent-parser/user-agent-parser.0.1.3/opam |  2 +-
 .../user-agent-parser/user-agent-parser.0.2.0/opam |  2 +-
 .../username_kernel/username_kernel.v0.17.0/opam   | 26 ++++++++
 packages/variantslib/variantslib.v0.17.0/opam      | 27 ++++++++
 packages/vcaml/vcaml.v0.17.0/opam                  | 57 +++++++++++++++++
 .../versioned_polling_state_rpc.v0.17.0/opam       | 29 +++++++++
 packages/virtual_dom/virtual_dom.v0.17.0/opam      | 38 ++++++++++++
 .../virtual_dom_toplayer.v0.17.0/opam              | 32 ++++++++++
 packages/wasmtime/wasmtime.0.0.1/opam              |  2 +-
 packages/wasmtime/wasmtime.0.0.2/opam              |  2 +-
 packages/wasmtime/wasmtime.0.0.3/opam              |  2 +-
 .../zarith_stubs_js/zarith_stubs_js.v0.17.0/opam   | 25 ++++++++
 packages/zstandard/zstandard.v0.17.0/opam          | 29 +++++++++
 329 files changed, 6739 insertions(+), 114 deletions(-)
 create mode 100644 packages/abstract_algebra/abstract_algebra.v0.17.0/opam
 create mode 100644 packages/accessor/accessor.v0.17.0/opam
 create mode 100644 packages/accessor_async/accessor_async.v0.17.0/opam
 create mode 100644 packages/accessor_base/accessor_base.v0.17.0/opam
 create mode 100644 packages/accessor_core/accessor_core.v0.17.0/opam
 create mode 100644 packages/async/async.v0.17.0/opam
 create mode 100644 packages/async_durable/async_durable.v0.17.0/opam
 create mode 100644 packages/async_extra/async_extra.v0.17.0/opam
 create mode 100644 packages/async_find/async_find.v0.17.0/opam
 create mode 100644 packages/async_inotify/async_inotify.v0.17.0/opam
 create mode 100644 packages/async_interactive/async_interactive.v0.17.0/opam
 create mode 100644 packages/async_js/async_js.v0.17.0/opam
 create mode 100644 packages/async_kernel/async_kernel.v0.17.0/opam
 create mode 100644 packages/async_log/async_log.v0.17.0/opam
 create mode 100644 packages/async_rpc_kernel/async_rpc_kernel.v0.17.0/opam
 create mode 100644 packages/async_rpc_websocket/async_rpc_websocket.v0.17.0/opam
 create mode 100644 packages/async_sendfile/async_sendfile.v0.17.0/opam
 create mode 100644 packages/async_shell/async_shell.v0.17.0/opam
 create mode 100644 packages/async_smtp/async_smtp.v0.17.0/opam
 create mode 100644 packages/async_ssl/async_ssl.v0.17.0/opam
 create mode 100644 packages/async_udp/async_udp.v0.17.0/opam
 create mode 100644 packages/async_unix/async_unix.v0.17.0/opam
 create mode 100644 packages/async_websocket/async_websocket.v0.17.0/opam
 create mode 100644 packages/babel/babel.v0.17.0/opam
 create mode 100644 packages/base_bigstring/base_bigstring.v0.17.0/opam
 create mode 100644 packages/base_quickcheck/base_quickcheck.v0.17.0/opam
 create mode 100644 packages/base_trie/base_trie.v0.17.0/opam
 create mode 100644 packages/bidirectional_map/bidirectional_map.v0.17.0/opam
 create mode 100644 packages/bigdecimal/bigdecimal.v0.17.0/opam
 create mode 100644 packages/bignum/bignum.v0.17.0/opam
 create mode 100644 packages/bin_prot/bin_prot.v0.17.0/opam
 create mode 100644 packages/bonsai/bonsai.v0.17.0/opam
 create mode 100644 packages/capitalization/capitalization.v0.17.0/opam
 create mode 100644 packages/codicons/codicons.v0.17.0/opam
 create mode 100644 packages/cohttp_async_websocket/cohttp_async_websocket.v0.17.0/opam
 create mode 100644 packages/cohttp_static_handler/cohttp_static_handler.v0.17.0/opam
 create mode 100644 packages/command_rpc/command_rpc.v0.17.0/opam
 create mode 100644 packages/content_security_policy/content_security_policy.v0.17.0/opam
 create mode 100644 packages/core/core.v0.17.0/opam
 create mode 100644 packages/core_bench/core_bench.v0.17.0/opam
 create mode 100644 packages/core_extended/core_extended.v0.17.0/opam
 create mode 100644 packages/core_kernel/core_kernel.v0.17.0/opam
 create mode 100644 packages/core_profiler/core_profiler.v0.17.0/opam
 create mode 100644 packages/core_unix/core_unix.v0.17.0/opam
 create mode 100644 packages/csvfields/csvfields.v0.17.0/opam
 create mode 100644 packages/dedent/dedent.v0.17.0/opam
 create mode 100644 packages/delimited_parsing/delimited_parsing.v0.17.0/opam
 create mode 100644 packages/ecaml/ecaml.v0.17.0/opam
 create mode 100644 packages/email_message/email_message.v0.17.0/opam
 create mode 100644 packages/env_config/env_config.v0.17.0/opam
 create mode 100644 packages/expect_test_helpers_async/expect_test_helpers_async.v0.17.0/opam
 create mode 100644 packages/expect_test_helpers_core/expect_test_helpers_core.v0.17.0/opam
 create mode 100644 packages/fieldslib/fieldslib.v0.17.0/opam
 create mode 100644 packages/file_path/file_path.v0.17.0/opam
 create mode 100644 packages/fuzzy_match/fuzzy_match.v0.17.0/opam
 create mode 100644 packages/fzf/fzf.v0.17.0/opam
 create mode 100644 packages/gel/gel.v0.17.0/opam
 create mode 100644 packages/hardcaml/hardcaml.v0.17.0/opam
 create mode 100644 packages/hardcaml_axi/hardcaml_axi.v0.17.0/opam
 create mode 100644 packages/hardcaml_c/hardcaml_c.v0.17.0/opam
 create mode 100644 packages/hardcaml_circuits/hardcaml_circuits.v0.17.0/opam
 create mode 100644 packages/hardcaml_event_driven_sim/hardcaml_event_driven_sim.v0.17.0/opam
 create mode 100644 packages/hardcaml_fixed_point/hardcaml_fixed_point.v0.17.0/opam
 create mode 100644 packages/hardcaml_handshake/hardcaml_handshake.v0.17.0/opam
 create mode 100644 packages/hardcaml_of_verilog/hardcaml_of_verilog.v0.17.0/opam
 create mode 100644 packages/hardcaml_step_testbench/hardcaml_step_testbench.v0.17.0/opam
 create mode 100644 packages/hardcaml_verify/hardcaml_verify.v0.17.0/opam
 create mode 100644 packages/hardcaml_verilator/hardcaml_verilator.v0.17.0/opam
 create mode 100644 packages/hardcaml_waveterm/hardcaml_waveterm.v0.17.0/opam
 create mode 100644 packages/hardcaml_xilinx/hardcaml_xilinx.v0.17.0/opam
 create mode 100644 packages/hardcaml_xilinx_components/hardcaml_xilinx_components.v0.17.0/opam
 create mode 100644 packages/hardcaml_xilinx_reports/hardcaml_xilinx_reports.v0.17.0/opam
 create mode 100644 packages/hex_encode/hex_encode.v0.17.0/opam
 create mode 100644 packages/hg_lib/hg_lib.v0.17.0/opam
 create mode 100644 packages/higher_kinded/higher_kinded.v0.17.0/opam
 create mode 100644 packages/incr_dom/incr_dom.v0.17.0/opam
 create mode 100644 packages/incr_dom_interactive/incr_dom_interactive.v0.17.0/opam
 create mode 100644 packages/incr_dom_partial_render/incr_dom_partial_render.v0.17.0/opam
 create mode 100644 packages/incr_dom_sexp_form/incr_dom_sexp_form.v0.17.0/opam
 create mode 100644 packages/incr_map/incr_map.v0.17.0/opam
 create mode 100644 packages/incr_select/incr_select.v0.17.0/opam
 create mode 100644 packages/incremental/incremental.v0.17.0/opam
 create mode 100644 packages/indentation_buffer/indentation_buffer.v0.17.0/opam
 create mode 100644 packages/int_repr/int_repr.v0.17.0/opam
 create mode 100644 packages/jane-street-headers/jane-street-headers.v0.17.0/opam
 create mode 100644 packages/jane_rope/jane_rope.v0.17.0/opam
 create mode 100644 packages/janestreet_cpuid/janestreet_cpuid.v0.17.0/opam
 create mode 100644 packages/janestreet_csv/janestreet_csv.v0.17.0/opam
 create mode 100644 packages/janestreet_lru_cache/janestreet_lru_cache.v0.17.0/opam
 create mode 100644 packages/js_of_ocaml_patches/js_of_ocaml_patches.v0.17.0/opam
 create mode 100644 packages/jsonaf/jsonaf.v0.17.0/opam
 create mode 100644 packages/jst-config/jst-config.v0.17.0/opam
 create mode 100644 packages/legacy_diffable/legacy_diffable.v0.17.0/opam
 create mode 100644 packages/line-up-words/line-up-words.v0.17.0/opam
 create mode 100644 packages/man_in_the_middle_debugger/man_in_the_middle_debugger.v0.17.0/opam
 create mode 100644 packages/memtrace_viewer/memtrace_viewer.v0.17.0/opam
 create mode 100644 packages/mlt_parser/mlt_parser.v0.17.0/opam
 create mode 100644 packages/n_ary/n_ary.v0.17.0/opam
 create mode 100644 packages/netsnmp/netsnmp.v0.17.0/opam
 create mode 100644 packages/notty_async/notty_async.v0.17.0/opam
 create mode 100644 packages/numeric_string/numeric_string.v0.17.0/opam
 create mode 100644 packages/ocaml-embed-file/ocaml-embed-file.v0.17.0/opam
 create mode 100644 packages/ocaml-probes/ocaml-probes.v0.17.0/opam
 create mode 100644 packages/ocaml_intrinsics/ocaml_intrinsics.v0.17.0/opam
 create mode 100644 packages/ocaml_openapi_generator/ocaml_openapi_generator.v0.17.0/opam
 create mode 100644 packages/of_json/of_json.v0.17.0/opam
 create mode 100644 packages/ordinal_abbreviation/ordinal_abbreviation.v0.17.0/opam
 create mode 100644 packages/pam/pam.v0.17.0/opam
 create mode 100644 packages/parsexp/parsexp.v0.17.0/opam
 create mode 100644 packages/parsexp_io/parsexp_io.v0.17.0/opam
 create mode 100644 packages/patdiff/patdiff.v0.17.0/opam
 create mode 100644 packages/patience_diff/patience_diff.v0.17.0/opam
 create mode 100644 packages/polling_state_rpc/polling_state_rpc.v0.17.0/opam
 create mode 100644 packages/posixat/posixat.v0.17.0/opam
 create mode 100644 packages/postgres_async/postgres_async.v0.17.0/opam
 create mode 100644 packages/ppx_accessor/ppx_accessor.v0.17.0/opam
 create mode 100644 packages/ppx_assert/ppx_assert.v0.17.0/opam
 create mode 100644 packages/ppx_base/ppx_base.v0.17.0/opam
 create mode 100644 packages/ppx_bench/ppx_bench.v0.17.0/opam
 create mode 100644 packages/ppx_bin_prot/ppx_bin_prot.v0.17.0/opam
 create mode 100644 packages/ppx_cold/ppx_cold.v0.17.0/opam
 create mode 100644 packages/ppx_compare/ppx_compare.v0.17.0/opam
 create mode 100644 packages/ppx_conv_func/ppx_conv_func.v0.17.0/opam
 create mode 100644 packages/ppx_css/ppx_css.v0.17.0/opam
 create mode 100644 packages/ppx_csv_conv/ppx_csv_conv.v0.17.0/opam
 create mode 100644 packages/ppx_custom_printf/ppx_custom_printf.v0.17.0/opam
 create mode 100644 packages/ppx_demo/ppx_demo.v0.17.0/opam
 create mode 100644 packages/ppx_derive_at_runtime/ppx_derive_at_runtime.v0.17.0/opam
 create mode 100644 packages/ppx_diff/ppx_diff.v0.17.0/opam
 create mode 100644 packages/ppx_disable_unused_warnings/ppx_disable_unused_warnings.v0.17.0/opam
 create mode 100644 packages/ppx_embed_file/ppx_embed_file.v0.17.0/opam
 create mode 100644 packages/ppx_enumerate/ppx_enumerate.v0.17.0/opam
 create mode 100644 packages/ppx_expect/ppx_expect.v0.17.0/opam
 create mode 100644 packages/ppx_fields_conv/ppx_fields_conv.v0.17.0/opam
 create mode 100644 packages/ppx_fixed_literal/ppx_fixed_literal.v0.17.0/opam
 create mode 100644 packages/ppx_globalize/ppx_globalize.v0.17.0/opam
 create mode 100644 packages/ppx_hardcaml/ppx_hardcaml.v0.17.0/opam
 create mode 100644 packages/ppx_hash/ppx_hash.v0.17.0/opam
 create mode 100644 packages/ppx_here/ppx_here.v0.17.0/opam
 create mode 100644 packages/ppx_ignore_instrumentation/ppx_ignore_instrumentation.v0.17.0/opam
 create mode 100644 packages/ppx_inline_test/ppx_inline_test.v0.17.0/opam
 create mode 100644 packages/ppx_jane/ppx_jane.v0.17.0/opam
 create mode 100644 packages/ppx_js_style/ppx_js_style.v0.17.0/opam
 create mode 100644 packages/ppx_jsonaf_conv/ppx_jsonaf_conv.v0.17.0/opam
 create mode 100644 packages/ppx_let/ppx_let.v0.17.0/opam
 create mode 100644 packages/ppx_log/ppx_log.v0.17.0/opam
 create mode 100644 packages/ppx_module_timer/ppx_module_timer.v0.17.0/opam
 create mode 100644 packages/ppx_optcomp/ppx_optcomp.v0.17.0/opam
 create mode 100644 packages/ppx_optional/ppx_optional.v0.17.0/opam
 create mode 100644 packages/ppx_pattern_bind/ppx_pattern_bind.v0.17.0/opam
 create mode 100644 packages/ppx_pipebang/ppx_pipebang.v0.17.0/opam
 create mode 100644 packages/ppx_python/ppx_python.v0.17.0/opam
 create mode 100644 packages/ppx_quick_test/ppx_quick_test.v0.17.0/opam
 create mode 100644 packages/ppx_sexp_conv/ppx_sexp_conv.v0.17.0/opam
 create mode 100644 packages/ppx_sexp_message/ppx_sexp_message.v0.17.0/opam
 create mode 100644 packages/ppx_sexp_value/ppx_sexp_value.v0.17.0/opam
 create mode 100644 packages/ppx_stable/ppx_stable.v0.17.0/opam
 create mode 100644 packages/ppx_stable_witness/ppx_stable_witness.v0.17.0/opam
 create mode 100644 packages/ppx_string/ppx_string.v0.17.0/opam
 create mode 100644 packages/ppx_string_conv/ppx_string_conv.v0.17.0/opam
 create mode 100644 packages/ppx_tydi/ppx_tydi.v0.17.0/opam
 create mode 100644 packages/ppx_typed_fields/ppx_typed_fields.v0.17.0/opam
 create mode 100644 packages/ppx_typerep_conv/ppx_typerep_conv.v0.17.0/opam
 create mode 100644 packages/ppx_variants_conv/ppx_variants_conv.v0.17.0/opam
 create mode 100644 packages/ppx_xml_conv/ppx_xml_conv.v0.17.0/opam
 create mode 100644 packages/ppx_yojson_conv/ppx_yojson_conv.v0.17.0/opam
 create mode 100644 packages/ppx_yojson_conv_lib/ppx_yojson_conv_lib.v0.17.0/opam
 create mode 100644 packages/ppxlib_jane/ppxlib_jane.v0.17.0/opam
 create mode 100644 packages/profunctor/profunctor.v0.17.0/opam
 create mode 100644 packages/protocol_version_header/protocol_version_header.v0.17.0/opam
 create mode 100644 packages/re2/re2.v0.17.0/opam
 create mode 100644 packages/re_parser/re_parser.v0.17.0/opam
 create mode 100644 packages/record_builder/record_builder.v0.17.0/opam
 create mode 100644 packages/redis-async/redis-async.v0.17.0/opam
 create mode 100644 packages/regex_parser_intf/regex_parser_intf.v0.17.0/opam
 create mode 100644 packages/resource_cache/resource_cache.v0.17.0/opam
 create mode 100644 packages/rpc_parallel/rpc_parallel.v0.17.0/opam
 create mode 100644 packages/semantic_version/semantic_version.v0.17.0/opam
 create mode 100644 packages/sequencer_table/sequencer_table.v0.17.0/opam
 create mode 100644 packages/sexp/sexp.v0.17.0/opam
 create mode 100644 packages/sexp_diff/sexp_diff.v0.17.0/opam
 create mode 100644 packages/sexp_grammar/sexp_grammar.v0.17.0/opam
 create mode 100644 packages/sexp_macro/sexp_macro.v0.17.0/opam
 create mode 100644 packages/sexp_pretty/sexp_pretty.v0.17.0/opam
 create mode 100644 packages/sexp_select/sexp_select.v0.17.0/opam
 create mode 100644 packages/sexp_string_quickcheck/sexp_string_quickcheck.v0.17.0/opam
 create mode 100644 packages/sexplib/sexplib.v0.17.0/opam
 create mode 100644 packages/shell/shell.v0.17.0/opam
 create mode 100644 packages/shexp/shexp.v0.17.0/opam
 create mode 100644 packages/splay_tree/splay_tree.v0.17.0/opam
 create mode 100644 packages/splittable_random/splittable_random.v0.17.0/opam
 create mode 100644 packages/stdio/stdio.v0.17.0/opam
 create mode 100644 packages/stored_reversed/stored_reversed.v0.17.0/opam
 create mode 100644 packages/streamable/streamable.v0.17.0/opam
 create mode 100644 packages/string_dict/string_dict.v0.17.0/opam
 create mode 100644 packages/textutils/textutils.v0.17.0/opam
 create mode 100644 packages/textutils_kernel/textutils_kernel.v0.17.0/opam
 create mode 100644 packages/tilde_f/tilde_f.v0.17.0/opam
 create mode 100644 packages/time_now/time_now.v0.17.0/opam
 create mode 100644 packages/timezone/timezone.v0.17.0/opam
 create mode 100644 packages/toplevel_backend/toplevel_backend.v0.17.0/opam
 create mode 100644 packages/toplevel_expect_test/toplevel_expect_test.v0.17.0/opam
 create mode 100644 packages/topological_sort/topological_sort.v0.17.0/opam
 create mode 100644 packages/torch/torch.v0.17.0/opam
 create mode 100644 packages/tracing/tracing.v0.17.0/opam
 create mode 100644 packages/typerep/typerep.v0.17.0/opam
 create mode 100644 packages/uopt/uopt.v0.17.0/opam
 create mode 100644 packages/username_kernel/username_kernel.v0.17.0/opam
 create mode 100644 packages/variantslib/variantslib.v0.17.0/opam
 create mode 100644 packages/vcaml/vcaml.v0.17.0/opam
 create mode 100644 packages/versioned_polling_state_rpc/versioned_polling_state_rpc.v0.17.0/opam
 create mode 100644 packages/virtual_dom/virtual_dom.v0.17.0/opam
 create mode 100644 packages/virtual_dom_toplayer/virtual_dom_toplayer.v0.17.0/opam
 create mode 100644 packages/zarith_stubs_js/zarith_stubs_js.v0.17.0/opam
 create mode 100644 packages/zstandard/zstandard.v0.17.0/opam

[01;34m(from ocaml/opam:debian-12-ocaml-4.14-no-flat-float-array@sha256:b6afde2a288674792e525f5f3106d66940f3c95a801baa231f8aacf37af0ee56)[0m
Unable to find image 'ocaml/opam:debian-12-ocaml-4.14-no-flat-float-array@sha256:b6afde2a288674792e525f5f3106d66940f3c95a801baa231f8aacf37af0ee56' locally
docker.io/ocaml/opam@sha256:b6afde2a288674792e525f5f3106d66940f3c95a801baa231f8aacf37af0ee56: Pulling from ocaml/opam
3da6d2f0cd37: Pulling fs layer
3da6d2f0cd37: Download complete
3da6d2f0cd37: Pull complete
Digest: sha256:b6afde2a288674792e525f5f3106d66940f3c95a801baa231f8aacf37af0ee56
Status: Downloaded newer image for ocaml/opam@sha256:b6afde2a288674792e525f5f3106d66940f3c95a801baa231f8aacf37af0ee56
[01;2m[01;35m2024-05-16 17:01.59 ---> using "831b83cc8b4a072f1505efb8ef1cb17e7f12cfb75244e12613ade6851ae7d7b3" from cache[0m

[01;34m/: (user (uid 1000) (gid 1000))[0m

[01;34m/: (workdir /home/opam)[0m

[01;34m/home/opam: (run (shell "sudo ln -f /usr/bin/opam-dev /usr/bin/opam"))[0m
[01;2m[01;35m2024-05-16 17:01.59 ---> using "8e66e040aec2545f317688b20df88f75b12c4e81c69c4b88ada2b0a86a729b15" from cache[0m

[01;34m/home/opam: (run (network host)
                 (shell "opam init --reinit --config .opamrc-sandbox -ni"))[0m
Configuring from /home/opam/.opamrc-sandbox, then /home/opam/.opamrc, and finally from built-in defaults.
Checking for available remotes: rsync and local, git.
  - you won't be able to use mercurial repositories unless you install the hg command on your system.
  - you won't be able to use darcs repositories unless you install the darcs command on your system.

This development version of opam requires an update to the layout of /home/opam/.opam from version 2.0 to version 2.2~beta, which can't be reverted.
You may want to back it up before going further.

Continue? [y/n] y
Format upgrade done.

<><> Updating repositories ><><><><><><><><><><><><><><><><><><><><><><><><><><>
[default] synchronised from file:///home/opam/opam-repository
[01;2m[01;35m2024-05-16 17:01.59 ---> using "5234a17e09d050e2ef754c05e09a01675e5cb33dd2723a21741cf1aaee9c4a88" from cache[0m

[01;34m/home/opam: (run (shell "uname -rs && opam exec -- ocaml -version && opam --version"))[0m
Linux 5.15.0-107-generic
The OCaml toplevel, version 4.14.2
2.2.0~beta3~dev
[01;2m[01;35m2024-05-16 17:01.59 ---> using "03f800e0f42ac74b93122d40922fac86e479719ceab0084ab6435018bbd5075b" from cache[0m

[01;34m/home/opam: (env OPAMDOWNLOADJOBS 1)[0m

[01;34m/home/opam: (env OPAMERRLOGLEN 0)[0m

[01;34m/home/opam: (env OPAMSOLVERTIMEOUT 500)[0m

[01;34m/home/opam: (env OPAMPRECISETRACKING 1)[0m

[01;34m/home/opam: (env CI true)[0m

[01;34m/home/opam: (env OPAM_REPO_CI true)[0m

[01;34m/home/opam: (run (shell "rm -rf opam-repository/"))[0m
[01;2m[01;35m2024-05-16 17:01.59 ---> using "f74cf88b0e8f0f4c6b374ae739070d8dba2f8cf13aae44d1557a903dcb3b9b79" from cache[0m

[01;34m/home/opam: (copy (src .) (dst opam-repository/))[0m
[01;2m[01;35m2024-05-16 17:02.01 ---> using "93b71c2eaad73a23105cf5cb91a39f75937a50fb4a65a27210ec2d198386bd26" from cache[0m

[01;34m/home/opam: (run (shell "opam repository set-url --strict default opam-repository/"))[0m
[default] Initialised
[01;2m[01;35m2024-05-16 17:02.01 ---> using "aa04f35c02b86c808be4221ea54a9ae5db32c8ac6da36d5c9069112e3c52953f" from cache[0m

[01;34m/home/opam: (run (network host)
                 (shell "opam update --depexts || true"))[0m
+ /usr/bin/sudo "apt-get" "update"
- Hit:1 http://deb.debian.org/debian bookworm InRelease
- Get:2 http://deb.debian.org/debian bookworm-updates InRelease [55.4 kB]
- Get:3 http://deb.debian.org/debian-security bookworm-security InRelease [48.0 kB]
- Get:4 http://deb.debian.org/debian-security bookworm-security/main amd64 Packages [156 kB]
- Fetched 259 kB in 0s (1108 kB/s)
- Reading package lists...
[01;2m[01;35m2024-05-16 17:02.01 ---> using "331ad44cecce15c376d99af85ea4b4e28b47b67e1bcdf4f1c6f0a3e44ecf35a0" from cache[0m

[01;34m/home/opam: (run (shell "opam pin add -k version -yn sihl-core.0.2.2 0.2.2"))[0m
sihl-core is now pinned to version 0.2.2
[01;2m[01;35m2024-05-16 17:02.02 ---> saved as "696a71d317c07393b80a47de93dfe29bc7e8802a4e144abd616090ac137b563a"[0m

[01;34m/home/opam: (run (cache (opam-archives (target /home/opam/.opam/download-cache)))
                 (network host)
                 (shell  "opam reinstall sihl-core.0.2.2;\
                        \n        res=$?;\
                        \n        test \"$res\" != 31 && exit \"$res\";\
                        \n        export OPAMCLI=2.0;\
                        \n        build_dir=$(opam var prefix)/.opam-switch/build;\
                        \n        failed=$(ls \"$build_dir\");\
                        \n        partial_fails=\"\";\
                        \n        for pkg in $failed; do\
                        \n          if opam show -f x-ci-accept-failures: \"$pkg\" | grep -qF \"\\\"debian-12\\\"\"; then\
                        \n            echo \"A package failed and has been disabled for CI using the 'x-ci-accept-failures' field.\";\
                        \n          fi;\
                        \n          test \"$pkg\" != 'sihl-core.0.2.2' && partial_fails=\"$partial_fails $pkg\";\
                        \n        done;\
                        \n        test \"${partial_fails}\" != \"\" && echo \"opam-repo-ci detected dependencies failing: ${partial_fails}\";\
                        \n        exit 1"))[0m
sihl-core.0.2.2 is not installed. Install it? [y/n] y
The following actions will be performed:
=== install 71 packages
  - install angstrom            0.16.0         [required by caqti]
  - install asn1-combinators    0.2.6          [required by x509]
  - install base                v0.16.3        [required by ppx_fields_conv, ppx_sexp_conv]
  - install base-bytes          base           [required by ocplib-endian]
  - install base64              3.5.1          [required by jwto]
  - install bigstringaf         0.9.1          [required by caqti]
  - install caqti               1.9.0          [required by sihl-core]
  - install conf-bash           1              [required by base]
  - install conf-gmp            4              [required by conf-gmp-powm-sec, zarith]
  - install conf-gmp-powm-sec   3              [required by mirage-crypto-pk]
  - install conf-libssl         4              [required by ssl]
  - install conf-pkg-config     3              [required by conf-libssl]
  - install conformist          0.2.1          [required by sihl-core]
  - install containers          3.13.1         [required by tsort]
  - install cppo                1.6.9          [required by caqti]
  - install csexp               1.5.2          [required by dune-configurator]
  - install cstruct             6.2.0          [required by tls]
  - install digestif            1.2.0          [required by jwto]
  - install domain-name         0.4.0          [required by tls]
  - install dune                3.15.2         [required by sihl-core]
  - install dune-configurator   3.15.2         [required by mirage-crypto-ec, ssl, base, containers]
  - install duration            0.2.1          [required by mirage-crypto-rng]
  - install either              1.0.0          [required by containers]
  - install eqaf                0.9            [required by mirage-crypto-ec, digestif, mirage-crypto-pk]
  - install fieldslib           v0.16.0        [required by ppx_fields_conv]
  - install fmt                 0.9.0          [required by sihl-core]
  - install gmap                0.3.0          [required by x509]
  - install hkdf                1.0.4          [required by tls]
  - install ipaddr              5.5.0          [required by tls]
  - install jwto                0.4.0          [required by sihl-core]
  - install logs                0.7.0          [required by sihl-core]
  - install lwt                 5.7.0          [required by lwt_ssl]
  - install lwt_ssl             1.2.0          [required by sihl-core]
  - install macaddr             5.5.0          [required by ipaddr]
  - install mirage-crypto       0.11.3         [required by tls]
  - install mirage-crypto-ec    0.11.3         [required by tls]
  - install mirage-crypto-pk    0.11.3         [required by tls]
  - install mirage-crypto-rng   0.11.3         [required by tls]
  - install num                 1.5            [required by sexplib]
  - install ocaml-compiler-libs v0.12.4        [required by ppxlib]
  - install ocaml-syntax-shims  1.0.0          [required by angstrom]
  - install ocamlbuild          0.14.3         [required by uuidm]
  - install ocamlfind           1.9.6          [required by uuidm]
  - install ocplib-endian       1.2            [required by lwt]
  - install parsexp             v0.16.0        [required by sexplib]
  - install pbkdf               1.2.0          [required by x509]
  - install ppx_derivers        1.2.1          [required by ppx_deriving]
  - install ppx_deriving        5.2.1          [required by jwto, ppx_deriving_yojson]
  - install ppx_deriving_yojson 3.7.0          [required by sihl-core]
  - install ppx_fields_conv     v0.16.0        [required by sihl-core]
  - install ppx_sexp_conv       v0.16.0        [required by sihl-core]
  - install ppxlib              0.32.1         [required by ppx_fields_conv, ppx_deriving_yojson, ppx_sexp_conv]
  - install ptime               1.1.0          [required by caqti]
  - install re                  1.11.0         [required by jwto]
  - install result              1.5            [required by ppx_deriving_yojson]
  - install safepass            3.1            [required by sihl-core]
  - install seq                 base           [required by re, yojson]
  - install sexplib             v0.16.0        [required by sihl-core]
  - install sexplib0            v0.16.0        [required by ppx_sexp_conv, sexplib]
  - install sihl-core           0.2.2 (pinned)
  - install ssl                 0.7.0          [required by sihl-core]
  - install stdlib-shims        0.3.0          [required by ppxlib]
  - install stringext           1.6.0          [required by uri]
  - install tls                 0.17.5         [required by sihl-core]
  - install topkg               1.0.7          [required by uuidm]
  - install tsort               2.0.0          [required by sihl-core]
  - install uri                 4.4.0          [required by caqti]
  - install uuidm               0.9.8          [required by sihl-core]
  - install x509                0.16.5         [required by tls]
  - install yojson              2.1.2          [required by sihl-core]
  - install zarith              1.13           [required by mirage-crypto-pk]

The following system packages will first need to be installed:
    libgmp-dev libssl-dev pkg-config

<><> Handling external dependencies <><><><><><><><><><><><><><><><><><><><><><>

opam believes some required external dependencies are missing. opam can:
> 1. Run apt-get to install them (may need root/sudo access)
  2. Display the recommended apt-get command and wait while you run it manually (e.g. in another terminal)
  3. Continue anyway, and, upon success, permanently register that this external dependency is present, but not detectable
  4. Abort the installation

[1/2/3/4] 1

+ /usr/bin/sudo "apt-get" "install" "-qq" "-yy" "libgmp-dev" "libssl-dev" "pkg-config"
- debconf: delaying package configuration, since apt-utils is not installed
- Selecting previously unselected package libgmpxx4ldbl:amd64.
- (Reading database ... (Reading database ... 5%(Reading database ... 10%(Reading database ... 15%(Reading database ... 20%(Reading database ... 25%(Reading database ... 30%(Reading database ... 35%(Reading database ... 40%(Reading database ... 45%(Reading database ... 50%(Reading database ... 55%(Reading database ... 60%(Reading database ... 65%(Reading database ... 70%(Reading database ... 75%(Reading database ... 80%(Reading database ... 85%(Reading database ... 90%(Reading database ... 95%(Reading database ... 100%(Reading database ... 18735 files and directories currently installed.)
- Preparing to unpack .../0-libgmpxx4ldbl_2%3a6.2.1+dfsg1-1.1_amd64.deb ...
- Unpacking libgmpxx4ldbl:amd64 (2:6.2.1+dfsg1-1.1) ...
- Selecting previously unselected package libgmp-dev:amd64.
- Preparing to unpack .../1-libgmp-dev_2%3a6.2.1+dfsg1-1.1_amd64.deb ...
- Unpacking libgmp-dev:amd64 (2:6.2.1+dfsg1-1.1) ...
- Selecting previously unselected package libpkgconf3:amd64.
- Preparing to unpack .../2-libpkgconf3_1.8.1-1_amd64.deb ...
- Unpacking libpkgconf3:amd64 (1.8.1-1) ...
- Selecting previously unselected package libssl-dev:amd64.
- Preparing to unpack .../3-libssl-dev_3.0.11-1~deb12u2_amd64.deb ...
- Unpacking libssl-dev:amd64 (3.0.11-1~deb12u2) ...
- Selecting previously unselected package pkgconf-bin.
- Preparing to unpack .../4-pkgconf-bin_1.8.1-1_amd64.deb ...
- Unpacking pkgconf-bin (1.8.1-1) ...
- Selecting previously unselected package pkgconf:amd64.
- Preparing to unpack .../5-pkgconf_1.8.1-1_amd64.deb ...
- Unpacking pkgconf:amd64 (1.8.1-1) ...
- Selecting previously unselected package pkg-config:amd64.
- Preparing to unpack .../6-pkg-config_1.8.1-1_amd64.deb ...
- Unpacking pkg-config:amd64 (1.8.1-1) ...
- Setting up libpkgconf3:amd64 (1.8.1-1) ...
- Setting up libgmpxx4ldbl:amd64 (2:6.2.1+dfsg1-1.1) ...
- Setting up libssl-dev:amd64 (3.0.11-1~deb12u2) ...
- Setting up pkgconf-bin (1.8.1-1) ...
- Setting up libgmp-dev:amd64 (2:6.2.1+dfsg1-1.1) ...
- Setting up pkgconf:amd64 (1.8.1-1) ...
- Setting up pkg-config:amd64 (1.8.1-1) ...
- Processing triggers for libc-bin (2.36-9+deb12u7) ...

<><> Processing actions <><><><><><><><><><><><><><><><><><><><><><><><><><><><>
-> retrieved angstrom.0.16.0  (cached)
-> retrieved asn1-combinators.0.2.6  (cached)
-> retrieved base.v0.16.3  (cached)
-> retrieved base64.3.5.1  (cached)
-> retrieved bigstringaf.0.9.1  (cached)
-> retrieved caqti.1.9.0  (cached)
-> retrieved conformist.0.2.1  (cached)
-> installed conf-pkg-config.3
-> installed conf-bash.1
-> installed conf-libssl.4
-> installed conf-gmp.4
-> retrieved containers.3.13.1  (cached)
-> installed conf-gmp-powm-sec.3
-> retrieved cppo.1.6.9  (cached)
-> retrieved csexp.1.5.2  (cached)
-> retrieved cstruct.6.2.0  (cached)
-> retrieved digestif.1.2.0  (cached)
-> retrieved domain-name.0.4.0  (cached)
-> retrieved dune.3.15.2, dune-configurator.3.15.2  (cached)
-> retrieved duration.0.2.1  (cached)
-> retrieved either.1.0.0  (cached)
-> retrieved eqaf.0.9  (cached)
-> retrieved fieldslib.v0.16.0  (cached)
-> retrieved fmt.0.9.0  (cached)
-> retrieved gmap.0.3.0  (cached)
-> retrieved hkdf.1.0.4  (cached)
-> retrieved ipaddr.5.5.0, macaddr.5.5.0  (cached)
-> retrieved jwto.0.4.0  (cached)
-> retrieved logs.0.7.0  (cached)
-> retrieved lwt.5.7.0  (cached)
-> retrieved lwt_ssl.1.2.0  (cached)
-> retrieved mirage-crypto.0.11.3, mirage-crypto-ec.0.11.3, mirage-crypto-pk.0.11.3, mirage-crypto-rng.0.11.3  (cached)
-> retrieved num.1.5  (cached)
-> retrieved ocaml-compiler-libs.v0.12.4  (cached)
-> retrieved ocaml-syntax-shims.1.0.0  (cached)
-> retrieved ocamlbuild.0.14.3  (cached)
-> retrieved ocamlfind.1.9.6  (cached)
-> retrieved ocplib-endian.1.2  (cached)
-> retrieved parsexp.v0.16.0  (cached)
-> retrieved pbkdf.1.2.0  (cached)
-> retrieved ppx_derivers.1.2.1  (cached)
-> retrieved ppx_deriving.5.2.1  (cached)
-> retrieved ppx_deriving_yojson.3.7.0  (cached)
-> retrieved ppx_fields_conv.v0.16.0  (cached)
-> retrieved ppx_sexp_conv.v0.16.0  (cached)
-> retrieved ppxlib.0.32.1  (cached)
-> retrieved ptime.1.1.0  (cached)
-> retrieved re.1.11.0  (cached)
-> retrieved result.1.5  (cached)
-> retrieved safepass.3.1  (cached)
-> installed seq.base
-> retrieved sexplib.v0.16.0  (cached)
-> retrieved sexplib0.v0.16.0  (cached)
-> retrieved sihl-core.0.2.2  (cached)
-> retrieved ssl.0.7.0  (cached)
-> retrieved stdlib-shims.0.3.0  (cached)
-> retrieved stringext.1.6.0  (cached)
-> retrieved tls.0.17.5  (cached)
-> retrieved topkg.1.0.7  (cached)
-> retrieved tsort.2.0.0  (cached)
-> retrieved uri.4.4.0  (cached)
-> retrieved uuidm.0.9.8  (cached)
-> retrieved x509.0.16.5  (cached)
-> retrieved yojson.2.1.2  (cached)
-> retrieved zarith.1.13  (cached)
-> installed num.1.5
-> installed ocamlfind.1.9.6
-> installed base-bytes.base
-> installed ocamlbuild.0.14.3
-> installed zarith.1.13
-> installed topkg.1.0.7
-> installed uuidm.0.9.8
-> installed fmt.0.9.0
-> installed ptime.1.1.0
-> installed dune.3.15.2
-> installed duration.0.2.1
-> installed conformist.0.2.1
-> installed csexp.1.5.2
-> installed base64.3.5.1
-> installed cstruct.6.2.0
-> installed cppo.1.6.9
-> installed domain-name.0.4.0
-> installed either.1.0.0
-> installed gmap.0.3.0
-> installed macaddr.5.5.0
-> installed ocaml-compiler-libs.v0.12.4
-> installed ocaml-syntax-shims.1.0.0
-> installed ppx_derivers.1.2.1
-> installed re.1.11.0
-> installed result.1.5
-> installed safepass.3.1
-> installed sexplib0.v0.16.0
-> installed stdlib-shims.0.3.0
-> installed stringext.1.6.0
-> installed ocplib-endian.1.2
-> installed eqaf.0.9
-> installed ipaddr.5.5.0
-> installed asn1-combinators.0.2.6
-> installed yojson.2.1.2
-> installed digestif.1.2.0
-> installed dune-configurator.3.15.2
-> installed parsexp.v0.16.0
-> installed bigstringaf.0.9.1
-> installed angstrom.0.16.0
-> installed ssl.0.7.0
-> installed sexplib.v0.16.0
-> installed containers.3.13.1
-> installed mirage-crypto.0.11.3
-> installed pbkdf.1.2.0
-> installed hkdf.1.0.4
-> installed tsort.2.0.0
-> installed uri.4.4.0
-> installed lwt.5.7.0
-> installed lwt_ssl.1.2.0
-> installed logs.0.7.0
-> installed mirage-crypto-rng.0.11.3
-> installed base.v0.16.3
-> installed caqti.1.9.0
-> installed mirage-crypto-pk.0.11.3
-> installed fieldslib.v0.16.0
-> installed mirage-crypto-ec.0.11.3
-> installed ppxlib.0.32.1
-> installed x509.0.16.5
-> installed ppx_fields_conv.v0.16.0
-> installed tls.0.17.5
-> installed ppx_deriving.5.2.1
-> installed ppx_sexp_conv.v0.16.0
-> installed jwto.0.4.0
-> installed ppx_deriving_yojson.3.7.0
-> installed sihl-core.0.2.2
Done.
# Run eval $(opam env) to update the current shell environment
[01;2m[01;35m2024-05-16 17:03.41 ---> saved as "76dfd56bd498469b7f2109b72fb484811027c640492bd41bfbfe76b8ec86065f"[0m

[01;34m/home/opam: (run (network host)
                 (shell "(opam reinstall --with-test sihl-core.0.2.2) || true"))[0m
[ERROR] Sorry, resolution of the request timed out.
        Try to specify a more precise request, use a different solver, or increase the allowed time by setting OPAMSOLVERTIMEOUT to a bigger value (currently, it is set to 500.0 seconds).
[01;2m[01;35m2024-05-16 17:12.19 ---> saved as "18b3e09dc5abedb796bb3649e390cb5254b73e619c2eede79476f5ad8a1260a4"[0m

[01;34m/home/opam: (run (shell  "opam reinstall --with-test --verbose sihl-core.0.2.2;\
                        \n        res=$?;\
                        \n        test \"$res\" != 31 && exit \"$res\";\
                        \n        export OPAMCLI=2.0;\
                        \n        build_dir=$(opam var prefix)/.opam-switch/build;\
                        \n        failed=$(ls \"$build_dir\");\
                        \n        partial_fails=\"\";\
                        \n        for pkg in $failed; do\
                        \n          if opam show -f x-ci-accept-failures: \"$pkg\" | grep -qF \"\\\"debian-12\\\"\"; then\
                        \n            echo \"A package failed and has been disabled for CI using the 'x-ci-accept-failures' field.\";\
                        \n          fi;\
                        \n          test \"$pkg\" != 'sihl-core.0.2.2' && partial_fails=\"$partial_fails $pkg\";\
                        \n        done;\
                        \n        test \"${partial_fails}\" != \"\" && echo \"opam-repo-ci detected dependencies failing: ${partial_fails}\";\
                        \n        exit 1"))[0m
The following actions will be performed:
=== recompile 18 packages
  - recompile asn1-combinators  0.2.6          [uses cstruct]
  - recompile caqti             1.9.0          [uses logs]
  - recompile cstruct           6.2.0          [uses fmt]
  - recompile digestif          1.2.0          [uses eqaf]
  - recompile eqaf              0.9            [uses cstruct]
  - recompile fmt               0.9.0          [uses cmdliner]
  - recompile hkdf              1.0.4          [uses cstruct]
  - recompile jwto              0.4.0          [uses fmt]
  - recompile logs              0.7.0          [uses cmdliner]
  - recompile mirage-crypto     0.11.3         [uses cstruct]
  - recompile mirage-crypto-ec  0.11.3         [uses cstruct]
  - recompile mirage-crypto-pk  0.11.3         [uses cstruct]
  - recompile mirage-crypto-rng 0.11.3         [uses cstruct, logs]
  - recompile pbkdf             1.2.0          [uses cstruct]
  - recompile sihl-core         0.2.2 (pinned)
  - recompile tls               0.17.5         [uses fmt]
  - recompile uuidm             0.9.8          [uses cmdliner]
  - recompile x509              0.16.5         [uses fmt]
=== install 19 packages
  - install   alcotest          1.7.0          [required by alcotest-lwt]
  - install   alcotest-lwt      1.7.0          [required by sihl-core]
  - install   astring           0.8.5          [required by alcotest]
  - install   bos               0.2.1          [required by ca-certs]
  - install   ca-certs          0.2.3          [required by conduit-lwt-unix]
  - install   cmdliner          1.2.0          [required by cohttp-lwt-unix]
  - install   cohttp            5.3.1          [required by cohttp-lwt]
  - install   cohttp-lwt        5.3.0          [required by cohttp-lwt-unix]
  - install   cohttp-lwt-unix   5.3.0          [required by sihl-core]
  - install   conduit           6.2.2          [required by conduit-lwt]
  - install   conduit-lwt       6.2.2          [required by cohttp-lwt-unix]
  - install   conduit-lwt-unix  6.2.2          [required by cohttp-lwt-unix]
  - install   fpath             0.7.3          [required by ca-certs]
  - install   ipaddr-sexp       5.5.0          [required by conduit-lwt-unix]
  - install   jsonm             1.0.2          [required by cohttp]
  - install   magic-mime        1.3.1          [required by cohttp-lwt-unix]
  - install   rresult           0.7.0          [required by bos]
  - install   uri-sexp          4.4.0          [required by cohttp]
  - install   uutf              1.0.3          [required by alcotest]

<><> Processing actions <><><><><><><><><><><><><><><><><><><><><><><><><><><><>
Processing  1/122: [alcotest.1.7.0, alcotest-lwt.1.7.0: http]
[ERROR] Failed to get sources of alcotest.1.7.0, alcotest-lwt.1.7.0 (https://github.com/mirage/alcotest/releases/download/1.7.0/alcotest-1.7.0.tbz): Curl failed
Processing  2/122: [asn1-combinators.0.2.6: http]
[ERROR] Failed to get sources of asn1-combinators.0.2.6: Curl failed
Processing  3/122: [astring.0.8.5: http]
[ERROR] Failed to get sources of astring.0.8.5: Curl failed
Processing  4/122: [bos.0.2.1: http]
Processing  5/122: [bos.0.2.1: http]
Processing  6/122: [bos.0.2.1: http]
[ERROR] Failed to get sources of bos.0.2.1: Curl failed
Processing  7/122: [ca-certs.0.2.3: http]
[ERROR] Failed to get sources of ca-certs.0.2.3: Curl failed
Processing  8/122: [caqti.1.9.0: http]
[ERROR] Failed to get sources of caqti.1.9.0: Curl failed
Processing  9/122: [cmdliner.1.2.0: http]
[ERROR] Failed to get sources of cmdliner.1.2.0: Curl failed
Processing 10/122: [cohttp.5.3.1: http]
Processing 11/122: [cohttp.5.3.1: http]
Processing 12/122: [cohttp.5.3.1: http]
[ERROR] Failed to get sources of cohttp.5.3.1: Curl failed
Processing 13/122: [cohttp-lwt.5.3.0, cohttp-lwt-unix.5.3.0: http]
[ERROR] Failed to get sources of cohttp-lwt.5.3.0, cohttp-lwt-unix.5.3.0 (https://github.com/mirage/ocaml-cohttp/releases/download/v5.3.0/cohttp-5.3.0.tbz): Curl failed
Processing 14/122: [conduit.6.2.2, conduit-lwt.6.2.2, conduit-lwt-unix.6.2.2: http]
[ERROR] Failed to get sources of conduit.6.2.2, conduit-lwt.6.2.2, conduit-lwt-unix.6.2.2 (https://github.com/mirage/ocaml-conduit/releases/download/v6.2.2/conduit-6.2.2.tbz): Curl failed
Processing 15/122: [cstruct.6.2.0: http]
[ERROR] Failed to get sources of cstruct.6.2.0: Curl failed
Processing 16/122: [digestif.1.2.0: http]
[ERROR] Failed to get sources of digestif.1.2.0: Curl failed
Processing 17/122: [eqaf.0.9: http]
[ERROR] Failed to get sources of eqaf.0.9: Curl failed
Processing 18/122: [fmt.0.9.0: http]
[ERROR] Failed to get sources of fmt.0.9.0: Curl failed
Processing 19/122: [fpath.0.7.3: http]
Processing 20/122: [fpath.0.7.3: http]
[ERROR] Failed to get sources of fpath.0.7.3: Curl failed
Processing 21/122: [hkdf.1.0.4: http]
Processing 22/122: [hkdf.1.0.4: http]
Processing 23/122: [hkdf.1.0.4: http]
[ERROR] Failed to get sources of hkdf.1.0.4: Curl failed
Processing 24/122: [ipaddr-sexp.5.5.0: http]
[ERROR] Failed to get sources of ipaddr-sexp.5.5.0: Curl failed
Processing 25/122: [jsonm.1.0.2: http]
Processing 26/122: [jsonm.1.0.2: http]
Processing 27/122: [jsonm.1.0.2: http]
[ERROR] Failed to get sources of jsonm.1.0.2: Curl failed
Processing 28/122: [jwto.0.4.0: http]
[ERROR] Failed to get sources of jwto.0.4.0: Curl failed
Processing 29/122: [logs.0.7.0: http]
[ERROR] Failed to get sources of logs.0.7.0: Curl failed
Processing 30/122: [magic-mime.1.3.1: http]
[ERROR] Failed to get sources of magic-mime.1.3.1: Curl failed
Processing 31/122: [mirage-crypto.0.11.3, mirage-crypto-ec.0.11.3, mirage-crypto-pk.0.11.3, mirage-crypto-rng.0.11.3: http]
Processing 32/122: [mirage-crypto.0.11.3, mirage-crypto-ec.0.11.3, mirage-crypto-pk.0.11.3, mirage-crypto-rng.0.11.3: http]
Processing 33/122: [mirage-crypto.0.11.3, mirage-crypto-ec.0.11.3, mirage-crypto-pk.0.11.3, mirage-crypto-rng.0.11.3: http]
[ERROR] Failed to get sources of mirage-crypto.0.11.3, mirage-crypto-ec.0.11.3, mirage-crypto-pk.0.11.3, mirage-crypto-rng.0.11.3 (https://github.com/mirage/mirage-crypto/releases/download/v0.11.3/mirage-crypto-0.11.3.tbz): Curl failed
Processing 34/122: [pbkdf.1.2.0: http]
[ERROR] Failed to get sources of pbkdf.1.2.0: Curl failed
Processing 35/122: [rresult.0.7.0: http]
[ERROR] Failed to get sources of rresult.0.7.0: Curl failed
Processing 37/122: [tls.0.17.5: http]
Processing 38/122: [tls.0.17.5: http]
Processing 39/122: [tls.0.17.5: http]
[ERROR] Failed to get sources of tls.0.17.5: Curl failed
Processing 40/122: [uri-sexp.4.4.0: http]
[ERROR] Failed to get sources of uri-sexp.4.4.0: Curl failed
Processing 41/122: [uuidm.0.9.8: http]
Processing 42/122: [uuidm.0.9.8: http]
Processing 43/122: [uuidm.0.9.8: http]
Processing 44/122: [uuidm.0.9.8: http]
Processing 45/122: [uuidm.0.9.8: http]
Processing 46/122: [uuidm.0.9.8: http]
Processing 47/122: [uuidm.0.9.8: http]
Processing 48/122: [uuidm.0.9.8: http]
Processing 49/122: [uuidm.0.9.8: http]
[ERROR] Failed to get sources of uuidm.0.9.8: Curl failed
Processing 51/122: [uutf.1.0.3: http]
Processing 52/122: [uutf.1.0.3: http]
Processing 53/122: [uutf.1.0.3: http]
[ERROR] Failed to get sources of uutf.1.0.3: Curl failed
Processing 54/122: [x509.0.16.5: http]
Processing 55/122: [x509.0.16.5: http]
Processing 56/122: [x509.0.16.5: http]
Processing 57/122: [x509.0.16.5: http]
Processing 58/122: [x509.0.16.5: http]
Processing 59/122: [x509.0.16.5: http]
Processing 60/122: [x509.0.16.5: http]
[ERROR] Failed to get sources of x509.0.16.5: Curl failed

#=== ERROR while fetching sources for x509.0.16.5 =============================#
OpamSolution.Fetch_fail("https://github.com/mirleft/ocaml-x509/releases/download/v0.16.5/x509-0.16.5.tbz (Curl failed: \"/usr/bin/curl --write-out %{http_code}\\\\n --retry 3 --retry-delay 2 --user-agent opam/2.2.0~beta3~dev -L -o /home/opam/.opam/4.14/.opam-switch/sources/x509.0.16.5/x509-0.16.5.tbz.part -- https://github.com/mirleft/ocaml-x509/releases/download/v0.16.5/x509-0.16.5.tbz\" exited with code 6)")

#=== ERROR while fetching sources for uutf.1.0.3 ==============================#
OpamSolution.Fetch_fail("https://erratique.ch/software/uutf/releases/uutf-1.0.3.tbz (Curl failed: \"/usr/bin/curl --write-out %{http_code}\\\\n --retry 3 --retry-delay 2 --user-agent opam/2.2.0~beta3~dev -L -o /home/opam/.opam/4.14/.opam-switch/sources/uutf.1.0.3/uutf-1.0.3.tbz.part -- https://erratique.ch/software/uutf/releases/uutf-1.0.3.tbz\" exited with code 6)")

#=== ERROR while fetching sources for uuidm.0.9.8 =============================#
OpamSolution.Fetch_fail("https://erratique.ch/software/uuidm/releases/uuidm-0.9.8.tbz (Curl failed: \"/usr/bin/curl --write-out %{http_code}\\\\n --retry 3 --retry-delay 2 --user-agent opam/2.2.0~beta3~dev -L -o /home/opam/.opam/4.14/.opam-switch/sources/uuidm.0.9.8/uuidm-0.9.8.tbz.part -- https://erratique.ch/software/uuidm/releases/uuidm-0.9.8.tbz\" exited with code 6)")

#=== ERROR while fetching sources for uri-sexp.4.4.0 ==========================#
OpamSolution.Fetch_fail("https://github.com/mirage/ocaml-uri/releases/download/v4.4.0/uri-4.4.0.tbz (Curl failed: \"/usr/bin/curl --write-out %{http_code}\\\\n --retry 3 --retry-delay 2 --user-agent opam/2.2.0~beta3~dev -L -o /home/opam/.opam/4.14/.opam-switch/sources/uri-sexp.4.4.0/uri-4.4.0.tbz.part -- https://github.com/mirage/ocaml-uri/releases/download/v4.4.0/uri-4.4.0.tbz\" exited with code 6)")

#=== ERROR while fetching sources for tls.0.17.5 ==============================#
OpamSolution.Fetch_fail("https://github.com/mirleft/ocaml-tls/releases/download/v0.17.5/tls-0.17.5.tbz (Curl failed: \"/usr/bin/curl --write-out %{http_code}\\\\n --retry 3 --retry-delay 2 --user-agent opam/2.2.0~beta3~dev -L -o /home/opam/.opam/4.14/.opam-switch/sources/tls.0.17.5/tls-0.17.5.tbz.part -- https://github.com/mirleft/ocaml-tls/releases/download/v0.17.5/tls-0.17.5.tbz\" exited with code 6)")

#=== ERROR while fetching sources for rresult.0.7.0 ===========================#
OpamSolution.Fetch_fail("https://erratique.ch/software/rresult/releases/rresult-0.7.0.tbz (Curl failed: \"/usr/bin/curl --write-out %{http_code}\\\\n --retry 3 --retry-delay 2 --user-agent opam/2.2.0~beta3~dev -L -o /home/opam/.opam/4.14/.opam-switch/sources/rresult.0.7.0/rresult-0.7.0.tbz.part -- https://erratique.ch/software/rresult/releases/rresult-0.7.0.tbz\" exited with code 6)")

#=== ERROR while fetching sources for pbkdf.1.2.0 =============================#
OpamSolution.Fetch_fail("https://github.com/abeaumont/ocaml-pbkdf/archive/1.2.0.tar.gz (Curl failed: \"/usr/bin/curl --write-out %{http_code}\\\\n --retry 3 --retry-delay 2 --user-agent opam/2.2.0~beta3~dev -L -o /home/opam/.opam/4.14/.opam-switch/sources/pbkdf.1.2.0/1.2.0.tar.gz.part -- https://github.com/abeaumont/ocaml-pbkdf/archive/1.2.0.tar.gz\" exited with code 6)")

#=== ERROR while fetching sources for mirage-crypto.0.11.3, mirage-crypto-ec.0.11.3, mirage-crypto-pk.0.11.3 and mirage-crypto-rng.0.11.3 
OpamSolution.Fetch_fail("https://github.com/mirage/mirage-crypto/releases/download/v0.11.3/mirage-crypto-0.11.3.tbz (Curl failed: \"/usr/bin/curl --write-out %{http_code}\\\\n --retry 3 --retry-delay 2 --user-agent opam/2.2.0~beta3~dev -L -o /tmp/opam-7-a69c42/mirage-crypto-0.11.3.tbz.part -- https://github.com/mirage/mirage-crypto/releases/download/v0.11.3/mirage-crypto-0.11.3.tbz\" exited with code 6)")

#=== ERROR while fetching sources for magic-mime.1.3.1 ========================#
OpamSolution.Fetch_fail("https://github.com/mirage/ocaml-magic-mime/releases/download/v1.3.1/magic-mime-1.3.1.tbz (Curl failed: \"/usr/bin/curl --write-out %{http_code}\\\\n --retry 3 --retry-delay 2 --user-agent opam/2.2.0~beta3~dev -L -o /home/opam/.opam/4.14/.opam-switch/sources/magic-mime.1.3.1/magic-mime-1.3.1.tbz.part -- https://github.com/mirage/ocaml-magic-mime/releases/download/v1.3.1/magic-mime-1.3.1.tbz\" exited with code 6)")

#=== ERROR while fetching sources for logs.0.7.0 ==============================#
OpamSolution.Fetch_fail("https://erratique.ch/software/logs/releases/logs-0.7.0.tbz (Curl failed: \"/usr/bin/curl --write-out %{http_code}\\\\n --retry 3 --retry-delay 2 --user-agent opam/2.2.0~beta3~dev -L -o /home/opam/.opam/4.14/.opam-switch/sources/logs.0.7.0/logs-0.7.0.tbz.part -- https://erratique.ch/software/logs/releases/logs-0.7.0.tbz\" exited with code 6)")

#=== ERROR while fetching sources for jwto.0.4.0 ==============================#
OpamSolution.Fetch_fail("https://github.com/sporto/jwto/releases/download/0.4.0/jwto-0.4.0.tbz (Curl failed: \"/usr/bin/curl --write-out %{http_code}\\\\n --retry 3 --retry-delay 2 --user-agent opam/2.2.0~beta3~dev -L -o /home/opam/.opam/4.14/.opam-switch/sources/jwto.0.4.0/jwto-0.4.0.tbz.part -- https://github.com/sporto/jwto/releases/download/0.4.0/jwto-0.4.0.tbz\" exited with code 6)")

#=== ERROR while fetching sources for jsonm.1.0.2 =============================#
OpamSolution.Fetch_fail("https://erratique.ch/software/jsonm/releases/jsonm-1.0.2.tbz (Curl failed: \"/usr/bin/curl --write-out %{http_code}\\\\n --retry 3 --retry-delay 2 --user-agent opam/2.2.0~beta3~dev -L -o /home/opam/.opam/4.14/.opam-switch/sources/jsonm.1.0.2/jsonm-1.0.2.tbz.part -- https://erratique.ch/software/jsonm/releases/jsonm-1.0.2.tbz\" exited with code 6)")

#=== ERROR while fetching sources for ipaddr-sexp.5.5.0 =======================#
OpamSolution.Fetch_fail("https://github.com/mirage/ocaml-ipaddr/releases/download/v5.5.0/ipaddr-5.5.0.tbz (Curl failed: \"/usr/bin/curl --write-out %{http_code}\\\\n --retry 3 --retry-delay 2 --user-agent opam/2.2.0~beta3~dev -L -o /home/opam/.opam/4.14/.opam-switch/sources/ipaddr-sexp.5.5.0/ipaddr-5.5.0.tbz.part -- https://github.com/mirage/ocaml-ipaddr/releases/download/v5.5.0/ipaddr-5.5.0.tbz\" exited with code 6)")

#=== ERROR while fetching sources for hkdf.1.0.4 ==============================#
OpamSolution.Fetch_fail("https://github.com/hannesm/ocaml-hkdf/releases/download/v1.0.4/hkdf-v1.0.4.tbz (Curl failed: \"/usr/bin/curl --write-out %{http_code}\\\\n --retry 3 --retry-delay 2 --user-agent opam/2.2.0~beta3~dev -L -o /home/opam/.opam/4.14/.opam-switch/sources/hkdf.1.0.4/hkdf-v1.0.4.tbz.part -- https://github.com/hannesm/ocaml-hkdf/releases/download/v1.0.4/hkdf-v1.0.4.tbz\" exited with code 6)")

#=== ERROR while fetching sources for fpath.0.7.3 =============================#
OpamSolution.Fetch_fail("https://erratique.ch/software/fpath/releases/fpath-0.7.3.tbz (Curl failed: \"/usr/bin/curl --write-out %{http_code}\\\\n --retry 3 --retry-delay 2 --user-agent opam/2.2.0~beta3~dev -L -o /home/opam/.opam/4.14/.opam-switch/sources/fpath.0.7.3/fpath-0.7.3.tbz.part -- https://erratique.ch/software/fpath/releases/fpath-0.7.3.tbz\" exited with code 6)")

#=== ERROR while fetching sources for fmt.0.9.0 ===============================#
OpamSolution.Fetch_fail("https://erratique.ch/software/fmt/releases/fmt-0.9.0.tbz (Curl failed: \"/usr/bin/curl --write-out %{http_code}\\\\n --retry 3 --retry-delay 2 --user-agent opam/2.2.0~beta3~dev -L -o /home/opam/.opam/4.14/.opam-switch/sources/fmt.0.9.0/fmt-0.9.0.tbz.part -- https://erratique.ch/software/fmt/releases/fmt-0.9.0.tbz\" exited with code 6)")

#=== ERROR while fetching sources for eqaf.0.9 ================================#
OpamSolution.Fetch_fail("https://github.com/mirage/eqaf/releases/download/v0.9/eqaf-0.9.tbz (Curl failed: \"/usr/bin/curl --write-out %{http_code}\\\\n --retry 3 --retry-delay 2 --user-agent opam/2.2.0~beta3~dev -L -o /home/opam/.opam/4.14/.opam-switch/sources/eqaf.0.9/eqaf-0.9.tbz.part -- https://github.com/mirage/eqaf/releases/download/v0.9/eqaf-0.9.tbz\" exited with code 6)")

#=== ERROR while fetching sources for digestif.1.2.0 ==========================#
OpamSolution.Fetch_fail("https://github.com/mirage/digestif/releases/download/v1.2.0/digestif-1.2.0.tbz (Curl failed: \"/usr/bin/curl --write-out %{http_code}\\\\n --retry 3 --retry-delay 2 --user-agent opam/2.2.0~beta3~dev -L -o /home/opam/.opam/4.14/.opam-switch/sources/digestif.1.2.0/digestif-1.2.0.tbz.part -- https://github.com/mirage/digestif/releases/download/v1.2.0/digestif-1.2.0.tbz\" exited with code 6)")

#=== ERROR while fetching sources for cstruct.6.2.0 ===========================#
OpamSolution.Fetch_fail("https://github.com/mirage/ocaml-cstruct/releases/download/v6.2.0/cstruct-6.2.0.tbz (Curl failed: \"/usr/bin/curl --write-out %{http_code}\\\\n --retry 3 --retry-delay 2 --user-agent opam/2.2.0~beta3~dev -L -o /home/opam/.opam/4.14/.opam-switch/sources/cstruct.6.2.0/cstruct-6.2.0.tbz.part -- https://github.com/mirage/ocaml-cstruct/releases/download/v6.2.0/cstruct-6.2.0.tbz\" exited with code 6)")

#=== ERROR while fetching sources for conduit.6.2.2, conduit-lwt.6.2.2 and conduit-lwt-unix.6.2.2 
OpamSolution.Fetch_fail("https://github.com/mirage/ocaml-conduit/releases/download/v6.2.2/conduit-6.2.2.tbz (Curl failed: \"/usr/bin/curl --write-out %{http_code}\\\\n --retry 3 --retry-delay 2 --user-agent opam/2.2.0~beta3~dev -L -o /tmp/opam-7-5fe1ba/conduit-6.2.2.tbz.part -- https://github.com/mirage/ocaml-conduit/releases/download/v6.2.2/conduit-6.2.2.tbz\" exited with code 6)")

#=== ERROR while fetching sources for cohttp-lwt.5.3.0 and cohttp-lwt-unix.5.3.0 
OpamSolution.Fetch_fail("https://github.com/mirage/ocaml-cohttp/releases/download/v5.3.0/cohttp-5.3.0.tbz (Curl failed: \"/usr/bin/curl --write-out %{http_code}\\\\n --retry 3 --retry-delay 2 --user-agent opam/2.2.0~beta3~dev -L -o /tmp/opam-7-ac9a37/cohttp-5.3.0.tbz.part -- https://github.com/mirage/ocaml-cohttp/releases/download/v5.3.0/cohttp-5.3.0.tbz\" exited with code 6)")

#=== ERROR while fetching sources for cohttp.5.3.1 ============================#
OpamSolution.Fetch_fail("https://github.com/mirage/ocaml-cohttp/releases/download/v5.3.1/cohttp-5.3.1.tbz (Curl failed: \"/usr/bin/curl --write-out %{http_code}\\\\n --retry 3 --retry-delay 2 --user-agent opam/2.2.0~beta3~dev -L -o /home/opam/.opam/4.14/.opam-switch/sources/cohttp.5.3.1/cohttp-5.3.1.tbz.part -- https://github.com/mirage/ocaml-cohttp/releases/download/v5.3.1/cohttp-5.3.1.tbz\" exited with code 6)")

#=== ERROR while fetching sources for cmdliner.1.2.0 ==========================#
OpamSolution.Fetch_fail("https://erratique.ch/software/cmdliner/releases/cmdliner-1.2.0.tbz (Curl failed: \"/usr/bin/curl --write-out %{http_code}\\\\n --retry 3 --retry-delay 2 --user-agent opam/2.2.0~beta3~dev -L -o /home/opam/.opam/4.14/.opam-switch/sources/cmdliner.1.2.0/cmdliner-1.2.0.tbz.part -- https://erratique.ch/software/cmdliner/releases/cmdliner-1.2.0.tbz\" exited with code 6)")

#=== ERROR while fetching sources for caqti.1.9.0 =============================#
OpamSolution.Fetch_fail("https://github.com/paurkedal/ocaml-caqti/releases/download/v1.9.0/caqti-v1.9.0.tbz (Curl failed: \"/usr/bin/curl --write-out %{http_code}\\\\n --retry 3 --retry-delay 2 --user-agent opam/2.2.0~beta3~dev -L -o /home/opam/.opam/4.14/.opam-switch/sources/caqti.1.9.0/caqti-v1.9.0.tbz.part -- https://github.com/paurkedal/ocaml-caqti/releases/download/v1.9.0/caqti-v1.9.0.tbz\" exited with code 6)")

#=== ERROR while fetching sources for ca-certs.0.2.3 ==========================#
OpamSolution.Fetch_fail("https://github.com/mirage/ca-certs/releases/download/v0.2.3/ca-certs-0.2.3.tbz (Curl failed: \"/usr/bin/curl --write-out %{http_code}\\\\n --retry 3 --retry-delay 2 --user-agent opam/2.2.0~beta3~dev -L -o /home/opam/.opam/4.14/.opam-switch/sources/ca-certs.0.2.3/ca-certs-0.2.3.tbz.part -- https://github.com/mirage/ca-certs/releases/download/v0.2.3/ca-certs-0.2.3.tbz\" exited with code 6)")

#=== ERROR while fetching sources for bos.0.2.1 ===============================#
OpamSolution.Fetch_fail("https://erratique.ch/software/bos/releases/bos-0.2.1.tbz (Curl failed: \"/usr/bin/curl --write-out %{http_code}\\\\n --retry 3 --retry-delay 2 --user-agent opam/2.2.0~beta3~dev -L -o /home/opam/.opam/4.14/.opam-switch/sources/bos.0.2.1/bos-0.2.1.tbz.part -- https://erratique.ch/software/bos/releases/bos-0.2.1.tbz\" exited with code 6)")

#=== ERROR while fetching sources for astring.0.8.5 ===========================#
OpamSolution.Fetch_fail("https://erratique.ch/software/astring/releases/astring-0.8.5.tbz (Curl failed: \"/usr/bin/curl --write-out %{http_code}\\\\n --retry 3 --retry-delay 2 --user-agent opam/2.2.0~beta3~dev -L -o /home/opam/.opam/4.14/.opam-switch/sources/astring.0.8.5/astring-0.8.5.tbz.part -- https://erratique.ch/software/astring/releases/astring-0.8.5.tbz\" exited with code 6)")

#=== ERROR while fetching sources for asn1-combinators.0.2.6 ==================#
OpamSolution.Fetch_fail("https://github.com/mirleft/ocaml-asn1-combinators/releases/download/v0.2.6/asn1-combinators-v0.2.6.tbz (Curl failed: \"/usr/bin/curl --write-out %{http_code}\\\\n --retry 3 --retry-delay 2 --user-agent opam/2.2.0~beta3~dev -L -o /home/opam/.opam/4.14/.opam-switch/sources/asn1-combinators.0.2.6/asn1-combinators-v0.2.6.tbz.part -- https://github.com/mirleft/ocaml-asn1-combinators/releases/download/v0.2.6/asn1-combinators-v0.2.6.tbz\" exited with code 6)")

#=== ERROR while fetching sources for alcotest.1.7.0 and alcotest-lwt.1.7.0 ===#
OpamSolution.Fetch_fail("https://github.com/mirage/alcotest/releases/download/1.7.0/alcotest-1.7.0.tbz (Curl failed: \"/usr/bin/curl --write-out %{http_code}\\\\n --retry 3 --retry-delay 2 --user-agent opam/2.2.0~beta3~dev -L -o /tmp/opam-7-ce5604/alcotest-1.7.0.tbz.part -- https://github.com/mirage/alcotest/releases/download/1.7.0/alcotest-1.7.0.tbz\" exited with code 6)")


<><> Error report <><><><><><><><><><><><><><><><><><><><><><><><><><><><><><><>
+- The following actions were aborted
| - recompile sihl-core 0.2.2
+- 
+- The following actions failed
| - fetch alcotest.1.7.0, alcotest-lwt.1.7.0                                                               
| - fetch asn1-combinators                                                                                 0.2.6
| - fetch astring                                                                                          0.8.5
| - fetch bos                                                                                              0.2.1
| - fetch ca-certs                                                                                         0.2.3
| - fetch caqti                                                                                            1.9.0
| - fetch cmdliner                                                                                         1.2.0
| - fetch cohttp                                                                                           5.3.1
| - fetch cohttp-lwt.5.3.0, cohttp-lwt-unix.5.3.0                                                          
| - fetch conduit.6.2.2, conduit-lwt.6.2.2, conduit-lwt-unix.6.2.2                                         
| - fetch cstruct                                                                                          6.2.0
| - fetch digestif                                                                                         1.2.0
| - fetch eqaf                                                                                             0.9
| - fetch fmt                                                                                              0.9.0
| - fetch fpath                                                                                            0.7.3
| - fetch hkdf                                                                                             1.0.4
| - fetch ipaddr-sexp                                                                                      5.5.0
| - fetch jsonm                                                                                            1.0.2
| - fetch jwto                                                                                             0.4.0
| - fetch logs                                                                                             0.7.0
| - fetch magic-mime                                                                                       1.3.1
| - fetch mirage-crypto.0.11.3, mirage-crypto-ec.0.11.3, mirage-crypto-pk.0.11.3, mirage-crypto-rng.0.11.3 
| - fetch pbkdf                                                                                            1.2.0
| - fetch rresult                                                                                          0.7.0
| - fetch tls                                                                                              0.17.5
| - fetch uri-sexp                                                                                         4.4.0
| - fetch uuidm                                                                                            0.9.8
| - fetch uutf                                                                                             1.0.3
| - fetch x509                                                                                             0.16.5
+- 
- No changes have been performed
# Run eval $(opam env) to update the current shell environment
'opam reinstall --with-test --verbose sihl-core.0.2.2' failed.
"/usr/bin/env" "bash" "-c" "opam reinstall --with-test --verbose sihl-core.0.2.2;
        res=$?;
        test "$res" != 31 && exit "$res";
        export OPAMCLI=2.0;
        build_dir=$(opam var prefix)/.opam-switch/build;
        failed=$(ls "$build_dir");
        partial_fails="";
        for pkg in $failed; do
          if opam show -f x-ci-accept-failures: "$pkg" | grep -qF "\"debian-12\""; then
            echo "A package failed and has been disabled for CI using the 'x-ci-accept-failures' field.";
          fi;
          test "$pkg" != 'sihl-core.0.2.2' && partial_fails="$partial_fails $pkg";
        done;
        test "${partial_fails}" != "" && echo "opam-repo-ci detected dependencies failing: ${partial_fails}";
        exit 1" failed with exit status 40
2024-05-16 17:23.56: Job failed: Failed: Build failed
2024-05-16 17:23.56: Log analysis:
2024-05-16 17:23.56: >>> 
[ERROR] Sorry, resolution of the request timed out.
 (score = 20)
2024-05-16 17:23.56: >>> 
[ERROR] Failed to get sources of alcotest.1.7.0, alcotest-lwt.1.7.0 (https://github.com/mirage/alcotest/releases/download/1.7.0/alcotest-1.7.0.tbz): Curl failed
 (score = 25)
2024-05-16 17:23.56: >>> 
[ERROR] Failed to get sources of asn1-combinators.0.2.6: Curl failed
 (score = 25)
2024-05-16 17:23.56: >>> 
[ERROR] Failed to get sources of astring.0.8.5: Curl failed
 (score = 25)
2024-05-16 17:23.56: >>> 
[ERROR] Failed to get sources of bos.0.2.1: Curl failed
 (score = 25)
2024-05-16 17:23.56: >>> 
[ERROR] Failed to get sources of ca-certs.0.2.3: Curl failed
 (score = 25)
2024-05-16 17:23.56: >>> 
[ERROR] Failed to get sources of caqti.1.9.0: Curl failed
 (score = 25)
2024-05-16 17:23.56: >>> 
[ERROR] Failed to get sources of cmdliner.1.2.0: Curl failed
 (score = 25)
2024-05-16 17:23.56: >>> 
[ERROR] Failed to get sources of cohttp.5.3.1: Curl failed
 (score = 25)
2024-05-16 17:23.56: >>> 
[ERROR] Failed to get sources of cohttp-lwt.5.3.0, cohttp-lwt-unix.5.3.0 (https://github.com/mirage/ocaml-cohttp/releases/download/v5.3.0/cohttp-5.3.0.tbz): Curl failed
 (score = 25)
2024-05-16 17:23.56: >>> 
[ERROR] Failed to get sources of conduit.6.2.2, conduit-lwt.6.2.2, conduit-lwt-unix.6.2.2 (https://github.com/mirage/ocaml-conduit/releases/download/v6.2.2/conduit-6.2.2.tbz): Curl failed
 (score = 25)
2024-05-16 17:23.56: >>> 
[ERROR] Failed to get sources of cstruct.6.2.0: Curl failed
 (score = 25)
2024-05-16 17:23.56: >>> 
[ERROR] Failed to get sources of digestif.1.2.0: Curl failed
 (score = 25)
2024-05-16 17:23.56: >>> 
[ERROR] Failed to get sources of eqaf.0.9: Curl failed
 (score = 25)
2024-05-16 17:23.56: >>> 
[ERROR] Failed to get sources of fmt.0.9.0: Curl failed
 (score = 25)
2024-05-16 17:23.56: >>> 
[ERROR] Failed to get sources of fpath.0.7.3: Curl failed
 (score = 25)
2024-05-16 17:23.56: >>> 
[ERROR] Failed to get sources of hkdf.1.0.4: Curl failed
 (score = 25)
2024-05-16 17:23.56: >>> 
[ERROR] Failed to get sources of ipaddr-sexp.5.5.0: Curl failed
 (score = 25)
2024-05-16 17:23.56: >>> 
[ERROR] Failed to get sources of jsonm.1.0.2: Curl failed
 (score = 25)
2024-05-16 17:23.56: >>> 
[ERROR] Failed to get sources of jwto.0.4.0: Curl failed
 (score = 25)
2024-05-16 17:23.56: >>> 
[ERROR] Failed to get sources of logs.0.7.0: Curl failed
 (score = 25)
2024-05-16 17:23.56: >>> 
[ERROR] Failed to get sources of magic-mime.1.3.1: Curl failed
 (score = 25)
2024-05-16 17:23.56: >>> 
[ERROR] Failed to get sources of mirage-crypto.0.11.3, mirage-crypto-ec.0.11.3, mirage-crypto-pk.0.11.3, mirage-crypto-rng.0.11.3 (https://github.com/mirage/mirage-crypto/releases/download/v0.11.3/mirage-crypto-0.11.3.tbz): Curl failed
 (score = 25)
2024-05-16 17:23.56: >>> 
[ERROR] Failed to get sources of pbkdf.1.2.0: Curl failed
 (score = 25)
2024-05-16 17:23.56: >>> 
[ERROR] Failed to get sources of rresult.0.7.0: Curl failed
 (score = 25)
2024-05-16 17:23.56: >>> 
[ERROR] Failed to get sources of tls.0.17.5: Curl failed
 (score = 25)
2024-05-16 17:23.56: >>> 
[ERROR] Failed to get sources of uri-sexp.4.4.0: Curl failed
 (score = 25)
2024-05-16 17:23.56: >>> 
[ERROR] Failed to get sources of uuidm.0.9.8: Curl failed
 (score = 25)
2024-05-16 17:23.56: >>> 
[ERROR] Failed to get sources of uutf.1.0.3: Curl failed
 (score = 25)
2024-05-16 17:23.56: >>> 
[ERROR] Failed to get sources of x509.0.16.5: Curl failed
 (score = 25)
2024-05-16 17:23.56: Failed to get sources of alcotest.1.7.0, alcotest-lwt.1.7.0 (https://github.com/mirage/alcotest/releases/download/1.7.0/alcotest-1.7.0.tbz): Curl failed
