2024-06-22 08:38.27: New job: test jose.0.9.0 with conf-pkg-config.1.2, using opam dev
                              from https://github.com/ocaml/opam-repository.git#refs/pull/26130/head (6ca6253a9cae7e30d524834d61b6c93dcc208f94)
                              on debian-12-ocaml-4.14/amd64

To reproduce locally:

cd $(mktemp -d)
git clone --recursive "https://github.com/ocaml/opam-repository.git" && cd "opam-repository" && git fetch origin "refs/pull/26130/head" && git reset --hard 6ca6253a
git fetch origin master
git merge --no-edit 13d5334f87e9684897511adf5d1c6fffd36d66e9
cat > ../Dockerfile <<'END-OF-DOCKERFILE'
[34mFROM ocaml/opam:debian-12-ocaml-4.14@sha256:51859147d869ebd23a15922818349effc446cbbc6a0b3e0257a7859e766261b3
USER 1000:1000
WORKDIR /home/opam
RUN sudo ln -f /usr/bin/opam-dev /usr/bin/opam
RUN opam init --reinit -ni
RUN uname -rs && opam exec -- ocaml -version && opam --version
ENV OPAMDOWNLOADJOBS="1"
ENV OPAMERRLOGLEN="0"
ENV OPAMSOLVERTIMEOUT="500"
ENV OPAMPRECISETRACKING="1"
ENV CI="true"
ENV OPAM_REPO_CI="true"
RUN rm -rf opam-repository/
COPY --chown=1000:1000 . opam-repository/
RUN opam repository set-url --strict default opam-repository/
RUN opam update --depexts || true
RUN opam pin add -k version -yn conf-pkg-config.1.2 1.2
RUN opam reinstall conf-pkg-config.1.2; \
    res=$?; \
    test "$res" != 31 && exit "$res"; \
    export OPAMCLI=2.0; \
    build_dir=$(opam var prefix)/.opam-switch/build; \
    failed=$(ls "$build_dir"); \
    partial_fails=""; \
    for pkg in $failed; do \
    if opam show -f x-ci-accept-failures: "$pkg" | grep -qF "\"debian-12\""; then \
    echo "A package failed and has been disabled for CI using the 'x-ci-accept-failures' field."; \
    fi; \
    test "$pkg" != 'conf-pkg-config.1.2' && partial_fails="$partial_fails $pkg"; \
    done; \
    test "${partial_fails}" != "" && echo "opam-repo-ci detected dependencies failing: ${partial_fails}"; \
    exit 1
RUN opam reinstall jose.0.9.0; \
    res=$?; \
    test "$res" != 31 && exit "$res"; \
    export OPAMCLI=2.0; \
    build_dir=$(opam var prefix)/.opam-switch/build; \
    failed=$(ls "$build_dir"); \
    partial_fails=""; \
    for pkg in $failed; do \
    if opam show -f x-ci-accept-failures: "$pkg" | grep -qF "\"debian-12\""; then \
    echo "A package failed and has been disabled for CI using the 'x-ci-accept-failures' field."; \
    fi; \
    test "$pkg" != 'jose.0.9.0' && partial_fails="$partial_fails $pkg"; \
    done; \
    test "${partial_fails}" != "" && echo "opam-repo-ci detected dependencies failing: ${partial_fails}"; \
    exit 1
RUN (opam reinstall --with-test jose.0.9.0) || true
RUN opam reinstall --with-test --verbose jose.0.9.0; \
    res=$?; \
    test "$res" != 31 && exit "$res"; \
    export OPAMCLI=2.0; \
    build_dir=$(opam var prefix)/.opam-switch/build; \
    failed=$(ls "$build_dir"); \
    partial_fails=""; \
    for pkg in $failed; do \
    if opam show -f x-ci-accept-failures: "$pkg" | grep -qF "\"debian-12\""; then \
    echo "A package failed and has been disabled for CI using the 'x-ci-accept-failures' field."; \
    fi; \
    test "$pkg" != 'jose.0.9.0' && partial_fails="$partial_fails $pkg"; \
    done; \
    test "${partial_fails}" != "" && echo "opam-repo-ci detected dependencies failing: ${partial_fails}"; \
    exit 1
[0m
END-OF-DOCKERFILE
docker build -f ../Dockerfile .

2024-06-22 08:38.27: Using cache hint "ocaml/opam:debian-12-ocaml-4.14@sha256:51859147d869ebd23a15922818349effc446cbbc6a0b3e0257a7859e766261b3-conf-pkg-config.1.2-jose.0.9.0-6ca6253a9cae7e30d524834d61b6c93dcc208f94"
2024-06-22 08:38.27: Using OBuilder spec:
((from ocaml/opam:debian-12-ocaml-4.14@sha256:51859147d869ebd23a15922818349effc446cbbc6a0b3e0257a7859e766261b3)
 (user (uid 1000) (gid 1000))
 (workdir /home/opam)
 (run (shell "sudo ln -f /usr/bin/opam-dev /usr/bin/opam"))
 (run (network host)
      (shell "opam init --reinit --config .opamrc-sandbox -ni"))
 (run (shell "uname -rs && opam exec -- ocaml -version && opam --version"))
 (env OPAMDOWNLOADJOBS 1)
 (env OPAMERRLOGLEN 0)
 (env OPAMSOLVERTIMEOUT 500)
 (env OPAMPRECISETRACKING 1)
 (env CI true)
 (env OPAM_REPO_CI true)
 (run (shell "rm -rf opam-repository/"))
 (copy (src .) (dst opam-repository/))
 (run (shell "opam repository set-url --strict default opam-repository/"))
 (run (network host)
      (shell "opam update --depexts || true"))
 (run (shell "opam pin add -k version -yn conf-pkg-config.1.2 1.2"))
 (run (cache (opam-archives (target /home/opam/.opam/download-cache)))
      (network host)
      (shell  "opam reinstall conf-pkg-config.1.2;\
             \n        res=$?;\
             \n        test \"$res\" != 31 && exit \"$res\";\
             \n        export OPAMCLI=2.0;\
             \n        build_dir=$(opam var prefix)/.opam-switch/build;\
             \n        failed=$(ls \"$build_dir\");\
             \n        partial_fails=\"\";\
             \n        for pkg in $failed; do\
             \n          if opam show -f x-ci-accept-failures: \"$pkg\" | grep -qF \"\\\"debian-12\\\"\"; then\
             \n            echo \"A package failed and has been disabled for CI using the 'x-ci-accept-failures' field.\";\
             \n          fi;\
             \n          test \"$pkg\" != 'conf-pkg-config.1.2' && partial_fails=\"$partial_fails $pkg\";\
             \n        done;\
             \n        test \"${partial_fails}\" != \"\" && echo \"opam-repo-ci detected dependencies failing: ${partial_fails}\";\
             \n        exit 1"))
 (run (cache (opam-archives (target /home/opam/.opam/download-cache)))
      (network host)
      (shell  "opam reinstall jose.0.9.0;\
             \n        res=$?;\
             \n        test \"$res\" != 31 && exit \"$res\";\
             \n        export OPAMCLI=2.0;\
             \n        build_dir=$(opam var prefix)/.opam-switch/build;\
             \n        failed=$(ls \"$build_dir\");\
             \n        partial_fails=\"\";\
             \n        for pkg in $failed; do\
             \n          if opam show -f x-ci-accept-failures: \"$pkg\" | grep -qF \"\\\"debian-12\\\"\"; then\
             \n            echo \"A package failed and has been disabled for CI using the 'x-ci-accept-failures' field.\";\
             \n          fi;\
             \n          test \"$pkg\" != 'jose.0.9.0' && partial_fails=\"$partial_fails $pkg\";\
             \n        done;\
             \n        test \"${partial_fails}\" != \"\" && echo \"opam-repo-ci detected dependencies failing: ${partial_fails}\";\
             \n        exit 1"))
 (run (network host)
      (shell "(opam reinstall --with-test jose.0.9.0) || true"))
 (run (shell  "opam reinstall --with-test --verbose jose.0.9.0;\
             \n        res=$?;\
             \n        test \"$res\" != 31 && exit \"$res\";\
             \n        export OPAMCLI=2.0;\
             \n        build_dir=$(opam var prefix)/.opam-switch/build;\
             \n        failed=$(ls \"$build_dir\");\
             \n        partial_fails=\"\";\
             \n        for pkg in $failed; do\
             \n          if opam show -f x-ci-accept-failures: \"$pkg\" | grep -qF \"\\\"debian-12\\\"\"; then\
             \n            echo \"A package failed and has been disabled for CI using the 'x-ci-accept-failures' field.\";\
             \n          fi;\
             \n          test \"$pkg\" != 'jose.0.9.0' && partial_fails=\"$partial_fails $pkg\";\
             \n        done;\
             \n        test \"${partial_fails}\" != \"\" && echo \"opam-repo-ci detected dependencies failing: ${partial_fails}\";\
             \n        exit 1"))
)

2024-06-22 08:38.27: Waiting for resource in pool OCluster
2024-06-22 14:43.44: Waiting for workerâ€¦
2024-06-22 14:46.15: Got resource from pool OCluster
Building on asteria.caelum.ci.dev
All commits already cached
Updating files:  65% (20809/31551)Updating files:  66% (20824/31551)Updating files:  67% (21140/31551)Updating files:  68% (21455/31551)Updating files:  69% (21771/31551)Updating files:  70% (22086/31551)Updating files:  71% (22402/31551)Updating files:  72% (22717/31551)Updating files:  73% (23033/31551)Updating files:  74% (23348/31551)Updating files:  75% (23664/31551)Updating files:  76% (23979/31551)Updating files:  77% (24295/31551)Updating files:  78% (24610/31551)Updating files:  79% (24926/31551)Updating files:  80% (25241/31551)Updating files:  81% (25557/31551)Updating files:  82% (25872/31551)Updating files:  83% (26188/31551)Updating files:  84% (26503/31551)Updating files:  85% (26819/31551)Updating files:  86% (27134/31551)Updating files:  87% (27450/31551)Updating files:  88% (27765/31551)Updating files:  89% (28081/31551)Updating files:  90% (28396/31551)Updating files:  91% (28712/31551)Updating files:  92% (29027/31551)Updating files:  93% (29343/31551)Updating files:  94% (29658/31551)Updating files:  95% (29974/31551)Updating files:  96% (30289/31551)Updating files:  97% (30605/31551)Updating files:  98% (30920/31551)Updating files:  99% (31236/31551)Updating files: 100% (31551/31551)Updating files: 100% (31551/31551), done.
HEAD is now at 13d5334f87 Merge pull request #26123 from dra27/mingw-w64-shims-0.2.0
Updating 13d5334f87..6ca6253a9c
Fast-forward
 packages/conf-aclocal/conf-aclocal.1.0.0/opam                         | 1 +
 packages/conf-asciidoc/conf-asciidoc.1/opam                           | 1 +
 packages/conf-cairo/conf-cairo.1/opam                                 | 2 +-
 packages/conf-cmake/conf-cmake.1/opam                                 | 1 +
 packages/conf-findutils/conf-findutils.1/opam                         | 1 +
 packages/conf-git/conf-git.1.0/opam                                   | 4 ++++
 packages/conf-git/conf-git.1.1/opam                                   | 4 ++++
 packages/conf-gtk3/conf-gtk3.18/opam                                  | 2 +-
 packages/conf-gtksourceview3/conf-gtksourceview3.0/opam               | 2 +-
 packages/conf-jq/conf-jq.1/opam                                       | 1 +
 packages/conf-libX11/conf-libX11.1/opam                               | 2 +-
 packages/conf-libtool/conf-libtool.1/opam                             | 1 +
 .../conf-perl-ipc-system-simple/conf-perl-ipc-system-simple.1/opam    | 1 +
 packages/conf-pkg-config/conf-pkg-config.1.0/opam                     | 1 +
 packages/conf-pkg-config/conf-pkg-config.1.1/opam                     | 1 +
 packages/conf-pkg-config/conf-pkg-config.1.2/opam                     | 1 +
 packages/conf-pkg-config/conf-pkg-config.1.3/opam                     | 1 +
 packages/conf-pkg-config/conf-pkg-config.2/opam                       | 1 +
 packages/conf-pkg-config/conf-pkg-config.3/opam                       | 2 +-
 packages/conf-python-3-7/conf-python-3-7.1.0.0/opam                   | 1 +
 packages/conf-python-3/conf-python-3.1.0.0/opam                       | 1 +
 packages/conf-python-3/conf-python-3.9.0.0/opam                       | 1 +
 packages/conf-time/conf-time.1/opam                                   | 1 +
 packages/conf-zig/conf-zig.1/opam                                     | 1 +
 packages/conf-zlib/conf-zlib.1/opam                                   | 2 +-
 25 files changed, 31 insertions(+), 6 deletions(-)

[01;34m(from ocaml/opam:debian-12-ocaml-4.14@sha256:51859147d869ebd23a15922818349effc446cbbc6a0b3e0257a7859e766261b3)[0m
[01;2m[01;35m2024-06-22 14:48.05 ---> using "7d0037e87409e99fda0588f75b47ce776adea91ebf3f460e136466d751adef89" from cache[0m

[01;34m/: (user (uid 1000) (gid 1000))[0m

[01;34m/: (workdir /home/opam)[0m

[01;34m/home/opam: (run (shell "sudo ln -f /usr/bin/opam-dev /usr/bin/opam"))[0m
[01;2m[01;35m2024-06-22 14:48.05 ---> using "b33af19cce4ad58a445b7dfc6bf1a0dfe3b6dc622435cad5cd3b51437ac841da" from cache[0m

[01;34m/home/opam: (run (network host)
                 (shell "opam init --reinit --config .opamrc-sandbox -ni"))[0m
Configuring from /home/opam/.opamrc-sandbox, then /home/opam/.opamrc, and finally from built-in defaults.
Checking for available remotes: rsync and local, git.
  - you won't be able to use mercurial repositories unless you install the hg command on your system.
  - you won't be able to use darcs repositories unless you install the darcs command on your system.

Continue? [y/n] y
This development version of opam requires an update to the layout of /home/opam/.opam from version 2.0 to version 2.2~beta, which can't be reverted.
You may want to back it up before going further.

[NOTE] The 'jobs' option was reset, its value was 39 and its new value will vary according to the current number of cores on your machine. You can restore the fixed value using:
           opam option jobs=39 --global
Format upgrade done.

<><> Updating repositories ><><><><><><><><><><><><><><><><><><><><><><><><><><>
[default] synchronised from file:///home/opam/opam-repository
[01;2m[01;35m2024-06-22 14:48.05 ---> using "c7319748019c698ac18553450663ed54bb2835216e6158140e57acb510db4ce9" from cache[0m

[01;34m/home/opam: (run (shell "uname -rs && opam exec -- ocaml -version && opam --version"))[0m
Linux 5.15.0-112-generic
The OCaml toplevel, version 4.14.2
2.2.0~rc1~dev
[01;2m[01;35m2024-06-22 14:48.05 ---> using "6bce037bdf3a394fc38741cc54c12283f3366866d149b33203c7c3a211d4b1b9" from cache[0m

[01;34m/home/opam: (env OPAMDOWNLOADJOBS 1)[0m

[01;34m/home/opam: (env OPAMERRLOGLEN 0)[0m

[01;34m/home/opam: (env OPAMSOLVERTIMEOUT 500)[0m

[01;34m/home/opam: (env OPAMPRECISETRACKING 1)[0m

[01;34m/home/opam: (env CI true)[0m

[01;34m/home/opam: (env OPAM_REPO_CI true)[0m

[01;34m/home/opam: (run (shell "rm -rf opam-repository/"))[0m
[01;2m[01;35m2024-06-22 14:48.05 ---> using "d7e3dabd08034f666e9af626d2c2108d7ffb689867b7ba904f891ba4c067d618" from cache[0m

[01;34m/home/opam: (copy (src .) (dst opam-repository/))[0m
[01;2m[01;35m2024-06-22 14:48.06 ---> using "4db9ecd0e6f888c6cb4584dd0604ad162763c7544ffa9d3147cc4105abac5a56" from cache[0m

[01;34m/home/opam: (run (shell "opam repository set-url --strict default opam-repository/"))[0m
[default] Initialised
[01;2m[01;35m2024-06-22 14:48.06 ---> using "5b7f5f6e7b3461c3574b5eace882195ad8a496b6eb214dcb3b557325971171a9" from cache[0m

[01;34m/home/opam: (run (network host)
                 (shell "opam update --depexts || true"))[0m
+ /usr/bin/sudo "apt-get" "update"
- Hit:1 http://deb.debian.org/debian bookworm InRelease
- Get:2 http://deb.debian.org/debian bookworm-updates InRelease [55.4 kB]
- Get:3 http://deb.debian.org/debian-security bookworm-security InRelease [48.0 kB]
- Get:4 http://deb.debian.org/debian-security bookworm-security/main amd64 Packages [160 kB]
- Fetched 263 kB in 0s (717 kB/s)
- Reading package lists...
[01;2m[01;35m2024-06-22 14:48.06 ---> using "5ba349c3736372260eac27ac9f252aeb1df4b96e8d366b187d8439f06e56077a" from cache[0m

[01;34m/home/opam: (run (shell "opam pin add -k version -yn conf-pkg-config.1.2 1.2"))[0m
conf-pkg-config is now pinned to version 1.2
[01;2m[01;35m2024-06-22 14:48.06 ---> using "d7bbd90f47e7bbbe81592cbcf14cd60352346bdcfe3bf36bb8cc952c017974f1" from cache[0m

[01;34m/home/opam: (run (cache (opam-archives (target /home/opam/.opam/download-cache)))
                 (network host)
                 (shell  "opam reinstall conf-pkg-config.1.2;\
                        \n        res=$?;\
                        \n        test \"$res\" != 31 && exit \"$res\";\
                        \n        export OPAMCLI=2.0;\
                        \n        build_dir=$(opam var prefix)/.opam-switch/build;\
                        \n        failed=$(ls \"$build_dir\");\
                        \n        partial_fails=\"\";\
                        \n        for pkg in $failed; do\
                        \n          if opam show -f x-ci-accept-failures: \"$pkg\" | grep -qF \"\\\"debian-12\\\"\"; then\
                        \n            echo \"A package failed and has been disabled for CI using the 'x-ci-accept-failures' field.\";\
                        \n          fi;\
                        \n          test \"$pkg\" != 'conf-pkg-config.1.2' && partial_fails=\"$partial_fails $pkg\";\
                        \n        done;\
                        \n        test \"${partial_fails}\" != \"\" && echo \"opam-repo-ci detected dependencies failing: ${partial_fails}\";\
                        \n        exit 1"))[0m
conf-pkg-config.1.2 is not installed. Install it? [y/n] y
The following actions will be performed:
=== install 1 package
  - install conf-pkg-config 1.2 (pinned)

The following system packages will first need to be installed:
    pkg-config

<><> Handling external dependencies <><><><><><><><><><><><><><><><><><><><><><>

opam believes some required external dependencies are missing. opam can:
> 1. Run apt-get to install them (may need root/sudo access)
  2. Display the recommended apt-get command and wait while you run it manually (e.g. in another terminal)
  3. Continue anyway, and, upon success, permanently register that this external dependency is present, but not detectable
  4. Abort the installation

[1/2/3/4] 1

+ /usr/bin/sudo "apt-get" "install" "-qq" "-yy" "pkg-config"
- debconf: delaying package configuration, since apt-utils is not installed
- Selecting previously unselected package libpkgconf3:amd64.
- (Reading database ... (Reading database ... 5%(Reading database ... 10%(Reading database ... 15%(Reading database ... 20%(Reading database ... 25%(Reading database ... 30%(Reading database ... 35%(Reading database ... 40%(Reading database ... 45%(Reading database ... 50%(Reading database ... 55%(Reading database ... 60%(Reading database ... 65%(Reading database ... 70%(Reading database ... 75%(Reading database ... 80%(Reading database ... 85%(Reading database ... 90%(Reading database ... 95%(Reading database ... 100%(Reading database ... 18735 files and directories currently installed.)
- Preparing to unpack .../libpkgconf3_1.8.1-1_amd64.deb ...
- Unpacking libpkgconf3:amd64 (1.8.1-1) ...
- Selecting previously unselected package pkgconf-bin.
- Preparing to unpack .../pkgconf-bin_1.8.1-1_amd64.deb ...
- Unpacking pkgconf-bin (1.8.1-1) ...
- Selecting previously unselected package pkgconf:amd64.
- Preparing to unpack .../pkgconf_1.8.1-1_amd64.deb ...
- Unpacking pkgconf:amd64 (1.8.1-1) ...
- Selecting previously unselected package pkg-config:amd64.
- Preparing to unpack .../pkg-config_1.8.1-1_amd64.deb ...
- Unpacking pkg-config:amd64 (1.8.1-1) ...
- Setting up libpkgconf3:amd64 (1.8.1-1) ...
- Setting up pkgconf-bin (1.8.1-1) ...
- Setting up pkgconf:amd64 (1.8.1-1) ...
- Setting up pkg-config:amd64 (1.8.1-1) ...
- Processing triggers for libc-bin (2.36-9+deb12u7) ...

<><> Processing actions <><><><><><><><><><><><><><><><><><><><><><><><><><><><>
-> installed conf-pkg-config.1.2
Done.
# Run eval $(opam env) to update the current shell environment
[01;2m[01;35m2024-06-22 14:48.06 ---> using "2726b1badd8c92d5564f9b3d7f9b8d0eaa0e47889c6eac47a74257e82c652ea4" from cache[0m

[01;34m/home/opam: (run (cache (opam-archives (target /home/opam/.opam/download-cache)))
                 (network host)
                 (shell  "opam reinstall jose.0.9.0;\
                        \n        res=$?;\
                        \n        test \"$res\" != 31 && exit \"$res\";\
                        \n        export OPAMCLI=2.0;\
                        \n        build_dir=$(opam var prefix)/.opam-switch/build;\
                        \n        failed=$(ls \"$build_dir\");\
                        \n        partial_fails=\"\";\
                        \n        for pkg in $failed; do\
                        \n          if opam show -f x-ci-accept-failures: \"$pkg\" | grep -qF \"\\\"debian-12\\\"\"; then\
                        \n            echo \"A package failed and has been disabled for CI using the 'x-ci-accept-failures' field.\";\
                        \n          fi;\
                        \n          test \"$pkg\" != 'jose.0.9.0' && partial_fails=\"$partial_fails $pkg\";\
                        \n        done;\
                        \n        test \"${partial_fails}\" != \"\" && echo \"opam-repo-ci detected dependencies failing: ${partial_fails}\";\
                        \n        exit 1"))[0m
jose.0.9.0 is not installed. Install it? [y/n] y
The following actions will be performed:
=== install 32 packages
  - install asn1-combinators  0.2.6   [required by x509]
  - install astring           0.8.5   [required by jose]
  - install base64            3.5.1   [required by jose]
  - install conf-gmp          4       [required by zarith, conf-gmp-powm-sec]
  - install conf-gmp-powm-sec 3       [required by mirage-crypto-pk]
  - install csexp             1.5.2   [required by dune-configurator]
  - install cstruct           6.2.0   [required by jose]
  - install domain-name       0.4.0   [required by x509]
  - install dune              3.16.0  [required by jose]
  - install dune-configurator 3.16.0  [required by mirage-crypto]
  - install duration          0.2.1   [required by mirage-crypto-rng]
  - install eqaf              0.9     [required by jose]
  - install fmt               0.9.0   [required by cstruct, x509]
  - install gmap              0.3.0   [required by x509]
  - install ipaddr            5.6.0   [required by x509]
  - install jose              0.9.0
  - install logs              0.7.0   [required by x509]
  - install macaddr           5.6.0   [required by ipaddr]
  - install mirage-crypto     0.11.3  [required by jose]
  - install mirage-crypto-ec  0.11.3  [required by x509]
  - install mirage-crypto-pk  0.11.3  [required by x509]
  - install mirage-crypto-rng 0.11.3  [required by x509]
  - install ocamlbuild        0.14.3  [required by astring, ptime]
  - install ocamlfind         1.9.6   [required by astring, ptime]
  - install pbkdf             1.2.0   [required by x509]
  - install ptime             1.1.0   [required by jose]
  - install seq               base    [required by yojson]
  - install sexplib0          v0.17.0 [required by mirage-crypto-pk]
  - install topkg             1.0.7   [required by astring, ptime]
  - install x509              0.16.5  [required by jose]
  - install yojson            2.2.1   [required by jose]
  - install zarith            1.13    [required by jose]

The following system packages will first need to be installed:
    libgmp-dev

<><> Handling external dependencies <><><><><><><><><><><><><><><><><><><><><><>

opam believes some required external dependencies are missing. opam can:
> 1. Run apt-get to install them (may need root/sudo access)
  2. Display the recommended apt-get command and wait while you run it manually (e.g. in another terminal)
  3. Continue anyway, and, upon success, permanently register that this external dependency is present, but not detectable
  4. Abort the installation

[1/2/3/4] 1

+ /usr/bin/sudo "apt-get" "install" "-qq" "-yy" "libgmp-dev"
- debconf: delaying package configuration, since apt-utils is not installed
- Selecting previously unselected package libgmpxx4ldbl:amd64.
- (Reading database ... (Reading database ... 5%(Reading database ... 10%(Reading database ... 15%(Reading database ... 20%(Reading database ... 25%(Reading database ... 30%(Reading database ... 35%(Reading database ... 40%(Reading database ... 45%(Reading database ... 50%(Reading database ... 55%(Reading database ... 60%(Reading database ... 65%(Reading database ... 70%(Reading database ... 75%(Reading database ... 80%(Reading database ... 85%(Reading database ... 90%(Reading database ... 95%(Reading database ... 100%(Reading database ... 18771 files and directories currently installed.)
- Preparing to unpack .../libgmpxx4ldbl_2%3a6.2.1+dfsg1-1.1_amd64.deb ...
- Unpacking libgmpxx4ldbl:amd64 (2:6.2.1+dfsg1-1.1) ...
- Selecting previously unselected package libgmp-dev:amd64.
- Preparing to unpack .../libgmp-dev_2%3a6.2.1+dfsg1-1.1_amd64.deb ...
- Unpacking libgmp-dev:amd64 (2:6.2.1+dfsg1-1.1) ...
- Setting up libgmpxx4ldbl:amd64 (2:6.2.1+dfsg1-1.1) ...
- Setting up libgmp-dev:amd64 (2:6.2.1+dfsg1-1.1) ...
- Processing triggers for libc-bin (2.36-9+deb12u7) ...

<><> Processing actions <><><><><><><><><><><><><><><><><><><><><><><><><><><><>
-> retrieved asn1-combinators.0.2.6  (cached)
-> retrieved astring.0.8.5  (cached)
-> retrieved base64.3.5.1  (cached)
-> retrieved conf-gmp.4  (cached)
-> retrieved conf-gmp-powm-sec.3  (cached)
-> retrieved csexp.1.5.2  (cached)
-> retrieved cstruct.6.2.0  (cached)
-> installed conf-gmp.4
-> retrieved domain-name.0.4.0  (cached)
-> installed conf-gmp-powm-sec.3
-> retrieved dune.3.16.0, dune-configurator.3.16.0  (cached)
-> retrieved duration.0.2.1  (cached)
-> retrieved eqaf.0.9  (cached)
-> retrieved fmt.0.9.0  (cached)
-> retrieved gmap.0.3.0  (cached)
-> retrieved ipaddr.5.6.0, macaddr.5.6.0  (cached)
-> retrieved jose.0.9.0  (cached)
-> retrieved logs.0.7.0  (cached)
-> retrieved mirage-crypto.0.11.3, mirage-crypto-ec.0.11.3, mirage-crypto-pk.0.11.3, mirage-crypto-rng.0.11.3  (cached)
-> retrieved ocamlbuild.0.14.3  (cached)
-> retrieved ocamlfind.1.9.6  (cached)
-> retrieved pbkdf.1.2.0  (cached)
-> retrieved ptime.1.1.0  (cached)
-> retrieved seq.base  (cached)
-> installed seq.base
-> retrieved sexplib0.v0.17.0  (cached)
-> retrieved topkg.1.0.7  (cached)
-> retrieved x509.0.16.5  (cached)
-> retrieved yojson.2.2.1  (cached)
-> retrieved zarith.1.13  (cached)
-> installed ocamlfind.1.9.6
-> installed ocamlbuild.0.14.3
-> installed zarith.1.13
-> installed topkg.1.0.7
-> installed fmt.0.9.0
-> installed ptime.1.1.0
-> installed astring.0.8.5
-> installed logs.0.7.0
-> installed dune.3.16.0
-> installed csexp.1.5.2
-> installed base64.3.5.1
-> installed cstruct.6.2.0
-> installed domain-name.0.4.0
-> installed duration.0.2.1
-> installed gmap.0.3.0
-> installed macaddr.5.6.0
-> installed sexplib0.v0.17.0
-> installed yojson.2.2.1
-> installed eqaf.0.9
-> installed ipaddr.5.6.0
-> installed asn1-combinators.0.2.6
-> installed dune-configurator.3.16.0
-> installed mirage-crypto.0.11.3
-> installed pbkdf.1.2.0
-> installed mirage-crypto-rng.0.11.3
-> installed mirage-crypto-pk.0.11.3
-> installed mirage-crypto-ec.0.11.3
-> installed x509.0.16.5
-> installed jose.0.9.0
Done.
# Run eval $(opam env) to update the current shell environment
[01;2m[01;35m2024-06-22 14:48.58 ---> saved as "9216873a70073007eff74b009476fe376386e23664094768e71c0bd79221d617"[0m

[01;34m/home/opam: (run (network host)
                 (shell "(opam reinstall --with-test jose.0.9.0) || true"))[0m
[ERROR] Sorry, resolution of the request timed out.
        Try to specify a more precise request, use a different solver, or increase the allowed time by setting OPAMSOLVERTIMEOUT to a bigger value (currently, it is set to 500.0 seconds).
[01;2m[01;35m2024-06-22 14:57.31 ---> saved as "05ff22d0c239771bbe46204a4ba6d6b18939c2767a9ec69fe78485d9cef30184"[0m

[01;34m/home/opam: (run (shell  "opam reinstall --with-test --verbose jose.0.9.0;\
                        \n        res=$?;\
                        \n        test \"$res\" != 31 && exit \"$res\";\
                        \n        export OPAMCLI=2.0;\
                        \n        build_dir=$(opam var prefix)/.opam-switch/build;\
                        \n        failed=$(ls \"$build_dir\");\
                        \n        partial_fails=\"\";\
                        \n        for pkg in $failed; do\
                        \n          if opam show -f x-ci-accept-failures: \"$pkg\" | grep -qF \"\\\"debian-12\\\"\"; then\
                        \n            echo \"A package failed and has been disabled for CI using the 'x-ci-accept-failures' field.\";\
                        \n          fi;\
                        \n          test \"$pkg\" != 'jose.0.9.0' && partial_fails=\"$partial_fails $pkg\";\
                        \n        done;\
                        \n        test \"${partial_fails}\" != \"\" && echo \"opam-repo-ci detected dependencies failing: ${partial_fails}\";\
                        \n        exit 1"))[0m
The following actions will be performed:
=== downgrade 4 packages
  - downgrade mirage-crypto       0.11.3 to 0.10.7 [required by jose]
  - downgrade mirage-crypto-ec    0.11.3 to 0.10.7 [uses mirage-crypto]
  - downgrade mirage-crypto-pk    0.11.3 to 0.10.7 [uses mirage-crypto]
  - downgrade mirage-crypto-rng   0.11.3 to 0.10.7 [required by jose]
=== recompile 8 packages
  - recompile asn1-combinators    0.2.6            [uses cstruct]
  - recompile cstruct             6.2.0            [uses fmt]
  - recompile eqaf                0.9              [uses cstruct]
  - recompile fmt                 0.9.0            [uses cmdliner]
  - recompile jose                0.9.0
  - recompile logs                0.7.0            [uses lwt]
  - recompile pbkdf               1.2.0            [uses mirage-crypto]
  - recompile x509                0.16.5           [uses mirage-crypto]
=== install 20 packages
  - install   alcotest            1.7.0            [required by jose]
  - install   base-bytes          base             [required by ocplib-endian]
  - install   bisect_ppx          2.8.3            [required by jose]
  - install   cmdliner            1.3.0            [required by alcotest, bisect_ppx]
  - install   containers          3.6              [required by jose]
  - install   cppo                1.6.9            [required by lwt]
  - install   junit               2.0.2            [required by jose]
  - install   junit_alcotest      2.0.2            [required by jose]
  - install   lwt                 5.7.0            [required by mirage-crypto-rng]
  - install   mirage-runtime      4.5.1            [required by mirage-crypto-pk]
  - install   mtime               2.0.0            [required by mirage-crypto-rng]
  - install   ocaml-compiler-libs v0.12.4          [required by ppxlib]
  - install   ocaml-syntax-shims  1.0.0            [required by alcotest]
  - install   ocplib-endian       1.2              [required by lwt]
  - install   ppx_derivers        1.2.1            [required by ppxlib]
  - install   ppxlib              0.32.1           [required by bisect_ppx]
  - install   re                  1.11.0           [required by alcotest]
  - install   stdlib-shims        0.3.0            [required by alcotest]
  - install   tyxml               4.3.0            [required by junit]
  - install   uutf                1.0.3            [required by alcotest]

<><> Processing actions <><><><><><><><><><><><><><><><><><><><><><><><><><><><>
Processing  1/104: [alcotest.1.7.0: http]
[ERROR] Failed to get sources of alcotest.1.7.0: Curl failed
Processing  2/104: [asn1-combinators.0.2.6: http]
[ERROR] Failed to get sources of asn1-combinators.0.2.6: Curl failed
Processing  4/104: [bisect_ppx.2.8.3: http]
Processing  5/104: [bisect_ppx.2.8.3: http]
-> installed base-bytes.base
Processing  6/104: [bisect_ppx.2.8.3: http]
[ERROR] Failed to get sources of bisect_ppx.2.8.3: Curl failed
Processing  7/104: [cmdliner.1.3.0: http]
[ERROR] Failed to get sources of cmdliner.1.3.0: Curl failed
Processing  8/104: [containers.3.6: http]
Processing  9/104: [containers.3.6: http]
Processing 10/104: [containers.3.6: http]
[ERROR] Failed to get sources of containers.3.6: Curl failed
Processing 11/104: [cppo.1.6.9: http]
Processing 12/104: [cppo.1.6.9: http]
Processing 13/104: [cppo.1.6.9: http]
[ERROR] Failed to get sources of cppo.1.6.9: Curl failed
Processing 14/104: [cstruct.6.2.0: http]
Processing 15/104: [cstruct.6.2.0: http]
Processing 16/104: [cstruct.6.2.0: http]
[ERROR] Failed to get sources of cstruct.6.2.0: Curl failed
Processing 17/104: [eqaf.0.9: http]
[ERROR] Failed to get sources of eqaf.0.9: Curl failed
Processing 18/104: [fmt.0.9.0: http]
[ERROR] Failed to get sources of fmt.0.9.0: Curl failed
Processing 19/104: [jose.0.9.0: http]
Processing 20/104: [jose.0.9.0: http]
[ERROR] Failed to get sources of jose.0.9.0: Curl failed
Processing 21/104: [junit.2.0.2, junit_alcotest.2.0.2: http]
[ERROR] Failed to get sources of junit.2.0.2, junit_alcotest.2.0.2 (https://github.com/Khady/ocaml-junit/releases/download/2.0.2/junit-2.0.2.tbz): Curl failed
Processing 22/104: [logs.0.7.0: http]
[ERROR] Failed to get sources of logs.0.7.0: Curl failed
Processing 23/104: [lwt.5.7.0: http]
[ERROR] Failed to get sources of lwt.5.7.0: Curl failed
Processing 24/104: [mirage-crypto.0.10.7, mirage-crypto-ec.0.10.7, mirage-crypto-pk.0.10.7, mirage-crypto-rng.0.10.7: http]
[ERROR] Failed to get sources of mirage-crypto.0.10.7, mirage-crypto-ec.0.10.7, mirage-crypto-pk.0.10.7, mirage-crypto-rng.0.10.7 (https://github.com/mirage/mirage-crypto/releases/download/v0.10.7/mirage-crypto-0.10.7.tbz): Curl failed
Processing 25/104: [mirage-runtime.4.5.1: http]
[ERROR] Failed to get sources of mirage-runtime.4.5.1: Curl failed
Processing 26/104: [mtime.2.0.0: http]
[ERROR] Failed to get sources of mtime.2.0.0: Curl failed
Processing 27/104: [ocaml-compiler-libs.v0.12.4: http]
Processing 28/104: [ocaml-compiler-libs.v0.12.4: http]
Processing 29/104: [ocaml-compiler-libs.v0.12.4: http]
[ERROR] Failed to get sources of ocaml-compiler-libs.v0.12.4: Curl failed
Processing 30/104: [ocaml-syntax-shims.1.0.0: http]
Processing 31/104: [ocaml-syntax-shims.1.0.0: http]
Processing 32/104: [ocaml-syntax-shims.1.0.0: http]
[ERROR] Failed to get sources of ocaml-syntax-shims.1.0.0: Curl failed
Processing 33/104: [ocplib-endian.1.2: http]
Processing 34/104: [ocplib-endian.1.2: http]
Processing 35/104: [ocplib-endian.1.2: http]
[ERROR] Failed to get sources of ocplib-endian.1.2: Curl failed
Processing 36/104: [pbkdf.1.2.0: http]
Processing 37/104: [pbkdf.1.2.0: http]
Processing 38/104: [pbkdf.1.2.0: http]
Processing 39/104: [pbkdf.1.2.0: http]
Processing 40/104: [pbkdf.1.2.0: http]
[ERROR] Failed to get sources of pbkdf.1.2.0: Curl failed
Processing 41/104: [ppx_derivers.1.2.1: http]
[ERROR] Failed to get sources of ppx_derivers.1.2.1: Curl failed
Processing 42/104: [ppxlib.0.32.1: http]
Processing 43/104: [ppxlib.0.32.1: http]
Processing 44/104: [ppxlib.0.32.1: http]
[ERROR] Failed to get sources of ppxlib.0.32.1: Curl failed
Processing 45/104: [re.1.11.0: http]
[ERROR] Failed to get sources of re.1.11.0: Curl failed
Processing 46/104: [stdlib-shims.0.3.0: http]
Processing 47/104: [stdlib-shims.0.3.0: http]
Processing 48/104: [stdlib-shims.0.3.0: http]
[ERROR] Failed to get sources of stdlib-shims.0.3.0: Curl failed
Processing 49/104: [tyxml.4.3.0: http]
Processing 50/104: [tyxml.4.3.0: http]
Processing 51/104: [tyxml.4.3.0: http]
Processing 52/104: [tyxml.4.3.0: http]
Processing 53/104: [tyxml.4.3.0: http]
Processing 54/104: [tyxml.4.3.0: http]
Processing 55/104: [tyxml.4.3.0: http]
Processing 56/104: [tyxml.4.3.0: http]
[ERROR] Failed to get sources of tyxml.4.3.0: Curl failed
Processing 57/104: [uutf.1.0.3: http]
[ERROR] Failed to get sources of uutf.1.0.3: Curl failed
Processing 58/104: [x509.0.16.5: http]
Processing 59/104: [x509.0.16.5: http]
Processing 60/104: [x509.0.16.5: http]
Processing 61/104: [x509.0.16.5: http]
Processing 62/104: [x509.0.16.5: http]
Processing 63/104: [x509.0.16.5: http]
Processing 64/104: [x509.0.16.5: http]
[ERROR] Failed to get sources of x509.0.16.5: Curl failed

#=== ERROR while fetching sources for x509.0.16.5 =============================#
OpamSolution.Fetch_fail("https://github.com/mirleft/ocaml-x509/releases/download/v0.16.5/x509-0.16.5.tbz (Curl failed: \"/usr/bin/curl --write-out %{http_code}\\\\n --retry 3 --retry-delay 2 --user-agent opam/2.2.0~rc1~dev -L -o /home/opam/.opam/4.14/.opam-switch/sources/x509.0.16.5/x509-0.16.5.tbz.part -- https://github.com/mirleft/ocaml-x509/releases/download/v0.16.5/x509-0.16.5.tbz\" exited with code 6)")

#=== ERROR while fetching sources for uutf.1.0.3 ==============================#
OpamSolution.Fetch_fail("https://erratique.ch/software/uutf/releases/uutf-1.0.3.tbz (Curl failed: \"/usr/bin/curl --write-out %{http_code}\\\\n --retry 3 --retry-delay 2 --user-agent opam/2.2.0~rc1~dev -L -o /home/opam/.opam/4.14/.opam-switch/sources/uutf.1.0.3/uutf-1.0.3.tbz.part -- https://erratique.ch/software/uutf/releases/uutf-1.0.3.tbz\" exited with code 6)")

#=== ERROR while fetching sources for tyxml.4.3.0 =============================#
OpamSolution.Fetch_fail("https://github.com/ocsigen/tyxml/releases/download/4.3.0/tyxml-4.3.0.tbz (Curl failed: \"/usr/bin/curl --write-out %{http_code}\\\\n --retry 3 --retry-delay 2 --user-agent opam/2.2.0~rc1~dev -L -o /home/opam/.opam/4.14/.opam-switch/sources/tyxml.4.3.0/tyxml-4.3.0.tbz.part -- https://github.com/ocsigen/tyxml/releases/download/4.3.0/tyxml-4.3.0.tbz\" exited with code 6)")

#=== ERROR while fetching sources for stdlib-shims.0.3.0 ======================#
OpamSolution.Fetch_fail("https://github.com/ocaml/stdlib-shims/releases/download/0.3.0/stdlib-shims-0.3.0.tbz (Curl failed: \"/usr/bin/curl --write-out %{http_code}\\\\n --retry 3 --retry-delay 2 --user-agent opam/2.2.0~rc1~dev -L -o /home/opam/.opam/4.14/.opam-switch/sources/stdlib-shims.0.3.0/stdlib-shims-0.3.0.tbz.part -- https://github.com/ocaml/stdlib-shims/releases/download/0.3.0/stdlib-shims-0.3.0.tbz\" exited with code 6)")

#=== ERROR while fetching sources for re.1.11.0 ===============================#
OpamSolution.Fetch_fail("https://github.com/ocaml/ocaml-re/releases/download/1.11.0/re-1.11.0.tbz (Curl failed: \"/usr/bin/curl --write-out %{http_code}\\\\n --retry 3 --retry-delay 2 --user-agent opam/2.2.0~rc1~dev -L -o /home/opam/.opam/4.14/.opam-switch/sources/re.1.11.0/re-1.11.0.tbz.part -- https://github.com/ocaml/ocaml-re/releases/download/1.11.0/re-1.11.0.tbz\" exited with code 6)")

#=== ERROR while fetching sources for ppxlib.0.32.1 ===========================#
OpamSolution.Fetch_fail("https://github.com/ocaml-ppx/ppxlib/releases/download/0.32.1/ppxlib-0.32.1.tbz (Curl failed: \"/usr/bin/curl --write-out %{http_code}\\\\n --retry 3 --retry-delay 2 --user-agent opam/2.2.0~rc1~dev -L -o /home/opam/.opam/4.14/.opam-switch/sources/ppxlib.0.32.1/ppxlib-0.32.1.tbz.part -- https://github.com/ocaml-ppx/ppxlib/releases/download/0.32.1/ppxlib-0.32.1.tbz\" exited with code 6)")

#=== ERROR while fetching sources for ppx_derivers.1.2.1 ======================#
OpamSolution.Fetch_fail("https://github.com/ocaml-ppx/ppx_derivers/archive/1.2.1.tar.gz (Curl failed: \"/usr/bin/curl --write-out %{http_code}\\\\n --retry 3 --retry-delay 2 --user-agent opam/2.2.0~rc1~dev -L -o /home/opam/.opam/4.14/.opam-switch/sources/ppx_derivers.1.2.1/1.2.1.tar.gz.part -- https://github.com/ocaml-ppx/ppx_derivers/archive/1.2.1.tar.gz\" exited with code 6)")

#=== ERROR while fetching sources for pbkdf.1.2.0 =============================#
OpamSolution.Fetch_fail("https://github.com/abeaumont/ocaml-pbkdf/archive/1.2.0.tar.gz (Curl failed: \"/usr/bin/curl --write-out %{http_code}\\\\n --retry 3 --retry-delay 2 --user-agent opam/2.2.0~rc1~dev -L -o /home/opam/.opam/4.14/.opam-switch/sources/pbkdf.1.2.0/1.2.0.tar.gz.part -- https://github.com/abeaumont/ocaml-pbkdf/archive/1.2.0.tar.gz\" exited with code 6)")

#=== ERROR while fetching sources for ocplib-endian.1.2 =======================#
OpamSolution.Fetch_fail("https://github.com/OCamlPro/ocplib-endian/archive/refs/tags/1.2.tar.gz (Curl failed: \"/usr/bin/curl --write-out %{http_code}\\\\n --retry 3 --retry-delay 2 --user-agent opam/2.2.0~rc1~dev -L -o /home/opam/.opam/4.14/.opam-switch/sources/ocplib-endian.1.2/1.2.tar.gz.part -- https://github.com/OCamlPro/ocplib-endian/archive/refs/tags/1.2.tar.gz\" exited with code 6)")

#=== ERROR while fetching sources for ocaml-syntax-shims.1.0.0 ================#
OpamSolution.Fetch_fail("https://github.com/ocaml-ppx/ocaml-syntax-shims/releases/download/1.0.0/ocaml-syntax-shims-1.0.0.tbz (Curl failed: \"/usr/bin/curl --write-out %{http_code}\\\\n --retry 3 --retry-delay 2 --user-agent opam/2.2.0~rc1~dev -L -o /home/opam/.opam/4.14/.opam-switch/sources/ocaml-syntax-shims.1.0.0/ocaml-syntax-shims-1.0.0.tbz.part -- https://github.com/ocaml-ppx/ocaml-syntax-shims/releases/download/1.0.0/ocaml-syntax-shims-1.0.0.tbz\" exited with code 6)")

#=== ERROR while fetching sources for ocaml-compiler-libs.v0.12.4 =============#
OpamSolution.Fetch_fail("https://github.com/janestreet/ocaml-compiler-libs/releases/download/v0.12.4/ocaml-compiler-libs-v0.12.4.tbz (Curl failed: \"/usr/bin/curl --write-out %{http_code}\\\\n --retry 3 --retry-delay 2 --user-agent opam/2.2.0~rc1~dev -L -o /home/opam/.opam/4.14/.opam-switch/sources/ocaml-compiler-libs.v0.12.4/ocaml-compiler-libs-v0.12.4.tbz.part -- https://github.com/janestreet/ocaml-compiler-libs/releases/download/v0.12.4/ocaml-compiler-libs-v0.12.4.tbz\" exited with code 6)")

#=== ERROR while fetching sources for mtime.2.0.0 =============================#
OpamSolution.Fetch_fail("https://erratique.ch/software/mtime/releases/mtime-2.0.0.tbz (Curl failed: \"/usr/bin/curl --write-out %{http_code}\\\\n --retry 3 --retry-delay 2 --user-agent opam/2.2.0~rc1~dev -L -o /home/opam/.opam/4.14/.opam-switch/sources/mtime.2.0.0/mtime-2.0.0.tbz.part -- https://erratique.ch/software/mtime/releases/mtime-2.0.0.tbz\" exited with code 6)")

#=== ERROR while fetching sources for mirage-runtime.4.5.1 ====================#
OpamSolution.Fetch_fail("https://github.com/mirage/mirage/releases/download/v4.5.1/mirage-4.5.1.tbz (Curl failed: \"/usr/bin/curl --write-out %{http_code}\\\\n --retry 3 --retry-delay 2 --user-agent opam/2.2.0~rc1~dev -L -o /home/opam/.opam/4.14/.opam-switch/sources/mirage-runtime.4.5.1/mirage-4.5.1.tbz.part -- https://github.com/mirage/mirage/releases/download/v4.5.1/mirage-4.5.1.tbz\" exited with code 6)")

#=== ERROR while fetching sources for mirage-crypto.0.10.7, mirage-crypto-ec.0.10.7, mirage-crypto-pk.0.10.7 and mirage-crypto-rng.0.10.7 
OpamSolution.Fetch_fail("https://github.com/mirage/mirage-crypto/releases/download/v0.10.7/mirage-crypto-0.10.7.tbz (Curl failed: \"/usr/bin/curl --write-out %{http_code}\\\\n --retry 3 --retry-delay 2 --user-agent opam/2.2.0~rc1~dev -L -o /tmp/opam-7-49a3e7/mirage-crypto-0.10.7.tbz.part -- https://github.com/mirage/mirage-crypto/releases/download/v0.10.7/mirage-crypto-0.10.7.tbz\" exited with code 6)")

#=== ERROR while fetching sources for lwt.5.7.0 ===============================#
OpamSolution.Fetch_fail("https://github.com/ocsigen/lwt/archive/refs/tags/5.7.0.tar.gz (Curl failed: \"/usr/bin/curl --write-out %{http_code}\\\\n --retry 3 --retry-delay 2 --user-agent opam/2.2.0~rc1~dev -L -o /home/opam/.opam/4.14/.opam-switch/sources/lwt.5.7.0/5.7.0.tar.gz.part -- https://github.com/ocsigen/lwt/archive/refs/tags/5.7.0.tar.gz\" exited with code 6)")

#=== ERROR while fetching sources for logs.0.7.0 ==============================#
OpamSolution.Fetch_fail("https://erratique.ch/software/logs/releases/logs-0.7.0.tbz (Curl failed: \"/usr/bin/curl --write-out %{http_code}\\\\n --retry 3 --retry-delay 2 --user-agent opam/2.2.0~rc1~dev -L -o /home/opam/.opam/4.14/.opam-switch/sources/logs.0.7.0/logs-0.7.0.tbz.part -- https://erratique.ch/software/logs/releases/logs-0.7.0.tbz\" exited with code 6)")

#=== ERROR while fetching sources for junit.2.0.2 and junit_alcotest.2.0.2 ====#
OpamSolution.Fetch_fail("https://github.com/Khady/ocaml-junit/releases/download/2.0.2/junit-2.0.2.tbz (Curl failed: \"/usr/bin/curl --write-out %{http_code}\\\\n --retry 3 --retry-delay 2 --user-agent opam/2.2.0~rc1~dev -L -o /tmp/opam-7-d5991b/junit-2.0.2.tbz.part -- https://github.com/Khady/ocaml-junit/releases/download/2.0.2/junit-2.0.2.tbz\" exited with code 6)")

#=== ERROR while fetching sources for jose.0.9.0 ==============================#
OpamSolution.Fetch_fail("https://github.com/ulrikstrid/reason-jose/releases/download/v0.9.0/jose-v0.9.0.tbz (Curl failed: \"/usr/bin/curl --write-out %{http_code}\\\\n --retry 3 --retry-delay 2 --user-agent opam/2.2.0~rc1~dev -L -o /home/opam/.opam/4.14/.opam-switch/sources/jose.0.9.0/jose-v0.9.0.tbz.part -- https://github.com/ulrikstrid/reason-jose/releases/download/v0.9.0/jose-v0.9.0.tbz\" exited with code 6)")

#=== ERROR while fetching sources for fmt.0.9.0 ===============================#
OpamSolution.Fetch_fail("https://erratique.ch/software/fmt/releases/fmt-0.9.0.tbz (Curl failed: \"/usr/bin/curl --write-out %{http_code}\\\\n --retry 3 --retry-delay 2 --user-agent opam/2.2.0~rc1~dev -L -o /home/opam/.opam/4.14/.opam-switch/sources/fmt.0.9.0/fmt-0.9.0.tbz.part -- https://erratique.ch/software/fmt/releases/fmt-0.9.0.tbz\" exited with code 6)")

#=== ERROR while fetching sources for eqaf.0.9 ================================#
OpamSolution.Fetch_fail("https://github.com/mirage/eqaf/releases/download/v0.9/eqaf-0.9.tbz (Curl failed: \"/usr/bin/curl --write-out %{http_code}\\\\n --retry 3 --retry-delay 2 --user-agent opam/2.2.0~rc1~dev -L -o /home/opam/.opam/4.14/.opam-switch/sources/eqaf.0.9/eqaf-0.9.tbz.part -- https://github.com/mirage/eqaf/releases/download/v0.9/eqaf-0.9.tbz\" exited with code 6)")

#=== ERROR while fetching sources for cstruct.6.2.0 ===========================#
OpamSolution.Fetch_fail("https://github.com/mirage/ocaml-cstruct/releases/download/v6.2.0/cstruct-6.2.0.tbz (Curl failed: \"/usr/bin/curl --write-out %{http_code}\\\\n --retry 3 --retry-delay 2 --user-agent opam/2.2.0~rc1~dev -L -o /home/opam/.opam/4.14/.opam-switch/sources/cstruct.6.2.0/cstruct-6.2.0.tbz.part -- https://github.com/mirage/ocaml-cstruct/releases/download/v6.2.0/cstruct-6.2.0.tbz\" exited with code 6)")

#=== ERROR while fetching sources for cppo.1.6.9 ==============================#
OpamSolution.Fetch_fail("https://github.com/ocaml-community/cppo/archive/v1.6.9.tar.gz (Curl failed: \"/usr/bin/curl --write-out %{http_code}\\\\n --retry 3 --retry-delay 2 --user-agent opam/2.2.0~rc1~dev -L -o /home/opam/.opam/4.14/.opam-switch/sources/cppo.1.6.9/v1.6.9.tar.gz.part -- https://github.com/ocaml-community/cppo/archive/v1.6.9.tar.gz\" exited with code 6)")

#=== ERROR while fetching sources for containers.3.6 ==========================#
OpamSolution.Fetch_fail("https://github.com/c-cube/ocaml-containers/archive/v3.6.tar.gz (Curl failed: \"/usr/bin/curl --write-out %{http_code}\\\\n --retry 3 --retry-delay 2 --user-agent opam/2.2.0~rc1~dev -L -o /home/opam/.opam/4.14/.opam-switch/sources/containers.3.6/v3.6.tar.gz.part -- https://github.com/c-cube/ocaml-containers/archive/v3.6.tar.gz\" exited with code 6)")

#=== ERROR while fetching sources for cmdliner.1.3.0 ==========================#
OpamSolution.Fetch_fail("https://erratique.ch/software/cmdliner/releases/cmdliner-1.3.0.tbz (Curl failed: \"/usr/bin/curl --write-out %{http_code}\\\\n --retry 3 --retry-delay 2 --user-agent opam/2.2.0~rc1~dev -L -o /home/opam/.opam/4.14/.opam-switch/sources/cmdliner.1.3.0/cmdliner-1.3.0.tbz.part -- https://erratique.ch/software/cmdliner/releases/cmdliner-1.3.0.tbz\" exited with code 6)")

#=== ERROR while fetching sources for bisect_ppx.2.8.3 ========================#
OpamSolution.Fetch_fail("https://github.com/aantron/bisect_ppx/archive/2.8.3.tar.gz (Curl failed: \"/usr/bin/curl --write-out %{http_code}\\\\n --retry 3 --retry-delay 2 --user-agent opam/2.2.0~rc1~dev -L -o /home/opam/.opam/4.14/.opam-switch/sources/bisect_ppx.2.8.3/2.8.3.tar.gz.part -- https://github.com/aantron/bisect_ppx/archive/2.8.3.tar.gz\" exited with code 6)")

#=== ERROR while fetching sources for asn1-combinators.0.2.6 ==================#
OpamSolution.Fetch_fail("https://github.com/mirleft/ocaml-asn1-combinators/releases/download/v0.2.6/asn1-combinators-v0.2.6.tbz (Curl failed: \"/usr/bin/curl --write-out %{http_code}\\\\n --retry 3 --retry-delay 2 --user-agent opam/2.2.0~rc1~dev -L -o /home/opam/.opam/4.14/.opam-switch/sources/asn1-combinators.0.2.6/asn1-combinators-v0.2.6.tbz.part -- https://github.com/mirleft/ocaml-asn1-combinators/releases/download/v0.2.6/asn1-combinators-v0.2.6.tbz\" exited with code 6)")

#=== ERROR while fetching sources for alcotest.1.7.0 ==========================#
OpamSolution.Fetch_fail("https://github.com/mirage/alcotest/releases/download/1.7.0/alcotest-1.7.0.tbz (Curl failed: \"/usr/bin/curl --write-out %{http_code}\\\\n --retry 3 --retry-delay 2 --user-agent opam/2.2.0~rc1~dev -L -o /home/opam/.opam/4.14/.opam-switch/sources/alcotest.1.7.0/alcotest-1.7.0.tbz.part -- https://github.com/mirage/alcotest/releases/download/1.7.0/alcotest-1.7.0.tbz\" exited with code 6)")


<><> Error report <><><><><><><><><><><><><><><><><><><><><><><><><><><><><><><>
+- The following actions were aborted
| - remove mirage-crypto     0.11.3
| - remove mirage-crypto-ec  0.11.3
| - remove mirage-crypto-pk  0.11.3
| - remove mirage-crypto-rng 0.11.3
+- 
+- The following actions failed
| - fetch alcotest                                                                                         1.7.0
| - fetch asn1-combinators                                                                                 0.2.6
| - fetch bisect_ppx                                                                                       2.8.3
| - fetch cmdliner                                                                                         1.3.0
| - fetch containers                                                                                       3.6
| - fetch cppo                                                                                             1.6.9
| - fetch cstruct                                                                                          6.2.0
| - fetch eqaf                                                                                             0.9
| - fetch fmt                                                                                              0.9.0
| - fetch jose                                                                                             0.9.0
| - fetch junit.2.0.2, junit_alcotest.2.0.2                                                                
| - fetch logs                                                                                             0.7.0
| - fetch lwt                                                                                              5.7.0
| - fetch mirage-crypto.0.10.7, mirage-crypto-ec.0.10.7, mirage-crypto-pk.0.10.7, mirage-crypto-rng.0.10.7 
| - fetch mirage-runtime                                                                                   4.5.1
| - fetch mtime                                                                                            2.0.0
| - fetch ocaml-compiler-libs                                                                              v0.12.4
| - fetch ocaml-syntax-shims                                                                               1.0.0
| - fetch ocplib-endian                                                                                    1.2
| - fetch pbkdf                                                                                            1.2.0
| - fetch ppx_derivers                                                                                     1.2.1
| - fetch ppxlib                                                                                           0.32.1
| - fetch re                                                                                               1.11.0
| - fetch stdlib-shims                                                                                     0.3.0
| - fetch tyxml                                                                                            4.3.0
| - fetch uutf                                                                                             1.0.3
| - fetch x509                                                                                             0.16.5
+- 
+- The following changes have been performed (the rest was aborted)
| - install base-bytes base
+- 
# Run eval $(opam env) to update the current shell environment

The former state can be restored with:
    /usr/bin/opam switch import "/home/opam/.opam/4.14/.opam-switch/backup/state-20240622145732.export"
'opam reinstall --with-test --verbose jose.0.9.0' failed.
"/usr/bin/env" "bash" "-c" "opam reinstall --with-test --verbose jose.0.9.0;
        res=$?;
        test "$res" != 31 && exit "$res";
        export OPAMCLI=2.0;
        build_dir=$(opam var prefix)/.opam-switch/build;
        failed=$(ls "$build_dir");
        partial_fails="";
        for pkg in $failed; do
          if opam show -f x-ci-accept-failures: "$pkg" | grep -qF "\"debian-12\""; then
            echo "A package failed and has been disabled for CI using the 'x-ci-accept-failures' field.";
          fi;
          test "$pkg" != 'jose.0.9.0' && partial_fails="$partial_fails $pkg";
        done;
        test "${partial_fails}" != "" && echo "opam-repo-ci detected dependencies failing: ${partial_fails}";
        exit 1" failed with exit status 40
2024-06-22 15:08.50: Job failed: Failed: Build failed
2024-06-22 15:08.50: Log analysis:
2024-06-22 15:08.50: >>> 
[ERROR] Sorry, resolution of the request timed out.
 (score = 20)
2024-06-22 15:08.50: >>> 
[ERROR] Failed to get sources of alcotest.1.7.0: Curl failed
 (score = 25)
2024-06-22 15:08.50: >>> 
[ERROR] Failed to get sources of asn1-combinators.0.2.6: Curl failed
 (score = 25)
2024-06-22 15:08.50: >>> 
[ERROR] Failed to get sources of bisect_ppx.2.8.3: Curl failed
 (score = 25)
2024-06-22 15:08.50: >>> 
[ERROR] Failed to get sources of cmdliner.1.3.0: Curl failed
 (score = 25)
2024-06-22 15:08.50: >>> 
[ERROR] Failed to get sources of containers.3.6: Curl failed
 (score = 25)
2024-06-22 15:08.50: >>> 
[ERROR] Failed to get sources of cppo.1.6.9: Curl failed
 (score = 25)
2024-06-22 15:08.50: >>> 
[ERROR] Failed to get sources of cstruct.6.2.0: Curl failed
 (score = 25)
2024-06-22 15:08.50: >>> 
[ERROR] Failed to get sources of eqaf.0.9: Curl failed
 (score = 25)
2024-06-22 15:08.50: >>> 
[ERROR] Failed to get sources of fmt.0.9.0: Curl failed
 (score = 25)
2024-06-22 15:08.50: >>> 
[ERROR] Failed to get sources of jose.0.9.0: Curl failed
 (score = 25)
2024-06-22 15:08.50: >>> 
[ERROR] Failed to get sources of junit.2.0.2, junit_alcotest.2.0.2 (https://github.com/Khady/ocaml-junit/releases/download/2.0.2/junit-2.0.2.tbz): Curl failed
 (score = 25)
2024-06-22 15:08.50: >>> 
[ERROR] Failed to get sources of logs.0.7.0: Curl failed
 (score = 25)
2024-06-22 15:08.50: >>> 
[ERROR] Failed to get sources of lwt.5.7.0: Curl failed
 (score = 25)
2024-06-22 15:08.50: >>> 
[ERROR] Failed to get sources of mirage-crypto.0.10.7, mirage-crypto-ec.0.10.7, mirage-crypto-pk.0.10.7, mirage-crypto-rng.0.10.7 (https://github.com/mirage/mirage-crypto/releases/download/v0.10.7/mirage-crypto-0.10.7.tbz): Curl failed
 (score = 25)
2024-06-22 15:08.50: >>> 
[ERROR] Failed to get sources of mirage-runtime.4.5.1: Curl failed
 (score = 25)
2024-06-22 15:08.50: >>> 
[ERROR] Failed to get sources of mtime.2.0.0: Curl failed
 (score = 25)
2024-06-22 15:08.50: >>> 
[ERROR] Failed to get sources of ocaml-compiler-libs.v0.12.4: Curl failed
 (score = 25)
2024-06-22 15:08.50: >>> 
[ERROR] Failed to get sources of ocaml-syntax-shims.1.0.0: Curl failed
 (score = 25)
2024-06-22 15:08.50: >>> 
[ERROR] Failed to get sources of ocplib-endian.1.2: Curl failed
 (score = 25)
2024-06-22 15:08.50: >>> 
[ERROR] Failed to get sources of pbkdf.1.2.0: Curl failed
 (score = 25)
2024-06-22 15:08.50: >>> 
[ERROR] Failed to get sources of ppx_derivers.1.2.1: Curl failed
 (score = 25)
2024-06-22 15:08.50: >>> 
[ERROR] Failed to get sources of ppxlib.0.32.1: Curl failed
 (score = 25)
2024-06-22 15:08.50: >>> 
[ERROR] Failed to get sources of re.1.11.0: Curl failed
 (score = 25)
2024-06-22 15:08.50: >>> 
[ERROR] Failed to get sources of stdlib-shims.0.3.0: Curl failed
 (score = 25)
2024-06-22 15:08.50: >>> 
[ERROR] Failed to get sources of tyxml.4.3.0: Curl failed
 (score = 25)
2024-06-22 15:08.50: >>> 
[ERROR] Failed to get sources of uutf.1.0.3: Curl failed
 (score = 25)
2024-06-22 15:08.50: >>> 
[ERROR] Failed to get sources of x509.0.16.5: Curl failed
 (score = 25)
2024-06-22 15:08.50: Failed to get sources of alcotest.1.7.0: Curl failed
