2024-07-11 15:21.06: New job: test current_ocluster.0.3.0 with ctypes.0.17.1, using opam dev
                              from https://github.com/ocaml/opam-repository.git#refs/pull/26233/head (c26b22d6112eb3937759758c70406e114915a0bc)
                              on debian-12-ocaml-4.14/amd64

To reproduce locally:

cd $(mktemp -d)
git clone --recursive "https://github.com/ocaml/opam-repository.git" && cd "opam-repository" && git fetch origin "refs/pull/26233/head" && git reset --hard c26b22d6
git fetch origin master
git merge --no-edit 04cef9a869bd1fec0090edd2cbb25bb6aaed8c6d
cat > ../Dockerfile <<'END-OF-DOCKERFILE'
[34mFROM ocaml/opam:debian-12-ocaml-4.14@sha256:6861d2cea2df02e6467c0d6cf723eb199c902ae60e8e96b88bdfafcfab7b3a2f
USER 1000:1000
WORKDIR /home/opam
RUN sudo ln -f /usr/bin/opam-dev /usr/bin/opam
RUN opam init --reinit -ni
RUN uname -rs && opam exec -- ocaml -version && opam --version
ENV OPAMDOWNLOADJOBS="1"
ENV OPAMERRLOGLEN="0"
ENV OPAMSOLVERTIMEOUT="500"
ENV OPAMPRECISETRACKING="1"
ENV CI="true"
ENV OPAM_REPO_CI="true"
RUN rm -rf opam-repository/
COPY --chown=1000:1000 . opam-repository/
RUN opam repository set-url --strict default opam-repository/
RUN opam update --depexts || true
RUN opam pin add -k version -yn ctypes.0.17.1 0.17.1
RUN opam reinstall ctypes.0.17.1; \
    res=$?; \
    test "$res" != 31 && exit "$res"; \
    export OPAMCLI=2.0; \
    build_dir=$(opam var prefix)/.opam-switch/build; \
    failed=$(ls "$build_dir"); \
    partial_fails=""; \
    for pkg in $failed; do \
    if opam show -f x-ci-accept-failures: "$pkg" | grep -qF "\"debian-12\""; then \
    echo "A package failed and has been disabled for CI using the 'x-ci-accept-failures' field."; \
    fi; \
    test "$pkg" != 'ctypes.0.17.1' && partial_fails="$partial_fails $pkg"; \
    done; \
    test "${partial_fails}" != "" && echo "opam-repo-ci detected dependencies failing: ${partial_fails}"; \
    exit 1
RUN opam reinstall current_ocluster.0.3.0; \
    res=$?; \
    test "$res" != 31 && exit "$res"; \
    export OPAMCLI=2.0; \
    build_dir=$(opam var prefix)/.opam-switch/build; \
    failed=$(ls "$build_dir"); \
    partial_fails=""; \
    for pkg in $failed; do \
    if opam show -f x-ci-accept-failures: "$pkg" | grep -qF "\"debian-12\""; then \
    echo "A package failed and has been disabled for CI using the 'x-ci-accept-failures' field."; \
    fi; \
    test "$pkg" != 'current_ocluster.0.3.0' && partial_fails="$partial_fails $pkg"; \
    done; \
    test "${partial_fails}" != "" && echo "opam-repo-ci detected dependencies failing: ${partial_fails}"; \
    exit 1
RUN (opam reinstall --with-test current_ocluster.0.3.0) || true
RUN opam reinstall --with-test --verbose current_ocluster.0.3.0; \
    res=$?; \
    test "$res" != 31 && exit "$res"; \
    export OPAMCLI=2.0; \
    build_dir=$(opam var prefix)/.opam-switch/build; \
    failed=$(ls "$build_dir"); \
    partial_fails=""; \
    for pkg in $failed; do \
    if opam show -f x-ci-accept-failures: "$pkg" | grep -qF "\"debian-12\""; then \
    echo "A package failed and has been disabled for CI using the 'x-ci-accept-failures' field."; \
    fi; \
    test "$pkg" != 'current_ocluster.0.3.0' && partial_fails="$partial_fails $pkg"; \
    done; \
    test "${partial_fails}" != "" && echo "opam-repo-ci detected dependencies failing: ${partial_fails}"; \
    exit 1
[0m
END-OF-DOCKERFILE
docker build -f ../Dockerfile .

2024-07-11 15:21.06: Using cache hint "ocaml/opam:debian-12-ocaml-4.14@sha256:6861d2cea2df02e6467c0d6cf723eb199c902ae60e8e96b88bdfafcfab7b3a2f-ctypes.0.17.1-current_ocluster.0.3.0-c26b22d6112eb3937759758c70406e114915a0bc"
2024-07-11 15:21.06: Using OBuilder spec:
((from ocaml/opam:debian-12-ocaml-4.14@sha256:6861d2cea2df02e6467c0d6cf723eb199c902ae60e8e96b88bdfafcfab7b3a2f)
 (user (uid 1000) (gid 1000))
 (workdir /home/opam)
 (run (shell "sudo ln -f /usr/bin/opam-dev /usr/bin/opam"))
 (run (network host)
      (shell "opam init --reinit --config .opamrc-sandbox -ni"))
 (run (shell "uname -rs && opam exec -- ocaml -version && opam --version"))
 (env OPAMDOWNLOADJOBS 1)
 (env OPAMERRLOGLEN 0)
 (env OPAMSOLVERTIMEOUT 500)
 (env OPAMPRECISETRACKING 1)
 (env CI true)
 (env OPAM_REPO_CI true)
 (run (shell "rm -rf opam-repository/"))
 (copy (src .) (dst opam-repository/))
 (run (shell "opam repository set-url --strict default opam-repository/"))
 (run (network host)
      (shell "opam update --depexts || true"))
 (run (shell "opam pin add -k version -yn ctypes.0.17.1 0.17.1"))
 (run (cache (opam-archives (target /home/opam/.opam/download-cache)))
      (network host)
      (shell  "opam reinstall ctypes.0.17.1;\
             \n        res=$?;\
             \n        test \"$res\" != 31 && exit \"$res\";\
             \n        export OPAMCLI=2.0;\
             \n        build_dir=$(opam var prefix)/.opam-switch/build;\
             \n        failed=$(ls \"$build_dir\");\
             \n        partial_fails=\"\";\
             \n        for pkg in $failed; do\
             \n          if opam show -f x-ci-accept-failures: \"$pkg\" | grep -qF \"\\\"debian-12\\\"\"; then\
             \n            echo \"A package failed and has been disabled for CI using the 'x-ci-accept-failures' field.\";\
             \n          fi;\
             \n          test \"$pkg\" != 'ctypes.0.17.1' && partial_fails=\"$partial_fails $pkg\";\
             \n        done;\
             \n        test \"${partial_fails}\" != \"\" && echo \"opam-repo-ci detected dependencies failing: ${partial_fails}\";\
             \n        exit 1"))
 (run (cache (opam-archives (target /home/opam/.opam/download-cache)))
      (network host)
      (shell  "opam reinstall current_ocluster.0.3.0;\
             \n        res=$?;\
             \n        test \"$res\" != 31 && exit \"$res\";\
             \n        export OPAMCLI=2.0;\
             \n        build_dir=$(opam var prefix)/.opam-switch/build;\
             \n        failed=$(ls \"$build_dir\");\
             \n        partial_fails=\"\";\
             \n        for pkg in $failed; do\
             \n          if opam show -f x-ci-accept-failures: \"$pkg\" | grep -qF \"\\\"debian-12\\\"\"; then\
             \n            echo \"A package failed and has been disabled for CI using the 'x-ci-accept-failures' field.\";\
             \n          fi;\
             \n          test \"$pkg\" != 'current_ocluster.0.3.0' && partial_fails=\"$partial_fails $pkg\";\
             \n        done;\
             \n        test \"${partial_fails}\" != \"\" && echo \"opam-repo-ci detected dependencies failing: ${partial_fails}\";\
             \n        exit 1"))
 (run (network host)
      (shell "(opam reinstall --with-test current_ocluster.0.3.0) || true"))
 (run (shell  "opam reinstall --with-test --verbose current_ocluster.0.3.0;\
             \n        res=$?;\
             \n        test \"$res\" != 31 && exit \"$res\";\
             \n        export OPAMCLI=2.0;\
             \n        build_dir=$(opam var prefix)/.opam-switch/build;\
             \n        failed=$(ls \"$build_dir\");\
             \n        partial_fails=\"\";\
             \n        for pkg in $failed; do\
             \n          if opam show -f x-ci-accept-failures: \"$pkg\" | grep -qF \"\\\"debian-12\\\"\"; then\
             \n            echo \"A package failed and has been disabled for CI using the 'x-ci-accept-failures' field.\";\
             \n          fi;\
             \n          test \"$pkg\" != 'current_ocluster.0.3.0' && partial_fails=\"$partial_fails $pkg\";\
             \n        done;\
             \n        test \"${partial_fails}\" != \"\" && echo \"opam-repo-ci detected dependencies failing: ${partial_fails}\";\
             \n        exit 1"))
)

2024-07-11 15:21.06: Waiting for resource in pool OCluster
2024-07-11 18:44.16: Waiting for workerâ€¦
2024-07-11 18:48.39: Got resource from pool OCluster
Building on x86-bm-c8.sw.ocaml.org
All commits already cached
Updating files:  74% (23799/31823)Updating files:  75% (23868/31823)Updating files:  76% (24186/31823)Updating files:  77% (24504/31823)Updating files:  78% (24822/31823)Updating files:  79% (25141/31823)Updating files:  80% (25459/31823)Updating files:  81% (25777/31823)Updating files:  82% (26095/31823)Updating files:  83% (26414/31823)Updating files:  84% (26732/31823)Updating files:  85% (27050/31823)Updating files:  86% (27368/31823)Updating files:  87% (27687/31823)Updating files:  88% (28005/31823)Updating files:  89% (28323/31823)Updating files:  90% (28641/31823)Updating files:  91% (28959/31823)Updating files:  92% (29278/31823)Updating files:  93% (29596/31823)Updating files:  94% (29914/31823)Updating files:  95% (30232/31823)Updating files:  96% (30551/31823)Updating files:  97% (30869/31823)Updating files:  98% (31187/31823)Updating files:  99% (31505/31823)Updating files: 100% (31823/31823)Updating files: 100% (31823/31823), done.
HEAD is now at 04cef9a869 Merge pull request #26223 from bobot/release-flint-0.4.0
Updating 04cef9a869..c26b22d611
Fast-forward
 packages/ctypes/ctypes.0.10.0/opam | 1 +
 packages/ctypes/ctypes.0.10.1/opam | 1 +
 packages/ctypes/ctypes.0.10.2/opam | 1 +
 packages/ctypes/ctypes.0.10.3/opam | 1 +
 packages/ctypes/ctypes.0.10.4/opam | 1 +
 packages/ctypes/ctypes.0.10.5/opam | 1 +
 packages/ctypes/ctypes.0.11.0/opam | 1 +
 packages/ctypes/ctypes.0.11.1/opam | 1 +
 packages/ctypes/ctypes.0.11.2/opam | 1 +
 packages/ctypes/ctypes.0.11.3/opam | 1 +
 packages/ctypes/ctypes.0.11.4/opam | 1 +
 packages/ctypes/ctypes.0.11.5/opam | 1 +
 packages/ctypes/ctypes.0.12.0/opam | 1 +
 packages/ctypes/ctypes.0.12.1/opam | 1 +
 packages/ctypes/ctypes.0.13.0/opam | 1 +
 packages/ctypes/ctypes.0.13.1/opam | 1 +
 packages/ctypes/ctypes.0.14.0/opam | 1 +
 packages/ctypes/ctypes.0.15.0/opam | 1 +
 packages/ctypes/ctypes.0.15.1/opam | 1 +
 packages/ctypes/ctypes.0.16.0/opam | 1 +
 packages/ctypes/ctypes.0.17.0/opam | 1 +
 packages/ctypes/ctypes.0.17.1/opam | 1 +
 packages/ctypes/ctypes.0.18.0/opam | 1 +
 packages/ctypes/ctypes.0.19.1/opam | 1 +
 packages/ctypes/ctypes.0.20.0/opam | 1 +
 packages/ctypes/ctypes.0.20.1/opam | 1 +
 packages/ctypes/ctypes.0.20.2/opam | 1 +
 packages/ctypes/ctypes.0.21.1/opam | 3 +++
 packages/ctypes/ctypes.0.22.0/opam | 3 +++
 packages/ctypes/ctypes.0.4.0/opam  | 1 +
 packages/ctypes/ctypes.0.4.1/opam  | 1 +
 packages/ctypes/ctypes.0.4.2/opam  | 1 +
 packages/ctypes/ctypes.0.5.0/opam  | 1 +
 packages/ctypes/ctypes.0.5.1/opam  | 1 +
 packages/ctypes/ctypes.0.6.0/opam  | 1 +
 packages/ctypes/ctypes.0.6.1/opam  | 1 +
 packages/ctypes/ctypes.0.6.2/opam  | 1 +
 packages/ctypes/ctypes.0.6.3/opam  | 1 +
 packages/ctypes/ctypes.0.7.0/opam  | 1 +
 packages/ctypes/ctypes.0.7.1/opam  | 1 +
 packages/ctypes/ctypes.0.7.2/opam  | 1 +
 packages/ctypes/ctypes.0.8.0/opam  | 1 +
 packages/ctypes/ctypes.0.8.1/opam  | 1 +
 packages/ctypes/ctypes.0.8.2/opam  | 1 +
 packages/ctypes/ctypes.0.9.0/opam  | 1 +
 packages/ctypes/ctypes.0.9.1/opam  | 1 +
 packages/ctypes/ctypes.0.9.2/opam  | 1 +
 packages/ctypes/ctypes.0.9.3/opam  | 1 +
 packages/ctypes/ctypes.0.9.4/opam  | 1 +
 packages/ctypes/ctypes.0.9.5/opam  | 1 +
 50 files changed, 54 insertions(+)

[01;34m(from ocaml/opam:debian-12-ocaml-4.14@sha256:6861d2cea2df02e6467c0d6cf723eb199c902ae60e8e96b88bdfafcfab7b3a2f)[0m
Unable to find image 'ocaml/opam:debian-12-ocaml-4.14@sha256:6861d2cea2df02e6467c0d6cf723eb199c902ae60e8e96b88bdfafcfab7b3a2f' locally
docker.io/ocaml/opam@sha256:6861d2cea2df02e6467c0d6cf723eb199c902ae60e8e96b88bdfafcfab7b3a2f: Pulling from ocaml/opam
Digest: sha256:6861d2cea2df02e6467c0d6cf723eb199c902ae60e8e96b88bdfafcfab7b3a2f
Status: Downloaded newer image for ocaml/opam@sha256:6861d2cea2df02e6467c0d6cf723eb199c902ae60e8e96b88bdfafcfab7b3a2f
[01;2m[01;35m2024-07-11 18:48.46 ---> using "4a2062430b518b8cfbc5c574841529a30ba3d6de7679379ca94f79d85d164cd8" from cache[0m

[01;34m/: (user (uid 1000) (gid 1000))[0m

[01;34m/: (workdir /home/opam)[0m

[01;34m/home/opam: (run (shell "sudo ln -f /usr/bin/opam-dev /usr/bin/opam"))[0m
[01;2m[01;35m2024-07-11 18:48.46 ---> using "29b5d9aad4a768fb168dfa107102cb95821b2f365d548b85be5aef5132cd245d" from cache[0m

[01;34m/home/opam: (run (network host)
                 (shell "opam init --reinit --config .opamrc-sandbox -ni"))[0m
Configuring from /home/opam/.opamrc-sandbox, then /home/opam/.opamrc, and finally from built-in defaults.
Checking for available remotes: rsync and local, git.
  - you won't be able to use mercurial repositories unless you install the hg command on your system.
  - you won't be able to use darcs repositories unless you install the darcs command on your system.

This development version of opam requires an update to the layout of /home/opam/.opam from version 2.0 to version 2.2, which can't be reverted.
You may want to back it up before going further.

Continue? [y/n] y
[NOTE] The 'jobs' option was reset, its value was 39 and its new value will vary according to the current number of cores on your machine. You can restore the fixed value using:
           opam option jobs=39 --global
Format upgrade done.

<><> Updating repositories ><><><><><><><><><><><><><><><><><><><><><><><><><><>
[default] synchronised from file:///home/opam/opam-repository
[01;2m[01;35m2024-07-11 18:48.46 ---> using "0706a875292ea922359d31104426c52cf1ec62952c22af91ca77ba12165daa47" from cache[0m

[01;34m/home/opam: (run (shell "uname -rs && opam exec -- ocaml -version && opam --version"))[0m
Linux 5.15.0-113-generic
The OCaml toplevel, version 4.14.2
2.3.0~alpha~dev
[01;2m[01;35m2024-07-11 18:48.46 ---> using "56af074fae77a51329f811b5bfb936746f95d4f3823a52bb864f86692f467bec" from cache[0m

[01;34m/home/opam: (env OPAMDOWNLOADJOBS 1)[0m

[01;34m/home/opam: (env OPAMERRLOGLEN 0)[0m

[01;34m/home/opam: (env OPAMSOLVERTIMEOUT 500)[0m

[01;34m/home/opam: (env OPAMPRECISETRACKING 1)[0m

[01;34m/home/opam: (env CI true)[0m

[01;34m/home/opam: (env OPAM_REPO_CI true)[0m

[01;34m/home/opam: (run (shell "rm -rf opam-repository/"))[0m
[01;2m[01;35m2024-07-11 18:48.46 ---> using "845fb03f28eba49019fb5591d249744cf0ecd47bd659754be83841c03de5d822" from cache[0m

[01;34m/home/opam: (copy (src .) (dst opam-repository/))[0m
[01;2m[01;35m2024-07-11 18:48.47 ---> using "371524d962f19a1f70e0a735ede9f3f9b8cd224855a17712985962ad0048af4f" from cache[0m

[01;34m/home/opam: (run (shell "opam repository set-url --strict default opam-repository/"))[0m
[default] Initialised
[01;2m[01;35m2024-07-11 18:48.47 ---> using "57389cb92e283643a8e56cf2c6fc35060ba25238a16d923804baa6ca0dd14851" from cache[0m

[01;34m/home/opam: (run (network host)
                 (shell "opam update --depexts || true"))[0m
+ /usr/bin/sudo "apt-get" "update"
- Hit:1 http://deb.debian.org/debian bookworm InRelease
- Get:2 http://deb.debian.org/debian bookworm-updates InRelease [55.4 kB]
- Get:3 http://deb.debian.org/debian-security bookworm-security InRelease [48.0 kB]
- Get:4 http://deb.debian.org/debian-security bookworm-security/main amd64 Packages [168 kB]
- Fetched 271 kB in 0s (865 kB/s)
- Reading package lists...
[01;2m[01;35m2024-07-11 18:48.47 ---> using "050d2e206aff2b7d78ac8eeaeedb185389ef9ae306cd78482e3147a5afe1d3e6" from cache[0m

[01;34m/home/opam: (run (shell "opam pin add -k version -yn ctypes.0.17.1 0.17.1"))[0m
ctypes is now pinned to version 0.17.1
[01;2m[01;35m2024-07-11 18:48.47 ---> using "5cf93a59b400e74ca3852ffa8863bb833d50e630fbcc259040c7bd524b441af9" from cache[0m

[01;34m/home/opam: (run (cache (opam-archives (target /home/opam/.opam/download-cache)))
                 (network host)
                 (shell  "opam reinstall ctypes.0.17.1;\
                        \n        res=$?;\
                        \n        test \"$res\" != 31 && exit \"$res\";\
                        \n        export OPAMCLI=2.0;\
                        \n        build_dir=$(opam var prefix)/.opam-switch/build;\
                        \n        failed=$(ls \"$build_dir\");\
                        \n        partial_fails=\"\";\
                        \n        for pkg in $failed; do\
                        \n          if opam show -f x-ci-accept-failures: \"$pkg\" | grep -qF \"\\\"debian-12\\\"\"; then\
                        \n            echo \"A package failed and has been disabled for CI using the 'x-ci-accept-failures' field.\";\
                        \n          fi;\
                        \n          test \"$pkg\" != 'ctypes.0.17.1' && partial_fails=\"$partial_fails $pkg\";\
                        \n        done;\
                        \n        test \"${partial_fails}\" != \"\" && echo \"opam-repo-ci detected dependencies failing: ${partial_fails}\";\
                        \n        exit 1"))[0m
ctypes.0.17.1 is not installed. Install it? [y/n] y
The following actions will be performed:
=== install 6 packages
  - install conf-pkg-config 3               [required by ctypes]
  - install ctypes          0.17.1 (pinned)
  - install dune            3.16.0          [required by integers]
  - install integers        0.7.0           [required by ctypes]
  - install ocamlfind       1.9.6           [required by ctypes]
  - install stdlib-shims    0.3.0           [required by integers]

The following system packages will first need to be installed:
    pkg-config

<><> Handling external dependencies <><><><><><><><><><><><><><><><><><><><><><>

opam believes some required external dependencies are missing. opam can:
> 1. Run apt-get to install them (may need root/sudo access)
  2. Display the recommended apt-get command and wait while you run it manually (e.g. in another terminal)
  3. Continue anyway, and, upon success, permanently register that this external dependency is present, but not detectable
  4. Abort the installation

[1/2/3/4] 1

+ /usr/bin/sudo "apt-get" "install" "-qq" "-yy" "pkg-config"
- debconf: delaying package configuration, since apt-utils is not installed
- Selecting previously unselected package libpkgconf3:amd64.
- (Reading database ... (Reading database ... 5%(Reading database ... 10%(Reading database ... 15%(Reading database ... 20%(Reading database ... 25%(Reading database ... 30%(Reading database ... 35%(Reading database ... 40%(Reading database ... 45%(Reading database ... 50%(Reading database ... 55%(Reading database ... 60%(Reading database ... 65%(Reading database ... 70%(Reading database ... 75%(Reading database ... 80%(Reading database ... 85%(Reading database ... 90%(Reading database ... 95%(Reading database ... 100%(Reading database ... 18734 files and directories currently installed.)
- Preparing to unpack .../libpkgconf3_1.8.1-1_amd64.deb ...
- Unpacking libpkgconf3:amd64 (1.8.1-1) ...
- Selecting previously unselected package pkgconf-bin.
- Preparing to unpack .../pkgconf-bin_1.8.1-1_amd64.deb ...
- Unpacking pkgconf-bin (1.8.1-1) ...
- Selecting previously unselected package pkgconf:amd64.
- Preparing to unpack .../pkgconf_1.8.1-1_amd64.deb ...
- Unpacking pkgconf:amd64 (1.8.1-1) ...
- Selecting previously unselected package pkg-config:amd64.
- Preparing to unpack .../pkg-config_1.8.1-1_amd64.deb ...
- Unpacking pkg-config:amd64 (1.8.1-1) ...
- Setting up libpkgconf3:amd64 (1.8.1-1) ...
- Setting up pkgconf-bin (1.8.1-1) ...
- Setting up pkgconf:amd64 (1.8.1-1) ...
- Setting up pkg-config:amd64 (1.8.1-1) ...
- Processing triggers for libc-bin (2.36-9+deb12u7) ...

<><> Processing actions <><><><><><><><><><><><><><><><><><><><><><><><><><><><>
-> retrieved ctypes.0.17.1  (cached)
-> installed conf-pkg-config.3
-> retrieved dune.3.16.0  (cached)
-> retrieved integers.0.7.0  (cached)
-> retrieved ocamlfind.1.9.6  (cached)
-> retrieved stdlib-shims.0.3.0  (cached)
-> installed ocamlfind.1.9.6
-> installed dune.3.16.0
-> installed stdlib-shims.0.3.0
-> installed integers.0.7.0
-> installed ctypes.0.17.1
Done.
# Run eval $(opam env) to update the current shell environment
[01;2m[01;35m2024-07-11 18:48.47 ---> using "4f7da5be183cf06653291307c4ee553939bb7f30fa2c7c26cca67de1bdba5ed3" from cache[0m

[01;34m/home/opam: (run (cache (opam-archives (target /home/opam/.opam/download-cache)))
                 (network host)
                 (shell  "opam reinstall current_ocluster.0.3.0;\
                        \n        res=$?;\
                        \n        test \"$res\" != 31 && exit \"$res\";\
                        \n        export OPAMCLI=2.0;\
                        \n        build_dir=$(opam var prefix)/.opam-switch/build;\
                        \n        failed=$(ls \"$build_dir\");\
                        \n        partial_fails=\"\";\
                        \n        for pkg in $failed; do\
                        \n          if opam show -f x-ci-accept-failures: \"$pkg\" | grep -qF \"\\\"debian-12\\\"\"; then\
                        \n            echo \"A package failed and has been disabled for CI using the 'x-ci-accept-failures' field.\";\
                        \n          fi;\
                        \n          test \"$pkg\" != 'current_ocluster.0.3.0' && partial_fails=\"$partial_fails $pkg\";\
                        \n        done;\
                        \n        test \"${partial_fails}\" != \"\" && echo \"opam-repo-ci detected dependencies failing: ${partial_fails}\";\
                        \n        exit 1"))[0m
current_ocluster.0.3.0 is not installed. Install it? [y/n] y
The following actions will be performed:
=== recompile 1 package
  - recompile ctypes                0.17.1 (pinned) [uses ctypes-foreign]
=== install 91 packages
  - install   angstrom              0.16.0          [required by uri]
  - install   asetmap               0.8.1           [required by capnp-rpc-net]
  - install   asn1-combinators      0.2.6           [required by capnp-rpc-net]
  - install   astring               0.8.5           [required by current, capnp-rpc-unix, current_git]
  - install   base                  v0.16.3         [required by capnp]
  - install   base-bytes            base            [required by extunix]
  - install   base64                3.5.1           [required by capnp-rpc-unix]
  - install   bigstringaf           0.9.1           [required by angstrom]
  - install   bos                   0.2.1           [required by current, current_git]
  - install   capnp                 3.6.0           [required by capnp-rpc-net]
  - install   capnp-rpc             1.2.3           [required by capnp-rpc-net]
  - install   capnp-rpc-lwt         1.2.3           [required by ocluster-api]
  - install   capnp-rpc-net         1.2.3           [required by capnp-rpc-unix]
  - install   capnp-rpc-unix        1.2.3           [required by current_ocluster]
  - install   cf                    0.5.0           [required by cf-lwt]
  - install   cf-lwt                0.5.0           [required by irmin-watcher]
  - install   cmdliner              1.3.0           [required by capnp-rpc-unix, current]
  - install   conf-bash             1               [required by base]
  - install   conf-capnproto        2               [required by capnp-rpc-net]
  - install   conf-git              1.1             [required by current_git]
  - install   conf-gmp              4               [required by zarith]
  - install   conf-gmp-powm-sec     3               [required by mirage-crypto-pk]
  - install   conf-libev            4-12            [required by current]
  - install   conf-libffi           2.0.0           [required by ctypes-foreign]
  - install   conf-sqlite3          1               [required by sqlite3]
  - install   cppo                  1.6.9           [required by ppx_deriving]
  - install   csexp                 1.5.2           [required by dune-configurator]
  - install   cstruct               6.2.0           [required by current_git]
  - install   cstruct-lwt           6.2.0           [required by capnp-rpc-unix]
  - install   ctypes-foreign        0.18.0          [required by cf]
  - install   current               0.6.6           [required by current_ocluster]
  - install   current_git           0.6.6           [required by current_ocluster]
  - install   current_incr          0.6.1           [required by current]
  - install   current_ocluster      0.3.0
  - install   domain-name           0.4.0           [required by tls]
  - install   dune-configurator     3.16.0          [required by extunix, sqlite3]
  - install   duration              0.2.1           [required by current_ocluster]
  - install   eqaf                  0.9             [required by mirage-crypto]
  - install   extunix               0.4.1           [required by capnp-rpc-unix]
  - install   fmt                   0.9.0           [required by current_ocluster]
  - install   fpath                 0.7.3           [required by current, current_git]
  - install   fsevents              0.3.0           [required by fsevents-lwt]
  - install   fsevents-lwt          0.3.0           [required by irmin-watcher]
  - install   gmap                  0.3.0           [required by x509]
  - install   hkdf                  1.0.4           [required by tls]
  - install   inotify               2.5             [required by irmin-watcher]
  - install   ipaddr                5.6.0           [required by tls]
  - install   irmin-watcher         0.5.0           [required by current_git]
  - install   logs                  0.7.0           [required by current_ocluster]
  - install   lwt                   5.7.0           [required by current_ocluster]
  - install   lwt-dllist            1.0.1           [required by current]
  - install   macaddr               5.6.0           [required by ipaddr]
  - install   mirage-clock          4.2.0           [required by tls-mirage]
  - install   mirage-crypto         0.11.3          [required by current_git]
  - install   mirage-crypto-ec      0.11.3          [required by tls]
  - install   mirage-crypto-pk      0.11.3          [required by tls, tls-mirage]
  - install   mirage-crypto-rng     0.11.3          [required by capnp-rpc-net, mirage-crypto-rng-lwt]
  - install   mirage-crypto-rng-lwt 0.11.3          [required by capnp-rpc-unix]
  - install   mirage-flow           3.0.0           [required by capnp-rpc-unix]
  - install   mirage-kv             6.1.1           [required by tls-mirage]
  - install   mtime                 2.0.0           [required by mirage-crypto-rng-lwt]
  - install   ocaml-compiler-libs   v0.12.4         [required by ppxlib]
  - install   ocaml-syntax-shims    1.0.0           [required by angstrom]
  - install   ocamlbuild            0.15.0          [required by astring, bos]
  - install   ocluster-api          0.3.0           [required by current_ocluster]
  - install   ocplib-endian         1.2             [required by capnp]
  - install   optint                0.3.0           [required by mirage-kv]
  - install   pbkdf                 1.2.0           [required by x509]
  - install   ppx_derivers          1.2.1           [required by ppx_deriving]
  - install   ppx_deriving          6.0.2           [required by current_ocluster]
  - install   ppx_deriving_yojson   3.8.0           [required by current_ocluster]
  - install   ppxlib                0.32.1          [required by ppx_deriving, extunix, ppx_deriving_yojson]
  - install   prometheus            1.2             [required by current_ocluster]
  - install   ptime                 1.1.0           [required by capnp-rpc-net]
  - install   re                    1.11.0          [required by current]
  - install   res                   5.0.1           [required by capnp]
  - install   result                1.5             [required by current, current_git]
  - install   rresult               0.7.0           [required by bos]
  - install   seq                   base            [required by yojson]
  - install   sexplib0              v0.16.0         [required by ppxlib]
  - install   sqlite3               5.1.0           [required by current]
  - install   stdint                0.7.2           [required by capnp-rpc, capnp, capnp-rpc-lwt]
  - install   stdio                 v0.16.0         [required by capnp]
  - install   stringext             1.6.0           [required by uri]
  - install   tls                   0.17.3          [required by capnp-rpc-net]
  - install   tls-mirage            0.17.3          [required by capnp-rpc-net]
  - install   topkg                 1.0.7           [required by astring, bos]
  - install   uri                   4.4.0           [required by capnp-rpc-net]
  - install   x509                  0.16.5          [required by capnp-rpc-net]
  - install   yojson                2.2.2           [required by current_git]
  - install   zarith                1.13            [required by asn1-combinators]

The following system packages will first need to be installed:
    capnproto libcapnp-dev libev-dev libffi-dev libgmp-dev libsqlite3-dev

<><> Handling external dependencies <><><><><><><><><><><><><><><><><><><><><><>

opam believes some required external dependencies are missing. opam can:
> 1. Run apt-get to install them (may need root/sudo access)
  2. Display the recommended apt-get command and wait while you run it manually (e.g. in another terminal)
  3. Continue anyway, and, upon success, permanently register that this external dependency is present, but not detectable
  4. Abort the installation

[1/2/3/4] 1

+ /usr/bin/sudo "apt-get" "install" "-qq" "-yy" "capnproto" "libcapnp-dev" "libev-dev" "libffi-dev" "libgmp-dev" "libsqlite3-dev"
- debconf: delaying package configuration, since apt-utils is not installed
- Selecting previously unselected package libcapnp-0.9.2:amd64.
- (Reading database ... (Reading database ... 5%(Reading database ... 10%(Reading database ... 15%(Reading database ... 20%(Reading database ... 25%(Reading database ... 30%(Reading database ... 35%(Reading database ... 40%(Reading database ... 45%(Reading database ... 50%(Reading database ... 55%(Reading database ... 60%(Reading database ... 65%(Reading database ... 70%(Reading database ... 75%(Reading database ... 80%(Reading database ... 85%(Reading database ... 90%(Reading database ... 95%(Reading database ... 100%(Reading database ... 18770 files and directories currently installed.)
- Preparing to unpack .../0-libcapnp-0.9.2_0.9.2-2_amd64.deb ...
- Unpacking libcapnp-0.9.2:amd64 (0.9.2-2) ...
- Selecting previously unselected package capnproto.
- Preparing to unpack .../1-capnproto_0.9.2-2_amd64.deb ...
- Unpacking capnproto (0.9.2-2) ...
- Selecting previously unselected package libssl-dev:amd64.
- Preparing to unpack .../2-libssl-dev_3.0.13-1~deb12u1_amd64.deb ...
- Unpacking libssl-dev:amd64 (3.0.13-1~deb12u1) ...
- Selecting previously unselected package libcapnp-dev:amd64.
- Preparing to unpack .../3-libcapnp-dev_0.9.2-2_amd64.deb ...
- Unpacking libcapnp-dev:amd64 (0.9.2-2) ...
- Selecting previously unselected package libev4:amd64.
- Preparing to unpack .../4-libev4_1%3a4.33-1_amd64.deb ...
- Unpacking libev4:amd64 (1:4.33-1) ...
- Selecting previously unselected package libev-dev:amd64.
- Preparing to unpack .../5-libev-dev_1%3a4.33-1_amd64.deb ...
- Unpacking libev-dev:amd64 (1:4.33-1) ...
- Selecting previously unselected package libffi-dev:amd64.
- Preparing to unpack .../6-libffi-dev_3.4.4-1_amd64.deb ...
- Unpacking libffi-dev:amd64 (3.4.4-1) ...
- Selecting previously unselected package libgmpxx4ldbl:amd64.
- Preparing to unpack .../7-libgmpxx4ldbl_2%3a6.2.1+dfsg1-1.1_amd64.deb ...
- Unpacking libgmpxx4ldbl:amd64 (2:6.2.1+dfsg1-1.1) ...
- Selecting previously unselected package libgmp-dev:amd64.
- Preparing to unpack .../8-libgmp-dev_2%3a6.2.1+dfsg1-1.1_amd64.deb ...
- Unpacking libgmp-dev:amd64 (2:6.2.1+dfsg1-1.1) ...
- Selecting previously unselected package libsqlite3-dev:amd64.
- Preparing to unpack .../9-libsqlite3-dev_3.40.1-2_amd64.deb ...
- Unpacking libsqlite3-dev:amd64 (3.40.1-2) ...
- Setting up libev4:amd64 (1:4.33-1) ...
- Setting up libffi-dev:amd64 (3.4.4-1) ...
- Setting up libgmpxx4ldbl:amd64 (2:6.2.1+dfsg1-1.1) ...
- Setting up libsqlite3-dev:amd64 (3.40.1-2) ...
- Setting up libssl-dev:amd64 (3.0.13-1~deb12u1) ...
- Setting up libcapnp-0.9.2:amd64 (0.9.2-2) ...
- Setting up libev-dev:amd64 (1:4.33-1) ...
- Setting up libcapnp-dev:amd64 (0.9.2-2) ...
- Setting up libgmp-dev:amd64 (2:6.2.1+dfsg1-1.1) ...
- Setting up capnproto (0.9.2-2) ...
- Processing triggers for libc-bin (2.36-9+deb12u7) ...

<><> Processing actions <><><><><><><><><><><><><><><><><><><><><><><><><><><><>
-> retrieved angstrom.0.16.0  (cached)
-> retrieved asetmap.0.8.1  (cached)
-> retrieved asn1-combinators.0.2.6  (cached)
-> retrieved astring.0.8.5  (cached)
-> retrieved base.v0.16.3  (cached)
-> installed base-bytes.base
-> retrieved base64.3.5.1  (cached)
-> retrieved bigstringaf.0.9.1  (cached)
-> retrieved bos.0.2.1  (cached)
-> retrieved capnp.3.6.0  (cached)
-> retrieved capnp-rpc.1.2.3, capnp-rpc-lwt.1.2.3, capnp-rpc-net.1.2.3, capnp-rpc-unix.1.2.3  (cached)
-> retrieved cf.0.5.0, cf-lwt.0.5.0  (cached)
-> installed base64.3.5.1
-> retrieved cmdliner.1.3.0  (cached)
-> retrieved conf-gmp.4  (cached)
-> retrieved conf-gmp-powm-sec.3  (cached)
-> retrieved conf-libev.4-12  (cached)
-> retrieved cppo.1.6.9  (cached)
-> retrieved csexp.1.5.2  (cached)
-> installed conf-git.1.1
-> installed conf-libffi.2.0.0
-> installed conf-bash.1
-> installed conf-capnproto.2
-> installed conf-sqlite3.1
-> retrieved cstruct.6.2.0, cstruct-lwt.6.2.0  (cached)
-> installed conf-gmp.4
-> retrieved ctypes.0.17.1  (cached)
-> removed   ctypes.0.17.1
-> installed ctypes-foreign.0.18.0
-> installed conf-gmp-powm-sec.3
-> retrieved current.0.6.6, current_git.0.6.6  (cached)
-> installed conf-libev.4-12
-> installed csexp.1.5.2
-> retrieved current_incr.0.6.1  (cached)
-> retrieved current_ocluster.0.3.0, ocluster-api.0.3.0  (cached)
-> retrieved domain-name.0.4.0  (cached)
-> installed current_incr.0.6.1
-> installed domain-name.0.4.0
-> retrieved dune-configurator.3.16.0  (cached)
-> installed cppo.1.6.9
-> retrieved duration.0.2.1  (cached)
-> retrieved eqaf.0.9  (cached)
-> retrieved extunix.0.4.1  (cached)
-> retrieved fmt.0.9.0  (cached)
-> retrieved fpath.0.7.3  (cached)
-> retrieved fsevents.0.3.0, fsevents-lwt.0.3.0  (cached)
-> retrieved gmap.0.3.0  (cached)
-> retrieved hkdf.1.0.4  (cached)
-> retrieved inotify.2.5  (cached)
-> retrieved ipaddr.5.6.0, macaddr.5.6.0  (cached)
-> retrieved irmin-watcher.0.5.0  (cached)
-> retrieved logs.0.7.0  (cached)
-> retrieved lwt.5.7.0  (cached)
-> retrieved lwt-dllist.1.0.1  (cached)
-> retrieved mirage-clock.4.2.0  (cached)
-> installed duration.0.2.1
-> retrieved mirage-crypto.0.11.3, mirage-crypto-ec.0.11.3, mirage-crypto-pk.0.11.3, mirage-crypto-rng.0.11.3, mirage-crypto-rng-lwt.0.11.3  (cached)
-> retrieved mirage-flow.3.0.0  (cached)
-> retrieved mirage-kv.6.1.1  (cached)
-> installed cmdliner.1.3.0
-> installed gmap.0.3.0
-> installed lwt-dllist.1.0.1
-> installed macaddr.5.6.0
-> installed mirage-clock.4.2.0
-> installed dune-configurator.3.16.0
-> retrieved mtime.2.0.0  (cached)
-> retrieved ocaml-compiler-libs.v0.12.4  (cached)
-> retrieved ocaml-syntax-shims.1.0.0  (cached)
-> retrieved ocamlbuild.0.15.0  (cached)
-> retrieved ocplib-endian.1.2  (cached)
-> retrieved optint.0.3.0  (cached)
-> retrieved pbkdf.1.2.0  (cached)
-> retrieved ppx_derivers.1.2.1  (cached)
-> retrieved ppx_deriving.6.0.2  (cached)
-> retrieved ppx_deriving_yojson.3.8.0  (cached)
-> installed ppx_derivers.1.2.1
-> retrieved ppxlib.0.32.1  (cached)
-> retrieved prometheus.1.2  (cached)
-> retrieved ptime.1.1.0  (cached)
-> installed optint.0.3.0
-> retrieved re.1.11.0  (cached)
-> retrieved res.5.0.1  (cached)
-> retrieved result.1.5  (cached)
-> retrieved rresult.0.7.0  (cached)
-> retrieved seq.base  (cached)
-> installed seq.base
-> retrieved sexplib0.v0.16.0  (cached)
-> installed bigstringaf.0.9.1
-> installed ipaddr.5.6.0
-> installed ocplib-endian.1.2
-> retrieved sqlite3.5.1.0  (cached)
-> retrieved stdint.0.7.2  (cached)
-> retrieved stdio.v0.16.0  (cached)
-> retrieved stringext.1.6.0  (cached)
-> retrieved tls.0.17.3, tls-mirage.0.17.3  (cached)
-> installed result.1.5
-> retrieved topkg.1.0.7  (cached)
-> retrieved uri.4.4.0  (cached)
-> retrieved x509.0.16.5  (cached)
-> installed ocaml-syntax-shims.1.0.0
-> installed stringext.1.6.0
-> retrieved yojson.2.2.2  (cached)
-> installed ocaml-compiler-libs.v0.12.4
-> installed res.5.0.1
-> installed sexplib0.v0.16.0
-> retrieved zarith.1.13  (cached)
-> installed re.1.11.0
-> installed angstrom.0.16.0
-> installed stdint.0.7.2
-> installed sqlite3.5.1.0
-> installed yojson.2.2.2
-> installed uri.4.4.0
-> installed lwt.5.7.0
-> installed zarith.1.13
-> installed inotify.2.5
-> installed ocamlbuild.0.15.0
-> installed base.v0.16.3
-> installed stdio.v0.16.0
-> installed topkg.1.0.7
-> installed asetmap.0.8.1
-> installed rresult.0.7.0
-> installed ctypes.0.17.1
-> installed mtime.2.0.0
-> installed fmt.0.9.0
-> installed ptime.1.1.0
-> installed cf.0.5.0
-> installed fsevents.0.3.0
-> installed cf-lwt.0.5.0
-> installed fsevents-lwt.0.3.0
-> installed mirage-kv.6.1.1
-> installed astring.0.8.5
-> installed cstruct.6.2.0
-> installed prometheus.1.2
-> installed mirage-flow.3.0.0
-> installed cstruct-lwt.6.2.0
-> installed eqaf.0.9
-> installed capnp.3.6.0
-> installed fpath.0.7.3
-> installed asn1-combinators.0.2.6
-> installed logs.0.7.0
-> installed irmin-watcher.0.5.0
-> installed capnp-rpc.1.2.3
-> installed mirage-crypto.0.11.3
-> installed hkdf.1.0.4
-> installed pbkdf.1.2.0
-> installed mirage-crypto-rng.0.11.3
-> installed bos.0.2.1
-> installed mirage-crypto-rng-lwt.0.11.3
-> installed ppxlib.0.32.1
-> installed mirage-crypto-pk.0.11.3
-> installed capnp-rpc-lwt.1.2.3
-> installed ppx_deriving.6.0.2
-> installed ppx_deriving_yojson.3.8.0
-> installed mirage-crypto-ec.0.11.3
-> installed current.0.6.6
-> installed x509.0.16.5
-> installed current_git.0.6.6
-> installed extunix.0.4.1
-> installed tls.0.17.3
-> installed ocluster-api.0.3.0
-> installed tls-mirage.0.17.3
-> installed capnp-rpc-net.1.2.3
-> installed capnp-rpc-unix.1.2.3
-> installed current_ocluster.0.3.0
Done.
# Run eval $(opam env) to update the current shell environment
[01;2m[01;35m2024-07-11 18:50.20 ---> saved as "237009f8c2c45cea2a7bfe912c8732bb09a6ff99b72bd41e6112e34879aa538d"[0m

[01;34m/home/opam: (run (network host)
                 (shell "(opam reinstall --with-test current_ocluster.0.3.0) || true"))[0m
[ERROR] Sorry, resolution of the request timed out.
        Try to specify a more precise request, use a different solver, or increase the allowed time by setting OPAMSOLVERTIMEOUT to a bigger value (currently, it is set to 500.0 seconds).
[01;2m[01;35m2024-07-11 18:59.00 ---> saved as "03b68fad4703806d33366811f0b523346fe37ca6b34ce236670e2cff2821e9b6"[0m

[01;34m/home/opam: (run (shell  "opam reinstall --with-test --verbose current_ocluster.0.3.0;\
                        \n        res=$?;\
                        \n        test \"$res\" != 31 && exit \"$res\";\
                        \n        export OPAMCLI=2.0;\
                        \n        build_dir=$(opam var prefix)/.opam-switch/build;\
                        \n        failed=$(ls \"$build_dir\");\
                        \n        partial_fails=\"\";\
                        \n        for pkg in $failed; do\
                        \n          if opam show -f x-ci-accept-failures: \"$pkg\" | grep -qF \"\\\"debian-12\\\"\"; then\
                        \n            echo \"A package failed and has been disabled for CI using the 'x-ci-accept-failures' field.\";\
                        \n          fi;\
                        \n          test \"$pkg\" != 'current_ocluster.0.3.0' && partial_fails=\"$partial_fails $pkg\";\
                        \n        done;\
                        \n        test \"${partial_fails}\" != \"\" && echo \"opam-repo-ci detected dependencies failing: ${partial_fails}\";\
                        \n        exit 1"))[0m
[ERROR] Sorry, resolution of the request timed out.
        Try to specify a more precise request, use a different solver, or increase the allowed time by setting OPAMSOLVERTIMEOUT to a bigger value (currently, it is set to 500.0 seconds).
'opam reinstall --with-test --verbose current_ocluster.0.3.0' failed.
"/usr/bin/env" "bash" "-c" "opam reinstall --with-test --verbose current_ocluster.0.3.0;
        res=$?;
        test "$res" != 31 && exit "$res";
        export OPAMCLI=2.0;
        build_dir=$(opam var prefix)/.opam-switch/build;
        failed=$(ls "$build_dir");
        partial_fails="";
        for pkg in $failed; do
          if opam show -f x-ci-accept-failures: "$pkg" | grep -qF "\"debian-12\""; then
            echo "A package failed and has been disabled for CI using the 'x-ci-accept-failures' field.";
          fi;
          test "$pkg" != 'current_ocluster.0.3.0' && partial_fails="$partial_fails $pkg";
        done;
        test "${partial_fails}" != "" && echo "opam-repo-ci detected dependencies failing: ${partial_fails}";
        exit 1" failed with exit status 60
2024-07-11 19:07.49: Job failed: Failed: Build failed
2024-07-11 19:07.49: Log analysis:
2024-07-11 19:07.49: >>> 
[ERROR] Sorry, resolution of the request timed out.
 (score = 20)
2024-07-11 19:07.49: >>> 
[ERROR] Sorry, resolution of the request timed out.
 (score = 20)
2024-07-11 19:07.49: Sorry, resolution of the request timed out.
