2024-02-20 23:47.10: New job: test irmin-http.3.2.2 with cohttp.2.5.2-1, using opam dev
                              from https://github.com/ocaml/opam-repository.git#refs/pull/25299/head (262b48e2c954637430d53bbd7e56fc6ca21fc175)
                              on debian-12-ocaml-4.14/amd64

To reproduce locally:

cd $(mktemp -d)
git clone --recursive "https://github.com/ocaml/opam-repository.git" && cd "opam-repository" && git fetch origin "refs/pull/25299/head" && git reset --hard 262b48e2
git fetch origin master
git merge --no-edit c55e2f61591f0731aea1cb23bfd4b675c54b5ab2
cat > ../Dockerfile <<'END-OF-DOCKERFILE'
[34mFROM ocaml/opam:debian-12-ocaml-4.14@sha256:4021ca3252741ce621e03f973d64272c2ac47b3b1e7c780e5a51dcc96f76a20c
USER 1000:1000
WORKDIR /home/opam
RUN sudo ln -f /usr/bin/opam-dev /usr/bin/opam
RUN opam init --reinit -ni
ENV OPAMDOWNLOADJOBS="1"
ENV OPAMERRLOGLEN="0"
ENV OPAMSOLVERTIMEOUT="500"
ENV OPAMPRECISETRACKING="1"
ENV CI="true"
ENV OPAM_REPO_CI="true"
RUN rm -rf opam-repository/
COPY --chown=1000:1000 . opam-repository/
RUN opam repository set-url --strict default opam-repository/
RUN opam update --depexts || true
ENV OPAMCRITERIA="-removed,-count[avoid-version,changed],-count[version-lag,request],-count[version-lag,changed],-count[missing-depexts,changed],-changed"
ENV OPAMFIXUPCRITERIA="-removed,-count[avoid-version,changed],-count[version-lag,request],-count[version-lag,changed],-count[missing-depexts,changed],-changed"
ENV OPAMUPGRADECRITERIA="-removed,-count[avoid-version,changed],-count[version-lag,request],-count[version-lag,changed],-count[missing-depexts,changed],-changed"
RUN opam pin add -k version -yn cohttp.2.5.2-1 2.5.2-1
RUN opam reinstall cohttp.2.5.2-1; \
    res=$?; \
    test "$res" != 31 && exit "$res"; \
    export OPAMCLI=2.0; \
    build_dir=$(opam var prefix)/.opam-switch/build; \
    failed=$(ls "$build_dir"); \
    partial_fails=""; \
    for pkg in $failed; do \
    if opam show -f x-ci-accept-failures: "$pkg" | grep -qF "\"debian-12\""; then \
    echo "A package failed and has been disabled for CI using the 'x-ci-accept-failures' field."; \
    fi; \
    test "$pkg" != 'cohttp.2.5.2-1' && partial_fails="$partial_fails $pkg"; \
    done; \
    test "${partial_fails}" != "" && echo "opam-repo-ci detected dependencies failing: ${partial_fails}"; \
    exit 1
ENV OPAMCRITERIA="-removed,-count[avoid-version,changed],-count[version-lag,request],-count[version-lag,changed],-count[missing-depexts,changed],-changed"
ENV OPAMFIXUPCRITERIA="-removed,-count[avoid-version,changed],-count[version-lag,request],-count[version-lag,changed],-count[missing-depexts,changed],-changed"
ENV OPAMUPGRADECRITERIA="-removed,-count[avoid-version,changed],-count[version-lag,request],-count[version-lag,changed],-count[missing-depexts,changed],-changed"
RUN opam reinstall irmin-http.3.2.2; \
    res=$?; \
    test "$res" != 31 && exit "$res"; \
    export OPAMCLI=2.0; \
    build_dir=$(opam var prefix)/.opam-switch/build; \
    failed=$(ls "$build_dir"); \
    partial_fails=""; \
    for pkg in $failed; do \
    if opam show -f x-ci-accept-failures: "$pkg" | grep -qF "\"debian-12\""; then \
    echo "A package failed and has been disabled for CI using the 'x-ci-accept-failures' field."; \
    fi; \
    test "$pkg" != 'irmin-http.3.2.2' && partial_fails="$partial_fails $pkg"; \
    done; \
    test "${partial_fails}" != "" && echo "opam-repo-ci detected dependencies failing: ${partial_fails}"; \
    exit 1
ENV OPAMCRITERIA="-removed,-count[avoid-version,changed],-count[version-lag,request],-count[version-lag,changed],-count[missing-depexts,changed],-changed"
ENV OPAMFIXUPCRITERIA="-removed,-count[avoid-version,changed],-count[version-lag,request],-count[version-lag,changed],-count[missing-depexts,changed],-changed"
ENV OPAMUPGRADECRITERIA="-removed,-count[avoid-version,changed],-count[version-lag,request],-count[version-lag,changed],-count[missing-depexts,changed],-changed"
RUN (opam reinstall --with-test irmin-http.3.2.2) || true
RUN opam reinstall --with-test --verbose irmin-http.3.2.2; \
    res=$?; \
    test "$res" != 31 && exit "$res"; \
    export OPAMCLI=2.0; \
    build_dir=$(opam var prefix)/.opam-switch/build; \
    failed=$(ls "$build_dir"); \
    partial_fails=""; \
    for pkg in $failed; do \
    if opam show -f x-ci-accept-failures: "$pkg" | grep -qF "\"debian-12\""; then \
    echo "A package failed and has been disabled for CI using the 'x-ci-accept-failures' field."; \
    fi; \
    test "$pkg" != 'irmin-http.3.2.2' && partial_fails="$partial_fails $pkg"; \
    done; \
    test "${partial_fails}" != "" && echo "opam-repo-ci detected dependencies failing: ${partial_fails}"; \
    exit 1
[0m
END-OF-DOCKERFILE
docker build -f ../Dockerfile .

2024-02-20 23:47.10: Using cache hint "ocaml/opam:debian-12-ocaml-4.14@sha256:4021ca3252741ce621e03f973d64272c2ac47b3b1e7c780e5a51dcc96f76a20c-cohttp.2.5.2-1-irmin-http.3.2.2-262b48e2c954637430d53bbd7e56fc6ca21fc175"
2024-02-20 23:47.10: Using OBuilder spec:
((from ocaml/opam:debian-12-ocaml-4.14@sha256:4021ca3252741ce621e03f973d64272c2ac47b3b1e7c780e5a51dcc96f76a20c)
 (user (uid 1000) (gid 1000))
 (workdir /home/opam)
 (run (shell "sudo ln -f /usr/bin/opam-dev /usr/bin/opam"))
 (run (network host)
      (shell "opam init --reinit --config .opamrc-sandbox -ni"))
 (env OPAMDOWNLOADJOBS 1)
 (env OPAMERRLOGLEN 0)
 (env OPAMSOLVERTIMEOUT 500)
 (env OPAMPRECISETRACKING 1)
 (env CI true)
 (env OPAM_REPO_CI true)
 (run (shell "rm -rf opam-repository/"))
 (copy (src .) (dst opam-repository/))
 (run (shell "opam repository set-url --strict default opam-repository/"))
 (run (network host)
      (shell "opam update --depexts || true"))
 (env OPAMCRITERIA -removed,-count[avoid-version,changed],-count[version-lag,request],-count[version-lag,changed],-count[missing-depexts,changed],-changed)
 (env OPAMFIXUPCRITERIA -removed,-count[avoid-version,changed],-count[version-lag,request],-count[version-lag,changed],-count[missing-depexts,changed],-changed)
 (env OPAMUPGRADECRITERIA -removed,-count[avoid-version,changed],-count[version-lag,request],-count[version-lag,changed],-count[missing-depexts,changed],-changed)
 (run (shell "opam pin add -k version -yn cohttp.2.5.2-1 2.5.2-1"))
 (run (cache (opam-archives (target /home/opam/.opam/download-cache)))
      (network host)
      (shell  "opam reinstall cohttp.2.5.2-1;\
             \n        res=$?;\
             \n        test \"$res\" != 31 && exit \"$res\";\
             \n        export OPAMCLI=2.0;\
             \n        build_dir=$(opam var prefix)/.opam-switch/build;\
             \n        failed=$(ls \"$build_dir\");\
             \n        partial_fails=\"\";\
             \n        for pkg in $failed; do\
             \n          if opam show -f x-ci-accept-failures: \"$pkg\" | grep -qF \"\\\"debian-12\\\"\"; then\
             \n            echo \"A package failed and has been disabled for CI using the 'x-ci-accept-failures' field.\";\
             \n          fi;\
             \n          test \"$pkg\" != 'cohttp.2.5.2-1' && partial_fails=\"$partial_fails $pkg\";\
             \n        done;\
             \n        test \"${partial_fails}\" != \"\" && echo \"opam-repo-ci detected dependencies failing: ${partial_fails}\";\
             \n        exit 1"))
 (env OPAMCRITERIA -removed,-count[avoid-version,changed],-count[version-lag,request],-count[version-lag,changed],-count[missing-depexts,changed],-changed)
 (env OPAMFIXUPCRITERIA -removed,-count[avoid-version,changed],-count[version-lag,request],-count[version-lag,changed],-count[missing-depexts,changed],-changed)
 (env OPAMUPGRADECRITERIA -removed,-count[avoid-version,changed],-count[version-lag,request],-count[version-lag,changed],-count[missing-depexts,changed],-changed)
 (run (cache (opam-archives (target /home/opam/.opam/download-cache)))
      (network host)
      (shell  "opam reinstall irmin-http.3.2.2;\
             \n        res=$?;\
             \n        test \"$res\" != 31 && exit \"$res\";\
             \n        export OPAMCLI=2.0;\
             \n        build_dir=$(opam var prefix)/.opam-switch/build;\
             \n        failed=$(ls \"$build_dir\");\
             \n        partial_fails=\"\";\
             \n        for pkg in $failed; do\
             \n          if opam show -f x-ci-accept-failures: \"$pkg\" | grep -qF \"\\\"debian-12\\\"\"; then\
             \n            echo \"A package failed and has been disabled for CI using the 'x-ci-accept-failures' field.\";\
             \n          fi;\
             \n          test \"$pkg\" != 'irmin-http.3.2.2' && partial_fails=\"$partial_fails $pkg\";\
             \n        done;\
             \n        test \"${partial_fails}\" != \"\" && echo \"opam-repo-ci detected dependencies failing: ${partial_fails}\";\
             \n        exit 1"))
 (env OPAMCRITERIA -removed,-count[avoid-version,changed],-count[version-lag,request],-count[version-lag,changed],-count[missing-depexts,changed],-changed)
 (env OPAMFIXUPCRITERIA -removed,-count[avoid-version,changed],-count[version-lag,request],-count[version-lag,changed],-count[missing-depexts,changed],-changed)
 (env OPAMUPGRADECRITERIA -removed,-count[avoid-version,changed],-count[version-lag,request],-count[version-lag,changed],-count[missing-depexts,changed],-changed)
 (run (network host)
      (shell "(opam reinstall --with-test irmin-http.3.2.2) || true"))
 (run (shell  "opam reinstall --with-test --verbose irmin-http.3.2.2;\
             \n        res=$?;\
             \n        test \"$res\" != 31 && exit \"$res\";\
             \n        export OPAMCLI=2.0;\
             \n        build_dir=$(opam var prefix)/.opam-switch/build;\
             \n        failed=$(ls \"$build_dir\");\
             \n        partial_fails=\"\";\
             \n        for pkg in $failed; do\
             \n          if opam show -f x-ci-accept-failures: \"$pkg\" | grep -qF \"\\\"debian-12\\\"\"; then\
             \n            echo \"A package failed and has been disabled for CI using the 'x-ci-accept-failures' field.\";\
             \n          fi;\
             \n          test \"$pkg\" != 'irmin-http.3.2.2' && partial_fails=\"$partial_fails $pkg\";\
             \n        done;\
             \n        test \"${partial_fails}\" != \"\" && echo \"opam-repo-ci detected dependencies failing: ${partial_fails}\";\
             \n        exit 1"))
)

2024-02-20 23:47.10: Waiting for resource in pool OCluster
2024-02-21 12:25.05: Waiting for workerâ€¦
2024-02-21 12:31.10: Got resource from pool OCluster
Building on x86-bm-c14.sw.ocaml.org
All commits already cached
Updating files:  78% (25964/33107)Updating files:  79% (26155/33107)Updating files:  80% (26486/33107)Updating files:  81% (26817/33107)Updating files:  82% (27148/33107)Updating files:  83% (27479/33107)Updating files:  84% (27810/33107)Updating files:  85% (28141/33107)Updating files:  86% (28473/33107)Updating files:  87% (28804/33107)Updating files:  88% (29135/33107)Updating files:  89% (29466/33107)Updating files:  90% (29797/33107)Updating files:  91% (30128/33107)Updating files:  92% (30459/33107)Updating files:  93% (30790/33107)Updating files:  94% (31121/33107)Updating files:  95% (31452/33107)Updating files:  96% (31783/33107)Updating files:  97% (32114/33107)Updating files:  98% (32445/33107)Updating files:  99% (32776/33107)Updating files: 100% (33107/33107)Updating files: 100% (33107/33107), done.
HEAD is now at c55e2f6159 Merge pull request #25289 from paurkedal/caqti.2.1.1
Merge made by the 'ort' strategy.
 packages/cohttp/cohttp.2.3.0/opam   | 2 +-
 packages/cohttp/cohttp.2.4.0/opam   | 2 +-
 packages/cohttp/cohttp.2.5.0/opam   | 2 +-
 packages/cohttp/cohttp.2.5.1/opam   | 2 +-
 packages/cohttp/cohttp.2.5.2-1/opam | 2 +-
 packages/cohttp/cohttp.2.5.2/opam   | 2 +-
 packages/cohttp/cohttp.2.5.3/opam   | 2 +-
 packages/cohttp/cohttp.2.5.4/opam   | 2 +-
 packages/cohttp/cohttp.2.5.5/opam   | 2 +-
 packages/cohttp/cohttp.2.5.6/opam   | 2 +-
 packages/cohttp/cohttp.2.5.7/opam   | 2 +-
 packages/cohttp/cohttp.2.5.8/opam   | 2 +-
 packages/cohttp/cohttp.3.0.0/opam   | 2 +-
 packages/cohttp/cohttp.4.0.0/opam   | 2 +-
 packages/cohttp/cohttp.4.1.1/opam   | 2 +-
 packages/cohttp/cohttp.4.1.2/opam   | 2 +-
 packages/cohttp/cohttp.5.0.0/opam   | 2 +-
 packages/cohttp/cohttp.5.1.0/opam   | 2 +-
 packages/cohttp/cohttp.5.2.0/opam   | 2 +-
 packages/cohttp/cohttp.5.3.0/opam   | 2 +-
 packages/cohttp/cohttp.5.3.1/opam   | 2 +-
 21 files changed, 21 insertions(+), 21 deletions(-)

[01;34m(from ocaml/opam:debian-12-ocaml-4.14@sha256:4021ca3252741ce621e03f973d64272c2ac47b3b1e7c780e5a51dcc96f76a20c)[0m
Unable to find image 'ocaml/opam:debian-12-ocaml-4.14@sha256:4021ca3252741ce621e03f973d64272c2ac47b3b1e7c780e5a51dcc96f76a20c' locally
docker.io/ocaml/opam@sha256:4021ca3252741ce621e03f973d64272c2ac47b3b1e7c780e5a51dcc96f76a20c: Pulling from ocaml/opam
99e811556aa9: Pulling fs layer
99e811556aa9: Verifying Checksum
99e811556aa9: Download complete
99e811556aa9: Pull complete
Digest: sha256:4021ca3252741ce621e03f973d64272c2ac47b3b1e7c780e5a51dcc96f76a20c
Status: Downloaded newer image for ocaml/opam@sha256:4021ca3252741ce621e03f973d64272c2ac47b3b1e7c780e5a51dcc96f76a20c
[01;2m[01;35m2024-02-21 12:31.11 ---> using "0acf803dd11b376b386511f6c168c184aeafb2a98b15ad3a7c37861e7c214376" from cache[0m

[01;34m/: (user (uid 1000) (gid 1000))[0m

[01;34m/: (workdir /home/opam)[0m

[01;34m/home/opam: (run (shell "sudo ln -f /usr/bin/opam-dev /usr/bin/opam"))[0m
[01;2m[01;35m2024-02-21 12:31.11 ---> using "5f75a484ee0a4a54dce687581c08c0e0126d54be845e13f0e0f4cb297e6a2d76" from cache[0m

[01;34m/home/opam: (run (network host)
                 (shell "opam init --reinit --config .opamrc-sandbox -ni"))[0m
Configuring from /home/opam/.opamrc-sandbox, then /home/opam/.opamrc, and finally from built-in defaults.
Checking for available remotes: rsync and local, git.
  - you won't be able to use mercurial repositories unless you install the hg command on your system.
  - you won't be able to use darcs repositories unless you install the darcs command on your system.

This development version of opam requires an update to the layout of /home/opam/.opam from version 2.0 to version 2.2~alpha, which can't be reverted.
You may want to back it up before going further.

Continue? [y/n] y
[NOTE] The 'jobs' option was reset, its value was 71 and its new value will vary according to the current number of cores on your machine. You can restore the fixed value using:
           opam option jobs=71 --global
Format upgrade done.

<><> Updating repositories ><><><><><><><><><><><><><><><><><><><><><><><><><><>
[default] synchronised from file:///home/opam/opam-repository
[01;2m[01;35m2024-02-21 12:31.11 ---> using "e04cc2bb434ef69b32eefedf55fe47d43efe975bcbb2b548ccfaa5ac32346591" from cache[0m

[01;34m/home/opam: (env OPAMDOWNLOADJOBS 1)[0m

[01;34m/home/opam: (env OPAMERRLOGLEN 0)[0m

[01;34m/home/opam: (env OPAMSOLVERTIMEOUT 500)[0m

[01;34m/home/opam: (env OPAMPRECISETRACKING 1)[0m

[01;34m/home/opam: (env CI true)[0m

[01;34m/home/opam: (env OPAM_REPO_CI true)[0m

[01;34m/home/opam: (run (shell "rm -rf opam-repository/"))[0m
[01;2m[01;35m2024-02-21 12:31.11 ---> using "00564ecdfc417b769e9fdfcd2bb57e2f10222db9d58be942fda044ce7d492d99" from cache[0m

[01;34m/home/opam: (copy (src .) (dst opam-repository/))[0m
[01;2m[01;35m2024-02-21 12:31.13 ---> using "d4e4e4d4e6f21ea14a079ec6a1f216872efd439585615f78cd40577b5dbd978c" from cache[0m

[01;34m/home/opam: (run (shell "opam repository set-url --strict default opam-repository/"))[0m
[default] Initialised
[01;2m[01;35m2024-02-21 12:31.13 ---> using "784015643b7f3ba33942f4b5e5bd29faedb61a000745d73e598c0f8d9e9237cc" from cache[0m

[01;34m/home/opam: (run (network host)
                 (shell "opam update --depexts || true"))[0m
+ /usr/bin/sudo "apt-get" "update"
- Get:1 http://deb.debian.org/debian bookworm InRelease [151 kB]
- Get:2 http://deb.debian.org/debian bookworm-updates InRelease [55.4 kB]
- Get:3 http://deb.debian.org/debian-security bookworm-security InRelease [48.0 kB]
- Get:4 http://deb.debian.org/debian bookworm/main amd64 Packages [8786 kB]
- Get:5 http://deb.debian.org/debian-security bookworm-security/main amd64 Packages [139 kB]
- Fetched 9180 kB in 1s (6966 kB/s)
- Reading package lists...
- 
[01;2m[01;35m2024-02-21 12:31.13 ---> using "acd23b2d09263077054f364b3154177118fba2f5d92b321c5eb786ef3ca56105" from cache[0m

[01;34m/home/opam: (env OPAMCRITERIA -removed,-count[avoid-version,changed],-count[version-lag,request],-count[version-lag,changed],-count[missing-depexts,changed],-changed)[0m

[01;34m/home/opam: (env OPAMFIXUPCRITERIA -removed,-count[avoid-version,changed],-count[version-lag,request],-count[version-lag,changed],-count[missing-depexts,changed],-changed)[0m

[01;34m/home/opam: (env OPAMUPGRADECRITERIA -removed,-count[avoid-version,changed],-count[version-lag,request],-count[version-lag,changed],-count[missing-depexts,changed],-changed)[0m

[01;34m/home/opam: (run (shell "opam pin add -k version -yn cohttp.2.5.2-1 2.5.2-1"))[0m
cohttp is now pinned to version 2.5.2-1
[01;2m[01;35m2024-02-21 12:31.13 ---> using "6d02559b1e2ce7b3baf6a1abc75c22ab6ac488632ba62dc51b3c1e3054dfa262" from cache[0m

[01;34m/home/opam: (run (cache (opam-archives (target /home/opam/.opam/download-cache)))
                 (network host)
                 (shell  "opam reinstall cohttp.2.5.2-1;\
                        \n        res=$?;\
                        \n        test \"$res\" != 31 && exit \"$res\";\
                        \n        export OPAMCLI=2.0;\
                        \n        build_dir=$(opam var prefix)/.opam-switch/build;\
                        \n        failed=$(ls \"$build_dir\");\
                        \n        partial_fails=\"\";\
                        \n        for pkg in $failed; do\
                        \n          if opam show -f x-ci-accept-failures: \"$pkg\" | grep -qF \"\\\"debian-12\\\"\"; then\
                        \n            echo \"A package failed and has been disabled for CI using the 'x-ci-accept-failures' field.\";\
                        \n          fi;\
                        \n          test \"$pkg\" != 'cohttp.2.5.2-1' && partial_fails=\"$partial_fails $pkg\";\
                        \n        done;\
                        \n        test \"${partial_fails}\" != \"\" && echo \"opam-repo-ci detected dependencies failing: ${partial_fails}\";\
                        \n        exit 1"))[0m
cohttp.2.5.2-1 is not installed. Install it? [y/n] y
The following actions will be performed:
=== install 28 packages
  - install angstrom            0.16.0           [required by uri]
  - install base                v0.16.3          [required by ppx_fields_conv, fieldslib, ppx_sexp_conv]
  - install base64              3.5.1            [required by cohttp]
  - install bigstringaf         0.9.1            [required by angstrom]
  - install cohttp              2.5.2-1 (pinned)
  - install conf-bash           1                [required by base]
  - install csexp               1.5.2            [required by dune-configurator]
  - install dune                3.14.0           [required by cohttp]
  - install dune-configurator   3.14.0           [required by base]
  - install fieldslib           v0.16.0          [required by cohttp]
  - install jsonm               1.0.2            [required by cohttp]
  - install ocaml-compiler-libs v0.12.4          [required by ppxlib]
  - install ocaml-syntax-shims  1.0.0            [required by angstrom]
  - install ocamlbuild          0.14.3           [required by jsonm]
  - install ocamlfind           1.9.6            [required by jsonm]
  - install ppx_derivers        1.2.1            [required by ppxlib]
  - install ppx_fields_conv     v0.16.0          [required by cohttp]
  - install ppx_sexp_conv       v0.16.0          [required by cohttp]
  - install ppxlib              0.32.0           [required by ppx_fields_conv, ppx_sexp_conv]
  - install re                  1.11.0           [required by cohttp]
  - install seq                 base             [required by re]
  - install sexplib0            v0.16.0          [required by cohttp]
  - install stdlib-shims        0.3.0            [required by cohttp]
  - install stringext           1.6.0            [required by cohttp]
  - install topkg               1.0.7            [required by jsonm]
  - install uri                 4.4.0            [required by cohttp]
  - install uri-sexp            4.4.0            [required by cohttp]
  - install uutf                1.0.3            [required by jsonm]

<><> Processing actions <><><><><><><><><><><><><><><><><><><><><><><><><><><><>
-> retrieved angstrom.0.16.0  (cached)
-> retrieved base.v0.16.3  (cached)
-> retrieved base64.3.5.1  (cached)
-> retrieved bigstringaf.0.9.1  (cached)
-> retrieved cohttp.2.5.2-1  (https://github.com/mirage/ocaml-cohttp/releases/download/v2.5.2/cohttp-v2.5.2.tbz)
-> retrieved csexp.1.5.2  (cached)
-> installed conf-bash.1
-> retrieved dune.3.14.0, dune-configurator.3.14.0  (cached)
-> retrieved fieldslib.v0.16.0  (cached)
-> retrieved jsonm.1.0.2  (cached)
-> retrieved ocaml-compiler-libs.v0.12.4  (cached)
-> retrieved ocaml-syntax-shims.1.0.0  (cached)
-> retrieved ocamlbuild.0.14.3  (cached)
-> retrieved ocamlfind.1.9.6  (cached)
-> retrieved ppx_derivers.1.2.1  (cached)
-> retrieved ppx_fields_conv.v0.16.0  (cached)
-> retrieved ppx_sexp_conv.v0.16.0  (cached)
-> retrieved ppxlib.0.32.0  (cached)
-> retrieved re.1.11.0  (cached)
-> installed seq.base
-> retrieved sexplib0.v0.16.0  (cached)
-> retrieved stdlib-shims.0.3.0  (cached)
-> retrieved stringext.1.6.0  (cached)
-> retrieved topkg.1.0.7  (cached)
-> retrieved uri.4.4.0, uri-sexp.4.4.0  (cached)
-> retrieved uutf.1.0.3  (cached)
-> installed ocamlfind.1.9.6
-> installed ocamlbuild.0.14.3
-> installed topkg.1.0.7
-> installed uutf.1.0.3
-> installed jsonm.1.0.2
-> installed dune.3.14.0
-> installed ppx_derivers.1.2.1
-> installed csexp.1.5.2
-> installed base64.3.5.1
-> installed ocaml-compiler-libs.v0.12.4
-> installed ocaml-syntax-shims.1.0.0
-> installed re.1.11.0
-> installed sexplib0.v0.16.0
-> installed stdlib-shims.0.3.0
-> installed stringext.1.6.0
-> installed dune-configurator.3.14.0
-> installed bigstringaf.0.9.1
-> installed angstrom.0.16.0
-> installed uri.4.4.0
-> installed base.v0.16.3
-> installed fieldslib.v0.16.0
-> installed ppxlib.0.32.0
-> installed ppx_fields_conv.v0.16.0
-> installed ppx_sexp_conv.v0.16.0
-> installed uri-sexp.4.4.0
-> installed cohttp.2.5.2-1
Done.
# Run eval $(opam env) to update the current shell environment
[01;2m[01;35m2024-02-21 12:31.13 ---> using "5870c462b71b22da0da636c206e86f1d1e943695d0d1be675d844f6e88473f43" from cache[0m

[01;34m/home/opam: (env OPAMCRITERIA -removed,-count[avoid-version,changed],-count[version-lag,request],-count[version-lag,changed],-count[missing-depexts,changed],-changed)[0m

[01;34m/home/opam: (env OPAMFIXUPCRITERIA -removed,-count[avoid-version,changed],-count[version-lag,request],-count[version-lag,changed],-count[missing-depexts,changed],-changed)[0m

[01;34m/home/opam: (env OPAMUPGRADECRITERIA -removed,-count[avoid-version,changed],-count[version-lag,request],-count[version-lag,changed],-count[missing-depexts,changed],-changed)[0m

[01;34m/home/opam: (run (cache (opam-archives (target /home/opam/.opam/download-cache)))
                 (network host)
                 (shell  "opam reinstall irmin-http.3.2.2;\
                        \n        res=$?;\
                        \n        test \"$res\" != 31 && exit \"$res\";\
                        \n        export OPAMCLI=2.0;\
                        \n        build_dir=$(opam var prefix)/.opam-switch/build;\
                        \n        failed=$(ls \"$build_dir\");\
                        \n        partial_fails=\"\";\
                        \n        for pkg in $failed; do\
                        \n          if opam show -f x-ci-accept-failures: \"$pkg\" | grep -qF \"\\\"debian-12\\\"\"; then\
                        \n            echo \"A package failed and has been disabled for CI using the 'x-ci-accept-failures' field.\";\
                        \n          fi;\
                        \n          test \"$pkg\" != 'irmin-http.3.2.2' && partial_fails=\"$partial_fails $pkg\";\
                        \n        done;\
                        \n        test \"${partial_fails}\" != \"\" && echo \"opam-repo-ci detected dependencies failing: ${partial_fails}\";\
                        \n        exit 1"))[0m
irmin-http.3.2.2 is not installed. Install it? [y/n] y
The following actions will be performed:
=== recompile 3 packages
  - recompile cohttp        2.5.2-1 (pinned) [uses jsonm]
  - recompile jsonm         1.0.2            [uses uutf]
  - recompile uutf          1.0.3            [uses cmdliner]
=== install 28 packages
  - install   astring       0.8.5            [required by irmin-http]
  - install   base-bytes    base             [required by ocplib-endian]
  - install   bheap         2.0.0            [required by irmin]
  - install   cmdliner      1.2.0            [required by crunch]
  - install   cohttp-lwt    2.5.2-1          [required by irmin-http]
  - install   cppo          1.6.9            [required by lwt]
  - install   crunch        3.3.1            [required by irmin-http]
  - install   cstruct       6.2.0            [required by eqaf]
  - install   digestif      1.1.4            [required by irmin]
  - install   dispatch      0.5.0            [required by webmachine]
  - install   either        1.0.0            [required by repr]
  - install   eqaf          0.9              [required by digestif]
  - install   fmt           0.9.0            [required by irmin-http]
  - install   irmin         3.2.2            [required by irmin-http]
  - install   irmin-http    3.2.2
  - install   logs          0.7.0            [required by irmin-http]
  - install   lwt           5.7.0            [required by irmin-http]
  - install   mtime         1.4.0            [required by irmin]
  - install   ocamlgraph    2.1.0            [required by irmin]
  - install   ocplib-endian 1.2              [required by lwt]
  - install   optint        0.3.0            [required by repr]
  - install   ppx_deriving  5.2.1            [required by ppx_repr]
  - install   ppx_irmin     3.2.2            [required by irmin-http]
  - install   ppx_repr      0.7.0            [required by ppx_irmin]
  - install   ptime         1.1.0            [required by crunch, webmachine]
  - install   repr          0.7.0            [required by irmin]
  - install   result        1.5              [required by dispatch]
  - install   webmachine    0.7.0            [required by irmin-http]

<><> Processing actions <><><><><><><><><><><><><><><><><><><><><><><><><><><><>
-> retrieved astring.0.8.5  (cached)
-> installed base-bytes.base
-> retrieved bheap.2.0.0  (cached)
-> retrieved cmdliner.1.2.0  (cached)
-> retrieved cohttp.2.5.2-1, cohttp-lwt.2.5.2-1  (cached)
-> installed bheap.2.0.0
-> retrieved cppo.1.6.9  (cached)
-> retrieved crunch.3.3.1  (cached)
-> retrieved cstruct.6.2.0  (cached)
-> retrieved digestif.1.1.4  (cached)
-> retrieved dispatch.0.5.0  (cached)
-> retrieved either.1.0.0  (cached)
-> retrieved eqaf.0.9  (cached)
-> retrieved fmt.0.9.0  (cached)
-> retrieved irmin.3.2.2, irmin-http.3.2.2, ppx_irmin.3.2.2  (cached)
-> installed either.1.0.0
-> installed astring.0.8.5
-> retrieved jsonm.1.0.2  (cached)
-> retrieved logs.0.7.0  (cached)
-> retrieved lwt.5.7.0  (cached)
-> retrieved mtime.1.4.0  (cached)
-> installed cppo.1.6.9
-> retrieved ocamlgraph.2.1.0  (cached)
-> retrieved ocplib-endian.1.2  (cached)
-> retrieved optint.0.3.0  (cached)
-> retrieved ppx_deriving.5.2.1  (cached)
-> retrieved ppx_repr.0.7.0, repr.0.7.0  (cached)
-> retrieved ptime.1.1.0  (cached)
-> retrieved result.1.5  (cached)
-> retrieved uutf.1.0.3  (cached)
-> retrieved webmachine.0.7.0  (cached)
-> installed optint.0.3.0
-> installed result.1.5
-> installed ocplib-endian.1.2
-> installed dispatch.0.5.0
-> installed mtime.1.4.0
-> installed ptime.1.1.0
-> removed   cohttp.2.5.2-1
-> removed   jsonm.1.0.2
-> removed   uutf.1.0.3
-> installed cmdliner.1.2.0
-> installed ocamlgraph.2.1.0
-> installed lwt.5.7.0
-> installed ppx_deriving.5.2.1
-> installed crunch.3.3.1
-> installed uutf.1.0.3
-> installed fmt.0.9.0
-> installed cstruct.6.2.0
-> installed jsonm.1.0.2
-> installed eqaf.0.9
-> installed logs.0.7.0
-> installed digestif.1.1.4
-> installed repr.0.7.0
-> installed cohttp.2.5.2-1
-> installed webmachine.0.7.0
-> installed ppx_repr.0.7.0
-> installed cohttp-lwt.2.5.2-1
-> installed ppx_irmin.3.2.2
-> installed irmin.3.2.2
-> installed irmin-http.3.2.2
Done.
# Run eval $(opam env) to update the current shell environment
[01;2m[01;35m2024-02-21 12:31.57 ---> saved as "ca26de96183edcf84543f57ca6bf5ff2e287d755401aa5a692f01c4a6636c51f"[0m

[01;34m/home/opam: (env OPAMCRITERIA -removed,-count[avoid-version,changed],-count[version-lag,request],-count[version-lag,changed],-count[missing-depexts,changed],-changed)[0m

[01;34m/home/opam: (env OPAMFIXUPCRITERIA -removed,-count[avoid-version,changed],-count[version-lag,request],-count[version-lag,changed],-count[missing-depexts,changed],-changed)[0m

[01;34m/home/opam: (env OPAMUPGRADECRITERIA -removed,-count[avoid-version,changed],-count[version-lag,request],-count[version-lag,changed],-count[missing-depexts,changed],-changed)[0m

[01;34m/home/opam: (run (network host)
                 (shell "(opam reinstall --with-test irmin-http.3.2.2) || true"))[0m
[ERROR] Sorry, resolution of the request timed out.
        Try to specify a more precise request, use a different solver, or increase the allowed time by setting OPAMSOLVERTIMEOUT to a bigger value (currently, it is set to 500.0 seconds).
[01;2m[01;35m2024-02-21 12:40.39 ---> saved as "4542c6c311d44426fcb896c89679c1d25bada76486c79999797fd459abe8ca99"[0m

[01;34m/home/opam: (run (shell  "opam reinstall --with-test --verbose irmin-http.3.2.2;\
                        \n        res=$?;\
                        \n        test \"$res\" != 31 && exit \"$res\";\
                        \n        export OPAMCLI=2.0;\
                        \n        build_dir=$(opam var prefix)/.opam-switch/build;\
                        \n        failed=$(ls \"$build_dir\");\
                        \n        partial_fails=\"\";\
                        \n        for pkg in $failed; do\
                        \n          if opam show -f x-ci-accept-failures: \"$pkg\" | grep -qF \"\\\"debian-12\\\"\"; then\
                        \n            echo \"A package failed and has been disabled for CI using the 'x-ci-accept-failures' field.\";\
                        \n          fi;\
                        \n          test \"$pkg\" != 'irmin-http.3.2.2' && partial_fails=\"$partial_fails $pkg\";\
                        \n        done;\
                        \n        test \"${partial_fails}\" != \"\" && echo \"opam-repo-ci detected dependencies failing: ${partial_fails}\";\
                        \n        exit 1"))[0m
The following actions will be performed:
=== recompile 1 package
  - recompile irmin-http            3.2.2
=== install 93 packages
  - install   alcotest              1.7.0   [required by irmin-test]
  - install   arp                   3.1.0   [required by tcpip]
  - install   asn1-combinators      0.2.6   [required by x509]
  - install   awa                   0.1.1   [required by git-unix]
  - install   awa-mirage            0.1.1   [required by git-unix]
  - install   bos                   0.2.1   [required by git-unix]
  - install   ca-certs              0.2.3   [required by conduit-lwt-unix]
  - install   ca-certs-nss          3.95    [required by git-unix]
  - install   carton                0.7.1   [required by git]
  - install   carton-git            0.7.1   [required by git]
  - install   carton-lwt            0.7.1   [required by git]
  - install   checkseum             0.5.2   [required by decompress, git]
  - install   cohttp-lwt-unix       2.5.2-1 [required by irmin-http]
  - install   conduit               4.0.2   [required by conduit-lwt]
  - install   conduit-lwt           4.0.2   [required by conduit-lwt-unix]
  - install   conduit-lwt-unix      4.0.2   [required by cohttp-lwt-unix]
  - install   conf-gmp              4       [required by zarith, conf-gmp-powm-sec]
  - install   conf-gmp-powm-sec     3       [required by mirage-crypto-pk]
  - install   conf-gnuplot          0.1     [required by metrics-unix]
  - install   conf-pkg-config       3       [required by mirage-crypto]
  - install   cstruct-lwt           6.2.0   [required by tcpip]
  - install   cstruct-sexp          6.2.0   [required by awa]
  - install   cstruct-unix          6.2.0   [required by awa]
  - install   decompress            1.5.3   [required by git-unix]
  - install   dns                   6.4.1   [required by git-mirage]
  - install   dns-client            6.4.1   [required by git-mirage, happy-eyeballs-lwt]
  - install   domain-name           0.4.0   [required by git-unix]
  - install   duff                  0.5     [required by carton]
  - install   duration              0.2.1   [required by happy-eyeballs-lwt, awa-mirage, mirage-unix]
  - install   emile                 1.1     [required by git]
  - install   encore                0.8     [required by git]
  - install   ethernet              3.2.0   [required by tcpip]
  - install   faraday               0.8.2   [required by httpaf, paf]
  - install   fpath                 0.7.3   [required by git-unix, irmin-git]
  - install   functoria-runtime     4.4.2   [required by mirage-runtime]
  - install   git                   3.12.0  [required by git-unix, irmin-git]
  - install   git-mirage            3.12.0  [required by git-unix]
  - install   git-paf               3.12.0  [required by git-mirage]
  - install   git-unix              3.12.0  [required by irmin-http]
  - install   gmap                  0.3.0   [required by dns]
  - install   h2                    0.11.0  [required by paf]
  - install   happy-eyeballs        0.4.0   [required by git-mirage, happy-eyeballs-lwt]
  - install   happy-eyeballs-lwt    0.4.0   [required by git-unix]
  - install   happy-eyeballs-mirage 0.4.0   [required by git-mirage]
  - install   hex                   1.5.0   [required by git-mirage]
  - install   hkdf                  1.0.4   [required by tls]
  - install   hpack                 0.11.0  [required by h2]
  - install   httpaf                0.7.1   [required by git-paf]
  - install   hxd                   0.3.2   [required by git]
  - install   ipaddr                5.5.0   [required by git-unix]
  - install   ipaddr-cstruct        5.5.0   [required by tcpip]
  - install   ipaddr-sexp           5.5.0   [required by conduit-lwt-unix]
  - install   irmin-git             3.2.2   [required by irmin-http]
  - install   irmin-test            3.2.2   [required by irmin-http]
  - install   ke                    0.6     [required by git]
  - install   lru                   0.3.1   [required by dns]
  - install   lwt-dllist            1.0.1   [required by tcpip]
  - install   macaddr               5.5.0   [required by tcpip]
  - install   macaddr-cstruct       5.5.0   [required by tcpip]
  - install   magic-mime            1.3.1   [required by cohttp-lwt-unix]
  - install   metrics               0.4.1   [required by irmin-test]
  - install   metrics-unix          0.4.1   [required by irmin-test]
  - install   mimic                 0.0.6   [required by git-unix, irmin-git]
  - install   mimic-happy-eyeballs  0.0.6   [required by git-mirage]
  - install   mirage-clock          4.2.0   [required by git-unix]
  - install   mirage-clock-unix     4.2.0   [required by git-unix]
  - install   mirage-crypto         0.10.7  [required by ca-certs-nss, awa, git-mirage]
  - install   mirage-crypto-ec      0.10.7  [required by awa]
  - install   mirage-crypto-pk      0.10.7  [required by awa]
  - install   mirage-crypto-rng     0.10.7  [required by awa]
  - install   mirage-flow           3.0.0   [required by git-unix]
  - install   mirage-kv             6.1.1   [required by tls-mirage]
  - install   mirage-net            4.0.0   [required by tcpip]
  - install   mirage-random         3.0.0   [required by git-mirage]
  - install   mirage-runtime        4.4.2   [required by mirage-unix]
  - install   mirage-time           3.0.0   [required by git-unix]
  - install   mirage-unix           5.0.1   [required by git-unix]
  - install   num                   1.5     [required by sexplib]
  - install   paf                   0.5.0   [required by git-paf]
  - install   parsexp               v0.16.0 [required by sexplib]
  - install   pbkdf                 1.2.0   [required by x509]
  - install   pecu                  0.6     [required by emile]
  - install   ppx_cstruct           6.2.0   [required by awa]
  - install   psq                   0.2.1   [required by git]
  - install   randomconv            0.1.3   [required by dns-client]
  - install   rresult               0.7.0   [required by git-unix]
  - install   sexplib               v0.16.0 [required by awa]
  - install   tcpip                 8.0.0   [required by git-unix]
  - install   tls                   0.15.4  [required by git-unix]
  - install   tls-mirage            0.15.4  [required by git-unix]
  - install   uuidm                 0.9.8   [required by metrics-unix]
  - install   x509                  0.16.5  [required by ca-certs-nss, awa, git-mirage]
  - install   zarith                1.13    [required by awa]

The following system packages will first need to be installed:
    gnuplot-x11 libgmp-dev pkg-config

<><> Handling external dependencies <><><><><><><><><><><><><><><><><><><><><><>

opam believes some required external dependencies are missing. opam can:
> 1. Run apt-get to install them (may need root/sudo access)
  2. Display the recommended apt-get command and wait while you run it manually (e.g. in another terminal)
  3. Continue anyway, and, upon success, permanently register that this external dependency is present, but not detectable
  4. Abort the installation

[1/2/3/4] 1

+ /usr/bin/sudo "apt-get" "install" "-qq" "-yy" "gnuplot-x11" "libgmp-dev" "pkg-config"
- E: Failed to fetch http://deb.debian.org/debian/pool/main/a/argon2/libargon2-1_0%7e20171227-0.3%2bdeb12u1_amd64.deb  Temporary failure resolving 'deb.debian.org'
- E: Failed to fetch http://deb.debian.org/debian/pool/main/s/systemd/libudev1_252.22-1%7edeb12u1_amd64.deb  Temporary failure resolving 'deb.debian.org'
- E: Failed to fetch http://deb.debian.org/debian/pool/main/l/lvm2/dmsetup_1.02.185-2_amd64.deb  Temporary failure resolving 'deb.debian.org'
- E: Failed to fetch http://deb.debian.org/debian/pool/main/l/lvm2/libdevmapper1.02.1_1.02.185-2_amd64.deb  Temporary failure resolving 'deb.debian.org'
- E: Failed to fetch http://deb.debian.org/debian/pool/main/j/json-c/libjson-c5_0.16-2_amd64.deb  Temporary failure resolving 'deb.debian.org'
- E: Failed to fetch http://deb.debian.org/debian/pool/main/c/cryptsetup/libcryptsetup12_2.6.1-4%7edeb12u2_amd64.deb  Temporary failure resolving 'deb.debian.org'
- E: Failed to fetch http://deb.debian.org/debian/pool/main/u/util-linux/libfdisk1_2.38.1-5%2bb1_amd64.deb  Temporary failure resolving 'deb.debian.org'
- E: Failed to fetch http://deb.debian.org/debian/pool/main/k/kmod/libkmod2_30%2b20221128-1_amd64.deb  Temporary failure resolving 'deb.debian.org'
- E: Failed to fetch http://deb.debian.org/debian/pool/main/a/apparmor/libapparmor1_3.0.8-3_amd64.deb  Temporary failure resolving 'deb.debian.org'
- E: Failed to fetch http://deb.debian.org/debian/pool/main/i/iptables/libip4tc2_1.8.9-2_amd64.deb  Temporary failure resolving 'deb.debian.org'
- E: Failed to fetch http://deb.debian.org/debian/pool/main/s/systemd/libsystemd-shared_252.22-1%7edeb12u1_amd64.deb  Temporary failure resolving 'deb.debian.org'
- E: Failed to fetch http://deb.debian.org/debian/pool/main/s/systemd/libsystemd0_252.22-1%7edeb12u1_amd64.deb  Temporary failure resolving 'deb.debian.org'
- E: Failed to fetch http://deb.debian.org/debian/pool/main/s/systemd/systemd_252.22-1%7edeb12u1_amd64.deb  Temporary failure resolving 'deb.debian.org'
- E: Failed to fetch http://deb.debian.org/debian/pool/main/s/systemd/systemd-sysv_252.22-1%7edeb12u1_amd64.deb  Temporary failure resolving 'deb.debian.org'
- E: Failed to fetch http://deb.debian.org/debian/pool/main/d/dbus/libdbus-1-3_1.14.10-1%7edeb12u1_amd64.deb  Temporary failure resolving 'deb.debian.org'
- E: Failed to fetch http://deb.debian.org/debian/pool/main/d/dbus/dbus-bin_1.14.10-1%7edeb12u1_amd64.deb  Temporary failure resolving 'deb.debian.org'
- E: Failed to fetch http://deb.debian.org/debian/pool/main/d/dbus/dbus-session-bus-common_1.14.10-1%7edeb12u1_all.deb  Temporary failure resolving 'deb.debian.org'
- E: Failed to fetch http://deb.debian.org/debian/pool/main/d/dbus/dbus-daemon_1.14.10-1%7edeb12u1_amd64.deb  Temporary failure resolving 'deb.debian.org'
- E: Failed to fetch http://deb.debian.org/debian/pool/main/d/dbus/dbus-system-bus-common_1.14.10-1%7edeb12u1_all.deb  Temporary failure resolving 'deb.debian.org'
- E: Failed to fetch http://deb.debian.org/debian/pool/main/d/dbus/dbus_1.14.10-1%7edeb12u1_amd64.deb  Temporary failure resolving 'deb.debian.org'
- E: Failed to fetch http://deb.debian.org/debian/pool/main/s/systemd/libnss-systemd_252.22-1%7edeb12u1_amd64.deb  Temporary failure resolving 'deb.debian.org'
- E: Failed to fetch http://deb.debian.org/debian/pool/main/s/systemd/libpam-systemd_252.22-1%7edeb12u1_amd64.deb  Temporary failure resolving 'deb.debian.org'
- E: Failed to fetch http://deb.debian.org/debian/pool/main/s/systemd/systemd-timesyncd_252.22-1%7edeb12u1_amd64.deb  Temporary failure resolving 'deb.debian.org'
- E: Failed to fetch http://deb.debian.org/debian/pool/main/h/hicolor-icon-theme/hicolor-icon-theme_0.17-2_all.deb  Temporary failure resolving 'deb.debian.org'
- E: Failed to fetch http://deb.debian.org/debian/pool/main/g/gdk-pixbuf/libgdk-pixbuf2.0-common_2.42.10%2bdfsg-1_all.deb  Temporary failure resolving 'deb.debian.org'
- E: Failed to fetch http://deb.debian.org/debian/pool/main/g/glib2.0/libglib2.0-0_2.74.6-2_amd64.deb  Temporary failure resolving 'deb.debian.org'
- E: Failed to fetch http://deb.debian.org/debian/pool/main/i/icu/libicu72_72.1-3_amd64.deb  Temporary failure resolving 'deb.debian.org'
- E: Failed to fetch http://deb.debian.org/debian/pool/main/libx/libxml2/libxml2_2.9.14%2bdfsg-1.3%7edeb12u1_amd64.deb  Temporary failure resolving 'deb.debian.org'
- E: Failed to fetch http://deb.debian.org/debian/pool/main/s/shared-mime-info/shared-mime-info_2.2-1_amd64.deb  Temporary failure resolving 'deb.debian.org'
- E: Failed to fetch http://deb.debian.org/debian/pool/main/g/gdk-pixbuf/libgdk-pixbuf-2.0-0_2.42.10%2bdfsg-1%2bb1_amd64.deb  Temporary failure resolving 'deb.debian.org'
- E: Failed to fetch http://deb.debian.org/debian/pool/main/g/gtk%2b3.0/gtk-update-icon-cache_3.24.38-2%7edeb12u1_amd64.deb  Temporary failure resolving 'deb.debian.org'
- E: Failed to fetch http://deb.debian.org/debian/pool/main/a/adwaita-icon-theme/adwaita-icon-theme_43-1_all.deb  Temporary failure resolving 'deb.debian.org'
- E: Failed to fetch http://deb.debian.org/debian/pool/main/a/aglfn/aglfn_1.7%2bgit20191031.4036a9c-2_all.deb  Temporary failure resolving 'deb.debian.org'
- E: Failed to fetch http://deb.debian.org/debian/pool/main/a/at-spi2-core/at-spi2-common_2.46.0-5_all.deb  Temporary failure resolving 'deb.debian.org'
- E: Failed to fetch http://deb.debian.org/debian/pool/main/libx/libxi/libxi6_1.8-1%2bb1_amd64.deb  Temporary failure resolving 'deb.debian.org'
- E: Failed to fetch http://deb.debian.org/debian/pool/main/a/at-spi2-core/libatspi2.0-0_2.46.0-5_amd64.deb  Temporary failure resolving 'deb.debian.org'
- E: Failed to fetch http://deb.debian.org/debian/pool/main/x/xorg/x11-common_7.7%2b23_all.deb  Temporary failure resolving 'deb.debian.org'
- E: Failed to fetch http://deb.debian.org/debian/pool/main/libx/libxtst/libxtst6_1.2.3-1.1_amd64.deb  Temporary failure resolving 'deb.debian.org'
- E: Failed to fetch http://deb.debian.org/debian/pool/main/d/dbus/dbus-user-session_1.14.10-1%7edeb12u1_amd64.deb  Temporary failure resolving 'deb.debian.org'
- E: Failed to fetch http://deb.debian.org/debian/pool/main/d/dconf/libdconf1_0.40.0-4_amd64.deb  Temporary failure resolving 'deb.debian.org'
- E: Failed to fetch http://deb.debian.org/debian/pool/main/d/dconf/dconf-service_0.40.0-4_amd64.deb  Temporary failure resolving 'deb.debian.org'
- E: Failed to fetch http://deb.debian.org/debian/pool/main/d/dconf/dconf-gsettings-backend_0.40.0-4_amd64.deb  Temporary failure resolving 'deb.debian.org'
- E: Failed to fetch http://deb.debian.org/debian/pool/main/g/gsettings-desktop-schemas/gsettings-desktop-schemas_43.0-1_all.deb  Temporary failure resolving 'deb.debian.org'
- E: Failed to fetch http://deb.debian.org/debian/pool/main/a/at-spi2-core/at-spi2-core_2.46.0-5_amd64.deb  Temporary failure resolving 'deb.debian.org'
- E: Failed to fetch http://deb.debian.org/debian/pool/main/f/fontconfig/fontconfig_2.14.1-4_amd64.deb  Temporary failure resolving 'deb.debian.org'
- E: Failed to fetch http://deb.debian.org/debian/pool/main/g/gnuplot/gnuplot-data_5.4.4%2bdfsg1-2_all.deb  Temporary failure resolving 'deb.debian.org'
- E: Failed to fetch http://deb.debian.org/debian/pool/main/p/pixman/libpixman-1-0_0.42.2-1_amd64.deb  Temporary failure resolving 'deb.debian.org'
- E: Failed to fetch http://deb.debian.org/debian/pool/main/libx/libxcb/libxcb-render0_1.15-1_amd64.deb  Temporary failure resolving 'deb.debian.org'
- E: Failed to fetch http://deb.debian.org/debian/pool/main/libx/libxcb/libxcb-shm0_1.15-1_amd64.deb  Temporary failure resolving 'deb.debian.org'
- E: Failed to fetch http://deb.debian.org/debian/pool/main/libx/libxrender/libxrender1_0.9.10-1.1_amd64.deb  Temporary failure resolving 'deb.debian.org'
- E: Failed to fetch http://deb.debian.org/debian/pool/main/c/cairo/libcairo2_1.16.0-7_amd64.deb  Temporary failure resolving 'deb.debian.org'
- E: Failed to fetch http://deb.debian.org/debian/pool/main/l/lua5.4/liblua5.4-0_5.4.4-3_amd64.deb  Temporary failure resolving 'deb.debian.org'
- E: Failed to fetch http://deb.debian.org/debian/pool/main/f/fribidi/libfribidi0_1.0.8-2.1_amd64.deb  Temporary failure resolving 'deb.debian.org'
- E: Failed to fetch http://deb.debian.org/debian/pool/main/g/graphite2/libgraphite2-3_1.3.14-1_amd64.deb  Temporary failure resolving 'deb.debian.org'
- E: Failed to fetch http://deb.debian.org/debian/pool/main/h/harfbuzz/libharfbuzz0b_6.0.0%2bdfsg-3_amd64.deb  Temporary failure resolving 'deb.debian.org'
- E: Failed to fetch http://deb.debian.org/debian/pool/main/libt/libthai/libthai-data_0.1.29-1_all.deb  Temporary failure resolving 'deb.debian.org'
- E: Failed to fetch http://deb.debian.org/debian/pool/main/libd/libdatrie/libdatrie1_0.2.13-2%2bb1_amd64.deb  Temporary failure resolving 'deb.debian.org'
- E: Failed to fetch http://deb.debian.org/debian/pool/main/libt/libthai/libthai0_0.1.29-1_amd64.deb  Temporary failure resolving 'deb.debian.org'
- E: Failed to fetch http://deb.debian.org/debian/pool/main/p/pango1.0/libpango-1.0-0_1.50.12%2bds-1_amd64.deb  Temporary failure resolving 'deb.debian.org'
- E: Failed to fetch http://deb.debian.org/debian/pool/main/p/pango1.0/libpangoft2-1.0-0_1.50.12%2bds-1_amd64.deb  Temporary failure resolving 'deb.debian.org'
- E: Failed to fetch http://deb.debian.org/debian/pool/main/p/pango1.0/libpangocairo-1.0-0_1.50.12%2bds-1_amd64.deb  Temporary failure resolving 'deb.debian.org'
- E: Failed to fetch http://deb.debian.org/debian/pool/main/p/pcre2/libpcre2-32-0_10.42-1_amd64.deb  Temporary failure resolving 'deb.debian.org'
- E: Failed to fetch http://deb.debian.org/debian/pool/main/w/wxwidgets3.2/libwxbase3.2-1_3.2.2%2bdfsg-2_amd64.deb  Temporary failure resolving 'deb.debian.org'
- E: Failed to fetch http://deb.debian.org/debian/pool/main/a/at-spi2-core/libatk1.0-0_2.46.0-5_amd64.deb  Temporary failure resolving 'deb.debian.org'
- E: Failed to fetch http://deb.debian.org/debian/pool/main/a/at-spi2-core/libatk-bridge2.0-0_2.46.0-5_amd64.deb  Temporary failure resolving 'deb.debian.org'
- E: Failed to fetch http://deb.debian.org/debian/pool/main/c/cairo/libcairo-gobject2_1.16.0-7_amd64.deb  Temporary failure resolving 'deb.debian.org'
- E: Failed to fetch http://deb.debian.org/debian/pool/main/l/lcms2/liblcms2-2_2.14-2_amd64.deb  Temporary failure resolving 'deb.debian.org'
- E: Failed to fetch http://deb.debian.org/debian/pool/main/c/colord/libcolord2_1.4.6-2.2_amd64.deb  Temporary failure resolving 'deb.debian.org'
- E: Failed to fetch http://deb.debian.org/debian/pool/main/a/avahi/libavahi-common-data_0.8-10_amd64.deb  Temporary failure resolving 'deb.debian.org'
- E: Failed to fetch http://deb.debian.org/debian/pool/main/a/avahi/libavahi-common3_0.8-10_amd64.deb  Temporary failure resolving 'deb.debian.org'
- E: Failed to fetch http://deb.debian.org/debian/pool/main/a/avahi/libavahi-client3_0.8-10_amd64.deb  Temporary failure resolving 'deb.debian.org'
- E: Failed to fetch http://deb.debian.org/debian/pool/main/c/cups/libcups2_2.4.2-3%2bdeb12u5_amd64.deb  Temporary failure resolving 'deb.debian.org'
- E: Failed to fetch http://deb.debian.org/debian/pool/main/libe/libepoxy/libepoxy0_1.5.10-1_amd64.deb  Temporary failure resolving 'deb.debian.org'
- E: Failed to fetch http://deb.debian.org/debian/pool/main/w/wayland/libwayland-client0_1.21.0-1_amd64.deb  Temporary failure resolving 'deb.debian.org'
- E: Failed to fetch http://deb.debian.org/debian/pool/main/w/wayland/libwayland-cursor0_1.21.0-1_amd64.deb  Temporary failure resolving 'deb.debian.org'
- E: Failed to fetch http://deb.debian.org/debian/pool/main/w/wayland/libwayland-egl1_1.21.0-1_amd64.deb  Temporary failure resolving 'deb.debian.org'
- E: Failed to fetch http://deb.debian.org/debian/pool/main/libx/libxcomposite/libxcomposite1_0.4.5-1_amd64.deb  Temporary failure resolving 'deb.debian.org'
- E: Failed to fetch http://deb.debian.org/debian/pool/main/libx/libxfixes/libxfixes3_6.0.0-2_amd64.deb  Temporary failure resolving 'deb.debian.org'
- E: Failed to fetch http://deb.debian.org/debian/pool/main/libx/libxcursor/libxcursor1_1.2.1-1_amd64.deb  Temporary failure resolving 'deb.debian.org'
- E: Failed to fetch http://deb.debian.org/debian/pool/main/libx/libxdamage/libxdamage1_1.1.6-1_amd64.deb  Temporary failure resolving 'deb.debian.org'
- E: Failed to fetch http://deb.debian.org/debian/pool/main/libx/libxinerama/libxinerama1_1.1.4-3_amd64.deb  Temporary failure resolving 'deb.debian.org'
- E: Failed to fetch http://deb.debian.org/debian/pool/main/x/xkeyboard-config/xkb-data_2.35.1-1_all.deb  Temporary failure resolving 'deb.debian.org'
- E: Failed to fetch http://deb.debian.org/debian/pool/main/libx/libxkbcommon/libxkbcommon0_1.5.0-1_amd64.deb  Temporary failure resolving 'deb.debian.org'
- E: Failed to fetch http://deb.debian.org/debian/pool/main/libx/libxrandr/libxrandr2_1.5.2-2%2bb1_amd64.deb  Temporary failure resolving 'deb.debian.org'
- E: Failed to fetch http://deb.debian.org/debian/pool/main/g/gtk%2b3.0/libgtk-3-common_3.24.38-2%7edeb12u1_all.deb  Temporary failure resolving 'deb.debian.org'
- E: Failed to fetch http://deb.debian.org/debian/pool/main/g/gtk%2b3.0/libgtk-3-0_3.24.38-2%7edeb12u1_amd64.deb  Temporary failure resolving 'deb.debian.org'
- E: Failed to fetch http://deb.debian.org/debian/pool/main/libn/libnotify/libnotify4_0.8.1-1_amd64.deb  Temporary failure resolving 'deb.debian.org'
- E: Failed to fetch http://deb.debian.org/debian/pool/main/libi/libice/libice6_1.0.10-1_amd64.deb  Temporary failure resolving 'deb.debian.org'
- E: Failed to fetch http://deb.debian.org/debian/pool/main/libs/libsm/libsm6_1.2.3-1_amd64.deb  Temporary failure resolving 'deb.debian.org'
- E: Failed to fetch http://deb.debian.org/debian/pool/main/w/wxwidgets3.2/libwxgtk3.2-1_3.2.2%2bdfsg-2_amd64.deb  Temporary failure resolving 'deb.debian.org'
- E: Failed to fetch http://deb.debian.org/debian/pool/main/g/gnuplot/gnuplot-x11_5.4.4%2bdfsg1-2%2bb2_amd64.deb  Temporary failure resolving 'deb.debian.org'
- E: Failed to fetch http://deb.debian.org/debian/pool/main/g/gdk-pixbuf/libgdk-pixbuf2.0-bin_2.42.10%2bdfsg-1%2bb1_amd64.deb  Temporary failure resolving 'deb.debian.org'
- E: Failed to fetch http://deb.debian.org/debian/pool/main/g/glib2.0/libglib2.0-data_2.74.6-2_all.deb  Temporary failure resolving 'deb.debian.org'
- E: Failed to fetch http://deb.debian.org/debian/pool/main/g/gmp/libgmpxx4ldbl_6.2.1%2bdfsg1-1.1_amd64.deb  Temporary failure resolving 'deb.debian.org'
- E: Failed to fetch http://deb.debian.org/debian/pool/main/g/gmp/libgmp-dev_6.2.1%2bdfsg1-1.1_amd64.deb  Temporary failure resolving 'deb.debian.org'
- E: Failed to fetch http://deb.debian.org/debian/pool/main/g/gtk%2b3.0/libgtk-3-bin_3.24.38-2%7edeb12u1_amd64.deb  Temporary failure resolving 'deb.debian.org'
- E: Failed to fetch http://deb.debian.org/debian/pool/main/p/pkgconf/libpkgconf3_1.8.1-1_amd64.deb  Temporary failure resolving 'deb.debian.org'
- E: Failed to fetch http://deb.debian.org/debian-security/pool/updates/main/libr/librsvg/librsvg2-2_2.54.7%2bdfsg-1%7edeb12u1_amd64.deb  Temporary failure resolving 'deb.debian.org'
- E: Failed to fetch http://deb.debian.org/debian-security/pool/updates/main/libr/librsvg/librsvg2-common_2.54.7%2bdfsg-1%7edeb12u1_amd64.deb  Temporary failure resolving 'deb.debian.org'
- E: Failed to fetch http://deb.debian.org/debian/pool/main/p/pkgconf/pkgconf-bin_1.8.1-1_amd64.deb  Temporary failure resolving 'deb.debian.org'
- E: Failed to fetch http://deb.debian.org/debian/pool/main/p/pkgconf/pkgconf_1.8.1-1_amd64.deb  Temporary failure resolving 'deb.debian.org'
- E: Failed to fetch http://deb.debian.org/debian/pool/main/p/pkgconf/pkg-config_1.8.1-1_amd64.deb  Temporary failure resolving 'deb.debian.org'
- E: Failed to fetch http://deb.debian.org/debian/pool/main/x/xdg-user-dirs/xdg-user-dirs_0.18-1_amd64.deb  Temporary failure resolving 'deb.debian.org'
- E: Unable to fetch some archives, maybe run apt-get update or try with --fix-missing?
[ERROR] System package install failed with exit code 100 at command:
            sudo apt-get install -qq -yy gnuplot-x11 libgmp-dev pkg-config
[ERROR] These packages are still missing: gnuplot-x11 libgmp-dev pkg-config

[NOTE] You can retry with '--assume-depexts' to skip this check, or run 'opam option depext=false' to permanently disable handling of system packages.

'opam reinstall --with-test --verbose irmin-http.3.2.2' failed.
"/usr/bin/env" "bash" "-c" "opam reinstall --with-test --verbose irmin-http.3.2.2;
        res=$?;
        test "$res" != 31 && exit "$res";
        export OPAMCLI=2.0;
        build_dir=$(opam var prefix)/.opam-switch/build;
        failed=$(ls "$build_dir");
        partial_fails="";
        for pkg in $failed; do
          if opam show -f x-ci-accept-failures: "$pkg" | grep -qF "\"debian-12\""; then
            echo "A package failed and has been disabled for CI using the 'x-ci-accept-failures' field.";
          fi;
          test "$pkg" != 'irmin-http.3.2.2' && partial_fails="$partial_fails $pkg";
        done;
        test "${partial_fails}" != "" && echo "opam-repo-ci detected dependencies failing: ${partial_fails}";
        exit 1" failed with exit status 10
2024-02-21 12:49.17: Job failed: Failed: Build failed
2024-02-21 12:49.17: Log analysis:
2024-02-21 12:49.17: >>> 
[ERROR] Sorry, resolution of the request timed out.
 (score = 20)
2024-02-21 12:49.17: >>> 
[ERROR] System package install failed with exit code 100 at command:
 (score = 20)
2024-02-21 12:49.17: >>> 
[ERROR] These packages are still missing: gnuplot-x11 libgmp-dev pkg-config
 (score = 20)
2024-02-21 12:49.17: Sorry, resolution of the request timed out.
