2024-05-07 10:39.54: New job: test caldav.0.2.2, using opam dev
                              from https://github.com/ocaml/opam-repository.git#refs/pull/25805/head (583fe8e546fb38948ab21a76d27ebfc1ffadbe10)
                              on archlinux-ocaml-5.1/amd64

To reproduce locally:

cd $(mktemp -d)
git clone --recursive "https://github.com/ocaml/opam-repository.git" && cd "opam-repository" && git fetch origin "refs/pull/25805/head" && git reset --hard 583fe8e5
git fetch origin master
git merge --no-edit 2b6e600e5b1d71ecc8ddcc390312fdfca6c80615
cat > ../Dockerfile <<'END-OF-DOCKERFILE'
[34mFROM ocaml/opam:archlinux-ocaml-5.1@sha256:2a620734f9809bb18683f22585a9fcdbc09f2298cca043297c895d50f6506fde
USER 1000:1000
WORKDIR /home/opam
RUN sudo ln -f /usr/bin/opam-dev /usr/bin/opam
RUN opam init --reinit -ni
RUN uname -rs && opam exec -- ocaml -version && opam --version
ENV OPAMDOWNLOADJOBS="1"
ENV OPAMERRLOGLEN="0"
ENV OPAMSOLVERTIMEOUT="500"
ENV OPAMPRECISETRACKING="1"
ENV CI="true"
ENV OPAM_REPO_CI="true"
RUN rm -rf opam-repository/
COPY --chown=1000:1000 . opam-repository/
RUN opam repository set-url --strict default opam-repository/
RUN opam update --depexts || true
RUN opam pin add -k version -yn caldav.0.2.2 0.2.2
RUN opam reinstall caldav.0.2.2; \
    res=$?; \
    test "$res" != 31 && exit "$res"; \
    export OPAMCLI=2.0; \
    build_dir=$(opam var prefix)/.opam-switch/build; \
    failed=$(ls "$build_dir"); \
    partial_fails=""; \
    for pkg in $failed; do \
    if opam show -f x-ci-accept-failures: "$pkg" | grep -qF "\"archlinux\""; then \
    echo "A package failed and has been disabled for CI using the 'x-ci-accept-failures' field."; \
    fi; \
    test "$pkg" != 'caldav.0.2.2' && partial_fails="$partial_fails $pkg"; \
    done; \
    test "${partial_fails}" != "" && echo "opam-repo-ci detected dependencies failing: ${partial_fails}"; \
    exit 1
RUN (opam reinstall --with-test caldav.0.2.2) || true
RUN opam reinstall --with-test --verbose caldav.0.2.2; \
    res=$?; \
    test "$res" != 31 && exit "$res"; \
    export OPAMCLI=2.0; \
    build_dir=$(opam var prefix)/.opam-switch/build; \
    failed=$(ls "$build_dir"); \
    partial_fails=""; \
    for pkg in $failed; do \
    if opam show -f x-ci-accept-failures: "$pkg" | grep -qF "\"archlinux\""; then \
    echo "A package failed and has been disabled for CI using the 'x-ci-accept-failures' field."; \
    fi; \
    test "$pkg" != 'caldav.0.2.2' && partial_fails="$partial_fails $pkg"; \
    done; \
    test "${partial_fails}" != "" && echo "opam-repo-ci detected dependencies failing: ${partial_fails}"; \
    exit 1
[0m
END-OF-DOCKERFILE
docker build -f ../Dockerfile .

2024-05-07 10:39.54: Using cache hint "ocaml/opam:archlinux-ocaml-5.1@sha256:2a620734f9809bb18683f22585a9fcdbc09f2298cca043297c895d50f6506fde-caldav.0.2.2-583fe8e546fb38948ab21a76d27ebfc1ffadbe10"
2024-05-07 10:39.54: Using OBuilder spec:
((from ocaml/opam:archlinux-ocaml-5.1@sha256:2a620734f9809bb18683f22585a9fcdbc09f2298cca043297c895d50f6506fde)
 (user (uid 1000) (gid 1000))
 (workdir /home/opam)
 (run (shell "sudo ln -f /usr/bin/opam-dev /usr/bin/opam"))
 (run (network host)
      (shell "opam init --reinit --config .opamrc-sandbox -ni"))
 (run (shell "uname -rs && opam exec -- ocaml -version && opam --version"))
 (env OPAMDOWNLOADJOBS 1)
 (env OPAMERRLOGLEN 0)
 (env OPAMSOLVERTIMEOUT 500)
 (env OPAMPRECISETRACKING 1)
 (env CI true)
 (env OPAM_REPO_CI true)
 (run (shell "rm -rf opam-repository/"))
 (copy (src .) (dst opam-repository/))
 (run (shell "opam repository set-url --strict default opam-repository/"))
 (run (network host)
      (shell "opam update --depexts || true"))
 (run (shell "opam pin add -k version -yn caldav.0.2.2 0.2.2"))
 (run (cache (opam-archives (target /home/opam/.opam/download-cache)))
      (network host)
      (shell  "opam reinstall caldav.0.2.2;\
             \n        res=$?;\
             \n        test \"$res\" != 31 && exit \"$res\";\
             \n        export OPAMCLI=2.0;\
             \n        build_dir=$(opam var prefix)/.opam-switch/build;\
             \n        failed=$(ls \"$build_dir\");\
             \n        partial_fails=\"\";\
             \n        for pkg in $failed; do\
             \n          if opam show -f x-ci-accept-failures: \"$pkg\" | grep -qF \"\\\"archlinux\\\"\"; then\
             \n            echo \"A package failed and has been disabled for CI using the 'x-ci-accept-failures' field.\";\
             \n          fi;\
             \n          test \"$pkg\" != 'caldav.0.2.2' && partial_fails=\"$partial_fails $pkg\";\
             \n        done;\
             \n        test \"${partial_fails}\" != \"\" && echo \"opam-repo-ci detected dependencies failing: ${partial_fails}\";\
             \n        exit 1"))
 (run (network host)
      (shell "(opam reinstall --with-test caldav.0.2.2) || true"))
 (run (shell  "opam reinstall --with-test --verbose caldav.0.2.2;\
             \n        res=$?;\
             \n        test \"$res\" != 31 && exit \"$res\";\
             \n        export OPAMCLI=2.0;\
             \n        build_dir=$(opam var prefix)/.opam-switch/build;\
             \n        failed=$(ls \"$build_dir\");\
             \n        partial_fails=\"\";\
             \n        for pkg in $failed; do\
             \n          if opam show -f x-ci-accept-failures: \"$pkg\" | grep -qF \"\\\"archlinux\\\"\"; then\
             \n            echo \"A package failed and has been disabled for CI using the 'x-ci-accept-failures' field.\";\
             \n          fi;\
             \n          test \"$pkg\" != 'caldav.0.2.2' && partial_fails=\"$partial_fails $pkg\";\
             \n        done;\
             \n        test \"${partial_fails}\" != \"\" && echo \"opam-repo-ci detected dependencies failing: ${partial_fails}\";\
             \n        exit 1"))
)

2024-05-07 10:39.54: Waiting for resource in pool OCluster
2024-05-07 10:39.54: Waiting for workerâ€¦
2024-05-07 10:39.54: Got resource from pool OCluster
Building on x86-bm-c14.sw.ocaml.org
All commits already cached
Updating files:  81% (27533/33635)Updating files:  82% (27581/33635)Updating files:  83% (27918/33635)Updating files:  84% (28254/33635)Updating files:  85% (28590/33635)Updating files:  86% (28927/33635)Updating files:  87% (29263/33635)Updating files:  88% (29599/33635)Updating files:  89% (29936/33635)Updating files:  90% (30272/33635)Updating files:  91% (30608/33635)Updating files:  92% (30945/33635)Updating files:  93% (31281/33635)Updating files:  94% (31617/33635)Updating files:  95% (31954/33635)Updating files:  96% (32290/33635)Updating files:  97% (32626/33635)Updating files:  98% (32963/33635)Updating files:  99% (33299/33635)Updating files: 100% (33635/33635)Updating files: 100% (33635/33635), done.
HEAD is now at 2b6e600e5b Merge pull request #25724 from leostera/release-config-0.0.3
Updating 2b6e600e5b..583fe8e546
Fast-forward
 packages/caldav/caldav.0.2.2/opam | 72 +++++++++++++++++++++++++++++++++++++++
 1 file changed, 72 insertions(+)
 create mode 100644 packages/caldav/caldav.0.2.2/opam

[01;34m(from ocaml/opam:archlinux-ocaml-5.1@sha256:2a620734f9809bb18683f22585a9fcdbc09f2298cca043297c895d50f6506fde)[0m
[01;2m[01;35m2024-05-07 10:40.15 ---> using "a828ddfc58d84060732c8495ede94b32dbda94e055aebcabdaed91b1d7506ad5" from cache[0m

[01;34m/: (user (uid 1000) (gid 1000))[0m

[01;34m/: (workdir /home/opam)[0m

[01;34m/home/opam: (run (shell "sudo ln -f /usr/bin/opam-dev /usr/bin/opam"))[0m
[01;2m[01;35m2024-05-07 10:40.15 ---> using "7a159ee334be95113eb304e525b55d4d85648e0fcccf2d43d38948ecc1fabae2" from cache[0m

[01;34m/home/opam: (run (network host)
                 (shell "opam init --reinit --config .opamrc-sandbox -ni"))[0m
Configuring from /home/opam/.opamrc-sandbox, then /home/opam/.opamrc, and finally from built-in defaults.
Checking for available remotes: rsync and local, git.
  - you won't be able to use mercurial repositories unless you install the hg command on your system.
  - you won't be able to use darcs repositories unless you install the darcs command on your system.

This development version of opam requires an update to the layout of /home/opam/.opam from version 2.0 to version 2.2~alpha, which can't be reverted.
You may want to back it up before going further.

Continue? [y/n] y
[NOTE] The 'jobs' option was reset, its value was 31 and its new value will vary according to the current number of cores on your machine. You can restore the fixed value using:
           opam option jobs=31 --global
Format upgrade done.

<><> Updating repositories ><><><><><><><><><><><><><><><><><><><><><><><><><><>
[default] synchronised from file:///home/opam/opam-repository
[01;2m[01;35m2024-05-07 10:40.15 ---> using "193110f7c26be5d7fa391770ad2fb39838067dc1b62146d0dbfa46bbdcb57756" from cache[0m

[01;34m/home/opam: (run (shell "uname -rs && opam exec -- ocaml -version && opam --version"))[0m
Linux 5.15.0-101-generic
The OCaml toplevel, version 5.1.1
2.2.0~beta3~dev
[01;2m[01;35m2024-05-07 10:40.15 ---> using "3edeab3e365d0b76ade9cc7683708d8c563608c63233f79a5c9fe1df4e766488" from cache[0m

[01;34m/home/opam: (env OPAMDOWNLOADJOBS 1)[0m

[01;34m/home/opam: (env OPAMERRLOGLEN 0)[0m

[01;34m/home/opam: (env OPAMSOLVERTIMEOUT 500)[0m

[01;34m/home/opam: (env OPAMPRECISETRACKING 1)[0m

[01;34m/home/opam: (env CI true)[0m

[01;34m/home/opam: (env OPAM_REPO_CI true)[0m

[01;34m/home/opam: (run (shell "rm -rf opam-repository/"))[0m
[01;2m[01;35m2024-05-07 10:40.15 ---> using "317876f25ad5a79d93f90555b5cabb23bbb43cf802e41c0659a9f81261b6f070" from cache[0m

[01;34m/home/opam: (copy (src .) (dst opam-repository/))[0m
[01;2m[01;35m2024-05-07 10:40.23 ---> saved as "a32128a71c8783fe3cf44080bac1b0d28e4cf9e3bee2c218ecf60af5a490f902"[0m

[01;34m/home/opam: (run (shell "opam repository set-url --strict default opam-repository/"))[0m
[default] Initialised
[01;2m[01;35m2024-05-07 10:41.11 ---> saved as "f7a2476d7f5db6e678a9a562ea77058870942917acb6c57e11aab018296b7454"[0m

[01;34m/home/opam: (run (network host)
                 (shell "opam update --depexts || true"))[0m
+ /usr/sbin/sudo "pacman" "-Sy"
- :: Synchronizing package databases...
-  core downloading...
-  extra downloading...
[01;2m[01;35m2024-05-07 10:41.11 ---> saved as "a464be0b501ada4202cda8d627ea0e1e29aff45ae851850219748f16dcf21783"[0m

[01;34m/home/opam: (run (shell "opam pin add -k version -yn caldav.0.2.2 0.2.2"))[0m
caldav is now pinned to version 0.2.2
[01;2m[01;35m2024-05-07 10:41.12 ---> saved as "6133ed7ac15f66aae68b31cede6ddaad67d01815356dea2d797fa534193894f3"[0m

[01;34m/home/opam: (run (cache (opam-archives (target /home/opam/.opam/download-cache)))
                 (network host)
                 (shell  "opam reinstall caldav.0.2.2;\
                        \n        res=$?;\
                        \n        test \"$res\" != 31 && exit \"$res\";\
                        \n        export OPAMCLI=2.0;\
                        \n        build_dir=$(opam var prefix)/.opam-switch/build;\
                        \n        failed=$(ls \"$build_dir\");\
                        \n        partial_fails=\"\";\
                        \n        for pkg in $failed; do\
                        \n          if opam show -f x-ci-accept-failures: \"$pkg\" | grep -qF \"\\\"archlinux\\\"\"; then\
                        \n            echo \"A package failed and has been disabled for CI using the 'x-ci-accept-failures' field.\";\
                        \n          fi;\
                        \n          test \"$pkg\" != 'caldav.0.2.2' && partial_fails=\"$partial_fails $pkg\";\
                        \n        done;\
                        \n        test \"${partial_fails}\" != \"\" && echo \"opam-repo-ci detected dependencies failing: ${partial_fails}\";\
                        \n        exit 1"))[0m
caldav.0.2.2 is not installed. Install it? [y/n] y
The following actions will be performed:
=== install 56 packages
  âˆ— angstrom            0.16.0         [required by icalendar]
  âˆ— base                v0.16.3        [required by ppx_sexp_conv]
  âˆ— base-bytes          base           [required by cohttp]
  âˆ— base64              3.5.1          [required by caldav]
  âˆ— bigstringaf         0.9.1          [required by angstrom]
  âˆ— caldav              0.2.2 (pinned)
  âˆ— cohttp              5.3.1          [required by caldav]
  âˆ— cohttp-lwt          5.3.0          [required by caldav]
  âˆ— conf-bash           1              [required by base]
  âˆ— cppo                1.6.9          [required by ppx_deriving]
  âˆ— csexp               1.5.2          [required by dune-configurator]
  âˆ— cstruct             6.2.0          [required by mirage-crypto-rng, mirage-crypto, mirage-random]
  âˆ— dispatch            0.5.0          [required by caldav]
  âˆ— dune                3.15.2         [required by caldav]
  âˆ— dune-configurator   3.15.2         [required by mirage-crypto, mirage-crypto-rng]
  âˆ— duration            0.2.1          [required by mirage-crypto-rng]
  âˆ— eqaf                0.9            [required by mirage-crypto]
  âˆ— fmt                 0.9.0          [required by caldav]
  âˆ— gmap                0.3.0          [required by icalendar]
  âˆ— icalendar           0.1.8          [required by caldav]
  âˆ— jsonm               1.0.2          [required by cohttp]
  âˆ— logs                0.7.0          [required by caldav]
  âˆ— lwt                 5.7.0          [required by caldav]
  âˆ— metrics             0.4.1          [required by caldav]
  âˆ— mirage-clock        4.2.0          [required by caldav]
  âˆ— mirage-crypto       0.11.3         [required by caldav]
  âˆ— mirage-crypto-rng   0.11.3         [required by caldav]
  âˆ— mirage-kv           6.1.1          [required by caldav]
  âˆ— mirage-random       3.0.0          [required by caldav]
  âˆ— num                 1.5            [required by sexplib]
  âˆ— ocaml-compiler-libs v0.12.4        [required by ppxlib]
  âˆ— ocaml-syntax-shims  1.0.0          [required by angstrom]
  âˆ— ocamlbuild          0.14.3         [required by xmlm]
  âˆ— ocamlfind           1.9.6          [required by xmlm]
  âˆ— ocplib-endian       1.2            [required by lwt]
  âˆ— ohex                0.2.0          [required by caldav]
  âˆ— optint              0.3.0          [required by mirage-kv]
  âˆ— parsexp             v0.16.0        [required by sexplib]
  âˆ— ppx_derivers        1.2.1          [required by ppx_deriving]
  âˆ— ppx_deriving        5.2.1          [required by caldav]
  âˆ— ppx_sexp_conv       v0.16.0        [required by caldav]
  âˆ— ppxlib              0.32.1         [required by ppx_sexp_conv, ppx_deriving]
  âˆ— ptime               1.1.0          [required by caldav]
  âˆ— re                  1.11.0         [required by caldav]
  âˆ— result              1.5            [required by dispatch]
  âˆ— seq                 base           [required by tyxml]
  âˆ— sexplib             v0.16.0        [required by caldav]
  âˆ— sexplib0            v0.16.0        [required by cohttp-lwt, cohttp, sexplib]
  âˆ— stdlib-shims        0.3.0          [required by ppxlib]
  âˆ— stringext           1.6.0          [required by cohttp]
  âˆ— topkg               1.0.7          [required by xmlm]
  âˆ— tyxml               4.6.0          [required by caldav]
  âˆ— uri                 4.4.0          [required by caldav]
  âˆ— uri-sexp            4.4.0          [required by cohttp]
  âˆ— uutf                1.0.3          [required by tyxml]
  âˆ— xmlm                1.4.0          [required by caldav]

<><> Processing actions <><><><><><><><><><><><><><><><><><><><><><><><><><><><>
â¬‡ retrieved angstrom.0.16.0  (cached)
â¬‡ retrieved base.v0.16.3  (cached)
â¬‡ retrieved base64.3.5.1  (cached)
â¬‡ retrieved bigstringaf.0.9.1  (cached)
â¬‡ retrieved caldav.0.2.2  (https://github.com/robur-coop/caldav/releases/download/v0.2.2/caldav-0.2.2.tbz)
â¬‡ retrieved cohttp.5.3.1  (cached)
â¬‡ retrieved cohttp-lwt.5.3.0  (cached)
â¬‡ retrieved cppo.1.6.9  (cached)
â¬‡ retrieved csexp.1.5.2  (cached)
âˆ— installed conf-bash.1
â¬‡ retrieved cstruct.6.2.0  (cached)
â¬‡ retrieved dispatch.0.5.0  (cached)
â¬‡ retrieved dune.3.15.2, dune-configurator.3.15.2  (cached)
â¬‡ retrieved duration.0.2.1  (cached)
â¬‡ retrieved eqaf.0.9  (cached)
â¬‡ retrieved fmt.0.9.0  (cached)
â¬‡ retrieved gmap.0.3.0  (cached)
â¬‡ retrieved icalendar.0.1.8  (cached)
â¬‡ retrieved jsonm.1.0.2  (cached)
â¬‡ retrieved logs.0.7.0  (cached)
â¬‡ retrieved lwt.5.7.0  (cached)
â¬‡ retrieved metrics.0.4.1  (cached)
â¬‡ retrieved mirage-clock.4.2.0  (cached)
â¬‡ retrieved mirage-crypto.0.11.3, mirage-crypto-rng.0.11.3  (cached)
â¬‡ retrieved mirage-kv.6.1.1  (cached)
â¬‡ retrieved mirage-random.3.0.0  (cached)
â¬‡ retrieved num.1.5  (cached)
â¬‡ retrieved ocaml-compiler-libs.v0.12.4  (cached)
â¬‡ retrieved ocaml-syntax-shims.1.0.0  (cached)
â¬‡ retrieved ocamlbuild.0.14.3  (cached)
â¬‡ retrieved ocamlfind.1.9.6  (cached)
â¬‡ retrieved ocplib-endian.1.2  (cached)
â¬‡ retrieved ohex.0.2.0  (cached)
â¬‡ retrieved optint.0.3.0  (cached)
â¬‡ retrieved parsexp.v0.16.0  (cached)
â¬‡ retrieved ppx_derivers.1.2.1  (cached)
â¬‡ retrieved ppx_deriving.5.2.1  (cached)
â¬‡ retrieved ppx_sexp_conv.v0.16.0  (cached)
â¬‡ retrieved ppxlib.0.32.1  (cached)
â¬‡ retrieved ptime.1.1.0  (cached)
â¬‡ retrieved re.1.11.0  (cached)
â¬‡ retrieved result.1.5  (cached)
âˆ— installed seq.base
â¬‡ retrieved sexplib.v0.16.0  (cached)
â¬‡ retrieved sexplib0.v0.16.0  (cached)
â¬‡ retrieved stdlib-shims.0.3.0  (cached)
â¬‡ retrieved stringext.1.6.0  (cached)
â¬‡ retrieved topkg.1.0.7  (cached)
â¬‡ retrieved tyxml.4.6.0  (cached)
â¬‡ retrieved uri.4.4.0, uri-sexp.4.4.0  (cached)
â¬‡ retrieved uutf.1.0.3  (cached)
â¬‡ retrieved xmlm.1.4.0  (cached)
âˆ— installed num.1.5
âˆ— installed ocamlfind.1.9.6
âˆ— installed base-bytes.base
âˆ— installed ocamlbuild.0.14.3
âˆ— installed topkg.1.0.7
âˆ— installed uutf.1.0.3
âˆ— installed fmt.0.9.0
âˆ— installed ptime.1.1.0
âˆ— installed xmlm.1.4.0
âˆ— installed jsonm.1.0.2
âˆ— installed dune.3.15.2
âˆ— installed mirage-clock.4.2.0
âˆ— installed ppx_derivers.1.2.1
âˆ— installed duration.0.2.1
âˆ— installed gmap.0.3.0
âˆ— installed ohex.0.2.0
âˆ— installed csexp.1.5.2
âˆ— installed base64.3.5.1
âˆ— installed cstruct.6.2.0
âˆ— installed metrics.0.4.1
âˆ— installed ocaml-compiler-libs.v0.12.4
âˆ— installed cppo.1.6.9
âˆ— installed ocaml-syntax-shims.1.0.0
âˆ— installed optint.0.3.0
âˆ— installed re.1.11.0
âˆ— installed result.1.5
âˆ— installed sexplib0.v0.16.0
âˆ— installed stdlib-shims.0.3.0
âˆ— installed stringext.1.6.0
âˆ— installed mirage-random.3.0.0
âˆ— installed dispatch.0.5.0
âˆ— installed ocplib-endian.1.2
âˆ— installed eqaf.0.9
âˆ— installed dune-configurator.3.15.2
âˆ— installed parsexp.v0.16.0
âˆ— installed bigstringaf.0.9.1
âˆ— installed sexplib.v0.16.0
âˆ— installed angstrom.0.16.0
âˆ— installed tyxml.4.6.0
âˆ— installed uri.4.4.0
âˆ— installed lwt.5.7.0
âˆ— installed mirage-kv.6.1.1
âˆ— installed logs.0.7.0
âˆ— installed base.v0.16.3
âˆ— installed ppxlib.0.32.1
âˆ— installed ppx_deriving.5.2.1
âˆ— installed ppx_sexp_conv.v0.16.0
âˆ— installed mirage-crypto.0.11.3
âˆ— installed uri-sexp.4.4.0
âˆ— installed mirage-crypto-rng.0.11.3
âˆ— installed icalendar.0.1.8
âˆ— installed cohttp.5.3.1
âˆ— installed cohttp-lwt.5.3.0
âˆ— installed caldav.0.2.2
Done.
# Run eval $(opam env) to update the current shell environment
[01;2m[01;35m2024-05-07 10:42.40 ---> saved as "4b2cf70b39a817e4c2cc6e5da270f765c3743046d4b88c976795b3e3da81dc05"[0m

[01;34m/home/opam: (run (network host)
                 (shell "(opam reinstall --with-test caldav.0.2.2) || true"))[0m
[ERROR] Sorry, resolution of the request timed out.
        Try to specify a more precise request, use a different solver, or increase the allowed time by setting OPAMSOLVERTIMEOUT to a bigger value (currently, it is set to 500.0 seconds).
[01;2m[01;35m2024-05-07 10:51.21 ---> saved as "8ec6f59fd75ac04781db1a9b17e1bba51058be6d9a47f6200123e26c431eb8bc"[0m

[01;34m/home/opam: (run (shell  "opam reinstall --with-test --verbose caldav.0.2.2;\
                        \n        res=$?;\
                        \n        test \"$res\" != 31 && exit \"$res\";\
                        \n        export OPAMCLI=2.0;\
                        \n        build_dir=$(opam var prefix)/.opam-switch/build;\
                        \n        failed=$(ls \"$build_dir\");\
                        \n        partial_fails=\"\";\
                        \n        for pkg in $failed; do\
                        \n          if opam show -f x-ci-accept-failures: \"$pkg\" | grep -qF \"\\\"archlinux\\\"\"; then\
                        \n            echo \"A package failed and has been disabled for CI using the 'x-ci-accept-failures' field.\";\
                        \n          fi;\
                        \n          test \"$pkg\" != 'caldav.0.2.2' && partial_fails=\"$partial_fails $pkg\";\
                        \n        done;\
                        \n        test \"${partial_fails}\" != \"\" && echo \"opam-repo-ci detected dependencies failing: ${partial_fails}\";\
                        \n        exit 1"))[0m
[ERROR] Sorry, resolution of the request timed out.
        Try to specify a more precise request, use a different solver, or increase the allowed time by setting OPAMSOLVERTIMEOUT to a bigger value (currently, it is set to 500.0 seconds).
'opam reinstall --with-test --verbose caldav.0.2.2' failed.
"/usr/bin/env" "bash" "-c" "opam reinstall --with-test --verbose caldav.0.2.2;
        res=$?;
        test "$res" != 31 && exit "$res";
        export OPAMCLI=2.0;
        build_dir=$(opam var prefix)/.opam-switch/build;
        failed=$(ls "$build_dir");
        partial_fails="";
        for pkg in $failed; do
          if opam show -f x-ci-accept-failures: "$pkg" | grep -qF "\"archlinux\""; then
            echo "A package failed and has been disabled for CI using the 'x-ci-accept-failures' field.";
          fi;
          test "$pkg" != 'caldav.0.2.2' && partial_fails="$partial_fails $pkg";
        done;
        test "${partial_fails}" != "" && echo "opam-repo-ci detected dependencies failing: ${partial_fails}";
        exit 1" failed with exit status 60
2024-05-07 11:00.20: Job failed: Failed: Build failed
2024-05-07 11:00.20: Log analysis:
2024-05-07 11:00.20: >>> 
[ERROR] Sorry, resolution of the request timed out.
 (score = 20)
2024-05-07 11:00.20: >>> 
[ERROR] Sorry, resolution of the request timed out.
 (score = 20)
2024-05-07 11:00.20: Sorry, resolution of the request timed out.
