2024-05-24 22:42.45: New job: test current.0.5 with dune-configurator.3.15.3, using opam dev
                              from https://github.com/ocaml/opam-repository.git#refs/pull/25931/head (1c7ec1efdedc0a230f387bd65706ef364627fdd0)
                              on debian-12-ocaml-4.14/amd64

To reproduce locally:

cd $(mktemp -d)
git clone --recursive "https://github.com/ocaml/opam-repository.git" && cd "opam-repository" && git fetch origin "refs/pull/25931/head" && git reset --hard 1c7ec1ef
git fetch origin master
git merge --no-edit 6ed19e325e5016a43606d8073ca73998f9ebf68f
cat > ../Dockerfile <<'END-OF-DOCKERFILE'
[34mFROM ocaml/opam:debian-12-ocaml-4.14@sha256:575952ac1a1b71568d969fe2b9788c1516c1252dda6ccffdc995036cc8cc9e3b
USER 1000:1000
WORKDIR /home/opam
RUN sudo ln -f /usr/bin/opam-dev /usr/bin/opam
RUN opam init --reinit -ni
RUN uname -rs && opam exec -- ocaml -version && opam --version
ENV OPAMDOWNLOADJOBS="1"
ENV OPAMERRLOGLEN="0"
ENV OPAMSOLVERTIMEOUT="500"
ENV OPAMPRECISETRACKING="1"
ENV CI="true"
ENV OPAM_REPO_CI="true"
RUN rm -rf opam-repository/
COPY --chown=1000:1000 . opam-repository/
RUN opam repository set-url --strict default opam-repository/
RUN opam update --depexts || true
RUN opam pin add -k version -yn dune-configurator.3.15.3 3.15.3
RUN opam reinstall dune-configurator.3.15.3; \
    res=$?; \
    test "$res" != 31 && exit "$res"; \
    export OPAMCLI=2.0; \
    build_dir=$(opam var prefix)/.opam-switch/build; \
    failed=$(ls "$build_dir"); \
    partial_fails=""; \
    for pkg in $failed; do \
    if opam show -f x-ci-accept-failures: "$pkg" | grep -qF "\"debian-12\""; then \
    echo "A package failed and has been disabled for CI using the 'x-ci-accept-failures' field."; \
    fi; \
    test "$pkg" != 'dune-configurator.3.15.3' && partial_fails="$partial_fails $pkg"; \
    done; \
    test "${partial_fails}" != "" && echo "opam-repo-ci detected dependencies failing: ${partial_fails}"; \
    exit 1
RUN opam reinstall current.0.5; \
    res=$?; \
    test "$res" != 31 && exit "$res"; \
    export OPAMCLI=2.0; \
    build_dir=$(opam var prefix)/.opam-switch/build; \
    failed=$(ls "$build_dir"); \
    partial_fails=""; \
    for pkg in $failed; do \
    if opam show -f x-ci-accept-failures: "$pkg" | grep -qF "\"debian-12\""; then \
    echo "A package failed and has been disabled for CI using the 'x-ci-accept-failures' field."; \
    fi; \
    test "$pkg" != 'current.0.5' && partial_fails="$partial_fails $pkg"; \
    done; \
    test "${partial_fails}" != "" && echo "opam-repo-ci detected dependencies failing: ${partial_fails}"; \
    exit 1
RUN (opam reinstall --with-test current.0.5) || true
RUN opam reinstall --with-test --verbose current.0.5; \
    res=$?; \
    test "$res" != 31 && exit "$res"; \
    export OPAMCLI=2.0; \
    build_dir=$(opam var prefix)/.opam-switch/build; \
    failed=$(ls "$build_dir"); \
    partial_fails=""; \
    for pkg in $failed; do \
    if opam show -f x-ci-accept-failures: "$pkg" | grep -qF "\"debian-12\""; then \
    echo "A package failed and has been disabled for CI using the 'x-ci-accept-failures' field."; \
    fi; \
    test "$pkg" != 'current.0.5' && partial_fails="$partial_fails $pkg"; \
    done; \
    test "${partial_fails}" != "" && echo "opam-repo-ci detected dependencies failing: ${partial_fails}"; \
    exit 1
[0m
END-OF-DOCKERFILE
docker build -f ../Dockerfile .

2024-05-24 22:42.45: Using cache hint "ocaml/opam:debian-12-ocaml-4.14@sha256:575952ac1a1b71568d969fe2b9788c1516c1252dda6ccffdc995036cc8cc9e3b-dune-configurator.3.15.3-current.0.5-1c7ec1efdedc0a230f387bd65706ef364627fdd0"
2024-05-24 22:42.45: Using OBuilder spec:
((from ocaml/opam:debian-12-ocaml-4.14@sha256:575952ac1a1b71568d969fe2b9788c1516c1252dda6ccffdc995036cc8cc9e3b)
 (user (uid 1000) (gid 1000))
 (workdir /home/opam)
 (run (shell "sudo ln -f /usr/bin/opam-dev /usr/bin/opam"))
 (run (network host)
      (shell "opam init --reinit --config .opamrc-sandbox -ni"))
 (run (shell "uname -rs && opam exec -- ocaml -version && opam --version"))
 (env OPAMDOWNLOADJOBS 1)
 (env OPAMERRLOGLEN 0)
 (env OPAMSOLVERTIMEOUT 500)
 (env OPAMPRECISETRACKING 1)
 (env CI true)
 (env OPAM_REPO_CI true)
 (run (shell "rm -rf opam-repository/"))
 (copy (src .) (dst opam-repository/))
 (run (shell "opam repository set-url --strict default opam-repository/"))
 (run (network host)
      (shell "opam update --depexts || true"))
 (run (shell "opam pin add -k version -yn dune-configurator.3.15.3 3.15.3"))
 (run (cache (opam-archives (target /home/opam/.opam/download-cache)))
      (network host)
      (shell  "opam reinstall dune-configurator.3.15.3;\
             \n        res=$?;\
             \n        test \"$res\" != 31 && exit \"$res\";\
             \n        export OPAMCLI=2.0;\
             \n        build_dir=$(opam var prefix)/.opam-switch/build;\
             \n        failed=$(ls \"$build_dir\");\
             \n        partial_fails=\"\";\
             \n        for pkg in $failed; do\
             \n          if opam show -f x-ci-accept-failures: \"$pkg\" | grep -qF \"\\\"debian-12\\\"\"; then\
             \n            echo \"A package failed and has been disabled for CI using the 'x-ci-accept-failures' field.\";\
             \n          fi;\
             \n          test \"$pkg\" != 'dune-configurator.3.15.3' && partial_fails=\"$partial_fails $pkg\";\
             \n        done;\
             \n        test \"${partial_fails}\" != \"\" && echo \"opam-repo-ci detected dependencies failing: ${partial_fails}\";\
             \n        exit 1"))
 (run (cache (opam-archives (target /home/opam/.opam/download-cache)))
      (network host)
      (shell  "opam reinstall current.0.5;\
             \n        res=$?;\
             \n        test \"$res\" != 31 && exit \"$res\";\
             \n        export OPAMCLI=2.0;\
             \n        build_dir=$(opam var prefix)/.opam-switch/build;\
             \n        failed=$(ls \"$build_dir\");\
             \n        partial_fails=\"\";\
             \n        for pkg in $failed; do\
             \n          if opam show -f x-ci-accept-failures: \"$pkg\" | grep -qF \"\\\"debian-12\\\"\"; then\
             \n            echo \"A package failed and has been disabled for CI using the 'x-ci-accept-failures' field.\";\
             \n          fi;\
             \n          test \"$pkg\" != 'current.0.5' && partial_fails=\"$partial_fails $pkg\";\
             \n        done;\
             \n        test \"${partial_fails}\" != \"\" && echo \"opam-repo-ci detected dependencies failing: ${partial_fails}\";\
             \n        exit 1"))
 (run (network host)
      (shell "(opam reinstall --with-test current.0.5) || true"))
 (run (shell  "opam reinstall --with-test --verbose current.0.5;\
             \n        res=$?;\
             \n        test \"$res\" != 31 && exit \"$res\";\
             \n        export OPAMCLI=2.0;\
             \n        build_dir=$(opam var prefix)/.opam-switch/build;\
             \n        failed=$(ls \"$build_dir\");\
             \n        partial_fails=\"\";\
             \n        for pkg in $failed; do\
             \n          if opam show -f x-ci-accept-failures: \"$pkg\" | grep -qF \"\\\"debian-12\\\"\"; then\
             \n            echo \"A package failed and has been disabled for CI using the 'x-ci-accept-failures' field.\";\
             \n          fi;\
             \n          test \"$pkg\" != 'current.0.5' && partial_fails=\"$partial_fails $pkg\";\
             \n        done;\
             \n        test \"${partial_fails}\" != \"\" && echo \"opam-repo-ci detected dependencies failing: ${partial_fails}\";\
             \n        exit 1"))
)

2024-05-24 22:42.45: Waiting for resource in pool OCluster
2024-05-25 02:56.34: Waiting for workerâ€¦
2024-05-25 02:58.04: Got resource from pool OCluster
Building on doris.caelum.ci.dev
All commits already cached
Updating files:  85% (29011/33815)Updating files:  86% (29081/33815)Updating files:  87% (29420/33815)Updating files:  88% (29758/33815)Updating files:  89% (30096/33815)Updating files:  90% (30434/33815)Updating files:  91% (30772/33815)Updating files:  92% (31110/33815)Updating files:  93% (31448/33815)Updating files:  94% (31787/33815)Updating files:  95% (32125/33815)Updating files:  96% (32463/33815)Updating files:  97% (32801/33815)Updating files:  98% (33139/33815)Updating files:  99% (33477/33815)Updating files: 100% (33815/33815)Updating files: 100% (33815/33815), done.
HEAD is now at 6ed19e325e Merge pull request #25878 from raphael-proust/alt-ergo-not-bytecode-only
Updating 6ed19e325e..1c7ec1efde
Fast-forward
 packages/chrome-trace/chrome-trace.3.15.3/opam     | 40 +++++++++++++++
 .../dune-action-plugin.3.15.3/opam                 | 53 ++++++++++++++++++++
 .../dune-build-info/dune-build-info.3.15.3/opam    | 46 +++++++++++++++++
 .../dune-configurator.3.15.3/opam                  | 50 +++++++++++++++++++
 packages/dune-glob/dune-glob.3.15.3/opam           | 43 ++++++++++++++++
 .../dune-private-libs.3.15.3/opam                  | 51 +++++++++++++++++++
 packages/dune-rpc-lwt/dune-rpc-lwt.3.15.3/opam     | 42 ++++++++++++++++
 packages/dune-rpc/dune-rpc.3.15.3/opam             | 44 +++++++++++++++++
 packages/dune-site/dune-site.3.15.3/opam           | 38 +++++++++++++++
 packages/dune/dune.3.15.3/opam                     | 57 ++++++++++++++++++++++
 packages/dyn/dyn.3.15.3/opam                       | 41 ++++++++++++++++
 packages/ocamlc-loc/ocamlc-loc.3.15.3/opam         | 44 +++++++++++++++++
 packages/ordering/ordering.3.15.3/opam             | 39 +++++++++++++++
 packages/stdune/stdune.3.15.3/opam                 | 45 +++++++++++++++++
 packages/xdg/xdg.3.15.3/opam                       | 40 +++++++++++++++
 15 files changed, 673 insertions(+)
 create mode 100644 packages/chrome-trace/chrome-trace.3.15.3/opam
 create mode 100644 packages/dune-action-plugin/dune-action-plugin.3.15.3/opam
 create mode 100644 packages/dune-build-info/dune-build-info.3.15.3/opam
 create mode 100644 packages/dune-configurator/dune-configurator.3.15.3/opam
 create mode 100644 packages/dune-glob/dune-glob.3.15.3/opam
 create mode 100644 packages/dune-private-libs/dune-private-libs.3.15.3/opam
 create mode 100644 packages/dune-rpc-lwt/dune-rpc-lwt.3.15.3/opam
 create mode 100644 packages/dune-rpc/dune-rpc.3.15.3/opam
 create mode 100644 packages/dune-site/dune-site.3.15.3/opam
 create mode 100644 packages/dune/dune.3.15.3/opam
 create mode 100644 packages/dyn/dyn.3.15.3/opam
 create mode 100644 packages/ocamlc-loc/ocamlc-loc.3.15.3/opam
 create mode 100644 packages/ordering/ordering.3.15.3/opam
 create mode 100644 packages/stdune/stdune.3.15.3/opam
 create mode 100644 packages/xdg/xdg.3.15.3/opam

[01;34m(from ocaml/opam:debian-12-ocaml-4.14@sha256:575952ac1a1b71568d969fe2b9788c1516c1252dda6ccffdc995036cc8cc9e3b)[0m
[01;2m[01;35m2024-05-25 02:59.45 ---> using "b70a2807c2cfb3c5680f4fafeddd66a33d7dcdd9d48b1543e8642b8df113fdbf" from cache[0m

[01;34m/: (user (uid 1000) (gid 1000))[0m

[01;34m/: (workdir /home/opam)[0m

[01;34m/home/opam: (run (shell "sudo ln -f /usr/bin/opam-dev /usr/bin/opam"))[0m
[01;2m[01;35m2024-05-25 02:59.45 ---> using "c36f90ecff164603a21017340adb790a2f028b93271d75cce805aa2725f2c474" from cache[0m

[01;34m/home/opam: (run (network host)
                 (shell "opam init --reinit --config .opamrc-sandbox -ni"))[0m
Configuring from /home/opam/.opamrc-sandbox, then /home/opam/.opamrc, and finally from built-in defaults.
Checking for available remotes: rsync and local, git.
  - you won't be able to use mercurial repositories unless you install the hg command on your system.
  - you won't be able to use darcs repositories unless you install the darcs command on your system.

This development version of opam requires an update to the layout of /home/opam/.opam from version 2.0 to version 2.2~beta, which can't be reverted.
You may want to back it up before going further.

Continue? [y/n] y
[NOTE] The 'jobs' option was reset, its value was 39 and its new value will vary according to the current number of cores on your machine. You can restore the fixed value using:
           opam option jobs=39 --global
Format upgrade done.

<><> Updating repositories ><><><><><><><><><><><><><><><><><><><><><><><><><><>
[default] synchronised from file:///home/opam/opam-repository
[01;2m[01;35m2024-05-25 02:59.45 ---> using "41ba59c52c751987091a990bfc68743f47f1d48b58a0242e92679239747c0a38" from cache[0m

[01;34m/home/opam: (run (shell "uname -rs && opam exec -- ocaml -version && opam --version"))[0m
Linux 5.15.0-107-generic
The OCaml toplevel, version 4.14.2
2.2.0~beta3~dev
[01;2m[01;35m2024-05-25 02:59.45 ---> using "43177bf724d2ad14c3885c9e8604bf82de09a17c5632804082eaf00f00843b27" from cache[0m

[01;34m/home/opam: (env OPAMDOWNLOADJOBS 1)[0m

[01;34m/home/opam: (env OPAMERRLOGLEN 0)[0m

[01;34m/home/opam: (env OPAMSOLVERTIMEOUT 500)[0m

[01;34m/home/opam: (env OPAMPRECISETRACKING 1)[0m

[01;34m/home/opam: (env CI true)[0m

[01;34m/home/opam: (env OPAM_REPO_CI true)[0m

[01;34m/home/opam: (run (shell "rm -rf opam-repository/"))[0m
[01;2m[01;35m2024-05-25 02:59.45 ---> using "dc5d5a1631518083bf7b71a8bbeb70067bb1c0e264ce14940be3414232922413" from cache[0m

[01;34m/home/opam: (copy (src .) (dst opam-repository/))[0m
[01;2m[01;35m2024-05-25 02:59.46 ---> using "808729ebaef7baca1c63dc30ae754c5282967c163e226ccfc0e347ee1a6c4ab6" from cache[0m

[01;34m/home/opam: (run (shell "opam repository set-url --strict default opam-repository/"))[0m
[default] Initialised
[01;2m[01;35m2024-05-25 02:59.46 ---> using "0b27fda15b673848a6114f824c3a22ead554afb329aa1519318753eb6ba81ae8" from cache[0m

[01;34m/home/opam: (run (network host)
                 (shell "opam update --depexts || true"))[0m
+ /usr/bin/sudo "apt-get" "update"
- Hit:1 http://deb.debian.org/debian bookworm InRelease
- Get:2 http://deb.debian.org/debian bookworm-updates InRelease [55.4 kB]
- Get:3 http://deb.debian.org/debian-security bookworm-security InRelease [48.0 kB]
- Get:4 http://deb.debian.org/debian-security bookworm-security/main amd64 Packages [157 kB]
- Fetched 260 kB in 0s (972 kB/s)
- Reading package lists...
[01;2m[01;35m2024-05-25 02:59.46 ---> using "6129086d3b210adce51cf7ca6af5531c1eaa2c1c99a9847b0d2af364b5cb5399" from cache[0m

[01;34m/home/opam: (run (shell "opam pin add -k version -yn dune-configurator.3.15.3 3.15.3"))[0m
dune-configurator is now pinned to version 3.15.3
[01;2m[01;35m2024-05-25 02:59.46 ---> using "57bc9daaf392ab328fb8fe2c18bd1c0c148639bbaa39f9ba65b35a4ca066befa" from cache[0m

[01;34m/home/opam: (run (cache (opam-archives (target /home/opam/.opam/download-cache)))
                 (network host)
                 (shell  "opam reinstall dune-configurator.3.15.3;\
                        \n        res=$?;\
                        \n        test \"$res\" != 31 && exit \"$res\";\
                        \n        export OPAMCLI=2.0;\
                        \n        build_dir=$(opam var prefix)/.opam-switch/build;\
                        \n        failed=$(ls \"$build_dir\");\
                        \n        partial_fails=\"\";\
                        \n        for pkg in $failed; do\
                        \n          if opam show -f x-ci-accept-failures: \"$pkg\" | grep -qF \"\\\"debian-12\\\"\"; then\
                        \n            echo \"A package failed and has been disabled for CI using the 'x-ci-accept-failures' field.\";\
                        \n          fi;\
                        \n          test \"$pkg\" != 'dune-configurator.3.15.3' && partial_fails=\"$partial_fails $pkg\";\
                        \n        done;\
                        \n        test \"${partial_fails}\" != \"\" && echo \"opam-repo-ci detected dependencies failing: ${partial_fails}\";\
                        \n        exit 1"))[0m
dune-configurator.3.15.3 is not installed. Install it? [y/n] y
The following actions will be performed:
=== install 3 packages
  - install csexp             1.5.2           [required by dune-configurator]
  - install dune              3.15.3          [required by dune-configurator]
  - install dune-configurator 3.15.3 (pinned)

<><> Processing actions <><><><><><><><><><><><><><><><><><><><><><><><><><><><>
-> retrieved csexp.1.5.2  (cached)
-> retrieved dune.3.15.3, dune-configurator.3.15.3  (cached)
-> installed dune.3.15.3
-> installed csexp.1.5.2
-> installed dune-configurator.3.15.3
Done.
# Run eval $(opam env) to update the current shell environment
[01;2m[01;35m2024-05-25 02:59.46 ---> using "99380060e1b3320a4d9e965f42ea42727e08d6b5e4ae1cde2a2f2055250f863f" from cache[0m

[01;34m/home/opam: (run (cache (opam-archives (target /home/opam/.opam/download-cache)))
                 (network host)
                 (shell  "opam reinstall current.0.5;\
                        \n        res=$?;\
                        \n        test \"$res\" != 31 && exit \"$res\";\
                        \n        export OPAMCLI=2.0;\
                        \n        build_dir=$(opam var prefix)/.opam-switch/build;\
                        \n        failed=$(ls \"$build_dir\");\
                        \n        partial_fails=\"\";\
                        \n        for pkg in $failed; do\
                        \n          if opam show -f x-ci-accept-failures: \"$pkg\" | grep -qF \"\\\"debian-12\\\"\"; then\
                        \n            echo \"A package failed and has been disabled for CI using the 'x-ci-accept-failures' field.\";\
                        \n          fi;\
                        \n          test \"$pkg\" != 'current.0.5' && partial_fails=\"$partial_fails $pkg\";\
                        \n        done;\
                        \n        test \"${partial_fails}\" != \"\" && echo \"opam-repo-ci detected dependencies failing: ${partial_fails}\";\
                        \n        exit 1"))[0m
current.0.5 is not installed. Install it? [y/n] y
The following actions will be performed:
=== install 32 packages
  - install asetmap             0.8.1   [required by prometheus]
  - install astring             0.8.5   [required by current]
  - install base-bytes          base    [required by ocplib-endian]
  - install bos                 0.2.1   [required by current]
  - install cmdliner            1.3.0   [required by current]
  - install conf-pkg-config     3       [required by conf-sqlite3]
  - install conf-sqlite3        1       [required by sqlite3]
  - install cppo                1.6.9   [required by ppx_deriving]
  - install current             0.5
  - install current_incr        0.5     [required by current]
  - install duration            0.2.1   [required by current]
  - install fmt                 0.9.0   [required by current]
  - install fpath               0.7.3   [required by current]
  - install logs                0.7.0   [required by current]
  - install lwt                 5.7.0   [required by current]
  - install lwt-dllist          1.0.1   [required by current]
  - install ocaml-compiler-libs v0.12.4 [required by ppxlib]
  - install ocamlbuild          0.14.3  [required by astring, bos]
  - install ocamlfind           1.9.6   [required by bos, astring, ppx_deriving]
  - install ocplib-endian       1.2     [required by lwt]
  - install ppx_derivers        1.2.1   [required by ppx_deriving]
  - install ppx_deriving        5.2.1   [required by current]
  - install ppxlib              0.32.1  [required by ppx_deriving]
  - install prometheus          1.2     [required by current]
  - install re                  1.11.0  [required by current]
  - install result              1.5     [required by current]
  - install rresult             0.7.0   [required by bos]
  - install seq                 base    [required by re]
  - install sexplib0            v0.17.0 [required by ppxlib]
  - install sqlite3             5.1.0   [required by current]
  - install stdlib-shims        0.3.0   [required by ppxlib]
  - install topkg               1.0.7   [required by astring, bos]

The following system packages will first need to be installed:
    libsqlite3-dev pkg-config

<><> Handling external dependencies <><><><><><><><><><><><><><><><><><><><><><>

opam believes some required external dependencies are missing. opam can:
> 1. Run apt-get to install them (may need root/sudo access)
  2. Display the recommended apt-get command and wait while you run it manually (e.g. in another terminal)
  3. Continue anyway, and, upon success, permanently register that this external dependency is present, but not detectable
  4. Abort the installation

[1/2/3/4] 1

+ /usr/bin/sudo "apt-get" "install" "-qq" "-yy" "libsqlite3-dev" "pkg-config"
- debconf: delaying package configuration, since apt-utils is not installed
- Selecting previously unselected package libpkgconf3:amd64.
- (Reading database ... (Reading database ... 5%(Reading database ... 10%(Reading database ... 15%(Reading database ... 20%(Reading database ... 25%(Reading database ... 30%(Reading database ... 35%(Reading database ... 40%(Reading database ... 45%(Reading database ... 50%(Reading database ... 55%(Reading database ... 60%(Reading database ... 65%(Reading database ... 70%(Reading database ... 75%(Reading database ... 80%(Reading database ... 85%(Reading database ... 90%(Reading database ... 95%(Reading database ... 100%(Reading database ... 18735 files and directories currently installed.)
- Preparing to unpack .../libpkgconf3_1.8.1-1_amd64.deb ...
- Unpacking libpkgconf3:amd64 (1.8.1-1) ...
- Selecting previously unselected package libsqlite3-dev:amd64.
- Preparing to unpack .../libsqlite3-dev_3.40.1-2_amd64.deb ...
- Unpacking libsqlite3-dev:amd64 (3.40.1-2) ...
- Selecting previously unselected package pkgconf-bin.
- Preparing to unpack .../pkgconf-bin_1.8.1-1_amd64.deb ...
- Unpacking pkgconf-bin (1.8.1-1) ...
- Selecting previously unselected package pkgconf:amd64.
- Preparing to unpack .../pkgconf_1.8.1-1_amd64.deb ...
- Unpacking pkgconf:amd64 (1.8.1-1) ...
- Selecting previously unselected package pkg-config:amd64.
- Preparing to unpack .../pkg-config_1.8.1-1_amd64.deb ...
- Unpacking pkg-config:amd64 (1.8.1-1) ...
- Setting up libpkgconf3:amd64 (1.8.1-1) ...
- Setting up libsqlite3-dev:amd64 (3.40.1-2) ...
- Setting up pkgconf-bin (1.8.1-1) ...
- Setting up pkgconf:amd64 (1.8.1-1) ...
- Setting up pkg-config:amd64 (1.8.1-1) ...
- Processing triggers for libc-bin (2.36-9+deb12u7) ...

<><> Processing actions <><><><><><><><><><><><><><><><><><><><><><><><><><><><>
-> retrieved asetmap.0.8.1  (cached)
-> retrieved astring.0.8.5  (cached)
-> retrieved bos.0.2.1  (cached)
-> retrieved cmdliner.1.3.0  (cached)
-> retrieved cppo.1.6.9  (cached)
-> installed conf-pkg-config.3
-> retrieved current.0.5, current_incr.0.5  (cached)
-> installed conf-sqlite3.1
-> retrieved duration.0.2.1  (cached)
-> retrieved fmt.0.9.0  (cached)
-> retrieved fpath.0.7.3  (cached)
-> retrieved logs.0.7.0  (cached)
-> retrieved lwt.5.7.0  (cached)
-> retrieved lwt-dllist.1.0.1  (cached)
-> retrieved ocaml-compiler-libs.v0.12.4  (cached)
-> retrieved ocamlbuild.0.14.3  (cached)
-> retrieved ocamlfind.1.9.6  (cached)
-> retrieved ocplib-endian.1.2  (cached)
-> installed current_incr.0.5
-> retrieved ppx_derivers.1.2.1  (cached)
-> retrieved ppx_deriving.5.2.1  (cached)
-> installed duration.0.2.1
-> installed lwt-dllist.1.0.1
-> retrieved ppxlib.0.32.1  (cached)
-> installed ppx_derivers.1.2.1
-> retrieved prometheus.1.2  (cached)
-> retrieved re.1.11.0  (cached)
-> retrieved result.1.5  (cached)
-> retrieved rresult.0.7.0  (cached)
-> installed seq.base
-> retrieved sexplib0.v0.17.0  (cached)
-> retrieved sqlite3.5.1.0  (cached)
-> retrieved stdlib-shims.0.3.0  (cached)
-> retrieved topkg.1.0.7  (cached)
-> installed cppo.1.6.9
-> installed result.1.5
-> installed stdlib-shims.0.3.0
-> installed ocaml-compiler-libs.v0.12.4
-> installed sexplib0.v0.17.0
-> installed re.1.11.0
-> installed sqlite3.5.1.0
-> installed cmdliner.1.3.0
-> installed ocamlfind.1.9.6
-> installed base-bytes.base
-> installed ocplib-endian.1.2
-> installed ocamlbuild.0.14.3
-> installed lwt.5.7.0
-> installed topkg.1.0.7
-> installed asetmap.0.8.1
-> installed rresult.0.7.0
-> installed fmt.0.9.0
-> installed astring.0.8.5
-> installed prometheus.1.2
-> installed fpath.0.7.3
-> installed logs.0.7.0
-> installed ppxlib.0.32.1
-> installed bos.0.2.1
-> installed ppx_deriving.5.2.1
-> installed current.0.5
Done.
# Run eval $(opam env) to update the current shell environment
[01;2m[01;35m2024-05-25 03:00.16 ---> saved as "092df222dc89e205cc86aa54b299f2bdc4a38cc61b699252ecef6370299a099b"[0m

[01;34m/home/opam: (run (network host)
                 (shell "(opam reinstall --with-test current.0.5) || true"))[0m
[ERROR] Sorry, resolution of the request timed out.
        Try to specify a more precise request, use a different solver, or increase the allowed time by setting OPAMSOLVERTIMEOUT to a bigger value (currently, it is set to 500.0 seconds).
[01;2m[01;35m2024-05-25 03:08.46 ---> saved as "fdc5d437f4e1fbc93c02c0315f8e258d7bfeca0714f658436acdc5f52707c42b"[0m

[01;34m/home/opam: (run (shell  "opam reinstall --with-test --verbose current.0.5;\
                        \n        res=$?;\
                        \n        test \"$res\" != 31 && exit \"$res\";\
                        \n        export OPAMCLI=2.0;\
                        \n        build_dir=$(opam var prefix)/.opam-switch/build;\
                        \n        failed=$(ls \"$build_dir\");\
                        \n        partial_fails=\"\";\
                        \n        for pkg in $failed; do\
                        \n          if opam show -f x-ci-accept-failures: \"$pkg\" | grep -qF \"\\\"debian-12\\\"\"; then\
                        \n            echo \"A package failed and has been disabled for CI using the 'x-ci-accept-failures' field.\";\
                        \n          fi;\
                        \n          test \"$pkg\" != 'current.0.5' && partial_fails=\"$partial_fails $pkg\";\
                        \n        done;\
                        \n        test \"${partial_fails}\" != \"\" && echo \"opam-repo-ci detected dependencies failing: ${partial_fails}\";\
                        \n        exit 1"))[0m
The following actions will be performed:
=== downgrade 3 packages
  - downgrade ppxlib             0.32.1 to 0.25.1   [uses sexplib0]
  - downgrade prometheus         1.2 to 1.1         [required by current]
  - downgrade sexplib0           v0.17.0 to v0.14.0 [required by cohttp, cohttp-lwt]
=== recompile 2 packages
  - recompile current            0.5
  - recompile ppx_deriving       5.2.1              [uses ppxlib]
=== install 23 packages
  - install   alcotest           1.6.0              [required by current]
  - install   alcotest-lwt       1.6.0              [required by current]
  - install   base               v0.14.3            [required by ppx_sexp_conv]
  - install   base64             3.5.1              [required by cohttp]
  - install   cohttp             4.0.0              [required by prometheus-app]
  - install   cohttp-lwt         4.0.0              [required by prometheus-app]
  - install   cohttp-lwt-unix    4.0.0              [required by prometheus-app]
  - install   conduit            1.3.0              [required by conduit-lwt]
  - install   conduit-lwt        1.3.0              [required by cohttp-lwt-unix]
  - install   conduit-lwt-unix   1.3.0              [required by cohttp-lwt-unix]
  - install   ipaddr             2.9.0              [required by conduit-lwt-unix]
  - install   jsonm              1.0.2              [required by cohttp]
  - install   magic-mime         1.3.1              [required by cohttp-lwt-unix]
  - install   num                1.5                [required by sexplib]
  - install   ocaml-syntax-shims 1.0.0              [required by alcotest]
  - install   parsexp            v0.14.2            [required by sexplib]
  - install   ppx_sexp_conv      v0.14.3            [required by cohttp-lwt, cohttp, cohttp-lwt-unix]
  - install   prometheus-app     1.1                [required by current]
  - install   sexplib            v0.14.0            [required by conduit-lwt]
  - install   stringext          1.6.0              [required by cohttp]
  - install   uri                3.1.0              [required by cohttp, cohttp-lwt]
  - install   uri-sexp           3.1.0              [required by cohttp]
  - install   uutf               1.0.3              [required by alcotest]

<><> Processing actions <><><><><><><><><><><><><><><><><><><><><><><><><><><><>
Processing  1/82: [alcotest.1.6.0, alcotest-lwt.1.6.0: http]
[ERROR] Failed to get sources of alcotest.1.6.0, alcotest-lwt.1.6.0 (https://github.com/mirage/alcotest/releases/download/1.6.0/alcotest-1.6.0.tbz): Curl failed
Processing  2/82: [base.v0.14.3: http]
[ERROR] Failed to get sources of base.v0.14.3: Curl failed
Processing  3/82: [base64.3.5.1: http]
[ERROR] Failed to get sources of base64.3.5.1: Curl failed
Processing  4/82: [cohttp.4.0.0, cohttp-lwt.4.0.0, cohttp-lwt-unix.4.0.0: http]
Processing  5/82: [cohttp.4.0.0, cohttp-lwt.4.0.0, cohttp-lwt-unix.4.0.0: http]
Processing  6/82: [cohttp.4.0.0, cohttp-lwt.4.0.0, cohttp-lwt-unix.4.0.0: http]
[ERROR] Failed to get sources of cohttp.4.0.0, cohttp-lwt.4.0.0, cohttp-lwt-unix.4.0.0 (https://github.com/mirage/ocaml-cohttp/releases/download/v4.0.0/cohttp-v4.0.0.tbz): Curl failed
Processing  7/82: [conduit.1.3.0, conduit-lwt.1.3.0, conduit-lwt-unix.1.3.0: http]
[ERROR] Failed to get sources of conduit.1.3.0, conduit-lwt.1.3.0, conduit-lwt-unix.1.3.0 (https://github.com/mirage/ocaml-conduit/releases/download/v1.3.0/conduit-v1.3.0.tbz): Curl failed
Processing  8/82: [current.0.5: http]
[ERROR] Failed to get sources of current.0.5: Curl failed
Processing  9/82: [ipaddr.2.9.0: http]
[ERROR] Failed to get sources of ipaddr.2.9.0: Curl failed
Processing 10/82: [jsonm.1.0.2: http]
[ERROR] Failed to get sources of jsonm.1.0.2: Curl failed
Processing 11/82: [magic-mime.1.3.1: http]
[ERROR] Failed to get sources of magic-mime.1.3.1: Curl failed
Processing 12/82: [num.1.5: http]
Processing 13/82: [num.1.5: http]
Processing 14/82: [num.1.5: http]
[ERROR] Failed to get sources of num.1.5: Curl failed
Processing 15/82: [ocaml-syntax-shims.1.0.0: http]
Processing 16/82: [ocaml-syntax-shims.1.0.0: http]
Processing 17/82: [ocaml-syntax-shims.1.0.0: http]
[ERROR] Failed to get sources of ocaml-syntax-shims.1.0.0: Curl failed
Processing 18/82: [parsexp.v0.14.2: http]
Processing 19/82: [parsexp.v0.14.2: http]
Processing 20/82: [parsexp.v0.14.2: http]
[ERROR] Failed to get sources of parsexp.v0.14.2: Curl failed
Processing 21/82: [ppx_deriving.5.2.1: http]
[ERROR] Failed to get sources of ppx_deriving.5.2.1: Curl failed
Processing 22/82: [ppx_sexp_conv.v0.14.3: http]
[ERROR] Failed to get sources of ppx_sexp_conv.v0.14.3: Curl failed
Processing 23/82: [ppxlib.0.25.1: http]
[ERROR] Failed to get sources of ppxlib.0.25.1: Curl failed
Processing 24/82: [prometheus.1.1, prometheus-app.1.1: http]
[ERROR] Failed to get sources of prometheus.1.1, prometheus-app.1.1 (https://github.com/mirage/prometheus/releases/download/v1.1/prometheus-v1.1.tbz): Curl failed
Processing 25/82: [sexplib.v0.14.0: http]
Processing 26/82: [sexplib.v0.14.0: http]
[ERROR] Failed to get sources of sexplib.v0.14.0: Curl failed
Processing 27/82: [sexplib0.v0.14.0: http]
[ERROR] Failed to get sources of sexplib0.v0.14.0: Curl failed
Processing 28/82: [stringext.1.6.0: http]
Processing 29/82: [stringext.1.6.0: http]
[ERROR] Failed to get sources of stringext.1.6.0: Curl failed
Processing 30/82: [uri.3.1.0, uri-sexp.3.1.0: http]
Processing 31/82: [uri.3.1.0, uri-sexp.3.1.0: http]
Processing 32/82: [uri.3.1.0, uri-sexp.3.1.0: http]
[ERROR] Failed to get sources of uri.3.1.0, uri-sexp.3.1.0 (https://github.com/mirage/ocaml-uri/releases/download/v3.1.0/uri-v3.1.0.tbz): Curl failed
Processing 33/82: [uutf.1.0.3: http]
Processing 34/82: [uutf.1.0.3: http]
Processing 35/82: [uutf.1.0.3: http]
[ERROR] Failed to get sources of uutf.1.0.3: Curl failed

#=== ERROR while fetching sources for uutf.1.0.3 ==============================#
OpamSolution.Fetch_fail("https://erratique.ch/software/uutf/releases/uutf-1.0.3.tbz (Curl failed: \"/usr/bin/curl --write-out %{http_code}\\\\n --retry 3 --retry-delay 2 --user-agent opam/2.2.0~beta3~dev -L -o /home/opam/.opam/4.14/.opam-switch/sources/uutf.1.0.3/uutf-1.0.3.tbz.part -- https://erratique.ch/software/uutf/releases/uutf-1.0.3.tbz\" exited with code 6)")

#=== ERROR while fetching sources for uri.3.1.0 and uri-sexp.3.1.0 ============#
OpamSolution.Fetch_fail("https://github.com/mirage/ocaml-uri/releases/download/v3.1.0/uri-v3.1.0.tbz (Curl failed: \"/usr/bin/curl --write-out %{http_code}\\\\n --retry 3 --retry-delay 2 --user-agent opam/2.2.0~beta3~dev -L -o /tmp/opam-7-919eea/uri-v3.1.0.tbz.part -- https://github.com/mirage/ocaml-uri/releases/download/v3.1.0/uri-v3.1.0.tbz\" exited with code 6)")

#=== ERROR while fetching sources for stringext.1.6.0 =========================#
OpamSolution.Fetch_fail("https://github.com/rgrinberg/stringext/releases/download/1.6.0/stringext-1.6.0.tbz (Curl failed: \"/usr/bin/curl --write-out %{http_code}\\\\n --retry 3 --retry-delay 2 --user-agent opam/2.2.0~beta3~dev -L -o /home/opam/.opam/4.14/.opam-switch/sources/stringext.1.6.0/stringext-1.6.0.tbz.part -- https://github.com/rgrinberg/stringext/releases/download/1.6.0/stringext-1.6.0.tbz\" exited with code 6)")

#=== ERROR while fetching sources for sexplib0.v0.14.0 ========================#
OpamSolution.Fetch_fail("https://ocaml.janestreet.com/ocaml-core/v0.14/files/sexplib0-v0.14.0.tar.gz (Curl failed: \"/usr/bin/curl --write-out %{http_code}\\\\n --retry 3 --retry-delay 2 --user-agent opam/2.2.0~beta3~dev -L -o /home/opam/.opam/4.14/.opam-switch/sources/sexplib0.v0.14.0/sexplib0-v0.14.0.tar.gz.part -- https://ocaml.janestreet.com/ocaml-core/v0.14/files/sexplib0-v0.14.0.tar.gz\" exited with code 6)")

#=== ERROR while fetching sources for sexplib.v0.14.0 =========================#
OpamSolution.Fetch_fail("https://ocaml.janestreet.com/ocaml-core/v0.14/files/sexplib-v0.14.0.tar.gz (Curl failed: \"/usr/bin/curl --write-out %{http_code}\\\\n --retry 3 --retry-delay 2 --user-agent opam/2.2.0~beta3~dev -L -o /home/opam/.opam/4.14/.opam-switch/sources/sexplib.v0.14.0/sexplib-v0.14.0.tar.gz.part -- https://ocaml.janestreet.com/ocaml-core/v0.14/files/sexplib-v0.14.0.tar.gz\" exited with code 6)")

#=== ERROR while fetching sources for prometheus.1.1 and prometheus-app.1.1 ===#
OpamSolution.Fetch_fail("https://github.com/mirage/prometheus/releases/download/v1.1/prometheus-v1.1.tbz (Curl failed: \"/usr/bin/curl --write-out %{http_code}\\\\n --retry 3 --retry-delay 2 --user-agent opam/2.2.0~beta3~dev -L -o /tmp/opam-7-412586/prometheus-v1.1.tbz.part -- https://github.com/mirage/prometheus/releases/download/v1.1/prometheus-v1.1.tbz\" exited with code 6)")

#=== ERROR while fetching sources for ppxlib.0.25.1 ===========================#
OpamSolution.Fetch_fail("https://github.com/ocaml-ppx/ppxlib/releases/download/0.25.1/ppxlib-0.25.1.tbz (Curl failed: \"/usr/bin/curl --write-out %{http_code}\\\\n --retry 3 --retry-delay 2 --user-agent opam/2.2.0~beta3~dev -L -o /home/opam/.opam/4.14/.opam-switch/sources/ppxlib.0.25.1/ppxlib-0.25.1.tbz.part -- https://github.com/ocaml-ppx/ppxlib/releases/download/0.25.1/ppxlib-0.25.1.tbz\" exited with code 6)")

#=== ERROR while fetching sources for ppx_sexp_conv.v0.14.3 ===================#
OpamSolution.Fetch_fail("https://github.com/janestreet/ppx_sexp_conv/archive/v0.14.3.tar.gz (Curl failed: \"/usr/bin/curl --write-out %{http_code}\\\\n --retry 3 --retry-delay 2 --user-agent opam/2.2.0~beta3~dev -L -o /home/opam/.opam/4.14/.opam-switch/sources/ppx_sexp_conv.v0.14.3/v0.14.3.tar.gz.part -- https://github.com/janestreet/ppx_sexp_conv/archive/v0.14.3.tar.gz\" exited with code 6)")

#=== ERROR while fetching sources for ppx_deriving.5.2.1 ======================#
OpamSolution.Fetch_fail("https://github.com/ocaml-ppx/ppx_deriving/releases/download/v5.2.1/ppx_deriving-v5.2.1.tbz (Curl failed: \"/usr/bin/curl --write-out %{http_code}\\\\n --retry 3 --retry-delay 2 --user-agent opam/2.2.0~beta3~dev -L -o /home/opam/.opam/4.14/.opam-switch/sources/ppx_deriving.5.2.1/ppx_deriving-v5.2.1.tbz.part -- https://github.com/ocaml-ppx/ppx_deriving/releases/download/v5.2.1/ppx_deriving-v5.2.1.tbz\" exited with code 6)")

#=== ERROR while fetching sources for parsexp.v0.14.2 =========================#
OpamSolution.Fetch_fail("https://github.com/janestreet/parsexp/archive/refs/tags/v0.14.2.tar.gz (Curl failed: \"/usr/bin/curl --write-out %{http_code}\\\\n --retry 3 --retry-delay 2 --user-agent opam/2.2.0~beta3~dev -L -o /home/opam/.opam/4.14/.opam-switch/sources/parsexp.v0.14.2/v0.14.2.tar.gz.part -- https://github.com/janestreet/parsexp/archive/refs/tags/v0.14.2.tar.gz\" exited with code 6)")

#=== ERROR while fetching sources for ocaml-syntax-shims.1.0.0 ================#
OpamSolution.Fetch_fail("https://github.com/ocaml-ppx/ocaml-syntax-shims/releases/download/1.0.0/ocaml-syntax-shims-1.0.0.tbz (Curl failed: \"/usr/bin/curl --write-out %{http_code}\\\\n --retry 3 --retry-delay 2 --user-agent opam/2.2.0~beta3~dev -L -o /home/opam/.opam/4.14/.opam-switch/sources/ocaml-syntax-shims.1.0.0/ocaml-syntax-shims-1.0.0.tbz.part -- https://github.com/ocaml-ppx/ocaml-syntax-shims/releases/download/1.0.0/ocaml-syntax-shims-1.0.0.tbz\" exited with code 6)")

#=== ERROR while fetching sources for num.1.5 =================================#
OpamSolution.Fetch_fail("https://github.com/ocaml/num/archive/v1.5.tar.gz (Curl failed: \"/usr/bin/curl --write-out %{http_code}\\\\n --retry 3 --retry-delay 2 --user-agent opam/2.2.0~beta3~dev -L -o /home/opam/.opam/4.14/.opam-switch/sources/num.1.5/v1.5.tar.gz.part -- https://github.com/ocaml/num/archive/v1.5.tar.gz\" exited with code 6)")

#=== ERROR while fetching sources for magic-mime.1.3.1 ========================#
OpamSolution.Fetch_fail("https://github.com/mirage/ocaml-magic-mime/releases/download/v1.3.1/magic-mime-1.3.1.tbz (Curl failed: \"/usr/bin/curl --write-out %{http_code}\\\\n --retry 3 --retry-delay 2 --user-agent opam/2.2.0~beta3~dev -L -o /home/opam/.opam/4.14/.opam-switch/sources/magic-mime.1.3.1/magic-mime-1.3.1.tbz.part -- https://github.com/mirage/ocaml-magic-mime/releases/download/v1.3.1/magic-mime-1.3.1.tbz\" exited with code 6)")

#=== ERROR while fetching sources for jsonm.1.0.2 =============================#
OpamSolution.Fetch_fail("https://erratique.ch/software/jsonm/releases/jsonm-1.0.2.tbz (Curl failed: \"/usr/bin/curl --write-out %{http_code}\\\\n --retry 3 --retry-delay 2 --user-agent opam/2.2.0~beta3~dev -L -o /home/opam/.opam/4.14/.opam-switch/sources/jsonm.1.0.2/jsonm-1.0.2.tbz.part -- https://erratique.ch/software/jsonm/releases/jsonm-1.0.2.tbz\" exited with code 6)")

#=== ERROR while fetching sources for ipaddr.2.9.0 ============================#
OpamSolution.Fetch_fail("https://github.com/mirage/ocaml-ipaddr/releases/download/2.9.0/ipaddr-2.9.0.tbz (Curl failed: \"/usr/bin/curl --write-out %{http_code}\\\\n --retry 3 --retry-delay 2 --user-agent opam/2.2.0~beta3~dev -L -o /home/opam/.opam/4.14/.opam-switch/sources/ipaddr.2.9.0/ipaddr-2.9.0.tbz.part -- https://github.com/mirage/ocaml-ipaddr/releases/download/2.9.0/ipaddr-2.9.0.tbz\" exited with code 6)")

#=== ERROR while fetching sources for current.0.5 =============================#
OpamSolution.Fetch_fail("https://github.com/ocurrent/ocurrent/releases/download/v0.5/current-v0.5.tbz (Curl failed: \"/usr/bin/curl --write-out %{http_code}\\\\n --retry 3 --retry-delay 2 --user-agent opam/2.2.0~beta3~dev -L -o /home/opam/.opam/4.14/.opam-switch/sources/current.0.5/current-v0.5.tbz.part -- https://github.com/ocurrent/ocurrent/releases/download/v0.5/current-v0.5.tbz\" exited with code 6)")

#=== ERROR while fetching sources for conduit.1.3.0, conduit-lwt.1.3.0 and conduit-lwt-unix.1.3.0 
OpamSolution.Fetch_fail("https://github.com/mirage/ocaml-conduit/releases/download/v1.3.0/conduit-v1.3.0.tbz (Curl failed: \"/usr/bin/curl --write-out %{http_code}\\\\n --retry 3 --retry-delay 2 --user-agent opam/2.2.0~beta3~dev -L -o /tmp/opam-7-99c264/conduit-v1.3.0.tbz.part -- https://github.com/mirage/ocaml-conduit/releases/download/v1.3.0/conduit-v1.3.0.tbz\" exited with code 6)")

#=== ERROR while fetching sources for cohttp.4.0.0, cohttp-lwt.4.0.0 and cohttp-lwt-unix.4.0.0 
OpamSolution.Fetch_fail("https://github.com/mirage/ocaml-cohttp/releases/download/v4.0.0/cohttp-v4.0.0.tbz (Curl failed: \"/usr/bin/curl --write-out %{http_code}\\\\n --retry 3 --retry-delay 2 --user-agent opam/2.2.0~beta3~dev -L -o /tmp/opam-7-44597f/cohttp-v4.0.0.tbz.part -- https://github.com/mirage/ocaml-cohttp/releases/download/v4.0.0/cohttp-v4.0.0.tbz\" exited with code 6)")

#=== ERROR while fetching sources for base64.3.5.1 ============================#
OpamSolution.Fetch_fail("https://github.com/mirage/ocaml-base64/releases/download/v3.5.1/base64-3.5.1.tbz (Curl failed: \"/usr/bin/curl --write-out %{http_code}\\\\n --retry 3 --retry-delay 2 --user-agent opam/2.2.0~beta3~dev -L -o /home/opam/.opam/4.14/.opam-switch/sources/base64.3.5.1/base64-3.5.1.tbz.part -- https://github.com/mirage/ocaml-base64/releases/download/v3.5.1/base64-3.5.1.tbz\" exited with code 6)")

#=== ERROR while fetching sources for base.v0.14.3 ============================#
OpamSolution.Fetch_fail("https://github.com/janestreet/base/archive/v0.14.3.tar.gz (Curl failed: \"/usr/bin/curl --write-out %{http_code}\\\\n --retry 3 --retry-delay 2 --user-agent opam/2.2.0~beta3~dev -L -o /home/opam/.opam/4.14/.opam-switch/sources/base.v0.14.3/v0.14.3.tar.gz.part -- https://github.com/janestreet/base/archive/v0.14.3.tar.gz\" exited with code 6)")

#=== ERROR while fetching sources for alcotest.1.6.0 and alcotest-lwt.1.6.0 ===#
OpamSolution.Fetch_fail("https://github.com/mirage/alcotest/releases/download/1.6.0/alcotest-1.6.0.tbz (Curl failed: \"/usr/bin/curl --write-out %{http_code}\\\\n --retry 3 --retry-delay 2 --user-agent opam/2.2.0~beta3~dev -L -o /tmp/opam-7-fc690e/alcotest-1.6.0.tbz.part -- https://github.com/mirage/alcotest/releases/download/1.6.0/alcotest-1.6.0.tbz\" exited with code 6)")


<><> Error report <><><><><><><><><><><><><><><><><><><><><><><><><><><><><><><>
+- The following actions were aborted
| - remove ppxlib     0.32.1
| - remove prometheus 1.2
| - remove sexplib0   v0.17.0
+- 
+- The following actions failed
| - fetch alcotest.1.6.0, alcotest-lwt.1.6.0                       
| - fetch base                                                     v0.14.3
| - fetch base64                                                   3.5.1
| - fetch cohttp.4.0.0, cohttp-lwt.4.0.0, cohttp-lwt-unix.4.0.0    
| - fetch conduit.1.3.0, conduit-lwt.1.3.0, conduit-lwt-unix.1.3.0 
| - fetch current                                                  0.5
| - fetch ipaddr                                                   2.9.0
| - fetch jsonm                                                    1.0.2
| - fetch magic-mime                                               1.3.1
| - fetch num                                                      1.5
| - fetch ocaml-syntax-shims                                       1.0.0
| - fetch parsexp                                                  v0.14.2
| - fetch ppx_deriving                                             5.2.1
| - fetch ppx_sexp_conv                                            v0.14.3
| - fetch ppxlib                                                   0.25.1
| - fetch prometheus.1.1, prometheus-app.1.1                       
| - fetch sexplib                                                  v0.14.0
| - fetch sexplib0                                                 v0.14.0
| - fetch stringext                                                1.6.0
| - fetch uri.3.1.0, uri-sexp.3.1.0                                
| - fetch uutf                                                     1.0.3
+- 
- No changes have been performed
# Run eval $(opam env) to update the current shell environment
'opam reinstall --with-test --verbose current.0.5' failed.
"/usr/bin/env" "bash" "-c" "opam reinstall --with-test --verbose current.0.5;
        res=$?;
        test "$res" != 31 && exit "$res";
        export OPAMCLI=2.0;
        build_dir=$(opam var prefix)/.opam-switch/build;
        failed=$(ls "$build_dir");
        partial_fails="";
        for pkg in $failed; do
          if opam show -f x-ci-accept-failures: "$pkg" | grep -qF "\"debian-12\""; then
            echo "A package failed and has been disabled for CI using the 'x-ci-accept-failures' field.";
          fi;
          test "$pkg" != 'current.0.5' && partial_fails="$partial_fails $pkg";
        done;
        test "${partial_fails}" != "" && echo "opam-repo-ci detected dependencies failing: ${partial_fails}";
        exit 1" failed with exit status 40
2024-05-25 03:19.16: Job failed: Failed: Build failed
2024-05-25 03:19.16: Log analysis:
2024-05-25 03:19.16: >>> 
[ERROR] Sorry, resolution of the request timed out.
 (score = 20)
2024-05-25 03:19.16: >>> 
[ERROR] Failed to get sources of alcotest.1.6.0, alcotest-lwt.1.6.0 (https://github.com/mirage/alcotest/releases/download/1.6.0/alcotest-1.6.0.tbz): Curl failed
 (score = 25)
2024-05-25 03:19.16: >>> 
[ERROR] Failed to get sources of base.v0.14.3: Curl failed
 (score = 25)
2024-05-25 03:19.16: >>> 
[ERROR] Failed to get sources of base64.3.5.1: Curl failed
 (score = 25)
2024-05-25 03:19.16: >>> 
[ERROR] Failed to get sources of cohttp.4.0.0, cohttp-lwt.4.0.0, cohttp-lwt-unix.4.0.0 (https://github.com/mirage/ocaml-cohttp/releases/download/v4.0.0/cohttp-v4.0.0.tbz): Curl failed
 (score = 25)
2024-05-25 03:19.16: >>> 
[ERROR] Failed to get sources of conduit.1.3.0, conduit-lwt.1.3.0, conduit-lwt-unix.1.3.0 (https://github.com/mirage/ocaml-conduit/releases/download/v1.3.0/conduit-v1.3.0.tbz): Curl failed
 (score = 25)
2024-05-25 03:19.16: >>> 
[ERROR] Failed to get sources of current.0.5: Curl failed
 (score = 25)
2024-05-25 03:19.16: >>> 
[ERROR] Failed to get sources of ipaddr.2.9.0: Curl failed
 (score = 25)
2024-05-25 03:19.16: >>> 
[ERROR] Failed to get sources of jsonm.1.0.2: Curl failed
 (score = 25)
2024-05-25 03:19.16: >>> 
[ERROR] Failed to get sources of magic-mime.1.3.1: Curl failed
 (score = 25)
2024-05-25 03:19.16: >>> 
[ERROR] Failed to get sources of num.1.5: Curl failed
 (score = 25)
2024-05-25 03:19.16: >>> 
[ERROR] Failed to get sources of ocaml-syntax-shims.1.0.0: Curl failed
 (score = 25)
2024-05-25 03:19.16: >>> 
[ERROR] Failed to get sources of parsexp.v0.14.2: Curl failed
 (score = 25)
2024-05-25 03:19.16: >>> 
[ERROR] Failed to get sources of ppx_deriving.5.2.1: Curl failed
 (score = 25)
2024-05-25 03:19.16: >>> 
[ERROR] Failed to get sources of ppx_sexp_conv.v0.14.3: Curl failed
 (score = 25)
2024-05-25 03:19.16: >>> 
[ERROR] Failed to get sources of ppxlib.0.25.1: Curl failed
 (score = 25)
2024-05-25 03:19.16: >>> 
[ERROR] Failed to get sources of prometheus.1.1, prometheus-app.1.1 (https://github.com/mirage/prometheus/releases/download/v1.1/prometheus-v1.1.tbz): Curl failed
 (score = 25)
2024-05-25 03:19.16: >>> 
[ERROR] Failed to get sources of sexplib.v0.14.0: Curl failed
 (score = 25)
2024-05-25 03:19.16: >>> 
[ERROR] Failed to get sources of sexplib0.v0.14.0: Curl failed
 (score = 25)
2024-05-25 03:19.16: >>> 
[ERROR] Failed to get sources of stringext.1.6.0: Curl failed
 (score = 25)
2024-05-25 03:19.16: >>> 
[ERROR] Failed to get sources of uri.3.1.0, uri-sexp.3.1.0 (https://github.com/mirage/ocaml-uri/releases/download/v3.1.0/uri-v3.1.0.tbz): Curl failed
 (score = 25)
2024-05-25 03:19.16: >>> 
[ERROR] Failed to get sources of uutf.1.0.3: Curl failed
 (score = 25)
2024-05-25 03:19.16: Failed to get sources of alcotest.1.6.0, alcotest-lwt.1.6.0 (https://github.com/mirage/alcotest/releases/download/1.6.0/alcotest-1.6.0.tbz): Curl failed
