2024-05-24 22:47.05: New job: test current_ocluster.0.3.0 with ppx_deriving.6.0.2, using opam dev
                              from https://github.com/ocaml/opam-repository.git#refs/pull/25918/head (20dee918203c441ff3ed79352628b2c69d7f991f)
                              on debian-12-ocaml-4.14/amd64

To reproduce locally:

cd $(mktemp -d)
git clone --recursive "https://github.com/ocaml/opam-repository.git" && cd "opam-repository" && git fetch origin "refs/pull/25918/head" && git reset --hard 20dee918
git fetch origin master
git merge --no-edit 6ed19e325e5016a43606d8073ca73998f9ebf68f
cat > ../Dockerfile <<'END-OF-DOCKERFILE'
[34mFROM ocaml/opam:debian-12-ocaml-4.14@sha256:575952ac1a1b71568d969fe2b9788c1516c1252dda6ccffdc995036cc8cc9e3b
USER 1000:1000
WORKDIR /home/opam
RUN sudo ln -f /usr/bin/opam-dev /usr/bin/opam
RUN opam init --reinit -ni
RUN uname -rs && opam exec -- ocaml -version && opam --version
ENV OPAMDOWNLOADJOBS="1"
ENV OPAMERRLOGLEN="0"
ENV OPAMSOLVERTIMEOUT="500"
ENV OPAMPRECISETRACKING="1"
ENV CI="true"
ENV OPAM_REPO_CI="true"
RUN rm -rf opam-repository/
COPY --chown=1000:1000 . opam-repository/
RUN opam repository set-url --strict default opam-repository/
RUN opam update --depexts || true
RUN opam pin add -k version -yn ppx_deriving.6.0.2 6.0.2
RUN opam reinstall ppx_deriving.6.0.2; \
    res=$?; \
    test "$res" != 31 && exit "$res"; \
    export OPAMCLI=2.0; \
    build_dir=$(opam var prefix)/.opam-switch/build; \
    failed=$(ls "$build_dir"); \
    partial_fails=""; \
    for pkg in $failed; do \
    if opam show -f x-ci-accept-failures: "$pkg" | grep -qF "\"debian-12\""; then \
    echo "A package failed and has been disabled for CI using the 'x-ci-accept-failures' field."; \
    fi; \
    test "$pkg" != 'ppx_deriving.6.0.2' && partial_fails="$partial_fails $pkg"; \
    done; \
    test "${partial_fails}" != "" && echo "opam-repo-ci detected dependencies failing: ${partial_fails}"; \
    exit 1
RUN opam reinstall current_ocluster.0.3.0; \
    res=$?; \
    test "$res" != 31 && exit "$res"; \
    export OPAMCLI=2.0; \
    build_dir=$(opam var prefix)/.opam-switch/build; \
    failed=$(ls "$build_dir"); \
    partial_fails=""; \
    for pkg in $failed; do \
    if opam show -f x-ci-accept-failures: "$pkg" | grep -qF "\"debian-12\""; then \
    echo "A package failed and has been disabled for CI using the 'x-ci-accept-failures' field."; \
    fi; \
    test "$pkg" != 'current_ocluster.0.3.0' && partial_fails="$partial_fails $pkg"; \
    done; \
    test "${partial_fails}" != "" && echo "opam-repo-ci detected dependencies failing: ${partial_fails}"; \
    exit 1
RUN (opam reinstall --with-test current_ocluster.0.3.0) || true
RUN opam reinstall --with-test --verbose current_ocluster.0.3.0; \
    res=$?; \
    test "$res" != 31 && exit "$res"; \
    export OPAMCLI=2.0; \
    build_dir=$(opam var prefix)/.opam-switch/build; \
    failed=$(ls "$build_dir"); \
    partial_fails=""; \
    for pkg in $failed; do \
    if opam show -f x-ci-accept-failures: "$pkg" | grep -qF "\"debian-12\""; then \
    echo "A package failed and has been disabled for CI using the 'x-ci-accept-failures' field."; \
    fi; \
    test "$pkg" != 'current_ocluster.0.3.0' && partial_fails="$partial_fails $pkg"; \
    done; \
    test "${partial_fails}" != "" && echo "opam-repo-ci detected dependencies failing: ${partial_fails}"; \
    exit 1
[0m
END-OF-DOCKERFILE
docker build -f ../Dockerfile .

2024-05-24 22:47.05: Using cache hint "ocaml/opam:debian-12-ocaml-4.14@sha256:575952ac1a1b71568d969fe2b9788c1516c1252dda6ccffdc995036cc8cc9e3b-ppx_deriving.6.0.2-current_ocluster.0.3.0-20dee918203c441ff3ed79352628b2c69d7f991f"
2024-05-24 22:47.05: Using OBuilder spec:
((from ocaml/opam:debian-12-ocaml-4.14@sha256:575952ac1a1b71568d969fe2b9788c1516c1252dda6ccffdc995036cc8cc9e3b)
 (user (uid 1000) (gid 1000))
 (workdir /home/opam)
 (run (shell "sudo ln -f /usr/bin/opam-dev /usr/bin/opam"))
 (run (network host)
      (shell "opam init --reinit --config .opamrc-sandbox -ni"))
 (run (shell "uname -rs && opam exec -- ocaml -version && opam --version"))
 (env OPAMDOWNLOADJOBS 1)
 (env OPAMERRLOGLEN 0)
 (env OPAMSOLVERTIMEOUT 500)
 (env OPAMPRECISETRACKING 1)
 (env CI true)
 (env OPAM_REPO_CI true)
 (run (shell "rm -rf opam-repository/"))
 (copy (src .) (dst opam-repository/))
 (run (shell "opam repository set-url --strict default opam-repository/"))
 (run (network host)
      (shell "opam update --depexts || true"))
 (run (shell "opam pin add -k version -yn ppx_deriving.6.0.2 6.0.2"))
 (run (cache (opam-archives (target /home/opam/.opam/download-cache)))
      (network host)
      (shell  "opam reinstall ppx_deriving.6.0.2;\
             \n        res=$?;\
             \n        test \"$res\" != 31 && exit \"$res\";\
             \n        export OPAMCLI=2.0;\
             \n        build_dir=$(opam var prefix)/.opam-switch/build;\
             \n        failed=$(ls \"$build_dir\");\
             \n        partial_fails=\"\";\
             \n        for pkg in $failed; do\
             \n          if opam show -f x-ci-accept-failures: \"$pkg\" | grep -qF \"\\\"debian-12\\\"\"; then\
             \n            echo \"A package failed and has been disabled for CI using the 'x-ci-accept-failures' field.\";\
             \n          fi;\
             \n          test \"$pkg\" != 'ppx_deriving.6.0.2' && partial_fails=\"$partial_fails $pkg\";\
             \n        done;\
             \n        test \"${partial_fails}\" != \"\" && echo \"opam-repo-ci detected dependencies failing: ${partial_fails}\";\
             \n        exit 1"))
 (run (cache (opam-archives (target /home/opam/.opam/download-cache)))
      (network host)
      (shell  "opam reinstall current_ocluster.0.3.0;\
             \n        res=$?;\
             \n        test \"$res\" != 31 && exit \"$res\";\
             \n        export OPAMCLI=2.0;\
             \n        build_dir=$(opam var prefix)/.opam-switch/build;\
             \n        failed=$(ls \"$build_dir\");\
             \n        partial_fails=\"\";\
             \n        for pkg in $failed; do\
             \n          if opam show -f x-ci-accept-failures: \"$pkg\" | grep -qF \"\\\"debian-12\\\"\"; then\
             \n            echo \"A package failed and has been disabled for CI using the 'x-ci-accept-failures' field.\";\
             \n          fi;\
             \n          test \"$pkg\" != 'current_ocluster.0.3.0' && partial_fails=\"$partial_fails $pkg\";\
             \n        done;\
             \n        test \"${partial_fails}\" != \"\" && echo \"opam-repo-ci detected dependencies failing: ${partial_fails}\";\
             \n        exit 1"))
 (run (network host)
      (shell "(opam reinstall --with-test current_ocluster.0.3.0) || true"))
 (run (shell  "opam reinstall --with-test --verbose current_ocluster.0.3.0;\
             \n        res=$?;\
             \n        test \"$res\" != 31 && exit \"$res\";\
             \n        export OPAMCLI=2.0;\
             \n        build_dir=$(opam var prefix)/.opam-switch/build;\
             \n        failed=$(ls \"$build_dir\");\
             \n        partial_fails=\"\";\
             \n        for pkg in $failed; do\
             \n          if opam show -f x-ci-accept-failures: \"$pkg\" | grep -qF \"\\\"debian-12\\\"\"; then\
             \n            echo \"A package failed and has been disabled for CI using the 'x-ci-accept-failures' field.\";\
             \n          fi;\
             \n          test \"$pkg\" != 'current_ocluster.0.3.0' && partial_fails=\"$partial_fails $pkg\";\
             \n        done;\
             \n        test \"${partial_fails}\" != \"\" && echo \"opam-repo-ci detected dependencies failing: ${partial_fails}\";\
             \n        exit 1"))
)

2024-05-24 22:47.05: Waiting for resource in pool OCluster
2024-05-25 09:59.13: Waiting for workerâ€¦
2024-05-25 10:01.39: Got resource from pool OCluster
Building on x86-bm-c6.sw.ocaml.org
All commits already cached
Updating files:  68% (23306/33801)Updating files:  69% (23323/33801)Updating files:  70% (23661/33801)Updating files:  71% (23999/33801)Updating files:  72% (24337/33801)Updating files:  73% (24675/33801)Updating files:  74% (25013/33801)Updating files:  75% (25351/33801)Updating files:  76% (25689/33801)Updating files:  77% (26027/33801)Updating files:  78% (26365/33801)Updating files:  79% (26703/33801)Updating files:  80% (27041/33801)Updating files:  81% (27379/33801)Updating files:  82% (27717/33801)Updating files:  83% (28055/33801)Updating files:  84% (28393/33801)Updating files:  85% (28731/33801)Updating files:  86% (29069/33801)Updating files:  87% (29407/33801)Updating files:  88% (29745/33801)Updating files:  89% (30083/33801)Updating files:  90% (30421/33801)Updating files:  91% (30759/33801)Updating files:  92% (31097/33801)Updating files:  93% (31435/33801)Updating files:  94% (31773/33801)Updating files:  95% (32111/33801)Updating files:  96% (32449/33801)Updating files:  97% (32787/33801)Updating files:  98% (33125/33801)Updating files:  99% (33463/33801)Updating files: 100% (33801/33801)Updating files: 100% (33801/33801), done.
HEAD is now at 6ed19e325e Merge pull request #25878 from raphael-proust/alt-ergo-not-bytecode-only
Merge made by the 'ort' strategy.
 packages/pa_ppx/pa_ppx.0.10/opam              |  2 +-
 packages/pa_ppx/pa_ppx.0.11/opam              |  2 +-
 packages/pa_ppx/pa_ppx.0.12/opam              |  2 +-
 packages/pa_ppx/pa_ppx.0.13/opam              |  2 +-
 packages/pa_ppx/pa_ppx.0.14/opam              |  2 +-
 packages/ppx_deriving/ppx_deriving.6.0.2/opam | 39 +++++++++++++++++++++++++++
 6 files changed, 44 insertions(+), 5 deletions(-)
 create mode 100644 packages/ppx_deriving/ppx_deriving.6.0.2/opam

[01;34m(from ocaml/opam:debian-12-ocaml-4.14@sha256:575952ac1a1b71568d969fe2b9788c1516c1252dda6ccffdc995036cc8cc9e3b)[0m
Unable to find image 'ocaml/opam:debian-12-ocaml-4.14@sha256:575952ac1a1b71568d969fe2b9788c1516c1252dda6ccffdc995036cc8cc9e3b' locally
docker.io/ocaml/opam@sha256:575952ac1a1b71568d969fe2b9788c1516c1252dda6ccffdc995036cc8cc9e3b: Pulling from ocaml/opam
d8f8273aa989: Pulling fs layer
d8f8273aa989: Verifying Checksum
d8f8273aa989: Download complete
d8f8273aa989: Pull complete
Digest: sha256:575952ac1a1b71568d969fe2b9788c1516c1252dda6ccffdc995036cc8cc9e3b
Status: Downloaded newer image for ocaml/opam@sha256:575952ac1a1b71568d969fe2b9788c1516c1252dda6ccffdc995036cc8cc9e3b
[01;2m[01;35m2024-05-25 10:01.42 ---> using "b70a2807c2cfb3c5680f4fafeddd66a33d7dcdd9d48b1543e8642b8df113fdbf" from cache[0m

[01;34m/: (user (uid 1000) (gid 1000))[0m

[01;34m/: (workdir /home/opam)[0m

[01;34m/home/opam: (run (shell "sudo ln -f /usr/bin/opam-dev /usr/bin/opam"))[0m
[01;2m[01;35m2024-05-25 10:01.42 ---> using "c36f90ecff164603a21017340adb790a2f028b93271d75cce805aa2725f2c474" from cache[0m

[01;34m/home/opam: (run (network host)
                 (shell "opam init --reinit --config .opamrc-sandbox -ni"))[0m
Configuring from /home/opam/.opamrc-sandbox, then /home/opam/.opamrc, and finally from built-in defaults.
Checking for available remotes: rsync and local, git.
  - you won't be able to use mercurial repositories unless you install the hg command on your system.
  - you won't be able to use darcs repositories unless you install the darcs command on your system.

This development version of opam requires an update to the layout of /home/opam/.opam from version 2.0 to version 2.2~beta, which can't be reverted.
You may want to back it up before going further.

Continue? [y/n] y
[NOTE] The 'jobs' option was reset, its value was 39 and its new value will vary according to the current number of cores on your machine. You can restore the fixed value using:
           opam option jobs=39 --global
Format upgrade done.

<><> Updating repositories ><><><><><><><><><><><><><><><><><><><><><><><><><><>
[default] synchronised from file:///home/opam/opam-repository
[01;2m[01;35m2024-05-25 10:01.42 ---> using "41ba59c52c751987091a990bfc68743f47f1d48b58a0242e92679239747c0a38" from cache[0m

[01;34m/home/opam: (run (shell "uname -rs && opam exec -- ocaml -version && opam --version"))[0m
Linux 5.15.0-107-generic
The OCaml toplevel, version 4.14.2
2.2.0~beta3~dev
[01;2m[01;35m2024-05-25 10:01.42 ---> using "43177bf724d2ad14c3885c9e8604bf82de09a17c5632804082eaf00f00843b27" from cache[0m

[01;34m/home/opam: (env OPAMDOWNLOADJOBS 1)[0m

[01;34m/home/opam: (env OPAMERRLOGLEN 0)[0m

[01;34m/home/opam: (env OPAMSOLVERTIMEOUT 500)[0m

[01;34m/home/opam: (env OPAMPRECISETRACKING 1)[0m

[01;34m/home/opam: (env CI true)[0m

[01;34m/home/opam: (env OPAM_REPO_CI true)[0m

[01;34m/home/opam: (run (shell "rm -rf opam-repository/"))[0m
[01;2m[01;35m2024-05-25 10:01.42 ---> using "dc5d5a1631518083bf7b71a8bbeb70067bb1c0e264ce14940be3414232922413" from cache[0m

[01;34m/home/opam: (copy (src .) (dst opam-repository/))[0m
[01;2m[01;35m2024-05-25 10:01.44 ---> using "47338528f98af7e34035a7f99a11d33f3067c3e794d0ce23cae7b2469fa38f60" from cache[0m

[01;34m/home/opam: (run (shell "opam repository set-url --strict default opam-repository/"))[0m
[default] Initialised
[01;2m[01;35m2024-05-25 10:01.44 ---> using "a2c8079107613f17614e23724ecc437108128d6cc06d1d26b76284709a5b1221" from cache[0m

[01;34m/home/opam: (run (network host)
                 (shell "opam update --depexts || true"))[0m
+ /usr/bin/sudo "apt-get" "update"
- Hit:1 http://deb.debian.org/debian bookworm InRelease
- Get:2 http://deb.debian.org/debian bookworm-updates InRelease [55.4 kB]
- Get:3 http://deb.debian.org/debian-security bookworm-security InRelease [48.0 kB]
- Get:4 http://deb.debian.org/debian-security bookworm-security/main amd64 Packages [157 kB]
- Fetched 260 kB in 1s (502 kB/s)
- Reading package lists...
- 
[01;2m[01;35m2024-05-25 10:01.44 ---> using "6ed3cd0311d39dc5d9b3684269ec9f7a1438b244c777adfbd4c58c9d3090d9e2" from cache[0m

[01;34m/home/opam: (run (shell "opam pin add -k version -yn ppx_deriving.6.0.2 6.0.2"))[0m
ppx_deriving is now pinned to version 6.0.2
[01;2m[01;35m2024-05-25 10:01.44 ---> using "e14f3dc5bdf54f9eef440a0bb2b85b47f1212fe14bc581463172ab5d18163f71" from cache[0m

[01;34m/home/opam: (run (cache (opam-archives (target /home/opam/.opam/download-cache)))
                 (network host)
                 (shell  "opam reinstall ppx_deriving.6.0.2;\
                        \n        res=$?;\
                        \n        test \"$res\" != 31 && exit \"$res\";\
                        \n        export OPAMCLI=2.0;\
                        \n        build_dir=$(opam var prefix)/.opam-switch/build;\
                        \n        failed=$(ls \"$build_dir\");\
                        \n        partial_fails=\"\";\
                        \n        for pkg in $failed; do\
                        \n          if opam show -f x-ci-accept-failures: \"$pkg\" | grep -qF \"\\\"debian-12\\\"\"; then\
                        \n            echo \"A package failed and has been disabled for CI using the 'x-ci-accept-failures' field.\";\
                        \n          fi;\
                        \n          test \"$pkg\" != 'ppx_deriving.6.0.2' && partial_fails=\"$partial_fails $pkg\";\
                        \n        done;\
                        \n        test \"${partial_fails}\" != \"\" && echo \"opam-repo-ci detected dependencies failing: ${partial_fails}\";\
                        \n        exit 1"))[0m
ppx_deriving.6.0.2 is not installed. Install it? [y/n] y
The following actions will be performed:
=== install 9 packages
  - install cppo                1.6.9          [required by ppx_deriving]
  - install dune                3.15.2         [required by ppx_deriving]
  - install ocaml-compiler-libs v0.12.4        [required by ppxlib]
  - install ocamlfind           1.9.6          [required by ppx_deriving]
  - install ppx_derivers        1.2.1          [required by ppx_deriving]
  - install ppx_deriving        6.0.2 (pinned)
  - install ppxlib              0.32.1         [required by ppx_deriving]
  - install sexplib0            v0.17.0        [required by ppxlib]
  - install stdlib-shims        0.3.0          [required by ppxlib]

<><> Processing actions <><><><><><><><><><><><><><><><><><><><><><><><><><><><>
-> retrieved cppo.1.6.9  (cached)
-> retrieved dune.3.15.2  (cached)
-> retrieved ocaml-compiler-libs.v0.12.4  (cached)
-> retrieved ocamlfind.1.9.6  (cached)
-> retrieved ppx_derivers.1.2.1  (cached)
-> retrieved ppx_deriving.6.0.2  (cached)
-> retrieved ppxlib.0.32.1  (cached)
-> retrieved sexplib0.v0.17.0  (cached)
-> retrieved stdlib-shims.0.3.0  (cached)
-> installed ocamlfind.1.9.6
-> installed dune.3.15.2
-> installed ppx_derivers.1.2.1
-> installed stdlib-shims.0.3.0
-> installed sexplib0.v0.17.0
-> installed ocaml-compiler-libs.v0.12.4
-> installed cppo.1.6.9
-> installed ppxlib.0.32.1
-> installed ppx_deriving.6.0.2
Done.
# Run eval $(opam env) to update the current shell environment
[01;2m[01;35m2024-05-25 10:01.44 ---> using "1b9cdf5053b7146cf7796961e87aacf81eb8d0c11886dd98b19457b6868283d8" from cache[0m

[01;34m/home/opam: (run (cache (opam-archives (target /home/opam/.opam/download-cache)))
                 (network host)
                 (shell  "opam reinstall current_ocluster.0.3.0;\
                        \n        res=$?;\
                        \n        test \"$res\" != 31 && exit \"$res\";\
                        \n        export OPAMCLI=2.0;\
                        \n        build_dir=$(opam var prefix)/.opam-switch/build;\
                        \n        failed=$(ls \"$build_dir\");\
                        \n        partial_fails=\"\";\
                        \n        for pkg in $failed; do\
                        \n          if opam show -f x-ci-accept-failures: \"$pkg\" | grep -qF \"\\\"debian-12\\\"\"; then\
                        \n            echo \"A package failed and has been disabled for CI using the 'x-ci-accept-failures' field.\";\
                        \n          fi;\
                        \n          test \"$pkg\" != 'current_ocluster.0.3.0' && partial_fails=\"$partial_fails $pkg\";\
                        \n        done;\
                        \n        test \"${partial_fails}\" != \"\" && echo \"opam-repo-ci detected dependencies failing: ${partial_fails}\";\
                        \n        exit 1"))[0m
current_ocluster.0.3.0 is not installed. Install it? [y/n] y
The following actions will be performed:
=== downgrade 1 package
  - downgrade sexplib0              v0.17.0 to v0.16.0 [required by base, mirage-crypto-pk]
=== recompile 2 packages
  - recompile ppx_deriving          6.0.2 (pinned)     [uses ppxlib]
  - recompile ppxlib                0.32.1             [uses sexplib0]
=== install 89 packages
  - install   angstrom              0.16.0             [required by uri]
  - install   asetmap               0.8.1              [required by capnp-rpc-net]
  - install   asn1-combinators      0.2.6              [required by capnp-rpc-net]
  - install   astring               0.8.5              [required by current, capnp-rpc-unix, current_git]
  - install   base                  v0.16.3            [required by capnp]
  - install   base-bytes            base               [required by extunix]
  - install   base64                3.5.1              [required by capnp-rpc-unix]
  - install   bigarray-compat       1.1.0              [required by ctypes]
  - install   bigstringaf           0.9.1              [required by angstrom]
  - install   bos                   0.2.1              [required by current, current_git]
  - install   capnp                 3.6.0              [required by capnp-rpc-net]
  - install   capnp-rpc             1.2.3              [required by capnp-rpc-net]
  - install   capnp-rpc-lwt         1.2.3              [required by ocluster-api]
  - install   capnp-rpc-net         1.2.3              [required by capnp-rpc-unix]
  - install   capnp-rpc-unix        1.2.3              [required by current_ocluster]
  - install   cf                    0.5.0              [required by cf-lwt]
  - install   cf-lwt                0.5.0              [required by irmin-watcher]
  - install   cmdliner              1.3.0              [required by capnp-rpc-unix, current]
  - install   conf-bash             1                  [required by base]
  - install   conf-capnproto        2                  [required by capnp-rpc-net]
  - install   conf-git              1.1                [required by current_git]
  - install   conf-gmp              4                  [required by zarith]
  - install   conf-gmp-powm-sec     3                  [required by mirage-crypto-pk]
  - install   conf-libev            4-12               [required by current]
  - install   conf-libffi           2.0.0              [required by ctypes-foreign]
  - install   conf-pkg-config       3                  [required by conf-sqlite3]
  - install   conf-sqlite3          1                  [required by sqlite3]
  - install   csexp                 1.5.2              [required by dune-configurator]
  - install   cstruct               6.2.0              [required by current_git]
  - install   cstruct-lwt           6.2.0              [required by capnp-rpc-unix]
  - install   ctypes                0.22.0             [required by cf, fsevents]
  - install   ctypes-foreign        0.22.0             [required by cf]
  - install   current               0.6.6              [required by current_ocluster]
  - install   current_git           0.6.6              [required by current_ocluster]
  - install   current_incr          0.6.1              [required by current]
  - install   current_ocluster      0.3.0
  - install   domain-name           0.4.0              [required by tls]
  - install   dune-configurator     3.15.2             [required by extunix, sqlite3]
  - install   duration              0.2.1              [required by current_ocluster]
  - install   eqaf                  0.9                [required by mirage-crypto]
  - install   extunix               0.4.1              [required by capnp-rpc-unix]
  - install   fmt                   0.9.0              [required by current_ocluster]
  - install   fpath                 0.7.3              [required by current, current_git]
  - install   fsevents              0.3.0              [required by fsevents-lwt]
  - install   fsevents-lwt          0.3.0              [required by irmin-watcher]
  - install   gmap                  0.3.0              [required by x509]
  - install   hkdf                  1.0.4              [required by tls]
  - install   inotify               2.5                [required by irmin-watcher]
  - install   integers              0.7.0              [required by ctypes]
  - install   ipaddr                5.6.0              [required by tls]
  - install   irmin-watcher         0.5.0              [required by current_git]
  - install   logs                  0.7.0              [required by current_ocluster]
  - install   lwt                   5.7.0              [required by current_ocluster]
  - install   lwt-dllist            1.0.1              [required by current]
  - install   macaddr               5.6.0              [required by ipaddr]
  - install   mirage-clock          4.2.0              [required by tls-mirage]
  - install   mirage-crypto         0.11.3             [required by current_git]
  - install   mirage-crypto-ec      0.11.3             [required by tls]
  - install   mirage-crypto-pk      0.11.3             [required by tls, tls-mirage]
  - install   mirage-crypto-rng     0.11.3             [required by capnp-rpc-net, mirage-crypto-rng-lwt]
  - install   mirage-crypto-rng-lwt 0.11.3             [required by capnp-rpc-unix]
  - install   mirage-flow           3.0.0              [required by capnp-rpc-unix]
  - install   mirage-kv             6.1.1              [required by tls-mirage]
  - install   mtime                 2.0.0              [required by mirage-crypto-rng-lwt]
  - install   ocaml-syntax-shims    1.0.0              [required by angstrom]
  - install   ocamlbuild            0.14.3             [required by astring, bos]
  - install   ocluster-api          0.3.0              [required by current_ocluster]
  - install   ocplib-endian         1.2                [required by capnp]
  - install   optint                0.3.0              [required by mirage-kv]
  - install   pbkdf                 1.2.0              [required by x509]
  - install   ppx_deriving_yojson   3.8.0              [required by current_ocluster]
  - install   prometheus            1.2                [required by current_ocluster]
  - install   ptime                 1.1.0              [required by capnp-rpc-net]
  - install   re                    1.11.0             [required by current]
  - install   res                   5.0.1              [required by capnp]
  - install   result                1.5                [required by current, current_git]
  - install   rresult               0.7.0              [required by bos]
  - install   seq                   base               [required by yojson]
  - install   sqlite3               5.1.0              [required by current]
  - install   stdint                0.7.2              [required by capnp-rpc, capnp, capnp-rpc-lwt]
  - install   stdio                 v0.16.0            [required by capnp]
  - install   stringext             1.6.0              [required by uri]
  - install   tls                   0.17.3             [required by capnp-rpc-net]
  - install   tls-mirage            0.17.3             [required by capnp-rpc-net]
  - install   topkg                 1.0.7              [required by astring, bos]
  - install   uri                   4.4.0              [required by capnp-rpc-net]
  - install   x509                  0.16.5             [required by capnp-rpc-net]
  - install   yojson                2.1.2              [required by current_git]
  - install   zarith                1.13               [required by asn1-combinators]

The following system packages will first need to be installed:
    capnproto libcapnp-dev libev-dev libffi-dev libgmp-dev libsqlite3-dev pkg-config

<><> Handling external dependencies <><><><><><><><><><><><><><><><><><><><><><>

opam believes some required external dependencies are missing. opam can:
> 1. Run apt-get to install them (may need root/sudo access)
  2. Display the recommended apt-get command and wait while you run it manually (e.g. in another terminal)
  3. Continue anyway, and, upon success, permanently register that this external dependency is present, but not detectable
  4. Abort the installation

[1/2/3/4] 1

+ /usr/bin/sudo "apt-get" "install" "-qq" "-yy" "capnproto" "libcapnp-dev" "libev-dev" "libffi-dev" "libgmp-dev" "libsqlite3-dev" "pkg-config"
- debconf: delaying package configuration, since apt-utils is not installed
- Selecting previously unselected package libcapnp-0.9.2:amd64.
- (Reading database ... (Reading database ... 5%(Reading database ... 10%(Reading database ... 15%(Reading database ... 20%(Reading database ... 25%(Reading database ... 30%(Reading database ... 35%(Reading database ... 40%(Reading database ... 45%(Reading database ... 50%(Reading database ... 55%(Reading database ... 60%(Reading database ... 65%(Reading database ... 70%(Reading database ... 75%(Reading database ... 80%(Reading database ... 85%(Reading database ... 90%(Reading database ... 95%(Reading database ... 100%(Reading database ... 18735 files and directories currently installed.)
- Preparing to unpack .../00-libcapnp-0.9.2_0.9.2-2_amd64.deb ...
- Unpacking libcapnp-0.9.2:amd64 (0.9.2-2) ...
- Selecting previously unselected package capnproto.
- Preparing to unpack .../01-capnproto_0.9.2-2_amd64.deb ...
- Unpacking capnproto (0.9.2-2) ...
- Selecting previously unselected package libssl-dev:amd64.
- Preparing to unpack .../02-libssl-dev_3.0.11-1~deb12u2_amd64.deb ...
- Unpacking libssl-dev:amd64 (3.0.11-1~deb12u2) ...
- Selecting previously unselected package libcapnp-dev:amd64.
- Preparing to unpack .../03-libcapnp-dev_0.9.2-2_amd64.deb ...
- Unpacking libcapnp-dev:amd64 (0.9.2-2) ...
- Selecting previously unselected package libev4:amd64.
- Preparing to unpack .../04-libev4_1%3a4.33-1_amd64.deb ...
- Unpacking libev4:amd64 (1:4.33-1) ...
- Selecting previously unselected package libev-dev:amd64.
- Preparing to unpack .../05-libev-dev_1%3a4.33-1_amd64.deb ...
- Unpacking libev-dev:amd64 (1:4.33-1) ...
- Selecting previously unselected package libffi-dev:amd64.
- Preparing to unpack .../06-libffi-dev_3.4.4-1_amd64.deb ...
- Unpacking libffi-dev:amd64 (3.4.4-1) ...
- Selecting previously unselected package libgmpxx4ldbl:amd64.
- Preparing to unpack .../07-libgmpxx4ldbl_2%3a6.2.1+dfsg1-1.1_amd64.deb ...
- Unpacking libgmpxx4ldbl:amd64 (2:6.2.1+dfsg1-1.1) ...
- Selecting previously unselected package libgmp-dev:amd64.
- Preparing to unpack .../08-libgmp-dev_2%3a6.2.1+dfsg1-1.1_amd64.deb ...
- Unpacking libgmp-dev:amd64 (2:6.2.1+dfsg1-1.1) ...
- Selecting previously unselected package libpkgconf3:amd64.
- Preparing to unpack .../09-libpkgconf3_1.8.1-1_amd64.deb ...
- Unpacking libpkgconf3:amd64 (1.8.1-1) ...
- Selecting previously unselected package libsqlite3-dev:amd64.
- Preparing to unpack .../10-libsqlite3-dev_3.40.1-2_amd64.deb ...
- Unpacking libsqlite3-dev:amd64 (3.40.1-2) ...
- Selecting previously unselected package pkgconf-bin.
- Preparing to unpack .../11-pkgconf-bin_1.8.1-1_amd64.deb ...
- Unpacking pkgconf-bin (1.8.1-1) ...
- Selecting previously unselected package pkgconf:amd64.
- Preparing to unpack .../12-pkgconf_1.8.1-1_amd64.deb ...
- Unpacking pkgconf:amd64 (1.8.1-1) ...
- Selecting previously unselected package pkg-config:amd64.
- Preparing to unpack .../13-pkg-config_1.8.1-1_amd64.deb ...
- Unpacking pkg-config:amd64 (1.8.1-1) ...
- Setting up libev4:amd64 (1:4.33-1) ...
- Setting up libffi-dev:amd64 (3.4.4-1) ...
- Setting up libpkgconf3:amd64 (1.8.1-1) ...
- Setting up libgmpxx4ldbl:amd64 (2:6.2.1+dfsg1-1.1) ...
- Setting up libsqlite3-dev:amd64 (3.40.1-2) ...
- Setting up libssl-dev:amd64 (3.0.11-1~deb12u2) ...
- Setting up pkgconf-bin (1.8.1-1) ...
- Setting up libcapnp-0.9.2:amd64 (0.9.2-2) ...
- Setting up libev-dev:amd64 (1:4.33-1) ...
- Setting up libcapnp-dev:amd64 (0.9.2-2) ...
- Setting up libgmp-dev:amd64 (2:6.2.1+dfsg1-1.1) ...
- Setting up pkgconf:amd64 (1.8.1-1) ...
- Setting up capnproto (0.9.2-2) ...
- Setting up pkg-config:amd64 (1.8.1-1) ...
- Processing triggers for libc-bin (2.36-9+deb12u7) ...

<><> Processing actions <><><><><><><><><><><><><><><><><><><><><><><><><><><><>
-> retrieved angstrom.0.16.0  (cached)
-> retrieved asetmap.0.8.1  (cached)
-> retrieved asn1-combinators.0.2.6  (cached)
-> retrieved astring.0.8.5  (cached)
-> retrieved base.v0.16.3  (cached)
-> installed base-bytes.base
-> retrieved base64.3.5.1  (cached)
-> retrieved bigarray-compat.1.1.0  (cached)
-> retrieved bigstringaf.0.9.1  (cached)
-> retrieved bos.0.2.1  (cached)
-> retrieved capnp.3.6.0  (cached)
-> retrieved capnp-rpc.1.2.3, capnp-rpc-lwt.1.2.3, capnp-rpc-net.1.2.3, capnp-rpc-unix.1.2.3  (cached)
-> retrieved cf.0.5.0, cf-lwt.0.5.0  (cached)
-> retrieved cmdliner.1.3.0  (cached)
-> installed bigarray-compat.1.1.0
-> retrieved csexp.1.5.2  (cached)
-> installed conf-bash.1
-> installed conf-capnproto.2
-> retrieved cstruct.6.2.0, cstruct-lwt.6.2.0  (cached)
-> installed conf-git.1.1
-> installed conf-gmp.4
-> installed conf-pkg-config.3
-> retrieved ctypes.0.22.0, ctypes-foreign.0.22.0  (cached)
-> installed base64.3.5.1
-> installed csexp.1.5.2
-> installed conf-gmp-powm-sec.3
-> installed conf-libffi.2.0.0
-> installed conf-sqlite3.1
-> installed conf-libev.4-12
-> retrieved current.0.6.6, current_git.0.6.6  (cached)
-> retrieved current_incr.0.6.1  (cached)
-> retrieved current_ocluster.0.3.0, ocluster-api.0.3.0  (cached)
-> retrieved domain-name.0.4.0  (cached)
-> installed current_incr.0.6.1
-> installed domain-name.0.4.0
-> retrieved dune-configurator.3.15.2  (cached)
-> retrieved duration.0.2.1  (cached)
-> retrieved eqaf.0.9  (cached)
-> retrieved extunix.0.4.1  (cached)
-> retrieved fmt.0.9.0  (cached)
-> retrieved fpath.0.7.3  (cached)
-> retrieved fsevents.0.3.0, fsevents-lwt.0.3.0  (cached)
-> retrieved gmap.0.3.0  (cached)
-> retrieved hkdf.1.0.4  (cached)
-> retrieved inotify.2.5  (cached)
-> retrieved integers.0.7.0  (cached)
-> retrieved ipaddr.5.6.0, macaddr.5.6.0  (cached)
-> installed duration.0.2.1
-> retrieved irmin-watcher.0.5.0  (cached)
-> retrieved logs.0.7.0  (cached)
-> retrieved lwt.5.7.0  (cached)
-> retrieved lwt-dllist.1.0.1  (cached)
-> retrieved mirage-clock.4.2.0  (cached)
-> installed cmdliner.1.3.0
-> installed gmap.0.3.0
-> installed integers.0.7.0
-> installed macaddr.5.6.0
-> installed dune-configurator.3.15.2
-> installed lwt-dllist.1.0.1
-> installed mirage-clock.4.2.0
-> installed bigstringaf.0.9.1
-> installed ipaddr.5.6.0
-> retrieved mirage-crypto.0.11.3, mirage-crypto-ec.0.11.3, mirage-crypto-pk.0.11.3, mirage-crypto-rng.0.11.3, mirage-crypto-rng-lwt.0.11.3  (cached)
-> retrieved mirage-flow.3.0.0  (cached)
-> retrieved mirage-kv.6.1.1  (cached)
-> retrieved mtime.2.0.0  (cached)
-> retrieved ocaml-syntax-shims.1.0.0  (cached)
-> retrieved ocamlbuild.0.14.3  (cached)
-> retrieved ocplib-endian.1.2  (cached)
-> retrieved optint.0.3.0  (cached)
-> retrieved pbkdf.1.2.0  (cached)
-> retrieved ppx_deriving_yojson.3.8.0  (cached)
-> retrieved ppxlib.0.32.1  (cached)
-> retrieved prometheus.1.2  (cached)
-> retrieved ptime.1.1.0  (cached)
-> retrieved re.1.11.0  (cached)
-> installed optint.0.3.0
-> retrieved res.5.0.1  (cached)
-> retrieved result.1.5  (cached)
-> retrieved rresult.0.7.0  (cached)
-> installed seq.base
-> installed ocplib-endian.1.2
-> retrieved sexplib0.v0.16.0  (cached)
-> retrieved sqlite3.5.1.0  (cached)
-> retrieved stdint.0.7.2  (cached)
-> retrieved stdio.v0.16.0  (cached)
-> retrieved stringext.1.6.0  (cached)
-> retrieved tls.0.17.3, tls-mirage.0.17.3  (cached)
-> retrieved topkg.1.0.7  (cached)
-> installed result.1.5
-> installed stringext.1.6.0
-> retrieved uri.4.4.0  (cached)
-> installed ocaml-syntax-shims.1.0.0
-> retrieved x509.0.16.5  (cached)
-> retrieved yojson.2.1.2  (cached)
-> retrieved zarith.1.13  (cached)
-> installed res.5.0.1
-> removed   ppx_deriving.6.0.2
-> removed   ppxlib.0.32.1
-> removed   sexplib0.v0.17.0
-> installed sexplib0.v0.16.0
-> installed angstrom.0.16.0
-> installed re.1.11.0
-> installed stdint.0.7.2
-> installed sqlite3.5.1.0
-> installed yojson.2.1.2
-> installed uri.4.4.0
-> installed lwt.5.7.0
-> installed zarith.1.13
-> installed inotify.2.5
-> installed ctypes.0.22.0
-> installed ocamlbuild.0.14.3
-> installed ctypes-foreign.0.22.0
-> installed cf.0.5.0
-> installed fsevents.0.3.0
-> installed cf-lwt.0.5.0
-> installed fsevents-lwt.0.3.0
-> installed base.v0.16.3
-> installed stdio.v0.16.0
-> installed topkg.1.0.7
-> installed asetmap.0.8.1
-> installed rresult.0.7.0
-> installed mtime.2.0.0
-> installed fmt.0.9.0
-> installed ptime.1.1.0
-> installed mirage-kv.6.1.1
-> installed astring.0.8.5
-> installed cstruct.6.2.0
-> installed prometheus.1.2
-> installed mirage-flow.3.0.0
-> installed cstruct-lwt.6.2.0
-> installed capnp.3.6.0
-> installed eqaf.0.9
-> installed asn1-combinators.0.2.6
-> installed fpath.0.7.3
-> installed logs.0.7.0
-> installed irmin-watcher.0.5.0
-> installed capnp-rpc.1.2.3
-> installed mirage-crypto.0.11.3
-> installed hkdf.1.0.4
-> installed pbkdf.1.2.0
-> installed mirage-crypto-rng.0.11.3
-> installed ppxlib.0.32.1
-> installed bos.0.2.1
-> installed mirage-crypto-rng-lwt.0.11.3
-> installed mirage-crypto-pk.0.11.3
-> installed capnp-rpc-lwt.1.2.3
-> installed ppx_deriving.6.0.2
-> installed ppx_deriving_yojson.3.8.0
-> installed mirage-crypto-ec.0.11.3
-> installed current.0.6.6
-> installed x509.0.16.5
-> installed current_git.0.6.6
-> installed extunix.0.4.1
-> installed ocluster-api.0.3.0
-> installed tls.0.17.3
-> installed tls-mirage.0.17.3
-> installed capnp-rpc-net.1.2.3
-> installed capnp-rpc-unix.1.2.3
-> installed current_ocluster.0.3.0
Done.
# Run eval $(opam env) to update the current shell environment
[01;2m[01;35m2024-05-25 10:03.37 ---> saved as "8cc442b6f4c7f832434ef1e0839b439fbc11369ef6920ea36db0cc0eee5e7936"[0m

[01;34m/home/opam: (run (network host)
                 (shell "(opam reinstall --with-test current_ocluster.0.3.0) || true"))[0m
[ERROR] Sorry, resolution of the request timed out.
        Try to specify a more precise request, use a different solver, or increase the allowed time by setting OPAMSOLVERTIMEOUT to a bigger value (currently, it is set to 500.0 seconds).
[01;2m[01;35m2024-05-25 10:12.18 ---> saved as "9277817c2781b4252c7f725aee7265cec740dabd950d53a18c30004a60e67457"[0m

[01;34m/home/opam: (run (shell  "opam reinstall --with-test --verbose current_ocluster.0.3.0;\
                        \n        res=$?;\
                        \n        test \"$res\" != 31 && exit \"$res\";\
                        \n        export OPAMCLI=2.0;\
                        \n        build_dir=$(opam var prefix)/.opam-switch/build;\
                        \n        failed=$(ls \"$build_dir\");\
                        \n        partial_fails=\"\";\
                        \n        for pkg in $failed; do\
                        \n          if opam show -f x-ci-accept-failures: \"$pkg\" | grep -qF \"\\\"debian-12\\\"\"; then\
                        \n            echo \"A package failed and has been disabled for CI using the 'x-ci-accept-failures' field.\";\
                        \n          fi;\
                        \n          test \"$pkg\" != 'current_ocluster.0.3.0' && partial_fails=\"$partial_fails $pkg\";\
                        \n        done;\
                        \n        test \"${partial_fails}\" != \"\" && echo \"opam-repo-ci detected dependencies failing: ${partial_fails}\";\
                        \n        exit 1"))[0m
[ERROR] Sorry, resolution of the request timed out.
        Try to specify a more precise request, use a different solver, or increase the allowed time by setting OPAMSOLVERTIMEOUT to a bigger value (currently, it is set to 500.0 seconds).
'opam reinstall --with-test --verbose current_ocluster.0.3.0' failed.
"/usr/bin/env" "bash" "-c" "opam reinstall --with-test --verbose current_ocluster.0.3.0;
        res=$?;
        test "$res" != 31 && exit "$res";
        export OPAMCLI=2.0;
        build_dir=$(opam var prefix)/.opam-switch/build;
        failed=$(ls "$build_dir");
        partial_fails="";
        for pkg in $failed; do
          if opam show -f x-ci-accept-failures: "$pkg" | grep -qF "\"debian-12\""; then
            echo "A package failed and has been disabled for CI using the 'x-ci-accept-failures' field.";
          fi;
          test "$pkg" != 'current_ocluster.0.3.0' && partial_fails="$partial_fails $pkg";
        done;
        test "${partial_fails}" != "" && echo "opam-repo-ci detected dependencies failing: ${partial_fails}";
        exit 1" failed with exit status 60
2024-05-25 10:21.55: Job failed: Failed: Build failed
2024-05-25 10:21.55: Log analysis:
2024-05-25 10:21.55: >>> 
[ERROR] Sorry, resolution of the request timed out.
 (score = 20)
2024-05-25 10:21.55: >>> 
[ERROR] Sorry, resolution of the request timed out.
 (score = 20)
2024-05-25 10:21.55: Sorry, resolution of the request timed out.
