2024-05-09 15:40.37: New job: test sihl-core.0.2.1, using opam dev
                              from https://github.com/ocaml/opam-repository.git#refs/pull/25818/head (11017bed0038cfa3d4f199832c2832b82d1c2dcf)
                              on oraclelinux-9-ocaml-4.14/amd64

To reproduce locally:

cd $(mktemp -d)
git clone --recursive "https://github.com/ocaml/opam-repository.git" && cd "opam-repository" && git fetch origin "refs/pull/25818/head" && git reset --hard 11017bed
git fetch origin master
git merge --no-edit eb2dcab0d89c073472e42694f435d3e33dbd24dc
cat > ../Dockerfile <<'END-OF-DOCKERFILE'
[34mFROM ocaml/opam:oraclelinux-9-ocaml-4.14@sha256:7f04d20e2a3b90034e0348c3f811479de4d35ecdee7ba8337672dff42931db9c
USER 1000:1000
WORKDIR /home/opam
RUN sudo ln -f /usr/bin/opam-dev /usr/bin/opam
RUN opam init --reinit -ni
RUN uname -rs && opam exec -- ocaml -version && opam --version
ENV OPAMDOWNLOADJOBS="1"
ENV OPAMERRLOGLEN="0"
ENV OPAMSOLVERTIMEOUT="500"
ENV OPAMPRECISETRACKING="1"
ENV CI="true"
ENV OPAM_REPO_CI="true"
RUN rm -rf opam-repository/
COPY --chown=1000:1000 . opam-repository/
RUN opam repository set-url --strict default opam-repository/
RUN opam update --depexts || true
RUN opam pin add -k version -yn sihl-core.0.2.1 0.2.1
RUN opam reinstall sihl-core.0.2.1; \
    res=$?; \
    test "$res" != 31 && exit "$res"; \
    export OPAMCLI=2.0; \
    build_dir=$(opam var prefix)/.opam-switch/build; \
    failed=$(ls "$build_dir"); \
    partial_fails=""; \
    for pkg in $failed; do \
    if opam show -f x-ci-accept-failures: "$pkg" | grep -qF "\"oraclelinux-9\""; then \
    echo "A package failed and has been disabled for CI using the 'x-ci-accept-failures' field."; \
    fi; \
    test "$pkg" != 'sihl-core.0.2.1' && partial_fails="$partial_fails $pkg"; \
    done; \
    test "${partial_fails}" != "" && echo "opam-repo-ci detected dependencies failing: ${partial_fails}"; \
    exit 1
RUN (opam reinstall --with-test sihl-core.0.2.1) || true
RUN opam reinstall --with-test --verbose sihl-core.0.2.1; \
    res=$?; \
    test "$res" != 31 && exit "$res"; \
    export OPAMCLI=2.0; \
    build_dir=$(opam var prefix)/.opam-switch/build; \
    failed=$(ls "$build_dir"); \
    partial_fails=""; \
    for pkg in $failed; do \
    if opam show -f x-ci-accept-failures: "$pkg" | grep -qF "\"oraclelinux-9\""; then \
    echo "A package failed and has been disabled for CI using the 'x-ci-accept-failures' field."; \
    fi; \
    test "$pkg" != 'sihl-core.0.2.1' && partial_fails="$partial_fails $pkg"; \
    done; \
    test "${partial_fails}" != "" && echo "opam-repo-ci detected dependencies failing: ${partial_fails}"; \
    exit 1
[0m
END-OF-DOCKERFILE
docker build -f ../Dockerfile .

2024-05-09 15:40.37: Using cache hint "ocaml/opam:oraclelinux-9-ocaml-4.14@sha256:7f04d20e2a3b90034e0348c3f811479de4d35ecdee7ba8337672dff42931db9c-sihl-core.0.2.1-11017bed0038cfa3d4f199832c2832b82d1c2dcf"
2024-05-09 15:40.37: Using OBuilder spec:
((from ocaml/opam:oraclelinux-9-ocaml-4.14@sha256:7f04d20e2a3b90034e0348c3f811479de4d35ecdee7ba8337672dff42931db9c)
 (user (uid 1000) (gid 1000))
 (workdir /home/opam)
 (run (shell "sudo ln -f /usr/bin/opam-dev /usr/bin/opam"))
 (run (network host)
      (shell "opam init --reinit --config .opamrc-sandbox -ni"))
 (run (shell "uname -rs && opam exec -- ocaml -version && opam --version"))
 (env OPAMDOWNLOADJOBS 1)
 (env OPAMERRLOGLEN 0)
 (env OPAMSOLVERTIMEOUT 500)
 (env OPAMPRECISETRACKING 1)
 (env CI true)
 (env OPAM_REPO_CI true)
 (run (shell "rm -rf opam-repository/"))
 (copy (src .) (dst opam-repository/))
 (run (shell "opam repository set-url --strict default opam-repository/"))
 (run (network host)
      (shell "opam update --depexts || true"))
 (run (shell "opam pin add -k version -yn sihl-core.0.2.1 0.2.1"))
 (run (cache (opam-archives (target /home/opam/.opam/download-cache)))
      (network host)
      (shell  "opam reinstall sihl-core.0.2.1;\
             \n        res=$?;\
             \n        test \"$res\" != 31 && exit \"$res\";\
             \n        export OPAMCLI=2.0;\
             \n        build_dir=$(opam var prefix)/.opam-switch/build;\
             \n        failed=$(ls \"$build_dir\");\
             \n        partial_fails=\"\";\
             \n        for pkg in $failed; do\
             \n          if opam show -f x-ci-accept-failures: \"$pkg\" | grep -qF \"\\\"oraclelinux-9\\\"\"; then\
             \n            echo \"A package failed and has been disabled for CI using the 'x-ci-accept-failures' field.\";\
             \n          fi;\
             \n          test \"$pkg\" != 'sihl-core.0.2.1' && partial_fails=\"$partial_fails $pkg\";\
             \n        done;\
             \n        test \"${partial_fails}\" != \"\" && echo \"opam-repo-ci detected dependencies failing: ${partial_fails}\";\
             \n        exit 1"))
 (run (network host)
      (shell "(opam reinstall --with-test sihl-core.0.2.1) || true"))
 (run (shell  "opam reinstall --with-test --verbose sihl-core.0.2.1;\
             \n        res=$?;\
             \n        test \"$res\" != 31 && exit \"$res\";\
             \n        export OPAMCLI=2.0;\
             \n        build_dir=$(opam var prefix)/.opam-switch/build;\
             \n        failed=$(ls \"$build_dir\");\
             \n        partial_fails=\"\";\
             \n        for pkg in $failed; do\
             \n          if opam show -f x-ci-accept-failures: \"$pkg\" | grep -qF \"\\\"oraclelinux-9\\\"\"; then\
             \n            echo \"A package failed and has been disabled for CI using the 'x-ci-accept-failures' field.\";\
             \n          fi;\
             \n          test \"$pkg\" != 'sihl-core.0.2.1' && partial_fails=\"$partial_fails $pkg\";\
             \n        done;\
             \n        test \"${partial_fails}\" != \"\" && echo \"opam-repo-ci detected dependencies failing: ${partial_fails}\";\
             \n        exit 1"))
)

2024-05-09 15:40.37: Waiting for resource in pool OCluster
2024-05-09 19:47.11: Waiting for workerâ€¦
2024-05-09 19:51.40: Got resource from pool OCluster
Building on x86-bm-c5.sw.ocaml.org
All commits already cached
Updating files:  48% (16205/33697)Updating files:  49% (16512/33697)Updating files:  50% (16849/33697)Updating files:  51% (17186/33697)Updating files:  52% (17523/33697)Updating files:  53% (17860/33697)Updating files:  54% (18197/33697)Updating files:  55% (18534/33697)Updating files:  56% (18871/33697)Updating files:  57% (19208/33697)Updating files:  58% (19545/33697)Updating files:  59% (19882/33697)Updating files:  60% (20219/33697)Updating files:  61% (20556/33697)Updating files:  62% (20893/33697)Updating files:  63% (21230/33697)Updating files:  64% (21567/33697)Updating files:  65% (21904/33697)Updating files:  66% (22241/33697)Updating files:  67% (22577/33697)Updating files:  68% (22914/33697)Updating files:  69% (23251/33697)Updating files:  70% (23588/33697)Updating files:  71% (23925/33697)Updating files:  72% (24262/33697)Updating files:  73% (24599/33697)Updating files:  74% (24936/33697)Updating files:  75% (25273/33697)Updating files:  76% (25610/33697)Updating files:  77% (25947/33697)Updating files:  78% (26284/33697)Updating files:  79% (26621/33697)Updating files:  80% (26958/33697)Updating files:  81% (27295/33697)Updating files:  82% (27632/33697)Updating files:  83% (27969/33697)Updating files:  84% (28306/33697)Updating files:  85% (28643/33697)Updating files:  86% (28980/33697)Updating files:  87% (29317/33697)Updating files:  88% (29654/33697)Updating files:  89% (29991/33697)Updating files:  90% (30328/33697)Updating files:  91% (30665/33697)Updating files:  92% (31002/33697)Updating files:  93% (31339/33697)Updating files:  94% (31676/33697)Updating files:  95% (32013/33697)Updating files:  96% (32350/33697)Updating files:  97% (32687/33697)Updating files:  98% (33024/33697)Updating files:  99% (33361/33697)Updating files: 100% (33697/33697)Updating files: 100% (33697/33697), done.
HEAD is now at eb2dcab0d8 Merge pull request #25801 from hannesm/release-xenstore-v2.3.0
Merge made by the 'ort' strategy.
 .../base_bigstring/base_bigstring.v0.17.0/opam     | 27 +++++++++++
 .../base_quickcheck/base_quickcheck.v0.17.0/opam   | 34 ++++++++++++++
 packages/bin_prot/bin_prot.v0.17.0/opam            | 38 ++++++++++++++++
 packages/bio_io/bio_io.0.5.1/opam                  |  2 +-
 packages/bio_io/bio_io.0.6.0/opam                  |  2 +-
 packages/caisar-ir/caisar-ir.0.2/opam              |  2 +-
 packages/caisar-onnx/caisar-onnx.0.1/opam          |  2 +-
 packages/caisar-onnx/caisar-onnx.0.2/opam          |  2 +-
 .../capitalization/capitalization.v0.17.0/opam     | 25 ++++++++++
 packages/core/core.v0.17.0/opam                    | 50 ++++++++++++++++++++
 packages/feather/feather.0.2.0/opam                |  2 +-
 packages/feather/feather.0.3.0/opam                |  2 +-
 packages/fieldslib/fieldslib.v0.17.0/opam          | 28 ++++++++++++
 packages/gel/gel.v0.17.0/opam                      | 26 +++++++++++
 packages/http/http.6.0.0~alpha2/opam               |  2 +-
 packages/http/http.6.0.0~beta2/opam                |  2 +-
 packages/idd/idd.0.1/opam                          |  2 +-
 packages/int_repr/int_repr.v0.17.0/opam            | 26 +++++++++++
 .../jane-street-headers.v0.17.0/opam               | 24 ++++++++++
 packages/jst-config/jst-config.v0.17.0/opam        | 32 +++++++++++++
 packages/parsexp/parsexp.v0.17.0/opam              | 43 ++++++++++++++++++
 packages/ppx_assert/ppx_assert.v0.17.0/opam        | 30 ++++++++++++
 packages/ppx_base/ppx_base.v0.17.0/opam            | 34 ++++++++++++++
 packages/ppx_bench/ppx_bench.v0.17.0/opam          | 26 +++++++++++
 packages/ppx_bin_prot/ppx_bin_prot.v0.17.0/opam    | 29 ++++++++++++
 packages/ppx_cold/ppx_cold.v0.17.0/opam            | 26 +++++++++++
 packages/ppx_compare/ppx_compare.v0.17.0/opam      | 27 +++++++++++
 .../ppx_custom_printf.v0.17.0/opam                 | 27 +++++++++++
 packages/ppx_diff/ppx_diff.v0.17.0/opam            | 31 +++++++++++++
 .../ppx_disable_unused_warnings.v0.17.0/opam       | 26 +++++++++++
 packages/ppx_enumerate/ppx_enumerate.v0.17.0/opam  | 27 +++++++++++
 packages/ppx_expect/ppx_expect.v0.17.0/opam        | 29 ++++++++++++
 .../ppx_fields_conv/ppx_fields_conv.v0.17.0/opam   | 27 +++++++++++
 .../ppx_fixed_literal.v0.17.0/opam                 | 27 +++++++++++
 packages/ppx_globalize/ppx_globalize.v0.17.0/opam  | 27 +++++++++++
 packages/ppx_hash/ppx_hash.v0.17.0/opam            | 29 ++++++++++++
 packages/ppx_here/ppx_here.v0.17.0/opam            | 26 +++++++++++
 .../ppx_ignore_instrumentation.v0.17.0/opam        | 26 +++++++++++
 .../ppx_inline_test/ppx_inline_test.v0.17.0/opam   | 27 +++++++++++
 packages/ppx_jane/ppx_jane.v0.17.0/opam            | 53 ++++++++++++++++++++++
 packages/ppx_let/ppx_let.v0.17.0/opam              | 27 +++++++++++
 packages/ppx_log/ppx_log.v0.17.0/opam              | 39 ++++++++++++++++
 .../ppx_module_timer/ppx_module_timer.v0.17.0/opam | 29 ++++++++++++
 packages/ppx_optcomp/ppx_optcomp.v0.17.0/opam      | 27 +++++++++++
 packages/ppx_optional/ppx_optional.v0.17.0/opam    | 28 ++++++++++++
 packages/ppx_pipebang/ppx_pipebang.v0.17.0/opam    | 25 ++++++++++
 .../ppx_protocol_conv/ppx_protocol_conv.5.1.3/opam |  2 +-
 packages/ppx_sexp_conv/ppx_sexp_conv.v0.17.0/opam  | 28 ++++++++++++
 .../ppx_sexp_message/ppx_sexp_message.v0.17.0/opam | 28 ++++++++++++
 .../ppx_sexp_value/ppx_sexp_value.v0.17.0/opam     | 28 ++++++++++++
 packages/ppx_stable/ppx_stable.v0.17.0/opam        | 27 +++++++++++
 .../ppx_stable_witness.v0.17.0/opam                | 26 +++++++++++
 packages/ppx_string/ppx_string.v0.17.0/opam        | 27 +++++++++++
 .../ppx_string_conv/ppx_string_conv.v0.17.0/opam   | 29 ++++++++++++
 packages/ppx_tydi/ppx_tydi.v0.17.0/opam            | 26 +++++++++++
 .../ppx_typerep_conv/ppx_typerep_conv.v0.17.0/opam | 27 +++++++++++
 .../ppx_variants_conv.v0.17.0/opam                 | 27 +++++++++++
 packages/ppxlib_jane/ppxlib_jane.v0.17.0/opam      | 25 ++++++++++
 packages/sexplib/sexplib.v0.17.0/opam              | 30 ++++++++++++
 packages/sihl-core/sihl-core.0.2.0/opam            |  2 +-
 packages/sihl-core/sihl-core.0.2.1/opam            |  2 +-
 packages/sihl-core/sihl-core.0.2.2/opam            |  2 +-
 packages/sihl-core/sihl-core.0.3.0~rc1/opam        |  2 +-
 .../splittable_random.v0.17.0/opam                 | 36 +++++++++++++++
 packages/stdio/stdio.v0.17.0/opam                  | 28 ++++++++++++
 packages/time_now/time_now.v0.17.0/opam            | 30 ++++++++++++
 packages/tldr/tldr.0.3.0/opam                      |  2 +-
 packages/torch/torch.0.10/opam                     |  2 +-
 packages/torch/torch.0.11/opam                     |  2 +-
 packages/torch/torch.0.12/opam                     |  2 +-
 packages/torch/torch.0.13/opam                     |  2 +-
 packages/torch/torch.0.14/opam                     |  2 +-
 packages/torch/torch.0.15/opam                     |  2 +-
 packages/torch/torch.0.16/opam                     |  2 +-
 packages/torch/torch.0.17/opam                     |  2 +-
 packages/torch/torch.0.5/opam                      |  2 +-
 packages/torch/torch.0.6/opam                      |  2 +-
 packages/torch/torch.0.7/opam                      |  2 +-
 packages/torch/torch.0.8/opam                      |  2 +-
 packages/torch/torch.0.9/opam                      |  2 +-
 packages/travesty/travesty.0.8.0/opam              |  2 +-
 packages/typerep/typerep.v0.17.0/opam              | 24 ++++++++++
 packages/variantslib/variantslib.v0.17.0/opam      | 27 +++++++++++
 83 files changed, 1585 insertions(+), 30 deletions(-)
 create mode 100644 packages/base_bigstring/base_bigstring.v0.17.0/opam
 create mode 100644 packages/base_quickcheck/base_quickcheck.v0.17.0/opam
 create mode 100644 packages/bin_prot/bin_prot.v0.17.0/opam
 create mode 100644 packages/capitalization/capitalization.v0.17.0/opam
 create mode 100644 packages/core/core.v0.17.0/opam
 create mode 100644 packages/fieldslib/fieldslib.v0.17.0/opam
 create mode 100644 packages/gel/gel.v0.17.0/opam
 create mode 100644 packages/int_repr/int_repr.v0.17.0/opam
 create mode 100644 packages/jane-street-headers/jane-street-headers.v0.17.0/opam
 create mode 100644 packages/jst-config/jst-config.v0.17.0/opam
 create mode 100644 packages/parsexp/parsexp.v0.17.0/opam
 create mode 100644 packages/ppx_assert/ppx_assert.v0.17.0/opam
 create mode 100644 packages/ppx_base/ppx_base.v0.17.0/opam
 create mode 100644 packages/ppx_bench/ppx_bench.v0.17.0/opam
 create mode 100644 packages/ppx_bin_prot/ppx_bin_prot.v0.17.0/opam
 create mode 100644 packages/ppx_cold/ppx_cold.v0.17.0/opam
 create mode 100644 packages/ppx_compare/ppx_compare.v0.17.0/opam
 create mode 100644 packages/ppx_custom_printf/ppx_custom_printf.v0.17.0/opam
 create mode 100644 packages/ppx_diff/ppx_diff.v0.17.0/opam
 create mode 100644 packages/ppx_disable_unused_warnings/ppx_disable_unused_warnings.v0.17.0/opam
 create mode 100644 packages/ppx_enumerate/ppx_enumerate.v0.17.0/opam
 create mode 100644 packages/ppx_expect/ppx_expect.v0.17.0/opam
 create mode 100644 packages/ppx_fields_conv/ppx_fields_conv.v0.17.0/opam
 create mode 100644 packages/ppx_fixed_literal/ppx_fixed_literal.v0.17.0/opam
 create mode 100644 packages/ppx_globalize/ppx_globalize.v0.17.0/opam
 create mode 100644 packages/ppx_hash/ppx_hash.v0.17.0/opam
 create mode 100644 packages/ppx_here/ppx_here.v0.17.0/opam
 create mode 100644 packages/ppx_ignore_instrumentation/ppx_ignore_instrumentation.v0.17.0/opam
 create mode 100644 packages/ppx_inline_test/ppx_inline_test.v0.17.0/opam
 create mode 100644 packages/ppx_jane/ppx_jane.v0.17.0/opam
 create mode 100644 packages/ppx_let/ppx_let.v0.17.0/opam
 create mode 100644 packages/ppx_log/ppx_log.v0.17.0/opam
 create mode 100644 packages/ppx_module_timer/ppx_module_timer.v0.17.0/opam
 create mode 100644 packages/ppx_optcomp/ppx_optcomp.v0.17.0/opam
 create mode 100644 packages/ppx_optional/ppx_optional.v0.17.0/opam
 create mode 100644 packages/ppx_pipebang/ppx_pipebang.v0.17.0/opam
 create mode 100644 packages/ppx_sexp_conv/ppx_sexp_conv.v0.17.0/opam
 create mode 100644 packages/ppx_sexp_message/ppx_sexp_message.v0.17.0/opam
 create mode 100644 packages/ppx_sexp_value/ppx_sexp_value.v0.17.0/opam
 create mode 100644 packages/ppx_stable/ppx_stable.v0.17.0/opam
 create mode 100644 packages/ppx_stable_witness/ppx_stable_witness.v0.17.0/opam
 create mode 100644 packages/ppx_string/ppx_string.v0.17.0/opam
 create mode 100644 packages/ppx_string_conv/ppx_string_conv.v0.17.0/opam
 create mode 100644 packages/ppx_tydi/ppx_tydi.v0.17.0/opam
 create mode 100644 packages/ppx_typerep_conv/ppx_typerep_conv.v0.17.0/opam
 create mode 100644 packages/ppx_variants_conv/ppx_variants_conv.v0.17.0/opam
 create mode 100644 packages/ppxlib_jane/ppxlib_jane.v0.17.0/opam
 create mode 100644 packages/sexplib/sexplib.v0.17.0/opam
 create mode 100644 packages/splittable_random/splittable_random.v0.17.0/opam
 create mode 100644 packages/stdio/stdio.v0.17.0/opam
 create mode 100644 packages/time_now/time_now.v0.17.0/opam
 create mode 100644 packages/typerep/typerep.v0.17.0/opam
 create mode 100644 packages/variantslib/variantslib.v0.17.0/opam

[01;34m(from ocaml/opam:oraclelinux-9-ocaml-4.14@sha256:7f04d20e2a3b90034e0348c3f811479de4d35ecdee7ba8337672dff42931db9c)[0m
Unable to find image 'ocaml/opam:oraclelinux-9-ocaml-4.14@sha256:7f04d20e2a3b90034e0348c3f811479de4d35ecdee7ba8337672dff42931db9c' locally
docker.io/ocaml/opam@sha256:7f04d20e2a3b90034e0348c3f811479de4d35ecdee7ba8337672dff42931db9c: Pulling from ocaml/opam
e85e18f32ef8: Pulling fs layer
e85e18f32ef8: Verifying Checksum
e85e18f32ef8: Download complete
e85e18f32ef8: Pull complete
Digest: sha256:7f04d20e2a3b90034e0348c3f811479de4d35ecdee7ba8337672dff42931db9c
Status: Downloaded newer image for ocaml/opam@sha256:7f04d20e2a3b90034e0348c3f811479de4d35ecdee7ba8337672dff42931db9c
[01;2m[01;35m2024-05-09 19:54.50 ---> saved as "d0ace944a502240c7178cd9715327b37a2be618bfab6c6db9760a0c7835eec02"[0m

[01;34m/: (user (uid 1000) (gid 1000))[0m

[01;34m/: (workdir /home/opam)[0m

[01;34m/home/opam: (run (shell "sudo ln -f /usr/bin/opam-dev /usr/bin/opam"))[0m
[01;2m[01;35m2024-05-09 19:54.50 ---> saved as "2aaa3d8e81501c8696b5b7a72b47925b1c14fafef8f904d4878d61c12641bfc2"[0m

[01;34m/home/opam: (run (network host)
                 (shell "opam init --reinit --config .opamrc-sandbox -ni"))[0m
Configuring from /home/opam/.opamrc-sandbox, then /home/opam/.opamrc, and finally from built-in defaults.
Checking for available remotes: rsync and local, git.
  - you won't be able to use mercurial repositories unless you install the hg command on your system.
  - you won't be able to use darcs repositories unless you install the darcs command on your system.

This development version of opam requires an update to the layout of /home/opam/.opam from version 2.0 to version 2.2~alpha, which can't be reverted.
You may want to back it up before going further.

Continue? [y/n] y
Format upgrade done.

<><> Updating repositories ><><><><><><><><><><><><><><><><><><><><><><><><><><>
[default] synchronised from file:///home/opam/opam-repository
[01;2m[01;35m2024-05-09 19:55.58 ---> saved as "47c635625f04299cb5bc0ce0ff1be0c10b16ffa354d282f724d56fd72ca15e2c"[0m

[01;34m/home/opam: (run (shell "uname -rs && opam exec -- ocaml -version && opam --version"))[0m
Linux 5.15.0-106-generic
The OCaml toplevel, version 4.14.2
2.2.0~beta3~dev
[01;2m[01;35m2024-05-09 19:55.58 ---> saved as "0dc6fd51fb7dd6a1e4cbc6b95fa9ab5558ba67deea933a27dbfdd437de87fa23"[0m

[01;34m/home/opam: (env OPAMDOWNLOADJOBS 1)[0m

[01;34m/home/opam: (env OPAMERRLOGLEN 0)[0m

[01;34m/home/opam: (env OPAMSOLVERTIMEOUT 500)[0m

[01;34m/home/opam: (env OPAMPRECISETRACKING 1)[0m

[01;34m/home/opam: (env CI true)[0m

[01;34m/home/opam: (env OPAM_REPO_CI true)[0m

[01;34m/home/opam: (run (shell "rm -rf opam-repository/"))[0m
[01;2m[01;35m2024-05-09 19:56.11 ---> saved as "1f4c705c629759eb8dcf1a2dd7dd660cab8c93844a125b815581bdffe99c46a2"[0m

[01;34m/home/opam: (copy (src .) (dst opam-repository/))[0m
[01;2m[01;35m2024-05-09 19:56.41 ---> saved as "8d8ef99d371709b1f10aea56a92a1a64d2ec3c3f97d53bb127fdd671333e2434"[0m

[01;34m/home/opam: (run (shell "opam repository set-url --strict default opam-repository/"))[0m
[default] Initialised
[01;2m[01;35m2024-05-09 19:57.28 ---> saved as "0abf5d4a132ffb10912ab04119b716991e85d661ef275e5191163736f673fa68"[0m

[01;34m/home/opam: (run (network host)
                 (shell "opam update --depexts || true"))[0m
+ /usr/bin/sudo "yum" "makecache"
- Oracle Linux 9 BaseOS Latest (x86_64)            34 kB/s | 3.6 kB     00:00    
- Oracle Linux 9 BaseOS Latest (x86_64)            52 MB/s |  25 MB     00:00    
- Oracle Linux 9 Application Stream Packages (x86  88 kB/s | 3.9 kB     00:00    
- Oracle Linux 9 Application Stream Packages (x86  62 MB/s |  34 MB     00:00    
- Last metadata expiration check: 0:00:04 ago on Thu May  9 19:57:33 2024.
- Metadata cache created.
[01;2m[01;35m2024-05-09 19:57.44 ---> saved as "8008d60c1c2949802e0e5fcc973613b9cf1b9d2c6c13e2b6a4c47cf4cf9508bd"[0m

[01;34m/home/opam: (run (shell "opam pin add -k version -yn sihl-core.0.2.1 0.2.1"))[0m
sihl-core is now pinned to version 0.2.1
[01;2m[01;35m2024-05-09 19:57.45 ---> saved as "7b7a95be7f5b1d5a1fd5041d040d01d2cbd3fe78d58e3d08c781f6d2e140a19e"[0m

[01;34m/home/opam: (run (cache (opam-archives (target /home/opam/.opam/download-cache)))
                 (network host)
                 (shell  "opam reinstall sihl-core.0.2.1;\
                        \n        res=$?;\
                        \n        test \"$res\" != 31 && exit \"$res\";\
                        \n        export OPAMCLI=2.0;\
                        \n        build_dir=$(opam var prefix)/.opam-switch/build;\
                        \n        failed=$(ls \"$build_dir\");\
                        \n        partial_fails=\"\";\
                        \n        for pkg in $failed; do\
                        \n          if opam show -f x-ci-accept-failures: \"$pkg\" | grep -qF \"\\\"oraclelinux-9\\\"\"; then\
                        \n            echo \"A package failed and has been disabled for CI using the 'x-ci-accept-failures' field.\";\
                        \n          fi;\
                        \n          test \"$pkg\" != 'sihl-core.0.2.1' && partial_fails=\"$partial_fails $pkg\";\
                        \n        done;\
                        \n        test \"${partial_fails}\" != \"\" && echo \"opam-repo-ci detected dependencies failing: ${partial_fails}\";\
                        \n        exit 1"))[0m
sihl-core.0.2.1 is not installed. Install it? [y/n] y
The following actions will be performed:
=== install 70 packages
  - install angstrom            0.16.0         [required by caqti]
  - install asn1-combinators    0.2.6          [required by x509]
  - install base                v0.16.3        [required by ppx_fields_conv, ppx_sexp_conv]
  - install base-bytes          base           [required by ocplib-endian]
  - install base64              3.5.1          [required by jwto]
  - install bigstringaf         0.9.1          [required by caqti]
  - install caqti               1.9.0          [required by sihl-core]
  - install conf-bash           1              [required by base]
  - install conf-gmp            4              [required by conf-gmp-powm-sec, zarith]
  - install conf-gmp-powm-sec   3              [required by mirage-crypto-pk]
  - install conf-libssl         4              [required by ssl]
  - install conf-pkg-config     3              [required by conf-libssl]
  - install conformist          0.2.1          [required by sihl-core]
  - install containers          3.13.1         [required by tsort]
  - install cppo                1.6.9          [required by caqti]
  - install csexp               1.5.2          [required by dune-configurator]
  - install cstruct             6.2.0          [required by tls]
  - install digestif            1.2.0          [required by jwto]
  - install domain-name         0.4.0          [required by tls]
  - install dune                3.15.2         [required by sihl-core]
  - install dune-configurator   3.15.2         [required by mirage-crypto-ec, ssl, base, containers]
  - install duration            0.2.1          [required by mirage-crypto-rng]
  - install either              1.0.0          [required by containers]
  - install eqaf                0.9            [required by mirage-crypto-ec, digestif, mirage-crypto-pk]
  - install fieldslib           v0.16.0        [required by ppx_fields_conv]
  - install fmt                 0.9.0          [required by sihl-core]
  - install gmap                0.3.0          [required by x509]
  - install hkdf                1.0.4          [required by tls]
  - install ipaddr              5.5.0          [required by tls]
  - install jwto                0.4.0          [required by sihl-core]
  - install logs                0.7.0          [required by sihl-core]
  - install lwt                 5.7.0          [required by lwt_ssl]
  - install lwt_ssl             1.2.0          [required by sihl-core]
  - install macaddr             5.5.0          [required by ipaddr]
  - install mirage-crypto       0.11.3         [required by tls]
  - install mirage-crypto-ec    0.11.3         [required by tls]
  - install mirage-crypto-pk    0.11.3         [required by tls]
  - install mirage-crypto-rng   0.11.3         [required by tls]
  - install num                 1.5            [required by sexplib]
  - install ocaml-compiler-libs v0.12.4        [required by ppxlib]
  - install ocaml-syntax-shims  1.0.0          [required by angstrom]
  - install ocamlbuild          0.14.3         [required by logs, ptime]
  - install ocamlfind           1.9.6          [required by ptime, logs, ppx_deriving]
  - install ocplib-endian       1.2            [required by lwt]
  - install parsexp             v0.16.0        [required by sexplib]
  - install pbkdf               1.2.0          [required by x509]
  - install ppx_derivers        1.2.1          [required by ppx_deriving]
  - install ppx_deriving        5.2.1          [required by jwto, ppx_deriving_yojson]
  - install ppx_deriving_yojson 3.7.0          [required by sihl-core]
  - install ppx_fields_conv     v0.16.0        [required by sihl-core]
  - install ppx_sexp_conv       v0.16.0        [required by sihl-core]
  - install ppxlib              0.32.1         [required by ppx_fields_conv, ppx_deriving_yojson, ppx_sexp_conv]
  - install ptime               1.1.0          [required by caqti]
  - install re                  1.11.0         [required by jwto]
  - install result              1.5            [required by ppx_deriving_yojson]
  - install safepass            3.1            [required by sihl-core]
  - install seq                 base           [required by re, yojson]
  - install sexplib             v0.16.0        [required by sihl-core]
  - install sexplib0            v0.16.0        [required by ppx_sexp_conv, sexplib]
  - install sihl-core           0.2.1 (pinned)
  - install ssl                 0.7.0          [required by sihl-core]
  - install stdlib-shims        0.3.0          [required by ppxlib]
  - install stringext           1.6.0          [required by uri]
  - install tls                 0.17.4         [required by sihl-core]
  - install topkg               1.0.7          [required by logs, ptime]
  - install tsort               2.0.0          [required by sihl-core]
  - install uri                 4.4.0          [required by caqti]
  - install x509                0.16.5         [required by tls]
  - install yojson              2.1.2          [required by sihl-core]
  - install zarith              1.13           [required by mirage-crypto-pk]

The following system packages will first need to be installed:
    gmp-devel openssl-devel

<><> Handling external dependencies <><><><><><><><><><><><><><><><><><><><><><>

opam believes some required external dependencies are missing. opam can:
> 1. Run yum to install them (may need root/sudo access)
  2. Display the recommended yum command and wait while you run it manually (e.g. in another terminal)
  3. Continue anyway, and, upon success, permanently register that this external dependency is present, but not detectable
  4. Abort the installation

[1/2/3/4] 1

+ /usr/bin/sudo "yum" "install" "-y" "gmp-devel" "openssl-devel"
- Last metadata expiration check: 0:00:26 ago on Thu May  9 19:57:33 2024.
- Dependencies resolved.
- ================================================================================
-  Package                Arch    Version                Repository          Size
- ================================================================================
- Installing:
-  gmp-devel              x86_64  1:6.2.0-13.el9         ol9_appstream      184 k
-  openssl-devel          x86_64  1:3.0.7-27.0.3.el9     ol9_appstream      3.7 M
- Upgrading:
-  openssl                x86_64  1:3.0.7-27.0.3.el9     ol9_baseos_latest  1.3 M
-  openssl-libs           x86_64  1:3.0.7-27.0.3.el9     ol9_baseos_latest  1.9 M
- Installing dependencies:
-  gmp-c++                x86_64  1:6.2.0-13.el9         ol9_appstream       18 k
-  openssl-fips-provider  x86_64  3.0.7-2.0.1.el9        ol9_baseos_latest  574 k
- 
- Transaction Summary
- ================================================================================
- Install  4 Packages
- Upgrade  2 Packages
- 
- Total download size: 7.7 M
- Downloading Packages:
- (1/6): gmp-c++-6.2.0-13.el9.x86_64.rpm          146 kB/s |  18 kB     00:00    
- (2/6): openssl-fips-provider-3.0.7-2.0.1.el9.x8 4.1 MB/s | 574 kB     00:00    
- (3/6): gmp-devel-6.2.0-13.el9.x86_64.rpm        1.3 MB/s | 184 kB     00:00    
- (4/6): openssl-3.0.7-27.0.3.el9.x86_64.rpm       35 MB/s | 1.3 MB     00:00    
- (5/6): openssl-devel-3.0.7-27.0.3.el9.x86_64.rp  51 MB/s | 3.7 MB     00:00    
- (6/6): openssl-libs-3.0.7-27.0.3.el9.x86_64.rpm  28 MB/s | 1.9 MB     00:00    
- --------------------------------------------------------------------------------
- Total                                            36 MB/s | 7.7 MB     00:00     
- Running transaction check
- Transaction check succeeded.
- Running transaction test
- Transaction test succeeded.
- Running transaction
-   Preparing        :                                                        1/1 
-   Installing       : gmp-c++-1:6.2.0-13.el9.x86_64                          1/8 
-   Installing       : openssl-fips-provider-3.0.7-2.0.1.el9.x86_64           2/8 
-   Upgrading        : openssl-libs-1:3.0.7-27.0.3.el9.x86_64                 3/8 
-   Installing       : openssl-devel-1:3.0.7-27.0.3.el9.x86_64                4/8 
-   Upgrading        : openssl-1:3.0.7-27.0.3.el9.x86_64                      5/8 
-   Installing       : gmp-devel-1:6.2.0-13.el9.x86_64                        6/8 
-   Cleanup          : openssl-1:3.0.7-25.0.1.el9_3.x86_64                    7/8 
-   Cleanup          : openssl-libs-1:3.0.7-25.0.1.el9_3.x86_64               8/8
-  
-   Running scriptlet: openssl-libs-1:3.0.7-25.0.1.el9_3.x86_64               8/8 
-   Verifying        : openssl-fips-provider-3.0.7-2.0.1.el9.x86_64           1/8 
-   Verifying        : gmp-c++-1:6.2.0-13.el9.x86_64                          2/8 
-   Verifying        : gmp-devel-1:6.2.0-13.el9.x86_64                        3/8 
-   Verifying        : openssl-devel-1:3.0.7-27.0.3.el9.x86_64                4/8 
-   Verifying        : openssl-1:3.0.7-27.0.3.el9.x86_64                      5/8 
-   Verifying        : openssl-1:3.0.7-25.0.1.el9_3.x86_64                    6/8 
-   Verifying        : openssl-libs-1:3.0.7-27.0.3.el9.x86_64                 7/8 
-   Verifying        : openssl-libs-1:3.0.7-25.0.1.el9_3.x86_64               8/8 
- 
- Upgraded:
-   openssl-1:3.0.7-27.0.3.el9.x86_64    openssl-libs-1:3.0.7-27.0.3.el9.x86_64   
- Installed:
-   gmp-c++-1:6.2.0-13.el9.x86_64                                                 
-   gmp-devel-1:6.2.0-13.el9.x86_64                                               
-   openssl-devel-1:3.0.7-27.0.3.el9.x86_64                                       
-   openssl-fips-provider-3.0.7-2.0.1.el9.x86_64                                  
- 
- Complete!
+ /usr/bin/rpm "-q" "--whatprovides" "gmp-devel" "openssl-devel"
- gmp-devel-6.2.0-13.el9.x86_64
- openssl-devel-3.0.7-27.0.3.el9.x86_64

<><> Processing actions <><><><><><><><><><><><><><><><><><><><><><><><><><><><>
-> retrieved angstrom.0.16.0  (cached)
-> retrieved asn1-combinators.0.2.6  (cached)
-> retrieved base.v0.16.3  (cached)
-> retrieved base64.3.5.1  (cached)
-> retrieved bigstringaf.0.9.1  (cached)
-> retrieved caqti.1.9.0  (cached)
-> retrieved conformist.0.2.1  (cached)
-> installed conf-bash.1
-> installed conf-pkg-config.3
-> installed conf-gmp.4
-> retrieved containers.3.13.1  (cached)
-> installed conf-libssl.4
-> installed conf-gmp-powm-sec.3
-> retrieved cppo.1.6.9  (cached)
-> retrieved csexp.1.5.2  (cached)
-> retrieved cstruct.6.2.0  (cached)
-> retrieved digestif.1.2.0  (cached)
-> retrieved domain-name.0.4.0  (cached)
-> retrieved dune.3.15.2, dune-configurator.3.15.2  (cached)
-> retrieved duration.0.2.1  (cached)
-> retrieved either.1.0.0  (cached)
-> retrieved eqaf.0.9  (cached)
-> retrieved fieldslib.v0.16.0  (cached)
-> retrieved fmt.0.9.0  (cached)
-> retrieved gmap.0.3.0  (cached)
-> retrieved hkdf.1.0.4  (cached)
-> retrieved ipaddr.5.5.0, macaddr.5.5.0  (cached)
-> retrieved jwto.0.4.0  (cached)
-> retrieved logs.0.7.0  (cached)
-> retrieved lwt.5.7.0  (cached)
-> retrieved lwt_ssl.1.2.0  (cached)
-> retrieved mirage-crypto.0.11.3, mirage-crypto-ec.0.11.3, mirage-crypto-pk.0.11.3, mirage-crypto-rng.0.11.3  (cached)
-> retrieved num.1.5  (cached)
-> retrieved ocaml-compiler-libs.v0.12.4  (cached)
-> retrieved ocaml-syntax-shims.1.0.0  (cached)
-> retrieved ocamlbuild.0.14.3  (cached)
-> retrieved ocamlfind.1.9.6  (cached)
-> retrieved ocplib-endian.1.2  (cached)
-> retrieved parsexp.v0.16.0  (cached)
-> retrieved pbkdf.1.2.0  (cached)
-> retrieved ppx_derivers.1.2.1  (cached)
-> retrieved ppx_deriving.5.2.1  (cached)
-> retrieved ppx_deriving_yojson.3.7.0  (cached)
-> retrieved ppx_fields_conv.v0.16.0  (cached)
-> retrieved ppx_sexp_conv.v0.16.0  (cached)
-> retrieved ppxlib.0.32.1  (cached)
-> retrieved ptime.1.1.0  (cached)
-> retrieved re.1.11.0  (cached)
-> retrieved result.1.5  (cached)
-> retrieved safepass.3.1  (cached)
-> installed seq.base
-> retrieved sexplib.v0.16.0  (cached)
-> retrieved sexplib0.v0.16.0  (cached)
-> retrieved sihl-core.0.2.1  (cached)
-> retrieved ssl.0.7.0  (cached)
-> retrieved stdlib-shims.0.3.0  (cached)
-> retrieved stringext.1.6.0  (cached)
-> retrieved tls.0.17.4  (cached)
-> retrieved topkg.1.0.7  (cached)
-> retrieved tsort.2.0.0  (cached)
-> retrieved uri.4.4.0  (cached)
-> retrieved x509.0.16.5  (cached)
-> retrieved yojson.2.1.2  (cached)
-> retrieved zarith.1.13  (cached)
-> installed num.1.5
-> installed ocamlfind.1.9.6
-> installed base-bytes.base
-> installed ocamlbuild.0.14.3
-> installed zarith.1.13
-> installed topkg.1.0.7
-> installed fmt.0.9.0
-> installed ptime.1.1.0
-> installed dune.3.15.2
-> installed conformist.0.2.1
-> installed csexp.1.5.2
-> installed base64.3.5.1
-> installed cstruct.6.2.0
-> installed domain-name.0.4.0
-> installed duration.0.2.1
-> installed either.1.0.0
-> installed gmap.0.3.0
-> installed macaddr.5.5.0
-> installed ppx_derivers.1.2.1
-> installed ocaml-syntax-shims.1.0.0
-> installed result.1.5
-> installed stdlib-shims.0.3.0
-> installed stringext.1.6.0
-> installed sexplib0.v0.16.0
-> installed ocaml-compiler-libs.v0.12.4
-> installed cppo.1.6.9
-> installed safepass.3.1
-> installed re.1.11.0
-> installed eqaf.0.9
-> installed ipaddr.5.5.0
-> installed asn1-combinators.0.2.6
-> installed ocplib-endian.1.2
-> installed yojson.2.1.2
-> installed parsexp.v0.16.0
-> installed digestif.1.2.0
-> installed dune-configurator.3.15.2
-> installed sexplib.v0.16.0
-> installed bigstringaf.0.9.1
-> installed angstrom.0.16.0
-> installed ssl.0.7.0
-> installed mirage-crypto.0.11.3
-> installed hkdf.1.0.4
-> installed pbkdf.1.2.0
-> installed containers.3.13.1
-> installed tsort.2.0.0
-> installed uri.4.4.0
-> installed lwt.5.7.0
-> installed lwt_ssl.1.2.0
-> installed logs.0.7.0
-> installed base.v0.16.3
-> installed mirage-crypto-rng.0.11.3
-> installed fieldslib.v0.16.0
-> installed caqti.1.9.0
-> installed mirage-crypto-pk.0.11.3
-> installed ppxlib.0.32.1
-> installed mirage-crypto-ec.0.11.3
-> installed x509.0.16.5
-> installed ppx_fields_conv.v0.16.0
-> installed ppx_sexp_conv.v0.16.0
-> installed ppx_deriving.5.2.1
-> installed tls.0.17.4
-> installed jwto.0.4.0
-> installed ppx_deriving_yojson.3.7.0
-> installed sihl-core.0.2.1
Done.
# Run eval $(opam env) to update the current shell environment
[01;2m[01;35m2024-05-09 19:59.36 ---> saved as "627f21077ac906b96d04cc0578010a3e5dc71b824b378f7caafb7832140b497c"[0m

[01;34m/home/opam: (run (network host)
                 (shell "(opam reinstall --with-test sihl-core.0.2.1) || true"))[0m
[ERROR] Sorry, resolution of the request timed out.
        Try to specify a more precise request, use a different solver, or increase the allowed time by setting OPAMSOLVERTIMEOUT to a bigger value (currently, it is set to 500.0 seconds).
[01;2m[01;35m2024-05-09 20:08.09 ---> saved as "1ad84bffb14cdef507af3273f3917bccb710d4c97fb2eacc566807f8227cbb14"[0m

[01;34m/home/opam: (run (shell  "opam reinstall --with-test --verbose sihl-core.0.2.1;\
                        \n        res=$?;\
                        \n        test \"$res\" != 31 && exit \"$res\";\
                        \n        export OPAMCLI=2.0;\
                        \n        build_dir=$(opam var prefix)/.opam-switch/build;\
                        \n        failed=$(ls \"$build_dir\");\
                        \n        partial_fails=\"\";\
                        \n        for pkg in $failed; do\
                        \n          if opam show -f x-ci-accept-failures: \"$pkg\" | grep -qF \"\\\"oraclelinux-9\\\"\"; then\
                        \n            echo \"A package failed and has been disabled for CI using the 'x-ci-accept-failures' field.\";\
                        \n          fi;\
                        \n          test \"$pkg\" != 'sihl-core.0.2.1' && partial_fails=\"$partial_fails $pkg\";\
                        \n        done;\
                        \n        test \"${partial_fails}\" != \"\" && echo \"opam-repo-ci detected dependencies failing: ${partial_fails}\";\
                        \n        exit 1"))[0m
The following actions will be performed:
=== recompile 17 packages
  - recompile asn1-combinators  0.2.6          [uses cstruct]
  - recompile caqti             1.9.0          [uses logs]
  - recompile cstruct           6.2.0          [uses fmt]
  - recompile digestif          1.2.0          [uses eqaf]
  - recompile eqaf              0.9            [uses cstruct]
  - recompile fmt               0.9.0          [uses cmdliner]
  - recompile hkdf              1.0.4          [uses cstruct]
  - recompile jwto              0.4.0          [uses fmt]
  - recompile logs              0.7.0          [uses cmdliner]
  - recompile mirage-crypto     0.11.3         [uses cstruct]
  - recompile mirage-crypto-ec  0.11.3         [uses cstruct]
  - recompile mirage-crypto-pk  0.11.3         [uses cstruct]
  - recompile mirage-crypto-rng 0.11.3         [uses cstruct, logs]
  - recompile pbkdf             1.2.0          [uses cstruct]
  - recompile sihl-core         0.2.1 (pinned)
  - recompile tls               0.17.4         [uses fmt]
  - recompile x509              0.16.5         [uses fmt]
=== install 19 packages
  - install   alcotest          1.7.0          [required by alcotest-lwt]
  - install   alcotest-lwt      1.7.0          [required by sihl-core]
  - install   astring           0.8.5          [required by alcotest]
  - install   bos               0.2.1          [required by ca-certs]
  - install   ca-certs          0.2.3          [required by conduit-lwt-unix]
  - install   cmdliner          1.2.0          [required by cohttp-lwt-unix]
  - install   cohttp            5.3.1          [required by cohttp-lwt]
  - install   cohttp-lwt        5.3.0          [required by cohttp-lwt-unix]
  - install   cohttp-lwt-unix   5.3.0          [required by sihl-core]
  - install   conduit           6.2.2          [required by conduit-lwt]
  - install   conduit-lwt       6.2.2          [required by cohttp-lwt-unix]
  - install   conduit-lwt-unix  6.2.2          [required by cohttp-lwt-unix]
  - install   fpath             0.7.3          [required by ca-certs]
  - install   ipaddr-sexp       5.5.0          [required by conduit-lwt-unix]
  - install   jsonm             1.0.2          [required by cohttp]
  - install   magic-mime        1.3.1          [required by cohttp-lwt-unix]
  - install   rresult           0.7.0          [required by bos]
  - install   uri-sexp          4.4.0          [required by cohttp]
  - install   uutf              1.0.3          [required by alcotest]

<><> Processing actions <><><><><><><><><><><><><><><><><><><><><><><><><><><><>
Processing  1/118: [alcotest.1.7.0, alcotest-lwt.1.7.0: http]
[ERROR] Failed to get sources of alcotest.1.7.0, alcotest-lwt.1.7.0 (https://github.com/mirage/alcotest/releases/download/1.7.0/alcotest-1.7.0.tbz): Curl failed
Processing  2/118: [asn1-combinators.0.2.6: http]
[ERROR] Failed to get sources of asn1-combinators.0.2.6: Curl failed
Processing  3/118: [astring.0.8.5: http]
[ERROR] Failed to get sources of astring.0.8.5: Curl failed
Processing  4/118: [bos.0.2.1: http]
Processing  5/118: [bos.0.2.1: http]
Processing  6/118: [bos.0.2.1: http]
[ERROR] Failed to get sources of bos.0.2.1: Curl failed
Processing  7/118: [ca-certs.0.2.3: http]
[ERROR] Failed to get sources of ca-certs.0.2.3: Curl failed
Processing  8/118: [caqti.1.9.0: http]
[ERROR] Failed to get sources of caqti.1.9.0: Curl failed
Processing  9/118: [cmdliner.1.2.0: http]
[ERROR] Failed to get sources of cmdliner.1.2.0: Curl failed
Processing 10/118: [cohttp.5.3.1: http]
Processing 11/118: [cohttp.5.3.1: http]
Processing 12/118: [cohttp.5.3.1: http]
[ERROR] Failed to get sources of cohttp.5.3.1: Curl failed
Processing 13/118: [cohttp-lwt.5.3.0, cohttp-lwt-unix.5.3.0: http]
[ERROR] Failed to get sources of cohttp-lwt.5.3.0, cohttp-lwt-unix.5.3.0 (https://github.com/mirage/ocaml-cohttp/releases/download/v5.3.0/cohttp-5.3.0.tbz): Curl failed
Processing 14/118: [conduit.6.2.2, conduit-lwt.6.2.2, conduit-lwt-unix.6.2.2: http]
[ERROR] Failed to get sources of conduit.6.2.2, conduit-lwt.6.2.2, conduit-lwt-unix.6.2.2 (https://github.com/mirage/ocaml-conduit/releases/download/v6.2.2/conduit-6.2.2.tbz): Curl failed
Processing 15/118: [cstruct.6.2.0: http]
[ERROR] Failed to get sources of cstruct.6.2.0: Curl failed
Processing 16/118: [digestif.1.2.0: http]
[ERROR] Failed to get sources of digestif.1.2.0: Curl failed
Processing 17/118: [eqaf.0.9: http]
[ERROR] Failed to get sources of eqaf.0.9: Curl failed
Processing 18/118: [fmt.0.9.0: http]
[ERROR] Failed to get sources of fmt.0.9.0: Curl failed
Processing 19/118: [fpath.0.7.3: http]
Processing 20/118: [fpath.0.7.3: http]
[ERROR] Failed to get sources of fpath.0.7.3: Curl failed
Processing 21/118: [hkdf.1.0.4: http]
Processing 22/118: [hkdf.1.0.4: http]
Processing 23/118: [hkdf.1.0.4: http]
[ERROR] Failed to get sources of hkdf.1.0.4: Curl failed
Processing 24/118: [ipaddr-sexp.5.5.0: http]
[ERROR] Failed to get sources of ipaddr-sexp.5.5.0: Curl failed
Processing 25/118: [jsonm.1.0.2: http]
Processing 26/118: [jsonm.1.0.2: http]
Processing 27/118: [jsonm.1.0.2: http]
[ERROR] Failed to get sources of jsonm.1.0.2: Curl failed
Processing 28/118: [jwto.0.4.0: http]
[ERROR] Failed to get sources of jwto.0.4.0: Curl failed
Processing 29/118: [logs.0.7.0: http]
[ERROR] Failed to get sources of logs.0.7.0: Curl failed
Processing 30/118: [magic-mime.1.3.1: http]
[ERROR] Failed to get sources of magic-mime.1.3.1: Curl failed
Processing 31/118: [mirage-crypto.0.11.3, mirage-crypto-ec.0.11.3, mirage-crypto-pk.0.11.3, mirage-crypto-rng.0.11.3: http]
Processing 32/118: [mirage-crypto.0.11.3, mirage-crypto-ec.0.11.3, mirage-crypto-pk.0.11.3, mirage-crypto-rng.0.11.3: http]
Processing 33/118: [mirage-crypto.0.11.3, mirage-crypto-ec.0.11.3, mirage-crypto-pk.0.11.3, mirage-crypto-rng.0.11.3: http]
[ERROR] Failed to get sources of mirage-crypto.0.11.3, mirage-crypto-ec.0.11.3, mirage-crypto-pk.0.11.3, mirage-crypto-rng.0.11.3 (https://github.com/mirage/mirage-crypto/releases/download/v0.11.3/mirage-crypto-0.11.3.tbz): Curl failed
Processing 34/118: [pbkdf.1.2.0: http]
[ERROR] Failed to get sources of pbkdf.1.2.0: Curl failed
Processing 35/118: [rresult.0.7.0: http]
[ERROR] Failed to get sources of rresult.0.7.0: Curl failed
Processing 37/118: [tls.0.17.4: http]
Processing 38/118: [tls.0.17.4: http]
Processing 39/118: [tls.0.17.4: http]
[ERROR] Failed to get sources of tls.0.17.4: Curl failed
Processing 40/118: [uri-sexp.4.4.0: http]
[ERROR] Failed to get sources of uri-sexp.4.4.0: Curl failed
Processing 41/118: [uutf.1.0.3: http]
Processing 42/118: [uutf.1.0.3: http]
Processing 43/118: [uutf.1.0.3: http]
Processing 44/118: [uutf.1.0.3: http]
Processing 45/118: [uutf.1.0.3: http]
Processing 46/118: [uutf.1.0.3: http]
Processing 47/118: [uutf.1.0.3: http]
Processing 48/118: [uutf.1.0.3: http]
Processing 49/118: [uutf.1.0.3: http]
[ERROR] Failed to get sources of uutf.1.0.3: Curl failed
Processing 50/118: [x509.0.16.5: http]
Processing 51/118: [x509.0.16.5: http]
Processing 52/118: [x509.0.16.5: http]
Processing 53/118: [x509.0.16.5: http]
Processing 54/118: [x509.0.16.5: http]
Processing 55/118: [x509.0.16.5: http]
Processing 56/118: [x509.0.16.5: http]
[ERROR] Failed to get sources of x509.0.16.5: Curl failed

#=== ERROR while fetching sources for x509.0.16.5 =============================#
OpamSolution.Fetch_fail("https://github.com/mirleft/ocaml-x509/releases/download/v0.16.5/x509-0.16.5.tbz (Curl failed: \"/usr/bin/curl --write-out %{http_code}\\\\n --retry 3 --retry-delay 2 --user-agent opam/2.2.0~beta3~dev -L -o /home/opam/.opam/4.14/.opam-switch/sources/x509.0.16.5/x509-0.16.5.tbz.part -- https://github.com/mirleft/ocaml-x509/releases/download/v0.16.5/x509-0.16.5.tbz\" exited with code 6)")

#=== ERROR while fetching sources for uutf.1.0.3 ==============================#
OpamSolution.Fetch_fail("https://erratique.ch/software/uutf/releases/uutf-1.0.3.tbz (Curl failed: \"/usr/bin/curl --write-out %{http_code}\\\\n --retry 3 --retry-delay 2 --user-agent opam/2.2.0~beta3~dev -L -o /home/opam/.opam/4.14/.opam-switch/sources/uutf.1.0.3/uutf-1.0.3.tbz.part -- https://erratique.ch/software/uutf/releases/uutf-1.0.3.tbz\" exited with code 6)")

#=== ERROR while fetching sources for uri-sexp.4.4.0 ==========================#
OpamSolution.Fetch_fail("https://github.com/mirage/ocaml-uri/releases/download/v4.4.0/uri-4.4.0.tbz (Curl failed: \"/usr/bin/curl --write-out %{http_code}\\\\n --retry 3 --retry-delay 2 --user-agent opam/2.2.0~beta3~dev -L -o /home/opam/.opam/4.14/.opam-switch/sources/uri-sexp.4.4.0/uri-4.4.0.tbz.part -- https://github.com/mirage/ocaml-uri/releases/download/v4.4.0/uri-4.4.0.tbz\" exited with code 6)")

#=== ERROR while fetching sources for tls.0.17.4 ==============================#
OpamSolution.Fetch_fail("https://github.com/mirleft/ocaml-tls/releases/download/v0.17.4/tls-0.17.4.tbz (Curl failed: \"/usr/bin/curl --write-out %{http_code}\\\\n --retry 3 --retry-delay 2 --user-agent opam/2.2.0~beta3~dev -L -o /home/opam/.opam/4.14/.opam-switch/sources/tls.0.17.4/tls-0.17.4.tbz.part -- https://github.com/mirleft/ocaml-tls/releases/download/v0.17.4/tls-0.17.4.tbz\" exited with code 6)")

#=== ERROR while fetching sources for rresult.0.7.0 ===========================#
OpamSolution.Fetch_fail("https://erratique.ch/software/rresult/releases/rresult-0.7.0.tbz (Curl failed: \"/usr/bin/curl --write-out %{http_code}\\\\n --retry 3 --retry-delay 2 --user-agent opam/2.2.0~beta3~dev -L -o /home/opam/.opam/4.14/.opam-switch/sources/rresult.0.7.0/rresult-0.7.0.tbz.part -- https://erratique.ch/software/rresult/releases/rresult-0.7.0.tbz\" exited with code 6)")

#=== ERROR while fetching sources for pbkdf.1.2.0 =============================#
OpamSolution.Fetch_fail("https://github.com/abeaumont/ocaml-pbkdf/archive/1.2.0.tar.gz (Curl failed: \"/usr/bin/curl --write-out %{http_code}\\\\n --retry 3 --retry-delay 2 --user-agent opam/2.2.0~beta3~dev -L -o /home/opam/.opam/4.14/.opam-switch/sources/pbkdf.1.2.0/1.2.0.tar.gz.part -- https://github.com/abeaumont/ocaml-pbkdf/archive/1.2.0.tar.gz\" exited with code 6)")

#=== ERROR while fetching sources for mirage-crypto.0.11.3, mirage-crypto-ec.0.11.3, mirage-crypto-pk.0.11.3 and mirage-crypto-rng.0.11.3 
OpamSolution.Fetch_fail("https://github.com/mirage/mirage-crypto/releases/download/v0.11.3/mirage-crypto-0.11.3.tbz (Curl failed: \"/usr/bin/curl --write-out %{http_code}\\\\n --retry 3 --retry-delay 2 --user-agent opam/2.2.0~beta3~dev -L -o /tmp/opam-7-992f1b/mirage-crypto-0.11.3.tbz.part -- https://github.com/mirage/mirage-crypto/releases/download/v0.11.3/mirage-crypto-0.11.3.tbz\" exited with code 6)")

#=== ERROR while fetching sources for magic-mime.1.3.1 ========================#
OpamSolution.Fetch_fail("https://github.com/mirage/ocaml-magic-mime/releases/download/v1.3.1/magic-mime-1.3.1.tbz (Curl failed: \"/usr/bin/curl --write-out %{http_code}\\\\n --retry 3 --retry-delay 2 --user-agent opam/2.2.0~beta3~dev -L -o /home/opam/.opam/4.14/.opam-switch/sources/magic-mime.1.3.1/magic-mime-1.3.1.tbz.part -- https://github.com/mirage/ocaml-magic-mime/releases/download/v1.3.1/magic-mime-1.3.1.tbz\" exited with code 6)")

#=== ERROR while fetching sources for logs.0.7.0 ==============================#
OpamSolution.Fetch_fail("https://erratique.ch/software/logs/releases/logs-0.7.0.tbz (Curl failed: \"/usr/bin/curl --write-out %{http_code}\\\\n --retry 3 --retry-delay 2 --user-agent opam/2.2.0~beta3~dev -L -o /home/opam/.opam/4.14/.opam-switch/sources/logs.0.7.0/logs-0.7.0.tbz.part -- https://erratique.ch/software/logs/releases/logs-0.7.0.tbz\" exited with code 6)")

#=== ERROR while fetching sources for jwto.0.4.0 ==============================#
OpamSolution.Fetch_fail("https://github.com/sporto/jwto/releases/download/0.4.0/jwto-0.4.0.tbz (Curl failed: \"/usr/bin/curl --write-out %{http_code}\\\\n --retry 3 --retry-delay 2 --user-agent opam/2.2.0~beta3~dev -L -o /home/opam/.opam/4.14/.opam-switch/sources/jwto.0.4.0/jwto-0.4.0.tbz.part -- https://github.com/sporto/jwto/releases/download/0.4.0/jwto-0.4.0.tbz\" exited with code 6)")

#=== ERROR while fetching sources for jsonm.1.0.2 =============================#
OpamSolution.Fetch_fail("https://erratique.ch/software/jsonm/releases/jsonm-1.0.2.tbz (Curl failed: \"/usr/bin/curl --write-out %{http_code}\\\\n --retry 3 --retry-delay 2 --user-agent opam/2.2.0~beta3~dev -L -o /home/opam/.opam/4.14/.opam-switch/sources/jsonm.1.0.2/jsonm-1.0.2.tbz.part -- https://erratique.ch/software/jsonm/releases/jsonm-1.0.2.tbz\" exited with code 6)")

#=== ERROR while fetching sources for ipaddr-sexp.5.5.0 =======================#
OpamSolution.Fetch_fail("https://github.com/mirage/ocaml-ipaddr/releases/download/v5.5.0/ipaddr-5.5.0.tbz (Curl failed: \"/usr/bin/curl --write-out %{http_code}\\\\n --retry 3 --retry-delay 2 --user-agent opam/2.2.0~beta3~dev -L -o /home/opam/.opam/4.14/.opam-switch/sources/ipaddr-sexp.5.5.0/ipaddr-5.5.0.tbz.part -- https://github.com/mirage/ocaml-ipaddr/releases/download/v5.5.0/ipaddr-5.5.0.tbz\" exited with code 6)")

#=== ERROR while fetching sources for hkdf.1.0.4 ==============================#
OpamSolution.Fetch_fail("https://github.com/hannesm/ocaml-hkdf/releases/download/v1.0.4/hkdf-v1.0.4.tbz (Curl failed: \"/usr/bin/curl --write-out %{http_code}\\\\n --retry 3 --retry-delay 2 --user-agent opam/2.2.0~beta3~dev -L -o /home/opam/.opam/4.14/.opam-switch/sources/hkdf.1.0.4/hkdf-v1.0.4.tbz.part -- https://github.com/hannesm/ocaml-hkdf/releases/download/v1.0.4/hkdf-v1.0.4.tbz\" exited with code 6)")

#=== ERROR while fetching sources for fpath.0.7.3 =============================#
OpamSolution.Fetch_fail("https://erratique.ch/software/fpath/releases/fpath-0.7.3.tbz (Curl failed: \"/usr/bin/curl --write-out %{http_code}\\\\n --retry 3 --retry-delay 2 --user-agent opam/2.2.0~beta3~dev -L -o /home/opam/.opam/4.14/.opam-switch/sources/fpath.0.7.3/fpath-0.7.3.tbz.part -- https://erratique.ch/software/fpath/releases/fpath-0.7.3.tbz\" exited with code 6)")

#=== ERROR while fetching sources for fmt.0.9.0 ===============================#
OpamSolution.Fetch_fail("https://erratique.ch/software/fmt/releases/fmt-0.9.0.tbz (Curl failed: \"/usr/bin/curl --write-out %{http_code}\\\\n --retry 3 --retry-delay 2 --user-agent opam/2.2.0~beta3~dev -L -o /home/opam/.opam/4.14/.opam-switch/sources/fmt.0.9.0/fmt-0.9.0.tbz.part -- https://erratique.ch/software/fmt/releases/fmt-0.9.0.tbz\" exited with code 6)")

#=== ERROR while fetching sources for eqaf.0.9 ================================#
OpamSolution.Fetch_fail("https://github.com/mirage/eqaf/releases/download/v0.9/eqaf-0.9.tbz (Curl failed: \"/usr/bin/curl --write-out %{http_code}\\\\n --retry 3 --retry-delay 2 --user-agent opam/2.2.0~beta3~dev -L -o /home/opam/.opam/4.14/.opam-switch/sources/eqaf.0.9/eqaf-0.9.tbz.part -- https://github.com/mirage/eqaf/releases/download/v0.9/eqaf-0.9.tbz\" exited with code 6)")

#=== ERROR while fetching sources for digestif.1.2.0 ==========================#
OpamSolution.Fetch_fail("https://github.com/mirage/digestif/releases/download/v1.2.0/digestif-1.2.0.tbz (Curl failed: \"/usr/bin/curl --write-out %{http_code}\\\\n --retry 3 --retry-delay 2 --user-agent opam/2.2.0~beta3~dev -L -o /home/opam/.opam/4.14/.opam-switch/sources/digestif.1.2.0/digestif-1.2.0.tbz.part -- https://github.com/mirage/digestif/releases/download/v1.2.0/digestif-1.2.0.tbz\" exited with code 6)")

#=== ERROR while fetching sources for cstruct.6.2.0 ===========================#
OpamSolution.Fetch_fail("https://github.com/mirage/ocaml-cstruct/releases/download/v6.2.0/cstruct-6.2.0.tbz (Curl failed: \"/usr/bin/curl --write-out %{http_code}\\\\n --retry 3 --retry-delay 2 --user-agent opam/2.2.0~beta3~dev -L -o /home/opam/.opam/4.14/.opam-switch/sources/cstruct.6.2.0/cstruct-6.2.0.tbz.part -- https://github.com/mirage/ocaml-cstruct/releases/download/v6.2.0/cstruct-6.2.0.tbz\" exited with code 6)")

#=== ERROR while fetching sources for conduit.6.2.2, conduit-lwt.6.2.2 and conduit-lwt-unix.6.2.2 
OpamSolution.Fetch_fail("https://github.com/mirage/ocaml-conduit/releases/download/v6.2.2/conduit-6.2.2.tbz (Curl failed: \"/usr/bin/curl --write-out %{http_code}\\\\n --retry 3 --retry-delay 2 --user-agent opam/2.2.0~beta3~dev -L -o /tmp/opam-7-8a0496/conduit-6.2.2.tbz.part -- https://github.com/mirage/ocaml-conduit/releases/download/v6.2.2/conduit-6.2.2.tbz\" exited with code 6)")

#=== ERROR while fetching sources for cohttp-lwt.5.3.0 and cohttp-lwt-unix.5.3.0 
OpamSolution.Fetch_fail("https://github.com/mirage/ocaml-cohttp/releases/download/v5.3.0/cohttp-5.3.0.tbz (Curl failed: \"/usr/bin/curl --write-out %{http_code}\\\\n --retry 3 --retry-delay 2 --user-agent opam/2.2.0~beta3~dev -L -o /tmp/opam-7-d81599/cohttp-5.3.0.tbz.part -- https://github.com/mirage/ocaml-cohttp/releases/download/v5.3.0/cohttp-5.3.0.tbz\" exited with code 6)")

#=== ERROR while fetching sources for cohttp.5.3.1 ============================#
OpamSolution.Fetch_fail("https://github.com/mirage/ocaml-cohttp/releases/download/v5.3.1/cohttp-5.3.1.tbz (Curl failed: \"/usr/bin/curl --write-out %{http_code}\\\\n --retry 3 --retry-delay 2 --user-agent opam/2.2.0~beta3~dev -L -o /home/opam/.opam/4.14/.opam-switch/sources/cohttp.5.3.1/cohttp-5.3.1.tbz.part -- https://github.com/mirage/ocaml-cohttp/releases/download/v5.3.1/cohttp-5.3.1.tbz\" exited with code 6)")

#=== ERROR while fetching sources for cmdliner.1.2.0 ==========================#
OpamSolution.Fetch_fail("https://erratique.ch/software/cmdliner/releases/cmdliner-1.2.0.tbz (Curl failed: \"/usr/bin/curl --write-out %{http_code}\\\\n --retry 3 --retry-delay 2 --user-agent opam/2.2.0~beta3~dev -L -o /home/opam/.opam/4.14/.opam-switch/sources/cmdliner.1.2.0/cmdliner-1.2.0.tbz.part -- https://erratique.ch/software/cmdliner/releases/cmdliner-1.2.0.tbz\" exited with code 6)")

#=== ERROR while fetching sources for caqti.1.9.0 =============================#
OpamSolution.Fetch_fail("https://github.com/paurkedal/ocaml-caqti/releases/download/v1.9.0/caqti-v1.9.0.tbz (Curl failed: \"/usr/bin/curl --write-out %{http_code}\\\\n --retry 3 --retry-delay 2 --user-agent opam/2.2.0~beta3~dev -L -o /home/opam/.opam/4.14/.opam-switch/sources/caqti.1.9.0/caqti-v1.9.0.tbz.part -- https://github.com/paurkedal/ocaml-caqti/releases/download/v1.9.0/caqti-v1.9.0.tbz\" exited with code 6)")

#=== ERROR while fetching sources for ca-certs.0.2.3 ==========================#
OpamSolution.Fetch_fail("https://github.com/mirage/ca-certs/releases/download/v0.2.3/ca-certs-0.2.3.tbz (Curl failed: \"/usr/bin/curl --write-out %{http_code}\\\\n --retry 3 --retry-delay 2 --user-agent opam/2.2.0~beta3~dev -L -o /home/opam/.opam/4.14/.opam-switch/sources/ca-certs.0.2.3/ca-certs-0.2.3.tbz.part -- https://github.com/mirage/ca-certs/releases/download/v0.2.3/ca-certs-0.2.3.tbz\" exited with code 6)")

#=== ERROR while fetching sources for bos.0.2.1 ===============================#
OpamSolution.Fetch_fail("https://erratique.ch/software/bos/releases/bos-0.2.1.tbz (Curl failed: \"/usr/bin/curl --write-out %{http_code}\\\\n --retry 3 --retry-delay 2 --user-agent opam/2.2.0~beta3~dev -L -o /home/opam/.opam/4.14/.opam-switch/sources/bos.0.2.1/bos-0.2.1.tbz.part -- https://erratique.ch/software/bos/releases/bos-0.2.1.tbz\" exited with code 6)")

#=== ERROR while fetching sources for astring.0.8.5 ===========================#
OpamSolution.Fetch_fail("https://erratique.ch/software/astring/releases/astring-0.8.5.tbz (Curl failed: \"/usr/bin/curl --write-out %{http_code}\\\\n --retry 3 --retry-delay 2 --user-agent opam/2.2.0~beta3~dev -L -o /home/opam/.opam/4.14/.opam-switch/sources/astring.0.8.5/astring-0.8.5.tbz.part -- https://erratique.ch/software/astring/releases/astring-0.8.5.tbz\" exited with code 6)")

#=== ERROR while fetching sources for asn1-combinators.0.2.6 ==================#
OpamSolution.Fetch_fail("https://github.com/mirleft/ocaml-asn1-combinators/releases/download/v0.2.6/asn1-combinators-v0.2.6.tbz (Curl failed: \"/usr/bin/curl --write-out %{http_code}\\\\n --retry 3 --retry-delay 2 --user-agent opam/2.2.0~beta3~dev -L -o /home/opam/.opam/4.14/.opam-switch/sources/asn1-combinators.0.2.6/asn1-combinators-v0.2.6.tbz.part -- https://github.com/mirleft/ocaml-asn1-combinators/releases/download/v0.2.6/asn1-combinators-v0.2.6.tbz\" exited with code 6)")

#=== ERROR while fetching sources for alcotest.1.7.0 and alcotest-lwt.1.7.0 ===#
OpamSolution.Fetch_fail("https://github.com/mirage/alcotest/releases/download/1.7.0/alcotest-1.7.0.tbz (Curl failed: \"/usr/bin/curl --write-out %{http_code}\\\\n --retry 3 --retry-delay 2 --user-agent opam/2.2.0~beta3~dev -L -o /tmp/opam-7-c41919/alcotest-1.7.0.tbz.part -- https://github.com/mirage/alcotest/releases/download/1.7.0/alcotest-1.7.0.tbz\" exited with code 6)")


<><> Error report <><><><><><><><><><><><><><><><><><><><><><><><><><><><><><><>
+- The following actions were aborted
| - recompile sihl-core 0.2.1
+- 
+- The following actions failed
| - fetch alcotest.1.7.0, alcotest-lwt.1.7.0                                                               
| - fetch asn1-combinators                                                                                 0.2.6
| - fetch astring                                                                                          0.8.5
| - fetch bos                                                                                              0.2.1
| - fetch ca-certs                                                                                         0.2.3
| - fetch caqti                                                                                            1.9.0
| - fetch cmdliner                                                                                         1.2.0
| - fetch cohttp                                                                                           5.3.1
| - fetch cohttp-lwt.5.3.0, cohttp-lwt-unix.5.3.0                                                          
| - fetch conduit.6.2.2, conduit-lwt.6.2.2, conduit-lwt-unix.6.2.2                                         
| - fetch cstruct                                                                                          6.2.0
| - fetch digestif                                                                                         1.2.0
| - fetch eqaf                                                                                             0.9
| - fetch fmt                                                                                              0.9.0
| - fetch fpath                                                                                            0.7.3
| - fetch hkdf                                                                                             1.0.4
| - fetch ipaddr-sexp                                                                                      5.5.0
| - fetch jsonm                                                                                            1.0.2
| - fetch jwto                                                                                             0.4.0
| - fetch logs                                                                                             0.7.0
| - fetch magic-mime                                                                                       1.3.1
| - fetch mirage-crypto.0.11.3, mirage-crypto-ec.0.11.3, mirage-crypto-pk.0.11.3, mirage-crypto-rng.0.11.3 
| - fetch pbkdf                                                                                            1.2.0
| - fetch rresult                                                                                          0.7.0
| - fetch tls                                                                                              0.17.4
| - fetch uri-sexp                                                                                         4.4.0
| - fetch uutf                                                                                             1.0.3
| - fetch x509                                                                                             0.16.5
+- 
- No changes have been performed
# Run eval $(opam env) to update the current shell environment
'opam reinstall --with-test --verbose sihl-core.0.2.1' failed.
"/usr/bin/env" "bash" "-c" "opam reinstall --with-test --verbose sihl-core.0.2.1;
        res=$?;
        test "$res" != 31 && exit "$res";
        export OPAMCLI=2.0;
        build_dir=$(opam var prefix)/.opam-switch/build;
        failed=$(ls "$build_dir");
        partial_fails="";
        for pkg in $failed; do
          if opam show -f x-ci-accept-failures: "$pkg" | grep -qF "\"oraclelinux-9\""; then
            echo "A package failed and has been disabled for CI using the 'x-ci-accept-failures' field.";
          fi;
          test "$pkg" != 'sihl-core.0.2.1' && partial_fails="$partial_fails $pkg";
        done;
        test "${partial_fails}" != "" && echo "opam-repo-ci detected dependencies failing: ${partial_fails}";
        exit 1" failed with exit status 40
2024-05-09 20:19.17: Job failed: Failed: Build failed
2024-05-09 20:19.17: Log analysis:
2024-05-09 20:19.17: >>> 
[ERROR] Sorry, resolution of the request timed out.
 (score = 20)
2024-05-09 20:19.17: >>> 
[ERROR] Failed to get sources of alcotest.1.7.0, alcotest-lwt.1.7.0 (https://github.com/mirage/alcotest/releases/download/1.7.0/alcotest-1.7.0.tbz): Curl failed
 (score = 25)
2024-05-09 20:19.17: >>> 
[ERROR] Failed to get sources of asn1-combinators.0.2.6: Curl failed
 (score = 25)
2024-05-09 20:19.17: >>> 
[ERROR] Failed to get sources of astring.0.8.5: Curl failed
 (score = 25)
2024-05-09 20:19.17: >>> 
[ERROR] Failed to get sources of bos.0.2.1: Curl failed
 (score = 25)
2024-05-09 20:19.17: >>> 
[ERROR] Failed to get sources of ca-certs.0.2.3: Curl failed
 (score = 25)
2024-05-09 20:19.17: >>> 
[ERROR] Failed to get sources of caqti.1.9.0: Curl failed
 (score = 25)
2024-05-09 20:19.17: >>> 
[ERROR] Failed to get sources of cmdliner.1.2.0: Curl failed
 (score = 25)
2024-05-09 20:19.17: >>> 
[ERROR] Failed to get sources of cohttp.5.3.1: Curl failed
 (score = 25)
2024-05-09 20:19.17: >>> 
[ERROR] Failed to get sources of cohttp-lwt.5.3.0, cohttp-lwt-unix.5.3.0 (https://github.com/mirage/ocaml-cohttp/releases/download/v5.3.0/cohttp-5.3.0.tbz): Curl failed
 (score = 25)
2024-05-09 20:19.17: >>> 
[ERROR] Failed to get sources of conduit.6.2.2, conduit-lwt.6.2.2, conduit-lwt-unix.6.2.2 (https://github.com/mirage/ocaml-conduit/releases/download/v6.2.2/conduit-6.2.2.tbz): Curl failed
 (score = 25)
2024-05-09 20:19.17: >>> 
[ERROR] Failed to get sources of cstruct.6.2.0: Curl failed
 (score = 25)
2024-05-09 20:19.17: >>> 
[ERROR] Failed to get sources of digestif.1.2.0: Curl failed
 (score = 25)
2024-05-09 20:19.17: >>> 
[ERROR] Failed to get sources of eqaf.0.9: Curl failed
 (score = 25)
2024-05-09 20:19.17: >>> 
[ERROR] Failed to get sources of fmt.0.9.0: Curl failed
 (score = 25)
2024-05-09 20:19.17: >>> 
[ERROR] Failed to get sources of fpath.0.7.3: Curl failed
 (score = 25)
2024-05-09 20:19.17: >>> 
[ERROR] Failed to get sources of hkdf.1.0.4: Curl failed
 (score = 25)
2024-05-09 20:19.17: >>> 
[ERROR] Failed to get sources of ipaddr-sexp.5.5.0: Curl failed
 (score = 25)
2024-05-09 20:19.17: >>> 
[ERROR] Failed to get sources of jsonm.1.0.2: Curl failed
 (score = 25)
2024-05-09 20:19.17: >>> 
[ERROR] Failed to get sources of jwto.0.4.0: Curl failed
 (score = 25)
2024-05-09 20:19.17: >>> 
[ERROR] Failed to get sources of logs.0.7.0: Curl failed
 (score = 25)
2024-05-09 20:19.17: >>> 
[ERROR] Failed to get sources of magic-mime.1.3.1: Curl failed
 (score = 25)
2024-05-09 20:19.17: >>> 
[ERROR] Failed to get sources of mirage-crypto.0.11.3, mirage-crypto-ec.0.11.3, mirage-crypto-pk.0.11.3, mirage-crypto-rng.0.11.3 (https://github.com/mirage/mirage-crypto/releases/download/v0.11.3/mirage-crypto-0.11.3.tbz): Curl failed
 (score = 25)
2024-05-09 20:19.17: >>> 
[ERROR] Failed to get sources of pbkdf.1.2.0: Curl failed
 (score = 25)
2024-05-09 20:19.17: >>> 
[ERROR] Failed to get sources of rresult.0.7.0: Curl failed
 (score = 25)
2024-05-09 20:19.17: >>> 
[ERROR] Failed to get sources of tls.0.17.4: Curl failed
 (score = 25)
2024-05-09 20:19.17: >>> 
[ERROR] Failed to get sources of uri-sexp.4.4.0: Curl failed
 (score = 25)
2024-05-09 20:19.17: >>> 
[ERROR] Failed to get sources of uutf.1.0.3: Curl failed
 (score = 25)
2024-05-09 20:19.17: >>> 
[ERROR] Failed to get sources of x509.0.16.5: Curl failed
 (score = 25)
2024-05-09 20:19.17: Failed to get sources of alcotest.1.7.0, alcotest-lwt.1.7.0 (https://github.com/mirage/alcotest/releases/download/1.7.0/alcotest-1.7.0.tbz): Curl failed
