2024-05-09 15:40.35: New job: test sihl-core.0.3.0~rc1, using opam dev
                              from https://github.com/ocaml/opam-repository.git#refs/pull/25818/head (11017bed0038cfa3d4f199832c2832b82d1c2dcf)
                              on ubuntu-23.10-ocaml-4.14/amd64

To reproduce locally:

cd $(mktemp -d)
git clone --recursive "https://github.com/ocaml/opam-repository.git" && cd "opam-repository" && git fetch origin "refs/pull/25818/head" && git reset --hard 11017bed
git fetch origin master
git merge --no-edit eb2dcab0d89c073472e42694f435d3e33dbd24dc
cat > ../Dockerfile <<'END-OF-DOCKERFILE'
[34mFROM ocaml/opam:ubuntu-23.10-ocaml-4.14@sha256:b9ec80db06c5efa4350a8ebbbd318ddce8f8e2cda7775fa6c15a62d78e6a69b8
USER 1000:1000
WORKDIR /home/opam
RUN sudo ln -f /usr/bin/opam-dev /usr/bin/opam
RUN opam init --reinit -ni
RUN uname -rs && opam exec -- ocaml -version && opam --version
ENV OPAMDOWNLOADJOBS="1"
ENV OPAMERRLOGLEN="0"
ENV OPAMSOLVERTIMEOUT="500"
ENV OPAMPRECISETRACKING="1"
ENV CI="true"
ENV OPAM_REPO_CI="true"
RUN rm -rf opam-repository/
COPY --chown=1000:1000 . opam-repository/
RUN opam repository set-url --strict default opam-repository/
RUN opam update --depexts || true
RUN opam pin add -k version -yn sihl-core.0.3.0~rc1 0.3.0~rc1
RUN opam reinstall sihl-core.0.3.0~rc1; \
    res=$?; \
    test "$res" != 31 && exit "$res"; \
    export OPAMCLI=2.0; \
    build_dir=$(opam var prefix)/.opam-switch/build; \
    failed=$(ls "$build_dir"); \
    partial_fails=""; \
    for pkg in $failed; do \
    if opam show -f x-ci-accept-failures: "$pkg" | grep -qF "\"ubuntu-23.10\""; then \
    echo "A package failed and has been disabled for CI using the 'x-ci-accept-failures' field."; \
    fi; \
    test "$pkg" != 'sihl-core.0.3.0~rc1' && partial_fails="$partial_fails $pkg"; \
    done; \
    test "${partial_fails}" != "" && echo "opam-repo-ci detected dependencies failing: ${partial_fails}"; \
    exit 1
RUN (opam reinstall --with-test sihl-core.0.3.0~rc1) || true
RUN opam reinstall --with-test --verbose sihl-core.0.3.0~rc1; \
    res=$?; \
    test "$res" != 31 && exit "$res"; \
    export OPAMCLI=2.0; \
    build_dir=$(opam var prefix)/.opam-switch/build; \
    failed=$(ls "$build_dir"); \
    partial_fails=""; \
    for pkg in $failed; do \
    if opam show -f x-ci-accept-failures: "$pkg" | grep -qF "\"ubuntu-23.10\""; then \
    echo "A package failed and has been disabled for CI using the 'x-ci-accept-failures' field."; \
    fi; \
    test "$pkg" != 'sihl-core.0.3.0~rc1' && partial_fails="$partial_fails $pkg"; \
    done; \
    test "${partial_fails}" != "" && echo "opam-repo-ci detected dependencies failing: ${partial_fails}"; \
    exit 1
[0m
END-OF-DOCKERFILE
docker build -f ../Dockerfile .

2024-05-09 15:40.35: Using cache hint "ocaml/opam:ubuntu-23.10-ocaml-4.14@sha256:b9ec80db06c5efa4350a8ebbbd318ddce8f8e2cda7775fa6c15a62d78e6a69b8-sihl-core.0.3.0~rc1-11017bed0038cfa3d4f199832c2832b82d1c2dcf"
2024-05-09 15:40.35: Using OBuilder spec:
((from ocaml/opam:ubuntu-23.10-ocaml-4.14@sha256:b9ec80db06c5efa4350a8ebbbd318ddce8f8e2cda7775fa6c15a62d78e6a69b8)
 (user (uid 1000) (gid 1000))
 (workdir /home/opam)
 (run (shell "sudo ln -f /usr/bin/opam-dev /usr/bin/opam"))
 (run (network host)
      (shell "opam init --reinit --config .opamrc-sandbox -ni"))
 (run (shell "uname -rs && opam exec -- ocaml -version && opam --version"))
 (env OPAMDOWNLOADJOBS 1)
 (env OPAMERRLOGLEN 0)
 (env OPAMSOLVERTIMEOUT 500)
 (env OPAMPRECISETRACKING 1)
 (env CI true)
 (env OPAM_REPO_CI true)
 (run (shell "rm -rf opam-repository/"))
 (copy (src .) (dst opam-repository/))
 (run (shell "opam repository set-url --strict default opam-repository/"))
 (run (network host)
      (shell "opam update --depexts || true"))
 (run (shell "opam pin add -k version -yn sihl-core.0.3.0~rc1 0.3.0~rc1"))
 (run (cache (opam-archives (target /home/opam/.opam/download-cache)))
      (network host)
      (shell  "opam reinstall sihl-core.0.3.0~rc1;\
             \n        res=$?;\
             \n        test \"$res\" != 31 && exit \"$res\";\
             \n        export OPAMCLI=2.0;\
             \n        build_dir=$(opam var prefix)/.opam-switch/build;\
             \n        failed=$(ls \"$build_dir\");\
             \n        partial_fails=\"\";\
             \n        for pkg in $failed; do\
             \n          if opam show -f x-ci-accept-failures: \"$pkg\" | grep -qF \"\\\"ubuntu-23.10\\\"\"; then\
             \n            echo \"A package failed and has been disabled for CI using the 'x-ci-accept-failures' field.\";\
             \n          fi;\
             \n          test \"$pkg\" != 'sihl-core.0.3.0~rc1' && partial_fails=\"$partial_fails $pkg\";\
             \n        done;\
             \n        test \"${partial_fails}\" != \"\" && echo \"opam-repo-ci detected dependencies failing: ${partial_fails}\";\
             \n        exit 1"))
 (run (network host)
      (shell "(opam reinstall --with-test sihl-core.0.3.0~rc1) || true"))
 (run (shell  "opam reinstall --with-test --verbose sihl-core.0.3.0~rc1;\
             \n        res=$?;\
             \n        test \"$res\" != 31 && exit \"$res\";\
             \n        export OPAMCLI=2.0;\
             \n        build_dir=$(opam var prefix)/.opam-switch/build;\
             \n        failed=$(ls \"$build_dir\");\
             \n        partial_fails=\"\";\
             \n        for pkg in $failed; do\
             \n          if opam show -f x-ci-accept-failures: \"$pkg\" | grep -qF \"\\\"ubuntu-23.10\\\"\"; then\
             \n            echo \"A package failed and has been disabled for CI using the 'x-ci-accept-failures' field.\";\
             \n          fi;\
             \n          test \"$pkg\" != 'sihl-core.0.3.0~rc1' && partial_fails=\"$partial_fails $pkg\";\
             \n        done;\
             \n        test \"${partial_fails}\" != \"\" && echo \"opam-repo-ci detected dependencies failing: ${partial_fails}\";\
             \n        exit 1"))
)

2024-05-09 15:40.35: Waiting for resource in pool OCluster
2024-05-09 19:19.47: Waiting for workerâ€¦
2024-05-09 19:25.37: Got resource from pool OCluster
Building on x86-bm-c3.sw.ocaml.org
All commits already cached
Updating files:  55% (18768/33697)Updating files:  56% (18871/33697)Updating files:  57% (19208/33697)Updating files:  58% (19545/33697)Updating files:  59% (19882/33697)Updating files:  60% (20219/33697)Updating files:  61% (20556/33697)Updating files:  62% (20893/33697)Updating files:  63% (21230/33697)Updating files:  64% (21567/33697)Updating files:  65% (21904/33697)Updating files:  66% (22241/33697)Updating files:  67% (22577/33697)Updating files:  68% (22914/33697)Updating files:  69% (23251/33697)Updating files:  70% (23588/33697)Updating files:  71% (23925/33697)Updating files:  72% (24262/33697)Updating files:  73% (24599/33697)Updating files:  74% (24936/33697)Updating files:  75% (25273/33697)Updating files:  76% (25610/33697)Updating files:  77% (25947/33697)Updating files:  78% (26284/33697)Updating files:  79% (26621/33697)Updating files:  80% (26958/33697)Updating files:  81% (27295/33697)Updating files:  82% (27632/33697)Updating files:  83% (27969/33697)Updating files:  84% (28306/33697)Updating files:  85% (28643/33697)Updating files:  86% (28980/33697)Updating files:  87% (29317/33697)Updating files:  88% (29654/33697)Updating files:  89% (29991/33697)Updating files:  90% (30328/33697)Updating files:  91% (30665/33697)Updating files:  92% (31002/33697)Updating files:  93% (31339/33697)Updating files:  94% (31676/33697)Updating files:  95% (32013/33697)Updating files:  96% (32350/33697)Updating files:  97% (32687/33697)Updating files:  98% (33024/33697)Updating files:  99% (33361/33697)Updating files: 100% (33697/33697)Updating files: 100% (33697/33697), done.
HEAD is now at eb2dcab0d8 Merge pull request #25801 from hannesm/release-xenstore-v2.3.0
Merge made by the 'ort' strategy.
 .../base_bigstring/base_bigstring.v0.17.0/opam     | 27 +++++++++++
 .../base_quickcheck/base_quickcheck.v0.17.0/opam   | 34 ++++++++++++++
 packages/bin_prot/bin_prot.v0.17.0/opam            | 38 ++++++++++++++++
 packages/bio_io/bio_io.0.5.1/opam                  |  2 +-
 packages/bio_io/bio_io.0.6.0/opam                  |  2 +-
 packages/caisar-ir/caisar-ir.0.2/opam              |  2 +-
 packages/caisar-onnx/caisar-onnx.0.1/opam          |  2 +-
 packages/caisar-onnx/caisar-onnx.0.2/opam          |  2 +-
 .../capitalization/capitalization.v0.17.0/opam     | 25 ++++++++++
 packages/core/core.v0.17.0/opam                    | 50 ++++++++++++++++++++
 packages/feather/feather.0.2.0/opam                |  2 +-
 packages/feather/feather.0.3.0/opam                |  2 +-
 packages/fieldslib/fieldslib.v0.17.0/opam          | 28 ++++++++++++
 packages/gel/gel.v0.17.0/opam                      | 26 +++++++++++
 packages/http/http.6.0.0~alpha2/opam               |  2 +-
 packages/http/http.6.0.0~beta2/opam                |  2 +-
 packages/idd/idd.0.1/opam                          |  2 +-
 packages/int_repr/int_repr.v0.17.0/opam            | 26 +++++++++++
 .../jane-street-headers.v0.17.0/opam               | 24 ++++++++++
 packages/jst-config/jst-config.v0.17.0/opam        | 32 +++++++++++++
 packages/parsexp/parsexp.v0.17.0/opam              | 43 ++++++++++++++++++
 packages/ppx_assert/ppx_assert.v0.17.0/opam        | 30 ++++++++++++
 packages/ppx_base/ppx_base.v0.17.0/opam            | 34 ++++++++++++++
 packages/ppx_bench/ppx_bench.v0.17.0/opam          | 26 +++++++++++
 packages/ppx_bin_prot/ppx_bin_prot.v0.17.0/opam    | 29 ++++++++++++
 packages/ppx_cold/ppx_cold.v0.17.0/opam            | 26 +++++++++++
 packages/ppx_compare/ppx_compare.v0.17.0/opam      | 27 +++++++++++
 .../ppx_custom_printf.v0.17.0/opam                 | 27 +++++++++++
 packages/ppx_diff/ppx_diff.v0.17.0/opam            | 31 +++++++++++++
 .../ppx_disable_unused_warnings.v0.17.0/opam       | 26 +++++++++++
 packages/ppx_enumerate/ppx_enumerate.v0.17.0/opam  | 27 +++++++++++
 packages/ppx_expect/ppx_expect.v0.17.0/opam        | 29 ++++++++++++
 .../ppx_fields_conv/ppx_fields_conv.v0.17.0/opam   | 27 +++++++++++
 .../ppx_fixed_literal.v0.17.0/opam                 | 27 +++++++++++
 packages/ppx_globalize/ppx_globalize.v0.17.0/opam  | 27 +++++++++++
 packages/ppx_hash/ppx_hash.v0.17.0/opam            | 29 ++++++++++++
 packages/ppx_here/ppx_here.v0.17.0/opam            | 26 +++++++++++
 .../ppx_ignore_instrumentation.v0.17.0/opam        | 26 +++++++++++
 .../ppx_inline_test/ppx_inline_test.v0.17.0/opam   | 27 +++++++++++
 packages/ppx_jane/ppx_jane.v0.17.0/opam            | 53 ++++++++++++++++++++++
 packages/ppx_let/ppx_let.v0.17.0/opam              | 27 +++++++++++
 packages/ppx_log/ppx_log.v0.17.0/opam              | 39 ++++++++++++++++
 .../ppx_module_timer/ppx_module_timer.v0.17.0/opam | 29 ++++++++++++
 packages/ppx_optcomp/ppx_optcomp.v0.17.0/opam      | 27 +++++++++++
 packages/ppx_optional/ppx_optional.v0.17.0/opam    | 28 ++++++++++++
 packages/ppx_pipebang/ppx_pipebang.v0.17.0/opam    | 25 ++++++++++
 .../ppx_protocol_conv/ppx_protocol_conv.5.1.3/opam |  2 +-
 packages/ppx_sexp_conv/ppx_sexp_conv.v0.17.0/opam  | 28 ++++++++++++
 .../ppx_sexp_message/ppx_sexp_message.v0.17.0/opam | 28 ++++++++++++
 .../ppx_sexp_value/ppx_sexp_value.v0.17.0/opam     | 28 ++++++++++++
 packages/ppx_stable/ppx_stable.v0.17.0/opam        | 27 +++++++++++
 .../ppx_stable_witness.v0.17.0/opam                | 26 +++++++++++
 packages/ppx_string/ppx_string.v0.17.0/opam        | 27 +++++++++++
 .../ppx_string_conv/ppx_string_conv.v0.17.0/opam   | 29 ++++++++++++
 packages/ppx_tydi/ppx_tydi.v0.17.0/opam            | 26 +++++++++++
 .../ppx_typerep_conv/ppx_typerep_conv.v0.17.0/opam | 27 +++++++++++
 .../ppx_variants_conv.v0.17.0/opam                 | 27 +++++++++++
 packages/ppxlib_jane/ppxlib_jane.v0.17.0/opam      | 25 ++++++++++
 packages/sexplib/sexplib.v0.17.0/opam              | 30 ++++++++++++
 packages/sihl-core/sihl-core.0.2.0/opam            |  2 +-
 packages/sihl-core/sihl-core.0.2.1/opam            |  2 +-
 packages/sihl-core/sihl-core.0.2.2/opam            |  2 +-
 packages/sihl-core/sihl-core.0.3.0~rc1/opam        |  2 +-
 .../splittable_random.v0.17.0/opam                 | 36 +++++++++++++++
 packages/stdio/stdio.v0.17.0/opam                  | 28 ++++++++++++
 packages/time_now/time_now.v0.17.0/opam            | 30 ++++++++++++
 packages/tldr/tldr.0.3.0/opam                      |  2 +-
 packages/torch/torch.0.10/opam                     |  2 +-
 packages/torch/torch.0.11/opam                     |  2 +-
 packages/torch/torch.0.12/opam                     |  2 +-
 packages/torch/torch.0.13/opam                     |  2 +-
 packages/torch/torch.0.14/opam                     |  2 +-
 packages/torch/torch.0.15/opam                     |  2 +-
 packages/torch/torch.0.16/opam                     |  2 +-
 packages/torch/torch.0.17/opam                     |  2 +-
 packages/torch/torch.0.5/opam                      |  2 +-
 packages/torch/torch.0.6/opam                      |  2 +-
 packages/torch/torch.0.7/opam                      |  2 +-
 packages/torch/torch.0.8/opam                      |  2 +-
 packages/torch/torch.0.9/opam                      |  2 +-
 packages/travesty/travesty.0.8.0/opam              |  2 +-
 packages/typerep/typerep.v0.17.0/opam              | 24 ++++++++++
 packages/variantslib/variantslib.v0.17.0/opam      | 27 +++++++++++
 83 files changed, 1585 insertions(+), 30 deletions(-)
 create mode 100644 packages/base_bigstring/base_bigstring.v0.17.0/opam
 create mode 100644 packages/base_quickcheck/base_quickcheck.v0.17.0/opam
 create mode 100644 packages/bin_prot/bin_prot.v0.17.0/opam
 create mode 100644 packages/capitalization/capitalization.v0.17.0/opam
 create mode 100644 packages/core/core.v0.17.0/opam
 create mode 100644 packages/fieldslib/fieldslib.v0.17.0/opam
 create mode 100644 packages/gel/gel.v0.17.0/opam
 create mode 100644 packages/int_repr/int_repr.v0.17.0/opam
 create mode 100644 packages/jane-street-headers/jane-street-headers.v0.17.0/opam
 create mode 100644 packages/jst-config/jst-config.v0.17.0/opam
 create mode 100644 packages/parsexp/parsexp.v0.17.0/opam
 create mode 100644 packages/ppx_assert/ppx_assert.v0.17.0/opam
 create mode 100644 packages/ppx_base/ppx_base.v0.17.0/opam
 create mode 100644 packages/ppx_bench/ppx_bench.v0.17.0/opam
 create mode 100644 packages/ppx_bin_prot/ppx_bin_prot.v0.17.0/opam
 create mode 100644 packages/ppx_cold/ppx_cold.v0.17.0/opam
 create mode 100644 packages/ppx_compare/ppx_compare.v0.17.0/opam
 create mode 100644 packages/ppx_custom_printf/ppx_custom_printf.v0.17.0/opam
 create mode 100644 packages/ppx_diff/ppx_diff.v0.17.0/opam
 create mode 100644 packages/ppx_disable_unused_warnings/ppx_disable_unused_warnings.v0.17.0/opam
 create mode 100644 packages/ppx_enumerate/ppx_enumerate.v0.17.0/opam
 create mode 100644 packages/ppx_expect/ppx_expect.v0.17.0/opam
 create mode 100644 packages/ppx_fields_conv/ppx_fields_conv.v0.17.0/opam
 create mode 100644 packages/ppx_fixed_literal/ppx_fixed_literal.v0.17.0/opam
 create mode 100644 packages/ppx_globalize/ppx_globalize.v0.17.0/opam
 create mode 100644 packages/ppx_hash/ppx_hash.v0.17.0/opam
 create mode 100644 packages/ppx_here/ppx_here.v0.17.0/opam
 create mode 100644 packages/ppx_ignore_instrumentation/ppx_ignore_instrumentation.v0.17.0/opam
 create mode 100644 packages/ppx_inline_test/ppx_inline_test.v0.17.0/opam
 create mode 100644 packages/ppx_jane/ppx_jane.v0.17.0/opam
 create mode 100644 packages/ppx_let/ppx_let.v0.17.0/opam
 create mode 100644 packages/ppx_log/ppx_log.v0.17.0/opam
 create mode 100644 packages/ppx_module_timer/ppx_module_timer.v0.17.0/opam
 create mode 100644 packages/ppx_optcomp/ppx_optcomp.v0.17.0/opam
 create mode 100644 packages/ppx_optional/ppx_optional.v0.17.0/opam
 create mode 100644 packages/ppx_pipebang/ppx_pipebang.v0.17.0/opam
 create mode 100644 packages/ppx_sexp_conv/ppx_sexp_conv.v0.17.0/opam
 create mode 100644 packages/ppx_sexp_message/ppx_sexp_message.v0.17.0/opam
 create mode 100644 packages/ppx_sexp_value/ppx_sexp_value.v0.17.0/opam
 create mode 100644 packages/ppx_stable/ppx_stable.v0.17.0/opam
 create mode 100644 packages/ppx_stable_witness/ppx_stable_witness.v0.17.0/opam
 create mode 100644 packages/ppx_string/ppx_string.v0.17.0/opam
 create mode 100644 packages/ppx_string_conv/ppx_string_conv.v0.17.0/opam
 create mode 100644 packages/ppx_tydi/ppx_tydi.v0.17.0/opam
 create mode 100644 packages/ppx_typerep_conv/ppx_typerep_conv.v0.17.0/opam
 create mode 100644 packages/ppx_variants_conv/ppx_variants_conv.v0.17.0/opam
 create mode 100644 packages/ppxlib_jane/ppxlib_jane.v0.17.0/opam
 create mode 100644 packages/sexplib/sexplib.v0.17.0/opam
 create mode 100644 packages/splittable_random/splittable_random.v0.17.0/opam
 create mode 100644 packages/stdio/stdio.v0.17.0/opam
 create mode 100644 packages/time_now/time_now.v0.17.0/opam
 create mode 100644 packages/typerep/typerep.v0.17.0/opam
 create mode 100644 packages/variantslib/variantslib.v0.17.0/opam

[01;34m(from ocaml/opam:ubuntu-23.10-ocaml-4.14@sha256:b9ec80db06c5efa4350a8ebbbd318ddce8f8e2cda7775fa6c15a62d78e6a69b8)[0m
Unable to find image 'ocaml/opam:ubuntu-23.10-ocaml-4.14@sha256:b9ec80db06c5efa4350a8ebbbd318ddce8f8e2cda7775fa6c15a62d78e6a69b8' locally
docker.io/ocaml/opam@sha256:b9ec80db06c5efa4350a8ebbbd318ddce8f8e2cda7775fa6c15a62d78e6a69b8: Pulling from ocaml/opam
5f370b698cdd: Pulling fs layer
5f370b698cdd: Verifying Checksum
5f370b698cdd: Download complete
5f370b698cdd: Pull complete
Digest: sha256:b9ec80db06c5efa4350a8ebbbd318ddce8f8e2cda7775fa6c15a62d78e6a69b8
Status: Downloaded newer image for ocaml/opam@sha256:b9ec80db06c5efa4350a8ebbbd318ddce8f8e2cda7775fa6c15a62d78e6a69b8
[01;2m[01;35m2024-05-09 19:26.31 ---> saved as "3f42af54d7f29c071433f239684440d1c4b908d6f18eea77b1b1889c2f91e06a"[0m

[01;34m/: (user (uid 1000) (gid 1000))[0m

[01;34m/: (workdir /home/opam)[0m

[01;34m/home/opam: (run (shell "sudo ln -f /usr/bin/opam-dev /usr/bin/opam"))[0m
[01;2m[01;35m2024-05-09 19:26.31 ---> saved as "355b4566b04f43c821372eef5f627a4fcfe0cfb6ede54b7c781b06ae4cd144f1"[0m

[01;34m/home/opam: (run (network host)
                 (shell "opam init --reinit --config .opamrc-sandbox -ni"))[0m
Configuring from /home/opam/.opamrc-sandbox, then /home/opam/.opamrc, and finally from built-in defaults.
Checking for available remotes: rsync and local, git.
  - you won't be able to use mercurial repositories unless you install the hg command on your system.
  - you won't be able to use darcs repositories unless you install the darcs command on your system.

This development version of opam requires an update to the layout of /home/opam/.opam from version 2.0 to version 2.2~alpha, which can't be reverted.
You may want to back it up before going further.

Continue? [y/n] y
Format upgrade done.

<><> Updating repositories ><><><><><><><><><><><><><><><><><><><><><><><><><><>
[default] synchronised from file:///home/opam/opam-repository
[01;2m[01;35m2024-05-09 19:27.46 ---> saved as "9b9effd9049edd05bf050cfba83e265b7211f4923c394431d9298cfc181de892"[0m

[01;34m/home/opam: (run (shell "uname -rs && opam exec -- ocaml -version && opam --version"))[0m
Linux 5.15.0-101-generic
The OCaml toplevel, version 4.14.2
2.2.0~beta3~dev
[01;2m[01;35m2024-05-09 19:27.46 ---> saved as "5f88f8c3045601cc123d6f12aeb824b71bbb11e63eb0da7a8af95a88c4284891"[0m

[01;34m/home/opam: (env OPAMDOWNLOADJOBS 1)[0m

[01;34m/home/opam: (env OPAMERRLOGLEN 0)[0m

[01;34m/home/opam: (env OPAMSOLVERTIMEOUT 500)[0m

[01;34m/home/opam: (env OPAMPRECISETRACKING 1)[0m

[01;34m/home/opam: (env CI true)[0m

[01;34m/home/opam: (env OPAM_REPO_CI true)[0m

[01;34m/home/opam: (run (shell "rm -rf opam-repository/"))[0m
[01;2m[01;35m2024-05-09 19:27.58 ---> saved as "350a8eeff1e393c74e24c47594c574d6fdb36b08b491aa7f495be1dd8e0e749d"[0m

[01;34m/home/opam: (copy (src .) (dst opam-repository/))[0m
[01;2m[01;35m2024-05-09 19:28.19 ---> saved as "38fd736b53ff03a98f28cf85ddd4ebe3634b1c9f7fbffcebe82efd1bfaec7b47"[0m

[01;34m/home/opam: (run (shell "opam repository set-url --strict default opam-repository/"))[0m
[default] Initialised
[01;2m[01;35m2024-05-09 19:29.08 ---> saved as "541adb5b5f53aa1d0c482d6f5edda2cfb384d81c394cc89f1b80686ada3e62a3"[0m

[01;34m/home/opam: (run (network host)
                 (shell "opam update --depexts || true"))[0m
+ /usr/bin/sudo "apt-get" "update"
- Hit:1 http://archive.ubuntu.com/ubuntu mantic InRelease
- Get:2 http://security.ubuntu.com/ubuntu mantic-security InRelease [109 kB]
- Get:3 http://archive.ubuntu.com/ubuntu mantic-updates InRelease [109 kB]
- Get:4 http://archive.ubuntu.com/ubuntu mantic-backports InRelease [90.8 kB]
- Get:5 http://security.ubuntu.com/ubuntu mantic-security/universe amd64 Packages [360 kB]
- Get:6 http://archive.ubuntu.com/ubuntu mantic-updates/main amd64 Packages [522 kB]
- Get:7 http://security.ubuntu.com/ubuntu mantic-security/main amd64 Packages [445 kB]
- Get:8 http://archive.ubuntu.com/ubuntu mantic-updates/universe amd64 Packages [470 kB]
- Get:9 http://archive.ubuntu.com/ubuntu mantic-backports/universe amd64 Packages [4216 B]
- Fetched 2109 kB in 1s (1595 kB/s)
- Reading package lists...
- 
[01;2m[01;35m2024-05-09 19:29.10 ---> saved as "146c97bda32d90fd881f5b7cfb0c6036ea48f197ba7f7b907b47bc67f38972eb"[0m

[01;34m/home/opam: (run (shell "opam pin add -k version -yn sihl-core.0.3.0~rc1 0.3.0~rc1"))[0m
sihl-core is now pinned to version 0.3.0~rc1
[01;2m[01;35m2024-05-09 19:29.11 ---> saved as "c5bb7dfa759662dd840fe8b69ae720c37cbfb29e644e8d709a35a3e19ce205e6"[0m

[01;34m/home/opam: (run (cache (opam-archives (target /home/opam/.opam/download-cache)))
                 (network host)
                 (shell  "opam reinstall sihl-core.0.3.0~rc1;\
                        \n        res=$?;\
                        \n        test \"$res\" != 31 && exit \"$res\";\
                        \n        export OPAMCLI=2.0;\
                        \n        build_dir=$(opam var prefix)/.opam-switch/build;\
                        \n        failed=$(ls \"$build_dir\");\
                        \n        partial_fails=\"\";\
                        \n        for pkg in $failed; do\
                        \n          if opam show -f x-ci-accept-failures: \"$pkg\" | grep -qF \"\\\"ubuntu-23.10\\\"\"; then\
                        \n            echo \"A package failed and has been disabled for CI using the 'x-ci-accept-failures' field.\";\
                        \n          fi;\
                        \n          test \"$pkg\" != 'sihl-core.0.3.0~rc1' && partial_fails=\"$partial_fails $pkg\";\
                        \n        done;\
                        \n        test \"${partial_fails}\" != \"\" && echo \"opam-repo-ci detected dependencies failing: ${partial_fails}\";\
                        \n        exit 1"))[0m
sihl-core.0.3.0~rc1 is not installed. Install it? [y/n] y
The following actions will be performed:
=== install 71 packages
  - install angstrom            0.16.0             [required by caqti]
  - install asn1-combinators    0.2.6              [required by x509]
  - install base                v0.16.3            [required by ppx_fields_conv, ppx_sexp_conv]
  - install base-bytes          base               [required by ocplib-endian]
  - install base64              3.5.1              [required by jwto]
  - install bigstringaf         0.9.1              [required by caqti]
  - install caqti               1.9.0              [required by sihl-core]
  - install conf-bash           1                  [required by base]
  - install conf-gmp            4                  [required by conf-gmp-powm-sec, zarith]
  - install conf-gmp-powm-sec   3                  [required by mirage-crypto-pk]
  - install conf-libssl         4                  [required by ssl]
  - install conf-pkg-config     3                  [required by conf-libssl]
  - install conformist          0.2.1              [required by sihl-core]
  - install containers          3.13.1             [required by tsort]
  - install cppo                1.6.9              [required by caqti]
  - install csexp               1.5.2              [required by dune-configurator]
  - install cstruct             6.2.0              [required by tls]
  - install digestif            1.2.0              [required by jwto]
  - install domain-name         0.4.0              [required by tls]
  - install dune                3.15.2             [required by sihl-core]
  - install dune-configurator   3.15.2             [required by mirage-crypto-ec, ssl, base, containers]
  - install duration            0.2.1              [required by mirage-crypto-rng]
  - install either              1.0.0              [required by containers]
  - install eqaf                0.9                [required by mirage-crypto-ec, digestif, mirage-crypto-pk]
  - install fieldslib           v0.16.0            [required by ppx_fields_conv]
  - install fmt                 0.9.0              [required by sihl-core]
  - install gmap                0.3.0              [required by x509]
  - install hkdf                1.0.4              [required by tls]
  - install ipaddr              5.5.0              [required by tls]
  - install jwto                0.4.0              [required by sihl-core]
  - install logs                0.7.0              [required by sihl-core]
  - install lwt                 5.7.0              [required by lwt_ssl]
  - install lwt_ssl             1.2.0              [required by sihl-core]
  - install macaddr             5.5.0              [required by ipaddr]
  - install mirage-crypto       0.11.3             [required by tls]
  - install mirage-crypto-ec    0.11.3             [required by tls]
  - install mirage-crypto-pk    0.11.3             [required by tls]
  - install mirage-crypto-rng   0.11.3             [required by tls]
  - install num                 1.5                [required by sexplib]
  - install ocaml-compiler-libs v0.12.4            [required by ppxlib]
  - install ocaml-syntax-shims  1.0.0              [required by angstrom]
  - install ocamlbuild          0.14.3             [required by uuidm]
  - install ocamlfind           1.9.6              [required by uuidm]
  - install ocplib-endian       1.2                [required by lwt]
  - install parsexp             v0.16.0            [required by sexplib]
  - install pbkdf               1.2.0              [required by x509]
  - install ppx_derivers        1.2.1              [required by ppx_deriving]
  - install ppx_deriving        5.2.1              [required by jwto, ppx_deriving_yojson]
  - install ppx_deriving_yojson 3.7.0              [required by sihl-core]
  - install ppx_fields_conv     v0.16.0            [required by sihl-core]
  - install ppx_sexp_conv       v0.16.0            [required by sihl-core]
  - install ppxlib              0.32.1             [required by ppx_fields_conv, ppx_deriving_yojson, ppx_sexp_conv]
  - install ptime               1.1.0              [required by caqti]
  - install re                  1.11.0             [required by jwto]
  - install result              1.5                [required by ppx_deriving_yojson]
  - install safepass            3.1                [required by sihl-core]
  - install seq                 base               [required by re, yojson]
  - install sexplib             v0.16.0            [required by sihl-core]
  - install sexplib0            v0.16.0            [required by ppx_sexp_conv, sexplib]
  - install sihl-core           0.3.0~rc1 (pinned)
  - install ssl                 0.7.0              [required by sihl-core]
  - install stdlib-shims        0.3.0              [required by ppxlib]
  - install stringext           1.6.0              [required by uri]
  - install tls                 0.17.4             [required by sihl-core]
  - install topkg               1.0.7              [required by uuidm]
  - install tsort               2.0.0              [required by sihl-core]
  - install uri                 4.4.0              [required by caqti]
  - install uuidm               0.9.8              [required by sihl-core]
  - install x509                0.16.5             [required by tls]
  - install yojson              2.1.2              [required by sihl-core]
  - install zarith              1.13               [required by mirage-crypto-pk]

The following system packages will first need to be installed:
    libgmp-dev libssl-dev pkg-config

<><> Handling external dependencies <><><><><><><><><><><><><><><><><><><><><><>

opam believes some required external dependencies are missing. opam can:
> 1. Run apt-get to install them (may need root/sudo access)
  2. Display the recommended apt-get command and wait while you run it manually (e.g. in another terminal)
  3. Continue anyway, and, upon success, permanently register that this external dependency is present, but not detectable
  4. Abort the installation

[1/2/3/4] 1

+ /usr/bin/sudo "apt-get" "install" "-qq" "-yy" "libgmp-dev" "libssl-dev" "pkg-config"
- debconf: delaying package configuration, since apt-utils is not installed
- Selecting previously unselected package libgmpxx4ldbl:amd64.
- (Reading database ... (Reading database ... 5%(Reading database ... 10%(Reading database ... 15%(Reading database ... 20%(Reading database ... 25%(Reading database ... 30%(Reading database ... 35%(Reading database ... 40%(Reading database ... 45%(Reading database ... 50%(Reading database ... 55%(Reading database ... 60%(Reading database ... 65%(Reading database ... 70%(Reading database ... 75%(Reading database ... 80%(Reading database ... 85%(Reading database ... 90%(Reading database ... 95%(Reading database ... 100%(Reading database ... 16458 files and directories currently installed.)
- Preparing to unpack .../0-libgmpxx4ldbl_2%3a6.3.0+dfsg-2ubuntu4_amd64.deb ...
- Unpacking libgmpxx4ldbl:amd64 (2:6.3.0+dfsg-2ubuntu4) ...
- Selecting previously unselected package libgmp-dev:amd64.
- Preparing to unpack .../1-libgmp-dev_2%3a6.3.0+dfsg-2ubuntu4_amd64.deb ...
- Unpacking libgmp-dev:amd64 (2:6.3.0+dfsg-2ubuntu4) ...
- Selecting previously unselected package libpkgconf3:amd64.
- Preparing to unpack .../2-libpkgconf3_1.8.1-2_amd64.deb ...
- Unpacking libpkgconf3:amd64 (1.8.1-2) ...
- Selecting previously unselected package libssl-dev:amd64.
- Preparing to unpack .../3-libssl-dev_3.0.10-1ubuntu2.3_amd64.deb ...
- Unpacking libssl-dev:amd64 (3.0.10-1ubuntu2.3) ...
- Selecting previously unselected package pkgconf-bin.
- Preparing to unpack .../4-pkgconf-bin_1.8.1-2_amd64.deb ...
- Unpacking pkgconf-bin (1.8.1-2) ...
- Selecting previously unselected package pkgconf:amd64.
- Preparing to unpack .../5-pkgconf_1.8.1-2_amd64.deb ...
- Unpacking pkgconf:amd64 (1.8.1-2) ...
- Selecting previously unselected package pkg-config:amd64.
- Preparing to unpack .../6-pkg-config_1.8.1-2_amd64.deb ...
- Unpacking pkg-config:amd64 (1.8.1-2) ...
- Setting up libpkgconf3:amd64 (1.8.1-2) ...
- Setting up libgmpxx4ldbl:amd64 (2:6.3.0+dfsg-2ubuntu4) ...
- Setting up libssl-dev:amd64 (3.0.10-1ubuntu2.3) ...
- Setting up pkgconf-bin (1.8.1-2) ...
- Setting up libgmp-dev:amd64 (2:6.3.0+dfsg-2ubuntu4) ...
- Setting up pkgconf:amd64 (1.8.1-2) ...
- Setting up pkg-config:amd64 (1.8.1-2) ...
- Processing triggers for libc-bin (2.38-1ubuntu6.2) ...

<><> Processing actions <><><><><><><><><><><><><><><><><><><><><><><><><><><><>
-> retrieved angstrom.0.16.0  (cached)
-> retrieved asn1-combinators.0.2.6  (cached)
-> retrieved base.v0.16.3  (cached)
-> retrieved base64.3.5.1  (cached)
-> retrieved bigstringaf.0.9.1  (cached)
-> retrieved caqti.1.9.0  (cached)
-> retrieved conformist.0.2.1  (cached)
-> installed conf-pkg-config.3
-> installed conf-bash.1
-> installed conf-libssl.4
-> installed conf-gmp.4
-> retrieved containers.3.13.1  (cached)
-> installed conf-gmp-powm-sec.3
-> retrieved cppo.1.6.9  (cached)
-> retrieved csexp.1.5.2  (cached)
-> retrieved cstruct.6.2.0  (cached)
-> retrieved digestif.1.2.0  (cached)
-> retrieved domain-name.0.4.0  (cached)
-> retrieved dune.3.15.2, dune-configurator.3.15.2  (cached)
-> retrieved duration.0.2.1  (cached)
-> retrieved either.1.0.0  (cached)
-> retrieved eqaf.0.9  (cached)
-> retrieved fieldslib.v0.16.0  (cached)
-> retrieved fmt.0.9.0  (cached)
-> retrieved gmap.0.3.0  (cached)
-> retrieved hkdf.1.0.4  (cached)
-> retrieved ipaddr.5.5.0, macaddr.5.5.0  (cached)
-> retrieved jwto.0.4.0  (cached)
-> retrieved logs.0.7.0  (cached)
-> retrieved lwt.5.7.0  (cached)
-> retrieved lwt_ssl.1.2.0  (cached)
-> retrieved mirage-crypto.0.11.3, mirage-crypto-ec.0.11.3, mirage-crypto-pk.0.11.3, mirage-crypto-rng.0.11.3  (cached)
-> retrieved num.1.5  (cached)
-> retrieved ocaml-compiler-libs.v0.12.4  (cached)
-> retrieved ocaml-syntax-shims.1.0.0  (cached)
-> retrieved ocamlbuild.0.14.3  (cached)
-> retrieved ocamlfind.1.9.6  (cached)
-> retrieved ocplib-endian.1.2  (cached)
-> retrieved parsexp.v0.16.0  (cached)
-> retrieved pbkdf.1.2.0  (cached)
-> retrieved ppx_derivers.1.2.1  (cached)
-> retrieved ppx_deriving.5.2.1  (cached)
-> retrieved ppx_deriving_yojson.3.7.0  (cached)
-> retrieved ppx_fields_conv.v0.16.0  (cached)
-> retrieved ppx_sexp_conv.v0.16.0  (cached)
-> retrieved ppxlib.0.32.1  (cached)
-> retrieved ptime.1.1.0  (cached)
-> retrieved re.1.11.0  (cached)
-> retrieved result.1.5  (cached)
-> retrieved safepass.3.1  (cached)
-> installed seq.base
-> retrieved sexplib.v0.16.0  (cached)
-> retrieved sexplib0.v0.16.0  (cached)
-> retrieved sihl-core.0.3.0~rc1  (cached)
-> retrieved ssl.0.7.0  (cached)
-> retrieved stdlib-shims.0.3.0  (cached)
-> retrieved stringext.1.6.0  (cached)
-> retrieved tls.0.17.4  (cached)
-> retrieved topkg.1.0.7  (cached)
-> retrieved tsort.2.0.0  (cached)
-> retrieved uri.4.4.0  (cached)
-> retrieved uuidm.0.9.8  (cached)
-> retrieved x509.0.16.5  (cached)
-> retrieved yojson.2.1.2  (cached)
-> retrieved zarith.1.13  (cached)
-> installed num.1.5
-> installed ocamlfind.1.9.6
-> installed base-bytes.base
-> installed ocamlbuild.0.14.3
-> installed zarith.1.13
-> installed topkg.1.0.7
-> installed uuidm.0.9.8
-> installed fmt.0.9.0
-> installed ptime.1.1.0
-> installed dune.3.15.2
-> installed ppx_derivers.1.2.1
-> installed duration.0.2.1
-> installed conformist.0.2.1
-> installed gmap.0.3.0
-> installed csexp.1.5.2
-> installed base64.3.5.1
-> installed cppo.1.6.9
-> installed cstruct.6.2.0
-> installed domain-name.0.4.0
-> installed either.1.0.0
-> installed macaddr.5.5.0
-> installed ocaml-compiler-libs.v0.12.4
-> installed ocaml-syntax-shims.1.0.0
-> installed re.1.11.0
-> installed result.1.5
-> installed safepass.3.1
-> installed sexplib0.v0.16.0
-> installed stdlib-shims.0.3.0
-> installed stringext.1.6.0
-> installed ocplib-endian.1.2
-> installed eqaf.0.9
-> installed ipaddr.5.5.0
-> installed asn1-combinators.0.2.6
-> installed yojson.2.1.2
-> installed digestif.1.2.0
-> installed parsexp.v0.16.0
-> installed dune-configurator.3.15.2
-> installed bigstringaf.0.9.1
-> installed sexplib.v0.16.0
-> installed angstrom.0.16.0
-> installed ssl.0.7.0
-> installed containers.3.13.1
-> installed tsort.2.0.0
-> installed uri.4.4.0
-> installed lwt.5.7.0
-> installed lwt_ssl.1.2.0
-> installed logs.0.7.0
-> installed base.v0.16.3
-> installed caqti.1.9.0
-> installed fieldslib.v0.16.0
-> installed ppxlib.0.32.1
-> installed mirage-crypto.0.11.3
-> installed hkdf.1.0.4
-> installed pbkdf.1.2.0
-> installed mirage-crypto-rng.0.11.3
-> installed mirage-crypto-pk.0.11.3
-> installed ppx_fields_conv.v0.16.0
-> installed ppx_sexp_conv.v0.16.0
-> installed ppx_deriving.5.2.1
-> installed jwto.0.4.0
-> installed ppx_deriving_yojson.3.7.0
-> installed mirage-crypto-ec.0.11.3
-> installed x509.0.16.5
-> installed tls.0.17.4
-> installed sihl-core.0.3.0~rc1
Done.
# Run eval $(opam env) to update the current shell environment
[01;2m[01;35m2024-05-09 19:30.33 ---> saved as "36bc093ea7fae3b7a05c8904c0572a034b5fae9978a71c7b5f3b1cd6a5edffb2"[0m

[01;34m/home/opam: (run (network host)
                 (shell "(opam reinstall --with-test sihl-core.0.3.0~rc1) || true"))[0m
[ERROR] Sorry, resolution of the request timed out.
        Try to specify a more precise request, use a different solver, or increase the allowed time by setting OPAMSOLVERTIMEOUT to a bigger value (currently, it is set to 500.0 seconds).
[01;2m[01;35m2024-05-09 19:39.07 ---> saved as "52c232eaad822f3285d02cbfa56bf4a920a8e21ec49aed333abf1cda8b2925f4"[0m

[01;34m/home/opam: (run (shell  "opam reinstall --with-test --verbose sihl-core.0.3.0~rc1;\
                        \n        res=$?;\
                        \n        test \"$res\" != 31 && exit \"$res\";\
                        \n        export OPAMCLI=2.0;\
                        \n        build_dir=$(opam var prefix)/.opam-switch/build;\
                        \n        failed=$(ls \"$build_dir\");\
                        \n        partial_fails=\"\";\
                        \n        for pkg in $failed; do\
                        \n          if opam show -f x-ci-accept-failures: \"$pkg\" | grep -qF \"\\\"ubuntu-23.10\\\"\"; then\
                        \n            echo \"A package failed and has been disabled for CI using the 'x-ci-accept-failures' field.\";\
                        \n          fi;\
                        \n          test \"$pkg\" != 'sihl-core.0.3.0~rc1' && partial_fails=\"$partial_fails $pkg\";\
                        \n        done;\
                        \n        test \"${partial_fails}\" != \"\" && echo \"opam-repo-ci detected dependencies failing: ${partial_fails}\";\
                        \n        exit 1"))[0m
[ERROR] Sorry, resolution of the request timed out.
        Try to specify a more precise request, use a different solver, or increase the allowed time by setting OPAMSOLVERTIMEOUT to a bigger value (currently, it is set to 500.0 seconds).
'opam reinstall --with-test --verbose sihl-core.0.3.0~rc1' failed.
"/usr/bin/env" "bash" "-c" "opam reinstall --with-test --verbose sihl-core.0.3.0~rc1;
        res=$?;
        test "$res" != 31 && exit "$res";
        export OPAMCLI=2.0;
        build_dir=$(opam var prefix)/.opam-switch/build;
        failed=$(ls "$build_dir");
        partial_fails="";
        for pkg in $failed; do
          if opam show -f x-ci-accept-failures: "$pkg" | grep -qF "\"ubuntu-23.10\""; then
            echo "A package failed and has been disabled for CI using the 'x-ci-accept-failures' field.";
          fi;
          test "$pkg" != 'sihl-core.0.3.0~rc1' && partial_fails="$partial_fails $pkg";
        done;
        test "${partial_fails}" != "" && echo "opam-repo-ci detected dependencies failing: ${partial_fails}";
        exit 1" failed with exit status 60
2024-05-09 19:47.49: Job failed: Failed: Build failed
2024-05-09 19:47.49: Log analysis:
2024-05-09 19:47.49: >>> 
[ERROR] Sorry, resolution of the request timed out.
 (score = 20)
2024-05-09 19:47.49: >>> 
[ERROR] Sorry, resolution of the request timed out.
 (score = 20)
2024-05-09 19:47.49: Sorry, resolution of the request timed out.
