2024-07-15 14:00.13: New job: test scrypt-kdf.1.1.0, using opam dev
                              from https://github.com/ocaml/opam-repository.git#refs/pull/26244/head (0bf26dfc2e6b8fc4d6a515b333504c3f5ce17d4e)
                              on debian-12-ocaml-4.10/amd64

To reproduce locally:

cd $(mktemp -d)
git clone --recursive "https://github.com/ocaml/opam-repository.git" && cd "opam-repository" && git fetch origin "refs/pull/26244/head" && git reset --hard 0bf26dfc
git fetch origin master
git merge --no-edit 0f5da2ecbbc1a96666db1facfb27ad5202c1ae9f
cat > ../Dockerfile <<'END-OF-DOCKERFILE'
[34mFROM ocaml/opam:debian-12-ocaml-4.10@sha256:c0b5612a6b851be21d780e8e6debb437c46ed61318723963435bdf3ce3d5e525
USER 1000:1000
WORKDIR /home/opam
RUN sudo ln -f /usr/bin/opam-dev /usr/bin/opam
RUN opam init --reinit -ni
RUN uname -rs && opam exec -- ocaml -version && opam --version
ENV OPAMDOWNLOADJOBS="1"
ENV OPAMERRLOGLEN="0"
ENV OPAMSOLVERTIMEOUT="500"
ENV OPAMPRECISETRACKING="1"
ENV CI="true"
ENV OPAM_REPO_CI="true"
RUN rm -rf opam-repository/
COPY --chown=1000:1000 . opam-repository/
RUN opam repository set-url --strict default opam-repository/
RUN opam update --depexts || true
RUN opam pin add -k version -yn scrypt-kdf.1.1.0 1.1.0
RUN opam reinstall scrypt-kdf.1.1.0; \
    res=$?; \
    test "$res" != 31 && exit "$res"; \
    export OPAMCLI=2.0; \
    build_dir=$(opam var prefix)/.opam-switch/build; \
    failed=$(ls "$build_dir"); \
    partial_fails=""; \
    for pkg in $failed; do \
    if opam show -f x-ci-accept-failures: "$pkg" | grep -qF "\"debian-12\""; then \
    echo "A package failed and has been disabled for CI using the 'x-ci-accept-failures' field."; \
    fi; \
    test "$pkg" != 'scrypt-kdf.1.1.0' && partial_fails="$partial_fails $pkg"; \
    done; \
    test "${partial_fails}" != "" && echo "opam-repo-ci detected dependencies failing: ${partial_fails}"; \
    exit 1
RUN (opam reinstall --with-test scrypt-kdf.1.1.0) || true
RUN opam reinstall --with-test --verbose scrypt-kdf.1.1.0; \
    res=$?; \
    test "$res" != 31 && exit "$res"; \
    export OPAMCLI=2.0; \
    build_dir=$(opam var prefix)/.opam-switch/build; \
    failed=$(ls "$build_dir"); \
    partial_fails=""; \
    for pkg in $failed; do \
    if opam show -f x-ci-accept-failures: "$pkg" | grep -qF "\"debian-12\""; then \
    echo "A package failed and has been disabled for CI using the 'x-ci-accept-failures' field."; \
    fi; \
    test "$pkg" != 'scrypt-kdf.1.1.0' && partial_fails="$partial_fails $pkg"; \
    done; \
    test "${partial_fails}" != "" && echo "opam-repo-ci detected dependencies failing: ${partial_fails}"; \
    exit 1
[0m
END-OF-DOCKERFILE
docker build -f ../Dockerfile .

2024-07-15 14:00.13: Using cache hint "ocaml/opam:debian-12-ocaml-4.10@sha256:c0b5612a6b851be21d780e8e6debb437c46ed61318723963435bdf3ce3d5e525-scrypt-kdf.1.1.0-0bf26dfc2e6b8fc4d6a515b333504c3f5ce17d4e"
2024-07-15 14:00.13: Using OBuilder spec:
((from ocaml/opam:debian-12-ocaml-4.10@sha256:c0b5612a6b851be21d780e8e6debb437c46ed61318723963435bdf3ce3d5e525)
 (user (uid 1000) (gid 1000))
 (workdir /home/opam)
 (run (shell "sudo ln -f /usr/bin/opam-dev /usr/bin/opam"))
 (run (network host)
      (shell "opam init --reinit --config .opamrc-sandbox -ni"))
 (run (shell "uname -rs && opam exec -- ocaml -version && opam --version"))
 (env OPAMDOWNLOADJOBS 1)
 (env OPAMERRLOGLEN 0)
 (env OPAMSOLVERTIMEOUT 500)
 (env OPAMPRECISETRACKING 1)
 (env CI true)
 (env OPAM_REPO_CI true)
 (run (shell "rm -rf opam-repository/"))
 (copy (src .) (dst opam-repository/))
 (run (shell "opam repository set-url --strict default opam-repository/"))
 (run (network host)
      (shell "opam update --depexts || true"))
 (run (shell "opam pin add -k version -yn scrypt-kdf.1.1.0 1.1.0"))
 (run (cache (opam-archives (target /home/opam/.opam/download-cache)))
      (network host)
      (shell  "opam reinstall scrypt-kdf.1.1.0;\
             \n        res=$?;\
             \n        test \"$res\" != 31 && exit \"$res\";\
             \n        export OPAMCLI=2.0;\
             \n        build_dir=$(opam var prefix)/.opam-switch/build;\
             \n        failed=$(ls \"$build_dir\");\
             \n        partial_fails=\"\";\
             \n        for pkg in $failed; do\
             \n          if opam show -f x-ci-accept-failures: \"$pkg\" | grep -qF \"\\\"debian-12\\\"\"; then\
             \n            echo \"A package failed and has been disabled for CI using the 'x-ci-accept-failures' field.\";\
             \n          fi;\
             \n          test \"$pkg\" != 'scrypt-kdf.1.1.0' && partial_fails=\"$partial_fails $pkg\";\
             \n        done;\
             \n        test \"${partial_fails}\" != \"\" && echo \"opam-repo-ci detected dependencies failing: ${partial_fails}\";\
             \n        exit 1"))
 (run (network host)
      (shell "(opam reinstall --with-test scrypt-kdf.1.1.0) || true"))
 (run (shell  "opam reinstall --with-test --verbose scrypt-kdf.1.1.0;\
             \n        res=$?;\
             \n        test \"$res\" != 31 && exit \"$res\";\
             \n        export OPAMCLI=2.0;\
             \n        build_dir=$(opam var prefix)/.opam-switch/build;\
             \n        failed=$(ls \"$build_dir\");\
             \n        partial_fails=\"\";\
             \n        for pkg in $failed; do\
             \n          if opam show -f x-ci-accept-failures: \"$pkg\" | grep -qF \"\\\"debian-12\\\"\"; then\
             \n            echo \"A package failed and has been disabled for CI using the 'x-ci-accept-failures' field.\";\
             \n          fi;\
             \n          test \"$pkg\" != 'scrypt-kdf.1.1.0' && partial_fails=\"$partial_fails $pkg\";\
             \n        done;\
             \n        test \"${partial_fails}\" != \"\" && echo \"opam-repo-ci detected dependencies failing: ${partial_fails}\";\
             \n        exit 1"))
)

2024-07-15 14:00.13: Waiting for resource in pool OCluster
2024-07-15 14:05.12: Waiting for workerâ€¦
2024-07-15 14:10.31: Got resource from pool OCluster
Building on x86-bm-c4.sw.ocaml.org
All commits already cached
Updating files:  70% (22550/31831)Updating files:  71% (22601/31831)Updating files:  72% (22919/31831)Updating files:  73% (23237/31831)Updating files:  74% (23555/31831)Updating files:  75% (23874/31831)Updating files:  76% (24192/31831)Updating files:  77% (24510/31831)Updating files:  78% (24829/31831)Updating files:  79% (25147/31831)Updating files:  80% (25465/31831)Updating files:  81% (25784/31831)Updating files:  82% (26102/31831)Updating files:  83% (26420/31831)Updating files:  84% (26739/31831)Updating files:  85% (27057/31831)Updating files:  86% (27375/31831)Updating files:  87% (27693/31831)Updating files:  88% (28012/31831)Updating files:  89% (28330/31831)Updating files:  90% (28648/31831)Updating files:  91% (28967/31831)Updating files:  92% (29285/31831)Updating files:  93% (29603/31831)Updating files:  94% (29922/31831)Updating files:  95% (30240/31831)Updating files:  96% (30558/31831)Updating files:  97% (30877/31831)Updating files:  98% (31195/31831)Updating files:  99% (31513/31831)Updating files: 100% (31831/31831)Updating files: 100% (31831/31831), done.
HEAD is now at 0f5da2ecbb Merge pull request #26243 from mseri/libevent
Updating 0f5da2ecbb..0bf26dfc2e
Fast-forward
 packages/salsa20/salsa20.1.1.0/opam       | 2 +-
 packages/salsa20/salsa20.1.2.0/opam       | 2 +-
 packages/scrypt-kdf/scrypt-kdf.0.4.0/opam | 2 +-
 packages/scrypt-kdf/scrypt-kdf.1.0.0/opam | 2 +-
 packages/scrypt-kdf/scrypt-kdf.1.1.0/opam | 2 +-
 packages/scrypt-kdf/scrypt-kdf.1.2.0/opam | 2 +-
 6 files changed, 6 insertions(+), 6 deletions(-)

[01;34m(from ocaml/opam:debian-12-ocaml-4.10@sha256:c0b5612a6b851be21d780e8e6debb437c46ed61318723963435bdf3ce3d5e525)[0m
Unable to find image 'ocaml/opam:debian-12-ocaml-4.10@sha256:c0b5612a6b851be21d780e8e6debb437c46ed61318723963435bdf3ce3d5e525' locally
docker.io/ocaml/opam@sha256:c0b5612a6b851be21d780e8e6debb437c46ed61318723963435bdf3ce3d5e525: Pulling from ocaml/opam
Digest: sha256:c0b5612a6b851be21d780e8e6debb437c46ed61318723963435bdf3ce3d5e525
Status: Downloaded newer image for ocaml/opam@sha256:c0b5612a6b851be21d780e8e6debb437c46ed61318723963435bdf3ce3d5e525
[01;2m[01;35m2024-07-15 14:10.37 ---> using "55f7f88c6623fa73a801b143f1ab10312d8c108f7a370350cf337b1aa92d7a45" from cache[0m

[01;34m/: (user (uid 1000) (gid 1000))[0m

[01;34m/: (workdir /home/opam)[0m

[01;34m/home/opam: (run (shell "sudo ln -f /usr/bin/opam-dev /usr/bin/opam"))[0m
[01;2m[01;35m2024-07-15 14:10.37 ---> using "85b4bdac50b1394765c472f76f1f000475d419f0b4b813dead9bb699fe8961b0" from cache[0m

[01;34m/home/opam: (run (network host)
                 (shell "opam init --reinit --config .opamrc-sandbox -ni"))[0m
Configuring from /home/opam/.opamrc-sandbox, then /home/opam/.opamrc, and finally from built-in defaults.
Checking for available remotes: rsync and local, git.
  - you won't be able to use mercurial repositories unless you install the hg command on your system.
  - you won't be able to use darcs repositories unless you install the darcs command on your system.

This development version of opam requires an update to the layout of /home/opam/.opam from version 2.0 to version 2.2, which can't be reverted.
You may want to back it up before going further.

Continue? [y/n] y
[NOTE] The 'jobs' option was reset, its value was 39 and its new value will vary according to the current number of cores on your machine. You can restore the fixed value using:
           opam option jobs=39 --global
Format upgrade done.

<><> Updating repositories ><><><><><><><><><><><><><><><><><><><><><><><><><><>
[default] synchronised from file:///home/opam/opam-repository
[01;2m[01;35m2024-07-15 14:11.26 ---> saved as "aa84f85dd7cb95dafaec0fc087186c06737948fcf8825f5acc8b16ecebb96e27"[0m

[01;34m/home/opam: (run (shell "uname -rs && opam exec -- ocaml -version && opam --version"))[0m
Linux 5.15.0-113-generic
The OCaml toplevel, version 4.10.2
2.3.0~alpha~dev
[01;2m[01;35m2024-07-15 14:11.27 ---> saved as "d9fdcb02dd6410285f62b3d596b35fb1d1758bf1405b6160322680cfe15dab56"[0m

[01;34m/home/opam: (env OPAMDOWNLOADJOBS 1)[0m

[01;34m/home/opam: (env OPAMERRLOGLEN 0)[0m

[01;34m/home/opam: (env OPAMSOLVERTIMEOUT 500)[0m

[01;34m/home/opam: (env OPAMPRECISETRACKING 1)[0m

[01;34m/home/opam: (env CI true)[0m

[01;34m/home/opam: (env OPAM_REPO_CI true)[0m

[01;34m/home/opam: (run (shell "rm -rf opam-repository/"))[0m
[01;2m[01;35m2024-07-15 14:11.35 ---> saved as "d088a23839dbe0c86750f6cfe2833af463811787ac50383d1214d6a7f0759911"[0m

[01;34m/home/opam: (copy (src .) (dst opam-repository/))[0m
[01;2m[01;35m2024-07-15 14:11.45 ---> saved as "77b08d7f9f12a681dfce358a39c26d02b878effbc899d26b90ee9b931151154b"[0m

[01;34m/home/opam: (run (shell "opam repository set-url --strict default opam-repository/"))[0m
[default] Initialised
[01;2m[01;35m2024-07-15 14:12.34 ---> saved as "ef68a15f3fc1e955314887d0de5be7a0723d29638fe1115846f850a5b5cafa7e"[0m

[01;34m/home/opam: (run (network host)
                 (shell "opam update --depexts || true"))[0m
+ /usr/bin/sudo "apt-get" "update"
- Hit:1 http://deb.debian.org/debian bookworm InRelease
- Get:2 http://deb.debian.org/debian bookworm-updates InRelease [55.4 kB]
- Get:3 http://deb.debian.org/debian-security bookworm-security InRelease [48.0 kB]
- Get:4 http://deb.debian.org/debian-security bookworm-security/main amd64 Packages [168 kB]
- Fetched 271 kB in 0s (1137 kB/s)
- Reading package lists...
[01;2m[01;35m2024-07-15 14:12.35 ---> saved as "01317cbb5bb30fa56e7c0adb9764d9e3ed05cfd365c589f876ceddacb7e091d5"[0m

[01;34m/home/opam: (run (shell "opam pin add -k version -yn scrypt-kdf.1.1.0 1.1.0"))[0m
scrypt-kdf is now pinned to version 1.1.0
[01;2m[01;35m2024-07-15 14:12.35 ---> saved as "99231d47c6b2a0d10fb4797ff3f98299f7fef352f9a28dbdf8ab4dce01bdadfe"[0m

[01;34m/home/opam: (run (cache (opam-archives (target /home/opam/.opam/download-cache)))
                 (network host)
                 (shell  "opam reinstall scrypt-kdf.1.1.0;\
                        \n        res=$?;\
                        \n        test \"$res\" != 31 && exit \"$res\";\
                        \n        export OPAMCLI=2.0;\
                        \n        build_dir=$(opam var prefix)/.opam-switch/build;\
                        \n        failed=$(ls \"$build_dir\");\
                        \n        partial_fails=\"\";\
                        \n        for pkg in $failed; do\
                        \n          if opam show -f x-ci-accept-failures: \"$pkg\" | grep -qF \"\\\"debian-12\\\"\"; then\
                        \n            echo \"A package failed and has been disabled for CI using the 'x-ci-accept-failures' field.\";\
                        \n          fi;\
                        \n          test \"$pkg\" != 'scrypt-kdf.1.1.0' && partial_fails=\"$partial_fails $pkg\";\
                        \n        done;\
                        \n        test \"${partial_fails}\" != \"\" && echo \"opam-repo-ci detected dependencies failing: ${partial_fails}\";\
                        \n        exit 1"))[0m
scrypt-kdf.1.1.0 is not installed. Install it? [y/n] y
The following actions will be performed:
=== install 11 packages
  - install bigarray-compat   1.1.0          [required by cstruct]
  - install conf-pkg-config   3              [required by salsa20-core]
  - install csexp             1.5.2          [required by dune-configurator]
  - install cstruct           6.0.1          [required by scrypt-kdf]
  - install dune              3.16.0         [required by scrypt-kdf]
  - install dune-configurator 3.16.0         [required by mirage-crypto]
  - install eqaf              0.9            [required by mirage-crypto]
  - install mirage-crypto     0.11.3         [required by scrypt-kdf]
  - install pbkdf             1.2.0          [required by scrypt-kdf]
  - install salsa20-core      1.1.0          [required by scrypt-kdf]
  - install scrypt-kdf        1.1.0 (pinned)

The following system packages will first need to be installed:
    pkg-config

<><> Handling external dependencies <><><><><><><><><><><><><><><><><><><><><><>

opam believes some required external dependencies are missing. opam can:
> 1. Run apt-get to install them (may need root/sudo access)
  2. Display the recommended apt-get command and wait while you run it manually (e.g. in another terminal)
  3. Continue anyway, and, upon success, permanently register that this external dependency is present, but not detectable
  4. Abort the installation

[1/2/3/4] 1

+ /usr/bin/sudo "apt-get" "install" "-qq" "-yy" "pkg-config"
- debconf: delaying package configuration, since apt-utils is not installed
- Selecting previously unselected package libpkgconf3:amd64.
- (Reading database ... (Reading database ... 5%(Reading database ... 10%(Reading database ... 15%(Reading database ... 20%(Reading database ... 25%(Reading database ... 30%(Reading database ... 35%(Reading database ... 40%(Reading database ... 45%(Reading database ... 50%(Reading database ... 55%(Reading database ... 60%(Reading database ... 65%(Reading database ... 70%(Reading database ... 75%(Reading database ... 80%(Reading database ... 85%(Reading database ... 90%(Reading database ... 95%(Reading database ... 100%(Reading database ... 18734 files and directories currently installed.)
- Preparing to unpack .../libpkgconf3_1.8.1-1_amd64.deb ...
- Unpacking libpkgconf3:amd64 (1.8.1-1) ...
- Selecting previously unselected package pkgconf-bin.
- Preparing to unpack .../pkgconf-bin_1.8.1-1_amd64.deb ...
- Unpacking pkgconf-bin (1.8.1-1) ...
- Selecting previously unselected package pkgconf:amd64.
- Preparing to unpack .../pkgconf_1.8.1-1_amd64.deb ...
- Unpacking pkgconf:amd64 (1.8.1-1) ...
- Selecting previously unselected package pkg-config:amd64.
- Preparing to unpack .../pkg-config_1.8.1-1_amd64.deb ...
- Unpacking pkg-config:amd64 (1.8.1-1) ...
- Setting up libpkgconf3:amd64 (1.8.1-1) ...
- Setting up pkgconf-bin (1.8.1-1) ...
- Setting up pkgconf:amd64 (1.8.1-1) ...
- Setting up pkg-config:amd64 (1.8.1-1) ...
- Processing triggers for libc-bin (2.36-9+deb12u7) ...

<><> Processing actions <><><><><><><><><><><><><><><><><><><><><><><><><><><><>
-> retrieved bigarray-compat.1.1.0  (cached)
-> retrieved csexp.1.5.2  (cached)
-> installed conf-pkg-config.3
-> retrieved cstruct.6.0.1  (cached)
-> retrieved dune.3.16.0, dune-configurator.3.16.0  (cached)
-> retrieved eqaf.0.9  (cached)
-> retrieved mirage-crypto.0.11.3  (cached)
-> retrieved pbkdf.1.2.0  (cached)
-> retrieved salsa20-core.1.1.0  (cached)
-> retrieved scrypt-kdf.1.1.0  (https://github.com/abeaumont/ocaml-scrypt-kdf/releases/download/1.1.0/scrypt-kdf-1.1.0.tbz)
-> installed dune.3.16.0
-> installed csexp.1.5.2
-> installed bigarray-compat.1.1.0
-> installed cstruct.6.0.1
-> installed salsa20-core.1.1.0
-> installed eqaf.0.9
-> installed dune-configurator.3.16.0
-> installed mirage-crypto.0.11.3
-> installed pbkdf.1.2.0
-> installed scrypt-kdf.1.1.0
Done.
# Run eval $(opam env) to update the current shell environment
[01;2m[01;35m2024-07-15 14:13.25 ---> saved as "4cab7eb208cf387d5acc7a4ea4de034810f08df338509c4eadddf645c7900bdd"[0m

[01;34m/home/opam: (run (network host)
                 (shell "(opam reinstall --with-test scrypt-kdf.1.1.0) || true"))[0m
[ERROR] Sorry, resolution of the request timed out.
        Try to specify a more precise request, use a different solver, or increase the allowed time by setting OPAMSOLVERTIMEOUT to a bigger value (currently, it is set to 500.0 seconds).
[01;2m[01;35m2024-07-15 14:21.58 ---> saved as "fd3b525ffc2c4f066cbd691400ac6e2a4ed3eaa00cef178f5404ce3264327b56"[0m

[01;34m/home/opam: (run (shell  "opam reinstall --with-test --verbose scrypt-kdf.1.1.0;\
                        \n        res=$?;\
                        \n        test \"$res\" != 31 && exit \"$res\";\
                        \n        export OPAMCLI=2.0;\
                        \n        build_dir=$(opam var prefix)/.opam-switch/build;\
                        \n        failed=$(ls \"$build_dir\");\
                        \n        partial_fails=\"\";\
                        \n        for pkg in $failed; do\
                        \n          if opam show -f x-ci-accept-failures: \"$pkg\" | grep -qF \"\\\"debian-12\\\"\"; then\
                        \n            echo \"A package failed and has been disabled for CI using the 'x-ci-accept-failures' field.\";\
                        \n          fi;\
                        \n          test \"$pkg\" != 'scrypt-kdf.1.1.0' && partial_fails=\"$partial_fails $pkg\";\
                        \n        done;\
                        \n        test \"${partial_fails}\" != \"\" && echo \"opam-repo-ci detected dependencies failing: ${partial_fails}\";\
                        \n        exit 1"))[0m
The following actions will be performed:
=== downgrade 1 package
  - downgrade mirage-crypto 0.11.3 to 0.11.2 [required by scrypt-kdf]
=== recompile 2 packages
  - recompile pbkdf         1.2.0            [uses mirage-crypto]
  - recompile scrypt-kdf    1.1.0 (pinned)
=== install 9 packages
  - install   alcotest      0.8.5            [required by scrypt-kdf]
  - install   astring       0.8.5            [required by alcotest]
  - install   cmdliner      1.3.0            [required by alcotest]
  - install   fmt           0.9.0            [required by alcotest]
  - install   ocamlbuild    0.14.3           [required by fmt, astring, uuidm]
  - install   ocamlfind     1.9.6            [required by fmt, astring, uuidm]
  - install   result        1.4              [required by alcotest]
  - install   topkg         1.0.7            [required by fmt, astring, uuidm]
  - install   uuidm         0.9.8            [required by alcotest]

<><> Processing actions <><><><><><><><><><><><><><><><><><><><><><><><><><><><>
Processing  1/39: [alcotest.0.8.5: http]
[ERROR] Failed to get sources of alcotest.0.8.5: Curl failed
Processing  2/39: [astring.0.8.5: http]
[ERROR] Failed to get sources of astring.0.8.5: Curl failed
Processing  3/39: [cmdliner.1.3.0: http]
[ERROR] Failed to get sources of cmdliner.1.3.0: Curl failed
Processing  4/39: [fmt.0.9.0: http]
Processing  5/39: [fmt.0.9.0: http]
Processing  6/39: [fmt.0.9.0: http]
[ERROR] Failed to get sources of fmt.0.9.0: Curl failed
Processing  7/39: [mirage-crypto.0.11.2: http]
[ERROR] Failed to get sources of mirage-crypto.0.11.2: Curl failed
Processing  8/39: [ocamlbuild.0.14.3: http]
Processing  9/39: [ocamlbuild.0.14.3: http]
[ERROR] Failed to get sources of ocamlbuild.0.14.3: Curl failed
Processing 10/39: [ocamlfind.1.9.6: http]
Processing 11/39: [ocamlfind.1.9.6: http]
Processing 12/39: [ocamlfind.1.9.6: http]
[ERROR] Failed to get sources of ocamlfind.1.9.6: Curl failed
Processing 13/39: [pbkdf.1.2.0: http]
Processing 14/39: [pbkdf.1.2.0: http]
Processing 15/39: [pbkdf.1.2.0: http]
[ERROR] Failed to get sources of pbkdf.1.2.0: Curl failed
Processing 16/39: [result.1.4: http]
[ERROR] Failed to get sources of result.1.4: Curl failed
Processing 21/39: [topkg.1.0.7: http]
Processing 22/39: [topkg.1.0.7: http]
Processing 23/39: [topkg.1.0.7: http]
Processing 24/39: [topkg.1.0.7: http]
Processing 25/39: [topkg.1.0.7: http]
Processing 26/39: [topkg.1.0.7: http]
[ERROR] Failed to get sources of topkg.1.0.7: Curl failed
Processing 27/39: [uuidm.0.9.8: http]
Processing 28/39: [uuidm.0.9.8: http]
Processing 29/39: [uuidm.0.9.8: http]
Processing 30/39: [uuidm.0.9.8: http]
Processing 31/39: [uuidm.0.9.8: http]
Processing 32/39: [uuidm.0.9.8: http]
Processing 33/39: [uuidm.0.9.8: http]
[ERROR] Failed to get sources of uuidm.0.9.8: Curl failed

#=== ERROR while fetching sources for uuidm.0.9.8 =============================#
OpamSolution.Fetch_fail("https://erratique.ch/software/uuidm/releases/uuidm-0.9.8.tbz (Curl failed: \"/usr/bin/curl --write-out %{http_code}\\\\n --retry 3 --retry-delay 2 --user-agent opam/2.3.0~alpha~dev -L -o /home/opam/.opam/4.10/.opam-switch/sources/uuidm.0.9.8/uuidm-0.9.8.tbz.part -- https://erratique.ch/software/uuidm/releases/uuidm-0.9.8.tbz\" exited with code 6)")

#=== ERROR while fetching sources for topkg.1.0.7 =============================#
OpamSolution.Fetch_fail("https://erratique.ch/software/topkg/releases/topkg-1.0.7.tbz (Curl failed: \"/usr/bin/curl --write-out %{http_code}\\\\n --retry 3 --retry-delay 2 --user-agent opam/2.3.0~alpha~dev -L -o /home/opam/.opam/4.10/.opam-switch/sources/topkg.1.0.7/topkg-1.0.7.tbz.part -- https://erratique.ch/software/topkg/releases/topkg-1.0.7.tbz\" exited with code 6)")

#=== ERROR while fetching sources for result.1.4 ==============================#
OpamSolution.Fetch_fail("https://github.com/janestreet/result/archive/1.4.tar.gz (Curl failed: \"/usr/bin/curl --write-out %{http_code}\\\\n --retry 3 --retry-delay 2 --user-agent opam/2.3.0~alpha~dev -L -o /home/opam/.opam/4.10/.opam-switch/sources/result.1.4/1.4.tar.gz.part -- https://github.com/janestreet/result/archive/1.4.tar.gz\" exited with code 6)")

#=== ERROR while fetching sources for pbkdf.1.2.0 =============================#
OpamSolution.Fetch_fail("https://github.com/abeaumont/ocaml-pbkdf/archive/1.2.0.tar.gz (Curl failed: \"/usr/bin/curl --write-out %{http_code}\\\\n --retry 3 --retry-delay 2 --user-agent opam/2.3.0~alpha~dev -L -o /home/opam/.opam/4.10/.opam-switch/sources/pbkdf.1.2.0/1.2.0.tar.gz.part -- https://github.com/abeaumont/ocaml-pbkdf/archive/1.2.0.tar.gz\" exited with code 6)")

#=== ERROR while fetching sources for ocamlfind.1.9.6 =========================#
OpamSolution.Fetch_fail("http://download.camlcity.org/download/findlib-1.9.6.tar.gz (Curl failed: \"/usr/bin/curl --write-out %{http_code}\\\\n --retry 3 --retry-delay 2 --user-agent opam/2.3.0~alpha~dev -L -o /home/opam/.opam/4.10/.opam-switch/sources/ocamlfind.1.9.6/findlib-1.9.6.tar.gz.part -- http://download.camlcity.org/download/findlib-1.9.6.tar.gz\" exited with code 6)")

#=== ERROR while fetching sources for ocamlbuild.0.14.3 =======================#
OpamSolution.Fetch_fail("https://github.com/ocaml/ocamlbuild/archive/refs/tags/0.14.3.tar.gz (Curl failed: \"/usr/bin/curl --write-out %{http_code}\\\\n --retry 3 --retry-delay 2 --user-agent opam/2.3.0~alpha~dev -L -o /home/opam/.opam/4.10/.opam-switch/sources/ocamlbuild.0.14.3/0.14.3.tar.gz.part -- https://github.com/ocaml/ocamlbuild/archive/refs/tags/0.14.3.tar.gz\" exited with code 6)")

#=== ERROR while fetching sources for mirage-crypto.0.11.2 ====================#
OpamSolution.Fetch_fail("https://github.com/mirage/mirage-crypto/releases/download/v0.11.2/mirage-crypto-0.11.2.tbz (Curl failed: \"/usr/bin/curl --write-out %{http_code}\\\\n --retry 3 --retry-delay 2 --user-agent opam/2.3.0~alpha~dev -L -o /home/opam/.opam/4.10/.opam-switch/sources/mirage-crypto.0.11.2/mirage-crypto-0.11.2.tbz.part -- https://github.com/mirage/mirage-crypto/releases/download/v0.11.2/mirage-crypto-0.11.2.tbz\" exited with code 6)")

#=== ERROR while fetching sources for fmt.0.9.0 ===============================#
OpamSolution.Fetch_fail("https://erratique.ch/software/fmt/releases/fmt-0.9.0.tbz (Curl failed: \"/usr/bin/curl --write-out %{http_code}\\\\n --retry 3 --retry-delay 2 --user-agent opam/2.3.0~alpha~dev -L -o /home/opam/.opam/4.10/.opam-switch/sources/fmt.0.9.0/fmt-0.9.0.tbz.part -- https://erratique.ch/software/fmt/releases/fmt-0.9.0.tbz\" exited with code 6)")

#=== ERROR while fetching sources for cmdliner.1.3.0 ==========================#
OpamSolution.Fetch_fail("https://erratique.ch/software/cmdliner/releases/cmdliner-1.3.0.tbz (Curl failed: \"/usr/bin/curl --write-out %{http_code}\\\\n --retry 3 --retry-delay 2 --user-agent opam/2.3.0~alpha~dev -L -o /home/opam/.opam/4.10/.opam-switch/sources/cmdliner.1.3.0/cmdliner-1.3.0.tbz.part -- https://erratique.ch/software/cmdliner/releases/cmdliner-1.3.0.tbz\" exited with code 6)")

#=== ERROR while fetching sources for astring.0.8.5 ===========================#
OpamSolution.Fetch_fail("https://erratique.ch/software/astring/releases/astring-0.8.5.tbz (Curl failed: \"/usr/bin/curl --write-out %{http_code}\\\\n --retry 3 --retry-delay 2 --user-agent opam/2.3.0~alpha~dev -L -o /home/opam/.opam/4.10/.opam-switch/sources/astring.0.8.5/astring-0.8.5.tbz.part -- https://erratique.ch/software/astring/releases/astring-0.8.5.tbz\" exited with code 6)")

#=== ERROR while fetching sources for alcotest.0.8.5 ==========================#
OpamSolution.Fetch_fail("https://github.com/mirage/alcotest/releases/download/0.8.5/alcotest-0.8.5.tbz (Curl failed: \"/usr/bin/curl --write-out %{http_code}\\\\n --retry 3 --retry-delay 2 --user-agent opam/2.3.0~alpha~dev -L -o /home/opam/.opam/4.10/.opam-switch/sources/alcotest.0.8.5/alcotest-0.8.5.tbz.part -- https://github.com/mirage/alcotest/releases/download/0.8.5/alcotest-0.8.5.tbz\" exited with code 6)")


<><> Error report <><><><><><><><><><><><><><><><><><><><><><><><><><><><><><><>
+- The following actions were aborted
| - remove    mirage-crypto 0.11.3
| - recompile scrypt-kdf    1.1.0
+- 
+- The following actions failed
| - fetch alcotest      0.8.5
| - fetch astring       0.8.5
| - fetch cmdliner      1.3.0
| - fetch fmt           0.9.0
| - fetch mirage-crypto 0.11.2
| - fetch ocamlbuild    0.14.3
| - fetch ocamlfind     1.9.6
| - fetch pbkdf         1.2.0
| - fetch result        1.4
| - fetch topkg         1.0.7
| - fetch uuidm         0.9.8
+- 
- No changes have been performed
# Run eval $(opam env) to update the current shell environment
'opam reinstall --with-test --verbose scrypt-kdf.1.1.0' failed.
"/usr/bin/env" "bash" "-c" "opam reinstall --with-test --verbose scrypt-kdf.1.1.0;
        res=$?;
        test "$res" != 31 && exit "$res";
        export OPAMCLI=2.0;
        build_dir=$(opam var prefix)/.opam-switch/build;
        failed=$(ls "$build_dir");
        partial_fails="";
        for pkg in $failed; do
          if opam show -f x-ci-accept-failures: "$pkg" | grep -qF "\"debian-12\""; then
            echo "A package failed and has been disabled for CI using the 'x-ci-accept-failures' field.";
          fi;
          test "$pkg" != 'scrypt-kdf.1.1.0' && partial_fails="$partial_fails $pkg";
        done;
        test "${partial_fails}" != "" && echo "opam-repo-ci detected dependencies failing: ${partial_fails}";
        exit 1" failed with exit status 40
2024-07-15 14:31.08: Job failed: Failed: Build failed
2024-07-15 14:31.08: Log analysis:
2024-07-15 14:31.08: >>> 
[ERROR] Sorry, resolution of the request timed out.
 (score = 20)
2024-07-15 14:31.08: >>> 
[ERROR] Failed to get sources of alcotest.0.8.5: Curl failed
 (score = 25)
2024-07-15 14:31.08: >>> 
[ERROR] Failed to get sources of astring.0.8.5: Curl failed
 (score = 25)
2024-07-15 14:31.08: >>> 
[ERROR] Failed to get sources of cmdliner.1.3.0: Curl failed
 (score = 25)
2024-07-15 14:31.08: >>> 
[ERROR] Failed to get sources of fmt.0.9.0: Curl failed
 (score = 25)
2024-07-15 14:31.08: >>> 
[ERROR] Failed to get sources of mirage-crypto.0.11.2: Curl failed
 (score = 25)
2024-07-15 14:31.08: >>> 
[ERROR] Failed to get sources of ocamlbuild.0.14.3: Curl failed
 (score = 25)
2024-07-15 14:31.08: >>> 
[ERROR] Failed to get sources of ocamlfind.1.9.6: Curl failed
 (score = 25)
2024-07-15 14:31.08: >>> 
[ERROR] Failed to get sources of pbkdf.1.2.0: Curl failed
 (score = 25)
2024-07-15 14:31.08: >>> 
[ERROR] Failed to get sources of result.1.4: Curl failed
 (score = 25)
2024-07-15 14:31.08: >>> 
[ERROR] Failed to get sources of topkg.1.0.7: Curl failed
 (score = 25)
2024-07-15 14:31.08: >>> 
[ERROR] Failed to get sources of uuidm.0.9.8: Curl failed
 (score = 25)
2024-07-15 14:31.08: Failed to get sources of alcotest.0.8.5: Curl failed
