2024-07-15 17:55.31: New job: test solidity-test.0.2.0 with menhirSdk.20240715, using opam dev
                              from https://github.com/ocaml/opam-repository.git#refs/pull/26245/head (2171c4a8d2b8a0500df7563aa0e4d57b79c4f1be)
                              on debian-12-ocaml-4.14/amd64

To reproduce locally:

cd $(mktemp -d)
git clone --recursive "https://github.com/ocaml/opam-repository.git" && cd "opam-repository" && git fetch origin "refs/pull/26245/head" && git reset --hard 2171c4a8
git fetch origin master
git merge --no-edit 39a5da86fcc01db2bd49c3f796df29ec7d149ad5
cat > ../Dockerfile <<'END-OF-DOCKERFILE'
[34mFROM ocaml/opam:debian-12-ocaml-4.14@sha256:6861d2cea2df02e6467c0d6cf723eb199c902ae60e8e96b88bdfafcfab7b3a2f
USER 1000:1000
WORKDIR /home/opam
RUN sudo ln -f /usr/bin/opam-dev /usr/bin/opam
RUN opam init --reinit -ni
RUN uname -rs && opam exec -- ocaml -version && opam --version
ENV OPAMDOWNLOADJOBS="1"
ENV OPAMERRLOGLEN="0"
ENV OPAMSOLVERTIMEOUT="500"
ENV OPAMPRECISETRACKING="1"
ENV CI="true"
ENV OPAM_REPO_CI="true"
RUN rm -rf opam-repository/
COPY --chown=1000:1000 . opam-repository/
RUN opam repository set-url --strict default opam-repository/
RUN opam update --depexts || true
RUN opam pin add -k version -yn menhirSdk.20240715 20240715
RUN opam reinstall menhirSdk.20240715; \
    res=$?; \
    test "$res" != 31 && exit "$res"; \
    export OPAMCLI=2.0; \
    build_dir=$(opam var prefix)/.opam-switch/build; \
    failed=$(ls "$build_dir"); \
    partial_fails=""; \
    for pkg in $failed; do \
    if opam show -f x-ci-accept-failures: "$pkg" | grep -qF "\"debian-12\""; then \
    echo "A package failed and has been disabled for CI using the 'x-ci-accept-failures' field."; \
    fi; \
    test "$pkg" != 'menhirSdk.20240715' && partial_fails="$partial_fails $pkg"; \
    done; \
    test "${partial_fails}" != "" && echo "opam-repo-ci detected dependencies failing: ${partial_fails}"; \
    exit 1
RUN opam reinstall solidity-test.0.2.0; \
    res=$?; \
    test "$res" != 31 && exit "$res"; \
    export OPAMCLI=2.0; \
    build_dir=$(opam var prefix)/.opam-switch/build; \
    failed=$(ls "$build_dir"); \
    partial_fails=""; \
    for pkg in $failed; do \
    if opam show -f x-ci-accept-failures: "$pkg" | grep -qF "\"debian-12\""; then \
    echo "A package failed and has been disabled for CI using the 'x-ci-accept-failures' field."; \
    fi; \
    test "$pkg" != 'solidity-test.0.2.0' && partial_fails="$partial_fails $pkg"; \
    done; \
    test "${partial_fails}" != "" && echo "opam-repo-ci detected dependencies failing: ${partial_fails}"; \
    exit 1
RUN (opam reinstall --with-test solidity-test.0.2.0) || true
RUN opam reinstall --with-test --verbose solidity-test.0.2.0; \
    res=$?; \
    test "$res" != 31 && exit "$res"; \
    export OPAMCLI=2.0; \
    build_dir=$(opam var prefix)/.opam-switch/build; \
    failed=$(ls "$build_dir"); \
    partial_fails=""; \
    for pkg in $failed; do \
    if opam show -f x-ci-accept-failures: "$pkg" | grep -qF "\"debian-12\""; then \
    echo "A package failed and has been disabled for CI using the 'x-ci-accept-failures' field."; \
    fi; \
    test "$pkg" != 'solidity-test.0.2.0' && partial_fails="$partial_fails $pkg"; \
    done; \
    test "${partial_fails}" != "" && echo "opam-repo-ci detected dependencies failing: ${partial_fails}"; \
    exit 1
[0m
END-OF-DOCKERFILE
docker build -f ../Dockerfile .

2024-07-15 17:55.31: Using cache hint "ocaml/opam:debian-12-ocaml-4.14@sha256:6861d2cea2df02e6467c0d6cf723eb199c902ae60e8e96b88bdfafcfab7b3a2f-menhirSdk.20240715-solidity-test.0.2.0-2171c4a8d2b8a0500df7563aa0e4d57b79c4f1be"
2024-07-15 17:55.31: Using OBuilder spec:
((from ocaml/opam:debian-12-ocaml-4.14@sha256:6861d2cea2df02e6467c0d6cf723eb199c902ae60e8e96b88bdfafcfab7b3a2f)
 (user (uid 1000) (gid 1000))
 (workdir /home/opam)
 (run (shell "sudo ln -f /usr/bin/opam-dev /usr/bin/opam"))
 (run (network host)
      (shell "opam init --reinit --config .opamrc-sandbox -ni"))
 (run (shell "uname -rs && opam exec -- ocaml -version && opam --version"))
 (env OPAMDOWNLOADJOBS 1)
 (env OPAMERRLOGLEN 0)
 (env OPAMSOLVERTIMEOUT 500)
 (env OPAMPRECISETRACKING 1)
 (env CI true)
 (env OPAM_REPO_CI true)
 (run (shell "rm -rf opam-repository/"))
 (copy (src .) (dst opam-repository/))
 (run (shell "opam repository set-url --strict default opam-repository/"))
 (run (network host)
      (shell "opam update --depexts || true"))
 (run (shell "opam pin add -k version -yn menhirSdk.20240715 20240715"))
 (run (cache (opam-archives (target /home/opam/.opam/download-cache)))
      (network host)
      (shell  "opam reinstall menhirSdk.20240715;\
             \n        res=$?;\
             \n        test \"$res\" != 31 && exit \"$res\";\
             \n        export OPAMCLI=2.0;\
             \n        build_dir=$(opam var prefix)/.opam-switch/build;\
             \n        failed=$(ls \"$build_dir\");\
             \n        partial_fails=\"\";\
             \n        for pkg in $failed; do\
             \n          if opam show -f x-ci-accept-failures: \"$pkg\" | grep -qF \"\\\"debian-12\\\"\"; then\
             \n            echo \"A package failed and has been disabled for CI using the 'x-ci-accept-failures' field.\";\
             \n          fi;\
             \n          test \"$pkg\" != 'menhirSdk.20240715' && partial_fails=\"$partial_fails $pkg\";\
             \n        done;\
             \n        test \"${partial_fails}\" != \"\" && echo \"opam-repo-ci detected dependencies failing: ${partial_fails}\";\
             \n        exit 1"))
 (run (cache (opam-archives (target /home/opam/.opam/download-cache)))
      (network host)
      (shell  "opam reinstall solidity-test.0.2.0;\
             \n        res=$?;\
             \n        test \"$res\" != 31 && exit \"$res\";\
             \n        export OPAMCLI=2.0;\
             \n        build_dir=$(opam var prefix)/.opam-switch/build;\
             \n        failed=$(ls \"$build_dir\");\
             \n        partial_fails=\"\";\
             \n        for pkg in $failed; do\
             \n          if opam show -f x-ci-accept-failures: \"$pkg\" | grep -qF \"\\\"debian-12\\\"\"; then\
             \n            echo \"A package failed and has been disabled for CI using the 'x-ci-accept-failures' field.\";\
             \n          fi;\
             \n          test \"$pkg\" != 'solidity-test.0.2.0' && partial_fails=\"$partial_fails $pkg\";\
             \n        done;\
             \n        test \"${partial_fails}\" != \"\" && echo \"opam-repo-ci detected dependencies failing: ${partial_fails}\";\
             \n        exit 1"))
 (run (network host)
      (shell "(opam reinstall --with-test solidity-test.0.2.0) || true"))
 (run (shell  "opam reinstall --with-test --verbose solidity-test.0.2.0;\
             \n        res=$?;\
             \n        test \"$res\" != 31 && exit \"$res\";\
             \n        export OPAMCLI=2.0;\
             \n        build_dir=$(opam var prefix)/.opam-switch/build;\
             \n        failed=$(ls \"$build_dir\");\
             \n        partial_fails=\"\";\
             \n        for pkg in $failed; do\
             \n          if opam show -f x-ci-accept-failures: \"$pkg\" | grep -qF \"\\\"debian-12\\\"\"; then\
             \n            echo \"A package failed and has been disabled for CI using the 'x-ci-accept-failures' field.\";\
             \n          fi;\
             \n          test \"$pkg\" != 'solidity-test.0.2.0' && partial_fails=\"$partial_fails $pkg\";\
             \n        done;\
             \n        test \"${partial_fails}\" != \"\" && echo \"opam-repo-ci detected dependencies failing: ${partial_fails}\";\
             \n        exit 1"))
)

2024-07-15 17:55.31: Waiting for resource in pool OCluster
2024-07-16 01:42.03: Waiting for workerâ€¦
2024-07-16 02:05.25: Got resource from pool OCluster
Building on x86-bm-c1.sw.ocaml.org
All commits already cached
Updating files:  32% (10467/31836)Updating files:  33% (10506/31836)Updating files:  34% (10825/31836)Updating files:  35% (11143/31836)Updating files:  36% (11461/31836)Updating files:  37% (11780/31836)Updating files:  38% (12098/31836)Updating files:  39% (12417/31836)Updating files:  40% (12735/31836)Updating files:  41% (13053/31836)Updating files:  42% (13372/31836)Updating files:  43% (13690/31836)Updating files:  44% (14008/31836)Updating files:  45% (14327/31836)Updating files:  46% (14645/31836)Updating files:  47% (14963/31836)Updating files:  48% (15282/31836)Updating files:  49% (15600/31836)Updating files:  50% (15918/31836)Updating files:  51% (16237/31836)Updating files:  52% (16555/31836)Updating files:  53% (16874/31836)Updating files:  54% (17192/31836)Updating files:  55% (17510/31836)Updating files:  56% (17829/31836)Updating files:  57% (18147/31836)Updating files:  58% (18465/31836)Updating files:  59% (18784/31836)Updating files:  60% (19102/31836)Updating files:  60% (19312/31836)Updating files:  61% (19420/31836)Updating files:  62% (19739/31836)Updating files:  63% (20057/31836)Updating files:  64% (20376/31836)Updating files:  65% (20694/31836)Updating files:  66% (21012/31836)Updating files:  67% (21331/31836)Updating files:  68% (21649/31836)Updating files:  69% (21967/31836)Updating files:  70% (22286/31836)Updating files:  71% (22604/31836)Updating files:  72% (22922/31836)Updating files:  73% (23241/31836)Updating files:  74% (23559/31836)Updating files:  75% (23877/31836)Updating files:  76% (24196/31836)Updating files:  77% (24514/31836)Updating files:  78% (24833/31836)Updating files:  79% (25151/31836)Updating files:  80% (25469/31836)Updating files:  81% (25788/31836)Updating files:  82% (26106/31836)Updating files:  83% (26424/31836)Updating files:  84% (26743/31836)Updating files:  85% (27061/31836)Updating files:  86% (27379/31836)Updating files:  87% (27698/31836)Updating files:  88% (28016/31836)Updating files:  89% (28335/31836)Updating files:  90% (28653/31836)Updating files:  91% (28971/31836)Updating files:  92% (29290/31836)Updating files:  92% (29572/31836)Updating files:  93% (29608/31836)Updating files:  94% (29926/31836)Updating files:  95% (30245/31836)Updating files:  96% (30563/31836)Updating files:  97% (30881/31836)Updating files:  98% (31200/31836)Updating files:  99% (31518/31836)Updating files: 100% (31836/31836)Updating files: 100% (31836/31836), done.
HEAD is now at 39a5da86fc Merge pull request #26240 from abeaumont/opam-publish-salsa20-core.2.0.0
Updating 39a5da86fc..2171c4a8d2
Fast-forward
 packages/menhir/menhir.20240715/opam       | 30 ++++++++++++++++++++++++++++++
 packages/menhirCST/menhirCST.20240715/opam | 29 +++++++++++++++++++++++++++++
 packages/menhirLib/menhirLib.20240715/opam | 30 ++++++++++++++++++++++++++++++
 packages/menhirSdk/menhirSdk.20240715/opam | 30 ++++++++++++++++++++++++++++++
 4 files changed, 119 insertions(+)
 create mode 100644 packages/menhir/menhir.20240715/opam
 create mode 100644 packages/menhirCST/menhirCST.20240715/opam
 create mode 100644 packages/menhirLib/menhirLib.20240715/opam
 create mode 100644 packages/menhirSdk/menhirSdk.20240715/opam

[01;34m(from ocaml/opam:debian-12-ocaml-4.14@sha256:6861d2cea2df02e6467c0d6cf723eb199c902ae60e8e96b88bdfafcfab7b3a2f)[0m
[01;2m[01;35m2024-07-16 02:05.30 ---> using "4a2062430b518b8cfbc5c574841529a30ba3d6de7679379ca94f79d85d164cd8" from cache[0m

[01;34m/: (user (uid 1000) (gid 1000))[0m

[01;34m/: (workdir /home/opam)[0m

[01;34m/home/opam: (run (shell "sudo ln -f /usr/bin/opam-dev /usr/bin/opam"))[0m
[01;2m[01;35m2024-07-16 02:05.30 ---> using "29b5d9aad4a768fb168dfa107102cb95821b2f365d548b85be5aef5132cd245d" from cache[0m

[01;34m/home/opam: (run (network host)
                 (shell "opam init --reinit --config .opamrc-sandbox -ni"))[0m
Configuring from /home/opam/.opamrc-sandbox, then /home/opam/.opamrc, and finally from built-in defaults.
Checking for available remotes: rsync and local, git.
  - you won't be able to use mercurial repositories unless you install the hg command on your system.
  - you won't be able to use darcs repositories unless you install the darcs command on your system.

This development version of opam requires an update to the layout of /home/opam/.opam from version 2.0 to version 2.2, which can't be reverted.
You may want to back it up before going further.

Continue? [y/n] y
Format upgrade done.

<><> Updating repositories ><><><><><><><><><><><><><><><><><><><><><><><><><><>
[default] synchronised from file:///home/opam/opam-repository
[01;2m[01;35m2024-07-16 02:05.30 ---> using "0706a875292ea922359d31104426c52cf1ec62952c22af91ca77ba12165daa47" from cache[0m

[01;34m/home/opam: (run (shell "uname -rs && opam exec -- ocaml -version && opam --version"))[0m
Linux 5.15.0-113-generic
The OCaml toplevel, version 4.14.2
2.3.0~alpha~dev
[01;2m[01;35m2024-07-16 02:05.30 ---> using "56af074fae77a51329f811b5bfb936746f95d4f3823a52bb864f86692f467bec" from cache[0m

[01;34m/home/opam: (env OPAMDOWNLOADJOBS 1)[0m

[01;34m/home/opam: (env OPAMERRLOGLEN 0)[0m

[01;34m/home/opam: (env OPAMSOLVERTIMEOUT 500)[0m

[01;34m/home/opam: (env OPAMPRECISETRACKING 1)[0m

[01;34m/home/opam: (env CI true)[0m

[01;34m/home/opam: (env OPAM_REPO_CI true)[0m

[01;34m/home/opam: (run (shell "rm -rf opam-repository/"))[0m
[01;2m[01;35m2024-07-16 02:05.30 ---> using "845fb03f28eba49019fb5591d249744cf0ecd47bd659754be83841c03de5d822" from cache[0m

[01;34m/home/opam: (copy (src .) (dst opam-repository/))[0m
[01;2m[01;35m2024-07-16 02:05.33 ---> using "d76bc7c0975573ef4bde5e32f6d9e9b5cf76b8f325c4dcb77c2ae598cef56ca2" from cache[0m

[01;34m/home/opam: (run (shell "opam repository set-url --strict default opam-repository/"))[0m
[default] Initialised
[01;2m[01;35m2024-07-16 02:05.33 ---> using "44ffb329fef84f3f85456dcf3ab2a6eb17a84a473ce4e20f41db6d677d9d611b" from cache[0m

[01;34m/home/opam: (run (network host)
                 (shell "opam update --depexts || true"))[0m
+ /usr/bin/sudo "apt-get" "update"
- Hit:1 http://deb.debian.org/debian bookworm InRelease
- Get:2 http://deb.debian.org/debian bookworm-updates InRelease [55.4 kB]
- Get:3 http://deb.debian.org/debian-security bookworm-security InRelease [48.0 kB]
- Get:4 http://deb.debian.org/debian-security bookworm-security/main amd64 Packages [168 kB]
- Fetched 271 kB in 0s (1122 kB/s)
- Reading package lists...
[01;2m[01;35m2024-07-16 02:05.33 ---> using "9648df4a991928a6ab40865b61d403dd177eef7c7d20c39c2d58c56b853472d1" from cache[0m

[01;34m/home/opam: (run (shell "opam pin add -k version -yn menhirSdk.20240715 20240715"))[0m
menhirSdk is now pinned to version 20240715
[01;2m[01;35m2024-07-16 02:05.33 ---> using "7e7d397fe50a3541ee68833e0c05fde40825624b6f56b1fbe9aad0b369a4599b" from cache[0m

[01;34m/home/opam: (run (cache (opam-archives (target /home/opam/.opam/download-cache)))
                 (network host)
                 (shell  "opam reinstall menhirSdk.20240715;\
                        \n        res=$?;\
                        \n        test \"$res\" != 31 && exit \"$res\";\
                        \n        export OPAMCLI=2.0;\
                        \n        build_dir=$(opam var prefix)/.opam-switch/build;\
                        \n        failed=$(ls \"$build_dir\");\
                        \n        partial_fails=\"\";\
                        \n        for pkg in $failed; do\
                        \n          if opam show -f x-ci-accept-failures: \"$pkg\" | grep -qF \"\\\"debian-12\\\"\"; then\
                        \n            echo \"A package failed and has been disabled for CI using the 'x-ci-accept-failures' field.\";\
                        \n          fi;\
                        \n          test \"$pkg\" != 'menhirSdk.20240715' && partial_fails=\"$partial_fails $pkg\";\
                        \n        done;\
                        \n        test \"${partial_fails}\" != \"\" && echo \"opam-repo-ci detected dependencies failing: ${partial_fails}\";\
                        \n        exit 1"))[0m
menhirSdk.20240715 is not installed. Install it? [y/n] y
The following actions will be performed:
=== install 2 packages
  - install dune      3.16.0            [required by menhirSdk]
  - install menhirSdk 20240715 (pinned)

<><> Processing actions <><><><><><><><><><><><><><><><><><><><><><><><><><><><>
-> retrieved dune.3.16.0  (cached)
-> retrieved menhirSdk.20240715  (cached)
-> installed dune.3.16.0
-> installed menhirSdk.20240715
Done.
# Run eval $(opam env) to update the current shell environment
[01;2m[01;35m2024-07-16 02:05.33 ---> using "b10ab672a8a388e9cb943cf7cfe96c8b940a58d50ce88a554198f1150c656d5c" from cache[0m

[01;34m/home/opam: (run (cache (opam-archives (target /home/opam/.opam/download-cache)))
                 (network host)
                 (shell  "opam reinstall solidity-test.0.2.0;\
                        \n        res=$?;\
                        \n        test \"$res\" != 31 && exit \"$res\";\
                        \n        export OPAMCLI=2.0;\
                        \n        build_dir=$(opam var prefix)/.opam-switch/build;\
                        \n        failed=$(ls \"$build_dir\");\
                        \n        partial_fails=\"\";\
                        \n        for pkg in $failed; do\
                        \n          if opam show -f x-ci-accept-failures: \"$pkg\" | grep -qF \"\\\"debian-12\\\"\"; then\
                        \n            echo \"A package failed and has been disabled for CI using the 'x-ci-accept-failures' field.\";\
                        \n          fi;\
                        \n          test \"$pkg\" != 'solidity-test.0.2.0' && partial_fails=\"$partial_fails $pkg\";\
                        \n        done;\
                        \n        test \"${partial_fails}\" != \"\" && echo \"opam-repo-ci detected dependencies failing: ${partial_fails}\";\
                        \n        exit 1"))[0m
solidity-test.0.2.0 is not installed. Install it? [y/n] y
The following actions will be performed:
=== downgrade 1 package
  - downgrade dune                 3.16.0 to 2.9.3   [required by solidity-test]
=== recompile 1 package
  - recompile menhirSdk            20240715 (pinned) [uses dune]
=== install 22 packages
  - install   blake2               0.3               [required by ez_hash]
  - install   conf-gmp             4                 [required by zarith]
  - install   conf-pkg-config      3                 [required by zarith]
  - install   cstruct              6.2.0             [required by hex]
  - install   ez_hash              0.2.0             [required by solidity-typechecker]
  - install   fileutils            0.6.4             [required by solidity-common]
  - install   fmt                  0.9.0             [required by cstruct]
  - install   hex                  1.5.0             [required by solidity-common, solidity-parser]
  - install   menhir               20240715          [required by solidity-parser]
  - install   menhirCST            20240715          [required by menhir]
  - install   menhirLib            20240715          [required by menhir]
  - install   ocamlbuild           0.15.0            [required by uutf]
  - install   ocamlfind            1.9.6             [required by zarith, uutf]
  - install   seq                  base              [required by fileutils]
  - install   solidity-common      0.2.0             [required by solidity-test]
  - install   solidity-parser      0.2.0             [required by solidity-test]
  - install   solidity-test        0.2.0
  - install   solidity-typechecker 0.2.0             [required by solidity-test]
  - install   stdlib-shims         0.3.0             [required by fileutils]
  - install   topkg                1.0.7             [required by uutf]
  - install   uutf                 1.0.3             [required by solidity-typechecker]
  - install   zarith               1.14              [required by solidity-common]

The following system packages will first need to be installed:
    libgmp-dev pkg-config

<><> Handling external dependencies <><><><><><><><><><><><><><><><><><><><><><>

opam believes some required external dependencies are missing. opam can:
> 1. Run apt-get to install them (may need root/sudo access)
  2. Display the recommended apt-get command and wait while you run it manually (e.g. in another terminal)
  3. Continue anyway, and, upon success, permanently register that this external dependency is present, but not detectable
  4. Abort the installation

[1/2/3/4] 1

+ /usr/bin/sudo "apt-get" "install" "-qq" "-yy" "libgmp-dev" "pkg-config"
- debconf: delaying package configuration, since apt-utils is not installed
- Selecting previously unselected package libgmpxx4ldbl:amd64.
- (Reading database ... (Reading database ... 5%(Reading database ... 10%(Reading database ... 15%(Reading database ... 20%(Reading database ... 25%(Reading database ... 30%(Reading database ... 35%(Reading database ... 40%(Reading database ... 45%(Reading database ... 50%(Reading database ... 55%(Reading database ... 60%(Reading database ... 65%(Reading database ... 70%(Reading database ... 75%(Reading database ... 80%(Reading database ... 85%(Reading database ... 90%(Reading database ... 95%(Reading database ... 100%(Reading database ... 18734 files and directories currently installed.)
- Preparing to unpack .../0-libgmpxx4ldbl_2%3a6.2.1+dfsg1-1.1_amd64.deb ...
- Unpacking libgmpxx4ldbl:amd64 (2:6.2.1+dfsg1-1.1) ...
- Selecting previously unselected package libgmp-dev:amd64.
- Preparing to unpack .../1-libgmp-dev_2%3a6.2.1+dfsg1-1.1_amd64.deb ...
- Unpacking libgmp-dev:amd64 (2:6.2.1+dfsg1-1.1) ...
- Selecting previously unselected package libpkgconf3:amd64.
- Preparing to unpack .../2-libpkgconf3_1.8.1-1_amd64.deb ...
- Unpacking libpkgconf3:amd64 (1.8.1-1) ...
- Selecting previously unselected package pkgconf-bin.
- Preparing to unpack .../3-pkgconf-bin_1.8.1-1_amd64.deb ...
- Unpacking pkgconf-bin (1.8.1-1) ...
- Selecting previously unselected package pkgconf:amd64.
- Preparing to unpack .../4-pkgconf_1.8.1-1_amd64.deb ...
- Unpacking pkgconf:amd64 (1.8.1-1) ...
- Selecting previously unselected package pkg-config:amd64.
- Preparing to unpack .../5-pkg-config_1.8.1-1_amd64.deb ...
- Unpacking pkg-config:amd64 (1.8.1-1) ...
- Setting up libpkgconf3:amd64 (1.8.1-1) ...
- Setting up libgmpxx4ldbl:amd64 (2:6.2.1+dfsg1-1.1) ...
- Setting up pkgconf-bin (1.8.1-1) ...
- Setting up libgmp-dev:amd64 (2:6.2.1+dfsg1-1.1) ...
- Setting up pkgconf:amd64 (1.8.1-1) ...
- Setting up pkg-config:amd64 (1.8.1-1) ...
- Processing triggers for libc-bin (2.36-9+deb12u7) ...

<><> Processing actions <><><><><><><><><><><><><><><><><><><><><><><><><><><><>
-> retrieved blake2.0.3  (cached)
-> retrieved conf-gmp.4  (cached)
-> installed conf-pkg-config.3
-> retrieved cstruct.6.2.0  (cached)
-> installed conf-gmp.4
-> retrieved dune.2.9.3  (cached)
-> retrieved ez_hash.0.2.0, solidity-common.0.2.0, solidity-parser.0.2.0, solidity-test.0.2.0, solidity-typechecker.0.2.0  (cached)
-> retrieved fileutils.0.6.4  (cached)
-> retrieved fmt.0.9.0  (cached)
-> retrieved hex.1.5.0  (cached)
-> retrieved menhir.20240715, menhirCST.20240715, menhirLib.20240715, menhirSdk.20240715  (cached)
-> retrieved ocamlbuild.0.15.0  (cached)
-> retrieved ocamlfind.1.9.6  (cached)
-> retrieved seq.base  (cached)
-> installed seq.base
-> retrieved stdlib-shims.0.3.0  (cached)
-> retrieved topkg.1.0.7  (cached)
-> retrieved uutf.1.0.3  (cached)
-> retrieved zarith.1.14  (cached)
-> installed ocamlfind.1.9.6
-> installed ocamlbuild.0.15.0
-> installed zarith.1.14
-> removed   menhirSdk.20240715
-> removed   dune.3.16.0
-> installed dune.2.9.3
-> installed menhirCST.20240715
-> installed stdlib-shims.0.3.0
-> installed topkg.1.0.7
-> installed blake2.0.3
-> installed menhirSdk.20240715
-> installed menhirLib.20240715
-> installed ez_hash.0.2.0
-> installed fileutils.0.6.4
-> installed uutf.1.0.3
-> installed fmt.0.9.0
-> installed cstruct.6.2.0
-> installed hex.1.5.0
-> installed solidity-common.0.2.0
-> installed menhir.20240715
-> installed solidity-parser.0.2.0
-> installed solidity-typechecker.0.2.0
-> installed solidity-test.0.2.0
Done.
# Run eval $(opam env) to update the current shell environment
[01;2m[01;35m2024-07-16 02:06.49 ---> saved as "7dff7fbc16e7bb8a0e97cd1b7e14e98eccadaf6f60f064d2c4433fd3833b00b6"[0m

[01;34m/home/opam: (run (network host)
                 (shell "(opam reinstall --with-test solidity-test.0.2.0) || true"))[0m
[ERROR] Sorry, resolution of the request timed out.
        Try to specify a more precise request, use a different solver, or increase the allowed time by setting OPAMSOLVERTIMEOUT to a bigger value (currently, it is set to 500.0 seconds).
[01;2m[01;35m2024-07-16 02:15.33 ---> saved as "5ee14895f135f4ffc4a3651d7f7e30460f4b02f557d62b22a81346e5affd6638"[0m

[01;34m/home/opam: (run (shell  "opam reinstall --with-test --verbose solidity-test.0.2.0;\
                        \n        res=$?;\
                        \n        test \"$res\" != 31 && exit \"$res\";\
                        \n        export OPAMCLI=2.0;\
                        \n        build_dir=$(opam var prefix)/.opam-switch/build;\
                        \n        failed=$(ls \"$build_dir\");\
                        \n        partial_fails=\"\";\
                        \n        for pkg in $failed; do\
                        \n          if opam show -f x-ci-accept-failures: \"$pkg\" | grep -qF \"\\\"debian-12\\\"\"; then\
                        \n            echo \"A package failed and has been disabled for CI using the 'x-ci-accept-failures' field.\";\
                        \n          fi;\
                        \n          test \"$pkg\" != 'solidity-test.0.2.0' && partial_fails=\"$partial_fails $pkg\";\
                        \n        done;\
                        \n        test \"${partial_fails}\" != \"\" && echo \"opam-repo-ci detected dependencies failing: ${partial_fails}\";\
                        \n        exit 1"))[0m
[ERROR] Sorry, resolution of the request timed out.
        Try to specify a more precise request, use a different solver, or increase the allowed time by setting OPAMSOLVERTIMEOUT to a bigger value (currently, it is set to 500.0 seconds).
'opam reinstall --with-test --verbose solidity-test.0.2.0' failed.
"/usr/bin/env" "bash" "-c" "opam reinstall --with-test --verbose solidity-test.0.2.0;
        res=$?;
        test "$res" != 31 && exit "$res";
        export OPAMCLI=2.0;
        build_dir=$(opam var prefix)/.opam-switch/build;
        failed=$(ls "$build_dir");
        partial_fails="";
        for pkg in $failed; do
          if opam show -f x-ci-accept-failures: "$pkg" | grep -qF "\"debian-12\""; then
            echo "A package failed and has been disabled for CI using the 'x-ci-accept-failures' field.";
          fi;
          test "$pkg" != 'solidity-test.0.2.0' && partial_fails="$partial_fails $pkg";
        done;
        test "${partial_fails}" != "" && echo "opam-repo-ci detected dependencies failing: ${partial_fails}";
        exit 1" failed with exit status 60
2024-07-16 02:24.34: Job failed: Failed: Build failed
2024-07-16 02:24.34: Log analysis:
2024-07-16 02:24.34: >>> 
[ERROR] Sorry, resolution of the request timed out.
 (score = 20)
2024-07-16 02:24.34: >>> 
[ERROR] Sorry, resolution of the request timed out.
 (score = 20)
2024-07-16 02:24.34: Sorry, resolution of the request timed out.
