2024-07-04 08:47.00: New job: test drom.0.6.1 with menhir-secondary.20210419, using opam dev
                              from https://github.com/ocaml/opam-repository.git#refs/pull/25928/head (3f2c920b90e20a61c5c90d25ab350fcf660158fd)
                              on debian-12-ocaml-4.14/amd64

To reproduce locally:

cd $(mktemp -d)
git clone --recursive "https://github.com/ocaml/opam-repository.git" && cd "opam-repository" && git fetch origin "refs/pull/25928/head" && git reset --hard 3f2c920b
git fetch origin master
git merge --no-edit e2171914dc125e7342700114dc6e1579d2bd4436
cat > ../Dockerfile <<'END-OF-DOCKERFILE'
[34mFROM ocaml/opam:debian-12-ocaml-4.14@sha256:411c167ab30b2e15a22d9ba7269e6df1d6b24c7d69a5996d4a62bba7180dc074
USER 1000:1000
WORKDIR /home/opam
RUN sudo ln -f /usr/bin/opam-dev /usr/bin/opam
RUN opam init --reinit -ni
RUN uname -rs && opam exec -- ocaml -version && opam --version
ENV OPAMDOWNLOADJOBS="1"
ENV OPAMERRLOGLEN="0"
ENV OPAMSOLVERTIMEOUT="500"
ENV OPAMPRECISETRACKING="1"
ENV CI="true"
ENV OPAM_REPO_CI="true"
RUN rm -rf opam-repository/
COPY --chown=1000:1000 . opam-repository/
RUN opam repository set-url --strict default opam-repository/
RUN opam update --depexts || true
RUN opam pin add -k version -yn menhir-secondary.20210419 20210419
RUN opam reinstall menhir-secondary.20210419; \
    res=$?; \
    test "$res" != 31 && exit "$res"; \
    export OPAMCLI=2.0; \
    build_dir=$(opam var prefix)/.opam-switch/build; \
    failed=$(ls "$build_dir"); \
    partial_fails=""; \
    for pkg in $failed; do \
    if opam show -f x-ci-accept-failures: "$pkg" | grep -qF "\"debian-12\""; then \
    echo "A package failed and has been disabled for CI using the 'x-ci-accept-failures' field."; \
    fi; \
    test "$pkg" != 'menhir-secondary.20210419' && partial_fails="$partial_fails $pkg"; \
    done; \
    test "${partial_fails}" != "" && echo "opam-repo-ci detected dependencies failing: ${partial_fails}"; \
    exit 1
RUN opam reinstall drom.0.6.1; \
    res=$?; \
    test "$res" != 31 && exit "$res"; \
    export OPAMCLI=2.0; \
    build_dir=$(opam var prefix)/.opam-switch/build; \
    failed=$(ls "$build_dir"); \
    partial_fails=""; \
    for pkg in $failed; do \
    if opam show -f x-ci-accept-failures: "$pkg" | grep -qF "\"debian-12\""; then \
    echo "A package failed and has been disabled for CI using the 'x-ci-accept-failures' field."; \
    fi; \
    test "$pkg" != 'drom.0.6.1' && partial_fails="$partial_fails $pkg"; \
    done; \
    test "${partial_fails}" != "" && echo "opam-repo-ci detected dependencies failing: ${partial_fails}"; \
    exit 1
RUN (opam reinstall --with-test drom.0.6.1) || true
RUN opam reinstall --with-test --verbose drom.0.6.1; \
    res=$?; \
    test "$res" != 31 && exit "$res"; \
    export OPAMCLI=2.0; \
    build_dir=$(opam var prefix)/.opam-switch/build; \
    failed=$(ls "$build_dir"); \
    partial_fails=""; \
    for pkg in $failed; do \
    if opam show -f x-ci-accept-failures: "$pkg" | grep -qF "\"debian-12\""; then \
    echo "A package failed and has been disabled for CI using the 'x-ci-accept-failures' field."; \
    fi; \
    test "$pkg" != 'drom.0.6.1' && partial_fails="$partial_fails $pkg"; \
    done; \
    test "${partial_fails}" != "" && echo "opam-repo-ci detected dependencies failing: ${partial_fails}"; \
    exit 1
[0m
END-OF-DOCKERFILE
docker build -f ../Dockerfile .

2024-07-04 08:47.00: Using cache hint "ocaml/opam:debian-12-ocaml-4.14@sha256:411c167ab30b2e15a22d9ba7269e6df1d6b24c7d69a5996d4a62bba7180dc074-menhir-secondary.20210419-drom.0.6.1-3f2c920b90e20a61c5c90d25ab350fcf660158fd"
2024-07-04 08:47.00: Using OBuilder spec:
((from ocaml/opam:debian-12-ocaml-4.14@sha256:411c167ab30b2e15a22d9ba7269e6df1d6b24c7d69a5996d4a62bba7180dc074)
 (user (uid 1000) (gid 1000))
 (workdir /home/opam)
 (run (shell "sudo ln -f /usr/bin/opam-dev /usr/bin/opam"))
 (run (network host)
      (shell "opam init --reinit --config .opamrc-sandbox -ni"))
 (run (shell "uname -rs && opam exec -- ocaml -version && opam --version"))
 (env OPAMDOWNLOADJOBS 1)
 (env OPAMERRLOGLEN 0)
 (env OPAMSOLVERTIMEOUT 500)
 (env OPAMPRECISETRACKING 1)
 (env CI true)
 (env OPAM_REPO_CI true)
 (run (shell "rm -rf opam-repository/"))
 (copy (src .) (dst opam-repository/))
 (run (shell "opam repository set-url --strict default opam-repository/"))
 (run (network host)
      (shell "opam update --depexts || true"))
 (run (shell "opam pin add -k version -yn menhir-secondary.20210419 20210419"))
 (run (cache (opam-archives (target /home/opam/.opam/download-cache)))
      (network host)
      (shell  "opam reinstall menhir-secondary.20210419;\
             \n        res=$?;\
             \n        test \"$res\" != 31 && exit \"$res\";\
             \n        export OPAMCLI=2.0;\
             \n        build_dir=$(opam var prefix)/.opam-switch/build;\
             \n        failed=$(ls \"$build_dir\");\
             \n        partial_fails=\"\";\
             \n        for pkg in $failed; do\
             \n          if opam show -f x-ci-accept-failures: \"$pkg\" | grep -qF \"\\\"debian-12\\\"\"; then\
             \n            echo \"A package failed and has been disabled for CI using the 'x-ci-accept-failures' field.\";\
             \n          fi;\
             \n          test \"$pkg\" != 'menhir-secondary.20210419' && partial_fails=\"$partial_fails $pkg\";\
             \n        done;\
             \n        test \"${partial_fails}\" != \"\" && echo \"opam-repo-ci detected dependencies failing: ${partial_fails}\";\
             \n        exit 1"))
 (run (cache (opam-archives (target /home/opam/.opam/download-cache)))
      (network host)
      (shell  "opam reinstall drom.0.6.1;\
             \n        res=$?;\
             \n        test \"$res\" != 31 && exit \"$res\";\
             \n        export OPAMCLI=2.0;\
             \n        build_dir=$(opam var prefix)/.opam-switch/build;\
             \n        failed=$(ls \"$build_dir\");\
             \n        partial_fails=\"\";\
             \n        for pkg in $failed; do\
             \n          if opam show -f x-ci-accept-failures: \"$pkg\" | grep -qF \"\\\"debian-12\\\"\"; then\
             \n            echo \"A package failed and has been disabled for CI using the 'x-ci-accept-failures' field.\";\
             \n          fi;\
             \n          test \"$pkg\" != 'drom.0.6.1' && partial_fails=\"$partial_fails $pkg\";\
             \n        done;\
             \n        test \"${partial_fails}\" != \"\" && echo \"opam-repo-ci detected dependencies failing: ${partial_fails}\";\
             \n        exit 1"))
 (run (network host)
      (shell "(opam reinstall --with-test drom.0.6.1) || true"))
 (run (shell  "opam reinstall --with-test --verbose drom.0.6.1;\
             \n        res=$?;\
             \n        test \"$res\" != 31 && exit \"$res\";\
             \n        export OPAMCLI=2.0;\
             \n        build_dir=$(opam var prefix)/.opam-switch/build;\
             \n        failed=$(ls \"$build_dir\");\
             \n        partial_fails=\"\";\
             \n        for pkg in $failed; do\
             \n          if opam show -f x-ci-accept-failures: \"$pkg\" | grep -qF \"\\\"debian-12\\\"\"; then\
             \n            echo \"A package failed and has been disabled for CI using the 'x-ci-accept-failures' field.\";\
             \n          fi;\
             \n          test \"$pkg\" != 'drom.0.6.1' && partial_fails=\"$partial_fails $pkg\";\
             \n        done;\
             \n        test \"${partial_fails}\" != \"\" && echo \"opam-repo-ci detected dependencies failing: ${partial_fails}\";\
             \n        exit 1"))
)

2024-07-04 08:47.00: Waiting for resource in pool OCluster
2024-07-04 16:46.53: Waiting for workerâ€¦
2024-07-04 16:48.49: Got resource from pool OCluster
Building on x86-bm-c15.sw.ocaml.org
All commits already cached
Updating files:  64% (20577/31772)Updating files:  65% (20652/31772)Updating files:  66% (20970/31772)Updating files:  67% (21288/31772)Updating files:  68% (21605/31772)Updating files:  69% (21923/31772)Updating files:  70% (22241/31772)Updating files:  71% (22559/31772)Updating files:  72% (22876/31772)Updating files:  73% (23194/31772)Updating files:  74% (23512/31772)Updating files:  75% (23829/31772)Updating files:  76% (24147/31772)Updating files:  77% (24465/31772)Updating files:  78% (24783/31772)Updating files:  79% (25100/31772)Updating files:  80% (25418/31772)Updating files:  81% (25736/31772)Updating files:  82% (26054/31772)Updating files:  83% (26371/31772)Updating files:  84% (26689/31772)Updating files:  85% (27007/31772)Updating files:  86% (27324/31772)Updating files:  87% (27642/31772)Updating files:  88% (27960/31772)Updating files:  89% (28278/31772)Updating files:  90% (28595/31772)Updating files:  91% (28913/31772)Updating files:  92% (29231/31772)Updating files:  93% (29548/31772)Updating files:  94% (29866/31772)Updating files:  95% (30184/31772)Updating files:  96% (30502/31772)Updating files:  97% (30819/31772)Updating files:  98% (31137/31772)Updating files:  99% (31455/31772)Updating files: 100% (31772/31772)Updating files: 100% (31772/31772), done.
HEAD is now at e2171914dc Merge pull request #26173 from anuragsoni/release-shuttle_http-0.12.0
Merge made by the 'ort' strategy.
 packages/base-flambda2/base-flambda2.base/opam     |  8 +++
 packages/dune-secondary/dune-secondary.3.8.1/opam  | 60 ++++++++++++++++++++++
 .../menhir-secondary.20210419/opam                 | 34 ++++++++++++
 .../ocaml-secondary-compiler.4.14.2/opam           | 30 +++++++++++
 .../ocaml-variants.5.1.1+flambda2/opam             | 46 +++++++++++++++++
 5 files changed, 178 insertions(+)
 create mode 100644 packages/base-flambda2/base-flambda2.base/opam
 create mode 100644 packages/dune-secondary/dune-secondary.3.8.1/opam
 create mode 100644 packages/menhir-secondary/menhir-secondary.20210419/opam
 create mode 100644 packages/ocaml-secondary-compiler/ocaml-secondary-compiler.4.14.2/opam
 create mode 100644 packages/ocaml-variants/ocaml-variants.5.1.1+flambda2/opam

[01;34m(from ocaml/opam:debian-12-ocaml-4.14@sha256:411c167ab30b2e15a22d9ba7269e6df1d6b24c7d69a5996d4a62bba7180dc074)[0m
Unable to find image 'ocaml/opam:debian-12-ocaml-4.14@sha256:411c167ab30b2e15a22d9ba7269e6df1d6b24c7d69a5996d4a62bba7180dc074' locally
docker.io/ocaml/opam@sha256:411c167ab30b2e15a22d9ba7269e6df1d6b24c7d69a5996d4a62bba7180dc074: Pulling from ocaml/opam
e017066d9172: Pulling fs layer
e017066d9172: Verifying Checksum
e017066d9172: Download complete
e017066d9172: Pull complete
Digest: sha256:411c167ab30b2e15a22d9ba7269e6df1d6b24c7d69a5996d4a62bba7180dc074
Status: Downloaded newer image for ocaml/opam@sha256:411c167ab30b2e15a22d9ba7269e6df1d6b24c7d69a5996d4a62bba7180dc074
[01;2m[01;35m2024-07-04 16:48.53 ---> using "787c10892c33b358f8712760387399b1ab2c78ae2006c4a10d01c5321d3dba40" from cache[0m

[01;34m/: (user (uid 1000) (gid 1000))[0m

[01;34m/: (workdir /home/opam)[0m

[01;34m/home/opam: (run (shell "sudo ln -f /usr/bin/opam-dev /usr/bin/opam"))[0m
[01;2m[01;35m2024-07-04 16:48.53 ---> using "f2e5db30f08f69a1d5334ae494aa89668e4020c14e77cf48ca4c893a0b4dfad3" from cache[0m

[01;34m/home/opam: (run (network host)
                 (shell "opam init --reinit --config .opamrc-sandbox -ni"))[0m
Configuring from /home/opam/.opamrc-sandbox, then /home/opam/.opamrc, and finally from built-in defaults.
Checking for available remotes: rsync and local, git.
  - you won't be able to use mercurial repositories unless you install the hg command on your system.
  - you won't be able to use darcs repositories unless you install the darcs command on your system.

This development version of opam requires an update to the layout of /home/opam/.opam from version 2.0 to version 2.2~beta, which can't be reverted.
You may want to back it up before going further.

Continue? [y/n] y
Format upgrade done.

<><> Updating repositories ><><><><><><><><><><><><><><><><><><><><><><><><><><>
[default] synchronised from file:///home/opam/opam-repository
[01;2m[01;35m2024-07-04 16:48.53 ---> using "a815bc554d04fdd08319799ec1b953c5900bc15cf3510abbdde7dbab79abb5dd" from cache[0m

[01;34m/home/opam: (run (shell "uname -rs && opam exec -- ocaml -version && opam --version"))[0m
Linux 5.15.0-113-generic
The OCaml toplevel, version 4.14.2
2.2.0~rc1
[01;2m[01;35m2024-07-04 16:48.53 ---> using "74dc415daa1c88b68336b71bd1c3b3cc476c5c7e7ba9c14b993dc4ab0d8e0bfb" from cache[0m

[01;34m/home/opam: (env OPAMDOWNLOADJOBS 1)[0m

[01;34m/home/opam: (env OPAMERRLOGLEN 0)[0m

[01;34m/home/opam: (env OPAMSOLVERTIMEOUT 500)[0m

[01;34m/home/opam: (env OPAMPRECISETRACKING 1)[0m

[01;34m/home/opam: (env CI true)[0m

[01;34m/home/opam: (env OPAM_REPO_CI true)[0m

[01;34m/home/opam: (run (shell "rm -rf opam-repository/"))[0m
[01;2m[01;35m2024-07-04 16:48.53 ---> using "c65cafca8f6f5d24d12a244a9c6ba026d5ea649414ebd308f23285f028433926" from cache[0m

[01;34m/home/opam: (copy (src .) (dst opam-repository/))[0m
[01;2m[01;35m2024-07-04 16:48.54 ---> using "4b1c040ec3b18c01a102ea251e2800a6afd9b4d11ba9f981d9aab20fabb3124c" from cache[0m

[01;34m/home/opam: (run (shell "opam repository set-url --strict default opam-repository/"))[0m
[default] Initialised
[01;2m[01;35m2024-07-04 16:48.54 ---> using "a4b6c3b1d6f7e8404fca269bb0b30e903736f2a438d463235b8c03e839e88f9a" from cache[0m

[01;34m/home/opam: (run (network host)
                 (shell "opam update --depexts || true"))[0m
+ /usr/bin/sudo "apt-get" "update"
- Get:1 http://deb.debian.org/debian bookworm InRelease [151 kB]
- Get:2 http://deb.debian.org/debian bookworm-updates InRelease [55.4 kB]
- Get:3 http://deb.debian.org/debian-security bookworm-security InRelease [48.0 kB]
- Get:4 http://deb.debian.org/debian bookworm/main amd64 Packages [8788 kB]
- Get:5 http://deb.debian.org/debian-security bookworm-security/main amd64 Packages [165 kB]
- Fetched 9207 kB in 2s (5408 kB/s)
- Reading package lists...
- 
[01;2m[01;35m2024-07-04 16:48.54 ---> using "c99b7e717ee3f38a477590e1129120c969b72ecf51912f0c791469e0f85310a6" from cache[0m

[01;34m/home/opam: (run (shell "opam pin add -k version -yn menhir-secondary.20210419 20210419"))[0m
menhir-secondary is now pinned to version 20210419
[01;2m[01;35m2024-07-04 16:48.54 ---> using "f3978cd9b3348b715d96af92a6f466dbe70d8554b77f6c5c4a34eb87d9927cab" from cache[0m

[01;34m/home/opam: (run (cache (opam-archives (target /home/opam/.opam/download-cache)))
                 (network host)
                 (shell  "opam reinstall menhir-secondary.20210419;\
                        \n        res=$?;\
                        \n        test \"$res\" != 31 && exit \"$res\";\
                        \n        export OPAMCLI=2.0;\
                        \n        build_dir=$(opam var prefix)/.opam-switch/build;\
                        \n        failed=$(ls \"$build_dir\");\
                        \n        partial_fails=\"\";\
                        \n        for pkg in $failed; do\
                        \n          if opam show -f x-ci-accept-failures: \"$pkg\" | grep -qF \"\\\"debian-12\\\"\"; then\
                        \n            echo \"A package failed and has been disabled for CI using the 'x-ci-accept-failures' field.\";\
                        \n          fi;\
                        \n          test \"$pkg\" != 'menhir-secondary.20210419' && partial_fails=\"$partial_fails $pkg\";\
                        \n        done;\
                        \n        test \"${partial_fails}\" != \"\" && echo \"opam-repo-ci detected dependencies failing: ${partial_fails}\";\
                        \n        exit 1"))[0m
menhir-secondary.20210419 is not installed. Install it? [y/n] y
The following actions will be performed:
=== install 3 packages
  - install dune-secondary           3.8.1             [required by menhir-secondary]
  - install menhir-secondary         20210419 (pinned)
  - install ocaml-secondary-compiler 4.14.2            [required by menhir-secondary]

<><> Processing actions <><><><><><><><><><><><><><><><><><><><><><><><><><><><>
-> retrieved dune-secondary.3.8.1  (cached)
-> retrieved menhir-secondary.20210419  (cached)
-> retrieved ocaml-secondary-compiler.4.14.2  (cached)
-> installed ocaml-secondary-compiler.4.14.2
-> installed dune-secondary.3.8.1
-> installed menhir-secondary.20210419
Done.
# Run eval $(opam env) to update the current shell environment
[01;2m[01;35m2024-07-04 16:48.54 ---> using "a42c3b256e7a6a43ebadeb25c4fadfb86ddcbcea789a02e61e1e5bf5369fded9" from cache[0m

[01;34m/home/opam: (run (cache (opam-archives (target /home/opam/.opam/download-cache)))
                 (network host)
                 (shell  "opam reinstall drom.0.6.1;\
                        \n        res=$?;\
                        \n        test \"$res\" != 31 && exit \"$res\";\
                        \n        export OPAMCLI=2.0;\
                        \n        build_dir=$(opam var prefix)/.opam-switch/build;\
                        \n        failed=$(ls \"$build_dir\");\
                        \n        partial_fails=\"\";\
                        \n        for pkg in $failed; do\
                        \n          if opam show -f x-ci-accept-failures: \"$pkg\" | grep -qF \"\\\"debian-12\\\"\"; then\
                        \n            echo \"A package failed and has been disabled for CI using the 'x-ci-accept-failures' field.\";\
                        \n          fi;\
                        \n          test \"$pkg\" != 'drom.0.6.1' && partial_fails=\"$partial_fails $pkg\";\
                        \n        done;\
                        \n        test \"${partial_fails}\" != \"\" && echo \"opam-repo-ci detected dependencies failing: ${partial_fails}\";\
                        \n        exit 1"))[0m
drom.0.6.1 is not installed. Install it? [y/n] y
The following actions will be performed:
=== install 20 packages
  - install cmdliner         1.3.0    [required by ez_cmdliner]
  - install directories      0.5      [required by drom_lib]
  - install drom             0.6.1
  - install drom_lib         0.6.1    [required by drom]
  - install dune             3.16.0   [required by drom]
  - install ez_cmdliner      0.4.3    [required by drom_lib]
  - install ez_config        0.2.0    [required by drom_lib]
  - install ez_file          0.3.0    [required by drom_lib]
  - install ez_opam_file     0.1.0    [required by drom_lib]
  - install ez_subst         0.2.1    [required by drom_lib]
  - install ISO8601          0.2.6    [required by toml]
  - install menhir           20231231 [required by toml]
  - install menhirCST        20231231 [required by menhir]
  - install menhirLib        20231231 [required by menhir]
  - install menhirSdk        20231231 [required by menhir]
  - install ocplib_stuff     0.4.0    [required by ez_cmdliner]
  - install opam-file-format 2.1.6    [required by ez_opam_file]
  - install re               1.11.0   [required by ez_file]
  - install seq              base     [required by re]
  - install toml             7.1.0    [required by drom_lib]

<><> Processing actions <><><><><><><><><><><><><><><><><><><><><><><><><><><><>
-> retrieved cmdliner.1.3.0  (cached)
-> retrieved directories.0.5  (cached)
-> retrieved drom.0.6.1, drom_lib.0.6.1  (https://github.com/ocamlpro/drom/archive/v0.6.1.tar.gz)
-> retrieved dune.3.16.0  (cached)
-> retrieved ez_cmdliner.0.4.3  (cached)
-> installed cmdliner.1.3.0
-> retrieved ez_config.0.2.0  (https://github.com/ocamlpro/ez_config/archive/v0.2.0.tar.gz)
-> retrieved ez_file.0.3.0  (cached)
-> retrieved ez_opam_file.0.1.0  (https://github.com/ocamlpro/ez_opam_file/archive/v0.1.0.tar.gz)
-> retrieved ez_subst.0.2.1  (cached)
-> retrieved ISO8601.0.2.6  (cached)
-> retrieved menhir.20231231, menhirCST.20231231, menhirLib.20231231, menhirSdk.20231231  (cached)
-> retrieved ocplib_stuff.0.4.0  (cached)
-> retrieved opam-file-format.2.1.6  (cached)
-> retrieved re.1.11.0  (cached)
-> retrieved seq.base  (cached)
-> installed seq.base
-> retrieved toml.7.1.0  (cached)
-> installed dune.3.16.0
-> installed ISO8601.0.2.6
-> installed directories.0.5
-> installed menhirCST.20231231
-> installed ez_subst.0.2.1
-> installed menhirSdk.20231231
-> installed ocplib_stuff.0.4.0
-> installed opam-file-format.2.1.6
-> installed menhirLib.20231231
-> installed re.1.11.0
-> installed ez_opam_file.0.1.0
-> installed ez_cmdliner.0.4.3
-> installed ez_file.0.3.0
-> installed ez_config.0.2.0
-> installed menhir.20231231
-> installed toml.7.1.0
-> installed drom_lib.0.6.1
-> installed drom.0.6.1
Done.
# Run eval $(opam env) to update the current shell environment
[01;2m[01;35m2024-07-04 16:50.01 ---> saved as "15d2e5a1e2507c7b0bf4f1ce4854f0f6298f951aa6ef841bc20110775a1baa50"[0m

[01;34m/home/opam: (run (network host)
                 (shell "(opam reinstall --with-test drom.0.6.1) || true"))[0m
[ERROR] Sorry, resolution of the request timed out.
        Try to specify a more precise request, use a different solver, or increase the allowed time by setting OPAMSOLVERTIMEOUT to a bigger value (currently, it is set to 500.0 seconds).
[01;2m[01;35m2024-07-04 16:58.34 ---> saved as "6704d9a194faf0eb1ce0e73c7cded91ac507ff42d0d5c06e74bab39d37c6d156"[0m

[01;34m/home/opam: (run (shell  "opam reinstall --with-test --verbose drom.0.6.1;\
                        \n        res=$?;\
                        \n        test \"$res\" != 31 && exit \"$res\";\
                        \n        export OPAMCLI=2.0;\
                        \n        build_dir=$(opam var prefix)/.opam-switch/build;\
                        \n        failed=$(ls \"$build_dir\");\
                        \n        partial_fails=\"\";\
                        \n        for pkg in $failed; do\
                        \n          if opam show -f x-ci-accept-failures: \"$pkg\" | grep -qF \"\\\"debian-12\\\"\"; then\
                        \n            echo \"A package failed and has been disabled for CI using the 'x-ci-accept-failures' field.\";\
                        \n          fi;\
                        \n          test \"$pkg\" != 'drom.0.6.1' && partial_fails=\"$partial_fails $pkg\";\
                        \n        done;\
                        \n        test \"${partial_fails}\" != \"\" && echo \"opam-repo-ci detected dependencies failing: ${partial_fails}\";\
                        \n        exit 1"))[0m
The following actions will be performed:
=== recompile 1 package
  - recompile drom                0.6.1
=== install 39 packages
  - install   astring             0.8.5    [required by fpath, odoc-parser]
  - install   base                v0.15.1  [required by ocamlformat, ppx_expect]
  - install   base-bytes          base     [required by ocp-indent]
  - install   dune-build-info     3.16.0   [required by ocamlformat]
  - install   dune-configurator   2.7.0    [required by base]
  - install   either              1.0.0    [required by ocamlformat]
  - install   fix                 20230505 [required by ocamlformat]
  - install   fpath               0.7.3    [required by ocamlformat]
  - install   jane-street-headers v0.15.0  [required by time_now]
  - install   jst-config          v0.15.1  [required by time_now]
  - install   ocaml-compiler-libs v0.12.4  [required by ppxlib]
  - install   ocaml-version       3.5.0    [required by ocamlformat]
  - install   ocamlbuild          0.14.3   [required by fpath, uuseg]
  - install   ocamlfind           1.9.6    [required by ocp-indent, fpath, uuseg]
  - install   ocamlformat         0.21.0   [required by drom]
  - install   ocp-indent          1.8.1    [required by ocamlformat]
  - install   odoc-parser         1.0.0    [required by ocamlformat]
  - install   ppx_assert          v0.15.0  [required by jst-config]
  - install   ppx_base            v0.15.0  [required by time_now]
  - install   ppx_cold            v0.15.0  [required by ppx_base]
  - install   ppx_compare         v0.15.0  [required by ppx_base]
  - install   ppx_derivers        1.2.1    [required by ppxlib]
  - install   ppx_enumerate       v0.15.0  [required by ppx_base]
  - install   ppx_expect          v0.15.0  [required by drom]
  - install   ppx_hash            v0.15.0  [required by ppx_base]
  - install   ppx_here            v0.15.0  [required by ppx_expect]
  - install   ppx_inline_test     v0.15.1  [required by drom]
  - install   ppx_optcomp         v0.15.0  [required by time_now]
  - install   ppx_sexp_conv       v0.15.1  [required by ppx_base]
  - install   ppxlib              0.32.1   [required by ppx_expect]
  - install   result              1.5      [required by odoc-parser]
  - install   sexplib0            v0.15.1  [required by base]
  - install   stdio               v0.15.0  [required by ocamlformat, ppx_expect]
  - install   stdlib-shims        0.3.0    [required by ppxlib]
  - install   time_now            v0.15.0  [required by ppx_inline_test]
  - install   topkg               1.0.7    [required by fpath, uuseg]
  - install   uucp                15.1.0   [required by uuseg]
  - install   uuseg               15.1.0   [required by ocamlformat]
  - install   uutf                1.0.3    [required by ocamlformat]

<><> Processing actions <><><><><><><><><><><><><><><><><><><><><><><><><><><><>
Processing  1/121: [astring.0.8.5: http]
[ERROR] Failed to get sources of astring.0.8.5: Curl failed
Processing  2/121: [base.v0.15.1: http]
[ERROR] Failed to get sources of base.v0.15.1: Curl failed
Processing  4/121: [drom.0.6.1: http]
[ERROR] Failed to get sources of drom.0.6.1: Curl failed
Processing  5/121: [dune-build-info.3.16.0: http]
Processing  6/121: [dune-configurator.2.7.0: http]
Processing  7/121: [dune-configurator.2.7.0: http]
Processing  8/121: [dune-configurator.2.7.0: http]
[ERROR] Failed to get sources of dune-build-info.3.16.0: Curl failed
[ERROR] Failed to get sources of dune-configurator.2.7.0: Curl failed
Processing  9/121: [either.1.0.0: http]
Processing 10/121: [either.1.0.0: http]
Processing 11/121: [either.1.0.0: http]
[ERROR] Failed to get sources of either.1.0.0: Curl failed
Processing 12/121: [fix.20230505: http]
Processing 13/121: [fix.20230505: http]
Processing 14/121: [fix.20230505: http]
[ERROR] Failed to get sources of fix.20230505: Curl failed
Processing 15/121: [fpath.0.7.3: http]
Processing 16/121: [fpath.0.7.3: http]
Processing 17/121: [fpath.0.7.3: http]
[ERROR] Failed to get sources of fpath.0.7.3: Curl failed
Processing 18/121: [jane-street-headers.v0.15.0: http]
[ERROR] Failed to get sources of jane-street-headers.v0.15.0: Curl failed
Processing 19/121: [jst-config.v0.15.1: http]
Processing 20/121: [jst-config.v0.15.1: http]
Processing 21/121: [jst-config.v0.15.1: http]
[ERROR] Failed to get sources of jst-config.v0.15.1: Curl failed
Processing 22/121: [ocaml-compiler-libs.v0.12.4: http]
[ERROR] Failed to get sources of ocaml-compiler-libs.v0.12.4: Curl failed
Processing 23/121: [ocaml-version.3.5.0: http]
Processing 24/121: [ocaml-version.3.5.0: http]
Processing 25/121: [ocaml-version.3.5.0: http]
[ERROR] Failed to get sources of ocaml-version.3.5.0: Curl failed
Processing 26/121: [ocamlbuild.0.14.3: http]
Processing 27/121: [ocamlbuild.0.14.3: http]
Processing 28/121: [ocamlbuild.0.14.3: http]
[ERROR] Failed to get sources of ocamlbuild.0.14.3: Curl failed
Processing 29/121: [ocamlfind.1.9.6: http]
Processing 30/121: [ocamlfind.1.9.6: http]
Processing 31/121: [ocamlfind.1.9.6: http]
[ERROR] Failed to get sources of ocamlfind.1.9.6: Curl failed
Processing 32/121: [ocamlformat.0.21.0: http]
Processing 33/121: [ocamlformat.0.21.0: http]
Processing 34/121: [ocamlformat.0.21.0: http]
Processing 35/121: [ocamlformat.0.21.0: http]
Processing 36/121: [ocamlformat.0.21.0: http]
[ERROR] Failed to get sources of ocamlformat.0.21.0: Curl failed
Processing 37/121: [ocp-indent.1.8.1: http]
[ERROR] Failed to get sources of ocp-indent.1.8.1: Curl failed
Processing 38/121: [odoc-parser.1.0.0: http]
Processing 39/121: [odoc-parser.1.0.0: http]
Processing 40/121: [odoc-parser.1.0.0: http]
[ERROR] Failed to get sources of odoc-parser.1.0.0: Curl failed
Processing 41/121: [ppx_assert.v0.15.0: http]
[ERROR] Failed to get sources of ppx_assert.v0.15.0: Curl failed
Processing 42/121: [ppx_base.v0.15.0: http]
[ERROR] Failed to get sources of ppx_base.v0.15.0: Curl failed
Processing 43/121: [ppx_cold.v0.15.0: http]
[ERROR] Failed to get sources of ppx_cold.v0.15.0: Curl failed
Processing 44/121: [ppx_compare.v0.15.0: http]
[ERROR] Failed to get sources of ppx_compare.v0.15.0: Curl failed
Processing 45/121: [ppx_derivers.1.2.1: http]
[ERROR] Failed to get sources of ppx_derivers.1.2.1: Curl failed
Processing 46/121: [ppx_enumerate.v0.15.0: http]
Processing 47/121: [ppx_enumerate.v0.15.0: http]
Processing 48/121: [ppx_enumerate.v0.15.0: http]
[ERROR] Failed to get sources of ppx_enumerate.v0.15.0: Curl failed
Processing 49/121: [ppx_expect.v0.15.0: http]
[ERROR] Failed to get sources of ppx_expect.v0.15.0: Curl failed
Processing 50/121: [ppx_hash.v0.15.0: http]
[ERROR] Failed to get sources of ppx_hash.v0.15.0: Curl failed
Processing 51/121: [ppx_here.v0.15.0: http]
[ERROR] Failed to get sources of ppx_here.v0.15.0: Curl failed
Processing 52/121: [ppx_inline_test.v0.15.1: http]
[ERROR] Failed to get sources of ppx_inline_test.v0.15.1: Curl failed
Processing 53/121: [ppx_optcomp.v0.15.0: http]
[ERROR] Failed to get sources of ppx_optcomp.v0.15.0: Curl failed
Processing 54/121: [ppx_sexp_conv.v0.15.1: http]
[ERROR] Failed to get sources of ppx_sexp_conv.v0.15.1: Curl failed
Processing 55/121: [ppxlib.0.32.1: http]
[ERROR] Failed to get sources of ppxlib.0.32.1: Curl failed
Processing 56/121: [result.1.5: http]
[ERROR] Failed to get sources of result.1.5: Curl failed
Processing 57/121: [sexplib0.v0.15.1: http]
Processing 58/121: [sexplib0.v0.15.1: http]
Processing 59/121: [sexplib0.v0.15.1: http]
[ERROR] Failed to get sources of sexplib0.v0.15.1: Curl failed
Processing 60/121: [stdio.v0.15.0: http]
Processing 61/121: [stdio.v0.15.0: http]
Processing 62/121: [stdio.v0.15.0: http]
Processing 63/121: [stdio.v0.15.0: http]
Processing 64/121: [stdio.v0.15.0: http]
[ERROR] Failed to get sources of stdio.v0.15.0: Curl failed
Processing 65/121: [stdlib-shims.0.3.0: http]
Processing 66/121: [stdlib-shims.0.3.0: http]
Processing 67/121: [stdlib-shims.0.3.0: http]
[ERROR] Failed to get sources of stdlib-shims.0.3.0: Curl failed
Processing 68/121: [time_now.v0.15.0: http]
Processing 69/121: [time_now.v0.15.0: http]
Processing 70/121: [time_now.v0.15.0: http]
Processing 71/121: [time_now.v0.15.0: http]
Processing 72/121: [time_now.v0.15.0: http]
Processing 73/121: [time_now.v0.15.0: http]
Processing 74/121: [time_now.v0.15.0: http]
Processing 75/121: [time_now.v0.15.0: http]
Processing 76/121: [time_now.v0.15.0: http]
Processing 77/121: [time_now.v0.15.0: http]
Processing 78/121: [time_now.v0.15.0: http]
Processing 79/121: [time_now.v0.15.0: http]
Processing 80/121: [time_now.v0.15.0: http]
Processing 81/121: [time_now.v0.15.0: http]
Processing 82/121: [time_now.v0.15.0: http]
Processing 83/121: [time_now.v0.15.0: http]
Processing 84/121: [time_now.v0.15.0: http]
Processing 85/121: [time_now.v0.15.0: http]
Processing 86/121: [time_now.v0.15.0: http]
Processing 87/121: [time_now.v0.15.0: http]
Processing 88/121: [time_now.v0.15.0: http]
Processing 89/121: [time_now.v0.15.0: http]
Processing 90/121: [time_now.v0.15.0: http]
Processing 91/121: [time_now.v0.15.0: http]
Processing 92/121: [time_now.v0.15.0: http]
Processing 93/121: [time_now.v0.15.0: http]
[ERROR] Failed to get sources of time_now.v0.15.0: Curl failed
Processing 94/121: [topkg.1.0.7: http]
Processing 95/121: [topkg.1.0.7: http]
Processing 96/121: [topkg.1.0.7: http]
Processing 97/121: [topkg.1.0.7: http]
Processing 98/121: [topkg.1.0.7: http]
Processing 99/121: [topkg.1.0.7: http]
Processing 100/121: [topkg.1.0.7: http]
[ERROR] Failed to get sources of topkg.1.0.7: Curl failed
Processing 101/121: [uucp.15.1.0: http]
Processing 102/121: [uucp.15.1.0: http]
Processing 103/121: [uucp.15.1.0: http]
Processing 104/121: [uucp.15.1.0: http]
Processing 105/121: [uucp.15.1.0: http]
Processing 106/121: [uucp.15.1.0: http]
Processing 107/121: [uucp.15.1.0: http]
Processing 108/121: [uucp.15.1.0: http]
Processing 109/121: [uucp.15.1.0: http]
[ERROR] Failed to get sources of uucp.15.1.0: Curl failed
Processing 110/121: [uuseg.15.1.0: http]
Processing 111/121: [uuseg.15.1.0: http]
Processing 112/121: [uuseg.15.1.0: http]
[ERROR] Failed to get sources of uuseg.15.1.0: Curl failed
Processing 113/121: [uutf.1.0.3: http]
[ERROR] Failed to get sources of uutf.1.0.3: Curl failed

#=== ERROR while fetching sources for uutf.1.0.3 ==============================#
OpamSolution.Fetch_fail("https://erratique.ch/software/uutf/releases/uutf-1.0.3.tbz (Curl failed: \"/usr/bin/curl --write-out %{http_code}\\\\n --retry 3 --retry-delay 2 --user-agent opam/2.2.0~rc1 -L -o /home/opam/.opam/4.14/.opam-switch/sources/uutf.1.0.3/uutf-1.0.3.tbz.part -- https://erratique.ch/software/uutf/releases/uutf-1.0.3.tbz\" exited with code 6)")

#=== ERROR while fetching sources for uuseg.15.1.0 ============================#
OpamSolution.Fetch_fail("https://erratique.ch/software/uuseg/releases/uuseg-15.1.0.tbz (Curl failed: \"/usr/bin/curl --write-out %{http_code}\\\\n --retry 3 --retry-delay 2 --user-agent opam/2.2.0~rc1 -L -o /home/opam/.opam/4.14/.opam-switch/sources/uuseg.15.1.0/uuseg-15.1.0.tbz.part -- https://erratique.ch/software/uuseg/releases/uuseg-15.1.0.tbz\" exited with code 6)")

#=== ERROR while fetching sources for uucp.15.1.0 =============================#
OpamSolution.Fetch_fail("https://erratique.ch/software/uucp/releases/uucp-15.1.0.tbz (Curl failed: \"/usr/bin/curl --write-out %{http_code}\\\\n --retry 3 --retry-delay 2 --user-agent opam/2.2.0~rc1 -L -o /home/opam/.opam/4.14/.opam-switch/sources/uucp.15.1.0/uucp-15.1.0.tbz.part -- https://erratique.ch/software/uucp/releases/uucp-15.1.0.tbz\" exited with code 6)")

#=== ERROR while fetching sources for topkg.1.0.7 =============================#
OpamSolution.Fetch_fail("https://erratique.ch/software/topkg/releases/topkg-1.0.7.tbz (Curl failed: \"/usr/bin/curl --write-out %{http_code}\\\\n --retry 3 --retry-delay 2 --user-agent opam/2.2.0~rc1 -L -o /home/opam/.opam/4.14/.opam-switch/sources/topkg.1.0.7/topkg-1.0.7.tbz.part -- https://erratique.ch/software/topkg/releases/topkg-1.0.7.tbz\" exited with code 6)")

#=== ERROR while fetching sources for time_now.v0.15.0 ========================#
OpamSolution.Fetch_fail("https://ocaml.janestreet.com/ocaml-core/v0.15/files/time_now-v0.15.0.tar.gz (Curl failed: \"/usr/bin/curl --write-out %{http_code}\\\\n --retry 3 --retry-delay 2 --user-agent opam/2.2.0~rc1 -L -o /home/opam/.opam/4.14/.opam-switch/sources/time_now.v0.15.0/time_now-v0.15.0.tar.gz.part -- https://ocaml.janestreet.com/ocaml-core/v0.15/files/time_now-v0.15.0.tar.gz\" exited with code 6)")

#=== ERROR while fetching sources for stdlib-shims.0.3.0 ======================#
OpamSolution.Fetch_fail("https://github.com/ocaml/stdlib-shims/releases/download/0.3.0/stdlib-shims-0.3.0.tbz (Curl failed: \"/usr/bin/curl --write-out %{http_code}\\\\n --retry 3 --retry-delay 2 --user-agent opam/2.2.0~rc1 -L -o /home/opam/.opam/4.14/.opam-switch/sources/stdlib-shims.0.3.0/stdlib-shims-0.3.0.tbz.part -- https://github.com/ocaml/stdlib-shims/releases/download/0.3.0/stdlib-shims-0.3.0.tbz\" exited with code 6)")

#=== ERROR while fetching sources for stdio.v0.15.0 ===========================#
OpamSolution.Fetch_fail("https://ocaml.janestreet.com/ocaml-core/v0.15/files/stdio-v0.15.0.tar.gz (Curl failed: \"/usr/bin/curl --write-out %{http_code}\\\\n --retry 3 --retry-delay 2 --user-agent opam/2.2.0~rc1 -L -o /home/opam/.opam/4.14/.opam-switch/sources/stdio.v0.15.0/stdio-v0.15.0.tar.gz.part -- https://ocaml.janestreet.com/ocaml-core/v0.15/files/stdio-v0.15.0.tar.gz\" exited with code 6)")

#=== ERROR while fetching sources for sexplib0.v0.15.1 ========================#
OpamSolution.Fetch_fail("https://github.com/janestreet/sexplib0/archive/refs/tags/v0.15.1.tar.gz (Curl failed: \"/usr/bin/curl --write-out %{http_code}\\\\n --retry 3 --retry-delay 2 --user-agent opam/2.2.0~rc1 -L -o /home/opam/.opam/4.14/.opam-switch/sources/sexplib0.v0.15.1/v0.15.1.tar.gz.part -- https://github.com/janestreet/sexplib0/archive/refs/tags/v0.15.1.tar.gz\" exited with code 6)")

#=== ERROR while fetching sources for result.1.5 ==============================#
OpamSolution.Fetch_fail("https://github.com/janestreet/result/releases/download/1.5/result-1.5.tbz (Curl failed: \"/usr/bin/curl --write-out %{http_code}\\\\n --retry 3 --retry-delay 2 --user-agent opam/2.2.0~rc1 -L -o /home/opam/.opam/4.14/.opam-switch/sources/result.1.5/result-1.5.tbz.part -- https://github.com/janestreet/result/releases/download/1.5/result-1.5.tbz\" exited with code 6)")

#=== ERROR while fetching sources for ppxlib.0.32.1 ===========================#
OpamSolution.Fetch_fail("https://github.com/ocaml-ppx/ppxlib/releases/download/0.32.1/ppxlib-0.32.1.tbz (Curl failed: \"/usr/bin/curl --write-out %{http_code}\\\\n --retry 3 --retry-delay 2 --user-agent opam/2.2.0~rc1 -L -o /home/opam/.opam/4.14/.opam-switch/sources/ppxlib.0.32.1/ppxlib-0.32.1.tbz.part -- https://github.com/ocaml-ppx/ppxlib/releases/download/0.32.1/ppxlib-0.32.1.tbz\" exited with code 6)")

#=== ERROR while fetching sources for ppx_sexp_conv.v0.15.1 ===================#
OpamSolution.Fetch_fail("https://github.com/janestreet/ppx_sexp_conv/archive/refs/tags/v0.15.1.tar.gz (Curl failed: \"/usr/bin/curl --write-out %{http_code}\\\\n --retry 3 --retry-delay 2 --user-agent opam/2.2.0~rc1 -L -o /home/opam/.opam/4.14/.opam-switch/sources/ppx_sexp_conv.v0.15.1/v0.15.1.tar.gz.part -- https://github.com/janestreet/ppx_sexp_conv/archive/refs/tags/v0.15.1.tar.gz\" exited with code 6)")

#=== ERROR while fetching sources for ppx_optcomp.v0.15.0 =====================#
OpamSolution.Fetch_fail("https://ocaml.janestreet.com/ocaml-core/v0.15/files/ppx_optcomp-v0.15.0.tar.gz (Curl failed: \"/usr/bin/curl --write-out %{http_code}\\\\n --retry 3 --retry-delay 2 --user-agent opam/2.2.0~rc1 -L -o /home/opam/.opam/4.14/.opam-switch/sources/ppx_optcomp.v0.15.0/ppx_optcomp-v0.15.0.tar.gz.part -- https://ocaml.janestreet.com/ocaml-core/v0.15/files/ppx_optcomp-v0.15.0.tar.gz\" exited with code 6)")

#=== ERROR while fetching sources for ppx_inline_test.v0.15.1 =================#
OpamSolution.Fetch_fail("https://github.com/janestreet/ppx_inline_test/archive/refs/tags/v0.15.1.tar.gz (Curl failed: \"/usr/bin/curl --write-out %{http_code}\\\\n --retry 3 --retry-delay 2 --user-agent opam/2.2.0~rc1 -L -o /home/opam/.opam/4.14/.opam-switch/sources/ppx_inline_test.v0.15.1/v0.15.1.tar.gz.part -- https://github.com/janestreet/ppx_inline_test/archive/refs/tags/v0.15.1.tar.gz\" exited with code 6)")

#=== ERROR while fetching sources for ppx_here.v0.15.0 ========================#
OpamSolution.Fetch_fail("https://ocaml.janestreet.com/ocaml-core/v0.15/files/ppx_here-v0.15.0.tar.gz (Curl failed: \"/usr/bin/curl --write-out %{http_code}\\\\n --retry 3 --retry-delay 2 --user-agent opam/2.2.0~rc1 -L -o /home/opam/.opam/4.14/.opam-switch/sources/ppx_here.v0.15.0/ppx_here-v0.15.0.tar.gz.part -- https://ocaml.janestreet.com/ocaml-core/v0.15/files/ppx_here-v0.15.0.tar.gz\" exited with code 6)")

#=== ERROR while fetching sources for ppx_hash.v0.15.0 ========================#
OpamSolution.Fetch_fail("https://ocaml.janestreet.com/ocaml-core/v0.15/files/ppx_hash-v0.15.0.tar.gz (Curl failed: \"/usr/bin/curl --write-out %{http_code}\\\\n --retry 3 --retry-delay 2 --user-agent opam/2.2.0~rc1 -L -o /home/opam/.opam/4.14/.opam-switch/sources/ppx_hash.v0.15.0/ppx_hash-v0.15.0.tar.gz.part -- https://ocaml.janestreet.com/ocaml-core/v0.15/files/ppx_hash-v0.15.0.tar.gz\" exited with code 6)")

#=== ERROR while fetching sources for ppx_expect.v0.15.0 ======================#
OpamSolution.Fetch_fail("https://ocaml.janestreet.com/ocaml-core/v0.15/files/ppx_expect-v0.15.0.tar.gz (Curl failed: \"/usr/bin/curl --write-out %{http_code}\\\\n --retry 3 --retry-delay 2 --user-agent opam/2.2.0~rc1 -L -o /home/opam/.opam/4.14/.opam-switch/sources/ppx_expect.v0.15.0/ppx_expect-v0.15.0.tar.gz.part -- https://ocaml.janestreet.com/ocaml-core/v0.15/files/ppx_expect-v0.15.0.tar.gz\" exited with code 6)")

#=== ERROR while fetching sources for ppx_enumerate.v0.15.0 ===================#
OpamSolution.Fetch_fail("https://ocaml.janestreet.com/ocaml-core/v0.15/files/ppx_enumerate-v0.15.0.tar.gz (Curl failed: \"/usr/bin/curl --write-out %{http_code}\\\\n --retry 3 --retry-delay 2 --user-agent opam/2.2.0~rc1 -L -o /home/opam/.opam/4.14/.opam-switch/sources/ppx_enumerate.v0.15.0/ppx_enumerate-v0.15.0.tar.gz.part -- https://ocaml.janestreet.com/ocaml-core/v0.15/files/ppx_enumerate-v0.15.0.tar.gz\" exited with code 6)")

#=== ERROR while fetching sources for ppx_derivers.1.2.1 ======================#
OpamSolution.Fetch_fail("https://github.com/ocaml-ppx/ppx_derivers/archive/1.2.1.tar.gz (Curl failed: \"/usr/bin/curl --write-out %{http_code}\\\\n --retry 3 --retry-delay 2 --user-agent opam/2.2.0~rc1 -L -o /home/opam/.opam/4.14/.opam-switch/sources/ppx_derivers.1.2.1/1.2.1.tar.gz.part -- https://github.com/ocaml-ppx/ppx_derivers/archive/1.2.1.tar.gz\" exited with code 6)")

#=== ERROR while fetching sources for ppx_compare.v0.15.0 =====================#
OpamSolution.Fetch_fail("https://ocaml.janestreet.com/ocaml-core/v0.15/files/ppx_compare-v0.15.0.tar.gz (Curl failed: \"/usr/bin/curl --write-out %{http_code}\\\\n --retry 3 --retry-delay 2 --user-agent opam/2.2.0~rc1 -L -o /home/opam/.opam/4.14/.opam-switch/sources/ppx_compare.v0.15.0/ppx_compare-v0.15.0.tar.gz.part -- https://ocaml.janestreet.com/ocaml-core/v0.15/files/ppx_compare-v0.15.0.tar.gz\" exited with code 6)")

#=== ERROR while fetching sources for ppx_cold.v0.15.0 ========================#
OpamSolution.Fetch_fail("https://ocaml.janestreet.com/ocaml-core/v0.15/files/ppx_cold-v0.15.0.tar.gz (Curl failed: \"/usr/bin/curl --write-out %{http_code}\\\\n --retry 3 --retry-delay 2 --user-agent opam/2.2.0~rc1 -L -o /home/opam/.opam/4.14/.opam-switch/sources/ppx_cold.v0.15.0/ppx_cold-v0.15.0.tar.gz.part -- https://ocaml.janestreet.com/ocaml-core/v0.15/files/ppx_cold-v0.15.0.tar.gz\" exited with code 6)")

#=== ERROR while fetching sources for ppx_base.v0.15.0 ========================#
OpamSolution.Fetch_fail("https://ocaml.janestreet.com/ocaml-core/v0.15/files/ppx_base-v0.15.0.tar.gz (Curl failed: \"/usr/bin/curl --write-out %{http_code}\\\\n --retry 3 --retry-delay 2 --user-agent opam/2.2.0~rc1 -L -o /home/opam/.opam/4.14/.opam-switch/sources/ppx_base.v0.15.0/ppx_base-v0.15.0.tar.gz.part -- https://ocaml.janestreet.com/ocaml-core/v0.15/files/ppx_base-v0.15.0.tar.gz\" exited with code 6)")

#=== ERROR while fetching sources for ppx_assert.v0.15.0 ======================#
OpamSolution.Fetch_fail("https://ocaml.janestreet.com/ocaml-core/v0.15/files/ppx_assert-v0.15.0.tar.gz (Curl failed: \"/usr/bin/curl --write-out %{http_code}\\\\n --retry 3 --retry-delay 2 --user-agent opam/2.2.0~rc1 -L -o /home/opam/.opam/4.14/.opam-switch/sources/ppx_assert.v0.15.0/ppx_assert-v0.15.0.tar.gz.part -- https://ocaml.janestreet.com/ocaml-core/v0.15/files/ppx_assert-v0.15.0.tar.gz\" exited with code 6)")

#=== ERROR while fetching sources for odoc-parser.1.0.0 =======================#
OpamSolution.Fetch_fail("https://github.com/ocaml-doc/odoc-parser/releases/download/1.0.0/odoc-parser-1.0.0.tbz (Curl failed: \"/usr/bin/curl --write-out %{http_code}\\\\n --retry 3 --retry-delay 2 --user-agent opam/2.2.0~rc1 -L -o /home/opam/.opam/4.14/.opam-switch/sources/odoc-parser.1.0.0/odoc-parser-1.0.0.tbz.part -- https://github.com/ocaml-doc/odoc-parser/releases/download/1.0.0/odoc-parser-1.0.0.tbz\" exited with code 6)")

#=== ERROR while fetching sources for ocp-indent.1.8.1 ========================#
OpamSolution.Fetch_fail("https://github.com/OCamlPro/ocp-indent/archive/1.8.1.tar.gz (Curl failed: \"/usr/bin/curl --write-out %{http_code}\\\\n --retry 3 --retry-delay 2 --user-agent opam/2.2.0~rc1 -L -o /home/opam/.opam/4.14/.opam-switch/sources/ocp-indent.1.8.1/1.8.1.tar.gz.part -- https://github.com/OCamlPro/ocp-indent/archive/1.8.1.tar.gz\" exited with code 6)")

#=== ERROR while fetching sources for ocamlformat.0.21.0 ======================#
OpamSolution.Fetch_fail("https://github.com/ocaml-ppx/ocamlformat/releases/download/0.21.0/ocamlformat-0.21.0.tbz (Curl failed: \"/usr/bin/curl --write-out %{http_code}\\\\n --retry 3 --retry-delay 2 --user-agent opam/2.2.0~rc1 -L -o /home/opam/.opam/4.14/.opam-switch/sources/ocamlformat.0.21.0/ocamlformat-0.21.0.tbz.part -- https://github.com/ocaml-ppx/ocamlformat/releases/download/0.21.0/ocamlformat-0.21.0.tbz\" exited with code 6)")

#=== ERROR while fetching sources for ocamlfind.1.9.6 =========================#
OpamSolution.Fetch_fail("http://download.camlcity.org/download/findlib-1.9.6.tar.gz (Curl failed: \"/usr/bin/curl --write-out %{http_code}\\\\n --retry 3 --retry-delay 2 --user-agent opam/2.2.0~rc1 -L -o /home/opam/.opam/4.14/.opam-switch/sources/ocamlfind.1.9.6/findlib-1.9.6.tar.gz.part -- http://download.camlcity.org/download/findlib-1.9.6.tar.gz\" exited with code 6)")

#=== ERROR while fetching sources for ocamlbuild.0.14.3 =======================#
OpamSolution.Fetch_fail("https://github.com/ocaml/ocamlbuild/archive/refs/tags/0.14.3.tar.gz (Curl failed: \"/usr/bin/curl --write-out %{http_code}\\\\n --retry 3 --retry-delay 2 --user-agent opam/2.2.0~rc1 -L -o /home/opam/.opam/4.14/.opam-switch/sources/ocamlbuild.0.14.3/0.14.3.tar.gz.part -- https://github.com/ocaml/ocamlbuild/archive/refs/tags/0.14.3.tar.gz\" exited with code 6)")

#=== ERROR while fetching sources for ocaml-version.3.5.0 =====================#
OpamSolution.Fetch_fail("https://github.com/ocurrent/ocaml-version/releases/download/v3.5.0/ocaml-version-3.5.0.tbz (Curl failed: \"/usr/bin/curl --write-out %{http_code}\\\\n --retry 3 --retry-delay 2 --user-agent opam/2.2.0~rc1 -L -o /home/opam/.opam/4.14/.opam-switch/sources/ocaml-version.3.5.0/ocaml-version-3.5.0.tbz.part -- https://github.com/ocurrent/ocaml-version/releases/download/v3.5.0/ocaml-version-3.5.0.tbz\" exited with code 6)")

#=== ERROR while fetching sources for ocaml-compiler-libs.v0.12.4 =============#
OpamSolution.Fetch_fail("https://github.com/janestreet/ocaml-compiler-libs/releases/download/v0.12.4/ocaml-compiler-libs-v0.12.4.tbz (Curl failed: \"/usr/bin/curl --write-out %{http_code}\\\\n --retry 3 --retry-delay 2 --user-agent opam/2.2.0~rc1 -L -o /home/opam/.opam/4.14/.opam-switch/sources/ocaml-compiler-libs.v0.12.4/ocaml-compiler-libs-v0.12.4.tbz.part -- https://github.com/janestreet/ocaml-compiler-libs/releases/download/v0.12.4/ocaml-compiler-libs-v0.12.4.tbz\" exited with code 6)")

#=== ERROR while fetching sources for jst-config.v0.15.1 ======================#
OpamSolution.Fetch_fail("https://github.com/janestreet/jst-config/archive/refs/tags/v0.15.1.tar.gz (Curl failed: \"/usr/bin/curl --write-out %{http_code}\\\\n --retry 3 --retry-delay 2 --user-agent opam/2.2.0~rc1 -L -o /home/opam/.opam/4.14/.opam-switch/sources/jst-config.v0.15.1/v0.15.1.tar.gz.part -- https://github.com/janestreet/jst-config/archive/refs/tags/v0.15.1.tar.gz\" exited with code 6)")

#=== ERROR while fetching sources for jane-street-headers.v0.15.0 =============#
OpamSolution.Fetch_fail("https://ocaml.janestreet.com/ocaml-core/v0.15/files/jane-street-headers-v0.15.0.tar.gz (Curl failed: \"/usr/bin/curl --write-out %{http_code}\\\\n --retry 3 --retry-delay 2 --user-agent opam/2.2.0~rc1 -L -o /home/opam/.opam/4.14/.opam-switch/sources/jane-street-headers.v0.15.0/jane-street-headers-v0.15.0.tar.gz.part -- https://ocaml.janestreet.com/ocaml-core/v0.15/files/jane-street-headers-v0.15.0.tar.gz\" exited with code 6)")

#=== ERROR while fetching sources for fpath.0.7.3 =============================#
OpamSolution.Fetch_fail("https://erratique.ch/software/fpath/releases/fpath-0.7.3.tbz (Curl failed: \"/usr/bin/curl --write-out %{http_code}\\\\n --retry 3 --retry-delay 2 --user-agent opam/2.2.0~rc1 -L -o /home/opam/.opam/4.14/.opam-switch/sources/fpath.0.7.3/fpath-0.7.3.tbz.part -- https://erratique.ch/software/fpath/releases/fpath-0.7.3.tbz\" exited with code 6)")

#=== ERROR while fetching sources for fix.20230505 ============================#
OpamSolution.Fetch_fail("https://gitlab.inria.fr/fpottier/fix/-/archive/20230505/archive.tar.gz (Curl failed: \"/usr/bin/curl --write-out %{http_code}\\\\n --retry 3 --retry-delay 2 --user-agent opam/2.2.0~rc1 -L -o /home/opam/.opam/4.14/.opam-switch/sources/fix.20230505/archive.tar.gz.part -- https://gitlab.inria.fr/fpottier/fix/-/archive/20230505/archive.tar.gz\" exited with code 6)")

#=== ERROR while fetching sources for either.1.0.0 ============================#
OpamSolution.Fetch_fail("https://github.com/mirage/either/releases/download/1.0.0/either-1.0.0.tbz (Curl failed: \"/usr/bin/curl --write-out %{http_code}\\\\n --retry 3 --retry-delay 2 --user-agent opam/2.2.0~rc1 -L -o /home/opam/.opam/4.14/.opam-switch/sources/either.1.0.0/either-1.0.0.tbz.part -- https://github.com/mirage/either/releases/download/1.0.0/either-1.0.0.tbz\" exited with code 6)")

#=== ERROR while fetching sources for dune-configurator.2.7.0 =================#
OpamSolution.Fetch_fail("https://github.com/ocaml/dune/releases/download/2.7.0/dune-2.7.0.tbz (Curl failed: \"/usr/bin/curl --write-out %{http_code}\\\\n --retry 3 --retry-delay 2 --user-agent opam/2.2.0~rc1 -L -o /home/opam/.opam/4.14/.opam-switch/sources/dune-configurator.2.7.0/dune-2.7.0.tbz.part -- https://github.com/ocaml/dune/releases/download/2.7.0/dune-2.7.0.tbz\" exited with code 6)")

#=== ERROR while fetching sources for dune-build-info.3.16.0 ==================#
OpamSolution.Fetch_fail("https://github.com/ocaml/dune/releases/download/3.16.0/dune-3.16.0.tbz (Curl failed: \"/usr/bin/curl --write-out %{http_code}\\\\n --retry 3 --retry-delay 2 --user-agent opam/2.2.0~rc1 -L -o /home/opam/.opam/4.14/.opam-switch/sources/dune-build-info.3.16.0/dune-3.16.0.tbz.part -- https://github.com/ocaml/dune/releases/download/3.16.0/dune-3.16.0.tbz\" exited with code 6)")

#=== ERROR while fetching sources for drom.0.6.1 ==============================#
OpamSolution.Fetch_fail("https://github.com/ocamlpro/drom/archive/v0.6.1.tar.gz (Curl failed: \"/usr/bin/curl --write-out %{http_code}\\\\n --retry 3 --retry-delay 2 --user-agent opam/2.2.0~rc1 -L -o /home/opam/.opam/4.14/.opam-switch/sources/drom.0.6.1/v0.6.1.tar.gz.part -- https://github.com/ocamlpro/drom/archive/v0.6.1.tar.gz\" exited with code 6)")

#=== ERROR while fetching sources for base.v0.15.1 ============================#
OpamSolution.Fetch_fail("https://github.com/janestreet/base/archive/refs/tags/v0.15.1.tar.gz (Curl failed: \"/usr/bin/curl --write-out %{http_code}\\\\n --retry 3 --retry-delay 2 --user-agent opam/2.2.0~rc1 -L -o /home/opam/.opam/4.14/.opam-switch/sources/base.v0.15.1/v0.15.1.tar.gz.part -- https://github.com/janestreet/base/archive/refs/tags/v0.15.1.tar.gz\" exited with code 6)")

#=== ERROR while fetching sources for astring.0.8.5 ===========================#
OpamSolution.Fetch_fail("https://erratique.ch/software/astring/releases/astring-0.8.5.tbz (Curl failed: \"/usr/bin/curl --write-out %{http_code}\\\\n --retry 3 --retry-delay 2 --user-agent opam/2.2.0~rc1 -L -o /home/opam/.opam/4.14/.opam-switch/sources/astring.0.8.5/astring-0.8.5.tbz.part -- https://erratique.ch/software/astring/releases/astring-0.8.5.tbz\" exited with code 6)")


<><> Error report <><><><><><><><><><><><><><><><><><><><><><><><><><><><><><><>
+- The following actions were aborted
| - install base-bytes base
+- 
+- The following actions failed
| - fetch astring             0.8.5
| - fetch base                v0.15.1
| - fetch drom                0.6.1
| - fetch dune-build-info     3.16.0
| - fetch dune-configurator   2.7.0
| - fetch either              1.0.0
| - fetch fix                 20230505
| - fetch fpath               0.7.3
| - fetch jane-street-headers v0.15.0
| - fetch jst-config          v0.15.1
| - fetch ocaml-compiler-libs v0.12.4
| - fetch ocaml-version       3.5.0
| - fetch ocamlbuild          0.14.3
| - fetch ocamlfind           1.9.6
| - fetch ocamlformat         0.21.0
| - fetch ocp-indent          1.8.1
| - fetch odoc-parser         1.0.0
| - fetch ppx_assert          v0.15.0
| - fetch ppx_base            v0.15.0
| - fetch ppx_cold            v0.15.0
| - fetch ppx_compare         v0.15.0
| - fetch ppx_derivers        1.2.1
| - fetch ppx_enumerate       v0.15.0
| - fetch ppx_expect          v0.15.0
| - fetch ppx_hash            v0.15.0
| - fetch ppx_here            v0.15.0
| - fetch ppx_inline_test     v0.15.1
| - fetch ppx_optcomp         v0.15.0
| - fetch ppx_sexp_conv       v0.15.1
| - fetch ppxlib              0.32.1
| - fetch result              1.5
| - fetch sexplib0            v0.15.1
| - fetch stdio               v0.15.0
| - fetch stdlib-shims        0.3.0
| - fetch time_now            v0.15.0
| - fetch topkg               1.0.7
| - fetch uucp                15.1.0
| - fetch uuseg               15.1.0
| - fetch uutf                1.0.3
+- 
- No changes have been performed
# Run eval $(opam env) to update the current shell environment
'opam reinstall --with-test --verbose drom.0.6.1' failed.
"/usr/bin/env" "bash" "-c" "opam reinstall --with-test --verbose drom.0.6.1;
        res=$?;
        test "$res" != 31 && exit "$res";
        export OPAMCLI=2.0;
        build_dir=$(opam var prefix)/.opam-switch/build;
        failed=$(ls "$build_dir");
        partial_fails="";
        for pkg in $failed; do
          if opam show -f x-ci-accept-failures: "$pkg" | grep -qF "\"debian-12\""; then
            echo "A package failed and has been disabled for CI using the 'x-ci-accept-failures' field.";
          fi;
          test "$pkg" != 'drom.0.6.1' && partial_fails="$partial_fails $pkg";
        done;
        test "${partial_fails}" != "" && echo "opam-repo-ci detected dependencies failing: ${partial_fails}";
        exit 1" failed with exit status 40
2024-07-04 17:10.53: Job failed: Failed: Build failed
2024-07-04 17:10.53: Log analysis:
2024-07-04 17:10.53: >>> 
[ERROR] Sorry, resolution of the request timed out.
 (score = 20)
2024-07-04 17:10.53: >>> 
[ERROR] Failed to get sources of astring.0.8.5: Curl failed
 (score = 25)
2024-07-04 17:10.53: >>> 
[ERROR] Failed to get sources of base.v0.15.1: Curl failed
 (score = 25)
2024-07-04 17:10.53: >>> 
[ERROR] Failed to get sources of drom.0.6.1: Curl failed
 (score = 25)
2024-07-04 17:10.53: >>> 
[ERROR] Failed to get sources of dune-build-info.3.16.0: Curl failed
 (score = 25)
2024-07-04 17:10.53: >>> 
[ERROR] Failed to get sources of either.1.0.0: Curl failed
 (score = 25)
2024-07-04 17:10.53: >>> 
[ERROR] Failed to get sources of fix.20230505: Curl failed
 (score = 25)
2024-07-04 17:10.53: >>> 
[ERROR] Failed to get sources of fpath.0.7.3: Curl failed
 (score = 25)
2024-07-04 17:10.53: >>> 
[ERROR] Failed to get sources of jane-street-headers.v0.15.0: Curl failed
 (score = 25)
2024-07-04 17:10.53: >>> 
[ERROR] Failed to get sources of jst-config.v0.15.1: Curl failed
 (score = 25)
2024-07-04 17:10.53: >>> 
[ERROR] Failed to get sources of ocaml-compiler-libs.v0.12.4: Curl failed
 (score = 25)
2024-07-04 17:10.53: >>> 
[ERROR] Failed to get sources of ocaml-version.3.5.0: Curl failed
 (score = 25)
2024-07-04 17:10.53: >>> 
[ERROR] Failed to get sources of ocamlbuild.0.14.3: Curl failed
 (score = 25)
2024-07-04 17:10.53: >>> 
[ERROR] Failed to get sources of ocamlfind.1.9.6: Curl failed
 (score = 25)
2024-07-04 17:10.53: >>> 
[ERROR] Failed to get sources of ocamlformat.0.21.0: Curl failed
 (score = 25)
2024-07-04 17:10.53: >>> 
[ERROR] Failed to get sources of ocp-indent.1.8.1: Curl failed
 (score = 25)
2024-07-04 17:10.53: >>> 
[ERROR] Failed to get sources of odoc-parser.1.0.0: Curl failed
 (score = 25)
2024-07-04 17:10.53: >>> 
[ERROR] Failed to get sources of ppx_assert.v0.15.0: Curl failed
 (score = 25)
2024-07-04 17:10.53: >>> 
[ERROR] Failed to get sources of ppx_base.v0.15.0: Curl failed
 (score = 25)
2024-07-04 17:10.53: >>> 
[ERROR] Failed to get sources of ppx_cold.v0.15.0: Curl failed
 (score = 25)
2024-07-04 17:10.53: >>> 
[ERROR] Failed to get sources of ppx_compare.v0.15.0: Curl failed
 (score = 25)
2024-07-04 17:10.53: >>> 
[ERROR] Failed to get sources of ppx_derivers.1.2.1: Curl failed
 (score = 25)
2024-07-04 17:10.53: >>> 
[ERROR] Failed to get sources of ppx_enumerate.v0.15.0: Curl failed
 (score = 25)
2024-07-04 17:10.53: >>> 
[ERROR] Failed to get sources of ppx_expect.v0.15.0: Curl failed
 (score = 25)
2024-07-04 17:10.53: >>> 
[ERROR] Failed to get sources of ppx_hash.v0.15.0: Curl failed
 (score = 25)
2024-07-04 17:10.53: >>> 
[ERROR] Failed to get sources of ppx_here.v0.15.0: Curl failed
 (score = 25)
2024-07-04 17:10.53: >>> 
[ERROR] Failed to get sources of ppx_inline_test.v0.15.1: Curl failed
 (score = 25)
2024-07-04 17:10.53: >>> 
[ERROR] Failed to get sources of ppx_optcomp.v0.15.0: Curl failed
 (score = 25)
2024-07-04 17:10.53: >>> 
[ERROR] Failed to get sources of ppx_sexp_conv.v0.15.1: Curl failed
 (score = 25)
2024-07-04 17:10.53: >>> 
[ERROR] Failed to get sources of ppxlib.0.32.1: Curl failed
 (score = 25)
2024-07-04 17:10.53: >>> 
[ERROR] Failed to get sources of result.1.5: Curl failed
 (score = 25)
2024-07-04 17:10.53: >>> 
[ERROR] Failed to get sources of sexplib0.v0.15.1: Curl failed
 (score = 25)
2024-07-04 17:10.53: >>> 
[ERROR] Failed to get sources of stdio.v0.15.0: Curl failed
 (score = 25)
2024-07-04 17:10.53: >>> 
[ERROR] Failed to get sources of stdlib-shims.0.3.0: Curl failed
 (score = 25)
2024-07-04 17:10.53: >>> 
[ERROR] Failed to get sources of time_now.v0.15.0: Curl failed
 (score = 25)
2024-07-04 17:10.53: >>> 
[ERROR] Failed to get sources of topkg.1.0.7: Curl failed
 (score = 25)
2024-07-04 17:10.53: >>> 
[ERROR] Failed to get sources of uucp.15.1.0: Curl failed
 (score = 25)
2024-07-04 17:10.53: >>> 
[ERROR] Failed to get sources of uuseg.15.1.0: Curl failed
 (score = 25)
2024-07-04 17:10.53: >>> 
[ERROR] Failed to get sources of uutf.1.0.3: Curl failed
 (score = 25)
2024-07-04 17:10.53: Failed to get sources of astring.0.8.5: Curl failed
