2024-07-03 13:04.37: New job: test ssh-agent.0.3.1 with zarith.1.12-1, using opam dev
                              from https://github.com/ocaml/opam-repository.git#refs/pull/23330/head (e065de656cee71750ee448a95ca37886f41c1cd4)
                              on debian-12-ocaml-4.14/amd64

To reproduce locally:

cd $(mktemp -d)
git clone --recursive "https://github.com/ocaml/opam-repository.git" && cd "opam-repository" && git fetch origin "refs/pull/23330/head" && git reset --hard e065de65
git fetch origin master
git merge --no-edit 0bdcb64f48ab25b40c11ec9403ac9a3dee5ce944
cat > ../Dockerfile <<'END-OF-DOCKERFILE'
[34mFROM ocaml/opam:debian-12-ocaml-4.14@sha256:411c167ab30b2e15a22d9ba7269e6df1d6b24c7d69a5996d4a62bba7180dc074
USER 1000:1000
WORKDIR /home/opam
RUN sudo ln -f /usr/bin/opam-dev /usr/bin/opam
RUN opam init --reinit -ni
RUN uname -rs && opam exec -- ocaml -version && opam --version
ENV OPAMDOWNLOADJOBS="1"
ENV OPAMERRLOGLEN="0"
ENV OPAMSOLVERTIMEOUT="500"
ENV OPAMPRECISETRACKING="1"
ENV CI="true"
ENV OPAM_REPO_CI="true"
RUN rm -rf opam-repository/
COPY --chown=1000:1000 . opam-repository/
RUN opam repository set-url --strict default opam-repository/
RUN opam update --depexts || true
RUN opam pin add -k version -yn zarith.1.12-1 1.12-1
RUN opam reinstall zarith.1.12-1; \
    res=$?; \
    test "$res" != 31 && exit "$res"; \
    export OPAMCLI=2.0; \
    build_dir=$(opam var prefix)/.opam-switch/build; \
    failed=$(ls "$build_dir"); \
    partial_fails=""; \
    for pkg in $failed; do \
    if opam show -f x-ci-accept-failures: "$pkg" | grep -qF "\"debian-12\""; then \
    echo "A package failed and has been disabled for CI using the 'x-ci-accept-failures' field."; \
    fi; \
    test "$pkg" != 'zarith.1.12-1' && partial_fails="$partial_fails $pkg"; \
    done; \
    test "${partial_fails}" != "" && echo "opam-repo-ci detected dependencies failing: ${partial_fails}"; \
    exit 1
RUN opam reinstall ssh-agent.0.3.1; \
    res=$?; \
    test "$res" != 31 && exit "$res"; \
    export OPAMCLI=2.0; \
    build_dir=$(opam var prefix)/.opam-switch/build; \
    failed=$(ls "$build_dir"); \
    partial_fails=""; \
    for pkg in $failed; do \
    if opam show -f x-ci-accept-failures: "$pkg" | grep -qF "\"debian-12\""; then \
    echo "A package failed and has been disabled for CI using the 'x-ci-accept-failures' field."; \
    fi; \
    test "$pkg" != 'ssh-agent.0.3.1' && partial_fails="$partial_fails $pkg"; \
    done; \
    test "${partial_fails}" != "" && echo "opam-repo-ci detected dependencies failing: ${partial_fails}"; \
    exit 1
RUN (opam reinstall --with-test ssh-agent.0.3.1) || true
RUN opam reinstall --with-test --verbose ssh-agent.0.3.1; \
    res=$?; \
    test "$res" != 31 && exit "$res"; \
    export OPAMCLI=2.0; \
    build_dir=$(opam var prefix)/.opam-switch/build; \
    failed=$(ls "$build_dir"); \
    partial_fails=""; \
    for pkg in $failed; do \
    if opam show -f x-ci-accept-failures: "$pkg" | grep -qF "\"debian-12\""; then \
    echo "A package failed and has been disabled for CI using the 'x-ci-accept-failures' field."; \
    fi; \
    test "$pkg" != 'ssh-agent.0.3.1' && partial_fails="$partial_fails $pkg"; \
    done; \
    test "${partial_fails}" != "" && echo "opam-repo-ci detected dependencies failing: ${partial_fails}"; \
    exit 1
[0m
END-OF-DOCKERFILE
docker build -f ../Dockerfile .

2024-07-03 13:04.37: Using cache hint "ocaml/opam:debian-12-ocaml-4.14@sha256:411c167ab30b2e15a22d9ba7269e6df1d6b24c7d69a5996d4a62bba7180dc074-zarith.1.12-1-ssh-agent.0.3.1-e065de656cee71750ee448a95ca37886f41c1cd4"
2024-07-03 13:04.37: Using OBuilder spec:
((from ocaml/opam:debian-12-ocaml-4.14@sha256:411c167ab30b2e15a22d9ba7269e6df1d6b24c7d69a5996d4a62bba7180dc074)
 (user (uid 1000) (gid 1000))
 (workdir /home/opam)
 (run (shell "sudo ln -f /usr/bin/opam-dev /usr/bin/opam"))
 (run (network host)
      (shell "opam init --reinit --config .opamrc-sandbox -ni"))
 (run (shell "uname -rs && opam exec -- ocaml -version && opam --version"))
 (env OPAMDOWNLOADJOBS 1)
 (env OPAMERRLOGLEN 0)
 (env OPAMSOLVERTIMEOUT 500)
 (env OPAMPRECISETRACKING 1)
 (env CI true)
 (env OPAM_REPO_CI true)
 (run (shell "rm -rf opam-repository/"))
 (copy (src .) (dst opam-repository/))
 (run (shell "opam repository set-url --strict default opam-repository/"))
 (run (network host)
      (shell "opam update --depexts || true"))
 (run (shell "opam pin add -k version -yn zarith.1.12-1 1.12-1"))
 (run (cache (opam-archives (target /home/opam/.opam/download-cache)))
      (network host)
      (shell  "opam reinstall zarith.1.12-1;\
             \n        res=$?;\
             \n        test \"$res\" != 31 && exit \"$res\";\
             \n        export OPAMCLI=2.0;\
             \n        build_dir=$(opam var prefix)/.opam-switch/build;\
             \n        failed=$(ls \"$build_dir\");\
             \n        partial_fails=\"\";\
             \n        for pkg in $failed; do\
             \n          if opam show -f x-ci-accept-failures: \"$pkg\" | grep -qF \"\\\"debian-12\\\"\"; then\
             \n            echo \"A package failed and has been disabled for CI using the 'x-ci-accept-failures' field.\";\
             \n          fi;\
             \n          test \"$pkg\" != 'zarith.1.12-1' && partial_fails=\"$partial_fails $pkg\";\
             \n        done;\
             \n        test \"${partial_fails}\" != \"\" && echo \"opam-repo-ci detected dependencies failing: ${partial_fails}\";\
             \n        exit 1"))
 (run (cache (opam-archives (target /home/opam/.opam/download-cache)))
      (network host)
      (shell  "opam reinstall ssh-agent.0.3.1;\
             \n        res=$?;\
             \n        test \"$res\" != 31 && exit \"$res\";\
             \n        export OPAMCLI=2.0;\
             \n        build_dir=$(opam var prefix)/.opam-switch/build;\
             \n        failed=$(ls \"$build_dir\");\
             \n        partial_fails=\"\";\
             \n        for pkg in $failed; do\
             \n          if opam show -f x-ci-accept-failures: \"$pkg\" | grep -qF \"\\\"debian-12\\\"\"; then\
             \n            echo \"A package failed and has been disabled for CI using the 'x-ci-accept-failures' field.\";\
             \n          fi;\
             \n          test \"$pkg\" != 'ssh-agent.0.3.1' && partial_fails=\"$partial_fails $pkg\";\
             \n        done;\
             \n        test \"${partial_fails}\" != \"\" && echo \"opam-repo-ci detected dependencies failing: ${partial_fails}\";\
             \n        exit 1"))
 (run (network host)
      (shell "(opam reinstall --with-test ssh-agent.0.3.1) || true"))
 (run (shell  "opam reinstall --with-test --verbose ssh-agent.0.3.1;\
             \n        res=$?;\
             \n        test \"$res\" != 31 && exit \"$res\";\
             \n        export OPAMCLI=2.0;\
             \n        build_dir=$(opam var prefix)/.opam-switch/build;\
             \n        failed=$(ls \"$build_dir\");\
             \n        partial_fails=\"\";\
             \n        for pkg in $failed; do\
             \n          if opam show -f x-ci-accept-failures: \"$pkg\" | grep -qF \"\\\"debian-12\\\"\"; then\
             \n            echo \"A package failed and has been disabled for CI using the 'x-ci-accept-failures' field.\";\
             \n          fi;\
             \n          test \"$pkg\" != 'ssh-agent.0.3.1' && partial_fails=\"$partial_fails $pkg\";\
             \n        done;\
             \n        test \"${partial_fails}\" != \"\" && echo \"opam-repo-ci detected dependencies failing: ${partial_fails}\";\
             \n        exit 1"))
)

2024-07-03 13:04.37: Waiting for resource in pool OCluster
2024-07-03 21:10.08: Waiting for workerâ€¦
2024-07-03 21:31.25: Got resource from pool OCluster
Building on asteria.caelum.ci.dev
All commits already cached
Updating files:  61% (19609/31769)Updating files:  62% (19697/31769)Updating files:  63% (20015/31769)Updating files:  64% (20333/31769)Updating files:  65% (20650/31769)Updating files:  66% (20968/31769)Updating files:  67% (21286/31769)Updating files:  68% (21603/31769)Updating files:  69% (21921/31769)Updating files:  70% (22239/31769)Updating files:  71% (22556/31769)Updating files:  72% (22874/31769)Updating files:  73% (23192/31769)Updating files:  74% (23510/31769)Updating files:  75% (23827/31769)Updating files:  76% (24145/31769)Updating files:  77% (24463/31769)Updating files:  78% (24780/31769)Updating files:  79% (25098/31769)Updating files:  80% (25416/31769)Updating files:  81% (25733/31769)Updating files:  82% (26051/31769)Updating files:  83% (26369/31769)Updating files:  84% (26686/31769)Updating files:  85% (27004/31769)Updating files:  86% (27322/31769)Updating files:  87% (27640/31769)Updating files:  88% (27957/31769)Updating files:  89% (28275/31769)Updating files:  90% (28593/31769)Updating files:  91% (28910/31769)Updating files:  92% (29228/31769)Updating files:  93% (29546/31769)Updating files:  94% (29863/31769)Updating files:  95% (30181/31769)Updating files:  96% (30499/31769)Updating files:  97% (30816/31769)Updating files:  98% (31134/31769)Updating files:  99% (31452/31769)Updating files: 100% (31769/31769)Updating files: 100% (31769/31769), done.
HEAD is now at 0bdcb64f48 Merge pull request #26124 from tezos/octez-20.1
Merge made by the 'ort' strategy.
 .../conf-gmp-powm-sec.4/files/test.c               | 26 ++++++++++++
 .../conf-gmp-powm-sec/conf-gmp-powm-sec.4/opam     | 17 ++++++++
 packages/conf-gmp/conf-gmp.5/files/test.c          | 10 +++++
 packages/conf-gmp/conf-gmp.5/opam                  | 32 +++++++++++++++
 packages/zarith/zarith.1.12-1/opam                 | 47 ++++++++++++++++++++++
 5 files changed, 132 insertions(+)
 create mode 100644 packages/conf-gmp-powm-sec/conf-gmp-powm-sec.4/files/test.c
 create mode 100644 packages/conf-gmp-powm-sec/conf-gmp-powm-sec.4/opam
 create mode 100644 packages/conf-gmp/conf-gmp.5/files/test.c
 create mode 100644 packages/conf-gmp/conf-gmp.5/opam
 create mode 100644 packages/zarith/zarith.1.12-1/opam

[01;34m(from ocaml/opam:debian-12-ocaml-4.14@sha256:411c167ab30b2e15a22d9ba7269e6df1d6b24c7d69a5996d4a62bba7180dc074)[0m
[01;2m[01;35m2024-07-03 21:31.28 ---> using "787c10892c33b358f8712760387399b1ab2c78ae2006c4a10d01c5321d3dba40" from cache[0m

[01;34m/: (user (uid 1000) (gid 1000))[0m

[01;34m/: (workdir /home/opam)[0m

[01;34m/home/opam: (run (shell "sudo ln -f /usr/bin/opam-dev /usr/bin/opam"))[0m
[01;2m[01;35m2024-07-03 21:31.28 ---> using "f2e5db30f08f69a1d5334ae494aa89668e4020c14e77cf48ca4c893a0b4dfad3" from cache[0m

[01;34m/home/opam: (run (network host)
                 (shell "opam init --reinit --config .opamrc-sandbox -ni"))[0m
Configuring from /home/opam/.opamrc-sandbox, then /home/opam/.opamrc, and finally from built-in defaults.
Checking for available remotes: rsync and local, git.
  - you won't be able to use mercurial repositories unless you install the hg command on your system.
  - you won't be able to use darcs repositories unless you install the darcs command on your system.

This development version of opam requires an update to the layout of /home/opam/.opam from version 2.0 to version 2.2~beta, which can't be reverted.
You may want to back it up before going further.

Continue? [y/n] y
[NOTE] The 'jobs' option was reset, its value was 39 and its new value will vary according to the current number of cores on your machine. You can restore the fixed value using:
           opam option jobs=39 --global
Format upgrade done.

<><> Updating repositories ><><><><><><><><><><><><><><><><><><><><><><><><><><>
[default] synchronised from file:///home/opam/opam-repository
[01;2m[01;35m2024-07-03 21:31.28 ---> using "a815bc554d04fdd08319799ec1b953c5900bc15cf3510abbdde7dbab79abb5dd" from cache[0m

[01;34m/home/opam: (run (shell "uname -rs && opam exec -- ocaml -version && opam --version"))[0m
Linux 5.15.0-113-generic
The OCaml toplevel, version 4.14.2
2.2.0~rc1
[01;2m[01;35m2024-07-03 21:31.28 ---> using "74dc415daa1c88b68336b71bd1c3b3cc476c5c7e7ba9c14b993dc4ab0d8e0bfb" from cache[0m

[01;34m/home/opam: (env OPAMDOWNLOADJOBS 1)[0m

[01;34m/home/opam: (env OPAMERRLOGLEN 0)[0m

[01;34m/home/opam: (env OPAMSOLVERTIMEOUT 500)[0m

[01;34m/home/opam: (env OPAMPRECISETRACKING 1)[0m

[01;34m/home/opam: (env CI true)[0m

[01;34m/home/opam: (env OPAM_REPO_CI true)[0m

[01;34m/home/opam: (run (shell "rm -rf opam-repository/"))[0m
[01;2m[01;35m2024-07-03 21:31.28 ---> using "c65cafca8f6f5d24d12a244a9c6ba026d5ea649414ebd308f23285f028433926" from cache[0m

[01;34m/home/opam: (copy (src .) (dst opam-repository/))[0m
[01;2m[01;35m2024-07-03 21:31.30 ---> using "1e0c78c25e41229b23d5932912fa180c6aee5ea6feb641ea350fcf9b418d72d1" from cache[0m

[01;34m/home/opam: (run (shell "opam repository set-url --strict default opam-repository/"))[0m
[default] Initialised
[01;2m[01;35m2024-07-03 21:31.30 ---> using "92275aeb0300f9e3a7be8fd533c71642dc490a87e202c5b2e86f76372b3ec53d" from cache[0m

[01;34m/home/opam: (run (network host)
                 (shell "opam update --depexts || true"))[0m
+ /usr/bin/sudo "apt-get" "update"
- Get:1 http://deb.debian.org/debian bookworm InRelease [151 kB]
- Get:2 http://deb.debian.org/debian bookworm-updates InRelease [55.4 kB]
- Get:3 http://deb.debian.org/debian-security bookworm-security InRelease [48.0 kB]
- Get:4 http://deb.debian.org/debian bookworm/main amd64 Packages [8788 kB]
- Get:5 http://deb.debian.org/debian-security bookworm-security/main amd64 Packages [164 kB]
- Fetched 9206 kB in 1s (7320 kB/s)
- Reading package lists...
[01;2m[01;35m2024-07-03 21:31.30 ---> using "63731c1bc57e5154a823de705293964c14b98d4d4108169938fc94c1dea0eb26" from cache[0m

[01;34m/home/opam: (run (shell "opam pin add -k version -yn zarith.1.12-1 1.12-1"))[0m
zarith is now pinned to version 1.12-1
[01;2m[01;35m2024-07-03 21:31.30 ---> using "8316e5043c6775321757bc41e07c215725671a14357423aa468d42e4c1571571" from cache[0m

[01;34m/home/opam: (run (cache (opam-archives (target /home/opam/.opam/download-cache)))
                 (network host)
                 (shell  "opam reinstall zarith.1.12-1;\
                        \n        res=$?;\
                        \n        test \"$res\" != 31 && exit \"$res\";\
                        \n        export OPAMCLI=2.0;\
                        \n        build_dir=$(opam var prefix)/.opam-switch/build;\
                        \n        failed=$(ls \"$build_dir\");\
                        \n        partial_fails=\"\";\
                        \n        for pkg in $failed; do\
                        \n          if opam show -f x-ci-accept-failures: \"$pkg\" | grep -qF \"\\\"debian-12\\\"\"; then\
                        \n            echo \"A package failed and has been disabled for CI using the 'x-ci-accept-failures' field.\";\
                        \n          fi;\
                        \n          test \"$pkg\" != 'zarith.1.12-1' && partial_fails=\"$partial_fails $pkg\";\
                        \n        done;\
                        \n        test \"${partial_fails}\" != \"\" && echo \"opam-repo-ci detected dependencies failing: ${partial_fails}\";\
                        \n        exit 1"))[0m
zarith.1.12-1 is not installed. Install it? [y/n] y
The following actions will be performed:
=== install 4 packages
  - install conf-gmp        5               [required by zarith]
  - install conf-pkg-config 3               [required by conf-gmp]
  - install ocamlfind       1.9.6           [required by zarith]
  - install zarith          1.12-1 (pinned)

The following system packages will first need to be installed:
    libgmp-dev pkg-config

<><> Handling external dependencies <><><><><><><><><><><><><><><><><><><><><><>

opam believes some required external dependencies are missing. opam can:
> 1. Run apt-get to install them (may need root/sudo access)
  2. Display the recommended apt-get command and wait while you run it manually (e.g. in another terminal)
  3. Continue anyway, and, upon success, permanently register that this external dependency is present, but not detectable
  4. Abort the installation

[1/2/3/4] 1

+ /usr/bin/sudo "apt-get" "install" "-qq" "-yy" "libgmp-dev" "pkg-config"
- debconf: delaying package configuration, since apt-utils is not installed
- Selecting previously unselected package libgmpxx4ldbl:amd64.
- (Reading database ... (Reading database ... 5%(Reading database ... 10%(Reading database ... 15%(Reading database ... 20%(Reading database ... 25%(Reading database ... 30%(Reading database ... 35%(Reading database ... 40%(Reading database ... 45%(Reading database ... 50%(Reading database ... 55%(Reading database ... 60%(Reading database ... 65%(Reading database ... 70%(Reading database ... 75%(Reading database ... 80%(Reading database ... 85%(Reading database ... 90%(Reading database ... 95%(Reading database ... 100%(Reading database ... 18735 files and directories currently installed.)
- Preparing to unpack .../0-libgmpxx4ldbl_2%3a6.2.1+dfsg1-1.1_amd64.deb ...
- Unpacking libgmpxx4ldbl:amd64 (2:6.2.1+dfsg1-1.1) ...
- Selecting previously unselected package libgmp-dev:amd64.
- Preparing to unpack .../1-libgmp-dev_2%3a6.2.1+dfsg1-1.1_amd64.deb ...
- Unpacking libgmp-dev:amd64 (2:6.2.1+dfsg1-1.1) ...
- Selecting previously unselected package libpkgconf3:amd64.
- Preparing to unpack .../2-libpkgconf3_1.8.1-1_amd64.deb ...
- Unpacking libpkgconf3:amd64 (1.8.1-1) ...
- Selecting previously unselected package pkgconf-bin.
- Preparing to unpack .../3-pkgconf-bin_1.8.1-1_amd64.deb ...
- Unpacking pkgconf-bin (1.8.1-1) ...
- Selecting previously unselected package pkgconf:amd64.
- Preparing to unpack .../4-pkgconf_1.8.1-1_amd64.deb ...
- Unpacking pkgconf:amd64 (1.8.1-1) ...
- Selecting previously unselected package pkg-config:amd64.
- Preparing to unpack .../5-pkg-config_1.8.1-1_amd64.deb ...
- Unpacking pkg-config:amd64 (1.8.1-1) ...
- Setting up libpkgconf3:amd64 (1.8.1-1) ...
- Setting up libgmpxx4ldbl:amd64 (2:6.2.1+dfsg1-1.1) ...
- Setting up pkgconf-bin (1.8.1-1) ...
- Setting up libgmp-dev:amd64 (2:6.2.1+dfsg1-1.1) ...
- Setting up pkgconf:amd64 (1.8.1-1) ...
- Setting up pkg-config:amd64 (1.8.1-1) ...
- Processing triggers for libc-bin (2.36-9+deb12u7) ...

<><> Processing actions <><><><><><><><><><><><><><><><><><><><><><><><><><><><>
-> retrieved ocamlfind.1.9.6  (cached)
-> installed conf-pkg-config.3
-> retrieved zarith.1.12-1  (cached)
-> installed conf-gmp.5
-> installed ocamlfind.1.9.6
-> installed zarith.1.12-1
Done.
# Run eval $(opam env) to update the current shell environment
[01;2m[01;35m2024-07-03 21:31.30 ---> using "57d51826065a20d22774bb64250f8abcd7df73d73ea5f7d7daa76dc7048733fc" from cache[0m

[01;34m/home/opam: (run (cache (opam-archives (target /home/opam/.opam/download-cache)))
                 (network host)
                 (shell  "opam reinstall ssh-agent.0.3.1;\
                        \n        res=$?;\
                        \n        test \"$res\" != 31 && exit \"$res\";\
                        \n        export OPAMCLI=2.0;\
                        \n        build_dir=$(opam var prefix)/.opam-switch/build;\
                        \n        failed=$(ls \"$build_dir\");\
                        \n        partial_fails=\"\";\
                        \n        for pkg in $failed; do\
                        \n          if opam show -f x-ci-accept-failures: \"$pkg\" | grep -qF \"\\\"debian-12\\\"\"; then\
                        \n            echo \"A package failed and has been disabled for CI using the 'x-ci-accept-failures' field.\";\
                        \n          fi;\
                        \n          test \"$pkg\" != 'ssh-agent.0.3.1' && partial_fails=\"$partial_fails $pkg\";\
                        \n        done;\
                        \n        test \"${partial_fails}\" != \"\" && echo \"opam-repo-ci detected dependencies failing: ${partial_fails}\";\
                        \n        exit 1"))[0m
ssh-agent.0.3.1 is not installed. Install it? [y/n] y
The following actions will be performed:
=== install 31 packages
  - install angstrom            0.16.0  [required by ssh-agent]
  - install base                v0.16.3 [required by ppx_sexp_conv]
  - install bigstringaf         0.9.1   [required by angstrom, faraday]
  - install conf-bash           1       [required by base]
  - install conf-gmp-powm-sec   4       [required by mirage-crypto-pk]
  - install csexp               1.5.2   [required by dune-configurator]
  - install cstruct             6.2.0   [required by ssh-agent]
  - install dune                3.16.0  [required by ssh-agent]
  - install dune-configurator   3.16.0  [required by mirage-crypto]
  - install duration            0.2.1   [required by mirage-crypto-rng]
  - install eqaf                0.9     [required by mirage-crypto, mirage-crypto-pk]
  - install faraday             0.8.2   [required by ssh-agent]
  - install fmt                 0.9.0   [required by cstruct]
  - install logs                0.7.0   [required by mirage-crypto-rng]
  - install mirage-crypto       0.11.3  [required by ssh-agent]
  - install mirage-crypto-pk    0.11.3  [required by ssh-agent]
  - install mirage-crypto-rng   0.11.3  [required by mirage-crypto-pk]
  - install num                 1.5     [required by sexplib]
  - install ocaml-compiler-libs v0.12.4 [required by ppxlib]
  - install ocaml-syntax-shims  1.0.0   [required by angstrom]
  - install ocamlbuild          0.14.3  [required by fmt]
  - install parsexp             v0.16.0 [required by sexplib]
  - install ppx_cstruct         6.2.0   [required by ssh-agent]
  - install ppx_derivers        1.2.1   [required by ppxlib]
  - install ppx_sexp_conv       v0.16.0 [required by ssh-agent]
  - install ppxlib              0.32.1  [required by ppx_cstruct, ppx_sexp_conv]
  - install sexplib             v0.16.0 [required by ssh-agent]
  - install sexplib0            v0.16.0 [required by mirage-crypto-pk, ppx_sexp_conv]
  - install ssh-agent           0.3.1
  - install stdlib-shims        0.3.0   [required by ppxlib]
  - install topkg               1.0.7   [required by fmt]

<><> Processing actions <><><><><><><><><><><><><><><><><><><><><><><><><><><><>
-> retrieved angstrom.0.16.0  (cached)
-> retrieved base.v0.16.3  (cached)
-> retrieved bigstringaf.0.9.1  (cached)
-> retrieved csexp.1.5.2  (cached)
-> retrieved cstruct.6.2.0, ppx_cstruct.6.2.0  (cached)
-> installed conf-bash.1
-> installed conf-gmp-powm-sec.4
-> retrieved dune.3.16.0, dune-configurator.3.16.0  (cached)
-> retrieved duration.0.2.1  (cached)
-> retrieved eqaf.0.9  (cached)
-> retrieved faraday.0.8.2  (cached)
-> retrieved fmt.0.9.0  (cached)
-> retrieved logs.0.7.0  (cached)
-> retrieved mirage-crypto.0.11.3, mirage-crypto-pk.0.11.3, mirage-crypto-rng.0.11.3  (cached)
-> retrieved num.1.5  (cached)
-> retrieved ocaml-compiler-libs.v0.12.4  (cached)
-> retrieved ocaml-syntax-shims.1.0.0  (cached)
-> retrieved ocamlbuild.0.14.3  (cached)
-> retrieved parsexp.v0.16.0  (cached)
-> retrieved ppx_derivers.1.2.1  (cached)
-> retrieved ppx_sexp_conv.v0.16.0  (cached)
-> retrieved ppxlib.0.32.1  (cached)
-> retrieved sexplib.v0.16.0  (cached)
-> retrieved sexplib0.v0.16.0  (cached)
-> retrieved ssh-agent.0.3.1  (https://github.com/reynir/ocaml-ssh-agent/releases/download/v0.3.1/ssh-agent-0.3.1.tbz)
-> retrieved stdlib-shims.0.3.0  (cached)
-> retrieved topkg.1.0.7  (cached)
-> installed num.1.5
-> installed ocamlbuild.0.14.3
-> installed topkg.1.0.7
-> installed fmt.0.9.0
-> installed logs.0.7.0
-> installed dune.3.16.0
-> installed csexp.1.5.2
-> installed cstruct.6.2.0
-> installed duration.0.2.1
-> installed ocaml-compiler-libs.v0.12.4
-> installed ocaml-syntax-shims.1.0.0
-> installed ppx_derivers.1.2.1
-> installed sexplib0.v0.16.0
-> installed stdlib-shims.0.3.0
-> installed eqaf.0.9
-> installed parsexp.v0.16.0
-> installed dune-configurator.3.16.0
-> installed bigstringaf.0.9.1
-> installed sexplib.v0.16.0
-> installed faraday.0.8.2
-> installed angstrom.0.16.0
-> installed mirage-crypto.0.11.3
-> installed mirage-crypto-rng.0.11.3
-> installed mirage-crypto-pk.0.11.3
-> installed base.v0.16.3
-> installed ppxlib.0.32.1
-> installed ppx_cstruct.6.2.0
-> installed ppx_sexp_conv.v0.16.0
-> installed ssh-agent.0.3.1
Done.
# Run eval $(opam env) to update the current shell environment
[01;2m[01;35m2024-07-03 21:32.26 ---> saved as "bc10f3cfd49b07821c36763d74776ad5fe0bbdf00ab4fb82524b3a1e2195277c"[0m

[01;34m/home/opam: (run (network host)
                 (shell "(opam reinstall --with-test ssh-agent.0.3.1) || true"))[0m
[ERROR] Sorry, resolution of the request timed out.
        Try to specify a more precise request, use a different solver, or increase the allowed time by setting OPAMSOLVERTIMEOUT to a bigger value (currently, it is set to 500.0 seconds).
[01;2m[01;35m2024-07-03 21:40.56 ---> saved as "a154fdaee1c227d37e1e39dc57d754acd7fda931e6d376356bbc622f08f8f22f"[0m

[01;34m/home/opam: (run (shell  "opam reinstall --with-test --verbose ssh-agent.0.3.1;\
                        \n        res=$?;\
                        \n        test \"$res\" != 31 && exit \"$res\";\
                        \n        export OPAMCLI=2.0;\
                        \n        build_dir=$(opam var prefix)/.opam-switch/build;\
                        \n        failed=$(ls \"$build_dir\");\
                        \n        partial_fails=\"\";\
                        \n        for pkg in $failed; do\
                        \n          if opam show -f x-ci-accept-failures: \"$pkg\" | grep -qF \"\\\"debian-12\\\"\"; then\
                        \n            echo \"A package failed and has been disabled for CI using the 'x-ci-accept-failures' field.\";\
                        \n          fi;\
                        \n          test \"$pkg\" != 'ssh-agent.0.3.1' && partial_fails=\"$partial_fails $pkg\";\
                        \n        done;\
                        \n        test \"${partial_fails}\" != \"\" && echo \"opam-repo-ci detected dependencies failing: ${partial_fails}\";\
                        \n        exit 1"))[0m
The following actions will be performed:
=== downgrade 3 packages
  - downgrade mirage-crypto     0.11.3 to 0.10.7 [required by ssh-agent]
  - downgrade mirage-crypto-pk  0.11.3 to 0.10.7 [required by ssh-agent]
  - downgrade mirage-crypto-rng 0.11.3 to 0.10.7 [required by ssh-agent]
=== recompile 6 packages
  - recompile cstruct           6.2.0            [uses fmt]
  - recompile eqaf              0.9              [uses cstruct]
  - recompile fmt               0.9.0            [uses cmdliner]
  - recompile logs              0.7.0            [uses lwt]
  - recompile ppx_cstruct       6.2.0            [uses cstruct]
  - recompile ssh-agent         0.3.1
=== install 13 packages
  - install   alcotest          1.7.0            [required by ssh-agent]
  - install   astring           0.8.5            [required by alcotest]
  - install   base-bytes        base             [required by ocplib-endian]
  - install   cmdliner          1.3.0            [required by alcotest]
  - install   cppo              1.6.8            [required by lwt]
  - install   lwt               5.7.0            [required by mirage-crypto-rng]
  - install   mirage-no-solo5   1                [required by mirage-crypto-pk]
  - install   mirage-no-xen     1                [required by mirage-crypto-pk]
  - install   mtime             2.0.0            [required by mirage-crypto-rng]
  - install   ocplib-endian     1.2              [required by lwt]
  - install   re                1.11.0           [required by alcotest]
  - install   seq               base             [required by re]
  - install   uutf              1.0.3            [required by alcotest]

<><> Processing actions <><><><><><><><><><><><><><><><><><><><><><><><><><><><>
Processing  1/72: [alcotest.1.7.0: http]
[ERROR] Failed to get sources of alcotest.1.7.0: Curl failed
Processing  2/72: [astring.0.8.5: http]
[ERROR] Failed to get sources of astring.0.8.5: Curl failed
Processing  4/72: [cmdliner.1.3.0: http]
Processing  5/72: [cmdliner.1.3.0: http]
Processing  6/72: [cmdliner.1.3.0: http]
Processing  7/72: [cmdliner.1.3.0: http]
-> installed base-bytes.base
Processing  8/72: [cmdliner.1.3.0: http]
[ERROR] Failed to get sources of cmdliner.1.3.0: Curl failed
Processing  9/72: [cppo.1.6.8: http]
Processing 10/72: [cppo.1.6.8: http]
Processing 11/72: [cppo.1.6.8: http]
[ERROR] Failed to get sources of cppo.1.6.8: Curl failed
Processing 12/72: [cstruct.6.2.0, ppx_cstruct.6.2.0: http]
Processing 13/72: [cstruct.6.2.0, ppx_cstruct.6.2.0: http]
Processing 14/72: [cstruct.6.2.0, ppx_cstruct.6.2.0: http]
[ERROR] Failed to get sources of cstruct.6.2.0, ppx_cstruct.6.2.0 (https://github.com/mirage/ocaml-cstruct/releases/download/v6.2.0/cstruct-6.2.0.tbz): Curl failed
Processing 15/72: [eqaf.0.9: http]
[ERROR] Failed to get sources of eqaf.0.9: Curl failed
Processing 16/72: [fmt.0.9.0: http]
[ERROR] Failed to get sources of fmt.0.9.0: Curl failed
Processing 17/72: [logs.0.7.0: http]
Processing 18/72: [logs.0.7.0: http]
[ERROR] Failed to get sources of logs.0.7.0: Curl failed
Processing 19/72: [lwt.5.7.0: http]
[ERROR] Failed to get sources of lwt.5.7.0: Curl failed
Processing 20/72: [mirage-crypto.0.10.7, mirage-crypto-pk.0.10.7, mirage-crypto-rng.0.10.7: http]
[ERROR] Failed to get sources of mirage-crypto.0.10.7, mirage-crypto-pk.0.10.7, mirage-crypto-rng.0.10.7 (https://github.com/mirage/mirage-crypto/releases/download/v0.10.7/mirage-crypto-0.10.7.tbz): Curl failed
Processing 23/72: [mtime.2.0.0: http]
Processing 24/72: [mtime.2.0.0: http]
Processing 25/72: [mtime.2.0.0: http]
-> installed mirage-no-solo5.1
Processing 26/72: [mtime.2.0.0: http]
-> installed mirage-no-xen.1
Processing 27/72: [mtime.2.0.0: http]
[ERROR] Failed to get sources of mtime.2.0.0: Curl failed
Processing 28/72: [ocplib-endian.1.2: http]
Processing 29/72: [ocplib-endian.1.2: http]
Processing 30/72: [ocplib-endian.1.2: http]
[ERROR] Failed to get sources of ocplib-endian.1.2: Curl failed
Processing 31/72: [re.1.11.0: http]
Processing 32/72: [re.1.11.0: http]
Processing 33/72: [re.1.11.0: http]
Processing 34/72: [re.1.11.0: http]
Processing 35/72: [re.1.11.0: http]
[ERROR] Failed to get sources of re.1.11.0: Curl failed
Processing 36/72: [seq.base/META.seq: dl]
[ERROR] Failed to get extra source "META.seq" of seq.base: Curl failed
Processing 37/72: [ssh-agent.0.3.1: http]
Processing 38/72: [ssh-agent.0.3.1: http]
Processing 39/72: [ssh-agent.0.3.1: http]
Processing 40/72: [ssh-agent.0.3.1: http]
Processing 41/72: [ssh-agent.0.3.1: http]
[ERROR] Failed to get sources of ssh-agent.0.3.1: Curl failed
Processing 51/72: [uutf.1.0.3: http]
Processing 52/72: [uutf.1.0.3: http]
Processing 53/72: [uutf.1.0.3: http]
Processing 54/72: [uutf.1.0.3: http]
Processing 55/72: [uutf.1.0.3: http]
Processing 56/72: [uutf.1.0.3: http]
Processing 57/72: [uutf.1.0.3: http]
Processing 58/72: [uutf.1.0.3: http]
Processing 59/72: [uutf.1.0.3: http]
Processing 60/72: [uutf.1.0.3: http]
Processing 61/72: [uutf.1.0.3: http]
Processing 62/72: [uutf.1.0.3: http]
Processing 63/72: [uutf.1.0.3: http]
Processing 64/72: [uutf.1.0.3: http]
Processing 65/72: [uutf.1.0.3: http]
Processing 66/72: [uutf.1.0.3: http]
[ERROR] Failed to get sources of uutf.1.0.3: Curl failed

#=== ERROR while fetching sources for uutf.1.0.3 ==============================#
OpamSolution.Fetch_fail("https://erratique.ch/software/uutf/releases/uutf-1.0.3.tbz (Curl failed: \"/usr/bin/curl --write-out %{http_code}\\\\n --retry 3 --retry-delay 2 --user-agent opam/2.2.0~rc1 -L -o /home/opam/.opam/4.14/.opam-switch/sources/uutf.1.0.3/uutf-1.0.3.tbz.part -- https://erratique.ch/software/uutf/releases/uutf-1.0.3.tbz\" exited with code 6)")

#=== ERROR while fetching sources for ssh-agent.0.3.1 =========================#
OpamSolution.Fetch_fail("https://github.com/reynir/ocaml-ssh-agent/releases/download/v0.3.1/ssh-agent-0.3.1.tbz (Curl failed: \"/usr/bin/curl --write-out %{http_code}\\\\n --retry 3 --retry-delay 2 --user-agent opam/2.2.0~rc1 -L -o /home/opam/.opam/4.14/.opam-switch/sources/ssh-agent.0.3.1/ssh-agent-0.3.1.tbz.part -- https://github.com/reynir/ocaml-ssh-agent/releases/download/v0.3.1/ssh-agent-0.3.1.tbz\" exited with code 6)")

#=== ERROR while fetching sources for seq.base ================================#
OpamSolution.Fetch_fail("https://raw.githubusercontent.com/ocaml/opam-source-archives/main/patches/seq/META.seq (Curl failed: \"/usr/bin/curl --write-out %{http_code}\\\\n --retry 3 --retry-delay 2 --user-agent opam/2.2.0~rc1 -L -o /tmp/opam-7-70e36b/META.seq.part -- https://raw.githubusercontent.com/ocaml/opam-source-archives/main/patches/seq/META.seq\" exited with code 6)")

#=== ERROR while fetching sources for re.1.11.0 ===============================#
OpamSolution.Fetch_fail("https://github.com/ocaml/ocaml-re/releases/download/1.11.0/re-1.11.0.tbz (Curl failed: \"/usr/bin/curl --write-out %{http_code}\\\\n --retry 3 --retry-delay 2 --user-agent opam/2.2.0~rc1 -L -o /home/opam/.opam/4.14/.opam-switch/sources/re.1.11.0/re-1.11.0.tbz.part -- https://github.com/ocaml/ocaml-re/releases/download/1.11.0/re-1.11.0.tbz\" exited with code 6)")

#=== ERROR while fetching sources for ocplib-endian.1.2 =======================#
OpamSolution.Fetch_fail("https://github.com/OCamlPro/ocplib-endian/archive/refs/tags/1.2.tar.gz (Curl failed: \"/usr/bin/curl --write-out %{http_code}\\\\n --retry 3 --retry-delay 2 --user-agent opam/2.2.0~rc1 -L -o /home/opam/.opam/4.14/.opam-switch/sources/ocplib-endian.1.2/1.2.tar.gz.part -- https://github.com/OCamlPro/ocplib-endian/archive/refs/tags/1.2.tar.gz\" exited with code 6)")

#=== ERROR while fetching sources for mtime.2.0.0 =============================#
OpamSolution.Fetch_fail("https://erratique.ch/software/mtime/releases/mtime-2.0.0.tbz (Curl failed: \"/usr/bin/curl --write-out %{http_code}\\\\n --retry 3 --retry-delay 2 --user-agent opam/2.2.0~rc1 -L -o /home/opam/.opam/4.14/.opam-switch/sources/mtime.2.0.0/mtime-2.0.0.tbz.part -- https://erratique.ch/software/mtime/releases/mtime-2.0.0.tbz\" exited with code 6)")

#=== ERROR while fetching sources for mirage-crypto.0.10.7, mirage-crypto-pk.0.10.7 and mirage-crypto-rng.0.10.7 
OpamSolution.Fetch_fail("https://github.com/mirage/mirage-crypto/releases/download/v0.10.7/mirage-crypto-0.10.7.tbz (Curl failed: \"/usr/bin/curl --write-out %{http_code}\\\\n --retry 3 --retry-delay 2 --user-agent opam/2.2.0~rc1 -L -o /tmp/opam-7-3be50a/mirage-crypto-0.10.7.tbz.part -- https://github.com/mirage/mirage-crypto/releases/download/v0.10.7/mirage-crypto-0.10.7.tbz\" exited with code 6)")

#=== ERROR while fetching sources for lwt.5.7.0 ===============================#
OpamSolution.Fetch_fail("https://github.com/ocsigen/lwt/archive/refs/tags/5.7.0.tar.gz (Curl failed: \"/usr/bin/curl --write-out %{http_code}\\\\n --retry 3 --retry-delay 2 --user-agent opam/2.2.0~rc1 -L -o /home/opam/.opam/4.14/.opam-switch/sources/lwt.5.7.0/5.7.0.tar.gz.part -- https://github.com/ocsigen/lwt/archive/refs/tags/5.7.0.tar.gz\" exited with code 6)")

#=== ERROR while fetching sources for logs.0.7.0 ==============================#
OpamSolution.Fetch_fail("https://erratique.ch/software/logs/releases/logs-0.7.0.tbz (Curl failed: \"/usr/bin/curl --write-out %{http_code}\\\\n --retry 3 --retry-delay 2 --user-agent opam/2.2.0~rc1 -L -o /home/opam/.opam/4.14/.opam-switch/sources/logs.0.7.0/logs-0.7.0.tbz.part -- https://erratique.ch/software/logs/releases/logs-0.7.0.tbz\" exited with code 6)")

#=== ERROR while fetching sources for fmt.0.9.0 ===============================#
OpamSolution.Fetch_fail("https://erratique.ch/software/fmt/releases/fmt-0.9.0.tbz (Curl failed: \"/usr/bin/curl --write-out %{http_code}\\\\n --retry 3 --retry-delay 2 --user-agent opam/2.2.0~rc1 -L -o /home/opam/.opam/4.14/.opam-switch/sources/fmt.0.9.0/fmt-0.9.0.tbz.part -- https://erratique.ch/software/fmt/releases/fmt-0.9.0.tbz\" exited with code 6)")

#=== ERROR while fetching sources for eqaf.0.9 ================================#
OpamSolution.Fetch_fail("https://github.com/mirage/eqaf/releases/download/v0.9/eqaf-0.9.tbz (Curl failed: \"/usr/bin/curl --write-out %{http_code}\\\\n --retry 3 --retry-delay 2 --user-agent opam/2.2.0~rc1 -L -o /home/opam/.opam/4.14/.opam-switch/sources/eqaf.0.9/eqaf-0.9.tbz.part -- https://github.com/mirage/eqaf/releases/download/v0.9/eqaf-0.9.tbz\" exited with code 6)")

#=== ERROR while fetching sources for cstruct.6.2.0 and ppx_cstruct.6.2.0 =====#
OpamSolution.Fetch_fail("https://github.com/mirage/ocaml-cstruct/releases/download/v6.2.0/cstruct-6.2.0.tbz (Curl failed: \"/usr/bin/curl --write-out %{http_code}\\\\n --retry 3 --retry-delay 2 --user-agent opam/2.2.0~rc1 -L -o /tmp/opam-7-1a3a99/cstruct-6.2.0.tbz.part -- https://github.com/mirage/ocaml-cstruct/releases/download/v6.2.0/cstruct-6.2.0.tbz\" exited with code 6)")

#=== ERROR while fetching sources for cppo.1.6.8 ==============================#
OpamSolution.Fetch_fail("https://github.com/ocaml-community/cppo/archive/v1.6.8.tar.gz (Curl failed: \"/usr/bin/curl --write-out %{http_code}\\\\n --retry 3 --retry-delay 2 --user-agent opam/2.2.0~rc1 -L -o /home/opam/.opam/4.14/.opam-switch/sources/cppo.1.6.8/v1.6.8.tar.gz.part -- https://github.com/ocaml-community/cppo/archive/v1.6.8.tar.gz\" exited with code 6)")

#=== ERROR while fetching sources for cmdliner.1.3.0 ==========================#
OpamSolution.Fetch_fail("https://erratique.ch/software/cmdliner/releases/cmdliner-1.3.0.tbz (Curl failed: \"/usr/bin/curl --write-out %{http_code}\\\\n --retry 3 --retry-delay 2 --user-agent opam/2.2.0~rc1 -L -o /home/opam/.opam/4.14/.opam-switch/sources/cmdliner.1.3.0/cmdliner-1.3.0.tbz.part -- https://erratique.ch/software/cmdliner/releases/cmdliner-1.3.0.tbz\" exited with code 6)")

#=== ERROR while fetching sources for astring.0.8.5 ===========================#
OpamSolution.Fetch_fail("https://erratique.ch/software/astring/releases/astring-0.8.5.tbz (Curl failed: \"/usr/bin/curl --write-out %{http_code}\\\\n --retry 3 --retry-delay 2 --user-agent opam/2.2.0~rc1 -L -o /home/opam/.opam/4.14/.opam-switch/sources/astring.0.8.5/astring-0.8.5.tbz.part -- https://erratique.ch/software/astring/releases/astring-0.8.5.tbz\" exited with code 6)")

#=== ERROR while fetching sources for alcotest.1.7.0 ==========================#
OpamSolution.Fetch_fail("https://github.com/mirage/alcotest/releases/download/1.7.0/alcotest-1.7.0.tbz (Curl failed: \"/usr/bin/curl --write-out %{http_code}\\\\n --retry 3 --retry-delay 2 --user-agent opam/2.2.0~rc1 -L -o /home/opam/.opam/4.14/.opam-switch/sources/alcotest.1.7.0/alcotest-1.7.0.tbz.part -- https://github.com/mirage/alcotest/releases/download/1.7.0/alcotest-1.7.0.tbz\" exited with code 6)")


<><> Error report <><><><><><><><><><><><><><><><><><><><><><><><><><><><><><><>
+- The following actions were aborted
| - remove mirage-crypto     0.11.3
| - remove mirage-crypto-pk  0.11.3
| - remove mirage-crypto-rng 0.11.3
+- 
+- The following actions failed
| - fetch alcotest                                                                1.7.0
| - fetch astring                                                                 0.8.5
| - fetch cmdliner                                                                1.3.0
| - fetch cppo                                                                    1.6.8
| - fetch cstruct.6.2.0, ppx_cstruct.6.2.0                                        
| - fetch eqaf                                                                    0.9
| - fetch fmt                                                                     0.9.0
| - fetch logs                                                                    0.7.0
| - fetch lwt                                                                     5.7.0
| - fetch mirage-crypto.0.10.7, mirage-crypto-pk.0.10.7, mirage-crypto-rng.0.10.7 
| - fetch mtime                                                                   2.0.0
| - fetch ocplib-endian                                                           1.2
| - fetch re                                                                      1.11.0
| - fetch seq                                                                     base
| - fetch ssh-agent                                                               0.3.1
| - fetch uutf                                                                    1.0.3
+- 
+- The following changes have been performed (the rest was aborted)
| - install base-bytes      base
| - install mirage-no-solo5 1
| - install mirage-no-xen   1
+- 
# Run eval $(opam env) to update the current shell environment

The former state can be restored with:
    /usr/bin/opam switch import "/home/opam/.opam/4.14/.opam-switch/backup/state-20240703214056.export"
'opam reinstall --with-test --verbose ssh-agent.0.3.1' failed.
"/usr/bin/env" "bash" "-c" "opam reinstall --with-test --verbose ssh-agent.0.3.1;
        res=$?;
        test "$res" != 31 && exit "$res";
        export OPAMCLI=2.0;
        build_dir=$(opam var prefix)/.opam-switch/build;
        failed=$(ls "$build_dir");
        partial_fails="";
        for pkg in $failed; do
          if opam show -f x-ci-accept-failures: "$pkg" | grep -qF "\"debian-12\""; then
            echo "A package failed and has been disabled for CI using the 'x-ci-accept-failures' field.";
          fi;
          test "$pkg" != 'ssh-agent.0.3.1' && partial_fails="$partial_fails $pkg";
        done;
        test "${partial_fails}" != "" && echo "opam-repo-ci detected dependencies failing: ${partial_fails}";
        exit 1" failed with exit status 40
2024-07-03 21:49.04: Job failed: Failed: Build failed
2024-07-03 21:49.04: Log analysis:
2024-07-03 21:49.04: >>> 
[ERROR] Sorry, resolution of the request timed out.
 (score = 20)
2024-07-03 21:49.04: >>> 
[ERROR] Failed to get sources of alcotest.1.7.0: Curl failed
 (score = 25)
2024-07-03 21:49.04: >>> 
[ERROR] Failed to get sources of astring.0.8.5: Curl failed
 (score = 25)
2024-07-03 21:49.04: >>> 
[ERROR] Failed to get sources of cmdliner.1.3.0: Curl failed
 (score = 25)
2024-07-03 21:49.04: >>> 
[ERROR] Failed to get sources of cppo.1.6.8: Curl failed
 (score = 25)
2024-07-03 21:49.04: >>> 
[ERROR] Failed to get sources of cstruct.6.2.0, ppx_cstruct.6.2.0 (https://github.com/mirage/ocaml-cstruct/releases/download/v6.2.0/cstruct-6.2.0.tbz): Curl failed
 (score = 25)
2024-07-03 21:49.04: >>> 
[ERROR] Failed to get sources of eqaf.0.9: Curl failed
 (score = 25)
2024-07-03 21:49.04: >>> 
[ERROR] Failed to get sources of fmt.0.9.0: Curl failed
 (score = 25)
2024-07-03 21:49.04: >>> 
[ERROR] Failed to get sources of logs.0.7.0: Curl failed
 (score = 25)
2024-07-03 21:49.04: >>> 
[ERROR] Failed to get sources of lwt.5.7.0: Curl failed
 (score = 25)
2024-07-03 21:49.04: >>> 
[ERROR] Failed to get sources of mirage-crypto.0.10.7, mirage-crypto-pk.0.10.7, mirage-crypto-rng.0.10.7 (https://github.com/mirage/mirage-crypto/releases/download/v0.10.7/mirage-crypto-0.10.7.tbz): Curl failed
 (score = 25)
2024-07-03 21:49.04: >>> 
[ERROR] Failed to get sources of mtime.2.0.0: Curl failed
 (score = 25)
2024-07-03 21:49.04: >>> 
[ERROR] Failed to get sources of ocplib-endian.1.2: Curl failed
 (score = 25)
2024-07-03 21:49.04: >>> 
[ERROR] Failed to get sources of re.1.11.0: Curl failed
 (score = 25)
2024-07-03 21:49.04: >>> 
[ERROR] Failed to get extra source "META.seq" of seq.base: Curl failed
 (score = 20)
2024-07-03 21:49.04: >>> 
[ERROR] Failed to get sources of ssh-agent.0.3.1: Curl failed
 (score = 25)
2024-07-03 21:49.04: >>> 
[ERROR] Failed to get sources of uutf.1.0.3: Curl failed
 (score = 25)
2024-07-03 21:49.04: Failed to get sources of alcotest.1.7.0: Curl failed
