2024-07-03 13:17.42: New job: test secp256k1-internal.0.3.1 with ocamlbuild.0.15.0, using opam dev
                              from https://github.com/ocaml/opam-repository.git#refs/pull/26164/head (d6d8c27e5d79a3f819b762dcf679bc8be16dd476)
                              on debian-12-ocaml-4.14/amd64

To reproduce locally:

cd $(mktemp -d)
git clone --recursive "https://github.com/ocaml/opam-repository.git" && cd "opam-repository" && git fetch origin "refs/pull/26164/head" && git reset --hard d6d8c27e
git fetch origin master
git merge --no-edit b14011b9ea45caf55b28eae11a14661a62ca65bb
cat > ../Dockerfile <<'END-OF-DOCKERFILE'
[34mFROM ocaml/opam:debian-12-ocaml-4.14@sha256:411c167ab30b2e15a22d9ba7269e6df1d6b24c7d69a5996d4a62bba7180dc074
USER 1000:1000
WORKDIR /home/opam
RUN sudo ln -f /usr/bin/opam-dev /usr/bin/opam
RUN opam init --reinit -ni
RUN uname -rs && opam exec -- ocaml -version && opam --version
ENV OPAMDOWNLOADJOBS="1"
ENV OPAMERRLOGLEN="0"
ENV OPAMSOLVERTIMEOUT="500"
ENV OPAMPRECISETRACKING="1"
ENV CI="true"
ENV OPAM_REPO_CI="true"
RUN rm -rf opam-repository/
COPY --chown=1000:1000 . opam-repository/
RUN opam repository set-url --strict default opam-repository/
RUN opam update --depexts || true
RUN opam pin add -k version -yn ocamlbuild.0.15.0 0.15.0
RUN opam reinstall ocamlbuild.0.15.0; \
    res=$?; \
    test "$res" != 31 && exit "$res"; \
    export OPAMCLI=2.0; \
    build_dir=$(opam var prefix)/.opam-switch/build; \
    failed=$(ls "$build_dir"); \
    partial_fails=""; \
    for pkg in $failed; do \
    if opam show -f x-ci-accept-failures: "$pkg" | grep -qF "\"debian-12\""; then \
    echo "A package failed and has been disabled for CI using the 'x-ci-accept-failures' field."; \
    fi; \
    test "$pkg" != 'ocamlbuild.0.15.0' && partial_fails="$partial_fails $pkg"; \
    done; \
    test "${partial_fails}" != "" && echo "opam-repo-ci detected dependencies failing: ${partial_fails}"; \
    exit 1
RUN opam reinstall secp256k1-internal.0.3.1; \
    res=$?; \
    test "$res" != 31 && exit "$res"; \
    export OPAMCLI=2.0; \
    build_dir=$(opam var prefix)/.opam-switch/build; \
    failed=$(ls "$build_dir"); \
    partial_fails=""; \
    for pkg in $failed; do \
    if opam show -f x-ci-accept-failures: "$pkg" | grep -qF "\"debian-12\""; then \
    echo "A package failed and has been disabled for CI using the 'x-ci-accept-failures' field."; \
    fi; \
    test "$pkg" != 'secp256k1-internal.0.3.1' && partial_fails="$partial_fails $pkg"; \
    done; \
    test "${partial_fails}" != "" && echo "opam-repo-ci detected dependencies failing: ${partial_fails}"; \
    exit 1
RUN (opam reinstall --with-test secp256k1-internal.0.3.1) || true
RUN opam reinstall --with-test --verbose secp256k1-internal.0.3.1; \
    res=$?; \
    test "$res" != 31 && exit "$res"; \
    export OPAMCLI=2.0; \
    build_dir=$(opam var prefix)/.opam-switch/build; \
    failed=$(ls "$build_dir"); \
    partial_fails=""; \
    for pkg in $failed; do \
    if opam show -f x-ci-accept-failures: "$pkg" | grep -qF "\"debian-12\""; then \
    echo "A package failed and has been disabled for CI using the 'x-ci-accept-failures' field."; \
    fi; \
    test "$pkg" != 'secp256k1-internal.0.3.1' && partial_fails="$partial_fails $pkg"; \
    done; \
    test "${partial_fails}" != "" && echo "opam-repo-ci detected dependencies failing: ${partial_fails}"; \
    exit 1
[0m
END-OF-DOCKERFILE
docker build -f ../Dockerfile .

2024-07-03 13:17.42: Using cache hint "ocaml/opam:debian-12-ocaml-4.14@sha256:411c167ab30b2e15a22d9ba7269e6df1d6b24c7d69a5996d4a62bba7180dc074-ocamlbuild.0.15.0-secp256k1-internal.0.3.1-d6d8c27e5d79a3f819b762dcf679bc8be16dd476"
2024-07-03 13:17.42: Using OBuilder spec:
((from ocaml/opam:debian-12-ocaml-4.14@sha256:411c167ab30b2e15a22d9ba7269e6df1d6b24c7d69a5996d4a62bba7180dc074)
 (user (uid 1000) (gid 1000))
 (workdir /home/opam)
 (run (shell "sudo ln -f /usr/bin/opam-dev /usr/bin/opam"))
 (run (network host)
      (shell "opam init --reinit --config .opamrc-sandbox -ni"))
 (run (shell "uname -rs && opam exec -- ocaml -version && opam --version"))
 (env OPAMDOWNLOADJOBS 1)
 (env OPAMERRLOGLEN 0)
 (env OPAMSOLVERTIMEOUT 500)
 (env OPAMPRECISETRACKING 1)
 (env CI true)
 (env OPAM_REPO_CI true)
 (run (shell "rm -rf opam-repository/"))
 (copy (src .) (dst opam-repository/))
 (run (shell "opam repository set-url --strict default opam-repository/"))
 (run (network host)
      (shell "opam update --depexts || true"))
 (run (shell "opam pin add -k version -yn ocamlbuild.0.15.0 0.15.0"))
 (run (cache (opam-archives (target /home/opam/.opam/download-cache)))
      (network host)
      (shell  "opam reinstall ocamlbuild.0.15.0;\
             \n        res=$?;\
             \n        test \"$res\" != 31 && exit \"$res\";\
             \n        export OPAMCLI=2.0;\
             \n        build_dir=$(opam var prefix)/.opam-switch/build;\
             \n        failed=$(ls \"$build_dir\");\
             \n        partial_fails=\"\";\
             \n        for pkg in $failed; do\
             \n          if opam show -f x-ci-accept-failures: \"$pkg\" | grep -qF \"\\\"debian-12\\\"\"; then\
             \n            echo \"A package failed and has been disabled for CI using the 'x-ci-accept-failures' field.\";\
             \n          fi;\
             \n          test \"$pkg\" != 'ocamlbuild.0.15.0' && partial_fails=\"$partial_fails $pkg\";\
             \n        done;\
             \n        test \"${partial_fails}\" != \"\" && echo \"opam-repo-ci detected dependencies failing: ${partial_fails}\";\
             \n        exit 1"))
 (run (cache (opam-archives (target /home/opam/.opam/download-cache)))
      (network host)
      (shell  "opam reinstall secp256k1-internal.0.3.1;\
             \n        res=$?;\
             \n        test \"$res\" != 31 && exit \"$res\";\
             \n        export OPAMCLI=2.0;\
             \n        build_dir=$(opam var prefix)/.opam-switch/build;\
             \n        failed=$(ls \"$build_dir\");\
             \n        partial_fails=\"\";\
             \n        for pkg in $failed; do\
             \n          if opam show -f x-ci-accept-failures: \"$pkg\" | grep -qF \"\\\"debian-12\\\"\"; then\
             \n            echo \"A package failed and has been disabled for CI using the 'x-ci-accept-failures' field.\";\
             \n          fi;\
             \n          test \"$pkg\" != 'secp256k1-internal.0.3.1' && partial_fails=\"$partial_fails $pkg\";\
             \n        done;\
             \n        test \"${partial_fails}\" != \"\" && echo \"opam-repo-ci detected dependencies failing: ${partial_fails}\";\
             \n        exit 1"))
 (run (network host)
      (shell "(opam reinstall --with-test secp256k1-internal.0.3.1) || true"))
 (run (shell  "opam reinstall --with-test --verbose secp256k1-internal.0.3.1;\
             \n        res=$?;\
             \n        test \"$res\" != 31 && exit \"$res\";\
             \n        export OPAMCLI=2.0;\
             \n        build_dir=$(opam var prefix)/.opam-switch/build;\
             \n        failed=$(ls \"$build_dir\");\
             \n        partial_fails=\"\";\
             \n        for pkg in $failed; do\
             \n          if opam show -f x-ci-accept-failures: \"$pkg\" | grep -qF \"\\\"debian-12\\\"\"; then\
             \n            echo \"A package failed and has been disabled for CI using the 'x-ci-accept-failures' field.\";\
             \n          fi;\
             \n          test \"$pkg\" != 'secp256k1-internal.0.3.1' && partial_fails=\"$partial_fails $pkg\";\
             \n        done;\
             \n        test \"${partial_fails}\" != \"\" && echo \"opam-repo-ci detected dependencies failing: ${partial_fails}\";\
             \n        exit 1"))
)

2024-07-03 13:17.42: Waiting for resource in pool OCluster
2024-07-04 04:38.57: Waiting for workerâ€¦
2024-07-04 04:42.18: Got resource from pool OCluster
Building on x86-bm-c18.sw.ocaml.org
All commits already cached
Updating files:  51% (16222/31765)Updating files:  52% (16518/31765)Updating files:  53% (16836/31765)Updating files:  54% (17154/31765)Updating files:  55% (17471/31765)Updating files:  56% (17789/31765)Updating files:  57% (18107/31765)Updating files:  58% (18424/31765)Updating files:  59% (18742/31765)Updating files:  60% (19059/31765)Updating files:  61% (19377/31765)Updating files:  62% (19695/31765)Updating files:  63% (20012/31765)Updating files:  64% (20330/31765)Updating files:  65% (20648/31765)Updating files:  66% (20965/31765)Updating files:  67% (21283/31765)Updating files:  68% (21601/31765)Updating files:  69% (21918/31765)Updating files:  70% (22236/31765)Updating files:  71% (22554/31765)Updating files:  72% (22871/31765)Updating files:  73% (23189/31765)Updating files:  74% (23507/31765)Updating files:  75% (23824/31765)Updating files:  76% (24142/31765)Updating files:  77% (24460/31765)Updating files:  78% (24777/31765)Updating files:  79% (25095/31765)Updating files:  80% (25412/31765)Updating files:  81% (25730/31765)Updating files:  82% (26048/31765)Updating files:  83% (26365/31765)Updating files:  84% (26683/31765)Updating files:  85% (27001/31765)Updating files:  86% (27318/31765)Updating files:  87% (27636/31765)Updating files:  88% (27954/31765)Updating files:  89% (28271/31765)Updating files:  90% (28589/31765)Updating files:  91% (28907/31765)Updating files:  92% (29224/31765)Updating files:  93% (29542/31765)Updating files:  94% (29860/31765)Updating files:  95% (30177/31765)Updating files:  96% (30495/31765)Updating files:  97% (30813/31765)Updating files:  98% (31130/31765)Updating files:  99% (31448/31765)Updating files: 100% (31765/31765)Updating files: 100% (31765/31765), done.
HEAD is now at b14011b9ea Merge pull request #26140 from zilbuz/conf-autoconf-mingw
Merge made by the 'ort' strategy.
 packages/ocamlbuild/ocamlbuild.0.15.0/opam | 44 ++++++++++++++++++++++++++++++
 1 file changed, 44 insertions(+)
 create mode 100644 packages/ocamlbuild/ocamlbuild.0.15.0/opam

[01;34m(from ocaml/opam:debian-12-ocaml-4.14@sha256:411c167ab30b2e15a22d9ba7269e6df1d6b24c7d69a5996d4a62bba7180dc074)[0m
[01;2m[01;35m2024-07-04 04:42.23 ---> using "787c10892c33b358f8712760387399b1ab2c78ae2006c4a10d01c5321d3dba40" from cache[0m

[01;34m/: (user (uid 1000) (gid 1000))[0m

[01;34m/: (workdir /home/opam)[0m

[01;34m/home/opam: (run (shell "sudo ln -f /usr/bin/opam-dev /usr/bin/opam"))[0m
[01;2m[01;35m2024-07-04 04:42.23 ---> using "f2e5db30f08f69a1d5334ae494aa89668e4020c14e77cf48ca4c893a0b4dfad3" from cache[0m

[01;34m/home/opam: (run (network host)
                 (shell "opam init --reinit --config .opamrc-sandbox -ni"))[0m
Configuring from /home/opam/.opamrc-sandbox, then /home/opam/.opamrc, and finally from built-in defaults.
Checking for available remotes: rsync and local, git.
  - you won't be able to use mercurial repositories unless you install the hg command on your system.
  - you won't be able to use darcs repositories unless you install the darcs command on your system.

This development version of opam requires an update to the layout of /home/opam/.opam from version 2.0 to version 2.2~beta, which can't be reverted.
You may want to back it up before going further.

Continue? [y/n] y
[NOTE] The 'jobs' option was reset, its value was 39 and its new value will vary according to the current number of cores on your machine. You can restore the fixed value using:
           opam option jobs=39 --global
Format upgrade done.

<><> Updating repositories ><><><><><><><><><><><><><><><><><><><><><><><><><><>
[default] synchronised from file:///home/opam/opam-repository
[01;2m[01;35m2024-07-04 04:42.23 ---> using "a815bc554d04fdd08319799ec1b953c5900bc15cf3510abbdde7dbab79abb5dd" from cache[0m

[01;34m/home/opam: (run (shell "uname -rs && opam exec -- ocaml -version && opam --version"))[0m
Linux 5.15.0-113-generic
The OCaml toplevel, version 4.14.2
2.2.0~rc1
[01;2m[01;35m2024-07-04 04:42.23 ---> using "74dc415daa1c88b68336b71bd1c3b3cc476c5c7e7ba9c14b993dc4ab0d8e0bfb" from cache[0m

[01;34m/home/opam: (env OPAMDOWNLOADJOBS 1)[0m

[01;34m/home/opam: (env OPAMERRLOGLEN 0)[0m

[01;34m/home/opam: (env OPAMSOLVERTIMEOUT 500)[0m

[01;34m/home/opam: (env OPAMPRECISETRACKING 1)[0m

[01;34m/home/opam: (env CI true)[0m

[01;34m/home/opam: (env OPAM_REPO_CI true)[0m

[01;34m/home/opam: (run (shell "rm -rf opam-repository/"))[0m
[01;2m[01;35m2024-07-04 04:42.23 ---> using "c65cafca8f6f5d24d12a244a9c6ba026d5ea649414ebd308f23285f028433926" from cache[0m

[01;34m/home/opam: (copy (src .) (dst opam-repository/))[0m
[01;2m[01;35m2024-07-04 04:42.25 ---> using "6c0ea3528d5f844335ffbaa11d89ee9e44775aaae36419e7b9203ad55deb8e39" from cache[0m

[01;34m/home/opam: (run (shell "opam repository set-url --strict default opam-repository/"))[0m
[default] Initialised
[01;2m[01;35m2024-07-04 04:42.25 ---> using "41ffa2e15cbeeb2e1db3a293b5a7e3cc73c8954da664817aef0838e18490fb3b" from cache[0m

[01;34m/home/opam: (run (network host)
                 (shell "opam update --depexts || true"))[0m
+ /usr/bin/sudo "apt-get" "update"
- Get:1 http://deb.debian.org/debian bookworm InRelease [151 kB]
- Get:2 http://deb.debian.org/debian bookworm-updates InRelease [55.4 kB]
- Get:3 http://deb.debian.org/debian-security bookworm-security InRelease [48.0 kB]
- Get:4 http://deb.debian.org/debian bookworm/main amd64 Packages [8788 kB]
- Get:5 http://deb.debian.org/debian-security bookworm-security/main amd64 Packages [165 kB]
- Fetched 9207 kB in 1s (7082 kB/s)
- Reading package lists...
[01;2m[01;35m2024-07-04 04:42.25 ---> using "ce64603bdc709265c805f3dcc2472b760fe2b988a0e213c720c619d017650f8c" from cache[0m

[01;34m/home/opam: (run (shell "opam pin add -k version -yn ocamlbuild.0.15.0 0.15.0"))[0m
ocamlbuild is now pinned to version 0.15.0
[01;2m[01;35m2024-07-04 04:42.25 ---> using "35d635dc75c8f71b61d0503e410748ccda5497a443dd23999759782be53436f5" from cache[0m

[01;34m/home/opam: (run (cache (opam-archives (target /home/opam/.opam/download-cache)))
                 (network host)
                 (shell  "opam reinstall ocamlbuild.0.15.0;\
                        \n        res=$?;\
                        \n        test \"$res\" != 31 && exit \"$res\";\
                        \n        export OPAMCLI=2.0;\
                        \n        build_dir=$(opam var prefix)/.opam-switch/build;\
                        \n        failed=$(ls \"$build_dir\");\
                        \n        partial_fails=\"\";\
                        \n        for pkg in $failed; do\
                        \n          if opam show -f x-ci-accept-failures: \"$pkg\" | grep -qF \"\\\"debian-12\\\"\"; then\
                        \n            echo \"A package failed and has been disabled for CI using the 'x-ci-accept-failures' field.\";\
                        \n          fi;\
                        \n          test \"$pkg\" != 'ocamlbuild.0.15.0' && partial_fails=\"$partial_fails $pkg\";\
                        \n        done;\
                        \n        test \"${partial_fails}\" != \"\" && echo \"opam-repo-ci detected dependencies failing: ${partial_fails}\";\
                        \n        exit 1"))[0m
ocamlbuild.0.15.0 is not installed. Install it? [y/n] y
The following actions will be performed:
=== install 1 package
  - install ocamlbuild 0.15.0 (pinned)

<><> Processing actions <><><><><><><><><><><><><><><><><><><><><><><><><><><><>
-> retrieved ocamlbuild.0.15.0  (cached)
-> installed ocamlbuild.0.15.0
Done.
# Run eval $(opam env) to update the current shell environment
[01;2m[01;35m2024-07-04 04:42.25 ---> using "1c99f7ea1054afcac03c2f8542270dc8b25e2e9668607e44791a221748300b6f" from cache[0m

[01;34m/home/opam: (run (cache (opam-archives (target /home/opam/.opam/download-cache)))
                 (network host)
                 (shell  "opam reinstall secp256k1-internal.0.3.1;\
                        \n        res=$?;\
                        \n        test \"$res\" != 31 && exit \"$res\";\
                        \n        export OPAMCLI=2.0;\
                        \n        build_dir=$(opam var prefix)/.opam-switch/build;\
                        \n        failed=$(ls \"$build_dir\");\
                        \n        partial_fails=\"\";\
                        \n        for pkg in $failed; do\
                        \n          if opam show -f x-ci-accept-failures: \"$pkg\" | grep -qF \"\\\"debian-12\\\"\"; then\
                        \n            echo \"A package failed and has been disabled for CI using the 'x-ci-accept-failures' field.\";\
                        \n          fi;\
                        \n          test \"$pkg\" != 'secp256k1-internal.0.3.1' && partial_fails=\"$partial_fails $pkg\";\
                        \n        done;\
                        \n        test \"${partial_fails}\" != \"\" && echo \"opam-repo-ci detected dependencies failing: ${partial_fails}\";\
                        \n        exit 1"))[0m
secp256k1-internal.0.3.1 is not installed. Install it? [y/n] y
The following actions will be performed:
=== install 12 packages
  - install base-bytes         base   [required by bigstring]
  - install bigstring          0.3    [required by secp256k1-internal]
  - install conf-gmp           4      [required by secp256k1-internal]
  - install conf-pkg-config    3      [required by secp256k1-internal]
  - install csexp              1.5.2  [required by dune-configurator]
  - install cstruct            6.2.0  [required by secp256k1-internal]
  - install dune               3.16.0 [required by secp256k1-internal]
  - install dune-configurator  3.16.0 [required by secp256k1-internal]
  - install fmt                0.9.0  [required by cstruct]
  - install ocamlfind          1.9.6  [required by base-bytes, fmt]
  - install secp256k1-internal 0.3.1
  - install topkg              1.0.7  [required by fmt]

The following system packages will first need to be installed:
    libgmp-dev pkg-config

<><> Handling external dependencies <><><><><><><><><><><><><><><><><><><><><><>

opam believes some required external dependencies are missing. opam can:
> 1. Run apt-get to install them (may need root/sudo access)
  2. Display the recommended apt-get command and wait while you run it manually (e.g. in another terminal)
  3. Continue anyway, and, upon success, permanently register that this external dependency is present, but not detectable
  4. Abort the installation

[1/2/3/4] 1

+ /usr/bin/sudo "apt-get" "install" "-qq" "-yy" "libgmp-dev" "pkg-config"
- debconf: delaying package configuration, since apt-utils is not installed
- Selecting previously unselected package libgmpxx4ldbl:amd64.
- (Reading database ... (Reading database ... 5%(Reading database ... 10%(Reading database ... 15%(Reading database ... 20%(Reading database ... 25%(Reading database ... 30%(Reading database ... 35%(Reading database ... 40%(Reading database ... 45%(Reading database ... 50%(Reading database ... 55%(Reading database ... 60%(Reading database ... 65%(Reading database ... 70%(Reading database ... 75%(Reading database ... 80%(Reading database ... 85%(Reading database ... 90%(Reading database ... 95%(Reading database ... 100%(Reading database ... 18735 files and directories currently installed.)
- Preparing to unpack .../0-libgmpxx4ldbl_2%3a6.2.1+dfsg1-1.1_amd64.deb ...
- Unpacking libgmpxx4ldbl:amd64 (2:6.2.1+dfsg1-1.1) ...
- Selecting previously unselected package libgmp-dev:amd64.
- Preparing to unpack .../1-libgmp-dev_2%3a6.2.1+dfsg1-1.1_amd64.deb ...
- Unpacking libgmp-dev:amd64 (2:6.2.1+dfsg1-1.1) ...
- Selecting previously unselected package libpkgconf3:amd64.
- Preparing to unpack .../2-libpkgconf3_1.8.1-1_amd64.deb ...
- Unpacking libpkgconf3:amd64 (1.8.1-1) ...
- Selecting previously unselected package pkgconf-bin.
- Preparing to unpack .../3-pkgconf-bin_1.8.1-1_amd64.deb ...
- Unpacking pkgconf-bin (1.8.1-1) ...
- Selecting previously unselected package pkgconf:amd64.
- Preparing to unpack .../4-pkgconf_1.8.1-1_amd64.deb ...
- Unpacking pkgconf:amd64 (1.8.1-1) ...
- Selecting previously unselected package pkg-config:amd64.
- Preparing to unpack .../5-pkg-config_1.8.1-1_amd64.deb ...
- Unpacking pkg-config:amd64 (1.8.1-1) ...
- Setting up libpkgconf3:amd64 (1.8.1-1) ...
- Setting up libgmpxx4ldbl:amd64 (2:6.2.1+dfsg1-1.1) ...
- Setting up pkgconf-bin (1.8.1-1) ...
- Setting up libgmp-dev:amd64 (2:6.2.1+dfsg1-1.1) ...
- Setting up pkgconf:amd64 (1.8.1-1) ...
- Setting up pkg-config:amd64 (1.8.1-1) ...
- Processing triggers for libc-bin (2.36-9+deb12u7) ...

<><> Processing actions <><><><><><><><><><><><><><><><><><><><><><><><><><><><>
-> retrieved bigstring.0.3  (cached)
-> retrieved conf-gmp.4  (cached)
-> retrieved csexp.1.5.2  (cached)
-> installed conf-pkg-config.3
-> retrieved cstruct.6.2.0  (cached)
-> installed conf-gmp.4
-> retrieved dune.3.16.0, dune-configurator.3.16.0  (cached)
-> retrieved fmt.0.9.0  (cached)
-> retrieved ocamlfind.1.9.6  (cached)
-> retrieved secp256k1-internal.0.3.1  (https://gitlab.com/nomadic-labs/ocaml-secp256k1-internal/-/archive/0.3/ocaml-secp256k1-internal-0.3.tar.bz2)
-> retrieved topkg.1.0.7  (cached)
-> installed ocamlfind.1.9.6
-> installed base-bytes.base
-> installed topkg.1.0.7
-> installed fmt.0.9.0
-> installed dune.3.16.0
-> installed bigstring.0.3
-> installed csexp.1.5.2
-> installed cstruct.6.2.0
-> installed dune-configurator.3.16.0
-> installed secp256k1-internal.0.3.1
Done.
# Run eval $(opam env) to update the current shell environment
[01;2m[01;35m2024-07-04 04:43.48 ---> saved as "374abbceca45c61196bbf7e95f311d69fe1c487376ed21d669d0139b5628f74e"[0m

[01;34m/home/opam: (run (network host)
                 (shell "(opam reinstall --with-test secp256k1-internal.0.3.1) || true"))[0m
[ERROR] Sorry, resolution of the request timed out.
        Try to specify a more precise request, use a different solver, or increase the allowed time by setting OPAMSOLVERTIMEOUT to a bigger value (currently, it is set to 500.0 seconds).
[01;2m[01;35m2024-07-04 04:52.30 ---> saved as "029b9af48e69e10f213aeb73e35c2b8227be4ebd08d6bedf3d95f77c7237f466"[0m

[01;34m/home/opam: (run (shell  "opam reinstall --with-test --verbose secp256k1-internal.0.3.1;\
                        \n        res=$?;\
                        \n        test \"$res\" != 31 && exit \"$res\";\
                        \n        export OPAMCLI=2.0;\
                        \n        build_dir=$(opam var prefix)/.opam-switch/build;\
                        \n        failed=$(ls \"$build_dir\");\
                        \n        partial_fails=\"\";\
                        \n        for pkg in $failed; do\
                        \n          if opam show -f x-ci-accept-failures: \"$pkg\" | grep -qF \"\\\"debian-12\\\"\"; then\
                        \n            echo \"A package failed and has been disabled for CI using the 'x-ci-accept-failures' field.\";\
                        \n          fi;\
                        \n          test \"$pkg\" != 'secp256k1-internal.0.3.1' && partial_fails=\"$partial_fails $pkg\";\
                        \n        done;\
                        \n        test \"${partial_fails}\" != \"\" && echo \"opam-repo-ci detected dependencies failing: ${partial_fails}\";\
                        \n        exit 1"))[0m
The following actions will be performed:
=== recompile 3 packages
  - recompile cstruct              6.2.0    [uses fmt]
  - recompile fmt                  0.9.0    [uses cmdliner]
  - recompile secp256k1-internal   0.3.1
=== install 17 packages
  - install   alcotest             1.0.1    [required by secp256k1-internal]
  - install   astring              0.8.5    [required by alcotest]
  - install   cmdliner             1.3.0    [required by alcotest, js_of_ocaml-compiler]
  - install   hex                  1.5.0    [required by secp256k1-internal]
  - install   js_of_ocaml-compiler 5.0.1    [required by secp256k1-internal]
  - install   menhir               20230608 [required by js_of_ocaml-compiler]
  - install   menhirLib            20230608 [required by js_of_ocaml-compiler]
  - install   menhirSdk            20230608 [required by js_of_ocaml-compiler]
  - install   ocaml-compiler-libs  v0.12.4  [required by ppxlib]
  - install   ppx_derivers         1.2.1    [required by ppxlib]
  - install   ppxlib               0.32.1   [required by js_of_ocaml-compiler]
  - install   re                   1.11.0   [required by alcotest]
  - install   seq                  base     [required by re, yojson]
  - install   sexplib0             v0.17.0  [required by ppxlib]
  - install   stdlib-shims         0.3.0    [required by alcotest]
  - install   uuidm                0.9.8    [required by alcotest]
  - install   yojson               2.2.2    [required by js_of_ocaml-compiler]

<><> Processing actions <><><><><><><><><><><><><><><><><><><><><><><><><><><><>
Processing  1/61: [alcotest.1.0.1: http]
[ERROR] Failed to get sources of alcotest.1.0.1: Curl failed
Processing  2/61: [astring.0.8.5: http]
[ERROR] Failed to get sources of astring.0.8.5: Curl failed
Processing  3/61: [cmdliner.1.3.0: http]
Processing  4/61: [cmdliner.1.3.0: http]
Processing  5/61: [cmdliner.1.3.0: http]
[ERROR] Failed to get sources of cmdliner.1.3.0: Curl failed
Processing  6/61: [cstruct.6.2.0: http]
Processing  7/61: [cstruct.6.2.0: http]
Processing  8/61: [cstruct.6.2.0: http]
[ERROR] Failed to get sources of cstruct.6.2.0: Curl failed
Processing  9/61: [fmt.0.9.0: http]
[ERROR] Failed to get sources of fmt.0.9.0: Curl failed
Processing 10/61: [hex.1.5.0: http]
Processing 11/61: [hex.1.5.0: http]
[ERROR] Failed to get sources of hex.1.5.0: Curl failed
Processing 12/61: [js_of_ocaml-compiler.5.0.1: http]
[ERROR] Failed to get sources of js_of_ocaml-compiler.5.0.1: Curl failed
Processing 13/61: [menhir.20230608, menhirLib.20230608, menhirSdk.20230608: http]
[ERROR] Failed to get sources of menhir.20230608, menhirLib.20230608, menhirSdk.20230608 (https://gitlab.inria.fr/fpottier/menhir/-/archive/20230608/archive.tar.gz): Curl failed
Processing 14/61: [ocaml-compiler-libs.v0.12.4: http]
Processing 15/61: [ocaml-compiler-libs.v0.12.4: http]
Processing 16/61: [ocaml-compiler-libs.v0.12.4: http]
Processing 17/61: [ocaml-compiler-libs.v0.12.4: http]
Processing 18/61: [ocaml-compiler-libs.v0.12.4: http]
Processing 19/61: [ocaml-compiler-libs.v0.12.4: http]
Processing 20/61: [ocaml-compiler-libs.v0.12.4: http]
[ERROR] Failed to get sources of ocaml-compiler-libs.v0.12.4: Curl failed
Processing 21/61: [ppx_derivers.1.2.1: http]
Processing 22/61: [ppx_derivers.1.2.1: http]
Processing 23/61: [ppx_derivers.1.2.1: http]
[ERROR] Failed to get sources of ppx_derivers.1.2.1: Curl failed
Processing 24/61: [ppxlib.0.32.1: http]
Processing 25/61: [ppxlib.0.32.1: http]
Processing 26/61: [ppxlib.0.32.1: http]
[ERROR] Failed to get sources of ppxlib.0.32.1: Curl failed
Processing 27/61: [re.1.11.0: http]
[ERROR] Failed to get sources of re.1.11.0: Curl failed
Processing 28/61: [secp256k1-internal.0.3.1: http]
[ERROR] Failed to get sources of secp256k1-internal.0.3.1: Curl failed
Processing 29/61: [seq.base/META.seq: dl]
[ERROR] Failed to get extra source "META.seq" of seq.base: Curl failed
Processing 30/61: [sexplib0.v0.17.0: http]
Processing 31/61: [sexplib0.v0.17.0: http]
Processing 32/61: [sexplib0.v0.17.0: http]
Processing 33/61: [sexplib0.v0.17.0: http]
Processing 34/61: [sexplib0.v0.17.0: http]
[ERROR] Failed to get sources of sexplib0.v0.17.0: Curl failed
Processing 35/61: [stdlib-shims.0.3.0: http]
Processing 36/61: [stdlib-shims.0.3.0: http]
Processing 37/61: [stdlib-shims.0.3.0: http]
[ERROR] Failed to get sources of stdlib-shims.0.3.0: Curl failed
Processing 38/61: [uuidm.0.9.8: http]
Processing 39/61: [uuidm.0.9.8: http]
Processing 40/61: [uuidm.0.9.8: http]
Processing 41/61: [uuidm.0.9.8: http]
Processing 42/61: [uuidm.0.9.8: http]
Processing 43/61: [uuidm.0.9.8: http]
Processing 44/61: [uuidm.0.9.8: http]
Processing 45/61: [uuidm.0.9.8: http]
Processing 46/61: [uuidm.0.9.8: http]
Processing 47/61: [uuidm.0.9.8: http]
Processing 48/61: [uuidm.0.9.8: http]
Processing 49/61: [uuidm.0.9.8: http]
Processing 50/61: [uuidm.0.9.8: http]
[ERROR] Failed to get sources of uuidm.0.9.8: Curl failed
Processing 51/61: [yojson.2.2.2: http]
Processing 52/61: [yojson.2.2.2: http]
Processing 53/61: [yojson.2.2.2: http]
Processing 54/61: [yojson.2.2.2: http]
Processing 55/61: [yojson.2.2.2: http]
[ERROR] Failed to get sources of yojson.2.2.2: Curl failed

#=== ERROR while fetching sources for yojson.2.2.2 ============================#
OpamSolution.Fetch_fail("https://github.com/ocaml-community/yojson/releases/download/2.2.2/yojson-2.2.2.tbz (Curl failed: \"/usr/bin/curl --write-out %{http_code}\\\\n --retry 3 --retry-delay 2 --user-agent opam/2.2.0~rc1 -L -o /home/opam/.opam/4.14/.opam-switch/sources/yojson.2.2.2/yojson-2.2.2.tbz.part -- https://github.com/ocaml-community/yojson/releases/download/2.2.2/yojson-2.2.2.tbz\" exited with code 6)")

#=== ERROR while fetching sources for uuidm.0.9.8 =============================#
OpamSolution.Fetch_fail("https://erratique.ch/software/uuidm/releases/uuidm-0.9.8.tbz (Curl failed: \"/usr/bin/curl --write-out %{http_code}\\\\n --retry 3 --retry-delay 2 --user-agent opam/2.2.0~rc1 -L -o /home/opam/.opam/4.14/.opam-switch/sources/uuidm.0.9.8/uuidm-0.9.8.tbz.part -- https://erratique.ch/software/uuidm/releases/uuidm-0.9.8.tbz\" exited with code 6)")

#=== ERROR while fetching sources for stdlib-shims.0.3.0 ======================#
OpamSolution.Fetch_fail("https://github.com/ocaml/stdlib-shims/releases/download/0.3.0/stdlib-shims-0.3.0.tbz (Curl failed: \"/usr/bin/curl --write-out %{http_code}\\\\n --retry 3 --retry-delay 2 --user-agent opam/2.2.0~rc1 -L -o /home/opam/.opam/4.14/.opam-switch/sources/stdlib-shims.0.3.0/stdlib-shims-0.3.0.tbz.part -- https://github.com/ocaml/stdlib-shims/releases/download/0.3.0/stdlib-shims-0.3.0.tbz\" exited with code 6)")

#=== ERROR while fetching sources for sexplib0.v0.17.0 ========================#
OpamSolution.Fetch_fail("https://github.com/janestreet/sexplib0/archive/refs/tags/v0.17.0.tar.gz (Curl failed: \"/usr/bin/curl --write-out %{http_code}\\\\n --retry 3 --retry-delay 2 --user-agent opam/2.2.0~rc1 -L -o /home/opam/.opam/4.14/.opam-switch/sources/sexplib0.v0.17.0/v0.17.0.tar.gz.part -- https://github.com/janestreet/sexplib0/archive/refs/tags/v0.17.0.tar.gz\" exited with code 6)")

#=== ERROR while fetching sources for seq.base ================================#
OpamSolution.Fetch_fail("https://raw.githubusercontent.com/ocaml/opam-source-archives/main/patches/seq/META.seq (Curl failed: \"/usr/bin/curl --write-out %{http_code}\\\\n --retry 3 --retry-delay 2 --user-agent opam/2.2.0~rc1 -L -o /tmp/opam-7-17dd02/META.seq.part -- https://raw.githubusercontent.com/ocaml/opam-source-archives/main/patches/seq/META.seq\" exited with code 6)")

#=== ERROR while fetching sources for secp256k1-internal.0.3.1 ================#
OpamSolution.Fetch_fail("https://gitlab.com/nomadic-labs/ocaml-secp256k1-internal/-/archive/0.3/ocaml-secp256k1-internal-0.3.tar.bz2 (Curl failed: \"/usr/bin/curl --write-out %{http_code}\\\\n --retry 3 --retry-delay 2 --user-agent opam/2.2.0~rc1 -L -o /home/opam/.opam/4.14/.opam-switch/sources/secp256k1-internal.0.3.1/ocaml-secp256k1-internal-0.3.tar.bz2.part -- https://gitlab.com/nomadic-labs/ocaml-secp256k1-internal/-/archive/0.3/ocaml-secp256k1-internal-0.3.tar.bz2\" exited with code 6)")

#=== ERROR while fetching sources for re.1.11.0 ===============================#
OpamSolution.Fetch_fail("https://github.com/ocaml/ocaml-re/releases/download/1.11.0/re-1.11.0.tbz (Curl failed: \"/usr/bin/curl --write-out %{http_code}\\\\n --retry 3 --retry-delay 2 --user-agent opam/2.2.0~rc1 -L -o /home/opam/.opam/4.14/.opam-switch/sources/re.1.11.0/re-1.11.0.tbz.part -- https://github.com/ocaml/ocaml-re/releases/download/1.11.0/re-1.11.0.tbz\" exited with code 6)")

#=== ERROR while fetching sources for ppxlib.0.32.1 ===========================#
OpamSolution.Fetch_fail("https://github.com/ocaml-ppx/ppxlib/releases/download/0.32.1/ppxlib-0.32.1.tbz (Curl failed: \"/usr/bin/curl --write-out %{http_code}\\\\n --retry 3 --retry-delay 2 --user-agent opam/2.2.0~rc1 -L -o /home/opam/.opam/4.14/.opam-switch/sources/ppxlib.0.32.1/ppxlib-0.32.1.tbz.part -- https://github.com/ocaml-ppx/ppxlib/releases/download/0.32.1/ppxlib-0.32.1.tbz\" exited with code 6)")

#=== ERROR while fetching sources for ppx_derivers.1.2.1 ======================#
OpamSolution.Fetch_fail("https://github.com/ocaml-ppx/ppx_derivers/archive/1.2.1.tar.gz (Curl failed: \"/usr/bin/curl --write-out %{http_code}\\\\n --retry 3 --retry-delay 2 --user-agent opam/2.2.0~rc1 -L -o /home/opam/.opam/4.14/.opam-switch/sources/ppx_derivers.1.2.1/1.2.1.tar.gz.part -- https://github.com/ocaml-ppx/ppx_derivers/archive/1.2.1.tar.gz\" exited with code 6)")

#=== ERROR while fetching sources for ocaml-compiler-libs.v0.12.4 =============#
OpamSolution.Fetch_fail("https://github.com/janestreet/ocaml-compiler-libs/releases/download/v0.12.4/ocaml-compiler-libs-v0.12.4.tbz (Curl failed: \"/usr/bin/curl --write-out %{http_code}\\\\n --retry 3 --retry-delay 2 --user-agent opam/2.2.0~rc1 -L -o /home/opam/.opam/4.14/.opam-switch/sources/ocaml-compiler-libs.v0.12.4/ocaml-compiler-libs-v0.12.4.tbz.part -- https://github.com/janestreet/ocaml-compiler-libs/releases/download/v0.12.4/ocaml-compiler-libs-v0.12.4.tbz\" exited with code 6)")

#=== ERROR while fetching sources for menhir.20230608, menhirLib.20230608 and menhirSdk.20230608 
OpamSolution.Fetch_fail("https://gitlab.inria.fr/fpottier/menhir/-/archive/20230608/archive.tar.gz (Curl failed: \"/usr/bin/curl --write-out %{http_code}\\\\n --retry 3 --retry-delay 2 --user-agent opam/2.2.0~rc1 -L -o /tmp/opam-7-562a9a/archive.tar.gz.part -- https://gitlab.inria.fr/fpottier/menhir/-/archive/20230608/archive.tar.gz\" exited with code 6)")

#=== ERROR while fetching sources for js_of_ocaml-compiler.5.0.1 ==============#
OpamSolution.Fetch_fail("https://github.com/ocsigen/js_of_ocaml/releases/download/5.0.1/js_of_ocaml-5.0.1.tbz (Curl failed: \"/usr/bin/curl --write-out %{http_code}\\\\n --retry 3 --retry-delay 2 --user-agent opam/2.2.0~rc1 -L -o /home/opam/.opam/4.14/.opam-switch/sources/js_of_ocaml-compiler.5.0.1/js_of_ocaml-5.0.1.tbz.part -- https://github.com/ocsigen/js_of_ocaml/releases/download/5.0.1/js_of_ocaml-5.0.1.tbz\" exited with code 6)")

#=== ERROR while fetching sources for hex.1.5.0 ===============================#
OpamSolution.Fetch_fail("https://github.com/mirage/ocaml-hex/releases/download/v1.5.0/hex-1.5.0.tbz (Curl failed: \"/usr/bin/curl --write-out %{http_code}\\\\n --retry 3 --retry-delay 2 --user-agent opam/2.2.0~rc1 -L -o /home/opam/.opam/4.14/.opam-switch/sources/hex.1.5.0/hex-1.5.0.tbz.part -- https://github.com/mirage/ocaml-hex/releases/download/v1.5.0/hex-1.5.0.tbz\" exited with code 6)")

#=== ERROR while fetching sources for fmt.0.9.0 ===============================#
OpamSolution.Fetch_fail("https://erratique.ch/software/fmt/releases/fmt-0.9.0.tbz (Curl failed: \"/usr/bin/curl --write-out %{http_code}\\\\n --retry 3 --retry-delay 2 --user-agent opam/2.2.0~rc1 -L -o /home/opam/.opam/4.14/.opam-switch/sources/fmt.0.9.0/fmt-0.9.0.tbz.part -- https://erratique.ch/software/fmt/releases/fmt-0.9.0.tbz\" exited with code 6)")

#=== ERROR while fetching sources for cstruct.6.2.0 ===========================#
OpamSolution.Fetch_fail("https://github.com/mirage/ocaml-cstruct/releases/download/v6.2.0/cstruct-6.2.0.tbz (Curl failed: \"/usr/bin/curl --write-out %{http_code}\\\\n --retry 3 --retry-delay 2 --user-agent opam/2.2.0~rc1 -L -o /home/opam/.opam/4.14/.opam-switch/sources/cstruct.6.2.0/cstruct-6.2.0.tbz.part -- https://github.com/mirage/ocaml-cstruct/releases/download/v6.2.0/cstruct-6.2.0.tbz\" exited with code 6)")

#=== ERROR while fetching sources for cmdliner.1.3.0 ==========================#
OpamSolution.Fetch_fail("https://erratique.ch/software/cmdliner/releases/cmdliner-1.3.0.tbz (Curl failed: \"/usr/bin/curl --write-out %{http_code}\\\\n --retry 3 --retry-delay 2 --user-agent opam/2.2.0~rc1 -L -o /home/opam/.opam/4.14/.opam-switch/sources/cmdliner.1.3.0/cmdliner-1.3.0.tbz.part -- https://erratique.ch/software/cmdliner/releases/cmdliner-1.3.0.tbz\" exited with code 6)")

#=== ERROR while fetching sources for astring.0.8.5 ===========================#
OpamSolution.Fetch_fail("https://erratique.ch/software/astring/releases/astring-0.8.5.tbz (Curl failed: \"/usr/bin/curl --write-out %{http_code}\\\\n --retry 3 --retry-delay 2 --user-agent opam/2.2.0~rc1 -L -o /home/opam/.opam/4.14/.opam-switch/sources/astring.0.8.5/astring-0.8.5.tbz.part -- https://erratique.ch/software/astring/releases/astring-0.8.5.tbz\" exited with code 6)")

#=== ERROR while fetching sources for alcotest.1.0.1 ==========================#
OpamSolution.Fetch_fail("https://github.com/mirage/alcotest/releases/download/1.0.1/alcotest-1.0.1.tbz (Curl failed: \"/usr/bin/curl --write-out %{http_code}\\\\n --retry 3 --retry-delay 2 --user-agent opam/2.2.0~rc1 -L -o /home/opam/.opam/4.14/.opam-switch/sources/alcotest.1.0.1/alcotest-1.0.1.tbz.part -- https://github.com/mirage/alcotest/releases/download/1.0.1/alcotest-1.0.1.tbz\" exited with code 6)")


<><> Error report <><><><><><><><><><><><><><><><><><><><><><><><><><><><><><><>
+- The following actions failed
| - fetch alcotest                                                1.0.1
| - fetch astring                                                 0.8.5
| - fetch cmdliner                                                1.3.0
| - fetch cstruct                                                 6.2.0
| - fetch fmt                                                     0.9.0
| - fetch hex                                                     1.5.0
| - fetch js_of_ocaml-compiler                                    5.0.1
| - fetch menhir.20230608, menhirLib.20230608, menhirSdk.20230608 
| - fetch ocaml-compiler-libs                                     v0.12.4
| - fetch ppx_derivers                                            1.2.1
| - fetch ppxlib                                                  0.32.1
| - fetch re                                                      1.11.0
| - fetch secp256k1-internal                                      0.3.1
| - fetch seq                                                     base
| - fetch sexplib0                                                v0.17.0
| - fetch stdlib-shims                                            0.3.0
| - fetch uuidm                                                   0.9.8
| - fetch yojson                                                  2.2.2
+- 
- No changes have been performed
# Run eval $(opam env) to update the current shell environment
'opam reinstall --with-test --verbose secp256k1-internal.0.3.1' failed.
"/usr/bin/env" "bash" "-c" "opam reinstall --with-test --verbose secp256k1-internal.0.3.1;
        res=$?;
        test "$res" != 31 && exit "$res";
        export OPAMCLI=2.0;
        build_dir=$(opam var prefix)/.opam-switch/build;
        failed=$(ls "$build_dir");
        partial_fails="";
        for pkg in $failed; do
          if opam show -f x-ci-accept-failures: "$pkg" | grep -qF "\"debian-12\""; then
            echo "A package failed and has been disabled for CI using the 'x-ci-accept-failures' field.";
          fi;
          test "$pkg" != 'secp256k1-internal.0.3.1' && partial_fails="$partial_fails $pkg";
        done;
        test "${partial_fails}" != "" && echo "opam-repo-ci detected dependencies failing: ${partial_fails}";
        exit 1" failed with exit status 40
2024-07-04 05:02.52: Job failed: Failed: Build failed
2024-07-04 05:02.52: Log analysis:
2024-07-04 05:02.52: >>> 
[ERROR] Sorry, resolution of the request timed out.
 (score = 20)
2024-07-04 05:02.52: >>> 
[ERROR] Failed to get sources of alcotest.1.0.1: Curl failed
 (score = 25)
2024-07-04 05:02.52: >>> 
[ERROR] Failed to get sources of astring.0.8.5: Curl failed
 (score = 25)
2024-07-04 05:02.52: >>> 
[ERROR] Failed to get sources of cmdliner.1.3.0: Curl failed
 (score = 25)
2024-07-04 05:02.52: >>> 
[ERROR] Failed to get sources of cstruct.6.2.0: Curl failed
 (score = 25)
2024-07-04 05:02.52: >>> 
[ERROR] Failed to get sources of fmt.0.9.0: Curl failed
 (score = 25)
2024-07-04 05:02.52: >>> 
[ERROR] Failed to get sources of hex.1.5.0: Curl failed
 (score = 25)
2024-07-04 05:02.52: >>> 
[ERROR] Failed to get sources of js_of_ocaml-compiler.5.0.1: Curl failed
 (score = 25)
2024-07-04 05:02.52: >>> 
[ERROR] Failed to get sources of menhir.20230608, menhirLib.20230608, menhirSdk.20230608 (https://gitlab.inria.fr/fpottier/menhir/-/archive/20230608/archive.tar.gz): Curl failed
 (score = 25)
2024-07-04 05:02.52: >>> 
[ERROR] Failed to get sources of ocaml-compiler-libs.v0.12.4: Curl failed
 (score = 25)
2024-07-04 05:02.52: >>> 
[ERROR] Failed to get sources of ppx_derivers.1.2.1: Curl failed
 (score = 25)
2024-07-04 05:02.52: >>> 
[ERROR] Failed to get sources of ppxlib.0.32.1: Curl failed
 (score = 25)
2024-07-04 05:02.52: >>> 
[ERROR] Failed to get sources of re.1.11.0: Curl failed
 (score = 25)
2024-07-04 05:02.52: >>> 
[ERROR] Failed to get sources of secp256k1-internal.0.3.1: Curl failed
 (score = 25)
2024-07-04 05:02.52: >>> 
[ERROR] Failed to get extra source "META.seq" of seq.base: Curl failed
 (score = 20)
2024-07-04 05:02.52: >>> 
[ERROR] Failed to get sources of sexplib0.v0.17.0: Curl failed
 (score = 25)
2024-07-04 05:02.52: >>> 
[ERROR] Failed to get sources of stdlib-shims.0.3.0: Curl failed
 (score = 25)
2024-07-04 05:02.52: >>> 
[ERROR] Failed to get sources of uuidm.0.9.8: Curl failed
 (score = 25)
2024-07-04 05:02.52: >>> 
[ERROR] Failed to get sources of yojson.2.2.2: Curl failed
 (score = 25)
2024-07-04 05:02.52: Failed to get sources of alcotest.1.0.1: Curl failed
