2024-07-02 12:19.40: New job: test sihl-core.0.2.1 with conf-zlib.1, using opam dev
                              from https://github.com/ocaml/opam-repository.git#refs/pull/26115/head (a287d8c388cce5324fe3ca0d6ba63861323929bb)
                              on debian-12-ocaml-4.14/amd64

To reproduce locally:

cd $(mktemp -d)
git clone --recursive "https://github.com/ocaml/opam-repository.git" && cd "opam-repository" && git fetch origin "refs/pull/26115/head" && git reset --hard a287d8c3
git fetch origin master
git merge --no-edit 175a8ca8b27d9a46ed86ec5d7b1130c98a153055
cat > ../Dockerfile <<'END-OF-DOCKERFILE'
[34mFROM ocaml/opam:debian-12-ocaml-4.14@sha256:51859147d869ebd23a15922818349effc446cbbc6a0b3e0257a7859e766261b3
USER 1000:1000
WORKDIR /home/opam
RUN sudo ln -f /usr/bin/opam-dev /usr/bin/opam
RUN opam init --reinit -ni
RUN uname -rs && opam exec -- ocaml -version && opam --version
ENV OPAMDOWNLOADJOBS="1"
ENV OPAMERRLOGLEN="0"
ENV OPAMSOLVERTIMEOUT="500"
ENV OPAMPRECISETRACKING="1"
ENV CI="true"
ENV OPAM_REPO_CI="true"
RUN rm -rf opam-repository/
COPY --chown=1000:1000 . opam-repository/
RUN opam repository set-url --strict default opam-repository/
RUN opam update --depexts || true
RUN opam pin add -k version -yn conf-zlib.1 1
RUN opam reinstall conf-zlib.1; \
    res=$?; \
    test "$res" != 31 && exit "$res"; \
    export OPAMCLI=2.0; \
    build_dir=$(opam var prefix)/.opam-switch/build; \
    failed=$(ls "$build_dir"); \
    partial_fails=""; \
    for pkg in $failed; do \
    if opam show -f x-ci-accept-failures: "$pkg" | grep -qF "\"debian-12\""; then \
    echo "A package failed and has been disabled for CI using the 'x-ci-accept-failures' field."; \
    fi; \
    test "$pkg" != 'conf-zlib.1' && partial_fails="$partial_fails $pkg"; \
    done; \
    test "${partial_fails}" != "" && echo "opam-repo-ci detected dependencies failing: ${partial_fails}"; \
    exit 1
RUN opam reinstall sihl-core.0.2.1; \
    res=$?; \
    test "$res" != 31 && exit "$res"; \
    export OPAMCLI=2.0; \
    build_dir=$(opam var prefix)/.opam-switch/build; \
    failed=$(ls "$build_dir"); \
    partial_fails=""; \
    for pkg in $failed; do \
    if opam show -f x-ci-accept-failures: "$pkg" | grep -qF "\"debian-12\""; then \
    echo "A package failed and has been disabled for CI using the 'x-ci-accept-failures' field."; \
    fi; \
    test "$pkg" != 'sihl-core.0.2.1' && partial_fails="$partial_fails $pkg"; \
    done; \
    test "${partial_fails}" != "" && echo "opam-repo-ci detected dependencies failing: ${partial_fails}"; \
    exit 1
RUN (opam reinstall --with-test sihl-core.0.2.1) || true
RUN opam reinstall --with-test --verbose sihl-core.0.2.1; \
    res=$?; \
    test "$res" != 31 && exit "$res"; \
    export OPAMCLI=2.0; \
    build_dir=$(opam var prefix)/.opam-switch/build; \
    failed=$(ls "$build_dir"); \
    partial_fails=""; \
    for pkg in $failed; do \
    if opam show -f x-ci-accept-failures: "$pkg" | grep -qF "\"debian-12\""; then \
    echo "A package failed and has been disabled for CI using the 'x-ci-accept-failures' field."; \
    fi; \
    test "$pkg" != 'sihl-core.0.2.1' && partial_fails="$partial_fails $pkg"; \
    done; \
    test "${partial_fails}" != "" && echo "opam-repo-ci detected dependencies failing: ${partial_fails}"; \
    exit 1
[0m
END-OF-DOCKERFILE
docker build -f ../Dockerfile .

2024-07-02 12:19.40: Using cache hint "ocaml/opam:debian-12-ocaml-4.14@sha256:51859147d869ebd23a15922818349effc446cbbc6a0b3e0257a7859e766261b3-conf-zlib.1-sihl-core.0.2.1-a287d8c388cce5324fe3ca0d6ba63861323929bb"
2024-07-02 12:19.40: Using OBuilder spec:
((from ocaml/opam:debian-12-ocaml-4.14@sha256:51859147d869ebd23a15922818349effc446cbbc6a0b3e0257a7859e766261b3)
 (user (uid 1000) (gid 1000))
 (workdir /home/opam)
 (run (shell "sudo ln -f /usr/bin/opam-dev /usr/bin/opam"))
 (run (network host)
      (shell "opam init --reinit --config .opamrc-sandbox -ni"))
 (run (shell "uname -rs && opam exec -- ocaml -version && opam --version"))
 (env OPAMDOWNLOADJOBS 1)
 (env OPAMERRLOGLEN 0)
 (env OPAMSOLVERTIMEOUT 500)
 (env OPAMPRECISETRACKING 1)
 (env CI true)
 (env OPAM_REPO_CI true)
 (run (shell "rm -rf opam-repository/"))
 (copy (src .) (dst opam-repository/))
 (run (shell "opam repository set-url --strict default opam-repository/"))
 (run (network host)
      (shell "opam update --depexts || true"))
 (run (shell "opam pin add -k version -yn conf-zlib.1 1"))
 (run (cache (opam-archives (target /home/opam/.opam/download-cache)))
      (network host)
      (shell  "opam reinstall conf-zlib.1;\
             \n        res=$?;\
             \n        test \"$res\" != 31 && exit \"$res\";\
             \n        export OPAMCLI=2.0;\
             \n        build_dir=$(opam var prefix)/.opam-switch/build;\
             \n        failed=$(ls \"$build_dir\");\
             \n        partial_fails=\"\";\
             \n        for pkg in $failed; do\
             \n          if opam show -f x-ci-accept-failures: \"$pkg\" | grep -qF \"\\\"debian-12\\\"\"; then\
             \n            echo \"A package failed and has been disabled for CI using the 'x-ci-accept-failures' field.\";\
             \n          fi;\
             \n          test \"$pkg\" != 'conf-zlib.1' && partial_fails=\"$partial_fails $pkg\";\
             \n        done;\
             \n        test \"${partial_fails}\" != \"\" && echo \"opam-repo-ci detected dependencies failing: ${partial_fails}\";\
             \n        exit 1"))
 (run (cache (opam-archives (target /home/opam/.opam/download-cache)))
      (network host)
      (shell  "opam reinstall sihl-core.0.2.1;\
             \n        res=$?;\
             \n        test \"$res\" != 31 && exit \"$res\";\
             \n        export OPAMCLI=2.0;\
             \n        build_dir=$(opam var prefix)/.opam-switch/build;\
             \n        failed=$(ls \"$build_dir\");\
             \n        partial_fails=\"\";\
             \n        for pkg in $failed; do\
             \n          if opam show -f x-ci-accept-failures: \"$pkg\" | grep -qF \"\\\"debian-12\\\"\"; then\
             \n            echo \"A package failed and has been disabled for CI using the 'x-ci-accept-failures' field.\";\
             \n          fi;\
             \n          test \"$pkg\" != 'sihl-core.0.2.1' && partial_fails=\"$partial_fails $pkg\";\
             \n        done;\
             \n        test \"${partial_fails}\" != \"\" && echo \"opam-repo-ci detected dependencies failing: ${partial_fails}\";\
             \n        exit 1"))
 (run (network host)
      (shell "(opam reinstall --with-test sihl-core.0.2.1) || true"))
 (run (shell  "opam reinstall --with-test --verbose sihl-core.0.2.1;\
             \n        res=$?;\
             \n        test \"$res\" != 31 && exit \"$res\";\
             \n        export OPAMCLI=2.0;\
             \n        build_dir=$(opam var prefix)/.opam-switch/build;\
             \n        failed=$(ls \"$build_dir\");\
             \n        partial_fails=\"\";\
             \n        for pkg in $failed; do\
             \n          if opam show -f x-ci-accept-failures: \"$pkg\" | grep -qF \"\\\"debian-12\\\"\"; then\
             \n            echo \"A package failed and has been disabled for CI using the 'x-ci-accept-failures' field.\";\
             \n          fi;\
             \n          test \"$pkg\" != 'sihl-core.0.2.1' && partial_fails=\"$partial_fails $pkg\";\
             \n        done;\
             \n        test \"${partial_fails}\" != \"\" && echo \"opam-repo-ci detected dependencies failing: ${partial_fails}\";\
             \n        exit 1"))
)

2024-07-02 12:19.40: Waiting for resource in pool OCluster
2024-07-02 12:32.04: Waiting for workerâ€¦
2024-07-02 12:48.35: Got resource from pool OCluster
Building on x86-bm-c19.sw.ocaml.org
All commits already cached
Updating files:  68% (21663/31657)Updating files:  69% (21844/31657)Updating files:  70% (22160/31657)Updating files:  71% (22477/31657)Updating files:  72% (22794/31657)Updating files:  73% (23110/31657)Updating files:  74% (23427/31657)Updating files:  75% (23743/31657)Updating files:  76% (24060/31657)Updating files:  77% (24376/31657)Updating files:  78% (24693/31657)Updating files:  79% (25010/31657)Updating files:  80% (25326/31657)Updating files:  81% (25643/31657)Updating files:  82% (25959/31657)Updating files:  83% (26276/31657)Updating files:  84% (26592/31657)Updating files:  85% (26909/31657)Updating files:  86% (27226/31657)Updating files:  87% (27542/31657)Updating files:  88% (27859/31657)Updating files:  89% (28175/31657)Updating files:  90% (28492/31657)Updating files:  91% (28808/31657)Updating files:  92% (29125/31657)Updating files:  93% (29442/31657)Updating files:  94% (29758/31657)Updating files:  95% (30075/31657)Updating files:  96% (30391/31657)Updating files:  97% (30708/31657)Updating files:  98% (31024/31657)Updating files:  99% (31341/31657)Updating files: 100% (31657/31657)Updating files: 100% (31657/31657), done.
HEAD is now at 175a8ca8b2 Merge pull request #26169 from mseri/fix-base-revdeps
Updating 175a8ca8b2..a287d8c388
Fast-forward
 .../conf-mingw-w64-zlib-i686.1/opam                  | 20 ++++++++++++++++++++
 .../conf-mingw-w64-zlib-x86_64.1/opam                | 20 ++++++++++++++++++++
 packages/conf-zlib/conf-zlib.1/opam                  | 13 +++++++++++--
 3 files changed, 51 insertions(+), 2 deletions(-)
 create mode 100644 packages/conf-mingw-w64-zlib-i686/conf-mingw-w64-zlib-i686.1/opam
 create mode 100644 packages/conf-mingw-w64-zlib-x86_64/conf-mingw-w64-zlib-x86_64.1/opam

[01;34m(from ocaml/opam:debian-12-ocaml-4.14@sha256:51859147d869ebd23a15922818349effc446cbbc6a0b3e0257a7859e766261b3)[0m
[01;2m[01;35m2024-07-02 12:48.37 ---> using "7d0037e87409e99fda0588f75b47ce776adea91ebf3f460e136466d751adef89" from cache[0m

[01;34m/: (user (uid 1000) (gid 1000))[0m

[01;34m/: (workdir /home/opam)[0m

[01;34m/home/opam: (run (shell "sudo ln -f /usr/bin/opam-dev /usr/bin/opam"))[0m
[01;2m[01;35m2024-07-02 12:48.37 ---> using "b33af19cce4ad58a445b7dfc6bf1a0dfe3b6dc622435cad5cd3b51437ac841da" from cache[0m

[01;34m/home/opam: (run (network host)
                 (shell "opam init --reinit --config .opamrc-sandbox -ni"))[0m
Configuring from /home/opam/.opamrc-sandbox, then /home/opam/.opamrc, and finally from built-in defaults.
Checking for available remotes: rsync and local, git.
  - you won't be able to use mercurial repositories unless you install the hg command on your system.
  - you won't be able to use darcs repositories unless you install the darcs command on your system.

This development version of opam requires an update to the layout of /home/opam/.opam from version 2.0 to version 2.2~beta, which can't be reverted.
You may want to back it up before going further.

Continue? [y/n] y
[NOTE] The 'jobs' option was reset, its value was 39 and its new value will vary according to the current number of cores on your machine. You can restore the fixed value using:
           opam option jobs=39 --global
Format upgrade done.

<><> Updating repositories ><><><><><><><><><><><><><><><><><><><><><><><><><><>
[default] synchronised from file:///home/opam/opam-repository
[01;2m[01;35m2024-07-02 12:48.37 ---> using "c7319748019c698ac18553450663ed54bb2835216e6158140e57acb510db4ce9" from cache[0m

[01;34m/home/opam: (run (shell "uname -rs && opam exec -- ocaml -version && opam --version"))[0m
Linux 5.15.0-113-generic
The OCaml toplevel, version 4.14.2
2.2.0~rc1~dev
[01;2m[01;35m2024-07-02 12:48.37 ---> using "6bce037bdf3a394fc38741cc54c12283f3366866d149b33203c7c3a211d4b1b9" from cache[0m

[01;34m/home/opam: (env OPAMDOWNLOADJOBS 1)[0m

[01;34m/home/opam: (env OPAMERRLOGLEN 0)[0m

[01;34m/home/opam: (env OPAMSOLVERTIMEOUT 500)[0m

[01;34m/home/opam: (env OPAMPRECISETRACKING 1)[0m

[01;34m/home/opam: (env CI true)[0m

[01;34m/home/opam: (env OPAM_REPO_CI true)[0m

[01;34m/home/opam: (run (shell "rm -rf opam-repository/"))[0m
[01;2m[01;35m2024-07-02 12:48.37 ---> using "d7e3dabd08034f666e9af626d2c2108d7ffb689867b7ba904f891ba4c067d618" from cache[0m

[01;34m/home/opam: (copy (src .) (dst opam-repository/))[0m
[01;2m[01;35m2024-07-02 12:48.39 ---> using "d36e6052e4f5e67b33d9afd2fa606dca7db595377baa38e15792e4d293e0482a" from cache[0m

[01;34m/home/opam: (run (shell "opam repository set-url --strict default opam-repository/"))[0m
[default] Initialised
[01;2m[01;35m2024-07-02 12:48.39 ---> using "5b7602fa527ba8a92104765f7e9e45e15c64ec4b359d97c7c9cf9a32cc09d574" from cache[0m

[01;34m/home/opam: (run (network host)
                 (shell "opam update --depexts || true"))[0m
+ /usr/bin/sudo "apt-get" "update"
- Get:1 http://deb.debian.org/debian bookworm InRelease [151 kB]
- Get:2 http://deb.debian.org/debian bookworm-updates InRelease [55.4 kB]
- Get:3 http://deb.debian.org/debian-security bookworm-security InRelease [48.0 kB]
- Get:4 http://deb.debian.org/debian bookworm/main amd64 Packages [8788 kB]
- Get:5 http://deb.debian.org/debian-security bookworm-security/main amd64 Packages [164 kB]
- Fetched 9206 kB in 1s (6888 kB/s)
- Reading package lists...
[01;2m[01;35m2024-07-02 12:48.39 ---> using "ac2fde5ab28e1789ce8cb907cc4bea6b6bcbcf69ec58846874c58666dab9ffb5" from cache[0m

[01;34m/home/opam: (run (shell "opam pin add -k version -yn conf-zlib.1 1"))[0m
conf-zlib is now pinned to version 1
[01;2m[01;35m2024-07-02 12:48.39 ---> using "db57c18e4821250d49a8cd50e8cc923baa0409b4102da1ed28569d0e5f3990bb" from cache[0m

[01;34m/home/opam: (run (cache (opam-archives (target /home/opam/.opam/download-cache)))
                 (network host)
                 (shell  "opam reinstall conf-zlib.1;\
                        \n        res=$?;\
                        \n        test \"$res\" != 31 && exit \"$res\";\
                        \n        export OPAMCLI=2.0;\
                        \n        build_dir=$(opam var prefix)/.opam-switch/build;\
                        \n        failed=$(ls \"$build_dir\");\
                        \n        partial_fails=\"\";\
                        \n        for pkg in $failed; do\
                        \n          if opam show -f x-ci-accept-failures: \"$pkg\" | grep -qF \"\\\"debian-12\\\"\"; then\
                        \n            echo \"A package failed and has been disabled for CI using the 'x-ci-accept-failures' field.\";\
                        \n          fi;\
                        \n          test \"$pkg\" != 'conf-zlib.1' && partial_fails=\"$partial_fails $pkg\";\
                        \n        done;\
                        \n        test \"${partial_fails}\" != \"\" && echo \"opam-repo-ci detected dependencies failing: ${partial_fails}\";\
                        \n        exit 1"))[0m
conf-zlib.1 is not installed. Install it? [y/n] y
The following actions will be performed:
=== install 2 packages
  - install conf-pkg-config 3          [required by conf-zlib]
  - install conf-zlib       1 (pinned)

The following system packages will first need to be installed:
    pkg-config zlib1g-dev

<><> Handling external dependencies <><><><><><><><><><><><><><><><><><><><><><>

opam believes some required external dependencies are missing. opam can:
> 1. Run apt-get to install them (may need root/sudo access)
  2. Display the recommended apt-get command and wait while you run it manually (e.g. in another terminal)
  3. Continue anyway, and, upon success, permanently register that this external dependency is present, but not detectable
  4. Abort the installation

[1/2/3/4] 1

+ /usr/bin/sudo "apt-get" "install" "-qq" "-yy" "pkg-config" "zlib1g-dev"
- debconf: delaying package configuration, since apt-utils is not installed
- Selecting previously unselected package libpkgconf3:amd64.
- (Reading database ... (Reading database ... 5%(Reading database ... 10%(Reading database ... 15%(Reading database ... 20%(Reading database ... 25%(Reading database ... 30%(Reading database ... 35%(Reading database ... 40%(Reading database ... 45%(Reading database ... 50%(Reading database ... 55%(Reading database ... 60%(Reading database ... 65%(Reading database ... 70%(Reading database ... 75%(Reading database ... 80%(Reading database ... 85%(Reading database ... 90%(Reading database ... 95%(Reading database ... 100%(Reading database ... 18735 files and directories currently installed.)
- Preparing to unpack .../libpkgconf3_1.8.1-1_amd64.deb ...
- Unpacking libpkgconf3:amd64 (1.8.1-1) ...
- Selecting previously unselected package pkgconf-bin.
- Preparing to unpack .../pkgconf-bin_1.8.1-1_amd64.deb ...
- Unpacking pkgconf-bin (1.8.1-1) ...
- Selecting previously unselected package pkgconf:amd64.
- Preparing to unpack .../pkgconf_1.8.1-1_amd64.deb ...
- Unpacking pkgconf:amd64 (1.8.1-1) ...
- Selecting previously unselected package pkg-config:amd64.
- Preparing to unpack .../pkg-config_1.8.1-1_amd64.deb ...
- Unpacking pkg-config:amd64 (1.8.1-1) ...
- Selecting previously unselected package zlib1g-dev:amd64.
- Preparing to unpack .../zlib1g-dev_1%3a1.2.13.dfsg-1_amd64.deb ...
- Unpacking zlib1g-dev:amd64 (1:1.2.13.dfsg-1) ...
- Setting up libpkgconf3:amd64 (1.8.1-1) ...
- Setting up pkgconf-bin (1.8.1-1) ...
- Setting up zlib1g-dev:amd64 (1:1.2.13.dfsg-1) ...
- Setting up pkgconf:amd64 (1.8.1-1) ...
- Setting up pkg-config:amd64 (1.8.1-1) ...
- Processing triggers for libc-bin (2.36-9+deb12u7) ...

<><> Processing actions <><><><><><><><><><><><><><><><><><><><><><><><><><><><>
-> installed conf-pkg-config.3
-> installed conf-zlib.1
Done.
# Run eval $(opam env) to update the current shell environment
[01;2m[01;35m2024-07-02 12:48.39 ---> using "3ae513bde9f811df90b778e39904ceb851f8cbc73902f11de9774aafd60e0900" from cache[0m

[01;34m/home/opam: (run (cache (opam-archives (target /home/opam/.opam/download-cache)))
                 (network host)
                 (shell  "opam reinstall sihl-core.0.2.1;\
                        \n        res=$?;\
                        \n        test \"$res\" != 31 && exit \"$res\";\
                        \n        export OPAMCLI=2.0;\
                        \n        build_dir=$(opam var prefix)/.opam-switch/build;\
                        \n        failed=$(ls \"$build_dir\");\
                        \n        partial_fails=\"\";\
                        \n        for pkg in $failed; do\
                        \n          if opam show -f x-ci-accept-failures: \"$pkg\" | grep -qF \"\\\"debian-12\\\"\"; then\
                        \n            echo \"A package failed and has been disabled for CI using the 'x-ci-accept-failures' field.\";\
                        \n          fi;\
                        \n          test \"$pkg\" != 'sihl-core.0.2.1' && partial_fails=\"$partial_fails $pkg\";\
                        \n        done;\
                        \n        test \"${partial_fails}\" != \"\" && echo \"opam-repo-ci detected dependencies failing: ${partial_fails}\";\
                        \n        exit 1"))[0m
sihl-core.0.2.1 is not installed. Install it? [y/n] y
The following actions will be performed:
=== install 68 packages
  - install angstrom            0.16.0  [required by caqti]
  - install asn1-combinators    0.2.6   [required by x509]
  - install base                v0.16.3 [required by ppx_fields_conv, ppx_sexp_conv]
  - install base-bytes          base    [required by ocplib-endian]
  - install base64              3.5.1   [required by jwto]
  - install bigstringaf         0.9.1   [required by caqti]
  - install caqti               1.9.0   [required by sihl-core]
  - install conf-bash           1       [required by base]
  - install conf-gmp            4       [required by conf-gmp-powm-sec, zarith]
  - install conf-gmp-powm-sec   3       [required by mirage-crypto-pk]
  - install conf-libssl         4       [required by ssl]
  - install conformist          0.2.1   [required by sihl-core]
  - install containers          3.13.1  [required by tsort]
  - install cppo                1.6.9   [required by caqti]
  - install csexp               1.5.2   [required by dune-configurator]
  - install cstruct             6.2.0   [required by tls]
  - install digestif            1.2.0   [required by jwto]
  - install domain-name         0.4.0   [required by tls]
  - install dune                3.16.0  [required by sihl-core]
  - install dune-configurator   3.16.0  [required by mirage-crypto-ec, ssl, base, containers]
  - install duration            0.2.1   [required by mirage-crypto-rng]
  - install either              1.0.0   [required by containers]
  - install eqaf                0.9     [required by mirage-crypto-ec, digestif, mirage-crypto-pk]
  - install fieldslib           v0.16.0 [required by ppx_fields_conv]
  - install fmt                 0.9.0   [required by sihl-core]
  - install gmap                0.3.0   [required by x509]
  - install hkdf                1.0.4   [required by tls]
  - install ipaddr              5.6.0   [required by tls]
  - install jwto                0.4.0   [required by sihl-core]
  - install logs                0.7.0   [required by sihl-core]
  - install lwt                 5.7.0   [required by lwt_ssl]
  - install lwt_ssl             1.2.0   [required by sihl-core]
  - install macaddr             5.6.0   [required by ipaddr]
  - install mirage-crypto       0.11.3  [required by tls]
  - install mirage-crypto-ec    0.11.3  [required by tls]
  - install mirage-crypto-pk    0.11.3  [required by tls]
  - install mirage-crypto-rng   0.11.3  [required by tls]
  - install num                 1.5     [required by sexplib]
  - install ocaml-compiler-libs v0.12.4 [required by ppxlib]
  - install ocaml-syntax-shims  1.0.0   [required by angstrom]
  - install ocamlbuild          0.14.3  [required by logs, ptime]
  - install ocamlfind           1.9.6   [required by ptime, logs, ppx_deriving]
  - install ocplib-endian       1.2     [required by lwt]
  - install parsexp             v0.16.0 [required by sexplib]
  - install pbkdf               1.2.0   [required by x509]
  - install ppx_derivers        1.2.1   [required by ppx_deriving]
  - install ppx_deriving        6.0.2   [required by jwto, ppx_deriving_yojson]
  - install ppx_deriving_yojson 3.8.0   [required by sihl-core]
  - install ppx_fields_conv     v0.16.0 [required by sihl-core]
  - install ppx_sexp_conv       v0.16.0 [required by sihl-core]
  - install ppxlib              0.32.1  [required by ppx_fields_conv, ppx_deriving_yojson, ppx_sexp_conv]
  - install ptime               1.1.0   [required by caqti]
  - install re                  1.11.0  [required by jwto]
  - install safepass            3.1     [required by sihl-core]
  - install seq                 base    [required by re, yojson]
  - install sexplib             v0.16.0 [required by sihl-core]
  - install sexplib0            v0.16.0 [required by ppx_sexp_conv, sexplib]
  - install sihl-core           0.2.1
  - install ssl                 0.7.0   [required by sihl-core]
  - install stdlib-shims        0.3.0   [required by ppxlib]
  - install stringext           1.6.0   [required by uri]
  - install tls                 0.17.5  [required by sihl-core]
  - install topkg               1.0.7   [required by logs, ptime]
  - install tsort               2.0.0   [required by sihl-core]
  - install uri                 4.4.0   [required by caqti]
  - install x509                0.16.5  [required by tls]
  - install yojson              2.2.2   [required by sihl-core]
  - install zarith              1.13    [required by mirage-crypto-pk]

The following system packages will first need to be installed:
    libgmp-dev libssl-dev

<><> Handling external dependencies <><><><><><><><><><><><><><><><><><><><><><>

opam believes some required external dependencies are missing. opam can:
> 1. Run apt-get to install them (may need root/sudo access)
  2. Display the recommended apt-get command and wait while you run it manually (e.g. in another terminal)
  3. Continue anyway, and, upon success, permanently register that this external dependency is present, but not detectable
  4. Abort the installation

[1/2/3/4] 1

+ /usr/bin/sudo "apt-get" "install" "-qq" "-yy" "libgmp-dev" "libssl-dev"
- debconf: delaying package configuration, since apt-utils is not installed
- Selecting previously unselected package libgmpxx4ldbl:amd64.
- (Reading database ... (Reading database ... 5%(Reading database ... 10%(Reading database ... 15%(Reading database ... 20%(Reading database ... 25%(Reading database ... 30%(Reading database ... 35%(Reading database ... 40%(Reading database ... 45%(Reading database ... 50%(Reading database ... 55%(Reading database ... 60%(Reading database ... 65%(Reading database ... 70%(Reading database ... 75%(Reading database ... 80%(Reading database ... 85%(Reading database ... 90%(Reading database ... 95%(Reading database ... 100%(Reading database ... 18803 files and directories currently installed.)
- Preparing to unpack .../libgmpxx4ldbl_2%3a6.2.1+dfsg1-1.1_amd64.deb ...
- Unpacking libgmpxx4ldbl:amd64 (2:6.2.1+dfsg1-1.1) ...
- Selecting previously unselected package libgmp-dev:amd64.
- Preparing to unpack .../libgmp-dev_2%3a6.2.1+dfsg1-1.1_amd64.deb ...
- Unpacking libgmp-dev:amd64 (2:6.2.1+dfsg1-1.1) ...
- Preparing to unpack .../libssl3_3.0.13-1~deb12u1_amd64.deb ...
- Unpacking libssl3:amd64 (3.0.13-1~deb12u1) over (3.0.11-1~deb12u2) ...
- Selecting previously unselected package libssl-dev:amd64.
- Preparing to unpack .../libssl-dev_3.0.13-1~deb12u1_amd64.deb ...
- Unpacking libssl-dev:amd64 (3.0.13-1~deb12u1) ...
- Preparing to unpack .../openssl_3.0.13-1~deb12u1_amd64.deb ...
- Unpacking openssl (3.0.13-1~deb12u1) over (3.0.11-1~deb12u2) ...
- Setting up libssl3:amd64 (3.0.13-1~deb12u1) ...
- Setting up libgmpxx4ldbl:amd64 (2:6.2.1+dfsg1-1.1) ...
- Setting up libssl-dev:amd64 (3.0.13-1~deb12u1) ...
- Setting up openssl (3.0.13-1~deb12u1) ...
- Setting up libgmp-dev:amd64 (2:6.2.1+dfsg1-1.1) ...
- Processing triggers for libc-bin (2.36-9+deb12u7) ...

<><> Processing actions <><><><><><><><><><><><><><><><><><><><><><><><><><><><>
-> retrieved angstrom.0.16.0  (cached)
-> retrieved asn1-combinators.0.2.6  (cached)
-> retrieved base.v0.16.3  (cached)
-> retrieved base64.3.5.1  (cached)
-> retrieved bigstringaf.0.9.1  (cached)
-> retrieved caqti.1.9.0  (cached)
-> retrieved conf-gmp.4  (cached)
-> retrieved conf-gmp-powm-sec.3  (cached)
-> retrieved conf-libssl.4  (cached)
-> retrieved conformist.0.2.1  (cached)
-> installed conf-bash.1
-> installed conf-libssl.4
-> installed conf-gmp.4
-> retrieved containers.3.13.1  (cached)
-> installed conf-gmp-powm-sec.3
-> retrieved cppo.1.6.9  (cached)
-> retrieved csexp.1.5.2  (cached)
-> retrieved cstruct.6.2.0  (cached)
-> retrieved digestif.1.2.0  (cached)
-> retrieved domain-name.0.4.0  (cached)
-> retrieved dune.3.16.0, dune-configurator.3.16.0  (cached)
-> retrieved duration.0.2.1  (cached)
-> retrieved either.1.0.0  (cached)
-> retrieved eqaf.0.9  (cached)
-> retrieved fieldslib.v0.16.0  (cached)
-> retrieved fmt.0.9.0  (cached)
-> retrieved gmap.0.3.0  (cached)
-> retrieved hkdf.1.0.4  (cached)
-> retrieved ipaddr.5.6.0, macaddr.5.6.0  (cached)
-> retrieved jwto.0.4.0  (cached)
-> retrieved logs.0.7.0  (cached)
-> retrieved lwt.5.7.0  (cached)
-> retrieved lwt_ssl.1.2.0  (cached)
-> retrieved mirage-crypto.0.11.3, mirage-crypto-ec.0.11.3, mirage-crypto-pk.0.11.3, mirage-crypto-rng.0.11.3  (cached)
-> retrieved num.1.5  (cached)
-> retrieved ocaml-compiler-libs.v0.12.4  (cached)
-> retrieved ocaml-syntax-shims.1.0.0  (cached)
-> retrieved ocamlbuild.0.14.3  (cached)
-> retrieved ocamlfind.1.9.6  (cached)
-> retrieved ocplib-endian.1.2  (cached)
-> retrieved parsexp.v0.16.0  (cached)
-> retrieved pbkdf.1.2.0  (cached)
-> retrieved ppx_derivers.1.2.1  (cached)
-> retrieved ppx_deriving.6.0.2  (cached)
-> retrieved ppx_deriving_yojson.3.8.0  (cached)
-> retrieved ppx_fields_conv.v0.16.0  (cached)
-> retrieved ppx_sexp_conv.v0.16.0  (cached)
-> retrieved ppxlib.0.32.1  (cached)
-> retrieved ptime.1.1.0  (cached)
-> retrieved re.1.11.0  (cached)
-> retrieved safepass.3.1  (cached)
-> retrieved seq.base  (cached)
-> installed seq.base
-> retrieved sexplib.v0.16.0  (cached)
-> retrieved sexplib0.v0.16.0  (cached)
-> retrieved sihl-core.0.2.1  (cached)
-> retrieved ssl.0.7.0  (cached)
-> retrieved stdlib-shims.0.3.0  (cached)
-> retrieved stringext.1.6.0  (cached)
-> retrieved tls.0.17.5  (cached)
-> retrieved topkg.1.0.7  (cached)
-> retrieved tsort.2.0.0  (cached)
-> retrieved uri.4.4.0  (cached)
-> retrieved x509.0.16.5  (cached)
-> retrieved yojson.2.2.2  (cached)
-> retrieved zarith.1.13  (cached)
-> installed num.1.5
-> installed ocamlfind.1.9.6
-> installed base-bytes.base
-> installed ocamlbuild.0.14.3
-> installed zarith.1.13
-> installed topkg.1.0.7
-> installed fmt.0.9.0
-> installed ptime.1.1.0
-> installed dune.3.16.0
-> installed csexp.1.5.2
-> installed base64.3.5.1
-> installed conformist.0.2.1
-> installed cstruct.6.2.0
-> installed cppo.1.6.9
-> installed domain-name.0.4.0
-> installed duration.0.2.1
-> installed either.1.0.0
-> installed gmap.0.3.0
-> installed macaddr.5.6.0
-> installed ocaml-compiler-libs.v0.12.4
-> installed ocaml-syntax-shims.1.0.0
-> installed ppx_derivers.1.2.1
-> installed re.1.11.0
-> installed safepass.3.1
-> installed sexplib0.v0.16.0
-> installed stdlib-shims.0.3.0
-> installed stringext.1.6.0
-> installed ocplib-endian.1.2
-> installed yojson.2.2.2
-> installed eqaf.0.9
-> installed ipaddr.5.6.0
-> installed asn1-combinators.0.2.6
-> installed parsexp.v0.16.0
-> installed digestif.1.2.0
-> installed dune-configurator.3.16.0
-> installed sexplib.v0.16.0
-> installed bigstringaf.0.9.1
-> installed angstrom.0.16.0
-> installed ssl.0.7.0
-> installed containers.3.13.1
-> installed mirage-crypto.0.11.3
-> installed tsort.2.0.0
-> installed hkdf.1.0.4
-> installed pbkdf.1.2.0
-> installed uri.4.4.0
-> installed lwt.5.7.0
-> installed lwt_ssl.1.2.0
-> installed logs.0.7.0
-> installed mirage-crypto-rng.0.11.3
-> installed caqti.1.9.0
-> installed base.v0.16.3
-> installed mirage-crypto-pk.0.11.3
-> installed fieldslib.v0.16.0
-> installed mirage-crypto-ec.0.11.3
-> installed ppxlib.0.32.1
-> installed x509.0.16.5
-> installed ppx_fields_conv.v0.16.0
-> installed tls.0.17.5
-> installed ppx_sexp_conv.v0.16.0
-> installed ppx_deriving.6.0.2
-> installed jwto.0.4.0
-> installed ppx_deriving_yojson.3.8.0
-> installed sihl-core.0.2.1
Done.
# Run eval $(opam env) to update the current shell environment
[01;2m[01;35m2024-07-02 12:50.45 ---> saved as "a4fe442ace291971b9cc4cda6b04d52d4e7b8dba518413d829792aece9ae8f2c"[0m

[01;34m/home/opam: (run (network host)
                 (shell "(opam reinstall --with-test sihl-core.0.2.1) || true"))[0m
[ERROR] Sorry, resolution of the request timed out.
        Try to specify a more precise request, use a different solver, or increase the allowed time by setting OPAMSOLVERTIMEOUT to a bigger value (currently, it is set to 500.0 seconds).
[01;2m[01;35m2024-07-02 12:59.29 ---> saved as "685d57bd67c291daadbdc56fc1213f4800201c2e8952ede3ce69a781c502d422"[0m

[01;34m/home/opam: (run (shell  "opam reinstall --with-test --verbose sihl-core.0.2.1;\
                        \n        res=$?;\
                        \n        test \"$res\" != 31 && exit \"$res\";\
                        \n        export OPAMCLI=2.0;\
                        \n        build_dir=$(opam var prefix)/.opam-switch/build;\
                        \n        failed=$(ls \"$build_dir\");\
                        \n        partial_fails=\"\";\
                        \n        for pkg in $failed; do\
                        \n          if opam show -f x-ci-accept-failures: \"$pkg\" | grep -qF \"\\\"debian-12\\\"\"; then\
                        \n            echo \"A package failed and has been disabled for CI using the 'x-ci-accept-failures' field.\";\
                        \n          fi;\
                        \n          test \"$pkg\" != 'sihl-core.0.2.1' && partial_fails=\"$partial_fails $pkg\";\
                        \n        done;\
                        \n        test \"${partial_fails}\" != \"\" && echo \"opam-repo-ci detected dependencies failing: ${partial_fails}\";\
                        \n        exit 1"))[0m
The following actions will be performed:
=== recompile 17 packages
  - recompile asn1-combinators  0.2.6  [uses cstruct]
  - recompile caqti             1.9.0  [uses logs]
  - recompile cstruct           6.2.0  [uses fmt]
  - recompile digestif          1.2.0  [uses eqaf]
  - recompile eqaf              0.9    [uses cstruct]
  - recompile fmt               0.9.0  [uses cmdliner]
  - recompile hkdf              1.0.4  [uses cstruct]
  - recompile jwto              0.4.0  [uses fmt]
  - recompile logs              0.7.0  [uses cmdliner]
  - recompile mirage-crypto     0.11.3 [uses cstruct]
  - recompile mirage-crypto-ec  0.11.3 [uses cstruct]
  - recompile mirage-crypto-pk  0.11.3 [uses cstruct]
  - recompile mirage-crypto-rng 0.11.3 [uses cstruct, logs]
  - recompile pbkdf             1.2.0  [uses cstruct]
  - recompile sihl-core         0.2.1
  - recompile tls               0.17.5 [uses fmt]
  - recompile x509              0.16.5 [uses fmt]
=== install 19 packages
  - install   alcotest          1.7.0  [required by alcotest-lwt]
  - install   alcotest-lwt      1.7.0  [required by sihl-core]
  - install   astring           0.8.5  [required by alcotest]
  - install   bos               0.2.1  [required by ca-certs]
  - install   ca-certs          0.2.3  [required by conduit-lwt-unix]
  - install   cmdliner          1.3.0  [required by cohttp-lwt-unix]
  - install   cohttp            5.3.1  [required by cohttp-lwt]
  - install   cohttp-lwt        5.3.0  [required by cohttp-lwt-unix]
  - install   cohttp-lwt-unix   5.3.0  [required by sihl-core]
  - install   conduit           6.2.3  [required by conduit-lwt]
  - install   conduit-lwt       6.2.3  [required by cohttp-lwt-unix]
  - install   conduit-lwt-unix  6.2.3  [required by cohttp-lwt-unix]
  - install   fpath             0.7.3  [required by ca-certs]
  - install   ipaddr-sexp       5.6.0  [required by conduit-lwt-unix]
  - install   jsonm             1.0.2  [required by cohttp]
  - install   magic-mime        1.3.1  [required by cohttp-lwt-unix]
  - install   rresult           0.7.0  [required by bos]
  - install   uri-sexp          4.4.0  [required by cohttp]
  - install   uutf              1.0.3  [required by alcotest]

<><> Processing actions <><><><><><><><><><><><><><><><><><><><><><><><><><><><>
Processing  1/118: [alcotest.1.7.0, alcotest-lwt.1.7.0: http]
[ERROR] Failed to get sources of alcotest.1.7.0, alcotest-lwt.1.7.0 (https://github.com/mirage/alcotest/releases/download/1.7.0/alcotest-1.7.0.tbz): Curl failed
Processing  2/118: [asn1-combinators.0.2.6: http]
[ERROR] Failed to get sources of asn1-combinators.0.2.6: Curl failed
Processing  3/118: [astring.0.8.5: http]
[ERROR] Failed to get sources of astring.0.8.5: Curl failed
Processing  4/118: [bos.0.2.1: http]
Processing  5/118: [bos.0.2.1: http]
Processing  6/118: [bos.0.2.1: http]
[ERROR] Failed to get sources of bos.0.2.1: Curl failed
Processing  7/118: [ca-certs.0.2.3: http]
[ERROR] Failed to get sources of ca-certs.0.2.3: Curl failed
Processing  8/118: [caqti.1.9.0: http]
[ERROR] Failed to get sources of caqti.1.9.0: Curl failed
Processing  9/118: [cmdliner.1.3.0: http]
[ERROR] Failed to get sources of cmdliner.1.3.0: Curl failed
Processing 10/118: [cohttp.5.3.1: http]
Processing 11/118: [cohttp.5.3.1: http]
Processing 12/118: [cohttp.5.3.1: http]
[ERROR] Failed to get sources of cohttp.5.3.1: Curl failed
Processing 13/118: [cohttp-lwt.5.3.0, cohttp-lwt-unix.5.3.0: http]
[ERROR] Failed to get sources of cohttp-lwt.5.3.0, cohttp-lwt-unix.5.3.0 (https://github.com/mirage/ocaml-cohttp/releases/download/v5.3.0/cohttp-5.3.0.tbz): Curl failed
Processing 14/118: [conduit.6.2.3, conduit-lwt.6.2.3, conduit-lwt-unix.6.2.3: http]
[ERROR] Failed to get sources of conduit.6.2.3, conduit-lwt.6.2.3, conduit-lwt-unix.6.2.3 (https://github.com/mirage/ocaml-conduit/releases/download/v6.2.3/conduit-6.2.3.tbz): Curl failed
Processing 15/118: [cstruct.6.2.0: http]
[ERROR] Failed to get sources of cstruct.6.2.0: Curl failed
Processing 16/118: [digestif.1.2.0: http]
[ERROR] Failed to get sources of digestif.1.2.0: Curl failed
Processing 17/118: [eqaf.0.9: http]
[ERROR] Failed to get sources of eqaf.0.9: Curl failed
Processing 18/118: [fmt.0.9.0: http]
[ERROR] Failed to get sources of fmt.0.9.0: Curl failed
Processing 19/118: [fpath.0.7.3: http]
Processing 20/118: [fpath.0.7.3: http]
[ERROR] Failed to get sources of fpath.0.7.3: Curl failed
Processing 21/118: [hkdf.1.0.4: http]
Processing 22/118: [hkdf.1.0.4: http]
Processing 23/118: [hkdf.1.0.4: http]
[ERROR] Failed to get sources of hkdf.1.0.4: Curl failed
Processing 24/118: [ipaddr-sexp.5.6.0: http]
[ERROR] Failed to get sources of ipaddr-sexp.5.6.0: Curl failed
Processing 25/118: [jsonm.1.0.2: http]
Processing 26/118: [jsonm.1.0.2: http]
Processing 27/118: [jsonm.1.0.2: http]
[ERROR] Failed to get sources of jsonm.1.0.2: Curl failed
Processing 28/118: [jwto.0.4.0: http]
[ERROR] Failed to get sources of jwto.0.4.0: Curl failed
Processing 29/118: [logs.0.7.0: http]
[ERROR] Failed to get sources of logs.0.7.0: Curl failed
Processing 30/118: [magic-mime.1.3.1: http]
[ERROR] Failed to get sources of magic-mime.1.3.1: Curl failed
Processing 31/118: [mirage-crypto.0.11.3, mirage-crypto-ec.0.11.3, mirage-crypto-pk.0.11.3, mirage-crypto-rng.0.11.3: http]
Processing 32/118: [mirage-crypto.0.11.3, mirage-crypto-ec.0.11.3, mirage-crypto-pk.0.11.3, mirage-crypto-rng.0.11.3: http]
Processing 33/118: [mirage-crypto.0.11.3, mirage-crypto-ec.0.11.3, mirage-crypto-pk.0.11.3, mirage-crypto-rng.0.11.3: http]
[ERROR] Failed to get sources of mirage-crypto.0.11.3, mirage-crypto-ec.0.11.3, mirage-crypto-pk.0.11.3, mirage-crypto-rng.0.11.3 (https://github.com/mirage/mirage-crypto/releases/download/v0.11.3/mirage-crypto-0.11.3.tbz): Curl failed
Processing 34/118: [pbkdf.1.2.0: http]
[ERROR] Failed to get sources of pbkdf.1.2.0: Curl failed
Processing 35/118: [rresult.0.7.0: http]
[ERROR] Failed to get sources of rresult.0.7.0: Curl failed
Processing 36/118: [sihl-core.0.2.1: http]
Processing 37/118: [sihl-core.0.2.1: http]
Processing 38/118: [sihl-core.0.2.1: http]
[ERROR] Failed to get sources of sihl-core.0.2.1: Curl failed
Processing 39/118: [tls.0.17.5: http]
[ERROR] Failed to get sources of tls.0.17.5: Curl failed
Processing 40/118: [uri-sexp.4.4.0: http]
[ERROR] Failed to get sources of uri-sexp.4.4.0: Curl failed
Processing 41/118: [uutf.1.0.3: http]
Processing 42/118: [uutf.1.0.3: http]
Processing 43/118: [uutf.1.0.3: http]
Processing 44/118: [uutf.1.0.3: http]
Processing 45/118: [uutf.1.0.3: http]
Processing 46/118: [uutf.1.0.3: http]
Processing 47/118: [uutf.1.0.3: http]
Processing 48/118: [uutf.1.0.3: http]
Processing 49/118: [uutf.1.0.3: http]
[ERROR] Failed to get sources of uutf.1.0.3: Curl failed
Processing 50/118: [x509.0.16.5: http]
Processing 51/118: [x509.0.16.5: http]
Processing 52/118: [x509.0.16.5: http]
Processing 53/118: [x509.0.16.5: http]
Processing 54/118: [x509.0.16.5: http]
Processing 55/118: [x509.0.16.5: http]
Processing 56/118: [x509.0.16.5: http]
[ERROR] Failed to get sources of x509.0.16.5: Curl failed

#=== ERROR while fetching sources for x509.0.16.5 =============================#
OpamSolution.Fetch_fail("https://github.com/mirleft/ocaml-x509/releases/download/v0.16.5/x509-0.16.5.tbz (Curl failed: \"/usr/bin/curl --write-out %{http_code}\\\\n --retry 3 --retry-delay 2 --user-agent opam/2.2.0~rc1~dev -L -o /home/opam/.opam/4.14/.opam-switch/sources/x509.0.16.5/x509-0.16.5.tbz.part -- https://github.com/mirleft/ocaml-x509/releases/download/v0.16.5/x509-0.16.5.tbz\" exited with code 6)")

#=== ERROR while fetching sources for uutf.1.0.3 ==============================#
OpamSolution.Fetch_fail("https://erratique.ch/software/uutf/releases/uutf-1.0.3.tbz (Curl failed: \"/usr/bin/curl --write-out %{http_code}\\\\n --retry 3 --retry-delay 2 --user-agent opam/2.2.0~rc1~dev -L -o /home/opam/.opam/4.14/.opam-switch/sources/uutf.1.0.3/uutf-1.0.3.tbz.part -- https://erratique.ch/software/uutf/releases/uutf-1.0.3.tbz\" exited with code 6)")

#=== ERROR while fetching sources for uri-sexp.4.4.0 ==========================#
OpamSolution.Fetch_fail("https://github.com/mirage/ocaml-uri/releases/download/v4.4.0/uri-4.4.0.tbz (Curl failed: \"/usr/bin/curl --write-out %{http_code}\\\\n --retry 3 --retry-delay 2 --user-agent opam/2.2.0~rc1~dev -L -o /home/opam/.opam/4.14/.opam-switch/sources/uri-sexp.4.4.0/uri-4.4.0.tbz.part -- https://github.com/mirage/ocaml-uri/releases/download/v4.4.0/uri-4.4.0.tbz\" exited with code 6)")

#=== ERROR while fetching sources for tls.0.17.5 ==============================#
OpamSolution.Fetch_fail("https://github.com/mirleft/ocaml-tls/releases/download/v0.17.5/tls-0.17.5.tbz (Curl failed: \"/usr/bin/curl --write-out %{http_code}\\\\n --retry 3 --retry-delay 2 --user-agent opam/2.2.0~rc1~dev -L -o /home/opam/.opam/4.14/.opam-switch/sources/tls.0.17.5/tls-0.17.5.tbz.part -- https://github.com/mirleft/ocaml-tls/releases/download/v0.17.5/tls-0.17.5.tbz\" exited with code 6)")

#=== ERROR while fetching sources for sihl-core.0.2.1 =========================#
OpamSolution.Fetch_fail("https://github.com/oxidizing/sihl/releases/download/0.2.1/sihl-0.2.1.tbz (Curl failed: \"/usr/bin/curl --write-out %{http_code}\\\\n --retry 3 --retry-delay 2 --user-agent opam/2.2.0~rc1~dev -L -o /home/opam/.opam/4.14/.opam-switch/sources/sihl-core.0.2.1/sihl-0.2.1.tbz.part -- https://github.com/oxidizing/sihl/releases/download/0.2.1/sihl-0.2.1.tbz\" exited with code 6)")

#=== ERROR while fetching sources for rresult.0.7.0 ===========================#
OpamSolution.Fetch_fail("https://erratique.ch/software/rresult/releases/rresult-0.7.0.tbz (Curl failed: \"/usr/bin/curl --write-out %{http_code}\\\\n --retry 3 --retry-delay 2 --user-agent opam/2.2.0~rc1~dev -L -o /home/opam/.opam/4.14/.opam-switch/sources/rresult.0.7.0/rresult-0.7.0.tbz.part -- https://erratique.ch/software/rresult/releases/rresult-0.7.0.tbz\" exited with code 6)")

#=== ERROR while fetching sources for pbkdf.1.2.0 =============================#
OpamSolution.Fetch_fail("https://github.com/abeaumont/ocaml-pbkdf/archive/1.2.0.tar.gz (Curl failed: \"/usr/bin/curl --write-out %{http_code}\\\\n --retry 3 --retry-delay 2 --user-agent opam/2.2.0~rc1~dev -L -o /home/opam/.opam/4.14/.opam-switch/sources/pbkdf.1.2.0/1.2.0.tar.gz.part -- https://github.com/abeaumont/ocaml-pbkdf/archive/1.2.0.tar.gz\" exited with code 6)")

#=== ERROR while fetching sources for mirage-crypto.0.11.3, mirage-crypto-ec.0.11.3, mirage-crypto-pk.0.11.3 and mirage-crypto-rng.0.11.3 
OpamSolution.Fetch_fail("https://github.com/mirage/mirage-crypto/releases/download/v0.11.3/mirage-crypto-0.11.3.tbz (Curl failed: \"/usr/bin/curl --write-out %{http_code}\\\\n --retry 3 --retry-delay 2 --user-agent opam/2.2.0~rc1~dev -L -o /tmp/opam-8-cc0a28/mirage-crypto-0.11.3.tbz.part -- https://github.com/mirage/mirage-crypto/releases/download/v0.11.3/mirage-crypto-0.11.3.tbz\" exited with code 6)")

#=== ERROR while fetching sources for magic-mime.1.3.1 ========================#
OpamSolution.Fetch_fail("https://github.com/mirage/ocaml-magic-mime/releases/download/v1.3.1/magic-mime-1.3.1.tbz (Curl failed: \"/usr/bin/curl --write-out %{http_code}\\\\n --retry 3 --retry-delay 2 --user-agent opam/2.2.0~rc1~dev -L -o /home/opam/.opam/4.14/.opam-switch/sources/magic-mime.1.3.1/magic-mime-1.3.1.tbz.part -- https://github.com/mirage/ocaml-magic-mime/releases/download/v1.3.1/magic-mime-1.3.1.tbz\" exited with code 6)")

#=== ERROR while fetching sources for logs.0.7.0 ==============================#
OpamSolution.Fetch_fail("https://erratique.ch/software/logs/releases/logs-0.7.0.tbz (Curl failed: \"/usr/bin/curl --write-out %{http_code}\\\\n --retry 3 --retry-delay 2 --user-agent opam/2.2.0~rc1~dev -L -o /home/opam/.opam/4.14/.opam-switch/sources/logs.0.7.0/logs-0.7.0.tbz.part -- https://erratique.ch/software/logs/releases/logs-0.7.0.tbz\" exited with code 6)")

#=== ERROR while fetching sources for jwto.0.4.0 ==============================#
OpamSolution.Fetch_fail("https://github.com/sporto/jwto/releases/download/0.4.0/jwto-0.4.0.tbz (Curl failed: \"/usr/bin/curl --write-out %{http_code}\\\\n --retry 3 --retry-delay 2 --user-agent opam/2.2.0~rc1~dev -L -o /home/opam/.opam/4.14/.opam-switch/sources/jwto.0.4.0/jwto-0.4.0.tbz.part -- https://github.com/sporto/jwto/releases/download/0.4.0/jwto-0.4.0.tbz\" exited with code 6)")

#=== ERROR while fetching sources for jsonm.1.0.2 =============================#
OpamSolution.Fetch_fail("https://erratique.ch/software/jsonm/releases/jsonm-1.0.2.tbz (Curl failed: \"/usr/bin/curl --write-out %{http_code}\\\\n --retry 3 --retry-delay 2 --user-agent opam/2.2.0~rc1~dev -L -o /home/opam/.opam/4.14/.opam-switch/sources/jsonm.1.0.2/jsonm-1.0.2.tbz.part -- https://erratique.ch/software/jsonm/releases/jsonm-1.0.2.tbz\" exited with code 6)")

#=== ERROR while fetching sources for ipaddr-sexp.5.6.0 =======================#
OpamSolution.Fetch_fail("https://github.com/mirage/ocaml-ipaddr/releases/download/v5.6.0/ipaddr-5.6.0.tbz (Curl failed: \"/usr/bin/curl --write-out %{http_code}\\\\n --retry 3 --retry-delay 2 --user-agent opam/2.2.0~rc1~dev -L -o /home/opam/.opam/4.14/.opam-switch/sources/ipaddr-sexp.5.6.0/ipaddr-5.6.0.tbz.part -- https://github.com/mirage/ocaml-ipaddr/releases/download/v5.6.0/ipaddr-5.6.0.tbz\" exited with code 6)")

#=== ERROR while fetching sources for hkdf.1.0.4 ==============================#
OpamSolution.Fetch_fail("https://github.com/hannesm/ocaml-hkdf/releases/download/v1.0.4/hkdf-v1.0.4.tbz (Curl failed: \"/usr/bin/curl --write-out %{http_code}\\\\n --retry 3 --retry-delay 2 --user-agent opam/2.2.0~rc1~dev -L -o /home/opam/.opam/4.14/.opam-switch/sources/hkdf.1.0.4/hkdf-v1.0.4.tbz.part -- https://github.com/hannesm/ocaml-hkdf/releases/download/v1.0.4/hkdf-v1.0.4.tbz\" exited with code 6)")

#=== ERROR while fetching sources for fpath.0.7.3 =============================#
OpamSolution.Fetch_fail("https://erratique.ch/software/fpath/releases/fpath-0.7.3.tbz (Curl failed: \"/usr/bin/curl --write-out %{http_code}\\\\n --retry 3 --retry-delay 2 --user-agent opam/2.2.0~rc1~dev -L -o /home/opam/.opam/4.14/.opam-switch/sources/fpath.0.7.3/fpath-0.7.3.tbz.part -- https://erratique.ch/software/fpath/releases/fpath-0.7.3.tbz\" exited with code 6)")

#=== ERROR while fetching sources for fmt.0.9.0 ===============================#
OpamSolution.Fetch_fail("https://erratique.ch/software/fmt/releases/fmt-0.9.0.tbz (Curl failed: \"/usr/bin/curl --write-out %{http_code}\\\\n --retry 3 --retry-delay 2 --user-agent opam/2.2.0~rc1~dev -L -o /home/opam/.opam/4.14/.opam-switch/sources/fmt.0.9.0/fmt-0.9.0.tbz.part -- https://erratique.ch/software/fmt/releases/fmt-0.9.0.tbz\" exited with code 6)")

#=== ERROR while fetching sources for eqaf.0.9 ================================#
OpamSolution.Fetch_fail("https://github.com/mirage/eqaf/releases/download/v0.9/eqaf-0.9.tbz (Curl failed: \"/usr/bin/curl --write-out %{http_code}\\\\n --retry 3 --retry-delay 2 --user-agent opam/2.2.0~rc1~dev -L -o /home/opam/.opam/4.14/.opam-switch/sources/eqaf.0.9/eqaf-0.9.tbz.part -- https://github.com/mirage/eqaf/releases/download/v0.9/eqaf-0.9.tbz\" exited with code 6)")

#=== ERROR while fetching sources for digestif.1.2.0 ==========================#
OpamSolution.Fetch_fail("https://github.com/mirage/digestif/releases/download/v1.2.0/digestif-1.2.0.tbz (Curl failed: \"/usr/bin/curl --write-out %{http_code}\\\\n --retry 3 --retry-delay 2 --user-agent opam/2.2.0~rc1~dev -L -o /home/opam/.opam/4.14/.opam-switch/sources/digestif.1.2.0/digestif-1.2.0.tbz.part -- https://github.com/mirage/digestif/releases/download/v1.2.0/digestif-1.2.0.tbz\" exited with code 6)")

#=== ERROR while fetching sources for cstruct.6.2.0 ===========================#
OpamSolution.Fetch_fail("https://github.com/mirage/ocaml-cstruct/releases/download/v6.2.0/cstruct-6.2.0.tbz (Curl failed: \"/usr/bin/curl --write-out %{http_code}\\\\n --retry 3 --retry-delay 2 --user-agent opam/2.2.0~rc1~dev -L -o /home/opam/.opam/4.14/.opam-switch/sources/cstruct.6.2.0/cstruct-6.2.0.tbz.part -- https://github.com/mirage/ocaml-cstruct/releases/download/v6.2.0/cstruct-6.2.0.tbz\" exited with code 6)")

#=== ERROR while fetching sources for conduit.6.2.3, conduit-lwt.6.2.3 and conduit-lwt-unix.6.2.3 
OpamSolution.Fetch_fail("https://github.com/mirage/ocaml-conduit/releases/download/v6.2.3/conduit-6.2.3.tbz (Curl failed: \"/usr/bin/curl --write-out %{http_code}\\\\n --retry 3 --retry-delay 2 --user-agent opam/2.2.0~rc1~dev -L -o /tmp/opam-8-a1537d/conduit-6.2.3.tbz.part -- https://github.com/mirage/ocaml-conduit/releases/download/v6.2.3/conduit-6.2.3.tbz\" exited with code 6)")

#=== ERROR while fetching sources for cohttp-lwt.5.3.0 and cohttp-lwt-unix.5.3.0 
OpamSolution.Fetch_fail("https://github.com/mirage/ocaml-cohttp/releases/download/v5.3.0/cohttp-5.3.0.tbz (Curl failed: \"/usr/bin/curl --write-out %{http_code}\\\\n --retry 3 --retry-delay 2 --user-agent opam/2.2.0~rc1~dev -L -o /tmp/opam-8-23c50b/cohttp-5.3.0.tbz.part -- https://github.com/mirage/ocaml-cohttp/releases/download/v5.3.0/cohttp-5.3.0.tbz\" exited with code 6)")

#=== ERROR while fetching sources for cohttp.5.3.1 ============================#
OpamSolution.Fetch_fail("https://github.com/mirage/ocaml-cohttp/releases/download/v5.3.1/cohttp-5.3.1.tbz (Curl failed: \"/usr/bin/curl --write-out %{http_code}\\\\n --retry 3 --retry-delay 2 --user-agent opam/2.2.0~rc1~dev -L -o /home/opam/.opam/4.14/.opam-switch/sources/cohttp.5.3.1/cohttp-5.3.1.tbz.part -- https://github.com/mirage/ocaml-cohttp/releases/download/v5.3.1/cohttp-5.3.1.tbz\" exited with code 6)")

#=== ERROR while fetching sources for cmdliner.1.3.0 ==========================#
OpamSolution.Fetch_fail("https://erratique.ch/software/cmdliner/releases/cmdliner-1.3.0.tbz (Curl failed: \"/usr/bin/curl --write-out %{http_code}\\\\n --retry 3 --retry-delay 2 --user-agent opam/2.2.0~rc1~dev -L -o /home/opam/.opam/4.14/.opam-switch/sources/cmdliner.1.3.0/cmdliner-1.3.0.tbz.part -- https://erratique.ch/software/cmdliner/releases/cmdliner-1.3.0.tbz\" exited with code 6)")

#=== ERROR while fetching sources for caqti.1.9.0 =============================#
OpamSolution.Fetch_fail("https://github.com/paurkedal/ocaml-caqti/releases/download/v1.9.0/caqti-v1.9.0.tbz (Curl failed: \"/usr/bin/curl --write-out %{http_code}\\\\n --retry 3 --retry-delay 2 --user-agent opam/2.2.0~rc1~dev -L -o /home/opam/.opam/4.14/.opam-switch/sources/caqti.1.9.0/caqti-v1.9.0.tbz.part -- https://github.com/paurkedal/ocaml-caqti/releases/download/v1.9.0/caqti-v1.9.0.tbz\" exited with code 6)")

#=== ERROR while fetching sources for ca-certs.0.2.3 ==========================#
OpamSolution.Fetch_fail("https://github.com/mirage/ca-certs/releases/download/v0.2.3/ca-certs-0.2.3.tbz (Curl failed: \"/usr/bin/curl --write-out %{http_code}\\\\n --retry 3 --retry-delay 2 --user-agent opam/2.2.0~rc1~dev -L -o /home/opam/.opam/4.14/.opam-switch/sources/ca-certs.0.2.3/ca-certs-0.2.3.tbz.part -- https://github.com/mirage/ca-certs/releases/download/v0.2.3/ca-certs-0.2.3.tbz\" exited with code 6)")

#=== ERROR while fetching sources for bos.0.2.1 ===============================#
OpamSolution.Fetch_fail("https://erratique.ch/software/bos/releases/bos-0.2.1.tbz (Curl failed: \"/usr/bin/curl --write-out %{http_code}\\\\n --retry 3 --retry-delay 2 --user-agent opam/2.2.0~rc1~dev -L -o /home/opam/.opam/4.14/.opam-switch/sources/bos.0.2.1/bos-0.2.1.tbz.part -- https://erratique.ch/software/bos/releases/bos-0.2.1.tbz\" exited with code 6)")

#=== ERROR while fetching sources for astring.0.8.5 ===========================#
OpamSolution.Fetch_fail("https://erratique.ch/software/astring/releases/astring-0.8.5.tbz (Curl failed: \"/usr/bin/curl --write-out %{http_code}\\\\n --retry 3 --retry-delay 2 --user-agent opam/2.2.0~rc1~dev -L -o /home/opam/.opam/4.14/.opam-switch/sources/astring.0.8.5/astring-0.8.5.tbz.part -- https://erratique.ch/software/astring/releases/astring-0.8.5.tbz\" exited with code 6)")

#=== ERROR while fetching sources for asn1-combinators.0.2.6 ==================#
OpamSolution.Fetch_fail("https://github.com/mirleft/ocaml-asn1-combinators/releases/download/v0.2.6/asn1-combinators-v0.2.6.tbz (Curl failed: \"/usr/bin/curl --write-out %{http_code}\\\\n --retry 3 --retry-delay 2 --user-agent opam/2.2.0~rc1~dev -L -o /home/opam/.opam/4.14/.opam-switch/sources/asn1-combinators.0.2.6/asn1-combinators-v0.2.6.tbz.part -- https://github.com/mirleft/ocaml-asn1-combinators/releases/download/v0.2.6/asn1-combinators-v0.2.6.tbz\" exited with code 6)")

#=== ERROR while fetching sources for alcotest.1.7.0 and alcotest-lwt.1.7.0 ===#
OpamSolution.Fetch_fail("https://github.com/mirage/alcotest/releases/download/1.7.0/alcotest-1.7.0.tbz (Curl failed: \"/usr/bin/curl --write-out %{http_code}\\\\n --retry 3 --retry-delay 2 --user-agent opam/2.2.0~rc1~dev -L -o /tmp/opam-8-72e874/alcotest-1.7.0.tbz.part -- https://github.com/mirage/alcotest/releases/download/1.7.0/alcotest-1.7.0.tbz\" exited with code 6)")


<><> Error report <><><><><><><><><><><><><><><><><><><><><><><><><><><><><><><>
+- The following actions failed
| - fetch alcotest.1.7.0, alcotest-lwt.1.7.0                                                               
| - fetch asn1-combinators                                                                                 0.2.6
| - fetch astring                                                                                          0.8.5
| - fetch bos                                                                                              0.2.1
| - fetch ca-certs                                                                                         0.2.3
| - fetch caqti                                                                                            1.9.0
| - fetch cmdliner                                                                                         1.3.0
| - fetch cohttp                                                                                           5.3.1
| - fetch cohttp-lwt.5.3.0, cohttp-lwt-unix.5.3.0                                                          
| - fetch conduit.6.2.3, conduit-lwt.6.2.3, conduit-lwt-unix.6.2.3                                         
| - fetch cstruct                                                                                          6.2.0
| - fetch digestif                                                                                         1.2.0
| - fetch eqaf                                                                                             0.9
| - fetch fmt                                                                                              0.9.0
| - fetch fpath                                                                                            0.7.3
| - fetch hkdf                                                                                             1.0.4
| - fetch ipaddr-sexp                                                                                      5.6.0
| - fetch jsonm                                                                                            1.0.2
| - fetch jwto                                                                                             0.4.0
| - fetch logs                                                                                             0.7.0
| - fetch magic-mime                                                                                       1.3.1
| - fetch mirage-crypto.0.11.3, mirage-crypto-ec.0.11.3, mirage-crypto-pk.0.11.3, mirage-crypto-rng.0.11.3 
| - fetch pbkdf                                                                                            1.2.0
| - fetch rresult                                                                                          0.7.0
| - fetch sihl-core                                                                                        0.2.1
| - fetch tls                                                                                              0.17.5
| - fetch uri-sexp                                                                                         4.4.0
| - fetch uutf                                                                                             1.0.3
| - fetch x509                                                                                             0.16.5
+- 
- No changes have been performed
# Run eval $(opam env) to update the current shell environment
'opam reinstall --with-test --verbose sihl-core.0.2.1' failed.
"/usr/bin/env" "bash" "-c" "opam reinstall --with-test --verbose sihl-core.0.2.1;
        res=$?;
        test "$res" != 31 && exit "$res";
        export OPAMCLI=2.0;
        build_dir=$(opam var prefix)/.opam-switch/build;
        failed=$(ls "$build_dir");
        partial_fails="";
        for pkg in $failed; do
          if opam show -f x-ci-accept-failures: "$pkg" | grep -qF "\"debian-12\""; then
            echo "A package failed and has been disabled for CI using the 'x-ci-accept-failures' field.";
          fi;
          test "$pkg" != 'sihl-core.0.2.1' && partial_fails="$partial_fails $pkg";
        done;
        test "${partial_fails}" != "" && echo "opam-repo-ci detected dependencies failing: ${partial_fails}";
        exit 1" failed with exit status 40
2024-07-02 13:10.56: Job failed: Failed: Build failed
2024-07-02 13:10.56: Log analysis:
2024-07-02 13:10.56: >>> 
[ERROR] Sorry, resolution of the request timed out.
 (score = 20)
2024-07-02 13:10.56: >>> 
[ERROR] Failed to get sources of alcotest.1.7.0, alcotest-lwt.1.7.0 (https://github.com/mirage/alcotest/releases/download/1.7.0/alcotest-1.7.0.tbz): Curl failed
 (score = 25)
2024-07-02 13:10.56: >>> 
[ERROR] Failed to get sources of asn1-combinators.0.2.6: Curl failed
 (score = 25)
2024-07-02 13:10.56: >>> 
[ERROR] Failed to get sources of astring.0.8.5: Curl failed
 (score = 25)
2024-07-02 13:10.56: >>> 
[ERROR] Failed to get sources of bos.0.2.1: Curl failed
 (score = 25)
2024-07-02 13:10.56: >>> 
[ERROR] Failed to get sources of ca-certs.0.2.3: Curl failed
 (score = 25)
2024-07-02 13:10.56: >>> 
[ERROR] Failed to get sources of caqti.1.9.0: Curl failed
 (score = 25)
2024-07-02 13:10.56: >>> 
[ERROR] Failed to get sources of cmdliner.1.3.0: Curl failed
 (score = 25)
2024-07-02 13:10.56: >>> 
[ERROR] Failed to get sources of cohttp.5.3.1: Curl failed
 (score = 25)
2024-07-02 13:10.56: >>> 
[ERROR] Failed to get sources of cohttp-lwt.5.3.0, cohttp-lwt-unix.5.3.0 (https://github.com/mirage/ocaml-cohttp/releases/download/v5.3.0/cohttp-5.3.0.tbz): Curl failed
 (score = 25)
2024-07-02 13:10.56: >>> 
[ERROR] Failed to get sources of conduit.6.2.3, conduit-lwt.6.2.3, conduit-lwt-unix.6.2.3 (https://github.com/mirage/ocaml-conduit/releases/download/v6.2.3/conduit-6.2.3.tbz): Curl failed
 (score = 25)
2024-07-02 13:10.56: >>> 
[ERROR] Failed to get sources of cstruct.6.2.0: Curl failed
 (score = 25)
2024-07-02 13:10.56: >>> 
[ERROR] Failed to get sources of digestif.1.2.0: Curl failed
 (score = 25)
2024-07-02 13:10.56: >>> 
[ERROR] Failed to get sources of eqaf.0.9: Curl failed
 (score = 25)
2024-07-02 13:10.56: >>> 
[ERROR] Failed to get sources of fmt.0.9.0: Curl failed
 (score = 25)
2024-07-02 13:10.56: >>> 
[ERROR] Failed to get sources of fpath.0.7.3: Curl failed
 (score = 25)
2024-07-02 13:10.56: >>> 
[ERROR] Failed to get sources of hkdf.1.0.4: Curl failed
 (score = 25)
2024-07-02 13:10.56: >>> 
[ERROR] Failed to get sources of ipaddr-sexp.5.6.0: Curl failed
 (score = 25)
2024-07-02 13:10.56: >>> 
[ERROR] Failed to get sources of jsonm.1.0.2: Curl failed
 (score = 25)
2024-07-02 13:10.56: >>> 
[ERROR] Failed to get sources of jwto.0.4.0: Curl failed
 (score = 25)
2024-07-02 13:10.56: >>> 
[ERROR] Failed to get sources of logs.0.7.0: Curl failed
 (score = 25)
2024-07-02 13:10.56: >>> 
[ERROR] Failed to get sources of magic-mime.1.3.1: Curl failed
 (score = 25)
2024-07-02 13:10.56: >>> 
[ERROR] Failed to get sources of mirage-crypto.0.11.3, mirage-crypto-ec.0.11.3, mirage-crypto-pk.0.11.3, mirage-crypto-rng.0.11.3 (https://github.com/mirage/mirage-crypto/releases/download/v0.11.3/mirage-crypto-0.11.3.tbz): Curl failed
 (score = 25)
2024-07-02 13:10.56: >>> 
[ERROR] Failed to get sources of pbkdf.1.2.0: Curl failed
 (score = 25)
2024-07-02 13:10.56: >>> 
[ERROR] Failed to get sources of rresult.0.7.0: Curl failed
 (score = 25)
2024-07-02 13:10.56: >>> 
[ERROR] Failed to get sources of sihl-core.0.2.1: Curl failed
 (score = 25)
2024-07-02 13:10.56: >>> 
[ERROR] Failed to get sources of tls.0.17.5: Curl failed
 (score = 25)
2024-07-02 13:10.56: >>> 
[ERROR] Failed to get sources of uri-sexp.4.4.0: Curl failed
 (score = 25)
2024-07-02 13:10.56: >>> 
[ERROR] Failed to get sources of uutf.1.0.3: Curl failed
 (score = 25)
2024-07-02 13:10.56: >>> 
[ERROR] Failed to get sources of x509.0.16.5: Curl failed
 (score = 25)
2024-07-02 13:10.56: Failed to get sources of alcotest.1.7.0, alcotest-lwt.1.7.0 (https://github.com/mirage/alcotest/releases/download/1.7.0/alcotest-1.7.0.tbz): Curl failed
