2024-06-27 00:17.56: New job: test x509.0.16.0 with conf-pkg-config.2, using opam dev
                              from https://github.com/ocaml/opam-repository.git#refs/pull/26130/head (82885bc8fb2da62820c32e61e034db88abf5aa69)
                              on debian-12-ocaml-4.14/amd64

To reproduce locally:

cd $(mktemp -d)
git clone --recursive "https://github.com/ocaml/opam-repository.git" && cd "opam-repository" && git fetch origin "refs/pull/26130/head" && git reset --hard 82885bc8
git fetch origin master
git merge --no-edit 9ddad6a994a06782127b199d8d2a91e93e1c2f38
cat > ../Dockerfile <<'END-OF-DOCKERFILE'
[34mFROM ocaml/opam:debian-12-ocaml-4.14@sha256:51859147d869ebd23a15922818349effc446cbbc6a0b3e0257a7859e766261b3
USER 1000:1000
WORKDIR /home/opam
RUN sudo ln -f /usr/bin/opam-dev /usr/bin/opam
RUN opam init --reinit -ni
RUN uname -rs && opam exec -- ocaml -version && opam --version
ENV OPAMDOWNLOADJOBS="1"
ENV OPAMERRLOGLEN="0"
ENV OPAMSOLVERTIMEOUT="500"
ENV OPAMPRECISETRACKING="1"
ENV CI="true"
ENV OPAM_REPO_CI="true"
RUN rm -rf opam-repository/
COPY --chown=1000:1000 . opam-repository/
RUN opam repository set-url --strict default opam-repository/
RUN opam update --depexts || true
RUN opam pin add -k version -yn conf-pkg-config.2 2
RUN opam reinstall conf-pkg-config.2; \
    res=$?; \
    test "$res" != 31 && exit "$res"; \
    export OPAMCLI=2.0; \
    build_dir=$(opam var prefix)/.opam-switch/build; \
    failed=$(ls "$build_dir"); \
    partial_fails=""; \
    for pkg in $failed; do \
    if opam show -f x-ci-accept-failures: "$pkg" | grep -qF "\"debian-12\""; then \
    echo "A package failed and has been disabled for CI using the 'x-ci-accept-failures' field."; \
    fi; \
    test "$pkg" != 'conf-pkg-config.2' && partial_fails="$partial_fails $pkg"; \
    done; \
    test "${partial_fails}" != "" && echo "opam-repo-ci detected dependencies failing: ${partial_fails}"; \
    exit 1
RUN opam reinstall x509.0.16.0; \
    res=$?; \
    test "$res" != 31 && exit "$res"; \
    export OPAMCLI=2.0; \
    build_dir=$(opam var prefix)/.opam-switch/build; \
    failed=$(ls "$build_dir"); \
    partial_fails=""; \
    for pkg in $failed; do \
    if opam show -f x-ci-accept-failures: "$pkg" | grep -qF "\"debian-12\""; then \
    echo "A package failed and has been disabled for CI using the 'x-ci-accept-failures' field."; \
    fi; \
    test "$pkg" != 'x509.0.16.0' && partial_fails="$partial_fails $pkg"; \
    done; \
    test "${partial_fails}" != "" && echo "opam-repo-ci detected dependencies failing: ${partial_fails}"; \
    exit 1
RUN (opam reinstall --with-test x509.0.16.0) || true
RUN opam reinstall --with-test --verbose x509.0.16.0; \
    res=$?; \
    test "$res" != 31 && exit "$res"; \
    export OPAMCLI=2.0; \
    build_dir=$(opam var prefix)/.opam-switch/build; \
    failed=$(ls "$build_dir"); \
    partial_fails=""; \
    for pkg in $failed; do \
    if opam show -f x-ci-accept-failures: "$pkg" | grep -qF "\"debian-12\""; then \
    echo "A package failed and has been disabled for CI using the 'x-ci-accept-failures' field."; \
    fi; \
    test "$pkg" != 'x509.0.16.0' && partial_fails="$partial_fails $pkg"; \
    done; \
    test "${partial_fails}" != "" && echo "opam-repo-ci detected dependencies failing: ${partial_fails}"; \
    exit 1
[0m
END-OF-DOCKERFILE
docker build -f ../Dockerfile .

2024-06-27 00:17.56: Using cache hint "ocaml/opam:debian-12-ocaml-4.14@sha256:51859147d869ebd23a15922818349effc446cbbc6a0b3e0257a7859e766261b3-conf-pkg-config.2-x509.0.16.0-82885bc8fb2da62820c32e61e034db88abf5aa69"
2024-06-27 00:17.56: Using OBuilder spec:
((from ocaml/opam:debian-12-ocaml-4.14@sha256:51859147d869ebd23a15922818349effc446cbbc6a0b3e0257a7859e766261b3)
 (user (uid 1000) (gid 1000))
 (workdir /home/opam)
 (run (shell "sudo ln -f /usr/bin/opam-dev /usr/bin/opam"))
 (run (network host)
      (shell "opam init --reinit --config .opamrc-sandbox -ni"))
 (run (shell "uname -rs && opam exec -- ocaml -version && opam --version"))
 (env OPAMDOWNLOADJOBS 1)
 (env OPAMERRLOGLEN 0)
 (env OPAMSOLVERTIMEOUT 500)
 (env OPAMPRECISETRACKING 1)
 (env CI true)
 (env OPAM_REPO_CI true)
 (run (shell "rm -rf opam-repository/"))
 (copy (src .) (dst opam-repository/))
 (run (shell "opam repository set-url --strict default opam-repository/"))
 (run (network host)
      (shell "opam update --depexts || true"))
 (run (shell "opam pin add -k version -yn conf-pkg-config.2 2"))
 (run (cache (opam-archives (target /home/opam/.opam/download-cache)))
      (network host)
      (shell  "opam reinstall conf-pkg-config.2;\
             \n        res=$?;\
             \n        test \"$res\" != 31 && exit \"$res\";\
             \n        export OPAMCLI=2.0;\
             \n        build_dir=$(opam var prefix)/.opam-switch/build;\
             \n        failed=$(ls \"$build_dir\");\
             \n        partial_fails=\"\";\
             \n        for pkg in $failed; do\
             \n          if opam show -f x-ci-accept-failures: \"$pkg\" | grep -qF \"\\\"debian-12\\\"\"; then\
             \n            echo \"A package failed and has been disabled for CI using the 'x-ci-accept-failures' field.\";\
             \n          fi;\
             \n          test \"$pkg\" != 'conf-pkg-config.2' && partial_fails=\"$partial_fails $pkg\";\
             \n        done;\
             \n        test \"${partial_fails}\" != \"\" && echo \"opam-repo-ci detected dependencies failing: ${partial_fails}\";\
             \n        exit 1"))
 (run (cache (opam-archives (target /home/opam/.opam/download-cache)))
      (network host)
      (shell  "opam reinstall x509.0.16.0;\
             \n        res=$?;\
             \n        test \"$res\" != 31 && exit \"$res\";\
             \n        export OPAMCLI=2.0;\
             \n        build_dir=$(opam var prefix)/.opam-switch/build;\
             \n        failed=$(ls \"$build_dir\");\
             \n        partial_fails=\"\";\
             \n        for pkg in $failed; do\
             \n          if opam show -f x-ci-accept-failures: \"$pkg\" | grep -qF \"\\\"debian-12\\\"\"; then\
             \n            echo \"A package failed and has been disabled for CI using the 'x-ci-accept-failures' field.\";\
             \n          fi;\
             \n          test \"$pkg\" != 'x509.0.16.0' && partial_fails=\"$partial_fails $pkg\";\
             \n        done;\
             \n        test \"${partial_fails}\" != \"\" && echo \"opam-repo-ci detected dependencies failing: ${partial_fails}\";\
             \n        exit 1"))
 (run (network host)
      (shell "(opam reinstall --with-test x509.0.16.0) || true"))
 (run (shell  "opam reinstall --with-test --verbose x509.0.16.0;\
             \n        res=$?;\
             \n        test \"$res\" != 31 && exit \"$res\";\
             \n        export OPAMCLI=2.0;\
             \n        build_dir=$(opam var prefix)/.opam-switch/build;\
             \n        failed=$(ls \"$build_dir\");\
             \n        partial_fails=\"\";\
             \n        for pkg in $failed; do\
             \n          if opam show -f x-ci-accept-failures: \"$pkg\" | grep -qF \"\\\"debian-12\\\"\"; then\
             \n            echo \"A package failed and has been disabled for CI using the 'x-ci-accept-failures' field.\";\
             \n          fi;\
             \n          test \"$pkg\" != 'x509.0.16.0' && partial_fails=\"$partial_fails $pkg\";\
             \n        done;\
             \n        test \"${partial_fails}\" != \"\" && echo \"opam-repo-ci detected dependencies failing: ${partial_fails}\";\
             \n        exit 1"))
)

2024-06-27 00:17.56: Waiting for resource in pool OCluster
2024-06-27 22:18.54: Waiting for workerâ€¦
2024-06-27 22:22.55: Got resource from pool OCluster
Building on doris.caelum.ci.dev
All commits already cached
Updating files:  71% (22740/31620)Updating files:  72% (22767/31620)Updating files:  73% (23083/31620)Updating files:  74% (23399/31620)Updating files:  75% (23715/31620)Updating files:  76% (24032/31620)Updating files:  77% (24348/31620)Updating files:  78% (24664/31620)Updating files:  79% (24980/31620)Updating files:  80% (25296/31620)Updating files:  81% (25613/31620)Updating files:  82% (25929/31620)Updating files:  83% (26245/31620)Updating files:  84% (26561/31620)Updating files:  85% (26877/31620)Updating files:  86% (27194/31620)Updating files:  87% (27510/31620)Updating files:  88% (27826/31620)Updating files:  89% (28142/31620)Updating files:  90% (28458/31620)Updating files:  91% (28775/31620)Updating files:  92% (29091/31620)Updating files:  93% (29407/31620)Updating files:  94% (29723/31620)Updating files:  95% (30039/31620)Updating files:  96% (30356/31620)Updating files:  97% (30672/31620)Updating files:  98% (30988/31620)Updating files:  99% (31304/31620)Updating files: 100% (31620/31620)Updating files: 100% (31620/31620), done.
HEAD is now at 9ddad6a994 Merge pull request #26147 from wintersteiger/christoph/z3-4.13.0-3
Merge made by the 'ort' strategy.
 .github/workflows/windows.yml                                 | 11 +++++++----
 packages/conf-aclocal/conf-aclocal.1.0.0/opam                 |  1 +
 packages/conf-asciidoc/conf-asciidoc.1/opam                   |  1 +
 packages/conf-cairo/conf-cairo.1/opam                         |  2 +-
 packages/conf-cmake/conf-cmake.1/opam                         |  1 +
 packages/conf-findutils/conf-findutils.1/opam                 |  1 +
 packages/conf-git/conf-git.1.0/opam                           |  4 ++++
 packages/conf-git/conf-git.1.1/opam                           |  4 ++++
 packages/conf-gtk3/conf-gtk3.18/opam                          |  2 +-
 packages/conf-gtksourceview3/conf-gtksourceview3.0+2/opam     |  1 +
 packages/conf-gtksourceview3/conf-gtksourceview3.0/opam       |  2 +-
 packages/conf-jq/conf-jq.1/opam                               |  1 +
 packages/conf-libX11/conf-libX11.1/opam                       |  2 +-
 packages/conf-libtool/conf-libtool.1/opam                     |  1 +
 .../conf-perl-ipc-system-simple.1/opam                        |  1 +
 packages/conf-pkg-config/conf-pkg-config.1.0/opam             |  1 +
 packages/conf-pkg-config/conf-pkg-config.1.1/opam             |  1 +
 packages/conf-pkg-config/conf-pkg-config.1.2/opam             |  1 +
 packages/conf-pkg-config/conf-pkg-config.1.3/opam             |  1 +
 packages/conf-pkg-config/conf-pkg-config.2/opam               |  1 +
 packages/conf-pkg-config/conf-pkg-config.3/opam               |  2 +-
 packages/conf-python-3-7/conf-python-3-7.1.0.0/opam           |  1 +
 packages/conf-python-3/conf-python-3.1.0.0/opam               |  1 +
 packages/conf-python-3/conf-python-3.9.0.0/opam               |  1 +
 packages/conf-time/conf-time.1/opam                           |  1 +
 packages/conf-zig/conf-zig.1/opam                             |  1 -
 packages/conf-zlib/conf-zlib.1/opam                           |  2 +-
 27 files changed, 38 insertions(+), 11 deletions(-)

[01;34m(from ocaml/opam:debian-12-ocaml-4.14@sha256:51859147d869ebd23a15922818349effc446cbbc6a0b3e0257a7859e766261b3)[0m
[01;2m[01;35m2024-06-27 22:23.15 ---> using "7d0037e87409e99fda0588f75b47ce776adea91ebf3f460e136466d751adef89" from cache[0m

[01;34m/: (user (uid 1000) (gid 1000))[0m

[01;34m/: (workdir /home/opam)[0m

[01;34m/home/opam: (run (shell "sudo ln -f /usr/bin/opam-dev /usr/bin/opam"))[0m
[01;2m[01;35m2024-06-27 22:23.15 ---> using "b33af19cce4ad58a445b7dfc6bf1a0dfe3b6dc622435cad5cd3b51437ac841da" from cache[0m

[01;34m/home/opam: (run (network host)
                 (shell "opam init --reinit --config .opamrc-sandbox -ni"))[0m
Configuring from /home/opam/.opamrc-sandbox, then /home/opam/.opamrc, and finally from built-in defaults.
Checking for available remotes: rsync and local, git.
  - you won't be able to use mercurial repositories unless you install the hg command on your system.
  - you won't be able to use darcs repositories unless you install the darcs command on your system.

This development version of opam requires an update to the layout of /home/opam/.opam from version 2.0 to version 2.2~beta, which can't be reverted.
You may want to back it up before going further.

Continue? [y/n] y
[NOTE] The 'jobs' option was reset, its value was 39 and its new value will vary according to the current number of cores on your machine. You can restore the fixed value using:
           opam option jobs=39 --global
Format upgrade done.

<><> Updating repositories ><><><><><><><><><><><><><><><><><><><><><><><><><><>
[default] synchronised from file:///home/opam/opam-repository
[01;2m[01;35m2024-06-27 22:23.15 ---> using "c7319748019c698ac18553450663ed54bb2835216e6158140e57acb510db4ce9" from cache[0m

[01;34m/home/opam: (run (shell "uname -rs && opam exec -- ocaml -version && opam --version"))[0m
Linux 5.15.0-112-generic
The OCaml toplevel, version 4.14.2
2.2.0~rc1~dev
[01;2m[01;35m2024-06-27 22:23.15 ---> using "6bce037bdf3a394fc38741cc54c12283f3366866d149b33203c7c3a211d4b1b9" from cache[0m

[01;34m/home/opam: (env OPAMDOWNLOADJOBS 1)[0m

[01;34m/home/opam: (env OPAMERRLOGLEN 0)[0m

[01;34m/home/opam: (env OPAMSOLVERTIMEOUT 500)[0m

[01;34m/home/opam: (env OPAMPRECISETRACKING 1)[0m

[01;34m/home/opam: (env CI true)[0m

[01;34m/home/opam: (env OPAM_REPO_CI true)[0m

[01;34m/home/opam: (run (shell "rm -rf opam-repository/"))[0m
[01;2m[01;35m2024-06-27 22:23.15 ---> using "d7e3dabd08034f666e9af626d2c2108d7ffb689867b7ba904f891ba4c067d618" from cache[0m

[01;34m/home/opam: (copy (src .) (dst opam-repository/))[0m
[01;2m[01;35m2024-06-27 22:23.16 ---> using "8e39462d8b30c99458f8e85069b70da6ca11861165fa1e4cce569d0dfd89461a" from cache[0m

[01;34m/home/opam: (run (shell "opam repository set-url --strict default opam-repository/"))[0m
[default] Initialised
[01;2m[01;35m2024-06-27 22:23.16 ---> using "eba35f0ea247a789eaeee811fdfca2d5d51a1420777fd7ed15139febeec62f0f" from cache[0m

[01;34m/home/opam: (run (network host)
                 (shell "opam update --depexts || true"))[0m
+ /usr/bin/sudo "apt-get" "update"
- Hit:1 http://deb.debian.org/debian bookworm InRelease
- Get:2 http://deb.debian.org/debian bookworm-updates InRelease [55.4 kB]
- Get:3 http://deb.debian.org/debian-security bookworm-security InRelease [48.0 kB]
- Get:4 http://deb.debian.org/debian-security bookworm-security/main amd64 Packages [164 kB]
- Fetched 267 kB in 1s (370 kB/s)
- Reading package lists...
- 
[01;2m[01;35m2024-06-27 22:23.16 ---> using "825cae4a79409bbaaa54a1aa14c0c6957f6dd7f82bd94471a36c35ce61a440e0" from cache[0m

[01;34m/home/opam: (run (shell "opam pin add -k version -yn conf-pkg-config.2 2"))[0m
conf-pkg-config is now pinned to version 2
[01;2m[01;35m2024-06-27 22:23.16 ---> using "396dea1496adbb33b1145527f36be89deec5122af51eb68374ec759c2e86b380" from cache[0m

[01;34m/home/opam: (run (cache (opam-archives (target /home/opam/.opam/download-cache)))
                 (network host)
                 (shell  "opam reinstall conf-pkg-config.2;\
                        \n        res=$?;\
                        \n        test \"$res\" != 31 && exit \"$res\";\
                        \n        export OPAMCLI=2.0;\
                        \n        build_dir=$(opam var prefix)/.opam-switch/build;\
                        \n        failed=$(ls \"$build_dir\");\
                        \n        partial_fails=\"\";\
                        \n        for pkg in $failed; do\
                        \n          if opam show -f x-ci-accept-failures: \"$pkg\" | grep -qF \"\\\"debian-12\\\"\"; then\
                        \n            echo \"A package failed and has been disabled for CI using the 'x-ci-accept-failures' field.\";\
                        \n          fi;\
                        \n          test \"$pkg\" != 'conf-pkg-config.2' && partial_fails=\"$partial_fails $pkg\";\
                        \n        done;\
                        \n        test \"${partial_fails}\" != \"\" && echo \"opam-repo-ci detected dependencies failing: ${partial_fails}\";\
                        \n        exit 1"))[0m
conf-pkg-config.2 is not installed. Install it? [y/n] y
The following actions will be performed:
=== install 1 package
  - install conf-pkg-config 2 (pinned)

The following system packages will first need to be installed:
    pkg-config

<><> Handling external dependencies <><><><><><><><><><><><><><><><><><><><><><>

opam believes some required external dependencies are missing. opam can:
> 1. Run apt-get to install them (may need root/sudo access)
  2. Display the recommended apt-get command and wait while you run it manually (e.g. in another terminal)
  3. Continue anyway, and, upon success, permanently register that this external dependency is present, but not detectable
  4. Abort the installation

[1/2/3/4] 1

+ /usr/bin/sudo "apt-get" "install" "-qq" "-yy" "pkg-config"
- debconf: delaying package configuration, since apt-utils is not installed
- Selecting previously unselected package libpkgconf3:amd64.
- (Reading database ... (Reading database ... 5%(Reading database ... 10%(Reading database ... 15%(Reading database ... 20%(Reading database ... 25%(Reading database ... 30%(Reading database ... 35%(Reading database ... 40%(Reading database ... 45%(Reading database ... 50%(Reading database ... 55%(Reading database ... 60%(Reading database ... 65%(Reading database ... 70%(Reading database ... 75%(Reading database ... 80%(Reading database ... 85%(Reading database ... 90%(Reading database ... 95%(Reading database ... 100%(Reading database ... 18735 files and directories currently installed.)
- Preparing to unpack .../libpkgconf3_1.8.1-1_amd64.deb ...
- Unpacking libpkgconf3:amd64 (1.8.1-1) ...
- Selecting previously unselected package pkgconf-bin.
- Preparing to unpack .../pkgconf-bin_1.8.1-1_amd64.deb ...
- Unpacking pkgconf-bin (1.8.1-1) ...
- Selecting previously unselected package pkgconf:amd64.
- Preparing to unpack .../pkgconf_1.8.1-1_amd64.deb ...
- Unpacking pkgconf:amd64 (1.8.1-1) ...
- Selecting previously unselected package pkg-config:amd64.
- Preparing to unpack .../pkg-config_1.8.1-1_amd64.deb ...
- Unpacking pkg-config:amd64 (1.8.1-1) ...
- Setting up libpkgconf3:amd64 (1.8.1-1) ...
- Setting up pkgconf-bin (1.8.1-1) ...
- Setting up pkgconf:amd64 (1.8.1-1) ...
- Setting up pkg-config:amd64 (1.8.1-1) ...
- Processing triggers for libc-bin (2.36-9+deb12u7) ...

<><> Processing actions <><><><><><><><><><><><><><><><><><><><><><><><><><><><>
-> installed conf-pkg-config.2
Done.
# Run eval $(opam env) to update the current shell environment
[01;2m[01;35m2024-06-27 22:23.16 ---> using "a7a12fda9eac346efd331417db48e0f770d2503862d56fa471268118de093681" from cache[0m

[01;34m/home/opam: (run (cache (opam-archives (target /home/opam/.opam/download-cache)))
                 (network host)
                 (shell  "opam reinstall x509.0.16.0;\
                        \n        res=$?;\
                        \n        test \"$res\" != 31 && exit \"$res\";\
                        \n        export OPAMCLI=2.0;\
                        \n        build_dir=$(opam var prefix)/.opam-switch/build;\
                        \n        failed=$(ls \"$build_dir\");\
                        \n        partial_fails=\"\";\
                        \n        for pkg in $failed; do\
                        \n          if opam show -f x-ci-accept-failures: \"$pkg\" | grep -qF \"\\\"debian-12\\\"\"; then\
                        \n            echo \"A package failed and has been disabled for CI using the 'x-ci-accept-failures' field.\";\
                        \n          fi;\
                        \n          test \"$pkg\" != 'x509.0.16.0' && partial_fails=\"$partial_fails $pkg\";\
                        \n        done;\
                        \n        test \"${partial_fails}\" != \"\" && echo \"opam-repo-ci detected dependencies failing: ${partial_fails}\";\
                        \n        exit 1"))[0m
x509.0.16.0 is not installed. Install it? [y/n] y
The following actions will be performed:
=== install 28 packages
  - install asn1-combinators  0.2.6   [required by x509]
  - install base64            3.5.1   [required by x509]
  - install conf-gmp          4       [required by zarith, conf-gmp-powm-sec]
  - install conf-gmp-powm-sec 3       [required by mirage-crypto-pk]
  - install csexp             1.5.2   [required by dune-configurator]
  - install cstruct           6.2.0   [required by x509]
  - install domain-name       0.4.0   [required by x509]
  - install dune              3.16.0  [required by x509]
  - install dune-configurator 3.16.0  [required by mirage-crypto, mirage-crypto-ec]
  - install duration          0.2.1   [required by mirage-crypto-rng]
  - install eqaf              0.9     [required by mirage-crypto-ec, mirage-crypto, mirage-crypto-pk]
  - install fmt               0.9.0   [required by x509]
  - install gmap              0.3.0   [required by x509]
  - install ipaddr            5.6.0   [required by x509]
  - install logs              0.7.0   [required by x509]
  - install macaddr           5.6.0   [required by ipaddr]
  - install mirage-crypto     0.11.3  [required by x509]
  - install mirage-crypto-ec  0.11.3  [required by x509]
  - install mirage-crypto-pk  0.11.3  [required by x509]
  - install mirage-crypto-rng 0.11.3  [required by x509]
  - install ocamlbuild        0.14.3  [required by logs]
  - install ocamlfind         1.9.6   [required by logs]
  - install pbkdf             1.2.0   [required by x509]
  - install ptime             1.1.0   [required by x509]
  - install sexplib0          v0.17.0 [required by mirage-crypto-pk]
  - install topkg             1.0.7   [required by logs]
  - install x509              0.16.0
  - install zarith            1.13    [required by asn1-combinators, mirage-crypto-pk]

The following system packages will first need to be installed:
    libgmp-dev

<><> Handling external dependencies <><><><><><><><><><><><><><><><><><><><><><>

opam believes some required external dependencies are missing. opam can:
> 1. Run apt-get to install them (may need root/sudo access)
  2. Display the recommended apt-get command and wait while you run it manually (e.g. in another terminal)
  3. Continue anyway, and, upon success, permanently register that this external dependency is present, but not detectable
  4. Abort the installation

[1/2/3/4] 1

+ /usr/bin/sudo "apt-get" "install" "-qq" "-yy" "libgmp-dev"
- debconf: delaying package configuration, since apt-utils is not installed
- Selecting previously unselected package libgmpxx4ldbl:amd64.
- (Reading database ... (Reading database ... 5%(Reading database ... 10%(Reading database ... 15%(Reading database ... 20%(Reading database ... 25%(Reading database ... 30%(Reading database ... 35%(Reading database ... 40%(Reading database ... 45%(Reading database ... 50%(Reading database ... 55%(Reading database ... 60%(Reading database ... 65%(Reading database ... 70%(Reading database ... 75%(Reading database ... 80%(Reading database ... 85%(Reading database ... 90%(Reading database ... 95%(Reading database ... 100%(Reading database ... 18771 files and directories currently installed.)
- Preparing to unpack .../libgmpxx4ldbl_2%3a6.2.1+dfsg1-1.1_amd64.deb ...
- Unpacking libgmpxx4ldbl:amd64 (2:6.2.1+dfsg1-1.1) ...
- Selecting previously unselected package libgmp-dev:amd64.
- Preparing to unpack .../libgmp-dev_2%3a6.2.1+dfsg1-1.1_amd64.deb ...
- Unpacking libgmp-dev:amd64 (2:6.2.1+dfsg1-1.1) ...
- Setting up libgmpxx4ldbl:amd64 (2:6.2.1+dfsg1-1.1) ...
- Setting up libgmp-dev:amd64 (2:6.2.1+dfsg1-1.1) ...
- Processing triggers for libc-bin (2.36-9+deb12u7) ...

<><> Processing actions <><><><><><><><><><><><><><><><><><><><><><><><><><><><>
-> retrieved asn1-combinators.0.2.6  (cached)
-> retrieved base64.3.5.1  (cached)
-> retrieved conf-gmp.4  (cached)
-> retrieved conf-gmp-powm-sec.3  (cached)
-> retrieved csexp.1.5.2  (cached)
-> retrieved cstruct.6.2.0  (cached)
-> retrieved domain-name.0.4.0  (cached)
-> installed conf-gmp.4
-> installed conf-gmp-powm-sec.3
-> retrieved dune.3.16.0, dune-configurator.3.16.0  (cached)
-> retrieved duration.0.2.1  (cached)
-> retrieved eqaf.0.9  (cached)
-> retrieved fmt.0.9.0  (cached)
-> retrieved gmap.0.3.0  (cached)
-> retrieved ipaddr.5.6.0, macaddr.5.6.0  (cached)
-> retrieved logs.0.7.0  (cached)
-> retrieved mirage-crypto.0.11.3, mirage-crypto-ec.0.11.3, mirage-crypto-pk.0.11.3, mirage-crypto-rng.0.11.3  (cached)
-> retrieved ocamlbuild.0.14.3  (cached)
-> retrieved ocamlfind.1.9.6  (cached)
-> retrieved pbkdf.1.2.0  (cached)
-> retrieved ptime.1.1.0  (cached)
-> retrieved sexplib0.v0.17.0  (cached)
-> retrieved topkg.1.0.7  (cached)
-> retrieved x509.0.16.0  (cached)
-> retrieved zarith.1.13  (cached)
-> installed ocamlfind.1.9.6
-> installed ocamlbuild.0.14.3
-> installed zarith.1.13
-> installed topkg.1.0.7
-> installed fmt.0.9.0
-> installed ptime.1.1.0
-> installed logs.0.7.0
-> installed dune.3.16.0
-> installed duration.0.2.1
-> installed csexp.1.5.2
-> installed base64.3.5.1
-> installed cstruct.6.2.0
-> installed domain-name.0.4.0
-> installed gmap.0.3.0
-> installed macaddr.5.6.0
-> installed sexplib0.v0.17.0
-> installed eqaf.0.9
-> installed ipaddr.5.6.0
-> installed asn1-combinators.0.2.6
-> installed dune-configurator.3.16.0
-> installed mirage-crypto.0.11.3
-> installed pbkdf.1.2.0
-> installed mirage-crypto-rng.0.11.3
-> installed mirage-crypto-pk.0.11.3
-> installed mirage-crypto-ec.0.11.3
-> installed x509.0.16.0
Done.
# Run eval $(opam env) to update the current shell environment
[01;2m[01;35m2024-06-27 22:24.03 ---> saved as "a997ea0614a57dfd127feca5b79da91f557e173f445bad50f12671e567d85723"[0m

[01;34m/home/opam: (run (network host)
                 (shell "(opam reinstall --with-test x509.0.16.0) || true"))[0m
[ERROR] Sorry, resolution of the request timed out.
        Try to specify a more precise request, use a different solver, or increase the allowed time by setting OPAMSOLVERTIMEOUT to a bigger value (currently, it is set to 500.0 seconds).
[01;2m[01;35m2024-06-27 22:32.33 ---> saved as "e9e4f0dbdc57e1789f7bc15eae6e5a56803c7c38a0c49360b3067bac982bb670"[0m

[01;34m/home/opam: (run (shell  "opam reinstall --with-test --verbose x509.0.16.0;\
                        \n        res=$?;\
                        \n        test \"$res\" != 31 && exit \"$res\";\
                        \n        export OPAMCLI=2.0;\
                        \n        build_dir=$(opam var prefix)/.opam-switch/build;\
                        \n        failed=$(ls \"$build_dir\");\
                        \n        partial_fails=\"\";\
                        \n        for pkg in $failed; do\
                        \n          if opam show -f x-ci-accept-failures: \"$pkg\" | grep -qF \"\\\"debian-12\\\"\"; then\
                        \n            echo \"A package failed and has been disabled for CI using the 'x-ci-accept-failures' field.\";\
                        \n          fi;\
                        \n          test \"$pkg\" != 'x509.0.16.0' && partial_fails=\"$partial_fails $pkg\";\
                        \n        done;\
                        \n        test \"${partial_fails}\" != \"\" && echo \"opam-repo-ci detected dependencies failing: ${partial_fails}\";\
                        \n        exit 1"))[0m
The following actions will be performed:
=== downgrade 4 packages
  - downgrade mirage-crypto     0.11.3 to 0.10.7 [required by x509]
  - downgrade mirage-crypto-ec  0.11.3 to 0.10.7 [required by x509]
  - downgrade mirage-crypto-pk  0.11.3 to 0.10.7 [required by x509]
  - downgrade mirage-crypto-rng 0.11.3 to 0.10.7 [required by x509]
=== recompile 7 packages
  - recompile asn1-combinators  0.2.6            [uses cstruct]
  - recompile cstruct           6.2.0            [uses fmt]
  - recompile eqaf              0.9              [uses cstruct]
  - recompile fmt               0.9.0            [uses cmdliner]
  - recompile logs              0.7.0            [uses lwt]
  - recompile pbkdf             1.2.0            [uses mirage-crypto]
  - recompile x509              0.16.0
=== install 14 packages
  - install   alcotest          1.0.1            [required by x509]
  - install   astring           0.8.5            [required by alcotest]
  - install   base-bytes        base             [required by ocplib-endian]
  - install   cmdliner          1.3.0            [required by alcotest]
  - install   cppo              1.6.8            [required by lwt]
  - install   cstruct-unix      6.2.0            [required by x509]
  - install   lwt               5.7.0            [required by mirage-crypto-rng]
  - install   mirage-runtime    4.5.1            [required by mirage-crypto-pk]
  - install   mtime             2.0.0            [required by mirage-crypto-rng]
  - install   ocplib-endian     1.2              [required by lwt]
  - install   re                1.11.0           [required by alcotest]
  - install   seq               base             [required by re]
  - install   stdlib-shims      0.3.0            [required by alcotest]
  - install   uuidm             0.9.8            [required by alcotest]

<><> Processing actions <><><><><><><><><><><><><><><><><><><><><><><><><><><><>
Processing  1/82: [alcotest.1.0.1: http]
[ERROR] Failed to get sources of alcotest.1.0.1: Curl failed
Processing  2/82: [asn1-combinators.0.2.6: http]
[ERROR] Failed to get sources of asn1-combinators.0.2.6: Curl failed
Processing  3/82: [astring.0.8.5: http]
[ERROR] Failed to get sources of astring.0.8.5: Curl failed
Processing  5/82: [cmdliner.1.3.0: http]
Processing  6/82: [cmdliner.1.3.0: http]
Processing  7/82: [cmdliner.1.3.0: http]
Processing  8/82: [cmdliner.1.3.0: http]
-> installed base-bytes.base
Processing  9/82: [cmdliner.1.3.0: http]
[ERROR] Failed to get sources of cmdliner.1.3.0: Curl failed
Processing 10/82: [cppo.1.6.8: http]
Processing 11/82: [cppo.1.6.8: http]
Processing 12/82: [cppo.1.6.8: http]
[ERROR] Failed to get sources of cppo.1.6.8: Curl failed
Processing 13/82: [cstruct.6.2.0, cstruct-unix.6.2.0: http]
Processing 14/82: [cstruct.6.2.0, cstruct-unix.6.2.0: http]
Processing 15/82: [cstruct.6.2.0, cstruct-unix.6.2.0: http]
[ERROR] Failed to get sources of cstruct.6.2.0, cstruct-unix.6.2.0 (https://github.com/mirage/ocaml-cstruct/releases/download/v6.2.0/cstruct-6.2.0.tbz): Curl failed
Processing 16/82: [eqaf.0.9: http]
[ERROR] Failed to get sources of eqaf.0.9: Curl failed
Processing 17/82: [fmt.0.9.0: http]
[ERROR] Failed to get sources of fmt.0.9.0: Curl failed
Processing 18/82: [logs.0.7.0: http]
Processing 19/82: [logs.0.7.0: http]
[ERROR] Failed to get sources of logs.0.7.0: Curl failed
Processing 20/82: [lwt.5.7.0: http]
[ERROR] Failed to get sources of lwt.5.7.0: Curl failed
Processing 21/82: [mirage-crypto.0.10.7, mirage-crypto-ec.0.10.7, mirage-crypto-pk.0.10.7, mirage-crypto-rng.0.10.7: http]
[ERROR] Failed to get sources of mirage-crypto.0.10.7, mirage-crypto-ec.0.10.7, mirage-crypto-pk.0.10.7, mirage-crypto-rng.0.10.7 (https://github.com/mirage/mirage-crypto/releases/download/v0.10.7/mirage-crypto-0.10.7.tbz): Curl failed
Processing 22/82: [mirage-runtime.4.5.1: http]
[ERROR] Failed to get sources of mirage-runtime.4.5.1: Curl failed
Processing 23/82: [mtime.2.0.0: http]
[ERROR] Failed to get sources of mtime.2.0.0: Curl failed
Processing 24/82: [ocplib-endian.1.2: http]
Processing 25/82: [ocplib-endian.1.2: http]
Processing 26/82: [ocplib-endian.1.2: http]
[ERROR] Failed to get sources of ocplib-endian.1.2: Curl failed
Processing 27/82: [pbkdf.1.2.0: http]
Processing 28/82: [pbkdf.1.2.0: http]
Processing 29/82: [pbkdf.1.2.0: http]
Processing 30/82: [pbkdf.1.2.0: http]
Processing 31/82: [pbkdf.1.2.0: http]
[ERROR] Failed to get sources of pbkdf.1.2.0: Curl failed
Processing 32/82: [re.1.11.0: http]
[ERROR] Failed to get sources of re.1.11.0: Curl failed
Processing 33/82: [seq.base/META.seq: dl]
[ERROR] Failed to get extra source "META.seq" of seq.base: Curl failed
Processing 34/82: [stdlib-shims.0.3.0: http]
Processing 35/82: [stdlib-shims.0.3.0: http]
Processing 36/82: [stdlib-shims.0.3.0: http]
Processing 37/82: [stdlib-shims.0.3.0: http]
Processing 38/82: [stdlib-shims.0.3.0: http]
[ERROR] Failed to get sources of stdlib-shims.0.3.0: Curl failed
Processing 39/82: [uuidm.0.9.8: http]
Processing 40/82: [uuidm.0.9.8: http]
Processing 41/82: [uuidm.0.9.8: http]
[ERROR] Failed to get sources of uuidm.0.9.8: Curl failed
Processing 42/82: [x509.0.16.0: http]
Processing 43/82: [x509.0.16.0: http]
Processing 44/82: [x509.0.16.0: http]
[ERROR] Failed to get sources of x509.0.16.0: Curl failed

#=== ERROR while fetching sources for x509.0.16.0 =============================#
OpamSolution.Fetch_fail("https://github.com/mirleft/ocaml-x509/releases/download/v0.16.0/x509-0.16.0.tbz (Curl failed: \"/usr/bin/curl --write-out %{http_code}\\\\n --retry 3 --retry-delay 2 --user-agent opam/2.2.0~rc1~dev -L -o /home/opam/.opam/4.14/.opam-switch/sources/x509.0.16.0/x509-0.16.0.tbz.part -- https://github.com/mirleft/ocaml-x509/releases/download/v0.16.0/x509-0.16.0.tbz\" exited with code 6)")

#=== ERROR while fetching sources for uuidm.0.9.8 =============================#
OpamSolution.Fetch_fail("https://erratique.ch/software/uuidm/releases/uuidm-0.9.8.tbz (Curl failed: \"/usr/bin/curl --write-out %{http_code}\\\\n --retry 3 --retry-delay 2 --user-agent opam/2.2.0~rc1~dev -L -o /home/opam/.opam/4.14/.opam-switch/sources/uuidm.0.9.8/uuidm-0.9.8.tbz.part -- https://erratique.ch/software/uuidm/releases/uuidm-0.9.8.tbz\" exited with code 6)")

#=== ERROR while fetching sources for stdlib-shims.0.3.0 ======================#
OpamSolution.Fetch_fail("https://github.com/ocaml/stdlib-shims/releases/download/0.3.0/stdlib-shims-0.3.0.tbz (Curl failed: \"/usr/bin/curl --write-out %{http_code}\\\\n --retry 3 --retry-delay 2 --user-agent opam/2.2.0~rc1~dev -L -o /home/opam/.opam/4.14/.opam-switch/sources/stdlib-shims.0.3.0/stdlib-shims-0.3.0.tbz.part -- https://github.com/ocaml/stdlib-shims/releases/download/0.3.0/stdlib-shims-0.3.0.tbz\" exited with code 6)")

#=== ERROR while fetching sources for seq.base ================================#
OpamSolution.Fetch_fail("https://raw.githubusercontent.com/ocaml/opam-source-archives/main/patches/seq/META.seq (Curl failed: \"/usr/bin/curl --write-out %{http_code}\\\\n --retry 3 --retry-delay 2 --user-agent opam/2.2.0~rc1~dev -L -o /tmp/opam-7-cca622/META.seq.part -- https://raw.githubusercontent.com/ocaml/opam-source-archives/main/patches/seq/META.seq\" exited with code 6)")

#=== ERROR while fetching sources for re.1.11.0 ===============================#
OpamSolution.Fetch_fail("https://github.com/ocaml/ocaml-re/releases/download/1.11.0/re-1.11.0.tbz (Curl failed: \"/usr/bin/curl --write-out %{http_code}\\\\n --retry 3 --retry-delay 2 --user-agent opam/2.2.0~rc1~dev -L -o /home/opam/.opam/4.14/.opam-switch/sources/re.1.11.0/re-1.11.0.tbz.part -- https://github.com/ocaml/ocaml-re/releases/download/1.11.0/re-1.11.0.tbz\" exited with code 6)")

#=== ERROR while fetching sources for pbkdf.1.2.0 =============================#
OpamSolution.Fetch_fail("https://github.com/abeaumont/ocaml-pbkdf/archive/1.2.0.tar.gz (Curl failed: \"/usr/bin/curl --write-out %{http_code}\\\\n --retry 3 --retry-delay 2 --user-agent opam/2.2.0~rc1~dev -L -o /home/opam/.opam/4.14/.opam-switch/sources/pbkdf.1.2.0/1.2.0.tar.gz.part -- https://github.com/abeaumont/ocaml-pbkdf/archive/1.2.0.tar.gz\" exited with code 6)")

#=== ERROR while fetching sources for ocplib-endian.1.2 =======================#
OpamSolution.Fetch_fail("https://github.com/OCamlPro/ocplib-endian/archive/refs/tags/1.2.tar.gz (Curl failed: \"/usr/bin/curl --write-out %{http_code}\\\\n --retry 3 --retry-delay 2 --user-agent opam/2.2.0~rc1~dev -L -o /home/opam/.opam/4.14/.opam-switch/sources/ocplib-endian.1.2/1.2.tar.gz.part -- https://github.com/OCamlPro/ocplib-endian/archive/refs/tags/1.2.tar.gz\" exited with code 6)")

#=== ERROR while fetching sources for mtime.2.0.0 =============================#
OpamSolution.Fetch_fail("https://erratique.ch/software/mtime/releases/mtime-2.0.0.tbz (Curl failed: \"/usr/bin/curl --write-out %{http_code}\\\\n --retry 3 --retry-delay 2 --user-agent opam/2.2.0~rc1~dev -L -o /home/opam/.opam/4.14/.opam-switch/sources/mtime.2.0.0/mtime-2.0.0.tbz.part -- https://erratique.ch/software/mtime/releases/mtime-2.0.0.tbz\" exited with code 6)")

#=== ERROR while fetching sources for mirage-runtime.4.5.1 ====================#
OpamSolution.Fetch_fail("https://github.com/mirage/mirage/releases/download/v4.5.1/mirage-4.5.1.tbz (Curl failed: \"/usr/bin/curl --write-out %{http_code}\\\\n --retry 3 --retry-delay 2 --user-agent opam/2.2.0~rc1~dev -L -o /home/opam/.opam/4.14/.opam-switch/sources/mirage-runtime.4.5.1/mirage-4.5.1.tbz.part -- https://github.com/mirage/mirage/releases/download/v4.5.1/mirage-4.5.1.tbz\" exited with code 6)")

#=== ERROR while fetching sources for mirage-crypto.0.10.7, mirage-crypto-ec.0.10.7, mirage-crypto-pk.0.10.7 and mirage-crypto-rng.0.10.7 
OpamSolution.Fetch_fail("https://github.com/mirage/mirage-crypto/releases/download/v0.10.7/mirage-crypto-0.10.7.tbz (Curl failed: \"/usr/bin/curl --write-out %{http_code}\\\\n --retry 3 --retry-delay 2 --user-agent opam/2.2.0~rc1~dev -L -o /tmp/opam-7-85018f/mirage-crypto-0.10.7.tbz.part -- https://github.com/mirage/mirage-crypto/releases/download/v0.10.7/mirage-crypto-0.10.7.tbz\" exited with code 6)")

#=== ERROR while fetching sources for lwt.5.7.0 ===============================#
OpamSolution.Fetch_fail("https://github.com/ocsigen/lwt/archive/refs/tags/5.7.0.tar.gz (Curl failed: \"/usr/bin/curl --write-out %{http_code}\\\\n --retry 3 --retry-delay 2 --user-agent opam/2.2.0~rc1~dev -L -o /home/opam/.opam/4.14/.opam-switch/sources/lwt.5.7.0/5.7.0.tar.gz.part -- https://github.com/ocsigen/lwt/archive/refs/tags/5.7.0.tar.gz\" exited with code 6)")

#=== ERROR while fetching sources for logs.0.7.0 ==============================#
OpamSolution.Fetch_fail("https://erratique.ch/software/logs/releases/logs-0.7.0.tbz (Curl failed: \"/usr/bin/curl --write-out %{http_code}\\\\n --retry 3 --retry-delay 2 --user-agent opam/2.2.0~rc1~dev -L -o /home/opam/.opam/4.14/.opam-switch/sources/logs.0.7.0/logs-0.7.0.tbz.part -- https://erratique.ch/software/logs/releases/logs-0.7.0.tbz\" exited with code 6)")

#=== ERROR while fetching sources for fmt.0.9.0 ===============================#
OpamSolution.Fetch_fail("https://erratique.ch/software/fmt/releases/fmt-0.9.0.tbz (Curl failed: \"/usr/bin/curl --write-out %{http_code}\\\\n --retry 3 --retry-delay 2 --user-agent opam/2.2.0~rc1~dev -L -o /home/opam/.opam/4.14/.opam-switch/sources/fmt.0.9.0/fmt-0.9.0.tbz.part -- https://erratique.ch/software/fmt/releases/fmt-0.9.0.tbz\" exited with code 6)")

#=== ERROR while fetching sources for eqaf.0.9 ================================#
OpamSolution.Fetch_fail("https://github.com/mirage/eqaf/releases/download/v0.9/eqaf-0.9.tbz (Curl failed: \"/usr/bin/curl --write-out %{http_code}\\\\n --retry 3 --retry-delay 2 --user-agent opam/2.2.0~rc1~dev -L -o /home/opam/.opam/4.14/.opam-switch/sources/eqaf.0.9/eqaf-0.9.tbz.part -- https://github.com/mirage/eqaf/releases/download/v0.9/eqaf-0.9.tbz\" exited with code 6)")

#=== ERROR while fetching sources for cstruct.6.2.0 and cstruct-unix.6.2.0 ====#
OpamSolution.Fetch_fail("https://github.com/mirage/ocaml-cstruct/releases/download/v6.2.0/cstruct-6.2.0.tbz (Curl failed: \"/usr/bin/curl --write-out %{http_code}\\\\n --retry 3 --retry-delay 2 --user-agent opam/2.2.0~rc1~dev -L -o /tmp/opam-7-d4ebd5/cstruct-6.2.0.tbz.part -- https://github.com/mirage/ocaml-cstruct/releases/download/v6.2.0/cstruct-6.2.0.tbz\" exited with code 6)")

#=== ERROR while fetching sources for cppo.1.6.8 ==============================#
OpamSolution.Fetch_fail("https://github.com/ocaml-community/cppo/archive/v1.6.8.tar.gz (Curl failed: \"/usr/bin/curl --write-out %{http_code}\\\\n --retry 3 --retry-delay 2 --user-agent opam/2.2.0~rc1~dev -L -o /home/opam/.opam/4.14/.opam-switch/sources/cppo.1.6.8/v1.6.8.tar.gz.part -- https://github.com/ocaml-community/cppo/archive/v1.6.8.tar.gz\" exited with code 6)")

#=== ERROR while fetching sources for cmdliner.1.3.0 ==========================#
OpamSolution.Fetch_fail("https://erratique.ch/software/cmdliner/releases/cmdliner-1.3.0.tbz (Curl failed: \"/usr/bin/curl --write-out %{http_code}\\\\n --retry 3 --retry-delay 2 --user-agent opam/2.2.0~rc1~dev -L -o /home/opam/.opam/4.14/.opam-switch/sources/cmdliner.1.3.0/cmdliner-1.3.0.tbz.part -- https://erratique.ch/software/cmdliner/releases/cmdliner-1.3.0.tbz\" exited with code 6)")

#=== ERROR while fetching sources for astring.0.8.5 ===========================#
OpamSolution.Fetch_fail("https://erratique.ch/software/astring/releases/astring-0.8.5.tbz (Curl failed: \"/usr/bin/curl --write-out %{http_code}\\\\n --retry 3 --retry-delay 2 --user-agent opam/2.2.0~rc1~dev -L -o /home/opam/.opam/4.14/.opam-switch/sources/astring.0.8.5/astring-0.8.5.tbz.part -- https://erratique.ch/software/astring/releases/astring-0.8.5.tbz\" exited with code 6)")

#=== ERROR while fetching sources for asn1-combinators.0.2.6 ==================#
OpamSolution.Fetch_fail("https://github.com/mirleft/ocaml-asn1-combinators/releases/download/v0.2.6/asn1-combinators-v0.2.6.tbz (Curl failed: \"/usr/bin/curl --write-out %{http_code}\\\\n --retry 3 --retry-delay 2 --user-agent opam/2.2.0~rc1~dev -L -o /home/opam/.opam/4.14/.opam-switch/sources/asn1-combinators.0.2.6/asn1-combinators-v0.2.6.tbz.part -- https://github.com/mirleft/ocaml-asn1-combinators/releases/download/v0.2.6/asn1-combinators-v0.2.6.tbz\" exited with code 6)")

#=== ERROR while fetching sources for alcotest.1.0.1 ==========================#
OpamSolution.Fetch_fail("https://github.com/mirage/alcotest/releases/download/1.0.1/alcotest-1.0.1.tbz (Curl failed: \"/usr/bin/curl --write-out %{http_code}\\\\n --retry 3 --retry-delay 2 --user-agent opam/2.2.0~rc1~dev -L -o /home/opam/.opam/4.14/.opam-switch/sources/alcotest.1.0.1/alcotest-1.0.1.tbz.part -- https://github.com/mirage/alcotest/releases/download/1.0.1/alcotest-1.0.1.tbz\" exited with code 6)")


<><> Error report <><><><><><><><><><><><><><><><><><><><><><><><><><><><><><><>
+- The following actions were aborted
| - remove mirage-crypto     0.11.3
| - remove mirage-crypto-ec  0.11.3
| - remove mirage-crypto-pk  0.11.3
| - remove mirage-crypto-rng 0.11.3
+- 
+- The following actions failed
| - fetch alcotest                                                                                         1.0.1
| - fetch asn1-combinators                                                                                 0.2.6
| - fetch astring                                                                                          0.8.5
| - fetch cmdliner                                                                                         1.3.0
| - fetch cppo                                                                                             1.6.8
| - fetch cstruct.6.2.0, cstruct-unix.6.2.0                                                                
| - fetch eqaf                                                                                             0.9
| - fetch fmt                                                                                              0.9.0
| - fetch logs                                                                                             0.7.0
| - fetch lwt                                                                                              5.7.0
| - fetch mirage-crypto.0.10.7, mirage-crypto-ec.0.10.7, mirage-crypto-pk.0.10.7, mirage-crypto-rng.0.10.7 
| - fetch mirage-runtime                                                                                   4.5.1
| - fetch mtime                                                                                            2.0.0
| - fetch ocplib-endian                                                                                    1.2
| - fetch pbkdf                                                                                            1.2.0
| - fetch re                                                                                               1.11.0
| - fetch seq                                                                                              base
| - fetch stdlib-shims                                                                                     0.3.0
| - fetch uuidm                                                                                            0.9.8
| - fetch x509                                                                                             0.16.0
+- 
+- The following changes have been performed (the rest was aborted)
| - install base-bytes base
+- 
# Run eval $(opam env) to update the current shell environment

The former state can be restored with:
    /usr/bin/opam switch import "/home/opam/.opam/4.14/.opam-switch/backup/state-20240627223234.export"
'opam reinstall --with-test --verbose x509.0.16.0' failed.
"/usr/bin/env" "bash" "-c" "opam reinstall --with-test --verbose x509.0.16.0;
        res=$?;
        test "$res" != 31 && exit "$res";
        export OPAMCLI=2.0;
        build_dir=$(opam var prefix)/.opam-switch/build;
        failed=$(ls "$build_dir");
        partial_fails="";
        for pkg in $failed; do
          if opam show -f x-ci-accept-failures: "$pkg" | grep -qF "\"debian-12\""; then
            echo "A package failed and has been disabled for CI using the 'x-ci-accept-failures' field.";
          fi;
          test "$pkg" != 'x509.0.16.0' && partial_fails="$partial_fails $pkg";
        done;
        test "${partial_fails}" != "" && echo "opam-repo-ci detected dependencies failing: ${partial_fails}";
        exit 1" failed with exit status 40
2024-06-27 22:42.16: Job failed: Failed: Build failed
2024-06-27 22:42.16: Log analysis:
2024-06-27 22:42.16: >>> 
[ERROR] Sorry, resolution of the request timed out.
 (score = 20)
2024-06-27 22:42.16: >>> 
[ERROR] Failed to get sources of alcotest.1.0.1: Curl failed
 (score = 25)
2024-06-27 22:42.16: >>> 
[ERROR] Failed to get sources of asn1-combinators.0.2.6: Curl failed
 (score = 25)
2024-06-27 22:42.16: >>> 
[ERROR] Failed to get sources of astring.0.8.5: Curl failed
 (score = 25)
2024-06-27 22:42.16: >>> 
[ERROR] Failed to get sources of cmdliner.1.3.0: Curl failed
 (score = 25)
2024-06-27 22:42.16: >>> 
[ERROR] Failed to get sources of cppo.1.6.8: Curl failed
 (score = 25)
2024-06-27 22:42.16: >>> 
[ERROR] Failed to get sources of cstruct.6.2.0, cstruct-unix.6.2.0 (https://github.com/mirage/ocaml-cstruct/releases/download/v6.2.0/cstruct-6.2.0.tbz): Curl failed
 (score = 25)
2024-06-27 22:42.16: >>> 
[ERROR] Failed to get sources of eqaf.0.9: Curl failed
 (score = 25)
2024-06-27 22:42.16: >>> 
[ERROR] Failed to get sources of fmt.0.9.0: Curl failed
 (score = 25)
2024-06-27 22:42.16: >>> 
[ERROR] Failed to get sources of logs.0.7.0: Curl failed
 (score = 25)
2024-06-27 22:42.16: >>> 
[ERROR] Failed to get sources of lwt.5.7.0: Curl failed
 (score = 25)
2024-06-27 22:42.16: >>> 
[ERROR] Failed to get sources of mirage-crypto.0.10.7, mirage-crypto-ec.0.10.7, mirage-crypto-pk.0.10.7, mirage-crypto-rng.0.10.7 (https://github.com/mirage/mirage-crypto/releases/download/v0.10.7/mirage-crypto-0.10.7.tbz): Curl failed
 (score = 25)
2024-06-27 22:42.16: >>> 
[ERROR] Failed to get sources of mirage-runtime.4.5.1: Curl failed
 (score = 25)
2024-06-27 22:42.16: >>> 
[ERROR] Failed to get sources of mtime.2.0.0: Curl failed
 (score = 25)
2024-06-27 22:42.16: >>> 
[ERROR] Failed to get sources of ocplib-endian.1.2: Curl failed
 (score = 25)
2024-06-27 22:42.16: >>> 
[ERROR] Failed to get sources of pbkdf.1.2.0: Curl failed
 (score = 25)
2024-06-27 22:42.16: >>> 
[ERROR] Failed to get sources of re.1.11.0: Curl failed
 (score = 25)
2024-06-27 22:42.16: >>> 
[ERROR] Failed to get extra source "META.seq" of seq.base: Curl failed
 (score = 20)
2024-06-27 22:42.16: >>> 
[ERROR] Failed to get sources of stdlib-shims.0.3.0: Curl failed
 (score = 25)
2024-06-27 22:42.16: >>> 
[ERROR] Failed to get sources of uuidm.0.9.8: Curl failed
 (score = 25)
2024-06-27 22:42.16: >>> 
[ERROR] Failed to get sources of x509.0.16.0: Curl failed
 (score = 25)
2024-06-27 22:42.16: Failed to get sources of alcotest.1.0.1: Curl failed
