2024-05-23 09:28.43: New job: test sihl-core.0.2.1 with ppx_deriving_yojson.3.8.0, using opam dev
                              from https://github.com/ocaml/opam-repository.git#refs/pull/25720/head (80edbe55b62f6a3566fc08058bcdb223763d2ea1)
                              on debian-12-ocaml-4.14/amd64

To reproduce locally:

cd $(mktemp -d)
git clone --recursive "https://github.com/ocaml/opam-repository.git" && cd "opam-repository" && git fetch origin "refs/pull/25720/head" && git reset --hard 80edbe55
git fetch origin master
git merge --no-edit 8907d75af817bb5596ec76be769cd0451b41a326
cat > ../Dockerfile <<'END-OF-DOCKERFILE'
[34mFROM ocaml/opam:debian-12-ocaml-4.14@sha256:575952ac1a1b71568d969fe2b9788c1516c1252dda6ccffdc995036cc8cc9e3b
USER 1000:1000
WORKDIR /home/opam
RUN sudo ln -f /usr/bin/opam-dev /usr/bin/opam
RUN opam init --reinit -ni
RUN uname -rs && opam exec -- ocaml -version && opam --version
ENV OPAMDOWNLOADJOBS="1"
ENV OPAMERRLOGLEN="0"
ENV OPAMSOLVERTIMEOUT="500"
ENV OPAMPRECISETRACKING="1"
ENV CI="true"
ENV OPAM_REPO_CI="true"
RUN rm -rf opam-repository/
COPY --chown=1000:1000 . opam-repository/
RUN opam repository set-url --strict default opam-repository/
RUN opam update --depexts || true
RUN opam pin add -k version -yn ppx_deriving_yojson.3.8.0 3.8.0
RUN opam reinstall ppx_deriving_yojson.3.8.0; \
    res=$?; \
    test "$res" != 31 && exit "$res"; \
    export OPAMCLI=2.0; \
    build_dir=$(opam var prefix)/.opam-switch/build; \
    failed=$(ls "$build_dir"); \
    partial_fails=""; \
    for pkg in $failed; do \
    if opam show -f x-ci-accept-failures: "$pkg" | grep -qF "\"debian-12\""; then \
    echo "A package failed and has been disabled for CI using the 'x-ci-accept-failures' field."; \
    fi; \
    test "$pkg" != 'ppx_deriving_yojson.3.8.0' && partial_fails="$partial_fails $pkg"; \
    done; \
    test "${partial_fails}" != "" && echo "opam-repo-ci detected dependencies failing: ${partial_fails}"; \
    exit 1
RUN opam reinstall sihl-core.0.2.1; \
    res=$?; \
    test "$res" != 31 && exit "$res"; \
    export OPAMCLI=2.0; \
    build_dir=$(opam var prefix)/.opam-switch/build; \
    failed=$(ls "$build_dir"); \
    partial_fails=""; \
    for pkg in $failed; do \
    if opam show -f x-ci-accept-failures: "$pkg" | grep -qF "\"debian-12\""; then \
    echo "A package failed and has been disabled for CI using the 'x-ci-accept-failures' field."; \
    fi; \
    test "$pkg" != 'sihl-core.0.2.1' && partial_fails="$partial_fails $pkg"; \
    done; \
    test "${partial_fails}" != "" && echo "opam-repo-ci detected dependencies failing: ${partial_fails}"; \
    exit 1
RUN (opam reinstall --with-test sihl-core.0.2.1) || true
RUN opam reinstall --with-test --verbose sihl-core.0.2.1; \
    res=$?; \
    test "$res" != 31 && exit "$res"; \
    export OPAMCLI=2.0; \
    build_dir=$(opam var prefix)/.opam-switch/build; \
    failed=$(ls "$build_dir"); \
    partial_fails=""; \
    for pkg in $failed; do \
    if opam show -f x-ci-accept-failures: "$pkg" | grep -qF "\"debian-12\""; then \
    echo "A package failed and has been disabled for CI using the 'x-ci-accept-failures' field."; \
    fi; \
    test "$pkg" != 'sihl-core.0.2.1' && partial_fails="$partial_fails $pkg"; \
    done; \
    test "${partial_fails}" != "" && echo "opam-repo-ci detected dependencies failing: ${partial_fails}"; \
    exit 1
[0m
END-OF-DOCKERFILE
docker build -f ../Dockerfile .

2024-05-23 09:28.43: Using cache hint "ocaml/opam:debian-12-ocaml-4.14@sha256:575952ac1a1b71568d969fe2b9788c1516c1252dda6ccffdc995036cc8cc9e3b-ppx_deriving_yojson.3.8.0-sihl-core.0.2.1-80edbe55b62f6a3566fc08058bcdb223763d2ea1"
2024-05-23 09:28.43: Using OBuilder spec:
((from ocaml/opam:debian-12-ocaml-4.14@sha256:575952ac1a1b71568d969fe2b9788c1516c1252dda6ccffdc995036cc8cc9e3b)
 (user (uid 1000) (gid 1000))
 (workdir /home/opam)
 (run (shell "sudo ln -f /usr/bin/opam-dev /usr/bin/opam"))
 (run (network host)
      (shell "opam init --reinit --config .opamrc-sandbox -ni"))
 (run (shell "uname -rs && opam exec -- ocaml -version && opam --version"))
 (env OPAMDOWNLOADJOBS 1)
 (env OPAMERRLOGLEN 0)
 (env OPAMSOLVERTIMEOUT 500)
 (env OPAMPRECISETRACKING 1)
 (env CI true)
 (env OPAM_REPO_CI true)
 (run (shell "rm -rf opam-repository/"))
 (copy (src .) (dst opam-repository/))
 (run (shell "opam repository set-url --strict default opam-repository/"))
 (run (network host)
      (shell "opam update --depexts || true"))
 (run (shell "opam pin add -k version -yn ppx_deriving_yojson.3.8.0 3.8.0"))
 (run (cache (opam-archives (target /home/opam/.opam/download-cache)))
      (network host)
      (shell  "opam reinstall ppx_deriving_yojson.3.8.0;\
             \n        res=$?;\
             \n        test \"$res\" != 31 && exit \"$res\";\
             \n        export OPAMCLI=2.0;\
             \n        build_dir=$(opam var prefix)/.opam-switch/build;\
             \n        failed=$(ls \"$build_dir\");\
             \n        partial_fails=\"\";\
             \n        for pkg in $failed; do\
             \n          if opam show -f x-ci-accept-failures: \"$pkg\" | grep -qF \"\\\"debian-12\\\"\"; then\
             \n            echo \"A package failed and has been disabled for CI using the 'x-ci-accept-failures' field.\";\
             \n          fi;\
             \n          test \"$pkg\" != 'ppx_deriving_yojson.3.8.0' && partial_fails=\"$partial_fails $pkg\";\
             \n        done;\
             \n        test \"${partial_fails}\" != \"\" && echo \"opam-repo-ci detected dependencies failing: ${partial_fails}\";\
             \n        exit 1"))
 (run (cache (opam-archives (target /home/opam/.opam/download-cache)))
      (network host)
      (shell  "opam reinstall sihl-core.0.2.1;\
             \n        res=$?;\
             \n        test \"$res\" != 31 && exit \"$res\";\
             \n        export OPAMCLI=2.0;\
             \n        build_dir=$(opam var prefix)/.opam-switch/build;\
             \n        failed=$(ls \"$build_dir\");\
             \n        partial_fails=\"\";\
             \n        for pkg in $failed; do\
             \n          if opam show -f x-ci-accept-failures: \"$pkg\" | grep -qF \"\\\"debian-12\\\"\"; then\
             \n            echo \"A package failed and has been disabled for CI using the 'x-ci-accept-failures' field.\";\
             \n          fi;\
             \n          test \"$pkg\" != 'sihl-core.0.2.1' && partial_fails=\"$partial_fails $pkg\";\
             \n        done;\
             \n        test \"${partial_fails}\" != \"\" && echo \"opam-repo-ci detected dependencies failing: ${partial_fails}\";\
             \n        exit 1"))
 (run (network host)
      (shell "(opam reinstall --with-test sihl-core.0.2.1) || true"))
 (run (shell  "opam reinstall --with-test --verbose sihl-core.0.2.1;\
             \n        res=$?;\
             \n        test \"$res\" != 31 && exit \"$res\";\
             \n        export OPAMCLI=2.0;\
             \n        build_dir=$(opam var prefix)/.opam-switch/build;\
             \n        failed=$(ls \"$build_dir\");\
             \n        partial_fails=\"\";\
             \n        for pkg in $failed; do\
             \n          if opam show -f x-ci-accept-failures: \"$pkg\" | grep -qF \"\\\"debian-12\\\"\"; then\
             \n            echo \"A package failed and has been disabled for CI using the 'x-ci-accept-failures' field.\";\
             \n          fi;\
             \n          test \"$pkg\" != 'sihl-core.0.2.1' && partial_fails=\"$partial_fails $pkg\";\
             \n        done;\
             \n        test \"${partial_fails}\" != \"\" && echo \"opam-repo-ci detected dependencies failing: ${partial_fails}\";\
             \n        exit 1"))
)

2024-05-23 09:28.43: Waiting for resource in pool OCluster
2024-05-23 09:33.49: Waiting for workerâ€¦
2024-05-23 09:36.17: Got resource from pool OCluster
Building on x86-bm-c6.sw.ocaml.org
All commits already cached
Updating files:  32% (10887/33732)Updating files:  33% (11132/33732)Updating files:  34% (11469/33732)Updating files:  35% (11807/33732)Updating files:  36% (12144/33732)Updating files:  37% (12481/33732)Updating files:  38% (12819/33732)Updating files:  39% (13156/33732)Updating files:  40% (13493/33732)Updating files:  41% (13831/33732)Updating files:  42% (14168/33732)Updating files:  43% (14505/33732)Updating files:  44% (14843/33732)Updating files:  45% (15180/33732)Updating files:  46% (15517/33732)Updating files:  47% (15855/33732)Updating files:  48% (16192/33732)Updating files:  49% (16529/33732)Updating files:  50% (16866/33732)Updating files:  51% (17204/33732)Updating files:  52% (17541/33732)Updating files:  53% (17878/33732)Updating files:  54% (18216/33732)Updating files:  55% (18553/33732)Updating files:  56% (18890/33732)Updating files:  57% (19228/33732)Updating files:  58% (19565/33732)Updating files:  59% (19902/33732)Updating files:  60% (20240/33732)Updating files:  61% (20577/33732)Updating files:  62% (20914/33732)Updating files:  63% (21252/33732)Updating files:  64% (21589/33732)Updating files:  65% (21926/33732)Updating files:  66% (22264/33732)Updating files:  67% (22601/33732)Updating files:  68% (22938/33732)Updating files:  69% (23276/33732)Updating files:  70% (23613/33732)Updating files:  71% (23950/33732)Updating files:  72% (24288/33732)Updating files:  73% (24625/33732)Updating files:  74% (24962/33732)Updating files:  75% (25299/33732)Updating files:  76% (25637/33732)Updating files:  77% (25974/33732)Updating files:  78% (26311/33732)Updating files:  79% (26649/33732)Updating files:  80% (26986/33732)Updating files:  81% (27323/33732)Updating files:  81% (27498/33732)Updating files:  82% (27661/33732)Updating files:  83% (27998/33732)Updating files:  84% (28335/33732)Updating files:  85% (28673/33732)Updating files:  86% (29010/33732)Updating files:  87% (29347/33732)Updating files:  88% (29685/33732)Updating files:  89% (30022/33732)Updating files:  90% (30359/33732)Updating files:  91% (30697/33732)Updating files:  92% (31034/33732)Updating files:  93% (31371/33732)Updating files:  94% (31709/33732)Updating files:  95% (32046/33732)Updating files:  96% (32383/33732)Updating files:  97% (32721/33732)Updating files:  98% (33058/33732)Updating files:  99% (33395/33732)Updating files: 100% (33732/33732)Updating files: 100% (33732/33732), done.
HEAD is now at 8907d75af8 Merge pull request #25891 from kit-ty-kate/opam-publish-opam.2.1.6
Merge made by the 'ort' strategy.
 packages/pa_ppx/pa_ppx.0.10/opam                   |  2 +-
 packages/pa_ppx/pa_ppx.0.11/opam                   |  2 +-
 packages/pa_ppx/pa_ppx.0.12/opam                   |  2 +-
 packages/pa_ppx/pa_ppx.0.13/opam                   |  2 +-
 packages/pa_ppx/pa_ppx.0.14/opam                   |  2 +-
 .../ppx_deriving_yojson.3.8.0/opam                 | 36 ++++++++++++++++++++++
 packages/safemoney/safemoney.0.1.0/opam            |  2 +-
 packages/safemoney/safemoney.0.1.1/opam            |  2 +-
 8 files changed, 43 insertions(+), 7 deletions(-)
 create mode 100644 packages/ppx_deriving_yojson/ppx_deriving_yojson.3.8.0/opam

[01;34m(from ocaml/opam:debian-12-ocaml-4.14@sha256:575952ac1a1b71568d969fe2b9788c1516c1252dda6ccffdc995036cc8cc9e3b)[0m
Unable to find image 'ocaml/opam:debian-12-ocaml-4.14@sha256:575952ac1a1b71568d969fe2b9788c1516c1252dda6ccffdc995036cc8cc9e3b' locally
docker.io/ocaml/opam@sha256:575952ac1a1b71568d969fe2b9788c1516c1252dda6ccffdc995036cc8cc9e3b: Pulling from ocaml/opam
d8f8273aa989: Pulling fs layer
d8f8273aa989: Verifying Checksum
d8f8273aa989: Download complete
d8f8273aa989: Pull complete
Digest: sha256:575952ac1a1b71568d969fe2b9788c1516c1252dda6ccffdc995036cc8cc9e3b
Status: Downloaded newer image for ocaml/opam@sha256:575952ac1a1b71568d969fe2b9788c1516c1252dda6ccffdc995036cc8cc9e3b
[01;2m[01;35m2024-05-23 09:38.30 ---> saved as "b70a2807c2cfb3c5680f4fafeddd66a33d7dcdd9d48b1543e8642b8df113fdbf"[0m

[01;34m/: (user (uid 1000) (gid 1000))[0m

[01;34m/: (workdir /home/opam)[0m

[01;34m/home/opam: (run (shell "sudo ln -f /usr/bin/opam-dev /usr/bin/opam"))[0m
[01;2m[01;35m2024-05-23 09:38.30 ---> saved as "c36f90ecff164603a21017340adb790a2f028b93271d75cce805aa2725f2c474"[0m

[01;34m/home/opam: (run (network host)
                 (shell "opam init --reinit --config .opamrc-sandbox -ni"))[0m
Configuring from /home/opam/.opamrc-sandbox, then /home/opam/.opamrc, and finally from built-in defaults.
Checking for available remotes: rsync and local, git.
  - you won't be able to use mercurial repositories unless you install the hg command on your system.
  - you won't be able to use darcs repositories unless you install the darcs command on your system.

This development version of opam requires an update to the layout of /home/opam/.opam from version 2.0 to version 2.2~beta, which can't be reverted.
You may want to back it up before going further.

Continue? [y/n] y
[NOTE] The 'jobs' option was reset, its value was 39 and its new value will vary according to the current number of cores on your machine. You can restore the fixed value using:
           opam option jobs=39 --global
Format upgrade done.

<><> Updating repositories ><><><><><><><><><><><><><><><><><><><><><><><><><><>
[default] synchronised from file:///home/opam/opam-repository
[01;2m[01;35m2024-05-23 09:39.36 ---> saved as "41ba59c52c751987091a990bfc68743f47f1d48b58a0242e92679239747c0a38"[0m

[01;34m/home/opam: (run (shell "uname -rs && opam exec -- ocaml -version && opam --version"))[0m
Linux 5.15.0-107-generic
The OCaml toplevel, version 4.14.2
2.2.0~beta3~dev
[01;2m[01;35m2024-05-23 09:39.36 ---> saved as "43177bf724d2ad14c3885c9e8604bf82de09a17c5632804082eaf00f00843b27"[0m

[01;34m/home/opam: (env OPAMDOWNLOADJOBS 1)[0m

[01;34m/home/opam: (env OPAMERRLOGLEN 0)[0m

[01;34m/home/opam: (env OPAMSOLVERTIMEOUT 500)[0m

[01;34m/home/opam: (env OPAMPRECISETRACKING 1)[0m

[01;34m/home/opam: (env CI true)[0m

[01;34m/home/opam: (env OPAM_REPO_CI true)[0m

[01;34m/home/opam: (run (shell "rm -rf opam-repository/"))[0m
[01;2m[01;35m2024-05-23 09:39.54 ---> saved as "dc5d5a1631518083bf7b71a8bbeb70067bb1c0e264ce14940be3414232922413"[0m

[01;34m/home/opam: (copy (src .) (dst opam-repository/))[0m
[01;2m[01;35m2024-05-23 09:40.15 ---> saved as "87715b6c5d15afe47637e0c3dfc41690dadf768ae6ffb05183f09936f557af08"[0m

[01;34m/home/opam: (run (shell "opam repository set-url --strict default opam-repository/"))[0m
[default] Initialised
[01;2m[01;35m2024-05-23 09:40.59 ---> saved as "e03ad83eb8fca9fac0ac7a7a2574a534074c285ca7f249945a9d50bde2df041f"[0m

[01;34m/home/opam: (run (network host)
                 (shell "opam update --depexts || true"))[0m
+ /usr/bin/sudo "apt-get" "update"
- Hit:1 http://deb.debian.org/debian bookworm InRelease
- Get:2 http://deb.debian.org/debian bookworm-updates InRelease [55.4 kB]
- Get:3 http://deb.debian.org/debian-security bookworm-security InRelease [48.0 kB]
- Get:4 http://deb.debian.org/debian-security bookworm-security/main amd64 Packages [156 kB]
- Fetched 259 kB in 0s (776 kB/s)
- Reading package lists...
- 
[01;2m[01;35m2024-05-23 09:41.00 ---> saved as "6121e7c15aa7f56bd2af5ce503342acbfbb225ed19c3b7fac6281c2f5f5966d3"[0m

[01;34m/home/opam: (run (shell "opam pin add -k version -yn ppx_deriving_yojson.3.8.0 3.8.0"))[0m
ppx_deriving_yojson is now pinned to version 3.8.0
[01;2m[01;35m2024-05-23 09:41.01 ---> saved as "09845516902500943b35c2cf5dcb575b6da562f576a5b59413bd9f95fc179d6a"[0m

[01;34m/home/opam: (run (cache (opam-archives (target /home/opam/.opam/download-cache)))
                 (network host)
                 (shell  "opam reinstall ppx_deriving_yojson.3.8.0;\
                        \n        res=$?;\
                        \n        test \"$res\" != 31 && exit \"$res\";\
                        \n        export OPAMCLI=2.0;\
                        \n        build_dir=$(opam var prefix)/.opam-switch/build;\
                        \n        failed=$(ls \"$build_dir\");\
                        \n        partial_fails=\"\";\
                        \n        for pkg in $failed; do\
                        \n          if opam show -f x-ci-accept-failures: \"$pkg\" | grep -qF \"\\\"debian-12\\\"\"; then\
                        \n            echo \"A package failed and has been disabled for CI using the 'x-ci-accept-failures' field.\";\
                        \n          fi;\
                        \n          test \"$pkg\" != 'ppx_deriving_yojson.3.8.0' && partial_fails=\"$partial_fails $pkg\";\
                        \n        done;\
                        \n        test \"${partial_fails}\" != \"\" && echo \"opam-repo-ci detected dependencies failing: ${partial_fails}\";\
                        \n        exit 1"))[0m
ppx_deriving_yojson.3.8.0 is not installed. Install it? [y/n] y
The following actions will be performed:
=== install 13 packages
  - install cppo                1.6.9          [required by ppx_deriving, yojson]
  - install dune                3.15.2         [required by ppx_deriving_yojson]
  - install ocaml-compiler-libs v0.12.4        [required by ppxlib]
  - install ocamlfind           1.9.6          [required by ppx_deriving]
  - install ppx_derivers        1.2.1          [required by ppx_deriving]
  - install ppx_deriving        5.2.1          [required by ppx_deriving_yojson]
  - install ppx_deriving_yojson 3.8.0 (pinned)
  - install ppxlib              0.32.1         [required by ppx_deriving_yojson]
  - install result              1.5            [required by ppx_deriving]
  - install seq                 base           [required by yojson]
  - install sexplib0            v0.17.0        [required by ppxlib]
  - install stdlib-shims        0.3.0          [required by ppxlib]
  - install yojson              2.1.2          [required by ppx_deriving_yojson]

<><> Processing actions <><><><><><><><><><><><><><><><><><><><><><><><><><><><>
-> retrieved cppo.1.6.9  (cached)
-> retrieved dune.3.15.2  (cached)
-> retrieved ocaml-compiler-libs.v0.12.4  (cached)
-> retrieved ocamlfind.1.9.6  (cached)
-> retrieved ppx_derivers.1.2.1  (cached)
-> retrieved ppx_deriving.5.2.1  (cached)
-> retrieved ppx_deriving_yojson.3.8.0  (cached)
-> retrieved ppxlib.0.32.1  (cached)
-> retrieved result.1.5  (cached)
-> installed seq.base
-> retrieved sexplib0.v0.17.0  (cached)
-> retrieved stdlib-shims.0.3.0  (cached)
-> retrieved yojson.2.1.2  (cached)
-> installed ocamlfind.1.9.6
-> installed dune.3.15.2
-> installed ppx_derivers.1.2.1
-> installed result.1.5
-> installed stdlib-shims.0.3.0
-> installed sexplib0.v0.17.0
-> installed ocaml-compiler-libs.v0.12.4
-> installed cppo.1.6.9
-> installed yojson.2.1.2
-> installed ppxlib.0.32.1
-> installed ppx_deriving.5.2.1
-> installed ppx_deriving_yojson.3.8.0
Done.
# Run eval $(opam env) to update the current shell environment
[01;2m[01;35m2024-05-23 09:42.00 ---> saved as "8c2afce8ba54063e0034d729b93e0bf07dbf68283caa77aec29ae2c4a3625021"[0m

[01;34m/home/opam: (run (cache (opam-archives (target /home/opam/.opam/download-cache)))
                 (network host)
                 (shell  "opam reinstall sihl-core.0.2.1;\
                        \n        res=$?;\
                        \n        test \"$res\" != 31 && exit \"$res\";\
                        \n        export OPAMCLI=2.0;\
                        \n        build_dir=$(opam var prefix)/.opam-switch/build;\
                        \n        failed=$(ls \"$build_dir\");\
                        \n        partial_fails=\"\";\
                        \n        for pkg in $failed; do\
                        \n          if opam show -f x-ci-accept-failures: \"$pkg\" | grep -qF \"\\\"debian-12\\\"\"; then\
                        \n            echo \"A package failed and has been disabled for CI using the 'x-ci-accept-failures' field.\";\
                        \n          fi;\
                        \n          test \"$pkg\" != 'sihl-core.0.2.1' && partial_fails=\"$partial_fails $pkg\";\
                        \n        done;\
                        \n        test \"${partial_fails}\" != \"\" && echo \"opam-repo-ci detected dependencies failing: ${partial_fails}\";\
                        \n        exit 1"))[0m
sihl-core.0.2.1 is not installed. Install it? [y/n] y
The following actions will be performed:
=== downgrade 1 package
  - downgrade sexplib0            v0.17.0 to v0.16.0 [required by ppx_sexp_conv, sexplib]
=== recompile 3 packages
  - recompile ppx_deriving        5.2.1              [uses ppxlib]
  - recompile ppx_deriving_yojson 3.8.0 (pinned)     [uses ppxlib]
  - recompile ppxlib              0.32.1             [uses sexplib0]
=== install 57 packages
  - install   angstrom            0.16.0             [required by caqti]
  - install   asn1-combinators    0.2.6              [required by x509]
  - install   base                v0.16.3            [required by ppx_fields_conv, ppx_sexp_conv]
  - install   base-bytes          base               [required by ocplib-endian]
  - install   base64              3.5.1              [required by jwto]
  - install   bigstringaf         0.9.1              [required by caqti]
  - install   caqti               1.9.0              [required by sihl-core]
  - install   conf-bash           1                  [required by base]
  - install   conf-gmp            4                  [required by conf-gmp-powm-sec, zarith]
  - install   conf-gmp-powm-sec   3                  [required by mirage-crypto-pk]
  - install   conf-libssl         4                  [required by ssl]
  - install   conf-pkg-config     3                  [required by conf-libssl]
  - install   conformist          0.2.1              [required by sihl-core]
  - install   containers          3.13.1             [required by tsort]
  - install   csexp               1.5.2              [required by dune-configurator]
  - install   cstruct             6.2.0              [required by tls]
  - install   digestif            1.2.0              [required by jwto]
  - install   domain-name         0.4.0              [required by tls]
  - install   dune-configurator   3.15.2             [required by mirage-crypto-ec, ssl, base, containers]
  - install   duration            0.2.1              [required by mirage-crypto-rng]
  - install   either              1.0.0              [required by containers]
  - install   eqaf                0.9                [required by mirage-crypto-ec, digestif, mirage-crypto-pk]
  - install   fieldslib           v0.16.0            [required by ppx_fields_conv]
  - install   fmt                 0.9.0              [required by sihl-core]
  - install   gmap                0.3.0              [required by x509]
  - install   hkdf                1.0.4              [required by tls]
  - install   ipaddr              5.5.0              [required by tls]
  - install   jwto                0.4.0              [required by sihl-core]
  - install   logs                0.7.0              [required by sihl-core]
  - install   lwt                 5.7.0              [required by lwt_ssl]
  - install   lwt_ssl             1.2.0              [required by sihl-core]
  - install   macaddr             5.5.0              [required by ipaddr]
  - install   mirage-crypto       0.11.3             [required by tls]
  - install   mirage-crypto-ec    0.11.3             [required by tls]
  - install   mirage-crypto-pk    0.11.3             [required by tls]
  - install   mirage-crypto-rng   0.11.3             [required by tls]
  - install   num                 1.5                [required by sexplib]
  - install   ocaml-syntax-shims  1.0.0              [required by angstrom]
  - install   ocamlbuild          0.14.3             [required by logs, ptime]
  - install   ocplib-endian       1.2                [required by lwt]
  - install   parsexp             v0.16.0            [required by sexplib]
  - install   pbkdf               1.2.0              [required by x509]
  - install   ppx_fields_conv     v0.16.0            [required by sihl-core]
  - install   ppx_sexp_conv       v0.16.0            [required by sihl-core]
  - install   ptime               1.1.0              [required by caqti]
  - install   re                  1.11.0             [required by jwto]
  - install   safepass            3.1                [required by sihl-core]
  - install   sexplib             v0.16.0            [required by sihl-core]
  - install   sihl-core           0.2.1
  - install   ssl                 0.7.0              [required by sihl-core]
  - install   stringext           1.6.0              [required by uri]
  - install   tls                 0.17.5             [required by sihl-core]
  - install   topkg               1.0.7              [required by logs, ptime]
  - install   tsort               2.0.0              [required by sihl-core]
  - install   uri                 4.4.0              [required by caqti]
  - install   x509                0.16.5             [required by tls]
  - install   zarith              1.13               [required by mirage-crypto-pk]

The following system packages will first need to be installed:
    libgmp-dev libssl-dev pkg-config

<><> Handling external dependencies <><><><><><><><><><><><><><><><><><><><><><>

opam believes some required external dependencies are missing. opam can:
> 1. Run apt-get to install them (may need root/sudo access)
  2. Display the recommended apt-get command and wait while you run it manually (e.g. in another terminal)
  3. Continue anyway, and, upon success, permanently register that this external dependency is present, but not detectable
  4. Abort the installation

[1/2/3/4] 1

+ /usr/bin/sudo "apt-get" "install" "-qq" "-yy" "libgmp-dev" "libssl-dev" "pkg-config"
- debconf: delaying package configuration, since apt-utils is not installed
- Selecting previously unselected package libgmpxx4ldbl:amd64.
- (Reading database ... (Reading database ... 5%(Reading database ... 10%(Reading database ... 15%(Reading database ... 20%(Reading database ... 25%(Reading database ... 30%(Reading database ... 35%(Reading database ... 40%(Reading database ... 45%(Reading database ... 50%(Reading database ... 55%(Reading database ... 60%(Reading database ... 65%(Reading database ... 70%(Reading database ... 75%(Reading database ... 80%(Reading database ... 85%(Reading database ... 90%(Reading database ... 95%(Reading database ... 100%(Reading database ... 18735 files and directories currently installed.)
- Preparing to unpack .../0-libgmpxx4ldbl_2%3a6.2.1+dfsg1-1.1_amd64.deb ...
- Unpacking libgmpxx4ldbl:amd64 (2:6.2.1+dfsg1-1.1) ...
- Selecting previously unselected package libgmp-dev:amd64.
- Preparing to unpack .../1-libgmp-dev_2%3a6.2.1+dfsg1-1.1_amd64.deb ...
- Unpacking libgmp-dev:amd64 (2:6.2.1+dfsg1-1.1) ...
- Selecting previously unselected package libpkgconf3:amd64.
- Preparing to unpack .../2-libpkgconf3_1.8.1-1_amd64.deb ...
- Unpacking libpkgconf3:amd64 (1.8.1-1) ...
- Selecting previously unselected package libssl-dev:amd64.
- Preparing to unpack .../3-libssl-dev_3.0.11-1~deb12u2_amd64.deb ...
- Unpacking libssl-dev:amd64 (3.0.11-1~deb12u2) ...
- Selecting previously unselected package pkgconf-bin.
- Preparing to unpack .../4-pkgconf-bin_1.8.1-1_amd64.deb ...
- Unpacking pkgconf-bin (1.8.1-1) ...
- Selecting previously unselected package pkgconf:amd64.
- Preparing to unpack .../5-pkgconf_1.8.1-1_amd64.deb ...
- Unpacking pkgconf:amd64 (1.8.1-1) ...
- Selecting previously unselected package pkg-config:amd64.
- Preparing to unpack .../6-pkg-config_1.8.1-1_amd64.deb ...
- Unpacking pkg-config:amd64 (1.8.1-1) ...
- Setting up libpkgconf3:amd64 (1.8.1-1) ...
- Setting up libgmpxx4ldbl:amd64 (2:6.2.1+dfsg1-1.1) ...
- Setting up libssl-dev:amd64 (3.0.11-1~deb12u2) ...
- Setting up pkgconf-bin (1.8.1-1) ...
- Setting up libgmp-dev:amd64 (2:6.2.1+dfsg1-1.1) ...
- Setting up pkgconf:amd64 (1.8.1-1) ...
- Setting up pkg-config:amd64 (1.8.1-1) ...
- Processing triggers for libc-bin (2.36-9+deb12u7) ...

<><> Processing actions <><><><><><><><><><><><><><><><><><><><><><><><><><><><>
-> retrieved angstrom.0.16.0  (cached)
-> retrieved asn1-combinators.0.2.6  (cached)
-> retrieved base.v0.16.3  (cached)
-> installed base-bytes.base
-> retrieved base64.3.5.1  (cached)
-> retrieved bigstringaf.0.9.1  (cached)
-> retrieved caqti.1.9.0  (cached)
-> retrieved conformist.0.2.1  (cached)
-> retrieved containers.3.13.1  (cached)
-> installed conf-bash.1
-> installed conf-gmp.4
-> installed conf-pkg-config.3
-> retrieved csexp.1.5.2  (cached)
-> installed conf-libssl.4
-> retrieved cstruct.6.2.0  (cached)
-> installed conf-gmp-powm-sec.3
-> installed conformist.0.2.1
-> installed csexp.1.5.2
-> installed base64.3.5.1
-> retrieved digestif.1.2.0  (cached)
-> retrieved domain-name.0.4.0  (cached)
-> installed domain-name.0.4.0
-> retrieved dune-configurator.3.15.2  (cached)
-> retrieved duration.0.2.1  (cached)
-> retrieved either.1.0.0  (cached)
-> retrieved eqaf.0.9  (cached)
-> retrieved fieldslib.v0.16.0  (cached)
-> retrieved fmt.0.9.0  (cached)
-> retrieved gmap.0.3.0  (cached)
-> installed duration.0.2.1
-> retrieved hkdf.1.0.4  (cached)
-> retrieved ipaddr.5.5.0, macaddr.5.5.0  (cached)
-> retrieved jwto.0.4.0  (cached)
-> retrieved logs.0.7.0  (cached)
-> retrieved lwt.5.7.0  (cached)
-> installed either.1.0.0
-> retrieved lwt_ssl.1.2.0  (cached)
-> installed gmap.0.3.0
-> installed macaddr.5.5.0
-> installed ipaddr.5.5.0
-> retrieved mirage-crypto.0.11.3, mirage-crypto-ec.0.11.3, mirage-crypto-pk.0.11.3, mirage-crypto-rng.0.11.3  (cached)
-> retrieved num.1.5  (cached)
-> retrieved ocaml-syntax-shims.1.0.0  (cached)
-> retrieved ocamlbuild.0.14.3  (cached)
-> retrieved ocplib-endian.1.2  (cached)
-> retrieved parsexp.v0.16.0  (cached)
-> retrieved pbkdf.1.2.0  (cached)
-> retrieved ppx_deriving.5.2.1  (cached)
-> installed dune-configurator.3.15.2
-> retrieved ppx_fields_conv.v0.16.0  (cached)
-> retrieved ppx_sexp_conv.v0.16.0  (cached)
-> retrieved ppxlib.0.32.1  (cached)
-> retrieved ptime.1.1.0  (cached)
-> retrieved re.1.11.0  (cached)
-> installed ocplib-endian.1.2
-> retrieved safepass.3.1  (cached)
-> retrieved sexplib.v0.16.0  (cached)
-> retrieved sexplib0.v0.16.0  (cached)
-> retrieved sihl-core.0.2.1  (cached)
-> retrieved ssl.0.7.0  (cached)
-> retrieved stringext.1.6.0  (cached)
-> installed bigstringaf.0.9.1
-> retrieved tls.0.17.5  (cached)
-> installed ocaml-syntax-shims.1.0.0
-> retrieved topkg.1.0.7  (cached)
-> retrieved tsort.2.0.0  (cached)
-> retrieved uri.4.4.0  (cached)
-> installed stringext.1.6.0
-> retrieved x509.0.16.5  (cached)
-> retrieved zarith.1.13  (cached)
-> removed   ppx_deriving_yojson.3.8.0
-> removed   ppx_deriving.5.2.1
-> removed   ppxlib.0.32.1
-> removed   sexplib0.v0.17.0
-> installed sexplib0.v0.16.0
-> installed angstrom.0.16.0
-> installed num.1.5
-> installed re.1.11.0
-> installed safepass.3.1
-> installed ssl.0.7.0
-> installed containers.3.13.1
-> installed parsexp.v0.16.0
-> installed tsort.2.0.0
-> installed uri.4.4.0
-> installed sexplib.v0.16.0
-> installed lwt.5.7.0
-> installed zarith.1.13
-> installed lwt_ssl.1.2.0
-> installed ocamlbuild.0.14.3
-> installed base.v0.16.3
-> installed fieldslib.v0.16.0
-> installed topkg.1.0.7
-> installed fmt.0.9.0
-> installed ptime.1.1.0
-> installed cstruct.6.2.0
-> installed asn1-combinators.0.2.6
-> installed eqaf.0.9
-> installed logs.0.7.0
-> installed caqti.1.9.0
-> installed digestif.1.2.0
-> installed mirage-crypto.0.11.3
-> installed hkdf.1.0.4
-> installed pbkdf.1.2.0
-> installed mirage-crypto-rng.0.11.3
-> installed mirage-crypto-pk.0.11.3
-> installed ppxlib.0.32.1
-> installed ppx_fields_conv.v0.16.0
-> installed ppx_deriving.5.2.1
-> installed ppx_sexp_conv.v0.16.0
-> installed jwto.0.4.0
-> installed mirage-crypto-ec.0.11.3
-> installed ppx_deriving_yojson.3.8.0
-> installed x509.0.16.5
-> installed tls.0.17.5
-> installed sihl-core.0.2.1
Done.
# Run eval $(opam env) to update the current shell environment
[01;2m[01;35m2024-05-23 09:44.45 ---> saved as "7c6cc2995aea5b8235ff96633b7a0edc6f975f50accd5480351e31aa6046ecbc"[0m

[01;34m/home/opam: (run (network host)
                 (shell "(opam reinstall --with-test sihl-core.0.2.1) || true"))[0m
[ERROR] Sorry, resolution of the request timed out.
        Try to specify a more precise request, use a different solver, or increase the allowed time by setting OPAMSOLVERTIMEOUT to a bigger value (currently, it is set to 500.0 seconds).
[01;2m[01;35m2024-05-23 09:53.23 ---> saved as "4abe842527c42642fc55c0123d6aa6a83d0f6d87aae6da62ba0c8e345ccde75d"[0m

[01;34m/home/opam: (run (shell  "opam reinstall --with-test --verbose sihl-core.0.2.1;\
                        \n        res=$?;\
                        \n        test \"$res\" != 31 && exit \"$res\";\
                        \n        export OPAMCLI=2.0;\
                        \n        build_dir=$(opam var prefix)/.opam-switch/build;\
                        \n        failed=$(ls \"$build_dir\");\
                        \n        partial_fails=\"\";\
                        \n        for pkg in $failed; do\
                        \n          if opam show -f x-ci-accept-failures: \"$pkg\" | grep -qF \"\\\"debian-12\\\"\"; then\
                        \n            echo \"A package failed and has been disabled for CI using the 'x-ci-accept-failures' field.\";\
                        \n          fi;\
                        \n          test \"$pkg\" != 'sihl-core.0.2.1' && partial_fails=\"$partial_fails $pkg\";\
                        \n        done;\
                        \n        test \"${partial_fails}\" != \"\" && echo \"opam-repo-ci detected dependencies failing: ${partial_fails}\";\
                        \n        exit 1"))[0m
[ERROR] Sorry, resolution of the request timed out.
        Try to specify a more precise request, use a different solver, or increase the allowed time by setting OPAMSOLVERTIMEOUT to a bigger value (currently, it is set to 500.0 seconds).
'opam reinstall --with-test --verbose sihl-core.0.2.1' failed.
"/usr/bin/env" "bash" "-c" "opam reinstall --with-test --verbose sihl-core.0.2.1;
        res=$?;
        test "$res" != 31 && exit "$res";
        export OPAMCLI=2.0;
        build_dir=$(opam var prefix)/.opam-switch/build;
        failed=$(ls "$build_dir");
        partial_fails="";
        for pkg in $failed; do
          if opam show -f x-ci-accept-failures: "$pkg" | grep -qF "\"debian-12\""; then
            echo "A package failed and has been disabled for CI using the 'x-ci-accept-failures' field.";
          fi;
          test "$pkg" != 'sihl-core.0.2.1' && partial_fails="$partial_fails $pkg";
        done;
        test "${partial_fails}" != "" && echo "opam-repo-ci detected dependencies failing: ${partial_fails}";
        exit 1" failed with exit status 60
2024-05-23 10:02.17: Job failed: Failed: Build failed
2024-05-23 10:02.17: Log analysis:
2024-05-23 10:02.17: >>> 
[ERROR] Sorry, resolution of the request timed out.
 (score = 20)
2024-05-23 10:02.17: >>> 
[ERROR] Sorry, resolution of the request timed out.
 (score = 20)
2024-05-23 10:02.17: Sorry, resolution of the request timed out.
