2024-05-23 14:27.27: New job: test yaml.1.0.0 with menhir-secondary.20210419, using opam dev
                              from https://github.com/ocaml/opam-repository.git#refs/pull/25928/head (2f0a69c7ebd1768cbfd28ba596b3272e99d1f383)
                              on debian-12-ocaml-4.14/amd64

To reproduce locally:

cd $(mktemp -d)
git clone --recursive "https://github.com/ocaml/opam-repository.git" && cd "opam-repository" && git fetch origin "refs/pull/25928/head" && git reset --hard 2f0a69c7
git fetch origin master
git merge --no-edit 9395b46c54472a81784178457c1b96ff87ef1740
cat > ../Dockerfile <<'END-OF-DOCKERFILE'
[34mFROM ocaml/opam:debian-12-ocaml-4.14@sha256:575952ac1a1b71568d969fe2b9788c1516c1252dda6ccffdc995036cc8cc9e3b
USER 1000:1000
WORKDIR /home/opam
RUN sudo ln -f /usr/bin/opam-dev /usr/bin/opam
RUN opam init --reinit -ni
RUN uname -rs && opam exec -- ocaml -version && opam --version
ENV OPAMDOWNLOADJOBS="1"
ENV OPAMERRLOGLEN="0"
ENV OPAMSOLVERTIMEOUT="500"
ENV OPAMPRECISETRACKING="1"
ENV CI="true"
ENV OPAM_REPO_CI="true"
RUN rm -rf opam-repository/
COPY --chown=1000:1000 . opam-repository/
RUN opam repository set-url --strict default opam-repository/
RUN opam update --depexts || true
RUN opam pin add -k version -yn menhir-secondary.20210419 20210419
RUN opam reinstall menhir-secondary.20210419; \
    res=$?; \
    test "$res" != 31 && exit "$res"; \
    export OPAMCLI=2.0; \
    build_dir=$(opam var prefix)/.opam-switch/build; \
    failed=$(ls "$build_dir"); \
    partial_fails=""; \
    for pkg in $failed; do \
    if opam show -f x-ci-accept-failures: "$pkg" | grep -qF "\"debian-12\""; then \
    echo "A package failed and has been disabled for CI using the 'x-ci-accept-failures' field."; \
    fi; \
    test "$pkg" != 'menhir-secondary.20210419' && partial_fails="$partial_fails $pkg"; \
    done; \
    test "${partial_fails}" != "" && echo "opam-repo-ci detected dependencies failing: ${partial_fails}"; \
    exit 1
RUN opam reinstall yaml.1.0.0; \
    res=$?; \
    test "$res" != 31 && exit "$res"; \
    export OPAMCLI=2.0; \
    build_dir=$(opam var prefix)/.opam-switch/build; \
    failed=$(ls "$build_dir"); \
    partial_fails=""; \
    for pkg in $failed; do \
    if opam show -f x-ci-accept-failures: "$pkg" | grep -qF "\"debian-12\""; then \
    echo "A package failed and has been disabled for CI using the 'x-ci-accept-failures' field."; \
    fi; \
    test "$pkg" != 'yaml.1.0.0' && partial_fails="$partial_fails $pkg"; \
    done; \
    test "${partial_fails}" != "" && echo "opam-repo-ci detected dependencies failing: ${partial_fails}"; \
    exit 1
RUN (opam reinstall --with-test yaml.1.0.0) || true
RUN opam reinstall --with-test --verbose yaml.1.0.0; \
    res=$?; \
    test "$res" != 31 && exit "$res"; \
    export OPAMCLI=2.0; \
    build_dir=$(opam var prefix)/.opam-switch/build; \
    failed=$(ls "$build_dir"); \
    partial_fails=""; \
    for pkg in $failed; do \
    if opam show -f x-ci-accept-failures: "$pkg" | grep -qF "\"debian-12\""; then \
    echo "A package failed and has been disabled for CI using the 'x-ci-accept-failures' field."; \
    fi; \
    test "$pkg" != 'yaml.1.0.0' && partial_fails="$partial_fails $pkg"; \
    done; \
    test "${partial_fails}" != "" && echo "opam-repo-ci detected dependencies failing: ${partial_fails}"; \
    exit 1
[0m
END-OF-DOCKERFILE
docker build -f ../Dockerfile .

2024-05-23 14:27.27: Using cache hint "ocaml/opam:debian-12-ocaml-4.14@sha256:575952ac1a1b71568d969fe2b9788c1516c1252dda6ccffdc995036cc8cc9e3b-menhir-secondary.20210419-yaml.1.0.0-2f0a69c7ebd1768cbfd28ba596b3272e99d1f383"
2024-05-23 14:27.27: Using OBuilder spec:
((from ocaml/opam:debian-12-ocaml-4.14@sha256:575952ac1a1b71568d969fe2b9788c1516c1252dda6ccffdc995036cc8cc9e3b)
 (user (uid 1000) (gid 1000))
 (workdir /home/opam)
 (run (shell "sudo ln -f /usr/bin/opam-dev /usr/bin/opam"))
 (run (network host)
      (shell "opam init --reinit --config .opamrc-sandbox -ni"))
 (run (shell "uname -rs && opam exec -- ocaml -version && opam --version"))
 (env OPAMDOWNLOADJOBS 1)
 (env OPAMERRLOGLEN 0)
 (env OPAMSOLVERTIMEOUT 500)
 (env OPAMPRECISETRACKING 1)
 (env CI true)
 (env OPAM_REPO_CI true)
 (run (shell "rm -rf opam-repository/"))
 (copy (src .) (dst opam-repository/))
 (run (shell "opam repository set-url --strict default opam-repository/"))
 (run (network host)
      (shell "opam update --depexts || true"))
 (run (shell "opam pin add -k version -yn menhir-secondary.20210419 20210419"))
 (run (cache (opam-archives (target /home/opam/.opam/download-cache)))
      (network host)
      (shell  "opam reinstall menhir-secondary.20210419;\
             \n        res=$?;\
             \n        test \"$res\" != 31 && exit \"$res\";\
             \n        export OPAMCLI=2.0;\
             \n        build_dir=$(opam var prefix)/.opam-switch/build;\
             \n        failed=$(ls \"$build_dir\");\
             \n        partial_fails=\"\";\
             \n        for pkg in $failed; do\
             \n          if opam show -f x-ci-accept-failures: \"$pkg\" | grep -qF \"\\\"debian-12\\\"\"; then\
             \n            echo \"A package failed and has been disabled for CI using the 'x-ci-accept-failures' field.\";\
             \n          fi;\
             \n          test \"$pkg\" != 'menhir-secondary.20210419' && partial_fails=\"$partial_fails $pkg\";\
             \n        done;\
             \n        test \"${partial_fails}\" != \"\" && echo \"opam-repo-ci detected dependencies failing: ${partial_fails}\";\
             \n        exit 1"))
 (run (cache (opam-archives (target /home/opam/.opam/download-cache)))
      (network host)
      (shell  "opam reinstall yaml.1.0.0;\
             \n        res=$?;\
             \n        test \"$res\" != 31 && exit \"$res\";\
             \n        export OPAMCLI=2.0;\
             \n        build_dir=$(opam var prefix)/.opam-switch/build;\
             \n        failed=$(ls \"$build_dir\");\
             \n        partial_fails=\"\";\
             \n        for pkg in $failed; do\
             \n          if opam show -f x-ci-accept-failures: \"$pkg\" | grep -qF \"\\\"debian-12\\\"\"; then\
             \n            echo \"A package failed and has been disabled for CI using the 'x-ci-accept-failures' field.\";\
             \n          fi;\
             \n          test \"$pkg\" != 'yaml.1.0.0' && partial_fails=\"$partial_fails $pkg\";\
             \n        done;\
             \n        test \"${partial_fails}\" != \"\" && echo \"opam-repo-ci detected dependencies failing: ${partial_fails}\";\
             \n        exit 1"))
 (run (network host)
      (shell "(opam reinstall --with-test yaml.1.0.0) || true"))
 (run (shell  "opam reinstall --with-test --verbose yaml.1.0.0;\
             \n        res=$?;\
             \n        test \"$res\" != 31 && exit \"$res\";\
             \n        export OPAMCLI=2.0;\
             \n        build_dir=$(opam var prefix)/.opam-switch/build;\
             \n        failed=$(ls \"$build_dir\");\
             \n        partial_fails=\"\";\
             \n        for pkg in $failed; do\
             \n          if opam show -f x-ci-accept-failures: \"$pkg\" | grep -qF \"\\\"debian-12\\\"\"; then\
             \n            echo \"A package failed and has been disabled for CI using the 'x-ci-accept-failures' field.\";\
             \n          fi;\
             \n          test \"$pkg\" != 'yaml.1.0.0' && partial_fails=\"$partial_fails $pkg\";\
             \n        done;\
             \n        test \"${partial_fails}\" != \"\" && echo \"opam-repo-ci detected dependencies failing: ${partial_fails}\";\
             \n        exit 1"))
)

2024-05-23 14:27.27: Waiting for resource in pool OCluster
2024-05-24 02:04.03: Waiting for workerâ€¦
2024-05-24 02:06.21: Got resource from pool OCluster
Building on x86-bm-c1.sw.ocaml.org
All commits already cached
Updating files:  96% (32479/33795)Updating files:  97% (32782/33795)Updating files:  98% (33120/33795)Updating files:  99% (33458/33795)Updating files: 100% (33795/33795)Updating files: 100% (33795/33795), done.
HEAD is now at 9395b46c54 Merge pull request #25920 from hannesm/release-mirage-vnetif-v0.6.2
Merge made by the 'ort' strategy.
 packages/base-flambda2/base-flambda2.base/opam     |  8 +++
 packages/dune-secondary/dune-secondary.3.8.1/opam  | 57 ++++++++++++++++++++++
 .../menhir-secondary.20210419/opam                 | 28 +++++++++++
 .../ocaml-secondary-compiler.4.14.1/opam           | 30 ++++++++++++
 .../ocaml-variants.5.1.1+flambda2/opam             | 37 ++++++++++++++
 5 files changed, 160 insertions(+)
 create mode 100644 packages/base-flambda2/base-flambda2.base/opam
 create mode 100644 packages/dune-secondary/dune-secondary.3.8.1/opam
 create mode 100644 packages/menhir-secondary/menhir-secondary.20210419/opam
 create mode 100644 packages/ocaml-secondary-compiler/ocaml-secondary-compiler.4.14.1/opam
 create mode 100644 packages/ocaml-variants/ocaml-variants.5.1.1+flambda2/opam

[01;34m(from ocaml/opam:debian-12-ocaml-4.14@sha256:575952ac1a1b71568d969fe2b9788c1516c1252dda6ccffdc995036cc8cc9e3b)[0m
[01;2m[01;35m2024-05-24 02:06.24 ---> using "b70a2807c2cfb3c5680f4fafeddd66a33d7dcdd9d48b1543e8642b8df113fdbf" from cache[0m

[01;34m/: (user (uid 1000) (gid 1000))[0m

[01;34m/: (workdir /home/opam)[0m

[01;34m/home/opam: (run (shell "sudo ln -f /usr/bin/opam-dev /usr/bin/opam"))[0m
[01;2m[01;35m2024-05-24 02:06.24 ---> using "c36f90ecff164603a21017340adb790a2f028b93271d75cce805aa2725f2c474" from cache[0m

[01;34m/home/opam: (run (network host)
                 (shell "opam init --reinit --config .opamrc-sandbox -ni"))[0m
Configuring from /home/opam/.opamrc-sandbox, then /home/opam/.opamrc, and finally from built-in defaults.
Checking for available remotes: rsync and local, git.
  - you won't be able to use mercurial repositories unless you install the hg command on your system.
  - you won't be able to use darcs repositories unless you install the darcs command on your system.

This development version of opam requires an update to the layout of /home/opam/.opam from version 2.0 to version 2.2~beta, which can't be reverted.
You may want to back it up before going further.

Continue? [y/n] y
Format upgrade done.

<><> Updating repositories ><><><><><><><><><><><><><><><><><><><><><><><><><><>
[default] synchronised from file:///home/opam/opam-repository
[01;2m[01;35m2024-05-24 02:06.24 ---> using "41ba59c52c751987091a990bfc68743f47f1d48b58a0242e92679239747c0a38" from cache[0m

[01;34m/home/opam: (run (shell "uname -rs && opam exec -- ocaml -version && opam --version"))[0m
Linux 5.15.0-107-generic
The OCaml toplevel, version 4.14.2
2.2.0~beta3~dev
[01;2m[01;35m2024-05-24 02:06.24 ---> using "43177bf724d2ad14c3885c9e8604bf82de09a17c5632804082eaf00f00843b27" from cache[0m

[01;34m/home/opam: (env OPAMDOWNLOADJOBS 1)[0m

[01;34m/home/opam: (env OPAMERRLOGLEN 0)[0m

[01;34m/home/opam: (env OPAMSOLVERTIMEOUT 500)[0m

[01;34m/home/opam: (env OPAMPRECISETRACKING 1)[0m

[01;34m/home/opam: (env CI true)[0m

[01;34m/home/opam: (env OPAM_REPO_CI true)[0m

[01;34m/home/opam: (run (shell "rm -rf opam-repository/"))[0m
[01;2m[01;35m2024-05-24 02:06.24 ---> using "dc5d5a1631518083bf7b71a8bbeb70067bb1c0e264ce14940be3414232922413" from cache[0m

[01;34m/home/opam: (copy (src .) (dst opam-repository/))[0m
[01;2m[01;35m2024-05-24 02:06.29 ---> using "d556626f6b0062a49d011de86989420f302ac4e6de251ff57f6cd4898a4b9642" from cache[0m

[01;34m/home/opam: (run (shell "opam repository set-url --strict default opam-repository/"))[0m
[default] Initialised
[01;2m[01;35m2024-05-24 02:06.29 ---> using "459c9619e166ddc1e3ba1368e034b7f72b598e6ecb9b06f2a6a483480717e574" from cache[0m

[01;34m/home/opam: (run (network host)
                 (shell "opam update --depexts || true"))[0m
+ /usr/bin/sudo "apt-get" "update"
- Hit:1 http://deb.debian.org/debian bookworm InRelease
- Get:2 http://deb.debian.org/debian bookworm-updates InRelease [55.4 kB]
- Get:3 http://deb.debian.org/debian-security bookworm-security InRelease [48.0 kB]
- Get:4 http://deb.debian.org/debian-security bookworm-security/main amd64 Packages [156 kB]
- Fetched 259 kB in 0s (1041 kB/s)
- Reading package lists...
[01;2m[01;35m2024-05-24 02:06.29 ---> using "d6db531a0047732e69778757c47945135c78e6ba31f2415de63bea178b5e0369" from cache[0m

[01;34m/home/opam: (run (shell "opam pin add -k version -yn menhir-secondary.20210419 20210419"))[0m
menhir-secondary is now pinned to version 20210419
[01;2m[01;35m2024-05-24 02:06.29 ---> using "4b2426f7f8110ebfe1f7604b59d261733c12c1b24e06d809ddaebf3cfafa238a" from cache[0m

[01;34m/home/opam: (run (cache (opam-archives (target /home/opam/.opam/download-cache)))
                 (network host)
                 (shell  "opam reinstall menhir-secondary.20210419;\
                        \n        res=$?;\
                        \n        test \"$res\" != 31 && exit \"$res\";\
                        \n        export OPAMCLI=2.0;\
                        \n        build_dir=$(opam var prefix)/.opam-switch/build;\
                        \n        failed=$(ls \"$build_dir\");\
                        \n        partial_fails=\"\";\
                        \n        for pkg in $failed; do\
                        \n          if opam show -f x-ci-accept-failures: \"$pkg\" | grep -qF \"\\\"debian-12\\\"\"; then\
                        \n            echo \"A package failed and has been disabled for CI using the 'x-ci-accept-failures' field.\";\
                        \n          fi;\
                        \n          test \"$pkg\" != 'menhir-secondary.20210419' && partial_fails=\"$partial_fails $pkg\";\
                        \n        done;\
                        \n        test \"${partial_fails}\" != \"\" && echo \"opam-repo-ci detected dependencies failing: ${partial_fails}\";\
                        \n        exit 1"))[0m
menhir-secondary.20210419 is not installed. Install it? [y/n] y
The following actions will be performed:
=== install 3 packages
  - install dune-secondary           3.8.1             [required by menhir-secondary]
  - install menhir-secondary         20210419 (pinned)
  - install ocaml-secondary-compiler 4.14.1            [required by dune-secondary]

<><> Processing actions <><><><><><><><><><><><><><><><><><><><><><><><><><><><>
-> retrieved dune-secondary.3.8.1  (cached)
-> retrieved menhir-secondary.20210419  (cached)
-> retrieved ocaml-secondary-compiler.4.14.1  (cached)
-> installed ocaml-secondary-compiler.4.14.1
-> installed dune-secondary.3.8.1
-> installed menhir-secondary.20210419
Done.
# Run eval $(opam env) to update the current shell environment
[01;2m[01;35m2024-05-24 02:09.26 ---> saved as "35d30bb25e659b2e7f6fa7aa229dfe7bab8fd7d4622f43075c77382126d6276b"[0m

[01;34m/home/opam: (run (cache (opam-archives (target /home/opam/.opam/download-cache)))
                 (network host)
                 (shell  "opam reinstall yaml.1.0.0;\
                        \n        res=$?;\
                        \n        test \"$res\" != 31 && exit \"$res\";\
                        \n        export OPAMCLI=2.0;\
                        \n        build_dir=$(opam var prefix)/.opam-switch/build;\
                        \n        failed=$(ls \"$build_dir\");\
                        \n        partial_fails=\"\";\
                        \n        for pkg in $failed; do\
                        \n          if opam show -f x-ci-accept-failures: \"$pkg\" | grep -qF \"\\\"debian-12\\\"\"; then\
                        \n            echo \"A package failed and has been disabled for CI using the 'x-ci-accept-failures' field.\";\
                        \n          fi;\
                        \n          test \"$pkg\" != 'yaml.1.0.0' && partial_fails=\"$partial_fails $pkg\";\
                        \n        done;\
                        \n        test \"${partial_fails}\" != \"\" && echo \"opam-repo-ci detected dependencies failing: ${partial_fails}\";\
                        \n        exit 1"))[0m
yaml.1.0.0 is not installed. Install it? [y/n] y
The following actions will be performed:
=== install 28 packages
  - install astring             0.8.5   [required by bos]
  - install base                v0.16.3 [required by ppx_sexp_conv]
  - install bigarray-compat     1.1.0   [required by ctypes]
  - install bos                 0.2.0   [required by yaml]
  - install conf-bash           1       [required by base]
  - install csexp               1.5.2   [required by dune-configurator]
  - install ctypes              0.22.0  [required by yaml]
  - install dune                3.15.2  [required by yaml]
  - install dune-configurator   3.15.2  [required by yaml]
  - install fmt                 0.9.0   [required by yaml]
  - install fpath               0.7.3   [required by bos]
  - install integers            0.7.0   [required by ctypes]
  - install logs                0.7.0   [required by yaml]
  - install num                 1.5     [required by sexplib]
  - install ocaml-compiler-libs v0.12.4 [required by ppxlib]
  - install ocamlbuild          0.14.3  [required by bos]
  - install ocamlfind           1.9.6   [required by bos]
  - install parsexp             v0.16.0 [required by sexplib]
  - install ppx_derivers        1.2.1   [required by ppxlib]
  - install ppx_sexp_conv       v0.16.0 [required by yaml]
  - install ppxlib              0.32.1  [required by ppx_sexp_conv]
  - install result              1.5     [required by rresult]
  - install rresult             0.6.0   [required by yaml]
  - install sexplib             v0.16.0 [required by yaml]
  - install sexplib0            v0.16.0 [required by ppx_sexp_conv, sexplib]
  - install stdlib-shims        0.3.0   [required by integers, ppxlib]
  - install topkg               1.0.7   [required by bos]
  - install yaml                1.0.0

<><> Processing actions <><><><><><><><><><><><><><><><><><><><><><><><><><><><>
-> retrieved astring.0.8.5  (cached)
-> retrieved base.v0.16.3  (cached)
-> retrieved bigarray-compat.1.1.0  (cached)
-> retrieved bos.0.2.0  (cached)
-> retrieved csexp.1.5.2  (cached)
-> retrieved ctypes.0.22.0  (cached)
-> installed conf-bash.1
-> retrieved dune.3.15.2, dune-configurator.3.15.2  (cached)
-> retrieved fmt.0.9.0  (cached)
-> retrieved fpath.0.7.3  (cached)
-> retrieved integers.0.7.0  (cached)
-> retrieved logs.0.7.0  (cached)
-> retrieved num.1.5  (cached)
-> retrieved ocaml-compiler-libs.v0.12.4  (cached)
-> retrieved ocamlbuild.0.14.3  (cached)
-> retrieved ocamlfind.1.9.6  (cached)
-> retrieved parsexp.v0.16.0  (cached)
-> retrieved ppx_derivers.1.2.1  (cached)
-> retrieved ppx_sexp_conv.v0.16.0  (cached)
-> retrieved ppxlib.0.32.1  (cached)
-> retrieved result.1.5  (cached)
-> retrieved rresult.0.6.0  (cached)
-> retrieved sexplib.v0.16.0  (cached)
-> retrieved sexplib0.v0.16.0  (cached)
-> retrieved stdlib-shims.0.3.0  (cached)
-> retrieved topkg.1.0.7  (cached)
-> retrieved yaml.1.0.0  (https://github.com/avsm/ocaml-yaml/releases/download/v1.0.0/yaml-v1.0.0.tbz)
-> installed num.1.5
-> installed ocamlfind.1.9.6
-> installed ocamlbuild.0.14.3
-> installed topkg.1.0.7
-> installed fmt.0.9.0
-> installed astring.0.8.5
-> installed logs.0.7.0
-> installed fpath.0.7.3
-> installed dune.3.15.2
-> installed ppx_derivers.1.2.1
-> installed bigarray-compat.1.1.0
-> installed csexp.1.5.2
-> installed ocaml-compiler-libs.v0.12.4
-> installed result.1.5
-> installed sexplib0.v0.16.0
-> installed stdlib-shims.0.3.0
-> installed integers.0.7.0
-> installed rresult.0.6.0
-> installed parsexp.v0.16.0
-> installed dune-configurator.3.15.2
-> installed sexplib.v0.16.0
-> installed bos.0.2.0
-> installed base.v0.16.3
-> installed ctypes.0.22.0
-> installed ppxlib.0.32.1
-> installed ppx_sexp_conv.v0.16.0
-> installed yaml.1.0.0
Done.
# Run eval $(opam env) to update the current shell environment
[01;2m[01;35m2024-05-24 02:11.57 ---> saved as "97d9ed6029b2fd94e0d2d7c3d2b349aef515e4b4540b3784ab452240d2ab0148"[0m

[01;34m/home/opam: (run (network host)
                 (shell "(opam reinstall --with-test yaml.1.0.0) || true"))[0m
[ERROR] Sorry, resolution of the request timed out.
        Try to specify a more precise request, use a different solver, or increase the allowed time by setting OPAMSOLVERTIMEOUT to a bigger value (currently, it is set to 500.0 seconds).
[01;2m[01;35m2024-05-24 02:20.48 ---> saved as "8c378d875d99dfb70733ebdcde6068f61857464c6a9b9554d0c83df43b00535e"[0m

[01;34m/home/opam: (run (shell  "opam reinstall --with-test --verbose yaml.1.0.0;\
                        \n        res=$?;\
                        \n        test \"$res\" != 31 && exit \"$res\";\
                        \n        export OPAMCLI=2.0;\
                        \n        build_dir=$(opam var prefix)/.opam-switch/build;\
                        \n        failed=$(ls \"$build_dir\");\
                        \n        partial_fails=\"\";\
                        \n        for pkg in $failed; do\
                        \n          if opam show -f x-ci-accept-failures: \"$pkg\" | grep -qF \"\\\"debian-12\\\"\"; then\
                        \n            echo \"A package failed and has been disabled for CI using the 'x-ci-accept-failures' field.\";\
                        \n          fi;\
                        \n          test \"$pkg\" != 'yaml.1.0.0' && partial_fails=\"$partial_fails $pkg\";\
                        \n        done;\
                        \n        test \"${partial_fails}\" != \"\" && echo \"opam-repo-ci detected dependencies failing: ${partial_fails}\";\
                        \n        exit 1"))[0m
The following actions will be performed:
=== recompile 4 packages
  - recompile bos                0.2.0  [uses fmt]
  - recompile fmt                0.9.0  [uses cmdliner]
  - recompile logs               0.7.0  [uses cmdliner]
  - recompile yaml               1.0.0
=== install 18 packages
  - install   alcotest           1.7.0  [required by yaml]
  - install   camlp-streams      5.0.1  [required by mdx]
  - install   cmdliner           1.3.0  [required by alcotest, mdx]
  - install   cppo               1.6.9  [required by mdx]
  - install   cstruct            6.2.0  [required by hex]
  - install   ezjsonm            1.3.0  [required by yaml]
  - install   hex                1.5.0  [required by ezjsonm]
  - install   jsonm              1.0.2  [required by ezjsonm]
  - install   junit              2.0.2  [required by junit_alcotest]
  - install   junit_alcotest     2.0.2  [required by yaml]
  - install   mdx                2.4.1  [required by yaml]
  - install   ocaml-syntax-shims 1.0.0  [required by alcotest]
  - install   ocaml-version      3.6.7  [required by mdx]
  - install   ptime              1.1.0  [required by junit]
  - install   re                 1.11.0 [required by alcotest, mdx]
  - install   seq                0.3.1  [required by re]
  - install   tyxml              4.6.0  [required by junit]
  - install   uutf               1.0.3  [required by alcotest, ezjsonm]

<><> Processing actions <><><><><><><><><><><><><><><><><><><><><><><><><><><><>
Processing  1/69: [alcotest.1.7.0: http]
[ERROR] Failed to get sources of alcotest.1.7.0: Curl failed
Processing  2/69: [bos.0.2.0: http]
[ERROR] Failed to get sources of bos.0.2.0: Curl failed
Processing  3/69: [camlp-streams.5.0.1: http]
[ERROR] Failed to get sources of camlp-streams.5.0.1: Curl failed
Processing  4/69: [cmdliner.1.3.0: http]
Processing  5/69: [cmdliner.1.3.0: http]
Processing  6/69: [cmdliner.1.3.0: http]
[ERROR] Failed to get sources of cmdliner.1.3.0: Curl failed
Processing  7/69: [cppo.1.6.9: http]
Processing  8/69: [cppo.1.6.9: http]
Processing  9/69: [cppo.1.6.9: http]
[ERROR] Failed to get sources of cppo.1.6.9: Curl failed
Processing 10/69: [cstruct.6.2.0: http]
Processing 11/69: [cstruct.6.2.0: http]
Processing 12/69: [cstruct.6.2.0: http]
[ERROR] Failed to get sources of cstruct.6.2.0: Curl failed
Processing 13/69: [ezjsonm.1.3.0: http]
[ERROR] Failed to get sources of ezjsonm.1.3.0: Curl failed
Processing 14/69: [fmt.0.9.0: http]
[ERROR] Failed to get sources of fmt.0.9.0: Curl failed
Processing 15/69: [hex.1.5.0: http]
Processing 16/69: [hex.1.5.0: http]
[ERROR] Failed to get sources of hex.1.5.0: Curl failed
Processing 17/69: [jsonm.1.0.2: http]
[ERROR] Failed to get sources of jsonm.1.0.2: Curl failed
Processing 18/69: [junit.2.0.2, junit_alcotest.2.0.2: http]
[ERROR] Failed to get sources of junit.2.0.2, junit_alcotest.2.0.2 (https://github.com/Khady/ocaml-junit/releases/download/2.0.2/junit-2.0.2.tbz): Curl failed
Processing 19/69: [logs.0.7.0: http]
[ERROR] Failed to get sources of logs.0.7.0: Curl failed
Processing 20/69: [mdx.2.4.1: http]
[ERROR] Failed to get sources of mdx.2.4.1: Curl failed
Processing 21/69: [ocaml-syntax-shims.1.0.0: http]
[ERROR] Failed to get sources of ocaml-syntax-shims.1.0.0: Curl failed
Processing 22/69: [ocaml-version.3.6.7: http]
Processing 23/69: [ocaml-version.3.6.7: http]
Processing 24/69: [ocaml-version.3.6.7: http]
[ERROR] Failed to get sources of ocaml-version.3.6.7: Curl failed
Processing 25/69: [ptime.1.1.0: http]
Processing 26/69: [ptime.1.1.0: http]
Processing 27/69: [ptime.1.1.0: http]
[ERROR] Failed to get sources of ptime.1.1.0: Curl failed
Processing 28/69: [re.1.11.0: http]
Processing 29/69: [re.1.11.0: http]
Processing 30/69: [re.1.11.0: http]
[ERROR] Failed to get sources of re.1.11.0: Curl failed
Processing 31/69: [seq.0.3.1: http]
[ERROR] Failed to get sources of seq.0.3.1: Curl failed
Processing 32/69: [tyxml.4.6.0: http]
Processing 33/69: [tyxml.4.6.0: http]
Processing 34/69: [tyxml.4.6.0: http]
Processing 35/69: [tyxml.4.6.0: http]
Processing 36/69: [tyxml.4.6.0: http]
[ERROR] Failed to get sources of tyxml.4.6.0: Curl failed
Processing 37/69: [uutf.1.0.3: http]
[ERROR] Failed to get sources of uutf.1.0.3: Curl failed
Processing 38/69: [yaml.1.0.0: http]
Processing 39/69: [yaml.1.0.0: http]
Processing 40/69: [yaml.1.0.0: http]
Processing 41/69: [yaml.1.0.0: http]
Processing 42/69: [yaml.1.0.0: http]
Processing 43/69: [yaml.1.0.0: http]
Processing 44/69: [yaml.1.0.0: http]
Processing 45/69: [yaml.1.0.0: http]
Processing 46/69: [yaml.1.0.0: http]
[ERROR] Failed to get sources of yaml.1.0.0: Curl failed

#=== ERROR while fetching sources for yaml.1.0.0 ==============================#
OpamSolution.Fetch_fail("https://github.com/avsm/ocaml-yaml/releases/download/v1.0.0/yaml-v1.0.0.tbz (Curl failed: \"/usr/bin/curl --write-out %{http_code}\\\\n --retry 3 --retry-delay 2 --user-agent opam/2.2.0~beta3~dev -L -o /home/opam/.opam/4.14/.opam-switch/sources/yaml.1.0.0/yaml-v1.0.0.tbz.part -- https://github.com/avsm/ocaml-yaml/releases/download/v1.0.0/yaml-v1.0.0.tbz\" exited with code 6)")

#=== ERROR while fetching sources for uutf.1.0.3 ==============================#
OpamSolution.Fetch_fail("https://erratique.ch/software/uutf/releases/uutf-1.0.3.tbz (Curl failed: \"/usr/bin/curl --write-out %{http_code}\\\\n --retry 3 --retry-delay 2 --user-agent opam/2.2.0~beta3~dev -L -o /home/opam/.opam/4.14/.opam-switch/sources/uutf.1.0.3/uutf-1.0.3.tbz.part -- https://erratique.ch/software/uutf/releases/uutf-1.0.3.tbz\" exited with code 6)")

#=== ERROR while fetching sources for tyxml.4.6.0 =============================#
OpamSolution.Fetch_fail("https://github.com/ocsigen/tyxml/releases/download/4.6.0/tyxml-4.6.0.tbz (Curl failed: \"/usr/bin/curl --write-out %{http_code}\\\\n --retry 3 --retry-delay 2 --user-agent opam/2.2.0~beta3~dev -L -o /home/opam/.opam/4.14/.opam-switch/sources/tyxml.4.6.0/tyxml-4.6.0.tbz.part -- https://github.com/ocsigen/tyxml/releases/download/4.6.0/tyxml-4.6.0.tbz\" exited with code 6)")

#=== ERROR while fetching sources for seq.0.3.1 ===============================#
OpamSolution.Fetch_fail("https://github.com/c-cube/seq/archive/v0.3.1.tar.gz (Curl failed: \"/usr/bin/curl --write-out %{http_code}\\\\n --retry 3 --retry-delay 2 --user-agent opam/2.2.0~beta3~dev -L -o /home/opam/.opam/4.14/.opam-switch/sources/seq.0.3.1/v0.3.1.tar.gz.part -- https://github.com/c-cube/seq/archive/v0.3.1.tar.gz\" exited with code 6)")

#=== ERROR while fetching sources for re.1.11.0 ===============================#
OpamSolution.Fetch_fail("https://github.com/ocaml/ocaml-re/releases/download/1.11.0/re-1.11.0.tbz (Curl failed: \"/usr/bin/curl --write-out %{http_code}\\\\n --retry 3 --retry-delay 2 --user-agent opam/2.2.0~beta3~dev -L -o /home/opam/.opam/4.14/.opam-switch/sources/re.1.11.0/re-1.11.0.tbz.part -- https://github.com/ocaml/ocaml-re/releases/download/1.11.0/re-1.11.0.tbz\" exited with code 6)")

#=== ERROR while fetching sources for ptime.1.1.0 =============================#
OpamSolution.Fetch_fail("https://erratique.ch/software/ptime/releases/ptime-1.1.0.tbz (Curl failed: \"/usr/bin/curl --write-out %{http_code}\\\\n --retry 3 --retry-delay 2 --user-agent opam/2.2.0~beta3~dev -L -o /home/opam/.opam/4.14/.opam-switch/sources/ptime.1.1.0/ptime-1.1.0.tbz.part -- https://erratique.ch/software/ptime/releases/ptime-1.1.0.tbz\" exited with code 6)")

#=== ERROR while fetching sources for ocaml-version.3.6.7 =====================#
OpamSolution.Fetch_fail("https://github.com/ocurrent/ocaml-version/releases/download/v3.6.7/ocaml-version-3.6.7.tbz (Curl failed: \"/usr/bin/curl --write-out %{http_code}\\\\n --retry 3 --retry-delay 2 --user-agent opam/2.2.0~beta3~dev -L -o /home/opam/.opam/4.14/.opam-switch/sources/ocaml-version.3.6.7/ocaml-version-3.6.7.tbz.part -- https://github.com/ocurrent/ocaml-version/releases/download/v3.6.7/ocaml-version-3.6.7.tbz\" exited with code 6)")

#=== ERROR while fetching sources for ocaml-syntax-shims.1.0.0 ================#
OpamSolution.Fetch_fail("https://github.com/ocaml-ppx/ocaml-syntax-shims/releases/download/1.0.0/ocaml-syntax-shims-1.0.0.tbz (Curl failed: \"/usr/bin/curl --write-out %{http_code}\\\\n --retry 3 --retry-delay 2 --user-agent opam/2.2.0~beta3~dev -L -o /home/opam/.opam/4.14/.opam-switch/sources/ocaml-syntax-shims.1.0.0/ocaml-syntax-shims-1.0.0.tbz.part -- https://github.com/ocaml-ppx/ocaml-syntax-shims/releases/download/1.0.0/ocaml-syntax-shims-1.0.0.tbz\" exited with code 6)")

#=== ERROR while fetching sources for mdx.2.4.1 ===============================#
OpamSolution.Fetch_fail("https://github.com/realworldocaml/mdx/releases/download/2.4.1/mdx-2.4.1.tbz (Curl failed: \"/usr/bin/curl --write-out %{http_code}\\\\n --retry 3 --retry-delay 2 --user-agent opam/2.2.0~beta3~dev -L -o /home/opam/.opam/4.14/.opam-switch/sources/mdx.2.4.1/mdx-2.4.1.tbz.part -- https://github.com/realworldocaml/mdx/releases/download/2.4.1/mdx-2.4.1.tbz\" exited with code 6)")

#=== ERROR while fetching sources for logs.0.7.0 ==============================#
OpamSolution.Fetch_fail("https://erratique.ch/software/logs/releases/logs-0.7.0.tbz (Curl failed: \"/usr/bin/curl --write-out %{http_code}\\\\n --retry 3 --retry-delay 2 --user-agent opam/2.2.0~beta3~dev -L -o /home/opam/.opam/4.14/.opam-switch/sources/logs.0.7.0/logs-0.7.0.tbz.part -- https://erratique.ch/software/logs/releases/logs-0.7.0.tbz\" exited with code 6)")

#=== ERROR while fetching sources for junit.2.0.2 and junit_alcotest.2.0.2 ====#
OpamSolution.Fetch_fail("https://github.com/Khady/ocaml-junit/releases/download/2.0.2/junit-2.0.2.tbz (Curl failed: \"/usr/bin/curl --write-out %{http_code}\\\\n --retry 3 --retry-delay 2 --user-agent opam/2.2.0~beta3~dev -L -o /tmp/opam-7-fac8ed/junit-2.0.2.tbz.part -- https://github.com/Khady/ocaml-junit/releases/download/2.0.2/junit-2.0.2.tbz\" exited with code 6)")

#=== ERROR while fetching sources for jsonm.1.0.2 =============================#
OpamSolution.Fetch_fail("https://erratique.ch/software/jsonm/releases/jsonm-1.0.2.tbz (Curl failed: \"/usr/bin/curl --write-out %{http_code}\\\\n --retry 3 --retry-delay 2 --user-agent opam/2.2.0~beta3~dev -L -o /home/opam/.opam/4.14/.opam-switch/sources/jsonm.1.0.2/jsonm-1.0.2.tbz.part -- https://erratique.ch/software/jsonm/releases/jsonm-1.0.2.tbz\" exited with code 6)")

#=== ERROR while fetching sources for hex.1.5.0 ===============================#
OpamSolution.Fetch_fail("https://github.com/mirage/ocaml-hex/releases/download/v1.5.0/hex-1.5.0.tbz (Curl failed: \"/usr/bin/curl --write-out %{http_code}\\\\n --retry 3 --retry-delay 2 --user-agent opam/2.2.0~beta3~dev -L -o /home/opam/.opam/4.14/.opam-switch/sources/hex.1.5.0/hex-1.5.0.tbz.part -- https://github.com/mirage/ocaml-hex/releases/download/v1.5.0/hex-1.5.0.tbz\" exited with code 6)")

#=== ERROR while fetching sources for fmt.0.9.0 ===============================#
OpamSolution.Fetch_fail("https://erratique.ch/software/fmt/releases/fmt-0.9.0.tbz (Curl failed: \"/usr/bin/curl --write-out %{http_code}\\\\n --retry 3 --retry-delay 2 --user-agent opam/2.2.0~beta3~dev -L -o /home/opam/.opam/4.14/.opam-switch/sources/fmt.0.9.0/fmt-0.9.0.tbz.part -- https://erratique.ch/software/fmt/releases/fmt-0.9.0.tbz\" exited with code 6)")

#=== ERROR while fetching sources for ezjsonm.1.3.0 ===========================#
OpamSolution.Fetch_fail("https://github.com/mirage/ezjsonm/releases/download/v1.3.0/ezjsonm-1.3.0.tbz (Curl failed: \"/usr/bin/curl --write-out %{http_code}\\\\n --retry 3 --retry-delay 2 --user-agent opam/2.2.0~beta3~dev -L -o /home/opam/.opam/4.14/.opam-switch/sources/ezjsonm.1.3.0/ezjsonm-1.3.0.tbz.part -- https://github.com/mirage/ezjsonm/releases/download/v1.3.0/ezjsonm-1.3.0.tbz\" exited with code 6)")

#=== ERROR while fetching sources for cstruct.6.2.0 ===========================#
OpamSolution.Fetch_fail("https://github.com/mirage/ocaml-cstruct/releases/download/v6.2.0/cstruct-6.2.0.tbz (Curl failed: \"/usr/bin/curl --write-out %{http_code}\\\\n --retry 3 --retry-delay 2 --user-agent opam/2.2.0~beta3~dev -L -o /home/opam/.opam/4.14/.opam-switch/sources/cstruct.6.2.0/cstruct-6.2.0.tbz.part -- https://github.com/mirage/ocaml-cstruct/releases/download/v6.2.0/cstruct-6.2.0.tbz\" exited with code 6)")

#=== ERROR while fetching sources for cppo.1.6.9 ==============================#
OpamSolution.Fetch_fail("https://github.com/ocaml-community/cppo/archive/v1.6.9.tar.gz (Curl failed: \"/usr/bin/curl --write-out %{http_code}\\\\n --retry 3 --retry-delay 2 --user-agent opam/2.2.0~beta3~dev -L -o /home/opam/.opam/4.14/.opam-switch/sources/cppo.1.6.9/v1.6.9.tar.gz.part -- https://github.com/ocaml-community/cppo/archive/v1.6.9.tar.gz\" exited with code 6)")

#=== ERROR while fetching sources for cmdliner.1.3.0 ==========================#
OpamSolution.Fetch_fail("https://erratique.ch/software/cmdliner/releases/cmdliner-1.3.0.tbz (Curl failed: \"/usr/bin/curl --write-out %{http_code}\\\\n --retry 3 --retry-delay 2 --user-agent opam/2.2.0~beta3~dev -L -o /home/opam/.opam/4.14/.opam-switch/sources/cmdliner.1.3.0/cmdliner-1.3.0.tbz.part -- https://erratique.ch/software/cmdliner/releases/cmdliner-1.3.0.tbz\" exited with code 6)")

#=== ERROR while fetching sources for camlp-streams.5.0.1 =====================#
OpamSolution.Fetch_fail("https://github.com/ocaml/camlp-streams/archive/v5.0.1.tar.gz (Curl failed: \"/usr/bin/curl --write-out %{http_code}\\\\n --retry 3 --retry-delay 2 --user-agent opam/2.2.0~beta3~dev -L -o /home/opam/.opam/4.14/.opam-switch/sources/camlp-streams.5.0.1/v5.0.1.tar.gz.part -- https://github.com/ocaml/camlp-streams/archive/v5.0.1.tar.gz\" exited with code 6)")

#=== ERROR while fetching sources for bos.0.2.0 ===============================#
OpamSolution.Fetch_fail("http://erratique.ch/software/bos/releases/bos-0.2.0.tbz (Curl failed: \"/usr/bin/curl --write-out %{http_code}\\\\n --retry 3 --retry-delay 2 --user-agent opam/2.2.0~beta3~dev -L -o /home/opam/.opam/4.14/.opam-switch/sources/bos.0.2.0/bos-0.2.0.tbz.part -- http://erratique.ch/software/bos/releases/bos-0.2.0.tbz\" exited with code 6)")

#=== ERROR while fetching sources for alcotest.1.7.0 ==========================#
OpamSolution.Fetch_fail("https://github.com/mirage/alcotest/releases/download/1.7.0/alcotest-1.7.0.tbz (Curl failed: \"/usr/bin/curl --write-out %{http_code}\\\\n --retry 3 --retry-delay 2 --user-agent opam/2.2.0~beta3~dev -L -o /home/opam/.opam/4.14/.opam-switch/sources/alcotest.1.7.0/alcotest-1.7.0.tbz.part -- https://github.com/mirage/alcotest/releases/download/1.7.0/alcotest-1.7.0.tbz\" exited with code 6)")


<><> Error report <><><><><><><><><><><><><><><><><><><><><><><><><><><><><><><>
+- The following actions failed
| - fetch alcotest                          1.7.0
| - fetch bos                               0.2.0
| - fetch camlp-streams                     5.0.1
| - fetch cmdliner                          1.3.0
| - fetch cppo                              1.6.9
| - fetch cstruct                           6.2.0
| - fetch ezjsonm                           1.3.0
| - fetch fmt                               0.9.0
| - fetch hex                               1.5.0
| - fetch jsonm                             1.0.2
| - fetch junit.2.0.2, junit_alcotest.2.0.2 
| - fetch logs                              0.7.0
| - fetch mdx                               2.4.1
| - fetch ocaml-syntax-shims                1.0.0
| - fetch ocaml-version                     3.6.7
| - fetch ptime                             1.1.0
| - fetch re                                1.11.0
| - fetch seq                               0.3.1
| - fetch tyxml                             4.6.0
| - fetch uutf                              1.0.3
| - fetch yaml                              1.0.0
+- 
- No changes have been performed
# Run eval $(opam env) to update the current shell environment
'opam reinstall --with-test --verbose yaml.1.0.0' failed.
"/usr/bin/env" "bash" "-c" "opam reinstall --with-test --verbose yaml.1.0.0;
        res=$?;
        test "$res" != 31 && exit "$res";
        export OPAMCLI=2.0;
        build_dir=$(opam var prefix)/.opam-switch/build;
        failed=$(ls "$build_dir");
        partial_fails="";
        for pkg in $failed; do
          if opam show -f x-ci-accept-failures: "$pkg" | grep -qF "\"debian-12\""; then
            echo "A package failed and has been disabled for CI using the 'x-ci-accept-failures' field.";
          fi;
          test "$pkg" != 'yaml.1.0.0' && partial_fails="$partial_fails $pkg";
        done;
        test "${partial_fails}" != "" && echo "opam-repo-ci detected dependencies failing: ${partial_fails}";
        exit 1" failed with exit status 40
2024-05-24 02:31.42: Job failed: Failed: Build failed
2024-05-24 02:31.42: Log analysis:
2024-05-24 02:31.42: >>> 
[ERROR] Sorry, resolution of the request timed out.
 (score = 20)
2024-05-24 02:31.42: >>> 
[ERROR] Failed to get sources of alcotest.1.7.0: Curl failed
 (score = 25)
2024-05-24 02:31.42: >>> 
[ERROR] Failed to get sources of bos.0.2.0: Curl failed
 (score = 25)
2024-05-24 02:31.42: >>> 
[ERROR] Failed to get sources of camlp-streams.5.0.1: Curl failed
 (score = 25)
2024-05-24 02:31.42: >>> 
[ERROR] Failed to get sources of cmdliner.1.3.0: Curl failed
 (score = 25)
2024-05-24 02:31.42: >>> 
[ERROR] Failed to get sources of cppo.1.6.9: Curl failed
 (score = 25)
2024-05-24 02:31.42: >>> 
[ERROR] Failed to get sources of cstruct.6.2.0: Curl failed
 (score = 25)
2024-05-24 02:31.42: >>> 
[ERROR] Failed to get sources of ezjsonm.1.3.0: Curl failed
 (score = 25)
2024-05-24 02:31.42: >>> 
[ERROR] Failed to get sources of fmt.0.9.0: Curl failed
 (score = 25)
2024-05-24 02:31.42: >>> 
[ERROR] Failed to get sources of hex.1.5.0: Curl failed
 (score = 25)
2024-05-24 02:31.42: >>> 
[ERROR] Failed to get sources of jsonm.1.0.2: Curl failed
 (score = 25)
2024-05-24 02:31.42: >>> 
[ERROR] Failed to get sources of junit.2.0.2, junit_alcotest.2.0.2 (https://github.com/Khady/ocaml-junit/releases/download/2.0.2/junit-2.0.2.tbz): Curl failed
 (score = 25)
2024-05-24 02:31.42: >>> 
[ERROR] Failed to get sources of logs.0.7.0: Curl failed
 (score = 25)
2024-05-24 02:31.42: >>> 
[ERROR] Failed to get sources of mdx.2.4.1: Curl failed
 (score = 25)
2024-05-24 02:31.42: >>> 
[ERROR] Failed to get sources of ocaml-syntax-shims.1.0.0: Curl failed
 (score = 25)
2024-05-24 02:31.42: >>> 
[ERROR] Failed to get sources of ocaml-version.3.6.7: Curl failed
 (score = 25)
2024-05-24 02:31.42: >>> 
[ERROR] Failed to get sources of ptime.1.1.0: Curl failed
 (score = 25)
2024-05-24 02:31.42: >>> 
[ERROR] Failed to get sources of re.1.11.0: Curl failed
 (score = 25)
2024-05-24 02:31.42: >>> 
[ERROR] Failed to get sources of seq.0.3.1: Curl failed
 (score = 25)
2024-05-24 02:31.42: >>> 
[ERROR] Failed to get sources of tyxml.4.6.0: Curl failed
 (score = 25)
2024-05-24 02:31.42: >>> 
[ERROR] Failed to get sources of uutf.1.0.3: Curl failed
 (score = 25)
2024-05-24 02:31.42: >>> 
[ERROR] Failed to get sources of yaml.1.0.0: Curl failed
 (score = 25)
2024-05-24 02:31.42: Failed to get sources of alcotest.1.7.0: Curl failed
