2024-03-24 10:42.47: New job: test irmin-http.2.6.0 with conf-pkg-config.2, using opam dev
                              from https://github.com/ocaml/opam-repository.git#refs/pull/25573/head (cbb8cd94c39e250b80c3d011957716a0096cbb3e)
                              on debian-12-ocaml-4.14/amd64

To reproduce locally:

cd $(mktemp -d)
git clone --recursive "https://github.com/ocaml/opam-repository.git" && cd "opam-repository" && git fetch origin "refs/pull/25573/head" && git reset --hard cbb8cd94
git fetch origin master
git merge --no-edit aef07c8faffdc0a34b1e4297f74a5003c6c4f434
cat > ../Dockerfile <<'END-OF-DOCKERFILE'
[34mFROM ocaml/opam:debian-12-ocaml-4.14@sha256:192ae4cbe34237dcf8a9811ef1002a8eb6b85336f3b1f6d22b2949df45f90f74
USER 1000:1000
WORKDIR /home/opam
RUN sudo ln -f /usr/bin/opam-dev /usr/bin/opam
RUN opam init --reinit -ni
ENV OPAMDOWNLOADJOBS="1"
ENV OPAMERRLOGLEN="0"
ENV OPAMSOLVERTIMEOUT="500"
ENV OPAMPRECISETRACKING="1"
ENV CI="true"
ENV OPAM_REPO_CI="true"
RUN rm -rf opam-repository/
COPY --chown=1000:1000 . opam-repository/
RUN opam repository set-url --strict default opam-repository/
RUN opam update --depexts || true
ENV OPAMCRITERIA="-removed,-count[avoid-version,changed],-count[version-lag,request],-count[version-lag,changed],-count[missing-depexts,changed],-changed"
ENV OPAMFIXUPCRITERIA="-removed,-count[avoid-version,changed],-count[version-lag,request],-count[version-lag,changed],-count[missing-depexts,changed],-changed"
ENV OPAMUPGRADECRITERIA="-removed,-count[avoid-version,changed],-count[version-lag,request],-count[version-lag,changed],-count[missing-depexts,changed],-changed"
RUN opam pin add -k version -yn conf-pkg-config.2 2
RUN opam reinstall conf-pkg-config.2; \
    res=$?; \
    test "$res" != 31 && exit "$res"; \
    export OPAMCLI=2.0; \
    build_dir=$(opam var prefix)/.opam-switch/build; \
    failed=$(ls "$build_dir"); \
    partial_fails=""; \
    for pkg in $failed; do \
    if opam show -f x-ci-accept-failures: "$pkg" | grep -qF "\"debian-12\""; then \
    echo "A package failed and has been disabled for CI using the 'x-ci-accept-failures' field."; \
    fi; \
    test "$pkg" != 'conf-pkg-config.2' && partial_fails="$partial_fails $pkg"; \
    done; \
    test "${partial_fails}" != "" && echo "opam-repo-ci detected dependencies failing: ${partial_fails}"; \
    exit 1
ENV OPAMCRITERIA="-removed,-count[avoid-version,changed],-count[version-lag,request],-count[version-lag,changed],-count[missing-depexts,changed],-changed"
ENV OPAMFIXUPCRITERIA="-removed,-count[avoid-version,changed],-count[version-lag,request],-count[version-lag,changed],-count[missing-depexts,changed],-changed"
ENV OPAMUPGRADECRITERIA="-removed,-count[avoid-version,changed],-count[version-lag,request],-count[version-lag,changed],-count[missing-depexts,changed],-changed"
RUN opam reinstall irmin-http.2.6.0; \
    res=$?; \
    test "$res" != 31 && exit "$res"; \
    export OPAMCLI=2.0; \
    build_dir=$(opam var prefix)/.opam-switch/build; \
    failed=$(ls "$build_dir"); \
    partial_fails=""; \
    for pkg in $failed; do \
    if opam show -f x-ci-accept-failures: "$pkg" | grep -qF "\"debian-12\""; then \
    echo "A package failed and has been disabled for CI using the 'x-ci-accept-failures' field."; \
    fi; \
    test "$pkg" != 'irmin-http.2.6.0' && partial_fails="$partial_fails $pkg"; \
    done; \
    test "${partial_fails}" != "" && echo "opam-repo-ci detected dependencies failing: ${partial_fails}"; \
    exit 1
ENV OPAMCRITERIA="-removed,-count[avoid-version,changed],-count[version-lag,request],-count[version-lag,changed],-count[missing-depexts,changed],-changed"
ENV OPAMFIXUPCRITERIA="-removed,-count[avoid-version,changed],-count[version-lag,request],-count[version-lag,changed],-count[missing-depexts,changed],-changed"
ENV OPAMUPGRADECRITERIA="-removed,-count[avoid-version,changed],-count[version-lag,request],-count[version-lag,changed],-count[missing-depexts,changed],-changed"
RUN (opam reinstall --with-test irmin-http.2.6.0) || true
RUN opam reinstall --with-test --verbose irmin-http.2.6.0; \
    res=$?; \
    test "$res" != 31 && exit "$res"; \
    export OPAMCLI=2.0; \
    build_dir=$(opam var prefix)/.opam-switch/build; \
    failed=$(ls "$build_dir"); \
    partial_fails=""; \
    for pkg in $failed; do \
    if opam show -f x-ci-accept-failures: "$pkg" | grep -qF "\"debian-12\""; then \
    echo "A package failed and has been disabled for CI using the 'x-ci-accept-failures' field."; \
    fi; \
    test "$pkg" != 'irmin-http.2.6.0' && partial_fails="$partial_fails $pkg"; \
    done; \
    test "${partial_fails}" != "" && echo "opam-repo-ci detected dependencies failing: ${partial_fails}"; \
    exit 1
[0m
END-OF-DOCKERFILE
docker build -f ../Dockerfile .

2024-03-24 10:42.47: Using cache hint "ocaml/opam:debian-12-ocaml-4.14@sha256:192ae4cbe34237dcf8a9811ef1002a8eb6b85336f3b1f6d22b2949df45f90f74-conf-pkg-config.2-irmin-http.2.6.0-cbb8cd94c39e250b80c3d011957716a0096cbb3e"
2024-03-24 10:42.47: Using OBuilder spec:
((from ocaml/opam:debian-12-ocaml-4.14@sha256:192ae4cbe34237dcf8a9811ef1002a8eb6b85336f3b1f6d22b2949df45f90f74)
 (user (uid 1000) (gid 1000))
 (workdir /home/opam)
 (run (shell "sudo ln -f /usr/bin/opam-dev /usr/bin/opam"))
 (run (network host)
      (shell "opam init --reinit --config .opamrc-sandbox -ni"))
 (env OPAMDOWNLOADJOBS 1)
 (env OPAMERRLOGLEN 0)
 (env OPAMSOLVERTIMEOUT 500)
 (env OPAMPRECISETRACKING 1)
 (env CI true)
 (env OPAM_REPO_CI true)
 (run (shell "rm -rf opam-repository/"))
 (copy (src .) (dst opam-repository/))
 (run (shell "opam repository set-url --strict default opam-repository/"))
 (run (network host)
      (shell "opam update --depexts || true"))
 (env OPAMCRITERIA -removed,-count[avoid-version,changed],-count[version-lag,request],-count[version-lag,changed],-count[missing-depexts,changed],-changed)
 (env OPAMFIXUPCRITERIA -removed,-count[avoid-version,changed],-count[version-lag,request],-count[version-lag,changed],-count[missing-depexts,changed],-changed)
 (env OPAMUPGRADECRITERIA -removed,-count[avoid-version,changed],-count[version-lag,request],-count[version-lag,changed],-count[missing-depexts,changed],-changed)
 (run (shell "opam pin add -k version -yn conf-pkg-config.2 2"))
 (run (cache (opam-archives (target /home/opam/.opam/download-cache)))
      (network host)
      (shell  "opam reinstall conf-pkg-config.2;\
             \n        res=$?;\
             \n        test \"$res\" != 31 && exit \"$res\";\
             \n        export OPAMCLI=2.0;\
             \n        build_dir=$(opam var prefix)/.opam-switch/build;\
             \n        failed=$(ls \"$build_dir\");\
             \n        partial_fails=\"\";\
             \n        for pkg in $failed; do\
             \n          if opam show -f x-ci-accept-failures: \"$pkg\" | grep -qF \"\\\"debian-12\\\"\"; then\
             \n            echo \"A package failed and has been disabled for CI using the 'x-ci-accept-failures' field.\";\
             \n          fi;\
             \n          test \"$pkg\" != 'conf-pkg-config.2' && partial_fails=\"$partial_fails $pkg\";\
             \n        done;\
             \n        test \"${partial_fails}\" != \"\" && echo \"opam-repo-ci detected dependencies failing: ${partial_fails}\";\
             \n        exit 1"))
 (env OPAMCRITERIA -removed,-count[avoid-version,changed],-count[version-lag,request],-count[version-lag,changed],-count[missing-depexts,changed],-changed)
 (env OPAMFIXUPCRITERIA -removed,-count[avoid-version,changed],-count[version-lag,request],-count[version-lag,changed],-count[missing-depexts,changed],-changed)
 (env OPAMUPGRADECRITERIA -removed,-count[avoid-version,changed],-count[version-lag,request],-count[version-lag,changed],-count[missing-depexts,changed],-changed)
 (run (cache (opam-archives (target /home/opam/.opam/download-cache)))
      (network host)
      (shell  "opam reinstall irmin-http.2.6.0;\
             \n        res=$?;\
             \n        test \"$res\" != 31 && exit \"$res\";\
             \n        export OPAMCLI=2.0;\
             \n        build_dir=$(opam var prefix)/.opam-switch/build;\
             \n        failed=$(ls \"$build_dir\");\
             \n        partial_fails=\"\";\
             \n        for pkg in $failed; do\
             \n          if opam show -f x-ci-accept-failures: \"$pkg\" | grep -qF \"\\\"debian-12\\\"\"; then\
             \n            echo \"A package failed and has been disabled for CI using the 'x-ci-accept-failures' field.\";\
             \n          fi;\
             \n          test \"$pkg\" != 'irmin-http.2.6.0' && partial_fails=\"$partial_fails $pkg\";\
             \n        done;\
             \n        test \"${partial_fails}\" != \"\" && echo \"opam-repo-ci detected dependencies failing: ${partial_fails}\";\
             \n        exit 1"))
 (env OPAMCRITERIA -removed,-count[avoid-version,changed],-count[version-lag,request],-count[version-lag,changed],-count[missing-depexts,changed],-changed)
 (env OPAMFIXUPCRITERIA -removed,-count[avoid-version,changed],-count[version-lag,request],-count[version-lag,changed],-count[missing-depexts,changed],-changed)
 (env OPAMUPGRADECRITERIA -removed,-count[avoid-version,changed],-count[version-lag,request],-count[version-lag,changed],-count[missing-depexts,changed],-changed)
 (run (network host)
      (shell "(opam reinstall --with-test irmin-http.2.6.0) || true"))
 (run (shell  "opam reinstall --with-test --verbose irmin-http.2.6.0;\
             \n        res=$?;\
             \n        test \"$res\" != 31 && exit \"$res\";\
             \n        export OPAMCLI=2.0;\
             \n        build_dir=$(opam var prefix)/.opam-switch/build;\
             \n        failed=$(ls \"$build_dir\");\
             \n        partial_fails=\"\";\
             \n        for pkg in $failed; do\
             \n          if opam show -f x-ci-accept-failures: \"$pkg\" | grep -qF \"\\\"debian-12\\\"\"; then\
             \n            echo \"A package failed and has been disabled for CI using the 'x-ci-accept-failures' field.\";\
             \n          fi;\
             \n          test \"$pkg\" != 'irmin-http.2.6.0' && partial_fails=\"$partial_fails $pkg\";\
             \n        done;\
             \n        test \"${partial_fails}\" != \"\" && echo \"opam-repo-ci detected dependencies failing: ${partial_fails}\";\
             \n        exit 1"))
)

2024-03-24 10:42.47: Waiting for resource in pool OCluster
2024-03-25 10:14.41: Waiting for workerâ€¦
2024-03-25 10:18.22: Got resource from pool OCluster
Building on x86-bm-c6.sw.ocaml.org
All commits already cached
Updating files:  42% (14068/33369)Updating files:  43% (14349/33369)Updating files:  44% (14683/33369)Updating files:  45% (15017/33369)Updating files:  46% (15350/33369)Updating files:  47% (15684/33369)Updating files:  48% (16018/33369)Updating files:  49% (16351/33369)Updating files:  50% (16685/33369)Updating files:  51% (17019/33369)Updating files:  52% (17352/33369)Updating files:  53% (17686/33369)Updating files:  54% (18020/33369)Updating files:  55% (18353/33369)Updating files:  56% (18687/33369)Updating files:  57% (19021/33369)Updating files:  58% (19355/33369)Updating files:  59% (19688/33369)Updating files:  60% (20022/33369)Updating files:  61% (20356/33369)Updating files:  62% (20689/33369)Updating files:  63% (21023/33369)Updating files:  64% (21357/33369)Updating files:  65% (21690/33369)Updating files:  66% (22024/33369)Updating files:  67% (22358/33369)Updating files:  68% (22691/33369)Updating files:  69% (23025/33369)Updating files:  70% (23359/33369)Updating files:  71% (23692/33369)Updating files:  72% (24026/33369)Updating files:  73% (24360/33369)Updating files:  74% (24694/33369)Updating files:  75% (25027/33369)Updating files:  76% (25361/33369)Updating files:  77% (25695/33369)Updating files:  78% (26028/33369)Updating files:  79% (26362/33369)Updating files:  80% (26696/33369)Updating files:  80% (26860/33369)Updating files:  81% (27029/33369)Updating files:  82% (27363/33369)Updating files:  83% (27697/33369)Updating files:  84% (28030/33369)Updating files:  85% (28364/33369)Updating files:  86% (28698/33369)Updating files:  87% (29032/33369)Updating files:  88% (29365/33369)Updating files:  89% (29699/33369)Updating files:  90% (30033/33369)Updating files:  91% (30366/33369)Updating files:  92% (30700/33369)Updating files:  93% (31034/33369)Updating files:  94% (31367/33369)Updating files:  95% (31701/33369)Updating files:  96% (32035/33369)Updating files:  97% (32368/33369)Updating files:  98% (32702/33369)Updating files:  99% (33036/33369)Updating files: 100% (33369/33369)Updating files: 100% (33369/33369), done.
HEAD is now at aef07c8faf Merge pull request #25542 from jmid/conf-brotli-broaden
Updating aef07c8faf..cbb8cd94c3
Fast-forward
 packages/conf-pkg-config/conf-pkg-config.1.0/opam | 1 +
 packages/conf-pkg-config/conf-pkg-config.1.1/opam | 2 +-
 packages/conf-pkg-config/conf-pkg-config.1.2/opam | 2 +-
 packages/conf-pkg-config/conf-pkg-config.1.3/opam | 2 +-
 packages/conf-pkg-config/conf-pkg-config.2/opam   | 2 +-
 packages/conf-pkg-config/conf-pkg-config.3/opam   | 2 +-
 6 files changed, 6 insertions(+), 5 deletions(-)

[01;34m(from ocaml/opam:debian-12-ocaml-4.14@sha256:192ae4cbe34237dcf8a9811ef1002a8eb6b85336f3b1f6d22b2949df45f90f74)[0m
Unable to find image 'ocaml/opam:debian-12-ocaml-4.14@sha256:192ae4cbe34237dcf8a9811ef1002a8eb6b85336f3b1f6d22b2949df45f90f74' locally
docker.io/ocaml/opam@sha256:192ae4cbe34237dcf8a9811ef1002a8eb6b85336f3b1f6d22b2949df45f90f74: Pulling from ocaml/opam
6f01b570b6a5: Pulling fs layer
6f01b570b6a5: Verifying Checksum
6f01b570b6a5: Download complete
6f01b570b6a5: Pull complete
Digest: sha256:192ae4cbe34237dcf8a9811ef1002a8eb6b85336f3b1f6d22b2949df45f90f74
Status: Downloaded newer image for ocaml/opam@sha256:192ae4cbe34237dcf8a9811ef1002a8eb6b85336f3b1f6d22b2949df45f90f74
[01;2m[01;35m2024-03-25 10:18.26 ---> using "b25e2e2611a5aa2fe4b9d45e2148d7eac6e9d143b97d58672285bd239f221e34" from cache[0m

[01;34m/: (user (uid 1000) (gid 1000))[0m

[01;34m/: (workdir /home/opam)[0m

[01;34m/home/opam: (run (shell "sudo ln -f /usr/bin/opam-dev /usr/bin/opam"))[0m
[01;2m[01;35m2024-03-25 10:18.26 ---> using "ab38bf6f494e0372305b1179dcb5aa3e88e0a2adcbabada4f6034a94efa68513" from cache[0m

[01;34m/home/opam: (run (network host)
                 (shell "opam init --reinit --config .opamrc-sandbox -ni"))[0m
Configuring from /home/opam/.opamrc-sandbox, then /home/opam/.opamrc, and finally from built-in defaults.
Checking for available remotes: rsync and local, git.
  - you won't be able to use mercurial repositories unless you install the hg command on your system.
  - you won't be able to use darcs repositories unless you install the darcs command on your system.

Continue? [y/n] y
This development version of opam requires an update to the layout of /home/opam/.opam from version 2.0 to version 2.2~alpha, which can't be reverted.
You may want to back it up before going further.

Format upgrade done.

<><> Updating repositories ><><><><><><><><><><><><><><><><><><><><><><><><><><>
[default] synchronised from file:///home/opam/opam-repository
[01;2m[01;35m2024-03-25 10:18.26 ---> using "50a7fe50cbac70f624f669a6d2cb6e229029bca6d6a0afd494b19181a9585df3" from cache[0m

[01;34m/home/opam: (env OPAMDOWNLOADJOBS 1)[0m

[01;34m/home/opam: (env OPAMERRLOGLEN 0)[0m

[01;34m/home/opam: (env OPAMSOLVERTIMEOUT 500)[0m

[01;34m/home/opam: (env OPAMPRECISETRACKING 1)[0m

[01;34m/home/opam: (env CI true)[0m

[01;34m/home/opam: (env OPAM_REPO_CI true)[0m

[01;34m/home/opam: (run (shell "rm -rf opam-repository/"))[0m
[01;2m[01;35m2024-03-25 10:18.26 ---> using "167a4bc722d53b14e67fec54759126cc0f6c2c8a8e632ee604b17e0300e8d946" from cache[0m

[01;34m/home/opam: (copy (src .) (dst opam-repository/))[0m
[01;2m[01;35m2024-03-25 10:18.29 ---> using "35ebcde13b3f9160e8c62106e671c7e00393e4adb7a25966d7cd0a3b89d7876b" from cache[0m

[01;34m/home/opam: (run (shell "opam repository set-url --strict default opam-repository/"))[0m
[default] Initialised
[01;2m[01;35m2024-03-25 10:18.29 ---> using "f3a2f77a8dc89ec6730d610c41bc42f376584e86abe2cca21aedad9d1c21cf29" from cache[0m

[01;34m/home/opam: (run (network host)
                 (shell "opam update --depexts || true"))[0m
+ /usr/bin/sudo "apt-get" "update"
- Hit:1 http://deb.debian.org/debian bookworm InRelease
- Get:2 http://deb.debian.org/debian bookworm-updates InRelease [55.4 kB]
- Get:3 http://deb.debian.org/debian-security bookworm-security InRelease [48.0 kB]
- Get:4 http://deb.debian.org/debian-security bookworm-security/main amd64 Packages [148 kB]
- Fetched 251 kB in 0s (693 kB/s)
- Reading package lists...
- 
[01;2m[01;35m2024-03-25 10:18.29 ---> using "4b5fdaa49d8d4d2515586269247736887c04360cd5a1fa929faa570363fc8047" from cache[0m

[01;34m/home/opam: (env OPAMCRITERIA -removed,-count[avoid-version,changed],-count[version-lag,request],-count[version-lag,changed],-count[missing-depexts,changed],-changed)[0m

[01;34m/home/opam: (env OPAMFIXUPCRITERIA -removed,-count[avoid-version,changed],-count[version-lag,request],-count[version-lag,changed],-count[missing-depexts,changed],-changed)[0m

[01;34m/home/opam: (env OPAMUPGRADECRITERIA -removed,-count[avoid-version,changed],-count[version-lag,request],-count[version-lag,changed],-count[missing-depexts,changed],-changed)[0m

[01;34m/home/opam: (run (shell "opam pin add -k version -yn conf-pkg-config.2 2"))[0m
conf-pkg-config is now pinned to version 2
[01;2m[01;35m2024-03-25 10:18.29 ---> using "524aff05e30b46c875d2c5a87b1d4cf5f9170d97a8e29f3648d254d434244be1" from cache[0m

[01;34m/home/opam: (run (cache (opam-archives (target /home/opam/.opam/download-cache)))
                 (network host)
                 (shell  "opam reinstall conf-pkg-config.2;\
                        \n        res=$?;\
                        \n        test \"$res\" != 31 && exit \"$res\";\
                        \n        export OPAMCLI=2.0;\
                        \n        build_dir=$(opam var prefix)/.opam-switch/build;\
                        \n        failed=$(ls \"$build_dir\");\
                        \n        partial_fails=\"\";\
                        \n        for pkg in $failed; do\
                        \n          if opam show -f x-ci-accept-failures: \"$pkg\" | grep -qF \"\\\"debian-12\\\"\"; then\
                        \n            echo \"A package failed and has been disabled for CI using the 'x-ci-accept-failures' field.\";\
                        \n          fi;\
                        \n          test \"$pkg\" != 'conf-pkg-config.2' && partial_fails=\"$partial_fails $pkg\";\
                        \n        done;\
                        \n        test \"${partial_fails}\" != \"\" && echo \"opam-repo-ci detected dependencies failing: ${partial_fails}\";\
                        \n        exit 1"))[0m
conf-pkg-config.2 is not installed. Install it? [y/n] y
The following actions will be performed:
=== install 1 package
  - install conf-pkg-config 2 (pinned)

The following system packages will first need to be installed:
    pkg-config

<><> Handling external dependencies <><><><><><><><><><><><><><><><><><><><><><>

opam believes some required external dependencies are missing. opam can:
> 1. Run apt-get to install them (may need root/sudo access)
  2. Display the recommended apt-get command and wait while you run it manually (e.g. in another terminal)
  3. Continue anyway, and, upon success, permanently register that this external dependency is present, but not detectable
  4. Abort the installation

[1/2/3/4] 1

+ /usr/bin/sudo "apt-get" "install" "-qq" "-yy" "pkg-config"
- debconf: delaying package configuration, since apt-utils is not installed
- Selecting previously unselected package libpkgconf3:amd64.
- (Reading database ... (Reading database ... 5%(Reading database ... 10%(Reading database ... 15%(Reading database ... 20%(Reading database ... 25%(Reading database ... 30%(Reading database ... 35%(Reading database ... 40%(Reading database ... 45%(Reading database ... 50%(Reading database ... 55%(Reading database ... 60%(Reading database ... 65%(Reading database ... 70%(Reading database ... 75%(Reading database ... 80%(Reading database ... 85%(Reading database ... 90%(Reading database ... 95%(Reading database ... 100%(Reading database ... 18743 files and directories currently installed.)
- Preparing to unpack .../libpkgconf3_1.8.1-1_amd64.deb ...
- Unpacking libpkgconf3:amd64 (1.8.1-1) ...
- Selecting previously unselected package pkgconf-bin.
- Preparing to unpack .../pkgconf-bin_1.8.1-1_amd64.deb ...
- Unpacking pkgconf-bin (1.8.1-1) ...
- Selecting previously unselected package pkgconf:amd64.
- Preparing to unpack .../pkgconf_1.8.1-1_amd64.deb ...
- Unpacking pkgconf:amd64 (1.8.1-1) ...
- Selecting previously unselected package pkg-config:amd64.
- Preparing to unpack .../pkg-config_1.8.1-1_amd64.deb ...
- Unpacking pkg-config:amd64 (1.8.1-1) ...
- Setting up libpkgconf3:amd64 (1.8.1-1) ...
- Setting up pkgconf-bin (1.8.1-1) ...
- Setting up pkgconf:amd64 (1.8.1-1) ...
- Setting up pkg-config:amd64 (1.8.1-1) ...
- Processing triggers for libc-bin (2.36-9+deb12u4) ...

<><> Processing actions <><><><><><><><><><><><><><><><><><><><><><><><><><><><>
-> installed conf-pkg-config.2
Done.
# Run eval $(opam env) to update the current shell environment
[01;2m[01;35m2024-03-25 10:18.29 ---> using "0687c37a9123a1b60aa0429e59c1dc7b5ac903fe19877d737cc3d0e7759f49bc" from cache[0m

[01;34m/home/opam: (env OPAMCRITERIA -removed,-count[avoid-version,changed],-count[version-lag,request],-count[version-lag,changed],-count[missing-depexts,changed],-changed)[0m

[01;34m/home/opam: (env OPAMFIXUPCRITERIA -removed,-count[avoid-version,changed],-count[version-lag,request],-count[version-lag,changed],-count[missing-depexts,changed],-changed)[0m

[01;34m/home/opam: (env OPAMUPGRADECRITERIA -removed,-count[avoid-version,changed],-count[version-lag,request],-count[version-lag,changed],-count[missing-depexts,changed],-changed)[0m

[01;34m/home/opam: (run (cache (opam-archives (target /home/opam/.opam/download-cache)))
                 (network host)
                 (shell  "opam reinstall irmin-http.2.6.0;\
                        \n        res=$?;\
                        \n        test \"$res\" != 31 && exit \"$res\";\
                        \n        export OPAMCLI=2.0;\
                        \n        build_dir=$(opam var prefix)/.opam-switch/build;\
                        \n        failed=$(ls \"$build_dir\");\
                        \n        partial_fails=\"\";\
                        \n        for pkg in $failed; do\
                        \n          if opam show -f x-ci-accept-failures: \"$pkg\" | grep -qF \"\\\"debian-12\\\"\"; then\
                        \n            echo \"A package failed and has been disabled for CI using the 'x-ci-accept-failures' field.\";\
                        \n          fi;\
                        \n          test \"$pkg\" != 'irmin-http.2.6.0' && partial_fails=\"$partial_fails $pkg\";\
                        \n        done;\
                        \n        test \"${partial_fails}\" != \"\" && echo \"opam-repo-ci detected dependencies failing: ${partial_fails}\";\
                        \n        exit 1"))[0m
irmin-http.2.6.0 is not installed. Install it? [y/n] y
The following actions will be performed:
=== install 52 packages
  - install angstrom            0.16.0  [required by uri]
  - install astring             0.8.5   [required by irmin-http]
  - install base                v0.16.3 [required by ppx_sexp_conv]
  - install base-bytes          base    [required by cohttp]
  - install base64              3.5.1   [required by cohttp]
  - install bheap               2.0.0   [required by irmin]
  - install bigstringaf         0.9.1   [required by angstrom]
  - install cmdliner            1.2.0   [required by crunch]
  - install cohttp              5.3.1   [required by irmin-http]
  - install cohttp-lwt          5.3.0   [required by irmin-http]
  - install conf-bash           1       [required by base]
  - install cppo                1.6.9   [required by lwt]
  - install crunch              3.3.1   [required by irmin-http]
  - install csexp               1.5.2   [required by dune-configurator]
  - install cstruct             6.2.0   [required by eqaf]
  - install digestif            1.2.0   [required by irmin]
  - install dispatch            0.5.0   [required by webmachine]
  - install dune                3.14.2  [required by irmin-http]
  - install dune-configurator   3.14.2  [required by base, lwt]
  - install either              1.0.0   [required by repr]
  - install eqaf                0.9     [required by digestif]
  - install fmt                 0.9.0   [required by irmin-http]
  - install irmin               2.6.0   [required by irmin-http]
  - install irmin-http          2.6.0
  - install jsonm               1.0.2   [required by irmin-http]
  - install logs                0.7.0   [required by irmin-http]
  - install lwt                 5.7.0   [required by irmin-http]
  - install ocaml-compiler-libs v0.12.4 [required by ppxlib]
  - install ocaml-syntax-shims  1.0.0   [required by angstrom]
  - install ocamlbuild          0.14.3  [required by astring]
  - install ocamlfind           1.9.6   [required by astring]
  - install ocamlgraph          2.1.0   [required by irmin]
  - install ocplib-endian       1.2     [required by lwt]
  - install ppx_derivers        1.2.1   [required by ppxlib]
  - install ppx_deriving        5.2.1   [required by ppx_repr]
  - install ppx_irmin           2.6.0   [required by irmin-http]
  - install ppx_repr            0.3.0   [required by ppx_irmin]
  - install ppx_sexp_conv       v0.16.0 [required by cohttp, cohttp-lwt]
  - install ppxlib              0.32.0  [required by ppx_sexp_conv]
  - install ptime               1.1.0   [required by crunch, webmachine]
  - install re                  1.11.0  [required by cohttp, webmachine]
  - install repr                0.3.0   [required by irmin]
  - install result              1.5     [required by dispatch]
  - install seq                 base    [required by re]
  - install sexplib0            v0.16.0 [required by cohttp, cohttp-lwt]
  - install stdlib-shims        0.3.0   [required by ocamlgraph]
  - install stringext           1.6.0   [required by cohttp]
  - install topkg               1.0.7   [required by astring]
  - install uri                 4.4.0   [required by irmin-http]
  - install uri-sexp            4.4.0   [required by cohttp]
  - install uutf                1.0.3   [required by irmin]
  - install webmachine          0.7.0   [required by irmin-http]

<><> Processing actions <><><><><><><><><><><><><><><><><><><><><><><><><><><><>
-> retrieved angstrom.0.16.0  (cached)
-> retrieved astring.0.8.5  (cached)
-> retrieved base.v0.16.3  (cached)
-> retrieved base64.3.5.1  (cached)
-> retrieved bheap.2.0.0  (cached)
-> retrieved bigstringaf.0.9.1  (cached)
-> retrieved cmdliner.1.2.0  (cached)
-> retrieved cohttp.5.3.1  (cached)
-> retrieved cohttp-lwt.5.3.0  (cached)
-> retrieved cppo.1.6.9  (cached)
-> retrieved crunch.3.3.1  (cached)
-> retrieved csexp.1.5.2  (cached)
-> installed conf-bash.1
-> retrieved cstruct.6.2.0  (cached)
-> retrieved digestif.1.2.0  (cached)
-> retrieved dispatch.0.5.0  (cached)
-> retrieved dune.3.14.2, dune-configurator.3.14.2  (cached)
-> retrieved either.1.0.0  (cached)
-> retrieved eqaf.0.9  (cached)
-> retrieved fmt.0.9.0  (cached)
-> retrieved irmin.2.6.0, irmin-http.2.6.0, ppx_irmin.2.6.0  (cached)
-> installed cmdliner.1.2.0
-> retrieved jsonm.1.0.2  (cached)
-> retrieved logs.0.7.0  (cached)
-> retrieved lwt.5.7.0  (cached)
-> retrieved ocaml-compiler-libs.v0.12.4  (cached)
-> retrieved ocaml-syntax-shims.1.0.0  (cached)
-> retrieved ocamlbuild.0.14.3  (cached)
-> retrieved ocamlfind.1.9.6  (cached)
-> retrieved ocamlgraph.2.1.0  (cached)
-> retrieved ocplib-endian.1.2  (cached)
-> retrieved ppx_derivers.1.2.1  (cached)
-> retrieved ppx_deriving.5.2.1  (cached)
-> retrieved ppx_repr.0.3.0, repr.0.3.0  (cached)
-> retrieved ppx_sexp_conv.v0.16.0  (cached)
-> retrieved ppxlib.0.32.0  (cached)
-> retrieved ptime.1.1.0  (cached)
-> retrieved re.1.11.0  (cached)
-> retrieved result.1.5  (cached)
-> installed seq.base
-> retrieved sexplib0.v0.16.0  (cached)
-> retrieved stdlib-shims.0.3.0  (cached)
-> retrieved stringext.1.6.0  (cached)
-> retrieved topkg.1.0.7  (cached)
-> retrieved uri.4.4.0, uri-sexp.4.4.0  (cached)
-> retrieved uutf.1.0.3  (cached)
-> retrieved webmachine.0.7.0  (cached)
-> installed ocamlfind.1.9.6
-> installed base-bytes.base
-> installed ocamlbuild.0.14.3
-> installed topkg.1.0.7
-> installed uutf.1.0.3
-> installed fmt.0.9.0
-> installed ptime.1.1.0
-> installed astring.0.8.5
-> installed jsonm.1.0.2
-> installed dune.3.14.2
-> installed bheap.2.0.0
-> installed ppx_derivers.1.2.1
-> installed csexp.1.5.2
-> installed base64.3.5.1
-> installed crunch.3.3.1
-> installed cstruct.6.2.0
-> installed either.1.0.0
-> installed ocaml-compiler-libs.v0.12.4
-> installed ocaml-syntax-shims.1.0.0
-> installed result.1.5
-> installed sexplib0.v0.16.0
-> installed stdlib-shims.0.3.0
-> installed cppo.1.6.9
-> installed re.1.11.0
-> installed stringext.1.6.0
-> installed dispatch.0.5.0
-> installed eqaf.0.9
-> installed ocplib-endian.1.2
-> installed repr.0.3.0
-> installed dune-configurator.3.14.2
-> installed digestif.1.2.0
-> installed ocamlgraph.2.1.0
-> installed bigstringaf.0.9.1
-> installed angstrom.0.16.0
-> installed uri.4.4.0
-> installed lwt.5.7.0
-> installed logs.0.7.0
-> installed base.v0.16.3
-> installed ppxlib.0.32.0
-> installed ppx_sexp_conv.v0.16.0
-> installed ppx_deriving.5.2.1
-> installed uri-sexp.4.4.0
-> installed ppx_repr.0.3.0
-> installed ppx_irmin.2.6.0
-> installed cohttp.5.3.1
-> installed webmachine.0.7.0
-> installed cohttp-lwt.5.3.0
-> installed irmin.2.6.0
-> installed irmin-http.2.6.0
Done.
# Run eval $(opam env) to update the current shell environment
[01;2m[01;35m2024-03-25 10:20.49 ---> saved as "f616a2d4c59695ac49a993dddaf476f31567ea538e833ebab4cc4d5565b3b3c5"[0m

[01;34m/home/opam: (env OPAMCRITERIA -removed,-count[avoid-version,changed],-count[version-lag,request],-count[version-lag,changed],-count[missing-depexts,changed],-changed)[0m

[01;34m/home/opam: (env OPAMFIXUPCRITERIA -removed,-count[avoid-version,changed],-count[version-lag,request],-count[version-lag,changed],-count[missing-depexts,changed],-changed)[0m

[01;34m/home/opam: (env OPAMUPGRADECRITERIA -removed,-count[avoid-version,changed],-count[version-lag,request],-count[version-lag,changed],-count[missing-depexts,changed],-changed)[0m

[01;34m/home/opam: (run (network host)
                 (shell "(opam reinstall --with-test irmin-http.2.6.0) || true"))[0m
[ERROR] Sorry, resolution of the request timed out.
        Try to specify a more precise request, use a different solver, or increase the allowed time by setting OPAMSOLVERTIMEOUT to a bigger value (currently, it is set to 500.0 seconds).
[01;2m[01;35m2024-03-25 10:29.28 ---> saved as "345de08cfe7f45e016d5c5f9e461fd8952cbad26de364ee78a234520480e9cbf"[0m

[01;34m/home/opam: (run (shell  "opam reinstall --with-test --verbose irmin-http.2.6.0;\
                        \n        res=$?;\
                        \n        test \"$res\" != 31 && exit \"$res\";\
                        \n        export OPAMCLI=2.0;\
                        \n        build_dir=$(opam var prefix)/.opam-switch/build;\
                        \n        failed=$(ls \"$build_dir\");\
                        \n        partial_fails=\"\";\
                        \n        for pkg in $failed; do\
                        \n          if opam show -f x-ci-accept-failures: \"$pkg\" | grep -qF \"\\\"debian-12\\\"\"; then\
                        \n            echo \"A package failed and has been disabled for CI using the 'x-ci-accept-failures' field.\";\
                        \n          fi;\
                        \n          test \"$pkg\" != 'irmin-http.2.6.0' && partial_fails=\"$partial_fails $pkg\";\
                        \n        done;\
                        \n        test \"${partial_fails}\" != \"\" && echo \"opam-repo-ci detected dependencies failing: ${partial_fails}\";\
                        \n        exit 1"))[0m
The following actions will be performed:
=== downgrade 6 packages
  - downgrade bigstringaf       0.9.1 to 0.8.0 [required by git-unix]
  - downgrade cmdliner          1.2.0 to 1.0.4 [required by git-unix, crunch, cohttp-lwt-unix, irmin-test]
  - downgrade cohttp            5.3.1 to 5.1.0 [required by irmin-http]
  - downgrade cohttp-lwt        5.3.0 to 5.1.0 [required by irmin-http]
  - downgrade crunch            3.3.1 to 3.2.0 [required by irmin-http]
  - downgrade cstruct           6.2.0 to 6.0.1 [required by git-unix, irmin-git]
=== recompile 15 packages
  - recompile angstrom          0.16.0         [uses bigstringaf]
  - recompile digestif          1.2.0          [uses eqaf]
  - recompile eqaf              0.9            [uses cstruct]
  - recompile fmt               0.9.0          [uses cmdliner]
  - recompile irmin             2.6.0          [uses fmt, uutf]
  - recompile irmin-http        2.6.0
  - recompile jsonm             1.0.2          [uses uutf]
  - recompile logs              0.7.0          [uses cmdliner]
  - recompile ppx_irmin         2.6.0          [uses ppx_repr]
  - recompile ppx_repr          0.3.0          [uses repr]
  - recompile repr              0.3.0          [uses fmt, uutf]
  - recompile uri               4.4.0          [uses angstrom]
  - recompile uri-sexp          4.4.0          [uses uri]
  - recompile uutf              1.0.3          [uses cmdliner]
  - recompile webmachine        0.7.0          [uses cohttp]
=== install 84 packages
  - install   alcotest          1.5.0          [required by irmin-test]
  - install   arp               3.1.0          [required by tcpip]
  - install   asn1-combinators  0.2.6          [required by x509]
  - install   awa               0.0.5          [required by git-unix]
  - install   awa-mirage        0.0.5          [required by git-unix]
  - install   bigarray-compat   1.1.0          [required by git-unix]
  - install   bos               0.2.1          [required by git-unix]
  - install   ca-certs          0.2.3          [required by conduit-lwt-unix]
  - install   ca-certs-nss      3.74           [required by git-unix]
  - install   carton            0.4.3          [required by git]
  - install   carton-git        0.4.3          [required by git]
  - install   carton-lwt        0.4.3          [required by git]
  - install   checkseum         0.5.2          [required by git]
  - install   cohttp-lwt-unix   5.1.0          [required by irmin-http]
  - install   conduit           6.2.1          [required by conduit-lwt]
  - install   conduit-lwt       6.2.1          [required by cohttp-lwt-unix]
  - install   conduit-lwt-unix  6.2.1          [required by cohttp-lwt-unix]
  - install   conf-gmp          4              [required by zarith, conf-gmp-powm-sec]
  - install   conf-gmp-powm-sec 3              [required by mirage-crypto-pk]
  - install   conf-gnuplot      0.1            [required by metrics-unix]
  - install   cstruct-lwt       6.0.1          [required by tcpip]
  - install   cstruct-sexp      6.0.1          [required by awa, tls]
  - install   cstruct-unix      6.0.1          [required by awa]
  - install   decompress        1.4.2          [required by git-unix]
  - install   domain-name       0.4.0          [required by git-unix]
  - install   duff              0.5            [required by carton]
  - install   duration          0.2.1          [required by tcpip]
  - install   emile             1.1            [required by git]
  - install   encore            0.8            [required by git]
  - install   ethernet          3.2.0          [required by tcpip]
  - install   fpath             0.7.3          [required by git-unix, irmin-git]
  - install   git               3.6.0          [required by git-unix, git-cohttp-unix, irmin-git]
  - install   git-cohttp        3.6.0          [required by git-cohttp-unix]
  - install   git-cohttp-unix   3.6.0          [required by irmin-http]
  - install   git-unix          3.6.0          [required by irmin-http]
  - install   gmap              0.3.0          [required by x509]
  - install   hkdf              1.0.4          [required by tls]
  - install   hxd               0.3.1          [required by git]
  - install   ipaddr            5.5.0          [required by git-unix]
  - install   ipaddr-sexp       5.5.0          [required by conduit-lwt-unix, tls]
  - install   irmin-git         2.6.0          [required by irmin-http]
  - install   irmin-layers      2.6.0          [required by irmin-test]
  - install   irmin-test        2.6.0          [required by irmin-http]
  - install   ke                0.6            [required by git]
  - install   lru               0.3.1          [required by tcpip]
  - install   lwt-dllist        1.0.1          [required by tcpip]
  - install   macaddr           5.5.0          [required by tcpip]
  - install   macaddr-cstruct   5.5.0          [required by tcpip]
  - install   magic-mime        1.3.1          [required by cohttp-lwt-unix]
  - install   metrics           0.4.1          [required by irmin-test]
  - install   metrics-unix      0.4.1          [required by irmin-test]
  - install   mimic             0.0.6          [required by git-unix]
  - install   mirage-clock      4.2.0          [required by git-unix]
  - install   mirage-clock-unix 4.2.0          [required by git-unix]
  - install   mirage-crypto     0.10.7         [required by tls, awa, ca-certs-nss, tls-mirage]
  - install   mirage-crypto-ec  0.10.7         [required by awa, tls]
  - install   mirage-crypto-pk  0.10.7         [required by tls, awa, tls-mirage]
  - install   mirage-crypto-rng 0.10.7         [required by awa, tls]
  - install   mirage-flow       3.0.0          [required by git-unix]
  - install   mirage-kv         6.1.1          [required by tls-mirage]
  - install   mirage-net        4.0.0          [required by tcpip]
  - install   mirage-no-solo5   1              [required by mirage-crypto-pk]
  - install   mirage-no-xen     1              [required by mirage-crypto-pk]
  - install   mirage-profile    0.9.1          [required by tcpip]
  - install   mirage-random     3.0.0          [required by tcpip]
  - install   mirage-time       3.0.0          [required by tcpip]
  - install   mmap              1.2.0          [required by git-unix]
  - install   mtime             1.4.0          [required by git-unix, irmin-test]
  - install   num               1.5            [required by sexplib]
  - install   optint            0.3.0          [required by git]
  - install   parsexp           v0.16.0        [required by sexplib]
  - install   pbkdf             1.2.0          [required by x509]
  - install   pecu              0.6            [required by emile]
  - install   ppx_cstruct       6.0.1          [required by tcpip, awa, tls]
  - install   psq               0.2.1          [required by git]
  - install   randomconv        0.1.3          [required by tcpip]
  - install   rresult           0.7.0          [required by git-cohttp-unix, git-unix]
  - install   sexplib           v0.16.0        [required by awa, conduit-lwt, tls]
  - install   tcpip             7.1.2          [required by git-unix]
  - install   tls               0.15.4         [required by git-unix]
  - install   tls-mirage        0.15.4         [required by git-unix]
  - install   uuidm             0.9.7          [required by metrics-unix]
  - install   x509              0.16.5         [required by tls, awa, ca-certs-nss, tls-mirage]
  - install   zarith            1.13           [required by awa]

The following system packages will first need to be installed:
    gnuplot-x11 libgmp-dev

<><> Handling external dependencies <><><><><><><><><><><><><><><><><><><><><><>

opam believes some required external dependencies are missing. opam can:
> 1. Run apt-get to install them (may need root/sudo access)
  2. Display the recommended apt-get command and wait while you run it manually (e.g. in another terminal)
  3. Continue anyway, and, upon success, permanently register that this external dependency is present, but not detectable
  4. Abort the installation

[1/2/3/4] 1

+ /usr/bin/sudo "apt-get" "install" "-qq" "-yy" "gnuplot-x11" "libgmp-dev"
- E: Failed to fetch http://deb.debian.org/debian/pool/main/a/argon2/libargon2-1_0%7e20171227-0.3%2bdeb12u1_amd64.deb  Temporary failure resolving 'deb.debian.org'
- E: Failed to fetch http://deb.debian.org/debian/pool/main/l/lvm2/dmsetup_1.02.185-2_amd64.deb  Temporary failure resolving 'deb.debian.org'
- E: Failed to fetch http://deb.debian.org/debian/pool/main/l/lvm2/libdevmapper1.02.1_1.02.185-2_amd64.deb  Temporary failure resolving 'deb.debian.org'
- E: Failed to fetch http://deb.debian.org/debian/pool/main/j/json-c/libjson-c5_0.16-2_amd64.deb  Temporary failure resolving 'deb.debian.org'
- E: Failed to fetch http://deb.debian.org/debian/pool/main/c/cryptsetup/libcryptsetup12_2.6.1-4%7edeb12u2_amd64.deb  Temporary failure resolving 'deb.debian.org'
- E: Failed to fetch http://deb.debian.org/debian/pool/main/u/util-linux/libfdisk1_2.38.1-5%2bb1_amd64.deb  Temporary failure resolving 'deb.debian.org'
- E: Failed to fetch http://deb.debian.org/debian/pool/main/k/kmod/libkmod2_30%2b20221128-1_amd64.deb  Temporary failure resolving 'deb.debian.org'
- E: Failed to fetch http://deb.debian.org/debian/pool/main/a/apparmor/libapparmor1_3.0.8-3_amd64.deb  Temporary failure resolving 'deb.debian.org'
- E: Failed to fetch http://deb.debian.org/debian/pool/main/i/iptables/libip4tc2_1.8.9-2_amd64.deb  Temporary failure resolving 'deb.debian.org'
- E: Failed to fetch http://deb.debian.org/debian/pool/main/s/systemd/libsystemd-shared_252.22-1%7edeb12u1_amd64.deb  Temporary failure resolving 'deb.debian.org'
- E: Failed to fetch http://deb.debian.org/debian/pool/main/s/systemd/systemd_252.22-1%7edeb12u1_amd64.deb  Temporary failure resolving 'deb.debian.org'
- E: Failed to fetch http://deb.debian.org/debian/pool/main/s/systemd/systemd-sysv_252.22-1%7edeb12u1_amd64.deb  Temporary failure resolving 'deb.debian.org'
- E: Failed to fetch http://deb.debian.org/debian/pool/main/d/dbus/libdbus-1-3_1.14.10-1%7edeb12u1_amd64.deb  Temporary failure resolving 'deb.debian.org'
- E: Failed to fetch http://deb.debian.org/debian/pool/main/d/dbus/dbus-bin_1.14.10-1%7edeb12u1_amd64.deb  Temporary failure resolving 'deb.debian.org'
- E: Failed to fetch http://deb.debian.org/debian/pool/main/d/dbus/dbus-session-bus-common_1.14.10-1%7edeb12u1_all.deb  Temporary failure resolving 'deb.debian.org'
- E: Failed to fetch http://deb.debian.org/debian/pool/main/d/dbus/dbus-daemon_1.14.10-1%7edeb12u1_amd64.deb  Temporary failure resolving 'deb.debian.org'
- E: Failed to fetch http://deb.debian.org/debian/pool/main/d/dbus/dbus-system-bus-common_1.14.10-1%7edeb12u1_all.deb  Temporary failure resolving 'deb.debian.org'
- E: Failed to fetch http://deb.debian.org/debian/pool/main/d/dbus/dbus_1.14.10-1%7edeb12u1_amd64.deb  Temporary failure resolving 'deb.debian.org'
- E: Failed to fetch http://deb.debian.org/debian/pool/main/s/systemd/libnss-systemd_252.22-1%7edeb12u1_amd64.deb  Temporary failure resolving 'deb.debian.org'
- E: Failed to fetch http://deb.debian.org/debian/pool/main/s/systemd/libpam-systemd_252.22-1%7edeb12u1_amd64.deb  Temporary failure resolving 'deb.debian.org'
- E: Failed to fetch http://deb.debian.org/debian/pool/main/s/systemd/systemd-timesyncd_252.22-1%7edeb12u1_amd64.deb  Temporary failure resolving 'deb.debian.org'
- E: Failed to fetch http://deb.debian.org/debian/pool/main/h/hicolor-icon-theme/hicolor-icon-theme_0.17-2_all.deb  Temporary failure resolving 'deb.debian.org'
- E: Failed to fetch http://deb.debian.org/debian/pool/main/g/gdk-pixbuf/libgdk-pixbuf2.0-common_2.42.10%2bdfsg-1_all.deb  Temporary failure resolving 'deb.debian.org'
- E: Failed to fetch http://deb.debian.org/debian/pool/main/g/glib2.0/libglib2.0-0_2.74.6-2_amd64.deb  Temporary failure resolving 'deb.debian.org'
- E: Failed to fetch http://deb.debian.org/debian/pool/main/i/icu/libicu72_72.1-3_amd64.deb  Temporary failure resolving 'deb.debian.org'
- E: Failed to fetch http://deb.debian.org/debian/pool/main/libx/libxml2/libxml2_2.9.14%2bdfsg-1.3%7edeb12u1_amd64.deb  Temporary failure resolving 'deb.debian.org'
- E: Failed to fetch http://deb.debian.org/debian/pool/main/s/shared-mime-info/shared-mime-info_2.2-1_amd64.deb  Temporary failure resolving 'deb.debian.org'
- E: Failed to fetch http://deb.debian.org/debian/pool/main/g/gdk-pixbuf/libgdk-pixbuf-2.0-0_2.42.10%2bdfsg-1%2bb1_amd64.deb  Temporary failure resolving 'deb.debian.org'
- E: Failed to fetch http://deb.debian.org/debian/pool/main/g/gtk%2b3.0/gtk-update-icon-cache_3.24.38-2%7edeb12u1_amd64.deb  Temporary failure resolving 'deb.debian.org'
- E: Failed to fetch http://deb.debian.org/debian/pool/main/a/adwaita-icon-theme/adwaita-icon-theme_43-1_all.deb  Temporary failure resolving 'deb.debian.org'
- E: Failed to fetch http://deb.debian.org/debian/pool/main/a/aglfn/aglfn_1.7%2bgit20191031.4036a9c-2_all.deb  Temporary failure resolving 'deb.debian.org'
- E: Failed to fetch http://deb.debian.org/debian/pool/main/a/at-spi2-core/at-spi2-common_2.46.0-5_all.deb  Temporary failure resolving 'deb.debian.org'
- E: Failed to fetch http://deb.debian.org/debian/pool/main/libx/libxi/libxi6_1.8-1%2bb1_amd64.deb  Temporary failure resolving 'deb.debian.org'
- E: Failed to fetch http://deb.debian.org/debian/pool/main/a/at-spi2-core/libatspi2.0-0_2.46.0-5_amd64.deb  Temporary failure resolving 'deb.debian.org'
- E: Failed to fetch http://deb.debian.org/debian/pool/main/x/xorg/x11-common_7.7%2b23_all.deb  Temporary failure resolving 'deb.debian.org'
- E: Failed to fetch http://deb.debian.org/debian/pool/main/libx/libxtst/libxtst6_1.2.3-1.1_amd64.deb  Temporary failure resolving 'deb.debian.org'
- E: Failed to fetch http://deb.debian.org/debian/pool/main/d/dbus/dbus-user-session_1.14.10-1%7edeb12u1_amd64.deb  Temporary failure resolving 'deb.debian.org'
- E: Failed to fetch http://deb.debian.org/debian/pool/main/d/dconf/libdconf1_0.40.0-4_amd64.deb  Temporary failure resolving 'deb.debian.org'
- E: Failed to fetch http://deb.debian.org/debian/pool/main/d/dconf/dconf-service_0.40.0-4_amd64.deb  Temporary failure resolving 'deb.debian.org'
- E: Failed to fetch http://deb.debian.org/debian/pool/main/d/dconf/dconf-gsettings-backend_0.40.0-4_amd64.deb  Temporary failure resolving 'deb.debian.org'
- E: Failed to fetch http://deb.debian.org/debian/pool/main/g/gsettings-desktop-schemas/gsettings-desktop-schemas_43.0-1_all.deb  Temporary failure resolving 'deb.debian.org'
- E: Failed to fetch http://deb.debian.org/debian/pool/main/a/at-spi2-core/at-spi2-core_2.46.0-5_amd64.deb  Temporary failure resolving 'deb.debian.org'
- E: Failed to fetch http://deb.debian.org/debian/pool/main/f/fontconfig/fontconfig_2.14.1-4_amd64.deb  Temporary failure resolving 'deb.debian.org'
- E: Failed to fetch http://deb.debian.org/debian/pool/main/g/gnuplot/gnuplot-data_5.4.4%2bdfsg1-2_all.deb  Temporary failure resolving 'deb.debian.org'
- E: Failed to fetch http://deb.debian.org/debian/pool/main/p/pixman/libpixman-1-0_0.42.2-1_amd64.deb  Temporary failure resolving 'deb.debian.org'
- E: Failed to fetch http://deb.debian.org/debian/pool/main/libx/libxcb/libxcb-render0_1.15-1_amd64.deb  Temporary failure resolving 'deb.debian.org'
- E: Failed to fetch http://deb.debian.org/debian/pool/main/libx/libxcb/libxcb-shm0_1.15-1_amd64.deb  Temporary failure resolving 'deb.debian.org'
- E: Failed to fetch http://deb.debian.org/debian/pool/main/libx/libxrender/libxrender1_0.9.10-1.1_amd64.deb  Temporary failure resolving 'deb.debian.org'
- E: Failed to fetch http://deb.debian.org/debian/pool/main/c/cairo/libcairo2_1.16.0-7_amd64.deb  Temporary failure resolving 'deb.debian.org'
- E: Failed to fetch http://deb.debian.org/debian/pool/main/l/lua5.4/liblua5.4-0_5.4.4-3_amd64.deb  Temporary failure resolving 'deb.debian.org'
- E: Failed to fetch http://deb.debian.org/debian/pool/main/f/fribidi/libfribidi0_1.0.8-2.1_amd64.deb  Temporary failure resolving 'deb.debian.org'
- E: Failed to fetch http://deb.debian.org/debian/pool/main/g/graphite2/libgraphite2-3_1.3.14-1_amd64.deb  Temporary failure resolving 'deb.debian.org'
- E: Failed to fetch http://deb.debian.org/debian/pool/main/h/harfbuzz/libharfbuzz0b_6.0.0%2bdfsg-3_amd64.deb  Temporary failure resolving 'deb.debian.org'
- E: Failed to fetch http://deb.debian.org/debian/pool/main/libt/libthai/libthai-data_0.1.29-1_all.deb  Temporary failure resolving 'deb.debian.org'
- E: Failed to fetch http://deb.debian.org/debian/pool/main/libd/libdatrie/libdatrie1_0.2.13-2%2bb1_amd64.deb  Temporary failure resolving 'deb.debian.org'
- E: Failed to fetch http://deb.debian.org/debian/pool/main/libt/libthai/libthai0_0.1.29-1_amd64.deb  Temporary failure resolving 'deb.debian.org'
- E: Failed to fetch http://deb.debian.org/debian/pool/main/p/pango1.0/libpango-1.0-0_1.50.12%2bds-1_amd64.deb  Temporary failure resolving 'deb.debian.org'
- E: Failed to fetch http://deb.debian.org/debian/pool/main/p/pango1.0/libpangoft2-1.0-0_1.50.12%2bds-1_amd64.deb  Temporary failure resolving 'deb.debian.org'
- E: Failed to fetch http://deb.debian.org/debian/pool/main/p/pango1.0/libpangocairo-1.0-0_1.50.12%2bds-1_amd64.deb  Temporary failure resolving 'deb.debian.org'
- E: Failed to fetch http://deb.debian.org/debian/pool/main/p/pcre2/libpcre2-32-0_10.42-1_amd64.deb  Temporary failure resolving 'deb.debian.org'
- E: Failed to fetch http://deb.debian.org/debian/pool/main/w/wxwidgets3.2/libwxbase3.2-1_3.2.2%2bdfsg-2_amd64.deb  Temporary failure resolving 'deb.debian.org'
- E: Failed to fetch http://deb.debian.org/debian/pool/main/a/at-spi2-core/libatk1.0-0_2.46.0-5_amd64.deb  Temporary failure resolving 'deb.debian.org'
- E: Failed to fetch http://deb.debian.org/debian/pool/main/a/at-spi2-core/libatk-bridge2.0-0_2.46.0-5_amd64.deb  Temporary failure resolving 'deb.debian.org'
- E: Failed to fetch http://deb.debian.org/debian/pool/main/c/cairo/libcairo-gobject2_1.16.0-7_amd64.deb  Temporary failure resolving 'deb.debian.org'
- E: Failed to fetch http://deb.debian.org/debian/pool/main/l/lcms2/liblcms2-2_2.14-2_amd64.deb  Temporary failure resolving 'deb.debian.org'
- E: Failed to fetch http://deb.debian.org/debian/pool/main/c/colord/libcolord2_1.4.6-2.2_amd64.deb  Temporary failure resolving 'deb.debian.org'
- E: Failed to fetch http://deb.debian.org/debian/pool/main/a/avahi/libavahi-common-data_0.8-10_amd64.deb  Temporary failure resolving 'deb.debian.org'
- E: Failed to fetch http://deb.debian.org/debian/pool/main/a/avahi/libavahi-common3_0.8-10_amd64.deb  Temporary failure resolving 'deb.debian.org'
- E: Failed to fetch http://deb.debian.org/debian/pool/main/a/avahi/libavahi-client3_0.8-10_amd64.deb  Temporary failure resolving 'deb.debian.org'
- E: Failed to fetch http://deb.debian.org/debian/pool/main/c/cups/libcups2_2.4.2-3%2bdeb12u5_amd64.deb  Temporary failure resolving 'deb.debian.org'
- E: Failed to fetch http://deb.debian.org/debian/pool/main/libe/libepoxy/libepoxy0_1.5.10-1_amd64.deb  Temporary failure resolving 'deb.debian.org'
- E: Failed to fetch http://deb.debian.org/debian/pool/main/w/wayland/libwayland-client0_1.21.0-1_amd64.deb  Temporary failure resolving 'deb.debian.org'
- E: Failed to fetch http://deb.debian.org/debian/pool/main/w/wayland/libwayland-cursor0_1.21.0-1_amd64.deb  Temporary failure resolving 'deb.debian.org'
- E: Failed to fetch http://deb.debian.org/debian/pool/main/w/wayland/libwayland-egl1_1.21.0-1_amd64.deb  Temporary failure resolving 'deb.debian.org'
- E: Failed to fetch http://deb.debian.org/debian/pool/main/libx/libxcomposite/libxcomposite1_0.4.5-1_amd64.deb  Temporary failure resolving 'deb.debian.org'
- E: Failed to fetch http://deb.debian.org/debian/pool/main/libx/libxfixes/libxfixes3_6.0.0-2_amd64.deb  Temporary failure resolving 'deb.debian.org'
- E: Failed to fetch http://deb.debian.org/debian/pool/main/libx/libxcursor/libxcursor1_1.2.1-1_amd64.deb  Temporary failure resolving 'deb.debian.org'
- E: Failed to fetch http://deb.debian.org/debian/pool/main/libx/libxdamage/libxdamage1_1.1.6-1_amd64.deb  Temporary failure resolving 'deb.debian.org'
- E: Failed to fetch http://deb.debian.org/debian/pool/main/libx/libxinerama/libxinerama1_1.1.4-3_amd64.deb  Temporary failure resolving 'deb.debian.org'
- E: Failed to fetch http://deb.debian.org/debian/pool/main/x/xkeyboard-config/xkb-data_2.35.1-1_all.deb  Temporary failure resolving 'deb.debian.org'
- E: Failed to fetch http://deb.debian.org/debian/pool/main/libx/libxkbcommon/libxkbcommon0_1.5.0-1_amd64.deb  Temporary failure resolving 'deb.debian.org'
- E: Failed to fetch http://deb.debian.org/debian/pool/main/libx/libxrandr/libxrandr2_1.5.2-2%2bb1_amd64.deb  Temporary failure resolving 'deb.debian.org'
- E: Failed to fetch http://deb.debian.org/debian/pool/main/g/gtk%2b3.0/libgtk-3-common_3.24.38-2%7edeb12u1_all.deb  Temporary failure resolving 'deb.debian.org'
- E: Failed to fetch http://deb.debian.org/debian/pool/main/g/gtk%2b3.0/libgtk-3-0_3.24.38-2%7edeb12u1_amd64.deb  Temporary failure resolving 'deb.debian.org'
- E: Failed to fetch http://deb.debian.org/debian/pool/main/libn/libnotify/libnotify4_0.8.1-1_amd64.deb  Temporary failure resolving 'deb.debian.org'
- E: Failed to fetch http://deb.debian.org/debian/pool/main/libi/libice/libice6_1.0.10-1_amd64.deb  Temporary failure resolving 'deb.debian.org'
- E: Failed to fetch http://deb.debian.org/debian/pool/main/libs/libsm/libsm6_1.2.3-1_amd64.deb  Temporary failure resolving 'deb.debian.org'
- E: Failed to fetch http://deb.debian.org/debian/pool/main/w/wxwidgets3.2/libwxgtk3.2-1_3.2.2%2bdfsg-2_amd64.deb  Temporary failure resolving 'deb.debian.org'
- E: Failed to fetch http://deb.debian.org/debian/pool/main/g/gnuplot/gnuplot-x11_5.4.4%2bdfsg1-2%2bb2_amd64.deb  Temporary failure resolving 'deb.debian.org'
- E: Failed to fetch http://deb.debian.org/debian/pool/main/g/gdk-pixbuf/libgdk-pixbuf2.0-bin_2.42.10%2bdfsg-1%2bb1_amd64.deb  Temporary failure resolving 'deb.debian.org'
- E: Failed to fetch http://deb.debian.org/debian/pool/main/g/glib2.0/libglib2.0-data_2.74.6-2_all.deb  Temporary failure resolving 'deb.debian.org'
- E: Failed to fetch http://deb.debian.org/debian/pool/main/g/gmp/libgmpxx4ldbl_6.2.1%2bdfsg1-1.1_amd64.deb  Temporary failure resolving 'deb.debian.org'
- E: Failed to fetch http://deb.debian.org/debian/pool/main/g/gmp/libgmp-dev_6.2.1%2bdfsg1-1.1_amd64.deb  Temporary failure resolving 'deb.debian.org'
- E: Failed to fetch http://deb.debian.org/debian/pool/main/g/gtk%2b3.0/libgtk-3-bin_3.24.38-2%7edeb12u1_amd64.deb  Temporary failure resolving 'deb.debian.org'
- E: Failed to fetch http://deb.debian.org/debian-security/pool/updates/main/libr/librsvg/librsvg2-2_2.54.7%2bdfsg-1%7edeb12u1_amd64.deb  Temporary failure resolving 'deb.debian.org'
- E: Failed to fetch http://deb.debian.org/debian-security/pool/updates/main/libr/librsvg/librsvg2-common_2.54.7%2bdfsg-1%7edeb12u1_amd64.deb  Temporary failure resolving 'deb.debian.org'
- E: Failed to fetch http://deb.debian.org/debian/pool/main/x/xdg-user-dirs/xdg-user-dirs_0.18-1_amd64.deb  Temporary failure resolving 'deb.debian.org'
- E: Unable to fetch some archives, maybe run apt-get update or try with --fix-missing?
[ERROR] System package install failed with exit code 100 at command:
            sudo apt-get install -qq -yy gnuplot-x11 libgmp-dev
[ERROR] These packages are still missing: gnuplot-x11 libgmp-dev

[NOTE] You can retry with '--assume-depexts' to skip this check, or run 'opam option depext=false' to permanently disable handling of system packages.

'opam reinstall --with-test --verbose irmin-http.2.6.0' failed.
"/usr/bin/env" "bash" "-c" "opam reinstall --with-test --verbose irmin-http.2.6.0;
        res=$?;
        test "$res" != 31 && exit "$res";
        export OPAMCLI=2.0;
        build_dir=$(opam var prefix)/.opam-switch/build;
        failed=$(ls "$build_dir");
        partial_fails="";
        for pkg in $failed; do
          if opam show -f x-ci-accept-failures: "$pkg" | grep -qF "\"debian-12\""; then
            echo "A package failed and has been disabled for CI using the 'x-ci-accept-failures' field.";
          fi;
          test "$pkg" != 'irmin-http.2.6.0' && partial_fails="$partial_fails $pkg";
        done;
        test "${partial_fails}" != "" && echo "opam-repo-ci detected dependencies failing: ${partial_fails}";
        exit 1" failed with exit status 10
2024-03-25 10:38.54: Job failed: Failed: Build failed
2024-03-25 10:38.54: Log analysis:
2024-03-25 10:38.54: >>> 
[ERROR] Sorry, resolution of the request timed out.
 (score = 20)
2024-03-25 10:38.54: >>> 
[ERROR] System package install failed with exit code 100 at command:
 (score = 20)
2024-03-25 10:38.54: >>> 
[ERROR] These packages are still missing: gnuplot-x11 libgmp-dev
 (score = 20)
2024-03-25 10:38.54: Sorry, resolution of the request timed out.
