2024-03-24 10:42.37: New job: test sihl.0.1.4 with conf-pkg-config.2, using opam dev
                              from https://github.com/ocaml/opam-repository.git#refs/pull/25573/head (cbb8cd94c39e250b80c3d011957716a0096cbb3e)
                              on debian-12-ocaml-4.14/amd64

To reproduce locally:

cd $(mktemp -d)
git clone --recursive "https://github.com/ocaml/opam-repository.git" && cd "opam-repository" && git fetch origin "refs/pull/25573/head" && git reset --hard cbb8cd94
git fetch origin master
git merge --no-edit aef07c8faffdc0a34b1e4297f74a5003c6c4f434
cat > ../Dockerfile <<'END-OF-DOCKERFILE'
[34mFROM ocaml/opam:debian-12-ocaml-4.14@sha256:192ae4cbe34237dcf8a9811ef1002a8eb6b85336f3b1f6d22b2949df45f90f74
USER 1000:1000
WORKDIR /home/opam
RUN sudo ln -f /usr/bin/opam-dev /usr/bin/opam
RUN opam init --reinit -ni
ENV OPAMDOWNLOADJOBS="1"
ENV OPAMERRLOGLEN="0"
ENV OPAMSOLVERTIMEOUT="500"
ENV OPAMPRECISETRACKING="1"
ENV CI="true"
ENV OPAM_REPO_CI="true"
RUN rm -rf opam-repository/
COPY --chown=1000:1000 . opam-repository/
RUN opam repository set-url --strict default opam-repository/
RUN opam update --depexts || true
ENV OPAMCRITERIA="-removed,-count[avoid-version,changed],-count[version-lag,request],-count[version-lag,changed],-count[missing-depexts,changed],-changed"
ENV OPAMFIXUPCRITERIA="-removed,-count[avoid-version,changed],-count[version-lag,request],-count[version-lag,changed],-count[missing-depexts,changed],-changed"
ENV OPAMUPGRADECRITERIA="-removed,-count[avoid-version,changed],-count[version-lag,request],-count[version-lag,changed],-count[missing-depexts,changed],-changed"
RUN opam pin add -k version -yn conf-pkg-config.2 2
RUN opam reinstall conf-pkg-config.2; \
    res=$?; \
    test "$res" != 31 && exit "$res"; \
    export OPAMCLI=2.0; \
    build_dir=$(opam var prefix)/.opam-switch/build; \
    failed=$(ls "$build_dir"); \
    partial_fails=""; \
    for pkg in $failed; do \
    if opam show -f x-ci-accept-failures: "$pkg" | grep -qF "\"debian-12\""; then \
    echo "A package failed and has been disabled for CI using the 'x-ci-accept-failures' field."; \
    fi; \
    test "$pkg" != 'conf-pkg-config.2' && partial_fails="$partial_fails $pkg"; \
    done; \
    test "${partial_fails}" != "" && echo "opam-repo-ci detected dependencies failing: ${partial_fails}"; \
    exit 1
ENV OPAMCRITERIA="-removed,-count[avoid-version,changed],-count[version-lag,request],-count[version-lag,changed],-count[missing-depexts,changed],-changed"
ENV OPAMFIXUPCRITERIA="-removed,-count[avoid-version,changed],-count[version-lag,request],-count[version-lag,changed],-count[missing-depexts,changed],-changed"
ENV OPAMUPGRADECRITERIA="-removed,-count[avoid-version,changed],-count[version-lag,request],-count[version-lag,changed],-count[missing-depexts,changed],-changed"
RUN opam reinstall sihl.0.1.4; \
    res=$?; \
    test "$res" != 31 && exit "$res"; \
    export OPAMCLI=2.0; \
    build_dir=$(opam var prefix)/.opam-switch/build; \
    failed=$(ls "$build_dir"); \
    partial_fails=""; \
    for pkg in $failed; do \
    if opam show -f x-ci-accept-failures: "$pkg" | grep -qF "\"debian-12\""; then \
    echo "A package failed and has been disabled for CI using the 'x-ci-accept-failures' field."; \
    fi; \
    test "$pkg" != 'sihl.0.1.4' && partial_fails="$partial_fails $pkg"; \
    done; \
    test "${partial_fails}" != "" && echo "opam-repo-ci detected dependencies failing: ${partial_fails}"; \
    exit 1
ENV OPAMCRITERIA="-removed,-count[avoid-version,changed],-count[version-lag,request],-count[version-lag,changed],-count[missing-depexts,changed],-changed"
ENV OPAMFIXUPCRITERIA="-removed,-count[avoid-version,changed],-count[version-lag,request],-count[version-lag,changed],-count[missing-depexts,changed],-changed"
ENV OPAMUPGRADECRITERIA="-removed,-count[avoid-version,changed],-count[version-lag,request],-count[version-lag,changed],-count[missing-depexts,changed],-changed"
RUN (opam reinstall --with-test sihl.0.1.4) || true
RUN opam reinstall --with-test --verbose sihl.0.1.4; \
    res=$?; \
    test "$res" != 31 && exit "$res"; \
    export OPAMCLI=2.0; \
    build_dir=$(opam var prefix)/.opam-switch/build; \
    failed=$(ls "$build_dir"); \
    partial_fails=""; \
    for pkg in $failed; do \
    if opam show -f x-ci-accept-failures: "$pkg" | grep -qF "\"debian-12\""; then \
    echo "A package failed and has been disabled for CI using the 'x-ci-accept-failures' field."; \
    fi; \
    test "$pkg" != 'sihl.0.1.4' && partial_fails="$partial_fails $pkg"; \
    done; \
    test "${partial_fails}" != "" && echo "opam-repo-ci detected dependencies failing: ${partial_fails}"; \
    exit 1
[0m
END-OF-DOCKERFILE
docker build -f ../Dockerfile .

2024-03-24 10:42.37: Using cache hint "ocaml/opam:debian-12-ocaml-4.14@sha256:192ae4cbe34237dcf8a9811ef1002a8eb6b85336f3b1f6d22b2949df45f90f74-conf-pkg-config.2-sihl.0.1.4-cbb8cd94c39e250b80c3d011957716a0096cbb3e"
2024-03-24 10:42.37: Using OBuilder spec:
((from ocaml/opam:debian-12-ocaml-4.14@sha256:192ae4cbe34237dcf8a9811ef1002a8eb6b85336f3b1f6d22b2949df45f90f74)
 (user (uid 1000) (gid 1000))
 (workdir /home/opam)
 (run (shell "sudo ln -f /usr/bin/opam-dev /usr/bin/opam"))
 (run (network host)
      (shell "opam init --reinit --config .opamrc-sandbox -ni"))
 (env OPAMDOWNLOADJOBS 1)
 (env OPAMERRLOGLEN 0)
 (env OPAMSOLVERTIMEOUT 500)
 (env OPAMPRECISETRACKING 1)
 (env CI true)
 (env OPAM_REPO_CI true)
 (run (shell "rm -rf opam-repository/"))
 (copy (src .) (dst opam-repository/))
 (run (shell "opam repository set-url --strict default opam-repository/"))
 (run (network host)
      (shell "opam update --depexts || true"))
 (env OPAMCRITERIA -removed,-count[avoid-version,changed],-count[version-lag,request],-count[version-lag,changed],-count[missing-depexts,changed],-changed)
 (env OPAMFIXUPCRITERIA -removed,-count[avoid-version,changed],-count[version-lag,request],-count[version-lag,changed],-count[missing-depexts,changed],-changed)
 (env OPAMUPGRADECRITERIA -removed,-count[avoid-version,changed],-count[version-lag,request],-count[version-lag,changed],-count[missing-depexts,changed],-changed)
 (run (shell "opam pin add -k version -yn conf-pkg-config.2 2"))
 (run (cache (opam-archives (target /home/opam/.opam/download-cache)))
      (network host)
      (shell  "opam reinstall conf-pkg-config.2;\
             \n        res=$?;\
             \n        test \"$res\" != 31 && exit \"$res\";\
             \n        export OPAMCLI=2.0;\
             \n        build_dir=$(opam var prefix)/.opam-switch/build;\
             \n        failed=$(ls \"$build_dir\");\
             \n        partial_fails=\"\";\
             \n        for pkg in $failed; do\
             \n          if opam show -f x-ci-accept-failures: \"$pkg\" | grep -qF \"\\\"debian-12\\\"\"; then\
             \n            echo \"A package failed and has been disabled for CI using the 'x-ci-accept-failures' field.\";\
             \n          fi;\
             \n          test \"$pkg\" != 'conf-pkg-config.2' && partial_fails=\"$partial_fails $pkg\";\
             \n        done;\
             \n        test \"${partial_fails}\" != \"\" && echo \"opam-repo-ci detected dependencies failing: ${partial_fails}\";\
             \n        exit 1"))
 (env OPAMCRITERIA -removed,-count[avoid-version,changed],-count[version-lag,request],-count[version-lag,changed],-count[missing-depexts,changed],-changed)
 (env OPAMFIXUPCRITERIA -removed,-count[avoid-version,changed],-count[version-lag,request],-count[version-lag,changed],-count[missing-depexts,changed],-changed)
 (env OPAMUPGRADECRITERIA -removed,-count[avoid-version,changed],-count[version-lag,request],-count[version-lag,changed],-count[missing-depexts,changed],-changed)
 (run (cache (opam-archives (target /home/opam/.opam/download-cache)))
      (network host)
      (shell  "opam reinstall sihl.0.1.4;\
             \n        res=$?;\
             \n        test \"$res\" != 31 && exit \"$res\";\
             \n        export OPAMCLI=2.0;\
             \n        build_dir=$(opam var prefix)/.opam-switch/build;\
             \n        failed=$(ls \"$build_dir\");\
             \n        partial_fails=\"\";\
             \n        for pkg in $failed; do\
             \n          if opam show -f x-ci-accept-failures: \"$pkg\" | grep -qF \"\\\"debian-12\\\"\"; then\
             \n            echo \"A package failed and has been disabled for CI using the 'x-ci-accept-failures' field.\";\
             \n          fi;\
             \n          test \"$pkg\" != 'sihl.0.1.4' && partial_fails=\"$partial_fails $pkg\";\
             \n        done;\
             \n        test \"${partial_fails}\" != \"\" && echo \"opam-repo-ci detected dependencies failing: ${partial_fails}\";\
             \n        exit 1"))
 (env OPAMCRITERIA -removed,-count[avoid-version,changed],-count[version-lag,request],-count[version-lag,changed],-count[missing-depexts,changed],-changed)
 (env OPAMFIXUPCRITERIA -removed,-count[avoid-version,changed],-count[version-lag,request],-count[version-lag,changed],-count[missing-depexts,changed],-changed)
 (env OPAMUPGRADECRITERIA -removed,-count[avoid-version,changed],-count[version-lag,request],-count[version-lag,changed],-count[missing-depexts,changed],-changed)
 (run (network host)
      (shell "(opam reinstall --with-test sihl.0.1.4) || true"))
 (run (shell  "opam reinstall --with-test --verbose sihl.0.1.4;\
             \n        res=$?;\
             \n        test \"$res\" != 31 && exit \"$res\";\
             \n        export OPAMCLI=2.0;\
             \n        build_dir=$(opam var prefix)/.opam-switch/build;\
             \n        failed=$(ls \"$build_dir\");\
             \n        partial_fails=\"\";\
             \n        for pkg in $failed; do\
             \n          if opam show -f x-ci-accept-failures: \"$pkg\" | grep -qF \"\\\"debian-12\\\"\"; then\
             \n            echo \"A package failed and has been disabled for CI using the 'x-ci-accept-failures' field.\";\
             \n          fi;\
             \n          test \"$pkg\" != 'sihl.0.1.4' && partial_fails=\"$partial_fails $pkg\";\
             \n        done;\
             \n        test \"${partial_fails}\" != \"\" && echo \"opam-repo-ci detected dependencies failing: ${partial_fails}\";\
             \n        exit 1"))
)

2024-03-24 10:42.37: Waiting for resource in pool OCluster
2024-03-25 08:32.08: Waiting for workerâ€¦
2024-03-25 08:33.57: Got resource from pool OCluster
Building on doris.caelum.ci.dev
All commits already cached
Updating files:  69% (23116/33369)Updating files:  70% (23359/33369)Updating files:  71% (23692/33369)Updating files:  72% (24026/33369)Updating files:  73% (24360/33369)Updating files:  74% (24694/33369)Updating files:  75% (25027/33369)Updating files:  76% (25361/33369)Updating files:  77% (25695/33369)Updating files:  78% (26028/33369)Updating files:  79% (26362/33369)Updating files:  80% (26696/33369)Updating files:  81% (27029/33369)Updating files:  82% (27363/33369)Updating files:  83% (27697/33369)Updating files:  84% (28030/33369)Updating files:  85% (28364/33369)Updating files:  86% (28698/33369)Updating files:  87% (29032/33369)Updating files:  88% (29365/33369)Updating files:  89% (29699/33369)Updating files:  90% (30033/33369)Updating files:  91% (30366/33369)Updating files:  92% (30700/33369)Updating files:  93% (31034/33369)Updating files:  94% (31367/33369)Updating files:  95% (31701/33369)Updating files:  96% (32035/33369)Updating files:  97% (32368/33369)Updating files:  98% (32702/33369)Updating files:  99% (33036/33369)Updating files: 100% (33369/33369)Updating files: 100% (33369/33369), done.
HEAD is now at aef07c8faf Merge pull request #25542 from jmid/conf-brotli-broaden
Updating aef07c8faf..cbb8cd94c3
Fast-forward
 packages/conf-pkg-config/conf-pkg-config.1.0/opam | 1 +
 packages/conf-pkg-config/conf-pkg-config.1.1/opam | 2 +-
 packages/conf-pkg-config/conf-pkg-config.1.2/opam | 2 +-
 packages/conf-pkg-config/conf-pkg-config.1.3/opam | 2 +-
 packages/conf-pkg-config/conf-pkg-config.2/opam   | 2 +-
 packages/conf-pkg-config/conf-pkg-config.3/opam   | 2 +-
 6 files changed, 6 insertions(+), 5 deletions(-)

[01;34m(from ocaml/opam:debian-12-ocaml-4.14@sha256:192ae4cbe34237dcf8a9811ef1002a8eb6b85336f3b1f6d22b2949df45f90f74)[0m
Unable to find image 'ocaml/opam:debian-12-ocaml-4.14@sha256:192ae4cbe34237dcf8a9811ef1002a8eb6b85336f3b1f6d22b2949df45f90f74' locally
docker.io/ocaml/opam@sha256:192ae4cbe34237dcf8a9811ef1002a8eb6b85336f3b1f6d22b2949df45f90f74: Pulling from ocaml/opam
6f01b570b6a5: Pulling fs layer
6f01b570b6a5: Verifying Checksum
6f01b570b6a5: Download complete
6f01b570b6a5: Pull complete
Digest: sha256:192ae4cbe34237dcf8a9811ef1002a8eb6b85336f3b1f6d22b2949df45f90f74
Status: Downloaded newer image for ocaml/opam@sha256:192ae4cbe34237dcf8a9811ef1002a8eb6b85336f3b1f6d22b2949df45f90f74
[01;2m[01;35m2024-03-25 08:37.01 ---> using "b25e2e2611a5aa2fe4b9d45e2148d7eac6e9d143b97d58672285bd239f221e34" from cache[0m

[01;34m/: (user (uid 1000) (gid 1000))[0m

[01;34m/: (workdir /home/opam)[0m

[01;34m/home/opam: (run (shell "sudo ln -f /usr/bin/opam-dev /usr/bin/opam"))[0m
[01;2m[01;35m2024-03-25 08:37.01 ---> using "ab38bf6f494e0372305b1179dcb5aa3e88e0a2adcbabada4f6034a94efa68513" from cache[0m

[01;34m/home/opam: (run (network host)
                 (shell "opam init --reinit --config .opamrc-sandbox -ni"))[0m
Configuring from /home/opam/.opamrc-sandbox, then /home/opam/.opamrc, and finally from built-in defaults.
Checking for available remotes: rsync and local, git.
  - you won't be able to use mercurial repositories unless you install the hg command on your system.
  - you won't be able to use darcs repositories unless you install the darcs command on your system.

This development version of opam requires an update to the layout of /home/opam/.opam from version 2.0 to version 2.2~alpha, which can't be reverted.
You may want to back it up before going further.

Continue? [y/n] y
[NOTE] The 'jobs' option was reset, its value was 31 and its new value will vary according to the current number of cores on your machine. You can restore the fixed value using:
           opam option jobs=31 --global
Format upgrade done.

<><> Updating repositories ><><><><><><><><><><><><><><><><><><><><><><><><><><>
[default] synchronised from file:///home/opam/opam-repository
[01;2m[01;35m2024-03-25 08:37.01 ---> using "50a7fe50cbac70f624f669a6d2cb6e229029bca6d6a0afd494b19181a9585df3" from cache[0m

[01;34m/home/opam: (env OPAMDOWNLOADJOBS 1)[0m

[01;34m/home/opam: (env OPAMERRLOGLEN 0)[0m

[01;34m/home/opam: (env OPAMSOLVERTIMEOUT 500)[0m

[01;34m/home/opam: (env OPAMPRECISETRACKING 1)[0m

[01;34m/home/opam: (env CI true)[0m

[01;34m/home/opam: (env OPAM_REPO_CI true)[0m

[01;34m/home/opam: (run (shell "rm -rf opam-repository/"))[0m
[01;2m[01;35m2024-03-25 08:37.01 ---> using "167a4bc722d53b14e67fec54759126cc0f6c2c8a8e632ee604b17e0300e8d946" from cache[0m

[01;34m/home/opam: (copy (src .) (dst opam-repository/))[0m
[01;2m[01;35m2024-03-25 08:37.03 ---> using "35ebcde13b3f9160e8c62106e671c7e00393e4adb7a25966d7cd0a3b89d7876b" from cache[0m

[01;34m/home/opam: (run (shell "opam repository set-url --strict default opam-repository/"))[0m
[default] Initialised
[01;2m[01;35m2024-03-25 08:37.03 ---> using "f3a2f77a8dc89ec6730d610c41bc42f376584e86abe2cca21aedad9d1c21cf29" from cache[0m

[01;34m/home/opam: (run (network host)
                 (shell "opam update --depexts || true"))[0m
+ /usr/bin/sudo "apt-get" "update"
- Hit:1 http://deb.debian.org/debian bookworm InRelease
- Get:2 http://deb.debian.org/debian bookworm-updates InRelease [55.4 kB]
- Get:3 http://deb.debian.org/debian-security bookworm-security InRelease [48.0 kB]
- Get:4 http://deb.debian.org/debian-security bookworm-security/main amd64 Packages [148 kB]
- Fetched 251 kB in 0s (707 kB/s)
- Reading package lists...
[01;2m[01;35m2024-03-25 08:37.03 ---> using "4b5fdaa49d8d4d2515586269247736887c04360cd5a1fa929faa570363fc8047" from cache[0m

[01;34m/home/opam: (env OPAMCRITERIA -removed,-count[avoid-version,changed],-count[version-lag,request],-count[version-lag,changed],-count[missing-depexts,changed],-changed)[0m

[01;34m/home/opam: (env OPAMFIXUPCRITERIA -removed,-count[avoid-version,changed],-count[version-lag,request],-count[version-lag,changed],-count[missing-depexts,changed],-changed)[0m

[01;34m/home/opam: (env OPAMUPGRADECRITERIA -removed,-count[avoid-version,changed],-count[version-lag,request],-count[version-lag,changed],-count[missing-depexts,changed],-changed)[0m

[01;34m/home/opam: (run (shell "opam pin add -k version -yn conf-pkg-config.2 2"))[0m
conf-pkg-config is now pinned to version 2
[01;2m[01;35m2024-03-25 08:37.03 ---> using "524aff05e30b46c875d2c5a87b1d4cf5f9170d97a8e29f3648d254d434244be1" from cache[0m

[01;34m/home/opam: (run (cache (opam-archives (target /home/opam/.opam/download-cache)))
                 (network host)
                 (shell  "opam reinstall conf-pkg-config.2;\
                        \n        res=$?;\
                        \n        test \"$res\" != 31 && exit \"$res\";\
                        \n        export OPAMCLI=2.0;\
                        \n        build_dir=$(opam var prefix)/.opam-switch/build;\
                        \n        failed=$(ls \"$build_dir\");\
                        \n        partial_fails=\"\";\
                        \n        for pkg in $failed; do\
                        \n          if opam show -f x-ci-accept-failures: \"$pkg\" | grep -qF \"\\\"debian-12\\\"\"; then\
                        \n            echo \"A package failed and has been disabled for CI using the 'x-ci-accept-failures' field.\";\
                        \n          fi;\
                        \n          test \"$pkg\" != 'conf-pkg-config.2' && partial_fails=\"$partial_fails $pkg\";\
                        \n        done;\
                        \n        test \"${partial_fails}\" != \"\" && echo \"opam-repo-ci detected dependencies failing: ${partial_fails}\";\
                        \n        exit 1"))[0m
conf-pkg-config.2 is not installed. Install it? [y/n] y
The following actions will be performed:
=== install 1 package
  - install conf-pkg-config 2 (pinned)

The following system packages will first need to be installed:
    pkg-config

<><> Handling external dependencies <><><><><><><><><><><><><><><><><><><><><><>

opam believes some required external dependencies are missing. opam can:
> 1. Run apt-get to install them (may need root/sudo access)
  2. Display the recommended apt-get command and wait while you run it manually (e.g. in another terminal)
  3. Continue anyway, and, upon success, permanently register that this external dependency is present, but not detectable
  4. Abort the installation

[1/2/3/4] 1

+ /usr/bin/sudo "apt-get" "install" "-qq" "-yy" "pkg-config"
- debconf: delaying package configuration, since apt-utils is not installed
- Selecting previously unselected package libpkgconf3:amd64.
- (Reading database ... (Reading database ... 5%(Reading database ... 10%(Reading database ... 15%(Reading database ... 20%(Reading database ... 25%(Reading database ... 30%(Reading database ... 35%(Reading database ... 40%(Reading database ... 45%(Reading database ... 50%(Reading database ... 55%(Reading database ... 60%(Reading database ... 65%(Reading database ... 70%(Reading database ... 75%(Reading database ... 80%(Reading database ... 85%(Reading database ... 90%(Reading database ... 95%(Reading database ... 100%(Reading database ... 18743 files and directories currently installed.)
- Preparing to unpack .../libpkgconf3_1.8.1-1_amd64.deb ...
- Unpacking libpkgconf3:amd64 (1.8.1-1) ...
- Selecting previously unselected package pkgconf-bin.
- Preparing to unpack .../pkgconf-bin_1.8.1-1_amd64.deb ...
- Unpacking pkgconf-bin (1.8.1-1) ...
- Selecting previously unselected package pkgconf:amd64.
- Preparing to unpack .../pkgconf_1.8.1-1_amd64.deb ...
- Unpacking pkgconf:amd64 (1.8.1-1) ...
- Selecting previously unselected package pkg-config:amd64.
- Preparing to unpack .../pkg-config_1.8.1-1_amd64.deb ...
- Unpacking pkg-config:amd64 (1.8.1-1) ...
- Setting up libpkgconf3:amd64 (1.8.1-1) ...
- Setting up pkgconf-bin (1.8.1-1) ...
- Setting up pkgconf:amd64 (1.8.1-1) ...
- Setting up pkg-config:amd64 (1.8.1-1) ...
- Processing triggers for libc-bin (2.36-9+deb12u4) ...

<><> Processing actions <><><><><><><><><><><><><><><><><><><><><><><><><><><><>
-> installed conf-pkg-config.2
Done.
# Run eval $(opam env) to update the current shell environment
[01;2m[01;35m2024-03-25 08:37.03 ---> using "0687c37a9123a1b60aa0429e59c1dc7b5ac903fe19877d737cc3d0e7759f49bc" from cache[0m

[01;34m/home/opam: (env OPAMCRITERIA -removed,-count[avoid-version,changed],-count[version-lag,request],-count[version-lag,changed],-count[missing-depexts,changed],-changed)[0m

[01;34m/home/opam: (env OPAMFIXUPCRITERIA -removed,-count[avoid-version,changed],-count[version-lag,request],-count[version-lag,changed],-count[missing-depexts,changed],-changed)[0m

[01;34m/home/opam: (env OPAMUPGRADECRITERIA -removed,-count[avoid-version,changed],-count[version-lag,request],-count[version-lag,changed],-count[missing-depexts,changed],-changed)[0m

[01;34m/home/opam: (run (cache (opam-archives (target /home/opam/.opam/download-cache)))
                 (network host)
                 (shell  "opam reinstall sihl.0.1.4;\
                        \n        res=$?;\
                        \n        test \"$res\" != 31 && exit \"$res\";\
                        \n        export OPAMCLI=2.0;\
                        \n        build_dir=$(opam var prefix)/.opam-switch/build;\
                        \n        failed=$(ls \"$build_dir\");\
                        \n        partial_fails=\"\";\
                        \n        for pkg in $failed; do\
                        \n          if opam show -f x-ci-accept-failures: \"$pkg\" | grep -qF \"\\\"debian-12\\\"\"; then\
                        \n            echo \"A package failed and has been disabled for CI using the 'x-ci-accept-failures' field.\";\
                        \n          fi;\
                        \n          test \"$pkg\" != 'sihl.0.1.4' && partial_fails=\"$partial_fails $pkg\";\
                        \n        done;\
                        \n        test \"${partial_fails}\" != \"\" && echo \"opam-repo-ci detected dependencies failing: ${partial_fails}\";\
                        \n        exit 1"))[0m
sihl.0.1.4 is not installed. Install it? [y/n] y
The following actions will be performed:
=== install 115 packages
  - install alcotest              1.7.0   [required by sihl]
  - install angstrom              0.16.0  [required by caqti]
  - install asn1-combinators      0.2.6   [required by x509]
  - install astring               0.8.5   [required by alcotest]
  - install base                  v0.15.1 [required by sihl]
  - install base-bytes            base    [required by ocplib-endian, cohttp]
  - install base64                3.5.1   [required by jwto]
  - install bigarray-overlap      0.2.1   [required by mrmime]
  - install bigstringaf           0.9.1   [required by caqti]
  - install biniou                1.2.2   [required by yojson]
  - install bos                   0.2.1   [required by ca-certs]
  - install ca-certs              0.2.3   [required by letters]
  - install camlp-streams         5.0.1   [required by biniou]
  - install caqti                 1.9.0   [required by sihl]
  - install caqti-lwt             1.9.0   [required by sihl]
  - install cmdliner              1.2.0   [required by opium, alcotest, uuidm]
  - install cohttp                5.3.1   [required by opium_kernel]
  - install cohttp-lwt            5.3.0   [required by cohttp-lwt-unix, opium_kernel]
  - install cohttp-lwt-unix       5.3.0   [required by opium]
  - install coin                  0.1.4   [required by rosetta]
  - install colombe               0.8.0   [required by letters]
  - install conduit               6.2.1   [required by conduit-lwt]
  - install conduit-lwt           6.2.1   [required by cohttp-lwt-unix]
  - install conduit-lwt-unix      6.2.1   [required by cohttp-lwt-unix]
  - install conf-gmp              4       [required by zarith, conf-gmp-powm-sec]
  - install conf-gmp-powm-sec     3       [required by mirage-crypto-pk]
  - install conf-libpcre          1       [required by pcre]
  - install conf-libssl           4       [required by ssl]
  - install containers            3.13.1  [required by sihl]
  - install cppo                  1.6.9   [required by caqti]
  - install csexp                 1.5.2   [required by dune-configurator]
  - install cstruct               6.2.0   [required by sendmail]
  - install digestif              1.2.0   [required by jwto]
  - install domain-name           0.4.0   [required by x509, tls]
  - install dune                  3.14.2  [required by sihl]
  - install dune-configurator     3.14.2  [required by containers, base, pcre]
  - install duration              0.2.1   [required by mirage-crypto-rng-lwt]
  - install easy-format           1.3.4   [required by yojson]
  - install either                1.0.0   [required by containers]
  - install emile                 1.1     [required by colombe, mrmime]
  - install eqaf                  0.9     [required by digestif]
  - install ezjsonm               1.3.0   [required by opium]
  - install fieldslib             v0.15.0 [required by opium_kernel]
  - install fmt                   0.9.0   [required by sihl]
  - install fpath                 0.7.3   [required by letters]
  - install gmap                  0.3.0   [required by x509]
  - install hex                   1.5.0   [required by ezjsonm]
  - install hkdf                  1.0.4   [required by tls]
  - install hmap                  0.8.1   [required by opium_kernel]
  - install ipaddr                5.5.0   [required by colombe, mrmime]
  - install ipaddr-sexp           5.5.0   [required by conduit-lwt-unix]
  - install jsonm                 1.0.2   [required by ezjsonm]
  - install jwto                  0.4.0   [required by sihl]
  - install ke                    0.6     [required by mrmime, sendmail]
  - install letters               0.3.3   [required by sihl]
  - install logs                  0.7.0   [required by sihl]
  - install lwt                   5.7.0   [required by sihl]
  - install lwt_ssl               1.2.0   [required by sihl]
  - install macaddr               5.5.0   [required by ipaddr]
  - install magic-mime            1.3.1   [required by opium]
  - install mirage-crypto         0.11.3  [required by ca-certs]
  - install mirage-crypto-ec      0.11.3  [required by x509, tls]
  - install mirage-crypto-pk      0.11.3  [required by x509, tls]
  - install mirage-crypto-rng     0.11.3  [required by tls, x509, mirage-crypto-rng-lwt]
  - install mirage-crypto-rng-lwt 0.11.3  [required by tls-lwt]
  - install mrmime                0.6.0   [required by letters]
  - install mtime                 2.0.0   [required by mirage-crypto-rng-lwt]
  - install num                   1.5     [required by sexplib]
  - install ocaml-compiler-libs   v0.12.4 [required by ppxlib]
  - install ocaml-syntax-shims    1.0.0   [required by alcotest]
  - install ocamlbuild            0.14.3  [required by uuidm]
  - install ocamlfind             1.9.6   [required by uuidm]
  - install ocplib-endian         1.2     [required by lwt]
  - install opium                 0.18.0  [required by sihl]
  - install opium_kernel          0.18.0  [required by opium]
  - install parsexp               v0.15.0 [required by sexplib]
  - install pbkdf                 1.2.0   [required by x509]
  - install pcre                  7.5.0   [required by sihl]
  - install pecu                  0.6     [required by mrmime]
  - install ppx_derivers          1.2.1   [required by ppx_deriving]
  - install ppx_deriving          5.2.1   [required by jwto, ppx_deriving_yojson]
  - install ppx_deriving_yojson   3.7.0   [required by sihl]
  - install ppx_fields_conv       v0.15.0 [required by sihl]
  - install ppx_sexp_conv         v0.15.1 [required by sihl]
  - install ppxlib                0.32.0  [required by ppx_deriving_yojson]
  - install prettym               0.0.3   [required by mrmime]
  - install ptime                 1.1.0   [required by caqti, letters]
  - install re                    1.11.0  [required by opium, alcotest, jwto, tyxml]
  - install result                1.5     [required by ppx_deriving_yojson]
  - install rosetta               0.3.0   [required by mrmime]
  - install rresult               0.7.0   [required by letters]
  - install safepass              3.1     [required by sihl]
  - install sendmail              0.8.0   [required by letters]
  - install seq                   base    [required by tyxml]
  - install sexplib               v0.15.1 [required by sihl]
  - install sexplib0              v0.15.1 [required by base]
  - install sihl                  0.1.4
  - install ssl                   0.7.0   [required by sihl]
  - install stdlib-shims          0.3.0   [required by alcotest]
  - install stringext             1.6.0   [required by uri]
  - install tls                   0.17.3  [required by sihl]
  - install tls-lwt               0.17.3  [required by letters]
  - install topkg                 1.0.7   [required by uuidm]
  - install tsort                 2.0.0   [required by sihl]
  - install tyxml                 4.6.0   [required by sihl]
  - install unstrctrd             0.3     [required by mrmime]
  - install uri                   4.4.0   [required by caqti]
  - install uri-sexp              4.4.0   [required by cohttp]
  - install uuidm                 0.9.8   [required by sihl]
  - install uutf                  1.0.3   [required by alcotest, tyxml]
  - install uuuu                  0.3.0   [required by rosetta]
  - install x509                  0.16.5  [required by letters]
  - install yojson                1.7.0   [required by sihl]
  - install yuscii                0.3.0   [required by rosetta]
  - install zarith                1.13    [required by asn1-combinators, mirage-crypto-pk]

The following system packages will first need to be installed:
    libgmp-dev libpcre3-dev libssl-dev

<><> Handling external dependencies <><><><><><><><><><><><><><><><><><><><><><>

opam believes some required external dependencies are missing. opam can:
> 1. Run apt-get to install them (may need root/sudo access)
  2. Display the recommended apt-get command and wait while you run it manually (e.g. in another terminal)
  3. Continue anyway, and, upon success, permanently register that this external dependency is present, but not detectable
  4. Abort the installation

[1/2/3/4] 1

+ /usr/bin/sudo "apt-get" "install" "-qq" "-yy" "libgmp-dev" "libpcre3-dev" "libssl-dev"
- debconf: delaying package configuration, since apt-utils is not installed
- Selecting previously unselected package libgmpxx4ldbl:amd64.
- (Reading database ... (Reading database ... 5%(Reading database ... 10%(Reading database ... 15%(Reading database ... 20%(Reading database ... 25%(Reading database ... 30%(Reading database ... 35%(Reading database ... 40%(Reading database ... 45%(Reading database ... 50%(Reading database ... 55%(Reading database ... 60%(Reading database ... 65%(Reading database ... 70%(Reading database ... 75%(Reading database ... 80%(Reading database ... 85%(Reading database ... 90%(Reading database ... 95%(Reading database ... 100%(Reading database ... 18779 files and directories currently installed.)
- Preparing to unpack .../0-libgmpxx4ldbl_2%3a6.2.1+dfsg1-1.1_amd64.deb ...
- Unpacking libgmpxx4ldbl:amd64 (2:6.2.1+dfsg1-1.1) ...
- Selecting previously unselected package libgmp-dev:amd64.
- Preparing to unpack .../1-libgmp-dev_2%3a6.2.1+dfsg1-1.1_amd64.deb ...
- Unpacking libgmp-dev:amd64 (2:6.2.1+dfsg1-1.1) ...
- Selecting previously unselected package libpcre16-3:amd64.
- Preparing to unpack .../2-libpcre16-3_2%3a8.39-15_amd64.deb ...
- Unpacking libpcre16-3:amd64 (2:8.39-15) ...
- Selecting previously unselected package libpcre3:amd64.
- Preparing to unpack .../3-libpcre3_2%3a8.39-15_amd64.deb ...
- Unpacking libpcre3:amd64 (2:8.39-15) ...
- Selecting previously unselected package libpcre32-3:amd64.
- Preparing to unpack .../4-libpcre32-3_2%3a8.39-15_amd64.deb ...
- Unpacking libpcre32-3:amd64 (2:8.39-15) ...
- Selecting previously unselected package libpcrecpp0v5:amd64.
- Preparing to unpack .../5-libpcrecpp0v5_2%3a8.39-15_amd64.deb ...
- Unpacking libpcrecpp0v5:amd64 (2:8.39-15) ...
- Selecting previously unselected package libpcre3-dev:amd64.
- Preparing to unpack .../6-libpcre3-dev_2%3a8.39-15_amd64.deb ...
- Unpacking libpcre3-dev:amd64 (2:8.39-15) ...
- Selecting previously unselected package libssl-dev:amd64.
- Preparing to unpack .../7-libssl-dev_3.0.11-1~deb12u2_amd64.deb ...
- Unpacking libssl-dev:amd64 (3.0.11-1~deb12u2) ...
- Setting up libpcre16-3:amd64 (2:8.39-15) ...
- Setting up libpcre3:amd64 (2:8.39-15) ...
- Setting up libgmpxx4ldbl:amd64 (2:6.2.1+dfsg1-1.1) ...
- Setting up libssl-dev:amd64 (3.0.11-1~deb12u2) ...
- Setting up libpcre32-3:amd64 (2:8.39-15) ...
- Setting up libpcrecpp0v5:amd64 (2:8.39-15) ...
- Setting up libgmp-dev:amd64 (2:6.2.1+dfsg1-1.1) ...
- Setting up libpcre3-dev:amd64 (2:8.39-15) ...
- Processing triggers for libc-bin (2.36-9+deb12u4) ...

<><> Processing actions <><><><><><><><><><><><><><><><><><><><><><><><><><><><>
-> retrieved alcotest.1.7.0  (cached)
-> retrieved angstrom.0.16.0  (cached)
-> retrieved asn1-combinators.0.2.6  (cached)
-> retrieved astring.0.8.5  (cached)
-> retrieved base.v0.15.1  (cached)
-> retrieved base64.3.5.1  (cached)
-> retrieved bigarray-overlap.0.2.1  (cached)
-> retrieved bigstringaf.0.9.1  (cached)
-> retrieved biniou.1.2.2  (cached)
-> retrieved bos.0.2.1  (cached)
-> retrieved ca-certs.0.2.3  (cached)
-> retrieved camlp-streams.5.0.1  (cached)
-> retrieved caqti.1.9.0, caqti-lwt.1.9.0  (cached)
-> retrieved cmdliner.1.2.0  (cached)
-> retrieved cohttp.5.3.1  (cached)
-> retrieved cohttp-lwt.5.3.0, cohttp-lwt-unix.5.3.0  (cached)
-> retrieved coin.0.1.4  (cached)
-> retrieved colombe.0.8.0, sendmail.0.8.0  (cached)
-> retrieved conduit.6.2.1, conduit-lwt.6.2.1, conduit-lwt-unix.6.2.1  (cached)
-> installed conf-libssl.4
-> retrieved containers.3.13.1  (cached)
-> installed conf-gmp.4
-> installed conf-libpcre.1
-> retrieved cppo.1.6.9  (cached)
-> retrieved csexp.1.5.2  (cached)
-> installed conf-gmp-powm-sec.3
-> retrieved cstruct.6.2.0  (cached)
-> retrieved digestif.1.2.0  (cached)
-> retrieved domain-name.0.4.0  (cached)
-> retrieved dune.3.14.2, dune-configurator.3.14.2  (cached)
-> retrieved duration.0.2.1  (cached)
-> retrieved easy-format.1.3.4  (cached)
-> retrieved either.1.0.0  (cached)
-> retrieved emile.1.1  (cached)
-> retrieved eqaf.0.9  (cached)
-> retrieved ezjsonm.1.3.0  (cached)
-> retrieved fieldslib.v0.15.0  (cached)
-> retrieved fmt.0.9.0  (cached)
-> retrieved fpath.0.7.3  (cached)
-> retrieved gmap.0.3.0  (cached)
-> retrieved hex.1.5.0  (cached)
-> retrieved hkdf.1.0.4  (cached)
-> retrieved hmap.0.8.1  (cached)
-> retrieved ipaddr.5.5.0, ipaddr-sexp.5.5.0, macaddr.5.5.0  (cached)
-> retrieved jsonm.1.0.2  (cached)
-> retrieved jwto.0.4.0  (cached)
-> retrieved ke.0.6  (cached)
-> installed cmdliner.1.2.0
-> retrieved letters.0.3.3  (cached)
-> retrieved logs.0.7.0  (cached)
-> retrieved lwt.5.7.0  (cached)
-> retrieved lwt_ssl.1.2.0  (cached)
-> retrieved magic-mime.1.3.1  (cached)
-> retrieved mirage-crypto.0.11.3, mirage-crypto-ec.0.11.3, mirage-crypto-pk.0.11.3, mirage-crypto-rng.0.11.3, mirage-crypto-rng-lwt.0.11.3  (cached)
-> retrieved mrmime.0.6.0  (cached)
-> retrieved mtime.2.0.0  (cached)
-> retrieved num.1.5  (cached)
-> retrieved ocaml-compiler-libs.v0.12.4  (cached)
-> retrieved ocaml-syntax-shims.1.0.0  (cached)
-> retrieved ocamlbuild.0.14.3  (cached)
-> retrieved ocamlfind.1.9.6  (cached)
-> retrieved ocplib-endian.1.2  (cached)
-> retrieved opium.0.18.0, opium_kernel.0.18.0  (cached)
-> retrieved parsexp.v0.15.0  (cached)
-> retrieved pbkdf.1.2.0  (cached)
-> retrieved pcre.7.5.0  (cached)
-> retrieved pecu.0.6  (cached)
-> retrieved ppx_derivers.1.2.1  (cached)
-> retrieved ppx_deriving.5.2.1  (cached)
-> retrieved ppx_deriving_yojson.3.7.0  (cached)
-> retrieved ppx_fields_conv.v0.15.0  (cached)
-> retrieved ppx_sexp_conv.v0.15.1  (cached)
-> retrieved ppxlib.0.32.0  (cached)
-> retrieved prettym.0.0.3  (cached)
-> retrieved ptime.1.1.0  (cached)
-> retrieved re.1.11.0  (cached)
-> retrieved result.1.5  (cached)
-> retrieved rosetta.0.3.0  (cached)
-> retrieved rresult.0.7.0  (cached)
-> retrieved safepass.3.1  (cached)
-> installed seq.base
-> retrieved sexplib.v0.15.1  (cached)
-> retrieved sexplib0.v0.15.1  (cached)
-> retrieved sihl.0.1.4  (cached)
-> retrieved ssl.0.7.0  (cached)
-> retrieved stdlib-shims.0.3.0  (cached)
-> retrieved stringext.1.6.0  (cached)
-> retrieved tls.0.17.3, tls-lwt.0.17.3  (cached)
-> retrieved topkg.1.0.7  (cached)
-> retrieved tsort.2.0.0  (cached)
-> retrieved tyxml.4.6.0  (cached)
-> retrieved unstrctrd.0.3  (cached)
-> retrieved uri.4.4.0, uri-sexp.4.4.0  (cached)
-> retrieved uuidm.0.9.8  (cached)
-> retrieved uutf.1.0.3  (cached)
-> retrieved uuuu.0.3.0  (cached)
-> retrieved x509.0.16.5  (cached)
-> retrieved yojson.1.7.0  (cached)
-> retrieved yuscii.0.3.0  (cached)
-> retrieved zarith.1.13  (cached)
-> installed num.1.5
-> installed ocamlfind.1.9.6
-> installed base-bytes.base
-> installed ocamlbuild.0.14.3
-> installed zarith.1.13
-> installed topkg.1.0.7
-> installed hmap.0.8.1
-> installed rresult.0.7.0
-> installed uuidm.0.9.8
-> installed uutf.1.0.3
-> installed mtime.2.0.0
-> installed ptime.1.1.0
-> installed fmt.0.9.0
-> installed astring.0.8.5
-> installed jsonm.1.0.2
-> installed fpath.0.7.3
-> installed dune.3.14.2
-> installed bigarray-overlap.0.2.1
-> installed csexp.1.5.2
-> installed base64.3.5.1
-> installed camlp-streams.5.0.1
-> installed cppo.1.6.9
-> installed cstruct.6.2.0
-> installed domain-name.0.4.0
-> installed duration.0.2.1
-> installed easy-format.1.3.4
-> installed either.1.0.0
-> installed gmap.0.3.0
-> installed ke.0.6
-> installed macaddr.5.5.0
-> installed magic-mime.1.3.1
-> installed ocaml-compiler-libs.v0.12.4
-> installed ocaml-syntax-shims.1.0.0
-> installed pecu.0.6
-> installed ppx_derivers.1.2.1
-> installed re.1.11.0
-> installed result.1.5
-> installed safepass.3.1
-> installed sexplib0.v0.15.1
-> installed stdlib-shims.0.3.0
-> installed stringext.1.6.0
-> installed yuscii.0.3.0
-> installed hex.1.5.0
-> installed ocplib-endian.1.2
-> installed ipaddr.5.5.0
-> installed eqaf.0.9
-> installed asn1-combinators.0.2.6
-> installed biniou.1.2.2
-> installed ezjsonm.1.3.0
-> installed coin.0.1.4
-> installed uuuu.0.3.0
-> installed rosetta.0.3.0
-> installed alcotest.1.7.0
-> installed digestif.1.2.0
-> installed dune-configurator.3.14.2
-> installed yojson.1.7.0
-> installed bigstringaf.0.9.1
-> installed pcre.7.5.0
-> installed angstrom.0.16.0
-> installed prettym.0.0.3
-> installed ssl.0.7.0
-> installed tyxml.4.6.0
-> installed unstrctrd.0.3
-> installed emile.1.1
-> installed mirage-crypto.0.11.3
-> installed containers.3.13.1
-> installed hkdf.1.0.4
-> installed pbkdf.1.2.0
-> installed tsort.2.0.0
-> installed colombe.0.8.0
-> installed mrmime.0.6.0
-> installed uri.4.4.0
-> installed lwt.5.7.0
-> installed lwt_ssl.1.2.0
-> installed logs.0.7.0
-> installed base.v0.15.1
-> installed caqti.1.9.0
-> installed mirage-crypto-rng.0.11.3
-> installed fieldslib.v0.15.0
-> installed caqti-lwt.1.9.0
-> installed mirage-crypto-rng-lwt.0.11.3
-> installed mirage-crypto-pk.0.11.3
-> installed parsexp.v0.15.0
-> installed bos.0.2.1
-> installed sexplib.v0.15.1
-> installed ppxlib.0.32.0
-> installed mirage-crypto-ec.0.11.3
-> installed x509.0.16.5
-> installed ppx_fields_conv.v0.15.0
-> installed ca-certs.0.2.3
-> installed ppx_deriving.5.2.1
-> installed ppx_sexp_conv.v0.15.1
-> installed tls.0.17.3
-> installed tls-lwt.0.17.3
-> installed sendmail.0.8.0
-> installed letters.0.3.3
-> installed jwto.0.4.0
-> installed uri-sexp.4.4.0
-> installed ipaddr-sexp.5.5.0
-> installed ppx_deriving_yojson.3.7.0
-> installed conduit.6.2.1
-> installed cohttp.5.3.1
-> installed conduit-lwt.6.2.1
-> installed cohttp-lwt.5.3.0
-> installed conduit-lwt-unix.6.2.1
-> installed opium_kernel.0.18.0
-> installed cohttp-lwt-unix.5.3.0
-> installed opium.0.18.0
-> installed sihl.0.1.4
Done.
# Run eval $(opam env) to update the current shell environment
[01;2m[01;35m2024-03-25 08:38.27 ---> saved as "08c5847cc92fe4fdf6c0f1a65a6b357ef9d88896f108323eb9367a5b04ed9741"[0m

[01;34m/home/opam: (env OPAMCRITERIA -removed,-count[avoid-version,changed],-count[version-lag,request],-count[version-lag,changed],-count[missing-depexts,changed],-changed)[0m

[01;34m/home/opam: (env OPAMFIXUPCRITERIA -removed,-count[avoid-version,changed],-count[version-lag,request],-count[version-lag,changed],-count[missing-depexts,changed],-changed)[0m

[01;34m/home/opam: (env OPAMUPGRADECRITERIA -removed,-count[avoid-version,changed],-count[version-lag,request],-count[version-lag,changed],-count[missing-depexts,changed],-changed)[0m

[01;34m/home/opam: (run (network host)
                 (shell "(opam reinstall --with-test sihl.0.1.4) || true"))[0m
[ERROR] Sorry, resolution of the request timed out.
        Try to specify a more precise request, use a different solver, or increase the allowed time by setting OPAMSOLVERTIMEOUT to a bigger value (currently, it is set to 500.0 seconds).
[01;2m[01;35m2024-03-25 08:47.00 ---> saved as "3ea616ab87b4d353f2bc366b3e676d7c63357ce92ccd4878d526442df0a50519"[0m

[01;34m/home/opam: (run (shell  "opam reinstall --with-test --verbose sihl.0.1.4;\
                        \n        res=$?;\
                        \n        test \"$res\" != 31 && exit \"$res\";\
                        \n        export OPAMCLI=2.0;\
                        \n        build_dir=$(opam var prefix)/.opam-switch/build;\
                        \n        failed=$(ls \"$build_dir\");\
                        \n        partial_fails=\"\";\
                        \n        for pkg in $failed; do\
                        \n          if opam show -f x-ci-accept-failures: \"$pkg\" | grep -qF \"\\\"debian-12\\\"\"; then\
                        \n            echo \"A package failed and has been disabled for CI using the 'x-ci-accept-failures' field.\";\
                        \n          fi;\
                        \n          test \"$pkg\" != 'sihl.0.1.4' && partial_fails=\"$partial_fails $pkg\";\
                        \n        done;\
                        \n        test \"${partial_fails}\" != \"\" && echo \"opam-repo-ci detected dependencies failing: ${partial_fails}\";\
                        \n        exit 1"))[0m
The following actions will be performed:
=== remove 2 packages
  - remove    mirage-crypto-rng-lwt 0.11.3           [conflicts with mirage-crypto]
  - remove    tls-lwt               0.17.3           [conflicts with tls]
=== downgrade 12 packages
  - downgrade cohttp                5.3.1 to 2.5.5   [required by cohttp-lwt]
  - downgrade cohttp-lwt            5.3.0 to 2.5.5   [required by cohttp-lwt-unix]
  - downgrade cohttp-lwt-unix       5.3.0 to 2.5.5   [required by sihl]
  - downgrade conduit               6.2.1 to 4.0.2   [required by conduit-lwt]
  - downgrade conduit-lwt           6.2.1 to 4.0.2   [required by conduit-lwt-unix]
  - downgrade conduit-lwt-unix      6.2.1 to 4.0.2   [required by cohttp-lwt-unix]
  - downgrade letters               0.3.3 to 0.3.2   [required by sihl]
  - downgrade mirage-crypto         0.11.3 to 0.10.7 [required by tls]
  - downgrade mirage-crypto-ec      0.11.3 to 0.10.7 [required by tls]
  - downgrade mirage-crypto-pk      0.11.3 to 0.10.7 [required by tls]
  - downgrade mirage-crypto-rng     0.11.3 to 0.10.7 [required by tls]
  - downgrade tls                   0.17.3 to 0.15.4 [required by sihl]
=== recompile 8 packages
  - recompile ca-certs              0.2.3            [uses x509]
  - recompile hkdf                  1.0.4            [uses mirage-crypto]
  - recompile opium                 0.18.0           [uses cohttp-lwt-unix]
  - recompile opium_kernel          0.18.0           [uses cohttp-lwt]
  - recompile pbkdf                 1.2.0            [uses mirage-crypto]
  - recompile sendmail              0.8.0            [uses tls]
  - recompile sihl                  0.1.4
  - recompile x509                  0.16.5           [uses tls-lwt]
=== install 5 packages
  - install   alcotest-lwt          1.7.0            [required by sihl]
  - install   cstruct-sexp          6.2.0            [required by tls]
  - install   mirage-no-solo5       1                [required by mirage-crypto-pk]
  - install   mirage-no-xen         1                [required by mirage-crypto-pk]
  - install   ppx_cstruct           6.2.0            [required by tls]

<><> Processing actions <><><><><><><><><><><><><><><><><><><><><><><><><><><><>
Processing  1/88: [alcotest-lwt.1.7.0: http]
[ERROR] Failed to get sources of alcotest-lwt.1.7.0: Curl failed
Processing  2/88: [ca-certs.0.2.3: http]
Processing  3/88: [ca-certs.0.2.3: http]
Processing  4/88: [ca-certs.0.2.3: http]
[ERROR] Failed to get sources of ca-certs.0.2.3: Curl failed
Processing  5/88: [cohttp.2.5.5, cohttp-lwt.2.5.5, cohttp-lwt-unix.2.5.5: http]
[ERROR] Failed to get sources of cohttp.2.5.5, cohttp-lwt.2.5.5, cohttp-lwt-unix.2.5.5 (https://github.com/mirage/ocaml-cohttp/releases/download/v2.5.5/cohttp-v2.5.5.tbz): Curl failed
Processing  6/88: [conduit.4.0.2, conduit-lwt.4.0.2, conduit-lwt-unix.4.0.2: http]
Processing  7/88: [conduit.4.0.2, conduit-lwt.4.0.2, conduit-lwt-unix.4.0.2: http]
[ERROR] Failed to get sources of conduit.4.0.2, conduit-lwt.4.0.2, conduit-lwt-unix.4.0.2 (https://github.com/mirage/ocaml-conduit/releases/download/v4.0.2/conduit-v4.0.2.tbz): Curl failed
Processing  8/88: [cstruct-sexp.6.2.0, ppx_cstruct.6.2.0: http]
Processing  9/88: [cstruct-sexp.6.2.0, ppx_cstruct.6.2.0: http]
[ERROR] Failed to get sources of cstruct-sexp.6.2.0, ppx_cstruct.6.2.0 (https://github.com/mirage/ocaml-cstruct/releases/download/v6.2.0/cstruct-6.2.0.tbz): Curl failed
Processing 10/88: [hkdf.1.0.4: http]
Processing 11/88: [hkdf.1.0.4: http]
Processing 12/88: [hkdf.1.0.4: http]
Processing 13/88: [hkdf.1.0.4: http]
Processing 14/88: [hkdf.1.0.4: http]
[ERROR] Failed to get sources of hkdf.1.0.4: Curl failed
Processing 15/88: [letters.0.3.2: http]
[ERROR] Failed to get sources of letters.0.3.2: Curl failed
Processing 16/88: [mirage-crypto.0.10.7, mirage-crypto-ec.0.10.7, mirage-crypto-pk.0.10.7, mirage-crypto-rng.0.10.7: http]
[ERROR] Failed to get sources of mirage-crypto.0.10.7, mirage-crypto-ec.0.10.7, mirage-crypto-pk.0.10.7, mirage-crypto-rng.0.10.7 (https://github.com/mirage/mirage-crypto/releases/download/v0.10.7/mirage-crypto-0.10.7.tbz): Curl failed
Processing 19/88: [opium.0.18.0, opium_kernel.0.18.0: http]
Processing 20/88: [opium.0.18.0, opium_kernel.0.18.0: http]
Processing 21/88: [opium.0.18.0, opium_kernel.0.18.0: http]
Processing 22/88: [opium.0.18.0, opium_kernel.0.18.0: http]
-> installed mirage-no-solo5.1
Processing 23/88: [opium.0.18.0, opium_kernel.0.18.0: http]
-> installed mirage-no-xen.1
Processing 24/88: [opium.0.18.0, opium_kernel.0.18.0: http]
[ERROR] Failed to get sources of opium.0.18.0, opium_kernel.0.18.0 (https://github.com/rgrinberg/opium/releases/download/0.18.0/opium-0.18.0.tbz): Curl failed
Processing 25/88: [pbkdf.1.2.0: http]
[ERROR] Failed to get sources of pbkdf.1.2.0: Curl failed
Processing 26/88: [sendmail.0.8.0: http]
[ERROR] Failed to get sources of sendmail.0.8.0: Curl failed
Processing 27/88: [sihl.0.1.4: http]
[ERROR] Failed to get sources of sihl.0.1.4: Curl failed
Processing 44/88: [tls.0.15.4: http]
Processing 45/88: [tls.0.15.4: http]
Processing 46/88: [tls.0.15.4: http]
Processing 47/88: [tls.0.15.4: http]
Processing 48/88: [tls.0.15.4: http]
Processing 49/88: [tls.0.15.4: http]
Processing 50/88: [tls.0.15.4: http]
Processing 51/88: [tls.0.15.4: http]
Processing 52/88: [tls.0.15.4: http]
[ERROR] Failed to get sources of tls.0.15.4: Curl failed
Processing 53/88: [x509.0.16.5: http]
[ERROR] Failed to get sources of x509.0.16.5: Curl failed

#=== ERROR while fetching sources for x509.0.16.5 =============================#
OpamSolution.Fetch_fail("https://github.com/mirleft/ocaml-x509/releases/download/v0.16.5/x509-0.16.5.tbz (Curl failed: \"/usr/bin/curl --write-out %{http_code}\\\\n --retry 3 --retry-delay 2 --user-agent opam/2.2.0~beta2~dev -L -o /home/opam/.opam/4.14/.opam-switch/sources/x509.0.16.5/x509-0.16.5.tbz.part -- https://github.com/mirleft/ocaml-x509/releases/download/v0.16.5/x509-0.16.5.tbz\" exited with code 6)")

#=== ERROR while fetching sources for tls.0.15.4 ==============================#
OpamSolution.Fetch_fail("https://github.com/mirleft/ocaml-tls/releases/download/v0.15.4/tls-0.15.4.tbz (Curl failed: \"/usr/bin/curl --write-out %{http_code}\\\\n --retry 3 --retry-delay 2 --user-agent opam/2.2.0~beta2~dev -L -o /home/opam/.opam/4.14/.opam-switch/sources/tls.0.15.4/tls-0.15.4.tbz.part -- https://github.com/mirleft/ocaml-tls/releases/download/v0.15.4/tls-0.15.4.tbz\" exited with code 6)")

#=== ERROR while fetching sources for sihl.0.1.4 ==============================#
OpamSolution.Fetch_fail("https://github.com/oxidizing/sihl/releases/download/0.1.4/sihl-0.1.4.tbz (Curl failed: \"/usr/bin/curl --write-out %{http_code}\\\\n --retry 3 --retry-delay 2 --user-agent opam/2.2.0~beta2~dev -L -o /home/opam/.opam/4.14/.opam-switch/sources/sihl.0.1.4/sihl-0.1.4.tbz.part -- https://github.com/oxidizing/sihl/releases/download/0.1.4/sihl-0.1.4.tbz\" exited with code 6)")

#=== ERROR while fetching sources for sendmail.0.8.0 ==========================#
OpamSolution.Fetch_fail("https://github.com/mirage/colombe/releases/download/v0.8.0/colombe-0.8.0.tbz (Curl failed: \"/usr/bin/curl --write-out %{http_code}\\\\n --retry 3 --retry-delay 2 --user-agent opam/2.2.0~beta2~dev -L -o /home/opam/.opam/4.14/.opam-switch/sources/sendmail.0.8.0/colombe-0.8.0.tbz.part -- https://github.com/mirage/colombe/releases/download/v0.8.0/colombe-0.8.0.tbz\" exited with code 6)")

#=== ERROR while fetching sources for pbkdf.1.2.0 =============================#
OpamSolution.Fetch_fail("https://github.com/abeaumont/ocaml-pbkdf/archive/1.2.0.tar.gz (Curl failed: \"/usr/bin/curl --write-out %{http_code}\\\\n --retry 3 --retry-delay 2 --user-agent opam/2.2.0~beta2~dev -L -o /home/opam/.opam/4.14/.opam-switch/sources/pbkdf.1.2.0/1.2.0.tar.gz.part -- https://github.com/abeaumont/ocaml-pbkdf/archive/1.2.0.tar.gz\" exited with code 6)")

#=== ERROR while fetching sources for opium.0.18.0 and opium_kernel.0.18.0 ====#
OpamSolution.Fetch_fail("https://github.com/rgrinberg/opium/releases/download/0.18.0/opium-0.18.0.tbz (Curl failed: \"/usr/bin/curl --write-out %{http_code}\\\\n --retry 3 --retry-delay 2 --user-agent opam/2.2.0~beta2~dev -L -o /tmp/opam-7-0c747d/opium-0.18.0.tbz.part -- https://github.com/rgrinberg/opium/releases/download/0.18.0/opium-0.18.0.tbz\" exited with code 6)")

#=== ERROR while fetching sources for mirage-crypto.0.10.7, mirage-crypto-ec.0.10.7, mirage-crypto-pk.0.10.7 and mirage-crypto-rng.0.10.7 
OpamSolution.Fetch_fail("https://github.com/mirage/mirage-crypto/releases/download/v0.10.7/mirage-crypto-0.10.7.tbz (Curl failed: \"/usr/bin/curl --write-out %{http_code}\\\\n --retry 3 --retry-delay 2 --user-agent opam/2.2.0~beta2~dev -L -o /tmp/opam-7-b397fb/mirage-crypto-0.10.7.tbz.part -- https://github.com/mirage/mirage-crypto/releases/download/v0.10.7/mirage-crypto-0.10.7.tbz\" exited with code 6)")

#=== ERROR while fetching sources for letters.0.3.2 ===========================#
OpamSolution.Fetch_fail("https://github.com/oxidizing/letters/archive/0.3.2.tar.gz (Curl failed: \"/usr/bin/curl --write-out %{http_code}\\\\n --retry 3 --retry-delay 2 --user-agent opam/2.2.0~beta2~dev -L -o /home/opam/.opam/4.14/.opam-switch/sources/letters.0.3.2/0.3.2.tar.gz.part -- https://github.com/oxidizing/letters/archive/0.3.2.tar.gz\" exited with code 6)")

#=== ERROR while fetching sources for hkdf.1.0.4 ==============================#
OpamSolution.Fetch_fail("https://github.com/hannesm/ocaml-hkdf/releases/download/v1.0.4/hkdf-v1.0.4.tbz (Curl failed: \"/usr/bin/curl --write-out %{http_code}\\\\n --retry 3 --retry-delay 2 --user-agent opam/2.2.0~beta2~dev -L -o /home/opam/.opam/4.14/.opam-switch/sources/hkdf.1.0.4/hkdf-v1.0.4.tbz.part -- https://github.com/hannesm/ocaml-hkdf/releases/download/v1.0.4/hkdf-v1.0.4.tbz\" exited with code 6)")

#=== ERROR while fetching sources for cstruct-sexp.6.2.0 and ppx_cstruct.6.2.0 #
OpamSolution.Fetch_fail("https://github.com/mirage/ocaml-cstruct/releases/download/v6.2.0/cstruct-6.2.0.tbz (Curl failed: \"/usr/bin/curl --write-out %{http_code}\\\\n --retry 3 --retry-delay 2 --user-agent opam/2.2.0~beta2~dev -L -o /tmp/opam-7-03462a/cstruct-6.2.0.tbz.part -- https://github.com/mirage/ocaml-cstruct/releases/download/v6.2.0/cstruct-6.2.0.tbz\" exited with code 6)")

#=== ERROR while fetching sources for conduit.4.0.2, conduit-lwt.4.0.2 and conduit-lwt-unix.4.0.2 
OpamSolution.Fetch_fail("https://github.com/mirage/ocaml-conduit/releases/download/v4.0.2/conduit-v4.0.2.tbz (Curl failed: \"/usr/bin/curl --write-out %{http_code}\\\\n --retry 3 --retry-delay 2 --user-agent opam/2.2.0~beta2~dev -L -o /tmp/opam-7-b2105a/conduit-v4.0.2.tbz.part -- https://github.com/mirage/ocaml-conduit/releases/download/v4.0.2/conduit-v4.0.2.tbz\" exited with code 6)")

#=== ERROR while fetching sources for cohttp.2.5.5, cohttp-lwt.2.5.5 and cohttp-lwt-unix.2.5.5 
OpamSolution.Fetch_fail("https://github.com/mirage/ocaml-cohttp/releases/download/v2.5.5/cohttp-v2.5.5.tbz (Curl failed: \"/usr/bin/curl --write-out %{http_code}\\\\n --retry 3 --retry-delay 2 --user-agent opam/2.2.0~beta2~dev -L -o /tmp/opam-7-a45265/cohttp-v2.5.5.tbz.part -- https://github.com/mirage/ocaml-cohttp/releases/download/v2.5.5/cohttp-v2.5.5.tbz\" exited with code 6)")

#=== ERROR while fetching sources for ca-certs.0.2.3 ==========================#
OpamSolution.Fetch_fail("https://github.com/mirage/ca-certs/releases/download/v0.2.3/ca-certs-0.2.3.tbz (Curl failed: \"/usr/bin/curl --write-out %{http_code}\\\\n --retry 3 --retry-delay 2 --user-agent opam/2.2.0~beta2~dev -L -o /home/opam/.opam/4.14/.opam-switch/sources/ca-certs.0.2.3/ca-certs-0.2.3.tbz.part -- https://github.com/mirage/ca-certs/releases/download/v0.2.3/ca-certs-0.2.3.tbz\" exited with code 6)")

#=== ERROR while fetching sources for alcotest-lwt.1.7.0 ======================#
OpamSolution.Fetch_fail("https://github.com/mirage/alcotest/releases/download/1.7.0/alcotest-1.7.0.tbz (Curl failed: \"/usr/bin/curl --write-out %{http_code}\\\\n --retry 3 --retry-delay 2 --user-agent opam/2.2.0~beta2~dev -L -o /home/opam/.opam/4.14/.opam-switch/sources/alcotest-lwt.1.7.0/alcotest-1.7.0.tbz.part -- https://github.com/mirage/alcotest/releases/download/1.7.0/alcotest-1.7.0.tbz\" exited with code 6)")


<><> Error report <><><><><><><><><><><><><><><><><><><><><><><><><><><><><><><>
+- The following actions were aborted
| - remove cohttp                5.3.1
| - remove cohttp-lwt            5.3.0
| - remove cohttp-lwt-unix       5.3.0
| - remove conduit               6.2.1
| - remove conduit-lwt           6.2.1
| - remove conduit-lwt-unix      6.2.1
| - remove letters               0.3.3
| - remove mirage-crypto         0.11.3
| - remove mirage-crypto-ec      0.11.3
| - remove mirage-crypto-pk      0.11.3
| - remove mirage-crypto-rng     0.11.3
| - remove mirage-crypto-rng-lwt 0.11.3
| - remove tls                   0.17.3
| - remove tls-lwt               0.17.3
+- 
+- The following actions failed
| - fetch alcotest-lwt                                                                                     1.7.0
| - fetch ca-certs                                                                                         0.2.3
| - fetch cohttp.2.5.5, cohttp-lwt.2.5.5, cohttp-lwt-unix.2.5.5                                            
| - fetch conduit.4.0.2, conduit-lwt.4.0.2, conduit-lwt-unix.4.0.2                                         
| - fetch cstruct-sexp.6.2.0, ppx_cstruct.6.2.0                                                            
| - fetch hkdf                                                                                             1.0.4
| - fetch letters                                                                                          0.3.2
| - fetch mirage-crypto.0.10.7, mirage-crypto-ec.0.10.7, mirage-crypto-pk.0.10.7, mirage-crypto-rng.0.10.7 
| - fetch opium.0.18.0, opium_kernel.0.18.0                                                                
| - fetch pbkdf                                                                                            1.2.0
| - fetch sendmail                                                                                         0.8.0
| - fetch sihl                                                                                             0.1.4
| - fetch tls                                                                                              0.15.4
| - fetch x509                                                                                             0.16.5
+- 
+- The following changes have been performed (the rest was aborted)
| - install mirage-no-solo5 1
| - install mirage-no-xen   1
+- 
# Run eval $(opam env) to update the current shell environment

The former state can be restored with:
    /usr/bin/opam switch import "/home/opam/.opam/4.14/.opam-switch/backup/state-20240325084700.export"
'opam reinstall --with-test --verbose sihl.0.1.4' failed.
"/usr/bin/env" "bash" "-c" "opam reinstall --with-test --verbose sihl.0.1.4;
        res=$?;
        test "$res" != 31 && exit "$res";
        export OPAMCLI=2.0;
        build_dir=$(opam var prefix)/.opam-switch/build;
        failed=$(ls "$build_dir");
        partial_fails="";
        for pkg in $failed; do
          if opam show -f x-ci-accept-failures: "$pkg" | grep -qF "\"debian-12\""; then
            echo "A package failed and has been disabled for CI using the 'x-ci-accept-failures' field.";
          fi;
          test "$pkg" != 'sihl.0.1.4' && partial_fails="$partial_fails $pkg";
        done;
        test "${partial_fails}" != "" && echo "opam-repo-ci detected dependencies failing: ${partial_fails}";
        exit 1" failed with exit status 40
2024-03-25 08:57.00: Job failed: Failed: Build failed
2024-03-25 08:57.00: Log analysis:
2024-03-25 08:57.00: >>> 
[ERROR] Sorry, resolution of the request timed out.
 (score = 20)
2024-03-25 08:57.00: >>> 
[ERROR] Failed to get sources of alcotest-lwt.1.7.0: Curl failed
 (score = 25)
2024-03-25 08:57.00: >>> 
[ERROR] Failed to get sources of ca-certs.0.2.3: Curl failed
 (score = 25)
2024-03-25 08:57.00: >>> 
[ERROR] Failed to get sources of cohttp.2.5.5, cohttp-lwt.2.5.5, cohttp-lwt-unix.2.5.5 (https://github.com/mirage/ocaml-cohttp/releases/download/v2.5.5/cohttp-v2.5.5.tbz): Curl failed
 (score = 25)
2024-03-25 08:57.00: >>> 
[ERROR] Failed to get sources of conduit.4.0.2, conduit-lwt.4.0.2, conduit-lwt-unix.4.0.2 (https://github.com/mirage/ocaml-conduit/releases/download/v4.0.2/conduit-v4.0.2.tbz): Curl failed
 (score = 25)
2024-03-25 08:57.00: >>> 
[ERROR] Failed to get sources of cstruct-sexp.6.2.0, ppx_cstruct.6.2.0 (https://github.com/mirage/ocaml-cstruct/releases/download/v6.2.0/cstruct-6.2.0.tbz): Curl failed
 (score = 25)
2024-03-25 08:57.00: >>> 
[ERROR] Failed to get sources of hkdf.1.0.4: Curl failed
 (score = 25)
2024-03-25 08:57.00: >>> 
[ERROR] Failed to get sources of letters.0.3.2: Curl failed
 (score = 25)
2024-03-25 08:57.00: >>> 
[ERROR] Failed to get sources of mirage-crypto.0.10.7, mirage-crypto-ec.0.10.7, mirage-crypto-pk.0.10.7, mirage-crypto-rng.0.10.7 (https://github.com/mirage/mirage-crypto/releases/download/v0.10.7/mirage-crypto-0.10.7.tbz): Curl failed
 (score = 25)
2024-03-25 08:57.00: >>> 
[ERROR] Failed to get sources of opium.0.18.0, opium_kernel.0.18.0 (https://github.com/rgrinberg/opium/releases/download/0.18.0/opium-0.18.0.tbz): Curl failed
 (score = 25)
2024-03-25 08:57.00: >>> 
[ERROR] Failed to get sources of pbkdf.1.2.0: Curl failed
 (score = 25)
2024-03-25 08:57.00: >>> 
[ERROR] Failed to get sources of sendmail.0.8.0: Curl failed
 (score = 25)
2024-03-25 08:57.00: >>> 
[ERROR] Failed to get sources of sihl.0.1.4: Curl failed
 (score = 25)
2024-03-25 08:57.00: >>> 
[ERROR] Failed to get sources of tls.0.15.4: Curl failed
 (score = 25)
2024-03-25 08:57.00: >>> 
[ERROR] Failed to get sources of x509.0.16.5: Curl failed
 (score = 25)
2024-03-25 08:57.00: Failed to get sources of alcotest-lwt.1.7.0: Curl failed
