2024-04-26 11:02.29: New job: test sihl.0.1.4 with shared-memory-ring-lwt.3.2.1, using opam dev
                              from https://github.com/ocaml/opam-repository.git#refs/pull/25741/head (bd8b82ee42dee1db2bfa4ebddfbe1506f4d7f763)
                              on debian-12-ocaml-4.14/amd64

To reproduce locally:

cd $(mktemp -d)
git clone --recursive "https://github.com/ocaml/opam-repository.git" && cd "opam-repository" && git fetch origin "refs/pull/25741/head" && git reset --hard bd8b82ee
git fetch origin master
git merge --no-edit 8b3e39a0d7a135e539ccd6526be3d2aa5d4356a5
cat > ../Dockerfile <<'END-OF-DOCKERFILE'
[34mFROM ocaml/opam:debian-12-ocaml-4.14@sha256:35b1aa76181479f2ba40039ae0c5fa5d94e24300e1eb606117587a8e82e9d89e
USER 1000:1000
WORKDIR /home/opam
RUN sudo ln -f /usr/bin/opam-dev /usr/bin/opam
RUN opam init --reinit -ni
RUN uname -rs && opam exec -- ocaml -version && opam --version
ENV OPAMDOWNLOADJOBS="1"
ENV OPAMERRLOGLEN="0"
ENV OPAMSOLVERTIMEOUT="500"
ENV OPAMPRECISETRACKING="1"
ENV CI="true"
ENV OPAM_REPO_CI="true"
RUN rm -rf opam-repository/
COPY --chown=1000:1000 . opam-repository/
RUN opam repository set-url --strict default opam-repository/
RUN opam update --depexts || true
ENV OPAMCRITERIA="-removed,-count[avoid-version,changed],-count[version-lag,request],-count[version-lag,changed],-count[missing-depexts,changed],-changed"
ENV OPAMFIXUPCRITERIA="-removed,-count[avoid-version,changed],-count[version-lag,request],-count[version-lag,changed],-count[missing-depexts,changed],-changed"
ENV OPAMUPGRADECRITERIA="-removed,-count[avoid-version,changed],-count[version-lag,request],-count[version-lag,changed],-count[missing-depexts,changed],-changed"
RUN opam pin add -k version -yn shared-memory-ring-lwt.3.2.1 3.2.1
RUN opam reinstall shared-memory-ring-lwt.3.2.1; \
    res=$?; \
    test "$res" != 31 && exit "$res"; \
    export OPAMCLI=2.0; \
    build_dir=$(opam var prefix)/.opam-switch/build; \
    failed=$(ls "$build_dir"); \
    partial_fails=""; \
    for pkg in $failed; do \
    if opam show -f x-ci-accept-failures: "$pkg" | grep -qF "\"debian-12\""; then \
    echo "A package failed and has been disabled for CI using the 'x-ci-accept-failures' field."; \
    fi; \
    test "$pkg" != 'shared-memory-ring-lwt.3.2.1' && partial_fails="$partial_fails $pkg"; \
    done; \
    test "${partial_fails}" != "" && echo "opam-repo-ci detected dependencies failing: ${partial_fails}"; \
    exit 1
ENV OPAMCRITERIA="-removed,-count[avoid-version,changed],-count[version-lag,request],-count[version-lag,changed],-count[missing-depexts,changed],-changed"
ENV OPAMFIXUPCRITERIA="-removed,-count[avoid-version,changed],-count[version-lag,request],-count[version-lag,changed],-count[missing-depexts,changed],-changed"
ENV OPAMUPGRADECRITERIA="-removed,-count[avoid-version,changed],-count[version-lag,request],-count[version-lag,changed],-count[missing-depexts,changed],-changed"
RUN opam reinstall sihl.0.1.4; \
    res=$?; \
    test "$res" != 31 && exit "$res"; \
    export OPAMCLI=2.0; \
    build_dir=$(opam var prefix)/.opam-switch/build; \
    failed=$(ls "$build_dir"); \
    partial_fails=""; \
    for pkg in $failed; do \
    if opam show -f x-ci-accept-failures: "$pkg" | grep -qF "\"debian-12\""; then \
    echo "A package failed and has been disabled for CI using the 'x-ci-accept-failures' field."; \
    fi; \
    test "$pkg" != 'sihl.0.1.4' && partial_fails="$partial_fails $pkg"; \
    done; \
    test "${partial_fails}" != "" && echo "opam-repo-ci detected dependencies failing: ${partial_fails}"; \
    exit 1
ENV OPAMCRITERIA="-removed,-count[avoid-version,changed],-count[version-lag,request],-count[version-lag,changed],-count[missing-depexts,changed],-changed"
ENV OPAMFIXUPCRITERIA="-removed,-count[avoid-version,changed],-count[version-lag,request],-count[version-lag,changed],-count[missing-depexts,changed],-changed"
ENV OPAMUPGRADECRITERIA="-removed,-count[avoid-version,changed],-count[version-lag,request],-count[version-lag,changed],-count[missing-depexts,changed],-changed"
RUN (opam reinstall --with-test sihl.0.1.4) || true
RUN opam reinstall --with-test --verbose sihl.0.1.4; \
    res=$?; \
    test "$res" != 31 && exit "$res"; \
    export OPAMCLI=2.0; \
    build_dir=$(opam var prefix)/.opam-switch/build; \
    failed=$(ls "$build_dir"); \
    partial_fails=""; \
    for pkg in $failed; do \
    if opam show -f x-ci-accept-failures: "$pkg" | grep -qF "\"debian-12\""; then \
    echo "A package failed and has been disabled for CI using the 'x-ci-accept-failures' field."; \
    fi; \
    test "$pkg" != 'sihl.0.1.4' && partial_fails="$partial_fails $pkg"; \
    done; \
    test "${partial_fails}" != "" && echo "opam-repo-ci detected dependencies failing: ${partial_fails}"; \
    exit 1
[0m
END-OF-DOCKERFILE
docker build -f ../Dockerfile .

2024-04-26 11:02.29: Using cache hint "ocaml/opam:debian-12-ocaml-4.14@sha256:35b1aa76181479f2ba40039ae0c5fa5d94e24300e1eb606117587a8e82e9d89e-shared-memory-ring-lwt.3.2.1-sihl.0.1.4-bd8b82ee42dee1db2bfa4ebddfbe1506f4d7f763"
2024-04-26 11:02.29: Using OBuilder spec:
((from ocaml/opam:debian-12-ocaml-4.14@sha256:35b1aa76181479f2ba40039ae0c5fa5d94e24300e1eb606117587a8e82e9d89e)
 (user (uid 1000) (gid 1000))
 (workdir /home/opam)
 (run (shell "sudo ln -f /usr/bin/opam-dev /usr/bin/opam"))
 (run (network host)
      (shell "opam init --reinit --config .opamrc-sandbox -ni"))
 (run (shell "uname -rs && opam exec -- ocaml -version && opam --version"))
 (env OPAMDOWNLOADJOBS 1)
 (env OPAMERRLOGLEN 0)
 (env OPAMSOLVERTIMEOUT 500)
 (env OPAMPRECISETRACKING 1)
 (env CI true)
 (env OPAM_REPO_CI true)
 (run (shell "rm -rf opam-repository/"))
 (copy (src .) (dst opam-repository/))
 (run (shell "opam repository set-url --strict default opam-repository/"))
 (run (network host)
      (shell "opam update --depexts || true"))
 (env OPAMCRITERIA -removed,-count[avoid-version,changed],-count[version-lag,request],-count[version-lag,changed],-count[missing-depexts,changed],-changed)
 (env OPAMFIXUPCRITERIA -removed,-count[avoid-version,changed],-count[version-lag,request],-count[version-lag,changed],-count[missing-depexts,changed],-changed)
 (env OPAMUPGRADECRITERIA -removed,-count[avoid-version,changed],-count[version-lag,request],-count[version-lag,changed],-count[missing-depexts,changed],-changed)
 (run (shell "opam pin add -k version -yn shared-memory-ring-lwt.3.2.1 3.2.1"))
 (run (cache (opam-archives (target /home/opam/.opam/download-cache)))
      (network host)
      (shell  "opam reinstall shared-memory-ring-lwt.3.2.1;\
             \n        res=$?;\
             \n        test \"$res\" != 31 && exit \"$res\";\
             \n        export OPAMCLI=2.0;\
             \n        build_dir=$(opam var prefix)/.opam-switch/build;\
             \n        failed=$(ls \"$build_dir\");\
             \n        partial_fails=\"\";\
             \n        for pkg in $failed; do\
             \n          if opam show -f x-ci-accept-failures: \"$pkg\" | grep -qF \"\\\"debian-12\\\"\"; then\
             \n            echo \"A package failed and has been disabled for CI using the 'x-ci-accept-failures' field.\";\
             \n          fi;\
             \n          test \"$pkg\" != 'shared-memory-ring-lwt.3.2.1' && partial_fails=\"$partial_fails $pkg\";\
             \n        done;\
             \n        test \"${partial_fails}\" != \"\" && echo \"opam-repo-ci detected dependencies failing: ${partial_fails}\";\
             \n        exit 1"))
 (env OPAMCRITERIA -removed,-count[avoid-version,changed],-count[version-lag,request],-count[version-lag,changed],-count[missing-depexts,changed],-changed)
 (env OPAMFIXUPCRITERIA -removed,-count[avoid-version,changed],-count[version-lag,request],-count[version-lag,changed],-count[missing-depexts,changed],-changed)
 (env OPAMUPGRADECRITERIA -removed,-count[avoid-version,changed],-count[version-lag,request],-count[version-lag,changed],-count[missing-depexts,changed],-changed)
 (run (cache (opam-archives (target /home/opam/.opam/download-cache)))
      (network host)
      (shell  "opam reinstall sihl.0.1.4;\
             \n        res=$?;\
             \n        test \"$res\" != 31 && exit \"$res\";\
             \n        export OPAMCLI=2.0;\
             \n        build_dir=$(opam var prefix)/.opam-switch/build;\
             \n        failed=$(ls \"$build_dir\");\
             \n        partial_fails=\"\";\
             \n        for pkg in $failed; do\
             \n          if opam show -f x-ci-accept-failures: \"$pkg\" | grep -qF \"\\\"debian-12\\\"\"; then\
             \n            echo \"A package failed and has been disabled for CI using the 'x-ci-accept-failures' field.\";\
             \n          fi;\
             \n          test \"$pkg\" != 'sihl.0.1.4' && partial_fails=\"$partial_fails $pkg\";\
             \n        done;\
             \n        test \"${partial_fails}\" != \"\" && echo \"opam-repo-ci detected dependencies failing: ${partial_fails}\";\
             \n        exit 1"))
 (env OPAMCRITERIA -removed,-count[avoid-version,changed],-count[version-lag,request],-count[version-lag,changed],-count[missing-depexts,changed],-changed)
 (env OPAMFIXUPCRITERIA -removed,-count[avoid-version,changed],-count[version-lag,request],-count[version-lag,changed],-count[missing-depexts,changed],-changed)
 (env OPAMUPGRADECRITERIA -removed,-count[avoid-version,changed],-count[version-lag,request],-count[version-lag,changed],-count[missing-depexts,changed],-changed)
 (run (network host)
      (shell "(opam reinstall --with-test sihl.0.1.4) || true"))
 (run (shell  "opam reinstall --with-test --verbose sihl.0.1.4;\
             \n        res=$?;\
             \n        test \"$res\" != 31 && exit \"$res\";\
             \n        export OPAMCLI=2.0;\
             \n        build_dir=$(opam var prefix)/.opam-switch/build;\
             \n        failed=$(ls \"$build_dir\");\
             \n        partial_fails=\"\";\
             \n        for pkg in $failed; do\
             \n          if opam show -f x-ci-accept-failures: \"$pkg\" | grep -qF \"\\\"debian-12\\\"\"; then\
             \n            echo \"A package failed and has been disabled for CI using the 'x-ci-accept-failures' field.\";\
             \n          fi;\
             \n          test \"$pkg\" != 'sihl.0.1.4' && partial_fails=\"$partial_fails $pkg\";\
             \n        done;\
             \n        test \"${partial_fails}\" != \"\" && echo \"opam-repo-ci detected dependencies failing: ${partial_fails}\";\
             \n        exit 1"))
)

2024-04-26 11:02.29: Waiting for resource in pool OCluster
2024-04-26 12:57.32: Waiting for workerâ€¦
2024-04-26 13:04.33: Got resource from pool OCluster
Building on doris.caelum.ci.dev
All commits already cached
Updating files:  69% (23167/33559)Updating files:  70% (23492/33559)Updating files:  71% (23827/33559)Updating files:  72% (24163/33559)Updating files:  73% (24499/33559)Updating files:  74% (24834/33559)Updating files:  75% (25170/33559)Updating files:  76% (25505/33559)Updating files:  77% (25841/33559)Updating files:  78% (26177/33559)Updating files:  79% (26512/33559)Updating files:  80% (26848/33559)Updating files:  81% (27183/33559)Updating files:  82% (27519/33559)Updating files:  83% (27854/33559)Updating files:  84% (28190/33559)Updating files:  85% (28526/33559)Updating files:  86% (28861/33559)Updating files:  87% (29197/33559)Updating files:  88% (29532/33559)Updating files:  89% (29868/33559)Updating files:  90% (30204/33559)Updating files:  91% (30539/33559)Updating files:  92% (30875/33559)Updating files:  93% (31210/33559)Updating files:  94% (31546/33559)Updating files:  95% (31882/33559)Updating files:  96% (32217/33559)Updating files:  97% (32553/33559)Updating files:  98% (32888/33559)Updating files:  99% (33224/33559)Updating files: 100% (33559/33559)Updating files: 100% (33559/33559), done.
HEAD is now at 8b3e39a0d7 Merge pull request #25728 from gborough/opam-publish-safemoney.0.2.0
Merge made by the 'ort' strategy.
 .../shared-memory-ring-lwt.3.2.1/opam              | 39 ++++++++++++++++++
 .../shared-memory-ring.3.2.1/opam                  | 47 ++++++++++++++++++++++
 2 files changed, 86 insertions(+)
 create mode 100644 packages/shared-memory-ring-lwt/shared-memory-ring-lwt.3.2.1/opam
 create mode 100644 packages/shared-memory-ring/shared-memory-ring.3.2.1/opam

[01;34m(from ocaml/opam:debian-12-ocaml-4.14@sha256:35b1aa76181479f2ba40039ae0c5fa5d94e24300e1eb606117587a8e82e9d89e)[0m
[01;2m[01;35m2024-04-26 13:04.36 ---> using "6bc7e89b5725106f75c11a8b774d971b425f7dab532e626727166f8fc8501d75" from cache[0m

[01;34m/: (user (uid 1000) (gid 1000))[0m

[01;34m/: (workdir /home/opam)[0m

[01;34m/home/opam: (run (shell "sudo ln -f /usr/bin/opam-dev /usr/bin/opam"))[0m
[01;2m[01;35m2024-04-26 13:04.36 ---> using "6c46928c87bd33edd5e231c6d2911f55a5eec75b812a3d7fda9fca2b12f57d18" from cache[0m

[01;34m/home/opam: (run (network host)
                 (shell "opam init --reinit --config .opamrc-sandbox -ni"))[0m
Configuring from /home/opam/.opamrc-sandbox, then /home/opam/.opamrc, and finally from built-in defaults.
Checking for available remotes: rsync and local, git.
  - you won't be able to use mercurial repositories unless you install the hg command on your system.
  - you won't be able to use darcs repositories unless you install the darcs command on your system.

This development version of opam requires an update to the layout of /home/opam/.opam from version 2.0 to version 2.2~alpha, which can't be reverted.
You may want to back it up before going further.

Continue? [y/n] y
Format upgrade done.

<><> Updating repositories ><><><><><><><><><><><><><><><><><><><><><><><><><><>
[default] synchronised from file:///home/opam/opam-repository
[01;2m[01;35m2024-04-26 13:04.36 ---> using "3788b182527ec34e6f4ace4f954db383e2985afce7b5a5d65b696ddea02578e3" from cache[0m

[01;34m/home/opam: (run (shell "uname -rs && opam exec -- ocaml -version && opam --version"))[0m
Linux 5.15.0-101-generic
The OCaml toplevel, version 4.14.2
2.2.0~beta3~dev
[01;2m[01;35m2024-04-26 13:04.36 ---> using "c7bf2e2bd9245a43ecc8d21b4a2e1fa9eed2aa27ec394d7eebda31d38857e6c9" from cache[0m

[01;34m/home/opam: (env OPAMDOWNLOADJOBS 1)[0m

[01;34m/home/opam: (env OPAMERRLOGLEN 0)[0m

[01;34m/home/opam: (env OPAMSOLVERTIMEOUT 500)[0m

[01;34m/home/opam: (env OPAMPRECISETRACKING 1)[0m

[01;34m/home/opam: (env CI true)[0m

[01;34m/home/opam: (env OPAM_REPO_CI true)[0m

[01;34m/home/opam: (run (shell "rm -rf opam-repository/"))[0m
[01;2m[01;35m2024-04-26 13:04.36 ---> using "112dde4704bddd0267c8982796c8bcbcc4f65cf21c3dfeb42addcfb7cee9ac89" from cache[0m

[01;34m/home/opam: (copy (src .) (dst opam-repository/))[0m
[01;2m[01;35m2024-04-26 13:04.37 ---> using "dd101522bb2b2ab7162efdfd81cb074e19051e62d981694327fdcbc33df620a2" from cache[0m

[01;34m/home/opam: (run (shell "opam repository set-url --strict default opam-repository/"))[0m
[default] Initialised
[01;2m[01;35m2024-04-26 13:04.37 ---> using "bc47afed14778a2bc72cd609a9611d266f484d0f1019ec119dd7e5ea67014651" from cache[0m

[01;34m/home/opam: (run (network host)
                 (shell "opam update --depexts || true"))[0m
+ /usr/bin/sudo "apt-get" "update"
- Hit:1 http://deb.debian.org/debian bookworm InRelease
- Get:2 http://deb.debian.org/debian bookworm-updates InRelease [55.4 kB]
- Get:3 http://deb.debian.org/debian-security bookworm-security InRelease [48.0 kB]
- Get:4 http://deb.debian.org/debian bookworm-updates/main amd64 Packages.diff/Index [10.6 kB]
- Get:5 http://deb.debian.org/debian bookworm-updates/main amd64 Packages T-2024-04-23-2036.10-F-2024-04-23-2036.10.pdiff [1595 B]
- Get:5 http://deb.debian.org/debian bookworm-updates/main amd64 Packages T-2024-04-23-2036.10-F-2024-04-23-2036.10.pdiff [1595 B]
- Get:6 http://deb.debian.org/debian-security bookworm-security/main amd64 Packages [155 kB]
- Fetched 270 kB in 0s (793 kB/s)
- Reading package lists...
[01;2m[01;35m2024-04-26 13:04.37 ---> using "0dea7b298f149aa8db2eeb57841b6f33d88c77db3c770a27a30915c790022e14" from cache[0m

[01;34m/home/opam: (env OPAMCRITERIA -removed,-count[avoid-version,changed],-count[version-lag,request],-count[version-lag,changed],-count[missing-depexts,changed],-changed)[0m

[01;34m/home/opam: (env OPAMFIXUPCRITERIA -removed,-count[avoid-version,changed],-count[version-lag,request],-count[version-lag,changed],-count[missing-depexts,changed],-changed)[0m

[01;34m/home/opam: (env OPAMUPGRADECRITERIA -removed,-count[avoid-version,changed],-count[version-lag,request],-count[version-lag,changed],-count[missing-depexts,changed],-changed)[0m

[01;34m/home/opam: (run (shell "opam pin add -k version -yn shared-memory-ring-lwt.3.2.1 3.2.1"))[0m
shared-memory-ring-lwt is now pinned to version 3.2.1
[01;2m[01;35m2024-04-26 13:04.37 ---> using "8d22bce8df6c14d23858f17e97484eafddd260885671132c01e49663d699fa70" from cache[0m

[01;34m/home/opam: (run (cache (opam-archives (target /home/opam/.opam/download-cache)))
                 (network host)
                 (shell  "opam reinstall shared-memory-ring-lwt.3.2.1;\
                        \n        res=$?;\
                        \n        test \"$res\" != 31 && exit \"$res\";\
                        \n        export OPAMCLI=2.0;\
                        \n        build_dir=$(opam var prefix)/.opam-switch/build;\
                        \n        failed=$(ls \"$build_dir\");\
                        \n        partial_fails=\"\";\
                        \n        for pkg in $failed; do\
                        \n          if opam show -f x-ci-accept-failures: \"$pkg\" | grep -qF \"\\\"debian-12\\\"\"; then\
                        \n            echo \"A package failed and has been disabled for CI using the 'x-ci-accept-failures' field.\";\
                        \n          fi;\
                        \n          test \"$pkg\" != 'shared-memory-ring-lwt.3.2.1' && partial_fails=\"$partial_fails $pkg\";\
                        \n        done;\
                        \n        test \"${partial_fails}\" != \"\" && echo \"opam-repo-ci detected dependencies failing: ${partial_fails}\";\
                        \n        exit 1"))[0m
shared-memory-ring-lwt.3.2.1 is not installed. Install it? [y/n] y
The following actions will be performed:
=== install 15 packages
  - install base-bytes             base           [required by ocplib-endian]
  - install cppo                   1.6.9          [required by lwt]
  - install csexp                  1.5.2          [required by dune-configurator]
  - install cstruct                6.2.0          [required by shared-memory-ring-lwt]
  - install dune                   3.15.0         [required by shared-memory-ring-lwt]
  - install dune-configurator      3.15.0         [required by lwt]
  - install fmt                    0.9.0          [required by cstruct]
  - install lwt                    5.7.0          [required by shared-memory-ring-lwt]
  - install lwt-dllist             1.0.1          [required by shared-memory-ring-lwt]
  - install ocamlbuild             0.14.3         [required by fmt]
  - install ocamlfind              1.9.6          [required by fmt]
  - install ocplib-endian          1.2            [required by lwt]
  - install shared-memory-ring     3.2.1          [required by shared-memory-ring-lwt]
  - install shared-memory-ring-lwt 3.2.1 (pinned)
  - install topkg                  1.0.7          [required by fmt]

<><> Processing actions <><><><><><><><><><><><><><><><><><><><><><><><><><><><>
-> retrieved cppo.1.6.9  (cached)
-> retrieved csexp.1.5.2  (cached)
-> retrieved cstruct.6.2.0  (cached)
-> retrieved dune.3.15.0, dune-configurator.3.15.0  (cached)
-> retrieved fmt.0.9.0  (cached)
-> retrieved lwt.5.7.0  (cached)
-> retrieved lwt-dllist.1.0.1  (cached)
-> retrieved ocamlbuild.0.14.3  (cached)
-> retrieved ocamlfind.1.9.6  (cached)
-> retrieved ocplib-endian.1.2  (cached)
-> retrieved shared-memory-ring.3.2.1, shared-memory-ring-lwt.3.2.1  (cached)
-> retrieved topkg.1.0.7  (cached)
-> installed ocamlfind.1.9.6
-> installed base-bytes.base
-> installed ocamlbuild.0.14.3
-> installed topkg.1.0.7
-> installed fmt.0.9.0
-> installed dune.3.15.0
-> installed lwt-dllist.1.0.1
-> installed csexp.1.5.2
-> installed cppo.1.6.9
-> installed cstruct.6.2.0
-> installed shared-memory-ring.3.2.1
-> installed ocplib-endian.1.2
-> installed dune-configurator.3.15.0
-> installed lwt.5.7.0
-> installed shared-memory-ring-lwt.3.2.1
Done.
# Run eval $(opam env) to update the current shell environment
[01;2m[01;35m2024-04-26 13:04.37 ---> using "2dd52f7945dcf5bba16090c5c2a127a068e5e9a0fac829be4a74dd7c8ed6a8d7" from cache[0m

[01;34m/home/opam: (env OPAMCRITERIA -removed,-count[avoid-version,changed],-count[version-lag,request],-count[version-lag,changed],-count[missing-depexts,changed],-changed)[0m

[01;34m/home/opam: (env OPAMFIXUPCRITERIA -removed,-count[avoid-version,changed],-count[version-lag,request],-count[version-lag,changed],-count[missing-depexts,changed],-changed)[0m

[01;34m/home/opam: (env OPAMUPGRADECRITERIA -removed,-count[avoid-version,changed],-count[version-lag,request],-count[version-lag,changed],-count[missing-depexts,changed],-changed)[0m

[01;34m/home/opam: (run (cache (opam-archives (target /home/opam/.opam/download-cache)))
                 (network host)
                 (shell  "opam reinstall sihl.0.1.4;\
                        \n        res=$?;\
                        \n        test \"$res\" != 31 && exit \"$res\";\
                        \n        export OPAMCLI=2.0;\
                        \n        build_dir=$(opam var prefix)/.opam-switch/build;\
                        \n        failed=$(ls \"$build_dir\");\
                        \n        partial_fails=\"\";\
                        \n        for pkg in $failed; do\
                        \n          if opam show -f x-ci-accept-failures: \"$pkg\" | grep -qF \"\\\"debian-12\\\"\"; then\
                        \n            echo \"A package failed and has been disabled for CI using the 'x-ci-accept-failures' field.\";\
                        \n          fi;\
                        \n          test \"$pkg\" != 'sihl.0.1.4' && partial_fails=\"$partial_fails $pkg\";\
                        \n        done;\
                        \n        test \"${partial_fails}\" != \"\" && echo \"opam-repo-ci detected dependencies failing: ${partial_fails}\";\
                        \n        exit 1"))[0m
sihl.0.1.4 is not installed. Install it? [y/n] y
The following actions will be performed:
=== recompile 4 packages
  - recompile cstruct                6.2.0          [uses fmt]
  - recompile fmt                    0.9.0          [uses cmdliner]
  - recompile shared-memory-ring     3.2.1          [uses cstruct]
  - recompile shared-memory-ring-lwt 3.2.1 (pinned) [uses cstruct]
=== install 104 packages
  - install   alcotest               1.7.0          [required by sihl]
  - install   angstrom               0.16.0         [required by caqti]
  - install   asn1-combinators       0.2.6          [required by x509]
  - install   astring                0.8.5          [required by alcotest]
  - install   base                   v0.15.1        [required by sihl]
  - install   base64                 3.5.1          [required by jwto]
  - install   bigarray-overlap       0.2.1          [required by mrmime]
  - install   bigstringaf            0.9.1          [required by caqti]
  - install   biniou                 1.2.2          [required by yojson]
  - install   bos                    0.2.1          [required by ca-certs]
  - install   ca-certs               0.2.3          [required by letters]
  - install   camlp-streams          5.0.1          [required by biniou]
  - install   caqti                  1.9.0          [required by sihl]
  - install   caqti-lwt              1.9.0          [required by sihl]
  - install   cmdliner               1.2.0          [required by opium, alcotest, uuidm]
  - install   cohttp                 5.3.1          [required by opium_kernel]
  - install   cohttp-lwt             5.3.0          [required by cohttp-lwt-unix, opium_kernel]
  - install   cohttp-lwt-unix        5.3.0          [required by opium]
  - install   coin                   0.1.4          [required by rosetta]
  - install   colombe                0.8.1          [required by letters]
  - install   conduit                6.2.1          [required by conduit-lwt]
  - install   conduit-lwt            6.2.1          [required by cohttp-lwt-unix]
  - install   conduit-lwt-unix       6.2.1          [required by cohttp-lwt-unix]
  - install   conf-gmp               4              [required by zarith, conf-gmp-powm-sec]
  - install   conf-gmp-powm-sec      3              [required by mirage-crypto-pk]
  - install   conf-libpcre           1              [required by pcre]
  - install   conf-libssl            4              [required by ssl]
  - install   conf-pkg-config        3              [required by conf-libpcre]
  - install   containers             3.13.1         [required by sihl]
  - install   digestif               1.2.0          [required by jwto]
  - install   domain-name            0.4.0          [required by x509, tls]
  - install   duration               0.2.1          [required by mirage-crypto-rng-lwt]
  - install   easy-format            1.3.4          [required by yojson]
  - install   either                 1.0.0          [required by containers]
  - install   emile                  1.1            [required by colombe, mrmime]
  - install   eqaf                   0.9            [required by digestif]
  - install   ezjsonm                1.3.0          [required by opium]
  - install   fieldslib              v0.15.0        [required by opium_kernel]
  - install   fpath                  0.7.3          [required by letters]
  - install   gmap                   0.3.0          [required by x509]
  - install   hex                    1.5.0          [required by ezjsonm]
  - install   hkdf                   1.0.4          [required by tls]
  - install   hmap                   0.8.1          [required by opium_kernel]
  - install   ipaddr                 5.5.0          [required by colombe, mrmime]
  - install   ipaddr-sexp            5.5.0          [required by conduit-lwt-unix]
  - install   jsonm                  1.0.2          [required by ezjsonm]
  - install   jwto                   0.4.0          [required by sihl]
  - install   ke                     0.6            [required by mrmime, sendmail]
  - install   letters                0.3.3          [required by sihl]
  - install   logs                   0.7.0          [required by sihl]
  - install   lwt_ssl                1.2.0          [required by sihl]
  - install   macaddr                5.5.0          [required by ipaddr]
  - install   magic-mime             1.3.1          [required by opium]
  - install   mirage-crypto          0.11.3         [required by ca-certs]
  - install   mirage-crypto-ec       0.11.3         [required by x509, tls]
  - install   mirage-crypto-pk       0.11.3         [required by x509, tls]
  - install   mirage-crypto-rng      0.11.3         [required by tls, x509, mirage-crypto-rng-lwt]
  - install   mirage-crypto-rng-lwt  0.11.3         [required by tls-lwt]
  - install   mrmime                 0.6.1          [required by letters]
  - install   mtime                  2.0.0          [required by mirage-crypto-rng-lwt]
  - install   num                    1.5            [required by sexplib]
  - install   ocaml-compiler-libs    v0.12.4        [required by ppxlib]
  - install   ocaml-syntax-shims     1.0.0          [required by alcotest]
  - install   opium                  0.18.0         [required by sihl]
  - install   opium_kernel           0.18.0         [required by opium]
  - install   parsexp                v0.15.0        [required by sexplib]
  - install   pbkdf                  1.2.0          [required by x509]
  - install   pcre                   7.5.0          [required by sihl]
  - install   pecu                   0.7            [required by mrmime]
  - install   ppx_derivers           1.2.1          [required by ppx_deriving]
  - install   ppx_deriving           5.2.1          [required by jwto, ppx_deriving_yojson]
  - install   ppx_deriving_yojson    3.7.0          [required by sihl]
  - install   ppx_fields_conv        v0.15.0        [required by sihl]
  - install   ppx_sexp_conv          v0.15.1        [required by sihl]
  - install   ppxlib                 0.32.0         [required by ppx_deriving_yojson]
  - install   prettym                0.0.3          [required by mrmime]
  - install   ptime                  1.1.0          [required by caqti, letters]
  - install   re                     1.11.0         [required by opium, alcotest, jwto, tyxml]
  - install   result                 1.5            [required by ppx_deriving_yojson]
  - install   rosetta                0.3.0          [required by mrmime]
  - install   rresult                0.7.0          [required by letters]
  - install   safepass               3.1            [required by sihl]
  - install   sendmail               0.8.1          [required by letters]
  - install   seq                    base           [required by tyxml]
  - install   sexplib                v0.15.1        [required by sihl]
  - install   sexplib0               v0.15.1        [required by base]
  - install   sihl                   0.1.4
  - install   ssl                    0.7.0          [required by sihl]
  - install   stdlib-shims           0.3.0          [required by alcotest]
  - install   stringext              1.6.0          [required by uri]
  - install   tls                    0.17.4         [required by sihl]
  - install   tls-lwt                0.17.4         [required by letters]
  - install   tsort                  2.0.0          [required by sihl]
  - install   tyxml                  4.6.0          [required by sihl]
  - install   unstrctrd              0.4            [required by mrmime]
  - install   uri                    4.4.0          [required by caqti]
  - install   uri-sexp               4.4.0          [required by cohttp]
  - install   uuidm                  0.9.8          [required by sihl]
  - install   uutf                   1.0.3          [required by alcotest, tyxml]
  - install   uuuu                   0.3.0          [required by rosetta]
  - install   x509                   0.16.5         [required by letters]
  - install   yojson                 1.7.0          [required by sihl]
  - install   yuscii                 0.3.0          [required by rosetta]
  - install   zarith                 1.13           [required by asn1-combinators, mirage-crypto-pk]

The following system packages will first need to be installed:
    libgmp-dev libpcre3-dev libssl-dev pkg-config

<><> Handling external dependencies <><><><><><><><><><><><><><><><><><><><><><>

opam believes some required external dependencies are missing. opam can:
> 1. Run apt-get to install them (may need root/sudo access)
  2. Display the recommended apt-get command and wait while you run it manually (e.g. in another terminal)
  3. Continue anyway, and, upon success, permanently register that this external dependency is present, but not detectable
  4. Abort the installation

[1/2/3/4] 1

+ /usr/bin/sudo "apt-get" "install" "-qq" "-yy" "libgmp-dev" "libpcre3-dev" "libssl-dev" "pkg-config"
- debconf: delaying package configuration, since apt-utils is not installed
- Selecting previously unselected package libgmpxx4ldbl:amd64.
- (Reading database ... (Reading database ... 5%(Reading database ... 10%(Reading database ... 15%(Reading database ... 20%(Reading database ... 25%(Reading database ... 30%(Reading database ... 35%(Reading database ... 40%(Reading database ... 45%(Reading database ... 50%(Reading database ... 55%(Reading database ... 60%(Reading database ... 65%(Reading database ... 70%(Reading database ... 75%(Reading database ... 80%(Reading database ... 85%(Reading database ... 90%(Reading database ... 95%(Reading database ... 100%(Reading database ... 18735 files and directories currently installed.)
- Preparing to unpack .../00-libgmpxx4ldbl_2%3a6.2.1+dfsg1-1.1_amd64.deb ...
- Unpacking libgmpxx4ldbl:amd64 (2:6.2.1+dfsg1-1.1) ...
- Selecting previously unselected package libgmp-dev:amd64.
- Preparing to unpack .../01-libgmp-dev_2%3a6.2.1+dfsg1-1.1_amd64.deb ...
- Unpacking libgmp-dev:amd64 (2:6.2.1+dfsg1-1.1) ...
- Selecting previously unselected package libpcre16-3:amd64.
- Preparing to unpack .../02-libpcre16-3_2%3a8.39-15_amd64.deb ...
- Unpacking libpcre16-3:amd64 (2:8.39-15) ...
- Selecting previously unselected package libpcre3:amd64.
- Preparing to unpack .../03-libpcre3_2%3a8.39-15_amd64.deb ...
- Unpacking libpcre3:amd64 (2:8.39-15) ...
- Selecting previously unselected package libpcre32-3:amd64.
- Preparing to unpack .../04-libpcre32-3_2%3a8.39-15_amd64.deb ...
- Unpacking libpcre32-3:amd64 (2:8.39-15) ...
- Selecting previously unselected package libpcrecpp0v5:amd64.
- Preparing to unpack .../05-libpcrecpp0v5_2%3a8.39-15_amd64.deb ...
- Unpacking libpcrecpp0v5:amd64 (2:8.39-15) ...
- Selecting previously unselected package libpcre3-dev:amd64.
- Preparing to unpack .../06-libpcre3-dev_2%3a8.39-15_amd64.deb ...
- Unpacking libpcre3-dev:amd64 (2:8.39-15) ...
- Selecting previously unselected package libpkgconf3:amd64.
- Preparing to unpack .../07-libpkgconf3_1.8.1-1_amd64.deb ...
- Unpacking libpkgconf3:amd64 (1.8.1-1) ...
- Selecting previously unselected package libssl-dev:amd64.
- Preparing to unpack .../08-libssl-dev_3.0.11-1~deb12u2_amd64.deb ...
- Unpacking libssl-dev:amd64 (3.0.11-1~deb12u2) ...
- Selecting previously unselected package pkgconf-bin.
- Preparing to unpack .../09-pkgconf-bin_1.8.1-1_amd64.deb ...
- Unpacking pkgconf-bin (1.8.1-1) ...
- Selecting previously unselected package pkgconf:amd64.
- Preparing to unpack .../10-pkgconf_1.8.1-1_amd64.deb ...
- Unpacking pkgconf:amd64 (1.8.1-1) ...
- Selecting previously unselected package pkg-config:amd64.
- Preparing to unpack .../11-pkg-config_1.8.1-1_amd64.deb ...
- Unpacking pkg-config:amd64 (1.8.1-1) ...
- Setting up libpcre16-3:amd64 (2:8.39-15) ...
- Setting up libpcre3:amd64 (2:8.39-15) ...
- Setting up libpkgconf3:amd64 (1.8.1-1) ...
- Setting up libgmpxx4ldbl:amd64 (2:6.2.1+dfsg1-1.1) ...
- Setting up libssl-dev:amd64 (3.0.11-1~deb12u2) ...
- Setting up libpcre32-3:amd64 (2:8.39-15) ...
- Setting up pkgconf-bin (1.8.1-1) ...
- Setting up libpcrecpp0v5:amd64 (2:8.39-15) ...
- Setting up libgmp-dev:amd64 (2:6.2.1+dfsg1-1.1) ...
- Setting up libpcre3-dev:amd64 (2:8.39-15) ...
- Setting up pkgconf:amd64 (1.8.1-1) ...
- Setting up pkg-config:amd64 (1.8.1-1) ...
- Processing triggers for libc-bin (2.36-9+deb12u4) ...

<><> Processing actions <><><><><><><><><><><><><><><><><><><><><><><><><><><><>
-> retrieved alcotest.1.7.0  (cached)
-> retrieved angstrom.0.16.0  (cached)
-> retrieved asn1-combinators.0.2.6  (cached)
-> retrieved astring.0.8.5  (cached)
-> retrieved base.v0.15.1  (cached)
-> retrieved base64.3.5.1  (cached)
-> retrieved bigarray-overlap.0.2.1  (cached)
-> retrieved bigstringaf.0.9.1  (cached)
-> retrieved biniou.1.2.2  (cached)
-> retrieved bos.0.2.1  (cached)
-> retrieved ca-certs.0.2.3  (cached)
-> retrieved camlp-streams.5.0.1  (cached)
-> retrieved caqti.1.9.0, caqti-lwt.1.9.0  (cached)
-> retrieved cmdliner.1.2.0  (cached)
-> retrieved cohttp.5.3.1  (cached)
-> retrieved cohttp-lwt.5.3.0, cohttp-lwt-unix.5.3.0  (cached)
-> installed base64.3.5.1
-> installed camlp-streams.5.0.1
-> retrieved coin.0.1.4  (cached)
-> retrieved colombe.0.8.1, sendmail.0.8.1  (cached)
-> retrieved conduit.6.2.1, conduit-lwt.6.2.1, conduit-lwt-unix.6.2.1  (cached)
-> installed bigstringaf.0.9.1
-> installed conf-pkg-config.3
-> retrieved containers.3.13.1  (cached)
-> installed conf-gmp.4
-> installed conf-libpcre.1
-> installed conf-libssl.4
-> retrieved cstruct.6.2.0  (cached)
-> installed conf-gmp-powm-sec.3
-> installed bigarray-overlap.0.2.1
-> retrieved digestif.1.2.0  (cached)
-> retrieved domain-name.0.4.0  (cached)
-> retrieved duration.0.2.1  (cached)
-> retrieved easy-format.1.3.4  (cached)
-> retrieved either.1.0.0  (cached)
-> retrieved emile.1.1  (cached)
-> retrieved eqaf.0.9  (cached)
-> retrieved ezjsonm.1.3.0  (cached)
-> retrieved fieldslib.v0.15.0  (cached)
-> retrieved fmt.0.9.0  (cached)
-> retrieved fpath.0.7.3  (cached)
-> retrieved gmap.0.3.0  (cached)
-> retrieved hex.1.5.0  (cached)
-> retrieved hkdf.1.0.4  (cached)
-> retrieved hmap.0.8.1  (cached)
-> retrieved ipaddr.5.5.0, ipaddr-sexp.5.5.0, macaddr.5.5.0  (cached)
-> installed astring.0.8.5
-> retrieved jsonm.1.0.2  (cached)
-> retrieved jwto.0.4.0  (cached)
-> retrieved ke.0.6  (cached)
-> retrieved letters.0.3.3  (cached)
-> retrieved logs.0.7.0  (cached)
-> retrieved lwt_ssl.1.2.0  (cached)
-> retrieved magic-mime.1.3.1  (cached)
-> installed duration.0.2.1
-> installed domain-name.0.4.0
-> installed easy-format.1.3.4
-> installed gmap.0.3.0
-> installed either.1.0.0
-> installed macaddr.5.5.0
-> installed hmap.0.8.1
-> retrieved mirage-crypto.0.11.3, mirage-crypto-ec.0.11.3, mirage-crypto-pk.0.11.3, mirage-crypto-rng.0.11.3, mirage-crypto-rng-lwt.0.11.3  (cached)
-> installed fpath.0.7.3
-> installed biniou.1.2.2
-> installed ipaddr.5.5.0
-> retrieved mrmime.0.6.1  (cached)
-> retrieved mtime.2.0.0  (cached)
-> retrieved num.1.5  (cached)
-> retrieved ocaml-compiler-libs.v0.12.4  (cached)
-> retrieved ocaml-syntax-shims.1.0.0  (cached)
-> retrieved opium.0.18.0, opium_kernel.0.18.0  (cached)
-> retrieved parsexp.v0.15.0  (cached)
-> retrieved pbkdf.1.2.0  (cached)
-> installed magic-mime.1.3.1
-> retrieved pcre.7.5.0  (cached)
-> retrieved pecu.0.7  (cached)
-> retrieved ppx_derivers.1.2.1  (cached)
-> retrieved ppx_deriving.5.2.1  (cached)
-> retrieved ppx_deriving_yojson.3.7.0  (cached)
-> retrieved ppx_fields_conv.v0.15.0  (cached)
-> retrieved ppx_sexp_conv.v0.15.1  (cached)
-> retrieved ppxlib.0.32.0  (cached)
-> retrieved prettym.0.0.3  (cached)
-> retrieved ptime.1.1.0  (cached)
-> retrieved re.1.11.0  (cached)
-> retrieved result.1.5  (cached)
-> retrieved rosetta.0.3.0  (cached)
-> retrieved rresult.0.7.0  (cached)
-> retrieved safepass.3.1  (cached)
-> retrieved sexplib.v0.15.1  (cached)
-> retrieved sexplib0.v0.15.1  (cached)
-> installed cmdliner.1.2.0
-> installed containers.3.13.1
-> installed mtime.2.0.0
-> installed num.1.5
-> installed ocaml-compiler-libs.v0.12.4
-> installed ocaml-syntax-shims.1.0.0
-> installed pcre.7.5.0
-> installed pecu.0.7
-> installed ppx_derivers.1.2.1
-> installed seq.base
-> installed result.1.5
-> retrieved shared-memory-ring.3.2.1, shared-memory-ring-lwt.3.2.1  (cached)
-> removed   shared-memory-ring-lwt.3.2.1
-> removed   shared-memory-ring.3.2.1
-> removed   cstruct.6.2.0
-> removed   fmt.0.9.0
-> retrieved sihl.0.1.4  (cached)
-> retrieved ssl.0.7.0  (cached)
-> retrieved stdlib-shims.0.3.0  (cached)
-> retrieved stringext.1.6.0  (cached)
-> installed sexplib0.v0.15.1
-> installed rresult.0.7.0
-> retrieved tls.0.17.4, tls-lwt.0.17.4  (cached)
-> retrieved tsort.2.0.0  (cached)
-> retrieved tyxml.4.6.0  (cached)
-> installed angstrom.0.16.0
-> installed stdlib-shims.0.3.0
-> installed stringext.1.6.0
-> retrieved unstrctrd.0.4  (cached)
-> installed safepass.3.1
-> retrieved uri.4.4.0, uri-sexp.4.4.0  (cached)
-> retrieved uuidm.0.9.8  (cached)
-> retrieved uutf.1.0.3  (cached)
-> retrieved uuuu.0.3.0  (cached)
-> retrieved x509.0.16.5  (cached)
-> retrieved yojson.1.7.0  (cached)
-> retrieved yuscii.0.3.0  (cached)
-> installed tsort.2.0.0
-> retrieved zarith.1.13  (cached)
-> installed ptime.1.1.0
-> installed re.1.11.0
-> installed yuscii.0.3.0
-> installed fmt.0.9.0
-> installed uuidm.0.9.8
-> installed ke.0.6
-> installed cstruct.6.2.0
-> installed ssl.0.7.0
-> installed coin.0.1.4
-> installed uutf.1.0.3
-> installed uuuu.0.3.0
-> installed hex.1.5.0
-> installed lwt_ssl.1.2.0
-> installed shared-memory-ring.3.2.1
-> installed prettym.0.0.3
-> installed rosetta.0.3.0
-> installed eqaf.0.9
-> installed yojson.1.7.0
-> installed emile.1.1
-> installed unstrctrd.0.4
-> installed uri.4.4.0
-> installed shared-memory-ring-lwt.3.2.1
-> installed logs.0.7.0
-> installed alcotest.1.7.0
-> installed jsonm.1.0.2
-> installed colombe.0.8.1
-> installed digestif.1.2.0
-> installed ezjsonm.1.3.0
-> installed mrmime.0.6.1
-> installed caqti.1.9.0
-> installed zarith.1.13
-> installed caqti-lwt.1.9.0
-> installed mirage-crypto.0.11.3
-> installed hkdf.1.0.4
-> installed pbkdf.1.2.0
-> installed asn1-combinators.0.2.6
-> installed mirage-crypto-rng.0.11.3
-> installed tyxml.4.6.0
-> installed mirage-crypto-rng-lwt.0.11.3
-> installed bos.0.2.1
-> installed mirage-crypto-pk.0.11.3
-> installed base.v0.15.1
-> installed fieldslib.v0.15.0
-> installed parsexp.v0.15.0
-> installed sexplib.v0.15.1
-> installed mirage-crypto-ec.0.11.3
-> installed x509.0.16.5
-> installed ca-certs.0.2.3
-> installed ppxlib.0.32.0
-> installed tls.0.17.4
-> installed tls-lwt.0.17.4
-> installed sendmail.0.8.1
-> installed letters.0.3.3
-> installed ppx_fields_conv.v0.15.0
-> installed ppx_sexp_conv.v0.15.1
-> installed ppx_deriving.5.2.1
-> installed uri-sexp.4.4.0
-> installed ipaddr-sexp.5.5.0
-> installed jwto.0.4.0
-> installed ppx_deriving_yojson.3.7.0
-> installed conduit.6.2.1
-> installed cohttp.5.3.1
-> installed conduit-lwt.6.2.1
-> installed cohttp-lwt.5.3.0
-> installed conduit-lwt-unix.6.2.1
-> installed opium_kernel.0.18.0
-> installed cohttp-lwt-unix.5.3.0
-> installed opium.0.18.0
-> installed sihl.0.1.4
Done.
# Run eval $(opam env) to update the current shell environment
[01;2m[01;35m2024-04-26 13:05.33 ---> saved as "c8922689b4ac72d717b68af9153c94999fb2c94eb7e8ea5837e5a39bb3313731"[0m

[01;34m/home/opam: (env OPAMCRITERIA -removed,-count[avoid-version,changed],-count[version-lag,request],-count[version-lag,changed],-count[missing-depexts,changed],-changed)[0m

[01;34m/home/opam: (env OPAMFIXUPCRITERIA -removed,-count[avoid-version,changed],-count[version-lag,request],-count[version-lag,changed],-count[missing-depexts,changed],-changed)[0m

[01;34m/home/opam: (env OPAMUPGRADECRITERIA -removed,-count[avoid-version,changed],-count[version-lag,request],-count[version-lag,changed],-count[missing-depexts,changed],-changed)[0m

[01;34m/home/opam: (run (network host)
                 (shell "(opam reinstall --with-test sihl.0.1.4) || true"))[0m
[ERROR] Sorry, resolution of the request timed out.
        Try to specify a more precise request, use a different solver, or increase the allowed time by setting OPAMSOLVERTIMEOUT to a bigger value (currently, it is set to 500.0 seconds).
[01;2m[01;35m2024-04-26 13:14.06 ---> saved as "4089cb85dea78c38f87e0df0cea973e0c00897898478f73f4af5ae71d8a829ed"[0m

[01;34m/home/opam: (run (shell  "opam reinstall --with-test --verbose sihl.0.1.4;\
                        \n        res=$?;\
                        \n        test \"$res\" != 31 && exit \"$res\";\
                        \n        export OPAMCLI=2.0;\
                        \n        build_dir=$(opam var prefix)/.opam-switch/build;\
                        \n        failed=$(ls \"$build_dir\");\
                        \n        partial_fails=\"\";\
                        \n        for pkg in $failed; do\
                        \n          if opam show -f x-ci-accept-failures: \"$pkg\" | grep -qF \"\\\"debian-12\\\"\"; then\
                        \n            echo \"A package failed and has been disabled for CI using the 'x-ci-accept-failures' field.\";\
                        \n          fi;\
                        \n          test \"$pkg\" != 'sihl.0.1.4' && partial_fails=\"$partial_fails $pkg\";\
                        \n        done;\
                        \n        test \"${partial_fails}\" != \"\" && echo \"opam-repo-ci detected dependencies failing: ${partial_fails}\";\
                        \n        exit 1"))[0m
[ERROR] Sorry, resolution of the request timed out.
        Try to specify a more precise request, use a different solver, or increase the allowed time by setting OPAMSOLVERTIMEOUT to a bigger value (currently, it is set to 500.0 seconds).
'opam reinstall --with-test --verbose sihl.0.1.4' failed.
"/usr/bin/env" "bash" "-c" "opam reinstall --with-test --verbose sihl.0.1.4;
        res=$?;
        test "$res" != 31 && exit "$res";
        export OPAMCLI=2.0;
        build_dir=$(opam var prefix)/.opam-switch/build;
        failed=$(ls "$build_dir");
        partial_fails="";
        for pkg in $failed; do
          if opam show -f x-ci-accept-failures: "$pkg" | grep -qF "\"debian-12\""; then
            echo "A package failed and has been disabled for CI using the 'x-ci-accept-failures' field.";
          fi;
          test "$pkg" != 'sihl.0.1.4' && partial_fails="$partial_fails $pkg";
        done;
        test "${partial_fails}" != "" && echo "opam-repo-ci detected dependencies failing: ${partial_fails}";
        exit 1" failed with exit status 60
2024-04-26 13:23.03: Job failed: Failed: Build failed
2024-04-26 13:23.03: Log analysis:
2024-04-26 13:23.03: >>> 
[ERROR] Sorry, resolution of the request timed out.
 (score = 20)
2024-04-26 13:23.03: >>> 
[ERROR] Sorry, resolution of the request timed out.
 (score = 20)
2024-04-26 13:23.03: Sorry, resolution of the request timed out.
