2024-06-20 11:55.59: New job: test paf.0.1.0 with conf-gmp.4, using opam dev
                              from https://github.com/ocaml/opam-repository.git#refs/pull/26102/head (796c0cc8af436190f8caaf87e9abc10984c46de3)
                              on debian-12-ocaml-4.14/amd64

To reproduce locally:

cd $(mktemp -d)
git clone --recursive "https://github.com/ocaml/opam-repository.git" && cd "opam-repository" && git fetch origin "refs/pull/26102/head" && git reset --hard 796c0cc8
git fetch origin master
git merge --no-edit 13d5334f87e9684897511adf5d1c6fffd36d66e9
cat > ../Dockerfile <<'END-OF-DOCKERFILE'
[34mFROM ocaml/opam:debian-12-ocaml-4.14@sha256:51859147d869ebd23a15922818349effc446cbbc6a0b3e0257a7859e766261b3
USER 1000:1000
WORKDIR /home/opam
RUN sudo ln -f /usr/bin/opam-dev /usr/bin/opam
RUN opam init --reinit -ni
RUN uname -rs && opam exec -- ocaml -version && opam --version
ENV OPAMDOWNLOADJOBS="1"
ENV OPAMERRLOGLEN="0"
ENV OPAMSOLVERTIMEOUT="500"
ENV OPAMPRECISETRACKING="1"
ENV CI="true"
ENV OPAM_REPO_CI="true"
RUN rm -rf opam-repository/
COPY --chown=1000:1000 . opam-repository/
RUN opam repository set-url --strict default opam-repository/
RUN opam update --depexts || true
RUN opam pin add -k version -yn conf-gmp.4 4
RUN opam reinstall conf-gmp.4; \
    res=$?; \
    test "$res" != 31 && exit "$res"; \
    export OPAMCLI=2.0; \
    build_dir=$(opam var prefix)/.opam-switch/build; \
    failed=$(ls "$build_dir"); \
    partial_fails=""; \
    for pkg in $failed; do \
    if opam show -f x-ci-accept-failures: "$pkg" | grep -qF "\"debian-12\""; then \
    echo "A package failed and has been disabled for CI using the 'x-ci-accept-failures' field."; \
    fi; \
    test "$pkg" != 'conf-gmp.4' && partial_fails="$partial_fails $pkg"; \
    done; \
    test "${partial_fails}" != "" && echo "opam-repo-ci detected dependencies failing: ${partial_fails}"; \
    exit 1
RUN opam reinstall paf.0.1.0; \
    res=$?; \
    test "$res" != 31 && exit "$res"; \
    export OPAMCLI=2.0; \
    build_dir=$(opam var prefix)/.opam-switch/build; \
    failed=$(ls "$build_dir"); \
    partial_fails=""; \
    for pkg in $failed; do \
    if opam show -f x-ci-accept-failures: "$pkg" | grep -qF "\"debian-12\""; then \
    echo "A package failed and has been disabled for CI using the 'x-ci-accept-failures' field."; \
    fi; \
    test "$pkg" != 'paf.0.1.0' && partial_fails="$partial_fails $pkg"; \
    done; \
    test "${partial_fails}" != "" && echo "opam-repo-ci detected dependencies failing: ${partial_fails}"; \
    exit 1
RUN (opam reinstall --with-test paf.0.1.0) || true
RUN opam reinstall --with-test --verbose paf.0.1.0; \
    res=$?; \
    test "$res" != 31 && exit "$res"; \
    export OPAMCLI=2.0; \
    build_dir=$(opam var prefix)/.opam-switch/build; \
    failed=$(ls "$build_dir"); \
    partial_fails=""; \
    for pkg in $failed; do \
    if opam show -f x-ci-accept-failures: "$pkg" | grep -qF "\"debian-12\""; then \
    echo "A package failed and has been disabled for CI using the 'x-ci-accept-failures' field."; \
    fi; \
    test "$pkg" != 'paf.0.1.0' && partial_fails="$partial_fails $pkg"; \
    done; \
    test "${partial_fails}" != "" && echo "opam-repo-ci detected dependencies failing: ${partial_fails}"; \
    exit 1
[0m
END-OF-DOCKERFILE
docker build -f ../Dockerfile .

2024-06-20 11:55.59: Using cache hint "ocaml/opam:debian-12-ocaml-4.14@sha256:51859147d869ebd23a15922818349effc446cbbc6a0b3e0257a7859e766261b3-conf-gmp.4-paf.0.1.0-796c0cc8af436190f8caaf87e9abc10984c46de3"
2024-06-20 11:55.59: Using OBuilder spec:
((from ocaml/opam:debian-12-ocaml-4.14@sha256:51859147d869ebd23a15922818349effc446cbbc6a0b3e0257a7859e766261b3)
 (user (uid 1000) (gid 1000))
 (workdir /home/opam)
 (run (shell "sudo ln -f /usr/bin/opam-dev /usr/bin/opam"))
 (run (network host)
      (shell "opam init --reinit --config .opamrc-sandbox -ni"))
 (run (shell "uname -rs && opam exec -- ocaml -version && opam --version"))
 (env OPAMDOWNLOADJOBS 1)
 (env OPAMERRLOGLEN 0)
 (env OPAMSOLVERTIMEOUT 500)
 (env OPAMPRECISETRACKING 1)
 (env CI true)
 (env OPAM_REPO_CI true)
 (run (shell "rm -rf opam-repository/"))
 (copy (src .) (dst opam-repository/))
 (run (shell "opam repository set-url --strict default opam-repository/"))
 (run (network host)
      (shell "opam update --depexts || true"))
 (run (shell "opam pin add -k version -yn conf-gmp.4 4"))
 (run (cache (opam-archives (target /home/opam/.opam/download-cache)))
      (network host)
      (shell  "opam reinstall conf-gmp.4;\
             \n        res=$?;\
             \n        test \"$res\" != 31 && exit \"$res\";\
             \n        export OPAMCLI=2.0;\
             \n        build_dir=$(opam var prefix)/.opam-switch/build;\
             \n        failed=$(ls \"$build_dir\");\
             \n        partial_fails=\"\";\
             \n        for pkg in $failed; do\
             \n          if opam show -f x-ci-accept-failures: \"$pkg\" | grep -qF \"\\\"debian-12\\\"\"; then\
             \n            echo \"A package failed and has been disabled for CI using the 'x-ci-accept-failures' field.\";\
             \n          fi;\
             \n          test \"$pkg\" != 'conf-gmp.4' && partial_fails=\"$partial_fails $pkg\";\
             \n        done;\
             \n        test \"${partial_fails}\" != \"\" && echo \"opam-repo-ci detected dependencies failing: ${partial_fails}\";\
             \n        exit 1"))
 (run (cache (opam-archives (target /home/opam/.opam/download-cache)))
      (network host)
      (shell  "opam reinstall paf.0.1.0;\
             \n        res=$?;\
             \n        test \"$res\" != 31 && exit \"$res\";\
             \n        export OPAMCLI=2.0;\
             \n        build_dir=$(opam var prefix)/.opam-switch/build;\
             \n        failed=$(ls \"$build_dir\");\
             \n        partial_fails=\"\";\
             \n        for pkg in $failed; do\
             \n          if opam show -f x-ci-accept-failures: \"$pkg\" | grep -qF \"\\\"debian-12\\\"\"; then\
             \n            echo \"A package failed and has been disabled for CI using the 'x-ci-accept-failures' field.\";\
             \n          fi;\
             \n          test \"$pkg\" != 'paf.0.1.0' && partial_fails=\"$partial_fails $pkg\";\
             \n        done;\
             \n        test \"${partial_fails}\" != \"\" && echo \"opam-repo-ci detected dependencies failing: ${partial_fails}\";\
             \n        exit 1"))
 (run (network host)
      (shell "(opam reinstall --with-test paf.0.1.0) || true"))
 (run (shell  "opam reinstall --with-test --verbose paf.0.1.0;\
             \n        res=$?;\
             \n        test \"$res\" != 31 && exit \"$res\";\
             \n        export OPAMCLI=2.0;\
             \n        build_dir=$(opam var prefix)/.opam-switch/build;\
             \n        failed=$(ls \"$build_dir\");\
             \n        partial_fails=\"\";\
             \n        for pkg in $failed; do\
             \n          if opam show -f x-ci-accept-failures: \"$pkg\" | grep -qF \"\\\"debian-12\\\"\"; then\
             \n            echo \"A package failed and has been disabled for CI using the 'x-ci-accept-failures' field.\";\
             \n          fi;\
             \n          test \"$pkg\" != 'paf.0.1.0' && partial_fails=\"$partial_fails $pkg\";\
             \n        done;\
             \n        test \"${partial_fails}\" != \"\" && echo \"opam-repo-ci detected dependencies failing: ${partial_fails}\";\
             \n        exit 1"))
)

2024-06-20 11:55.59: Waiting for resource in pool OCluster
2024-06-20 11:56.40: Waiting for workerâ€¦
2024-06-20 11:56.40: Got resource from pool OCluster
Building on x86-bm-c14.sw.ocaml.org
All commits already cached
Updating files:  87% (27766/31553)Updating files:  88% (27767/31553)Updating files:  89% (28083/31553)Updating files:  90% (28398/31553)Updating files:  91% (28714/31553)Updating files:  92% (29029/31553)Updating files:  93% (29345/31553)Updating files:  94% (29660/31553)Updating files:  95% (29976/31553)Updating files:  96% (30291/31553)Updating files:  97% (30607/31553)Updating files:  98% (30922/31553)Updating files:  99% (31238/31553)Updating files: 100% (31553/31553)Updating files: 100% (31553/31553), done.
HEAD is now at 13d5334f87 Merge pull request #26123 from dra27/mingw-w64-shims-0.2.0
Merge made by the 'ort' strategy.
 packages/conf-gmp-powm-sec/conf-gmp-powm-sec.3/opam | 11 +++++++++--
 packages/conf-gmp/conf-gmp.4/opam                   |  9 +++++++++
 .../conf-mingw-w64-gmp-i686.1/opam                  | 21 +++++++++++++++++++++
 .../conf-mingw-w64-gmp-x86_64.1/opam                | 21 +++++++++++++++++++++
 4 files changed, 60 insertions(+), 2 deletions(-)
 create mode 100644 packages/conf-mingw-w64-gmp-i686/conf-mingw-w64-gmp-i686.1/opam
 create mode 100644 packages/conf-mingw-w64-gmp-x86_64/conf-mingw-w64-gmp-x86_64.1/opam

[01;34m(from ocaml/opam:debian-12-ocaml-4.14@sha256:51859147d869ebd23a15922818349effc446cbbc6a0b3e0257a7859e766261b3)[0m
Unable to find image 'ocaml/opam:debian-12-ocaml-4.14@sha256:51859147d869ebd23a15922818349effc446cbbc6a0b3e0257a7859e766261b3' locally
docker.io/ocaml/opam@sha256:51859147d869ebd23a15922818349effc446cbbc6a0b3e0257a7859e766261b3: Pulling from ocaml/opam
14d2477f829c: Pulling fs layer
14d2477f829c: Verifying Checksum
14d2477f829c: Download complete
14d2477f829c: Pull complete
Digest: sha256:51859147d869ebd23a15922818349effc446cbbc6a0b3e0257a7859e766261b3
Status: Downloaded newer image for ocaml/opam@sha256:51859147d869ebd23a15922818349effc446cbbc6a0b3e0257a7859e766261b3
[01;2m[01;35m2024-06-20 11:56.17 ---> using "7d0037e87409e99fda0588f75b47ce776adea91ebf3f460e136466d751adef89" from cache[0m

[01;34m/: (user (uid 1000) (gid 1000))[0m

[01;34m/: (workdir /home/opam)[0m

[01;34m/home/opam: (run (shell "sudo ln -f /usr/bin/opam-dev /usr/bin/opam"))[0m
[01;2m[01;35m2024-06-20 11:56.17 ---> using "b33af19cce4ad58a445b7dfc6bf1a0dfe3b6dc622435cad5cd3b51437ac841da" from cache[0m

[01;34m/home/opam: (run (network host)
                 (shell "opam init --reinit --config .opamrc-sandbox -ni"))[0m
Configuring from /home/opam/.opamrc-sandbox, then /home/opam/.opamrc, and finally from built-in defaults.
Checking for available remotes: rsync and local, git.
  - you won't be able to use mercurial repositories unless you install the hg command on your system.
  - you won't be able to use darcs repositories unless you install the darcs command on your system.

Continue? [y/n] y
This development version of opam requires an update to the layout of /home/opam/.opam from version 2.0 to version 2.2~beta, which can't be reverted.
You may want to back it up before going further.

Format upgrade done.

<><> Updating repositories ><><><><><><><><><><><><><><><><><><><><><><><><><><>
[default] synchronised from file:///home/opam/opam-repository
[01;2m[01;35m2024-06-20 11:56.17 ---> using "c7319748019c698ac18553450663ed54bb2835216e6158140e57acb510db4ce9" from cache[0m

[01;34m/home/opam: (run (shell "uname -rs && opam exec -- ocaml -version && opam --version"))[0m
Linux 5.15.0-112-generic
The OCaml toplevel, version 4.14.2
2.2.0~rc1~dev
[01;2m[01;35m2024-06-20 11:56.17 ---> using "6bce037bdf3a394fc38741cc54c12283f3366866d149b33203c7c3a211d4b1b9" from cache[0m

[01;34m/home/opam: (env OPAMDOWNLOADJOBS 1)[0m

[01;34m/home/opam: (env OPAMERRLOGLEN 0)[0m

[01;34m/home/opam: (env OPAMSOLVERTIMEOUT 500)[0m

[01;34m/home/opam: (env OPAMPRECISETRACKING 1)[0m

[01;34m/home/opam: (env CI true)[0m

[01;34m/home/opam: (env OPAM_REPO_CI true)[0m

[01;34m/home/opam: (run (shell "rm -rf opam-repository/"))[0m
[01;2m[01;35m2024-06-20 11:56.17 ---> using "d7e3dabd08034f666e9af626d2c2108d7ffb689867b7ba904f891ba4c067d618" from cache[0m

[01;34m/home/opam: (copy (src .) (dst opam-repository/))[0m
[01;2m[01;35m2024-06-20 11:56.20 ---> saved as "b019e4a8dbfeec0b42630cac4c1f3f87c47e7237a4c51a22052c8a20e7aa4040"[0m

[01;34m/home/opam: (run (shell "opam repository set-url --strict default opam-repository/"))[0m
[default] Initialised
[01;2m[01;35m2024-06-20 11:57.10 ---> saved as "a8b9d5ab7104f7c632dc64f638aa0a5a3bc6156622abaa6a6facd55253e4dfc3"[0m

[01;34m/home/opam: (run (network host)
                 (shell "opam update --depexts || true"))[0m
+ /usr/bin/sudo "apt-get" "update"
- Hit:1 http://deb.debian.org/debian bookworm InRelease
- Get:2 http://deb.debian.org/debian bookworm-updates InRelease [55.4 kB]
- Get:3 http://deb.debian.org/debian-security bookworm-security InRelease [48.0 kB]
- Fetched 103 kB in 0s (462 kB/s)
- Reading package lists...
[01;2m[01;35m2024-06-20 11:57.11 ---> saved as "9b16a39f152612d11195d590475b8ef5400c479bc7831dbec5a1aafac863a0eb"[0m

[01;34m/home/opam: (run (shell "opam pin add -k version -yn conf-gmp.4 4"))[0m
conf-gmp is now pinned to version 4
[01;2m[01;35m2024-06-20 11:57.13 ---> saved as "43283e672436023c4eab1b23242a10cca1a40ef9e93fc8c431a2203076efa3f8"[0m

[01;34m/home/opam: (run (cache (opam-archives (target /home/opam/.opam/download-cache)))
                 (network host)
                 (shell  "opam reinstall conf-gmp.4;\
                        \n        res=$?;\
                        \n        test \"$res\" != 31 && exit \"$res\";\
                        \n        export OPAMCLI=2.0;\
                        \n        build_dir=$(opam var prefix)/.opam-switch/build;\
                        \n        failed=$(ls \"$build_dir\");\
                        \n        partial_fails=\"\";\
                        \n        for pkg in $failed; do\
                        \n          if opam show -f x-ci-accept-failures: \"$pkg\" | grep -qF \"\\\"debian-12\\\"\"; then\
                        \n            echo \"A package failed and has been disabled for CI using the 'x-ci-accept-failures' field.\";\
                        \n          fi;\
                        \n          test \"$pkg\" != 'conf-gmp.4' && partial_fails=\"$partial_fails $pkg\";\
                        \n        done;\
                        \n        test \"${partial_fails}\" != \"\" && echo \"opam-repo-ci detected dependencies failing: ${partial_fails}\";\
                        \n        exit 1"))[0m
conf-gmp.4 is not installed. Install it? [y/n] y
The following actions will be performed:
=== install 1 package
  - install conf-gmp 4 (pinned)

The following system packages will first need to be installed:
    libgmp-dev

<><> Handling external dependencies <><><><><><><><><><><><><><><><><><><><><><>

opam believes some required external dependencies are missing. opam can:
> 1. Run apt-get to install them (may need root/sudo access)
  2. Display the recommended apt-get command and wait while you run it manually (e.g. in another terminal)
  3. Continue anyway, and, upon success, permanently register that this external dependency is present, but not detectable
  4. Abort the installation

[1/2/3/4] 1

+ /usr/bin/sudo "apt-get" "install" "-qq" "-yy" "libgmp-dev"
- debconf: delaying package configuration, since apt-utils is not installed
- Selecting previously unselected package libgmpxx4ldbl:amd64.
- (Reading database ... (Reading database ... 5%(Reading database ... 10%(Reading database ... 15%(Reading database ... 20%(Reading database ... 25%(Reading database ... 30%(Reading database ... 35%(Reading database ... 40%(Reading database ... 45%(Reading database ... 50%(Reading database ... 55%(Reading database ... 60%(Reading database ... 65%(Reading database ... 70%(Reading database ... 75%(Reading database ... 80%(Reading database ... 85%(Reading database ... 90%(Reading database ... 95%(Reading database ... 100%(Reading database ... 18735 files and directories currently installed.)
- Preparing to unpack .../libgmpxx4ldbl_2%3a6.2.1+dfsg1-1.1_amd64.deb ...
- Unpacking libgmpxx4ldbl:amd64 (2:6.2.1+dfsg1-1.1) ...
- Selecting previously unselected package libgmp-dev:amd64.
- Preparing to unpack .../libgmp-dev_2%3a6.2.1+dfsg1-1.1_amd64.deb ...
- Unpacking libgmp-dev:amd64 (2:6.2.1+dfsg1-1.1) ...
- Setting up libgmpxx4ldbl:amd64 (2:6.2.1+dfsg1-1.1) ...
- Setting up libgmp-dev:amd64 (2:6.2.1+dfsg1-1.1) ...
- Processing triggers for libc-bin (2.36-9+deb12u7) ...

<><> Processing actions <><><><><><><><><><><><><><><><><><><><><><><><><><><><>
-> retrieved conf-gmp.4  (cached)
-> installed conf-gmp.4
Done.
# Run eval $(opam env) to update the current shell environment
[01;2m[01;35m2024-06-20 11:57.28 ---> saved as "963ddd29fc33c33b75e1ace12bd4af268f6e0a74a5900bb60dd50280f26861bb"[0m

[01;34m/home/opam: (run (cache (opam-archives (target /home/opam/.opam/download-cache)))
                 (network host)
                 (shell  "opam reinstall paf.0.1.0;\
                        \n        res=$?;\
                        \n        test \"$res\" != 31 && exit \"$res\";\
                        \n        export OPAMCLI=2.0;\
                        \n        build_dir=$(opam var prefix)/.opam-switch/build;\
                        \n        failed=$(ls \"$build_dir\");\
                        \n        partial_fails=\"\";\
                        \n        for pkg in $failed; do\
                        \n          if opam show -f x-ci-accept-failures: \"$pkg\" | grep -qF \"\\\"debian-12\\\"\"; then\
                        \n            echo \"A package failed and has been disabled for CI using the 'x-ci-accept-failures' field.\";\
                        \n          fi;\
                        \n          test \"$pkg\" != 'paf.0.1.0' && partial_fails=\"$partial_fails $pkg\";\
                        \n        done;\
                        \n        test \"${partial_fails}\" != \"\" && echo \"opam-repo-ci detected dependencies failing: ${partial_fails}\";\
                        \n        exit 1"))[0m
paf.0.1.0 is not installed. Install it? [y/n] y
The following actions will be performed:
=== install 65 packages
  - install angstrom           0.16.0  [required by h2]
  - install arp                3.1.1   [required by tcpip]
  - install asn1-combinators   0.2.6   [required by x509]
  - install base-bytes         base    [required by ocplib-endian]
  - install base64             3.5.1   [required by h2]
  - install bigstringaf        0.9.1   [required by paf]
  - install cmdliner           1.3.0   [required by tcpip]
  - install conf-gmp-powm-sec  3       [required by mirage-crypto-pk]
  - install cppo               1.6.9   [required by lwt]
  - install csexp              1.5.2   [required by dune-configurator]
  - install cstruct            6.2.0   [required by paf]
  - install cstruct-lwt        6.2.0   [required by tcpip]
  - install domain-name        0.4.0   [required by tls]
  - install dune               3.16.0  [required by paf]
  - install dune-configurator  3.16.0  [required by bigstringaf]
  - install duration           0.2.1   [required by tcpip]
  - install eqaf               0.9     [required by mirage-crypto-ec, mirage-crypto-pk]
  - install ethernet           3.2.0   [required by tcpip]
  - install faraday            0.8.2   [required by paf]
  - install fmt                0.9.0   [required by tls, mimic, cstruct, etc.]
  - install gmap               0.3.0   [required by x509]
  - install h2                 0.9.0   [required by paf]
  - install hkdf               1.0.4   [required by tls]
  - install hpack              0.11.0  [required by h2]
  - install httpaf             0.7.1   [required by paf]
  - install ipaddr             5.6.0   [required by tcpip, tls]
  - install ipaddr-cstruct     5.6.0   [required by tcpip]
  - install ke                 0.6     [required by paf]
  - install logs               0.7.0   [required by tcpip, mimic, tls]
  - install lru                0.3.1   [required by tcpip]
  - install lwt                5.7.0   [required by tcpip, mimic, mirage-time, tls-mirage]
  - install lwt-dllist         1.0.1   [required by tcpip]
  - install macaddr            5.6.0   [required by tcpip]
  - install macaddr-cstruct    5.6.0   [required by tcpip]
  - install metrics            0.4.1   [required by tcpip]
  - install mimic              0.0.6   [required by paf]
  - install mirage-clock       4.2.0   [required by tcpip, tls-mirage]
  - install mirage-crypto      0.11.3  [required by tls, tls-mirage]
  - install mirage-crypto-ec   0.11.3  [required by tls]
  - install mirage-crypto-pk   0.11.3  [required by tls, tls-mirage]
  - install mirage-crypto-rng  0.11.3  [required by tls]
  - install mirage-flow        3.0.0   [required by tcpip, mimic, tls-mirage]
  - install mirage-kv          6.1.1   [required by tls-mirage]
  - install mirage-net         4.0.0   [required by tcpip]
  - install mirage-random      3.0.0   [required by tcpip]
  - install mirage-time        3.0.0   [required by paf]
  - install ocaml-syntax-shims 1.0.0   [required by angstrom]
  - install ocamlbuild         0.14.3  [required by fmt, logs]
  - install ocamlfind          1.9.6   [required by fmt, logs]
  - install ocplib-endian      1.2     [required by lwt]
  - install optint             0.3.0   [required by mirage-kv]
  - install paf                0.1.0
  - install pbkdf              1.2.0   [required by x509]
  - install psq                0.2.1   [required by h2]
  - install ptime              1.1.0   [required by tls-mirage]
  - install randomconv         0.1.3   [required by tcpip]
  - install result             1.5     [required by httpaf]
  - install seq                base    [required by psq]
  - install sexplib0           v0.17.0 [required by mirage-crypto-pk]
  - install tcpip              8.0.0   [required by paf]
  - install tls                0.17.3  [required by paf]
  - install tls-mirage         0.17.3  [required by paf]
  - install topkg              1.0.7   [required by fmt, logs]
  - install x509               0.16.5  [required by tls, tls-mirage]
  - install zarith             1.13    [required by mirage-crypto-pk]

<><> Processing actions <><><><><><><><><><><><><><><><><><><><><><><><><><><><>
-> retrieved angstrom.0.16.0  (cached)
-> retrieved arp.3.1.1  (cached)
-> retrieved asn1-combinators.0.2.6  (cached)
-> retrieved base64.3.5.1  (cached)
-> retrieved bigstringaf.0.9.1  (cached)
-> retrieved cmdliner.1.3.0  (cached)
-> retrieved conf-gmp-powm-sec.3  (cached)
-> retrieved cppo.1.6.9  (cached)
-> retrieved csexp.1.5.2  (cached)
-> installed conf-gmp-powm-sec.3
-> retrieved cstruct.6.2.0, cstruct-lwt.6.2.0  (cached)
-> retrieved domain-name.0.4.0  (cached)
-> retrieved dune.3.16.0, dune-configurator.3.16.0  (cached)
-> retrieved duration.0.2.1  (cached)
-> retrieved eqaf.0.9  (cached)
-> retrieved ethernet.3.2.0  (cached)
-> retrieved faraday.0.8.2  (cached)
-> retrieved fmt.0.9.0  (cached)
-> retrieved gmap.0.3.0  (cached)
-> installed cmdliner.1.3.0
-> retrieved h2.0.9.0  (cached)
-> retrieved hkdf.1.0.4  (cached)
-> retrieved hpack.0.11.0  (cached)
-> retrieved httpaf.0.7.1  (cached)
-> retrieved ipaddr.5.6.0, ipaddr-cstruct.5.6.0, macaddr.5.6.0, macaddr-cstruct.5.6.0  (cached)
-> retrieved ke.0.6  (cached)
-> retrieved logs.0.7.0  (cached)
-> retrieved lru.0.3.1  (cached)
-> retrieved lwt.5.7.0  (cached)
-> retrieved lwt-dllist.1.0.1  (cached)
-> retrieved metrics.0.4.1  (cached)
-> retrieved mimic.0.0.6  (cached)
-> retrieved mirage-clock.4.2.0  (cached)
-> retrieved mirage-crypto.0.11.3, mirage-crypto-ec.0.11.3, mirage-crypto-pk.0.11.3, mirage-crypto-rng.0.11.3  (cached)
-> retrieved mirage-flow.3.0.0  (cached)
-> retrieved mirage-kv.6.1.1  (cached)
-> retrieved mirage-net.4.0.0  (cached)
-> retrieved mirage-random.3.0.0  (cached)
-> retrieved mirage-time.3.0.0  (cached)
-> retrieved ocaml-syntax-shims.1.0.0  (cached)
-> retrieved ocamlbuild.0.14.3  (cached)
-> retrieved ocamlfind.1.9.6  (cached)
-> retrieved ocplib-endian.1.2  (cached)
-> retrieved optint.0.3.0  (cached)
-> retrieved paf.0.1.0  (cached)
-> retrieved pbkdf.1.2.0  (cached)
-> retrieved psq.0.2.1  (cached)
-> retrieved ptime.1.1.0  (cached)
-> retrieved randomconv.0.1.3  (cached)
-> retrieved result.1.5  (cached)
-> retrieved seq.base  (cached)
-> installed seq.base
-> retrieved sexplib0.v0.17.0  (cached)
-> retrieved tcpip.8.0.0  (cached)
-> retrieved tls.0.17.3, tls-mirage.0.17.3  (cached)
-> retrieved topkg.1.0.7  (cached)
-> retrieved x509.0.16.5  (cached)
-> retrieved zarith.1.13  (cached)
-> installed ocamlfind.1.9.6
-> installed base-bytes.base
-> installed ocamlbuild.0.14.3
-> installed zarith.1.13
-> installed topkg.1.0.7
-> installed ptime.1.1.0
-> installed fmt.0.9.0
-> installed dune.3.16.0
-> installed duration.0.2.1
-> installed lwt-dllist.1.0.1
-> installed gmap.0.3.0
-> installed csexp.1.5.2
-> installed base64.3.5.1
-> installed cppo.1.6.9
-> installed cstruct.6.2.0
-> installed domain-name.0.4.0
-> installed ke.0.6
-> installed macaddr.5.6.0
-> installed metrics.0.4.1
-> installed mirage-clock.4.2.0
-> installed ocaml-syntax-shims.1.0.0
-> installed optint.0.3.0
-> installed psq.0.2.1
-> installed result.1.5
-> installed sexplib0.v0.17.0
-> installed mirage-random.3.0.0
-> installed randomconv.0.1.3
-> installed macaddr-cstruct.5.6.0
-> installed ocplib-endian.1.2
-> installed lru.0.3.1
-> installed eqaf.0.9
-> installed ipaddr.5.6.0
-> installed asn1-combinators.0.2.6
-> installed ipaddr-cstruct.5.6.0
-> installed dune-configurator.3.16.0
-> installed bigstringaf.0.9.1
-> installed faraday.0.8.2
-> installed angstrom.0.16.0
-> installed httpaf.0.7.1
-> installed mirage-crypto.0.11.3
-> installed hkdf.1.0.4
-> installed pbkdf.1.2.0
-> installed hpack.0.11.0
-> installed lwt.5.7.0
-> installed mirage-flow.3.0.0
-> installed cstruct-lwt.6.2.0
-> installed mirage-time.3.0.0
-> installed mirage-net.4.0.0
-> installed mirage-kv.6.1.1
-> installed h2.0.9.0
-> installed logs.0.7.0
-> installed ethernet.3.2.0
-> installed mimic.0.0.6
-> installed mirage-crypto-rng.0.11.3
-> installed arp.3.1.1
-> installed mirage-crypto-pk.0.11.3
-> installed tcpip.8.0.0
-> installed mirage-crypto-ec.0.11.3
-> installed x509.0.16.5
-> installed tls.0.17.3
-> installed tls-mirage.0.17.3
-> installed paf.0.1.0
Done.
# Run eval $(opam env) to update the current shell environment
[01;2m[01;35m2024-06-20 11:58.44 ---> saved as "86dbfa31da3cd25d5ac2881abdc700ae1958772b74736ac5175505976aacd051"[0m

[01;34m/home/opam: (run (network host)
                 (shell "(opam reinstall --with-test paf.0.1.0) || true"))[0m
[ERROR] Sorry, resolution of the request timed out.
        Try to specify a more precise request, use a different solver, or increase the allowed time by setting OPAMSOLVERTIMEOUT to a bigger value (currently, it is set to 500.0 seconds).
[01;2m[01;35m2024-06-20 12:07.25 ---> saved as "77fc051c8dc503e156b3bcf56fdfeec5b828242a75b4072971c6b9b6e313b5b8"[0m

[01;34m/home/opam: (run (shell  "opam reinstall --with-test --verbose paf.0.1.0;\
                        \n        res=$?;\
                        \n        test \"$res\" != 31 && exit \"$res\";\
                        \n        export OPAMCLI=2.0;\
                        \n        build_dir=$(opam var prefix)/.opam-switch/build;\
                        \n        failed=$(ls \"$build_dir\");\
                        \n        partial_fails=\"\";\
                        \n        for pkg in $failed; do\
                        \n          if opam show -f x-ci-accept-failures: \"$pkg\" | grep -qF \"\\\"debian-12\\\"\"; then\
                        \n            echo \"A package failed and has been disabled for CI using the 'x-ci-accept-failures' field.\";\
                        \n          fi;\
                        \n          test \"$pkg\" != 'paf.0.1.0' && partial_fails=\"$partial_fails $pkg\";\
                        \n        done;\
                        \n        test \"${partial_fails}\" != \"\" && echo \"opam-repo-ci detected dependencies failing: ${partial_fails}\";\
                        \n        exit 1"))[0m
[ERROR] Sorry, resolution of the request timed out.
        Try to specify a more precise request, use a different solver, or increase the allowed time by setting OPAMSOLVERTIMEOUT to a bigger value (currently, it is set to 500.0 seconds).
'opam reinstall --with-test --verbose paf.0.1.0' failed.
"/usr/bin/env" "bash" "-c" "opam reinstall --with-test --verbose paf.0.1.0;
        res=$?;
        test "$res" != 31 && exit "$res";
        export OPAMCLI=2.0;
        build_dir=$(opam var prefix)/.opam-switch/build;
        failed=$(ls "$build_dir");
        partial_fails="";
        for pkg in $failed; do
          if opam show -f x-ci-accept-failures: "$pkg" | grep -qF "\"debian-12\""; then
            echo "A package failed and has been disabled for CI using the 'x-ci-accept-failures' field.";
          fi;
          test "$pkg" != 'paf.0.1.0' && partial_fails="$partial_fails $pkg";
        done;
        test "${partial_fails}" != "" && echo "opam-repo-ci detected dependencies failing: ${partial_fails}";
        exit 1" failed with exit status 60
2024-06-20 12:16.11: Job failed: Failed: Build failed
2024-06-20 12:16.11: Log analysis:
2024-06-20 12:16.11: >>> 
[ERROR] Sorry, resolution of the request timed out.
 (score = 20)
2024-06-20 12:16.11: >>> 
[ERROR] Sorry, resolution of the request timed out.
 (score = 20)
2024-06-20 12:16.11: Sorry, resolution of the request timed out.
