2024-06-20 11:55.59: New job: test paf-cohttp.0.0.4 with conf-gmp.4, using opam dev
                              from https://github.com/ocaml/opam-repository.git#refs/pull/26102/head (796c0cc8af436190f8caaf87e9abc10984c46de3)
                              on debian-12-ocaml-4.14/amd64

To reproduce locally:

cd $(mktemp -d)
git clone --recursive "https://github.com/ocaml/opam-repository.git" && cd "opam-repository" && git fetch origin "refs/pull/26102/head" && git reset --hard 796c0cc8
git fetch origin master
git merge --no-edit 13d5334f87e9684897511adf5d1c6fffd36d66e9
cat > ../Dockerfile <<'END-OF-DOCKERFILE'
[34mFROM ocaml/opam:debian-12-ocaml-4.14@sha256:51859147d869ebd23a15922818349effc446cbbc6a0b3e0257a7859e766261b3
USER 1000:1000
WORKDIR /home/opam
RUN sudo ln -f /usr/bin/opam-dev /usr/bin/opam
RUN opam init --reinit -ni
RUN uname -rs && opam exec -- ocaml -version && opam --version
ENV OPAMDOWNLOADJOBS="1"
ENV OPAMERRLOGLEN="0"
ENV OPAMSOLVERTIMEOUT="500"
ENV OPAMPRECISETRACKING="1"
ENV CI="true"
ENV OPAM_REPO_CI="true"
RUN rm -rf opam-repository/
COPY --chown=1000:1000 . opam-repository/
RUN opam repository set-url --strict default opam-repository/
RUN opam update --depexts || true
RUN opam pin add -k version -yn conf-gmp.4 4
RUN opam reinstall conf-gmp.4; \
    res=$?; \
    test "$res" != 31 && exit "$res"; \
    export OPAMCLI=2.0; \
    build_dir=$(opam var prefix)/.opam-switch/build; \
    failed=$(ls "$build_dir"); \
    partial_fails=""; \
    for pkg in $failed; do \
    if opam show -f x-ci-accept-failures: "$pkg" | grep -qF "\"debian-12\""; then \
    echo "A package failed and has been disabled for CI using the 'x-ci-accept-failures' field."; \
    fi; \
    test "$pkg" != 'conf-gmp.4' && partial_fails="$partial_fails $pkg"; \
    done; \
    test "${partial_fails}" != "" && echo "opam-repo-ci detected dependencies failing: ${partial_fails}"; \
    exit 1
RUN opam reinstall paf-cohttp.0.0.4; \
    res=$?; \
    test "$res" != 31 && exit "$res"; \
    export OPAMCLI=2.0; \
    build_dir=$(opam var prefix)/.opam-switch/build; \
    failed=$(ls "$build_dir"); \
    partial_fails=""; \
    for pkg in $failed; do \
    if opam show -f x-ci-accept-failures: "$pkg" | grep -qF "\"debian-12\""; then \
    echo "A package failed and has been disabled for CI using the 'x-ci-accept-failures' field."; \
    fi; \
    test "$pkg" != 'paf-cohttp.0.0.4' && partial_fails="$partial_fails $pkg"; \
    done; \
    test "${partial_fails}" != "" && echo "opam-repo-ci detected dependencies failing: ${partial_fails}"; \
    exit 1
RUN (opam reinstall --with-test paf-cohttp.0.0.4) || true
RUN opam reinstall --with-test --verbose paf-cohttp.0.0.4; \
    res=$?; \
    test "$res" != 31 && exit "$res"; \
    export OPAMCLI=2.0; \
    build_dir=$(opam var prefix)/.opam-switch/build; \
    failed=$(ls "$build_dir"); \
    partial_fails=""; \
    for pkg in $failed; do \
    if opam show -f x-ci-accept-failures: "$pkg" | grep -qF "\"debian-12\""; then \
    echo "A package failed and has been disabled for CI using the 'x-ci-accept-failures' field."; \
    fi; \
    test "$pkg" != 'paf-cohttp.0.0.4' && partial_fails="$partial_fails $pkg"; \
    done; \
    test "${partial_fails}" != "" && echo "opam-repo-ci detected dependencies failing: ${partial_fails}"; \
    exit 1
[0m
END-OF-DOCKERFILE
docker build -f ../Dockerfile .

2024-06-20 11:55.59: Using cache hint "ocaml/opam:debian-12-ocaml-4.14@sha256:51859147d869ebd23a15922818349effc446cbbc6a0b3e0257a7859e766261b3-conf-gmp.4-paf-cohttp.0.0.4-796c0cc8af436190f8caaf87e9abc10984c46de3"
2024-06-20 11:55.59: Using OBuilder spec:
((from ocaml/opam:debian-12-ocaml-4.14@sha256:51859147d869ebd23a15922818349effc446cbbc6a0b3e0257a7859e766261b3)
 (user (uid 1000) (gid 1000))
 (workdir /home/opam)
 (run (shell "sudo ln -f /usr/bin/opam-dev /usr/bin/opam"))
 (run (network host)
      (shell "opam init --reinit --config .opamrc-sandbox -ni"))
 (run (shell "uname -rs && opam exec -- ocaml -version && opam --version"))
 (env OPAMDOWNLOADJOBS 1)
 (env OPAMERRLOGLEN 0)
 (env OPAMSOLVERTIMEOUT 500)
 (env OPAMPRECISETRACKING 1)
 (env CI true)
 (env OPAM_REPO_CI true)
 (run (shell "rm -rf opam-repository/"))
 (copy (src .) (dst opam-repository/))
 (run (shell "opam repository set-url --strict default opam-repository/"))
 (run (network host)
      (shell "opam update --depexts || true"))
 (run (shell "opam pin add -k version -yn conf-gmp.4 4"))
 (run (cache (opam-archives (target /home/opam/.opam/download-cache)))
      (network host)
      (shell  "opam reinstall conf-gmp.4;\
             \n        res=$?;\
             \n        test \"$res\" != 31 && exit \"$res\";\
             \n        export OPAMCLI=2.0;\
             \n        build_dir=$(opam var prefix)/.opam-switch/build;\
             \n        failed=$(ls \"$build_dir\");\
             \n        partial_fails=\"\";\
             \n        for pkg in $failed; do\
             \n          if opam show -f x-ci-accept-failures: \"$pkg\" | grep -qF \"\\\"debian-12\\\"\"; then\
             \n            echo \"A package failed and has been disabled for CI using the 'x-ci-accept-failures' field.\";\
             \n          fi;\
             \n          test \"$pkg\" != 'conf-gmp.4' && partial_fails=\"$partial_fails $pkg\";\
             \n        done;\
             \n        test \"${partial_fails}\" != \"\" && echo \"opam-repo-ci detected dependencies failing: ${partial_fails}\";\
             \n        exit 1"))
 (run (cache (opam-archives (target /home/opam/.opam/download-cache)))
      (network host)
      (shell  "opam reinstall paf-cohttp.0.0.4;\
             \n        res=$?;\
             \n        test \"$res\" != 31 && exit \"$res\";\
             \n        export OPAMCLI=2.0;\
             \n        build_dir=$(opam var prefix)/.opam-switch/build;\
             \n        failed=$(ls \"$build_dir\");\
             \n        partial_fails=\"\";\
             \n        for pkg in $failed; do\
             \n          if opam show -f x-ci-accept-failures: \"$pkg\" | grep -qF \"\\\"debian-12\\\"\"; then\
             \n            echo \"A package failed and has been disabled for CI using the 'x-ci-accept-failures' field.\";\
             \n          fi;\
             \n          test \"$pkg\" != 'paf-cohttp.0.0.4' && partial_fails=\"$partial_fails $pkg\";\
             \n        done;\
             \n        test \"${partial_fails}\" != \"\" && echo \"opam-repo-ci detected dependencies failing: ${partial_fails}\";\
             \n        exit 1"))
 (run (network host)
      (shell "(opam reinstall --with-test paf-cohttp.0.0.4) || true"))
 (run (shell  "opam reinstall --with-test --verbose paf-cohttp.0.0.4;\
             \n        res=$?;\
             \n        test \"$res\" != 31 && exit \"$res\";\
             \n        export OPAMCLI=2.0;\
             \n        build_dir=$(opam var prefix)/.opam-switch/build;\
             \n        failed=$(ls \"$build_dir\");\
             \n        partial_fails=\"\";\
             \n        for pkg in $failed; do\
             \n          if opam show -f x-ci-accept-failures: \"$pkg\" | grep -qF \"\\\"debian-12\\\"\"; then\
             \n            echo \"A package failed and has been disabled for CI using the 'x-ci-accept-failures' field.\";\
             \n          fi;\
             \n          test \"$pkg\" != 'paf-cohttp.0.0.4' && partial_fails=\"$partial_fails $pkg\";\
             \n        done;\
             \n        test \"${partial_fails}\" != \"\" && echo \"opam-repo-ci detected dependencies failing: ${partial_fails}\";\
             \n        exit 1"))
)

2024-06-20 11:55.59: Waiting for resource in pool OCluster
2024-06-20 11:56.40: Waiting for workerâ€¦
2024-06-20 11:56.40: Got resource from pool OCluster
Building on x86-bm-c1.sw.ocaml.org
All commits already cached
Updating files:  94% (29925/31553)Updating files:  95% (29976/31553)Updating files:  96% (30291/31553)Updating files:  97% (30607/31553)Updating files:  98% (30922/31553)Updating files:  99% (31238/31553)Updating files: 100% (31553/31553)Updating files: 100% (31553/31553), done.
HEAD is now at 13d5334f87 Merge pull request #26123 from dra27/mingw-w64-shims-0.2.0
Merge made by the 'ort' strategy.
 packages/conf-gmp-powm-sec/conf-gmp-powm-sec.3/opam | 11 +++++++++--
 packages/conf-gmp/conf-gmp.4/opam                   |  9 +++++++++
 .../conf-mingw-w64-gmp-i686.1/opam                  | 21 +++++++++++++++++++++
 .../conf-mingw-w64-gmp-x86_64.1/opam                | 21 +++++++++++++++++++++
 4 files changed, 60 insertions(+), 2 deletions(-)
 create mode 100644 packages/conf-mingw-w64-gmp-i686/conf-mingw-w64-gmp-i686.1/opam
 create mode 100644 packages/conf-mingw-w64-gmp-x86_64/conf-mingw-w64-gmp-x86_64.1/opam

[01;34m(from ocaml/opam:debian-12-ocaml-4.14@sha256:51859147d869ebd23a15922818349effc446cbbc6a0b3e0257a7859e766261b3)[0m
Unable to find image 'ocaml/opam:debian-12-ocaml-4.14@sha256:51859147d869ebd23a15922818349effc446cbbc6a0b3e0257a7859e766261b3' locally
docker.io/ocaml/opam@sha256:51859147d869ebd23a15922818349effc446cbbc6a0b3e0257a7859e766261b3: Pulling from ocaml/opam
14d2477f829c: Pulling fs layer
14d2477f829c: Verifying Checksum
14d2477f829c: Download complete
14d2477f829c: Pull complete
Digest: sha256:51859147d869ebd23a15922818349effc446cbbc6a0b3e0257a7859e766261b3
Status: Downloaded newer image for ocaml/opam@sha256:51859147d869ebd23a15922818349effc446cbbc6a0b3e0257a7859e766261b3
[01;2m[01;35m2024-06-20 11:56.10 ---> using "7d0037e87409e99fda0588f75b47ce776adea91ebf3f460e136466d751adef89" from cache[0m

[01;34m/: (user (uid 1000) (gid 1000))[0m

[01;34m/: (workdir /home/opam)[0m

[01;34m/home/opam: (run (shell "sudo ln -f /usr/bin/opam-dev /usr/bin/opam"))[0m
[01;2m[01;35m2024-06-20 11:56.10 ---> using "b33af19cce4ad58a445b7dfc6bf1a0dfe3b6dc622435cad5cd3b51437ac841da" from cache[0m

[01;34m/home/opam: (run (network host)
                 (shell "opam init --reinit --config .opamrc-sandbox -ni"))[0m
Configuring from /home/opam/.opamrc-sandbox, then /home/opam/.opamrc, and finally from built-in defaults.
Checking for available remotes: rsync and local, git.
  - you won't be able to use mercurial repositories unless you install the hg command on your system.
  - you won't be able to use darcs repositories unless you install the darcs command on your system.

This development version of opam requires an update to the layout of /home/opam/.opam from version 2.0 to version 2.2~beta, which can't be reverted.
You may want to back it up before going further.

Continue? [y/n] y
Format upgrade done.

<><> Updating repositories ><><><><><><><><><><><><><><><><><><><><><><><><><><>
[default] synchronised from file:///home/opam/opam-repository
[01;2m[01;35m2024-06-20 11:56.10 ---> using "c7319748019c698ac18553450663ed54bb2835216e6158140e57acb510db4ce9" from cache[0m

[01;34m/home/opam: (run (shell "uname -rs && opam exec -- ocaml -version && opam --version"))[0m
Linux 5.15.0-112-generic
The OCaml toplevel, version 4.14.2
2.2.0~rc1~dev
[01;2m[01;35m2024-06-20 11:56.10 ---> using "6bce037bdf3a394fc38741cc54c12283f3366866d149b33203c7c3a211d4b1b9" from cache[0m

[01;34m/home/opam: (env OPAMDOWNLOADJOBS 1)[0m

[01;34m/home/opam: (env OPAMERRLOGLEN 0)[0m

[01;34m/home/opam: (env OPAMSOLVERTIMEOUT 500)[0m

[01;34m/home/opam: (env OPAMPRECISETRACKING 1)[0m

[01;34m/home/opam: (env CI true)[0m

[01;34m/home/opam: (env OPAM_REPO_CI true)[0m

[01;34m/home/opam: (run (shell "rm -rf opam-repository/"))[0m
[01;2m[01;35m2024-06-20 11:56.10 ---> using "d7e3dabd08034f666e9af626d2c2108d7ffb689867b7ba904f891ba4c067d618" from cache[0m

[01;34m/home/opam: (copy (src .) (dst opam-repository/))[0m
[01;2m[01;35m2024-06-20 11:56.20 ---> saved as "b019e4a8dbfeec0b42630cac4c1f3f87c47e7237a4c51a22052c8a20e7aa4040"[0m

[01;34m/home/opam: (run (shell "opam repository set-url --strict default opam-repository/"))[0m
[default] Initialised
[01;2m[01;35m2024-06-20 11:57.27 ---> saved as "a8b9d5ab7104f7c632dc64f638aa0a5a3bc6156622abaa6a6facd55253e4dfc3"[0m

[01;34m/home/opam: (run (network host)
                 (shell "opam update --depexts || true"))[0m
+ /usr/bin/sudo "apt-get" "update"
- Hit:1 http://deb.debian.org/debian bookworm InRelease
- Get:2 http://deb.debian.org/debian bookworm-updates InRelease [55.4 kB]
- Get:3 http://deb.debian.org/debian-security bookworm-security InRelease [48.0 kB]
- Fetched 103 kB in 0s (483 kB/s)
- Reading package lists...
[01;2m[01;35m2024-06-20 11:57.28 ---> saved as "9b16a39f152612d11195d590475b8ef5400c479bc7831dbec5a1aafac863a0eb"[0m

[01;34m/home/opam: (run (shell "opam pin add -k version -yn conf-gmp.4 4"))[0m
conf-gmp is now pinned to version 4
[01;2m[01;35m2024-06-20 11:57.29 ---> saved as "43283e672436023c4eab1b23242a10cca1a40ef9e93fc8c431a2203076efa3f8"[0m

[01;34m/home/opam: (run (cache (opam-archives (target /home/opam/.opam/download-cache)))
                 (network host)
                 (shell  "opam reinstall conf-gmp.4;\
                        \n        res=$?;\
                        \n        test \"$res\" != 31 && exit \"$res\";\
                        \n        export OPAMCLI=2.0;\
                        \n        build_dir=$(opam var prefix)/.opam-switch/build;\
                        \n        failed=$(ls \"$build_dir\");\
                        \n        partial_fails=\"\";\
                        \n        for pkg in $failed; do\
                        \n          if opam show -f x-ci-accept-failures: \"$pkg\" | grep -qF \"\\\"debian-12\\\"\"; then\
                        \n            echo \"A package failed and has been disabled for CI using the 'x-ci-accept-failures' field.\";\
                        \n          fi;\
                        \n          test \"$pkg\" != 'conf-gmp.4' && partial_fails=\"$partial_fails $pkg\";\
                        \n        done;\
                        \n        test \"${partial_fails}\" != \"\" && echo \"opam-repo-ci detected dependencies failing: ${partial_fails}\";\
                        \n        exit 1"))[0m
conf-gmp.4 is not installed. Install it? [y/n] y
The following actions will be performed:
=== install 1 package
  - install conf-gmp 4 (pinned)

The following system packages will first need to be installed:
    libgmp-dev

<><> Handling external dependencies <><><><><><><><><><><><><><><><><><><><><><>

opam believes some required external dependencies are missing. opam can:
> 1. Run apt-get to install them (may need root/sudo access)
  2. Display the recommended apt-get command and wait while you run it manually (e.g. in another terminal)
  3. Continue anyway, and, upon success, permanently register that this external dependency is present, but not detectable
  4. Abort the installation

[1/2/3/4] 1

+ /usr/bin/sudo "apt-get" "install" "-qq" "-yy" "libgmp-dev"
- debconf: delaying package configuration, since apt-utils is not installed
- Selecting previously unselected package libgmpxx4ldbl:amd64.
- (Reading database ... (Reading database ... 5%(Reading database ... 10%(Reading database ... 15%(Reading database ... 20%(Reading database ... 25%(Reading database ... 30%(Reading database ... 35%(Reading database ... 40%(Reading database ... 45%(Reading database ... 50%(Reading database ... 55%(Reading database ... 60%(Reading database ... 65%(Reading database ... 70%(Reading database ... 75%(Reading database ... 80%(Reading database ... 85%(Reading database ... 90%(Reading database ... 95%(Reading database ... 100%(Reading database ... 18735 files and directories currently installed.)
- Preparing to unpack .../libgmpxx4ldbl_2%3a6.2.1+dfsg1-1.1_amd64.deb ...
- Unpacking libgmpxx4ldbl:amd64 (2:6.2.1+dfsg1-1.1) ...
- Selecting previously unselected package libgmp-dev:amd64.
- Preparing to unpack .../libgmp-dev_2%3a6.2.1+dfsg1-1.1_amd64.deb ...
- Unpacking libgmp-dev:amd64 (2:6.2.1+dfsg1-1.1) ...
- Setting up libgmpxx4ldbl:amd64 (2:6.2.1+dfsg1-1.1) ...
- Setting up libgmp-dev:amd64 (2:6.2.1+dfsg1-1.1) ...
- Processing triggers for libc-bin (2.36-9+deb12u7) ...

<><> Processing actions <><><><><><><><><><><><><><><><><><><><><><><><><><><><>
-> retrieved conf-gmp.4  (cached)
-> installed conf-gmp.4
Done.
# Run eval $(opam env) to update the current shell environment
[01;2m[01;35m2024-06-20 11:57.46 ---> saved as "963ddd29fc33c33b75e1ace12bd4af268f6e0a74a5900bb60dd50280f26861bb"[0m

[01;34m/home/opam: (run (cache (opam-archives (target /home/opam/.opam/download-cache)))
                 (network host)
                 (shell  "opam reinstall paf-cohttp.0.0.4;\
                        \n        res=$?;\
                        \n        test \"$res\" != 31 && exit \"$res\";\
                        \n        export OPAMCLI=2.0;\
                        \n        build_dir=$(opam var prefix)/.opam-switch/build;\
                        \n        failed=$(ls \"$build_dir\");\
                        \n        partial_fails=\"\";\
                        \n        for pkg in $failed; do\
                        \n          if opam show -f x-ci-accept-failures: \"$pkg\" | grep -qF \"\\\"debian-12\\\"\"; then\
                        \n            echo \"A package failed and has been disabled for CI using the 'x-ci-accept-failures' field.\";\
                        \n          fi;\
                        \n          test \"$pkg\" != 'paf-cohttp.0.0.4' && partial_fails=\"$partial_fails $pkg\";\
                        \n        done;\
                        \n        test \"${partial_fails}\" != \"\" && echo \"opam-repo-ci detected dependencies failing: ${partial_fails}\";\
                        \n        exit 1"))[0m
paf-cohttp.0.0.4 is not installed. Install it? [y/n] y
The following actions will be performed:
=== install 81 packages
  - install angstrom            0.16.0  [required by httpaf]
  - install asn1-combinators    0.2.6   [required by x509]
  - install base                v0.16.3 [required by ppx_sexp_conv]
  - install base-bytes          base    [required by cohttp]
  - install base64              3.5.1   [required by cohttp, h2]
  - install bigarray-compat     1.1.0   [required by cstruct]
  - install bigstringaf         0.9.1   [required by httpaf, paf]
  - install cohttp              5.3.1   [required by cohttp-lwt]
  - install cohttp-lwt          5.3.0   [required by paf-cohttp]
  - install conf-bash           1       [required by base]
  - install conf-gmp-powm-sec   3       [required by mirage-crypto-pk]
  - install conf-pkg-config     3       [required by mirage-crypto-ec]
  - install cppo                1.6.9   [required by lwt]
  - install csexp               1.5.2   [required by dune-configurator]
  - install cstruct             6.0.1   [required by tls]
  - install cstruct-sexp        6.0.1   [required by tls]
  - install domain-name         0.4.0   [required by paf-cohttp]
  - install dune                3.16.0  [required by paf-cohttp]
  - install dune-configurator   3.16.0  [required by lwt, mirage-crypto-ec]
  - install duration            0.2.1   [required by mirage-protocols]
  - install eqaf                0.9     [required by mirage-crypto-ec, mirage-crypto-pk]
  - install faraday             0.8.2   [required by httpaf, paf]
  - install fmt                 0.9.0   [required by tls, mimic, logs, etc.]
  - install gmap                0.3.0   [required by x509]
  - install h2                  0.8.0   [required by paf]
  - install hkdf                1.0.4   [required by tls]
  - install hpack               0.11.0  [required by h2]
  - install httpaf              0.7.1   [required by paf-cohttp]
  - install ipaddr              5.6.0   [required by paf-cohttp]
  - install jsonm               1.0.2   [required by cohttp]
  - install ke                  0.6     [required by paf]
  - install logs                0.7.0   [required by cohttp-lwt]
  - install lwt                 5.7.0   [required by cohttp-lwt]
  - install macaddr             5.6.0   [required by ipaddr]
  - install mimic               0.0.3   [required by paf]
  - install mirage-clock        4.2.0   [required by tls-mirage]
  - install mirage-crypto       0.10.7  [required by tls, tls-mirage]
  - install mirage-crypto-ec    0.10.7  [required by tls]
  - install mirage-crypto-pk    0.10.7  [required by tls, tls-mirage]
  - install mirage-crypto-rng   0.10.7  [required by tls]
  - install mirage-flow         3.0.0   [required by mimic, tls-mirage]
  - install mirage-kv           6.1.1   [required by tls-mirage]
  - install mirage-no-solo5     1       [required by mirage-crypto-pk]
  - install mirage-no-xen       1       [required by mirage-crypto-pk]
  - install mirage-protocols    7.0.0   [required by mirage-stack]
  - install mirage-stack        3.0.0   [required by paf]
  - install mirage-time         3.0.0   [required by paf]
  - install mtime               2.0.0   [required by mirage-crypto-rng]
  - install num                 1.5     [required by sexplib]
  - install ocaml-compiler-libs v0.12.4 [required by ppxlib]
  - install ocaml-syntax-shims  1.0.0   [required by angstrom]
  - install ocamlbuild          0.14.3  [required by logs]
  - install ocamlfind           1.9.6   [required by logs]
  - install ocplib-endian       1.2     [required by lwt]
  - install optint              0.3.0   [required by mirage-kv]
  - install paf                 0.0.4   [required by paf-cohttp]
  - install paf-cohttp          0.0.4
  - install parsexp             v0.16.0 [required by sexplib]
  - install pbkdf               1.2.0   [required by x509]
  - install ppx_cstruct         6.0.1   [required by tls]
  - install ppx_derivers        1.2.1   [required by ppxlib]
  - install ppx_sexp_conv       v0.16.0 [required by cohttp-lwt]
  - install ppxlib              0.32.1  [required by ppx_sexp_conv, ppx_cstruct]
  - install psq                 0.2.1   [required by h2]
  - install ptime               1.1.0   [required by tls, tls-mirage]
  - install re                  1.11.0  [required by cohttp]
  - install result              1.5     [required by httpaf]
  - install rresult             0.7.0   [required by mimic, tls]
  - install seq                 base    [required by re, psq]
  - install sexplib             v0.16.0 [required by tls]
  - install sexplib0            v0.16.0 [required by cohttp-lwt]
  - install stdlib-shims        0.3.0   [required by ppx_cstruct]
  - install stringext           1.6.0   [required by cohttp]
  - install tls                 0.13.2  [required by paf]
  - install tls-mirage          0.13.2  [required by paf]
  - install topkg               1.0.7   [required by logs]
  - install uri                 4.4.0   [required by cohttp-lwt]
  - install uri-sexp            4.4.0   [required by cohttp]
  - install uutf                1.0.3   [required by jsonm]
  - install x509                0.14.1  [required by tls, tls-mirage]
  - install zarith              1.13    [required by mirage-crypto-pk]

The following system packages will first need to be installed:
    pkg-config

<><> Handling external dependencies <><><><><><><><><><><><><><><><><><><><><><>

opam believes some required external dependencies are missing. opam can:
> 1. Run apt-get to install them (may need root/sudo access)
  2. Display the recommended apt-get command and wait while you run it manually (e.g. in another terminal)
  3. Continue anyway, and, upon success, permanently register that this external dependency is present, but not detectable
  4. Abort the installation

[1/2/3/4] 1

+ /usr/bin/sudo "apt-get" "install" "-qq" "-yy" "pkg-config"
- debconf: delaying package configuration, since apt-utils is not installed
- Selecting previously unselected package libpkgconf3:amd64.
- (Reading database ... (Reading database ... 5%(Reading database ... 10%(Reading database ... 15%(Reading database ... 20%(Reading database ... 25%(Reading database ... 30%(Reading database ... 35%(Reading database ... 40%(Reading database ... 45%(Reading database ... 50%(Reading database ... 55%(Reading database ... 60%(Reading database ... 65%(Reading database ... 70%(Reading database ... 75%(Reading database ... 80%(Reading database ... 85%(Reading database ... 90%(Reading database ... 95%(Reading database ... 100%(Reading database ... 18757 files and directories currently installed.)
- Preparing to unpack .../libpkgconf3_1.8.1-1_amd64.deb ...
- Unpacking libpkgconf3:amd64 (1.8.1-1) ...
- Selecting previously unselected package pkgconf-bin.
- Preparing to unpack .../pkgconf-bin_1.8.1-1_amd64.deb ...
- Unpacking pkgconf-bin (1.8.1-1) ...
- Selecting previously unselected package pkgconf:amd64.
- Preparing to unpack .../pkgconf_1.8.1-1_amd64.deb ...
- Unpacking pkgconf:amd64 (1.8.1-1) ...
- Selecting previously unselected package pkg-config:amd64.
- Preparing to unpack .../pkg-config_1.8.1-1_amd64.deb ...
- Unpacking pkg-config:amd64 (1.8.1-1) ...
- Setting up libpkgconf3:amd64 (1.8.1-1) ...
- Setting up pkgconf-bin (1.8.1-1) ...
- Setting up pkgconf:amd64 (1.8.1-1) ...
- Setting up pkg-config:amd64 (1.8.1-1) ...
- Processing triggers for libc-bin (2.36-9+deb12u7) ...

<><> Processing actions <><><><><><><><><><><><><><><><><><><><><><><><><><><><>
-> retrieved angstrom.0.16.0  (cached)
-> retrieved asn1-combinators.0.2.6  (cached)
-> retrieved base.v0.16.3  (cached)
-> retrieved base64.3.5.1  (cached)
-> retrieved bigarray-compat.1.1.0  (cached)
-> retrieved bigstringaf.0.9.1  (cached)
-> retrieved cohttp.5.3.1  (cached)
-> retrieved cohttp-lwt.5.3.0  (cached)
-> retrieved conf-gmp-powm-sec.3  (cached)
-> retrieved cppo.1.6.9  (cached)
-> retrieved csexp.1.5.2  (cached)
-> installed conf-bash.1
-> installed conf-pkg-config.3
-> installed conf-gmp-powm-sec.3
-> retrieved cstruct.6.0.1, cstruct-sexp.6.0.1, ppx_cstruct.6.0.1  (cached)
-> retrieved domain-name.0.4.0  (cached)
-> retrieved dune.3.16.0, dune-configurator.3.16.0  (cached)
-> retrieved duration.0.2.1  (cached)
-> retrieved eqaf.0.9  (cached)
-> retrieved faraday.0.8.2  (cached)
-> retrieved fmt.0.9.0  (cached)
-> retrieved gmap.0.3.0  (cached)
-> retrieved h2.0.8.0  (cached)
-> retrieved hkdf.1.0.4  (cached)
-> retrieved hpack.0.11.0  (cached)
-> retrieved httpaf.0.7.1  (cached)
-> retrieved ipaddr.5.6.0, macaddr.5.6.0  (cached)
-> retrieved jsonm.1.0.2  (cached)
-> retrieved ke.0.6  (cached)
-> retrieved logs.0.7.0  (cached)
-> retrieved lwt.5.7.0  (cached)
-> retrieved mimic.0.0.3  (cached)
-> retrieved mirage-clock.4.2.0  (cached)
-> retrieved mirage-crypto.0.10.7, mirage-crypto-ec.0.10.7, mirage-crypto-pk.0.10.7, mirage-crypto-rng.0.10.7  (cached)
-> retrieved mirage-flow.3.0.0  (cached)
-> retrieved mirage-kv.6.1.1  (cached)
-> installed mirage-no-solo5.1
-> installed mirage-no-xen.1
-> retrieved mirage-protocols.7.0.0  (cached)
-> retrieved mirage-stack.3.0.0  (cached)
-> retrieved mirage-time.3.0.0  (cached)
-> retrieved mtime.2.0.0  (cached)
-> retrieved num.1.5  (cached)
-> retrieved ocaml-compiler-libs.v0.12.4  (cached)
-> retrieved ocaml-syntax-shims.1.0.0  (cached)
-> retrieved ocamlbuild.0.14.3  (cached)
-> retrieved ocamlfind.1.9.6  (cached)
-> retrieved ocplib-endian.1.2  (cached)
-> retrieved optint.0.3.0  (cached)
-> retrieved paf.0.0.4, paf-cohttp.0.0.4  (cached)
-> retrieved parsexp.v0.16.0  (cached)
-> retrieved pbkdf.1.2.0  (cached)
-> retrieved ppx_derivers.1.2.1  (cached)
-> retrieved ppx_sexp_conv.v0.16.0  (cached)
-> retrieved ppxlib.0.32.1  (cached)
-> retrieved psq.0.2.1  (cached)
-> retrieved ptime.1.1.0  (cached)
-> retrieved re.1.11.0  (cached)
-> retrieved result.1.5  (cached)
-> retrieved rresult.0.7.0  (cached)
-> retrieved seq.base  (cached)
-> installed seq.base
-> retrieved sexplib.v0.16.0  (cached)
-> retrieved sexplib0.v0.16.0  (cached)
-> retrieved stdlib-shims.0.3.0  (cached)
-> retrieved stringext.1.6.0  (cached)
-> retrieved tls.0.13.2, tls-mirage.0.13.2  (cached)
-> retrieved topkg.1.0.7  (cached)
-> retrieved uri.4.4.0, uri-sexp.4.4.0  (cached)
-> retrieved uutf.1.0.3  (cached)
-> retrieved x509.0.14.1  (cached)
-> retrieved zarith.1.13  (cached)
-> installed num.1.5
-> installed ocamlfind.1.9.6
-> installed base-bytes.base
-> installed ocamlbuild.0.14.3
-> installed zarith.1.13
-> installed topkg.1.0.7
-> installed rresult.0.7.0
-> installed uutf.1.0.3
-> installed fmt.0.9.0
-> installed mtime.2.0.0
-> installed ptime.1.1.0
-> installed jsonm.1.0.2
-> installed dune.3.16.0
-> installed csexp.1.5.2
-> installed base64.3.5.1
-> installed bigarray-compat.1.1.0
-> installed domain-name.0.4.0
-> installed duration.0.2.1
-> installed gmap.0.3.0
-> installed cppo.1.6.9
-> installed ke.0.6
-> installed macaddr.5.6.0
-> installed mirage-clock.4.2.0
-> installed ocaml-compiler-libs.v0.12.4
-> installed optint.0.3.0
-> installed ppx_derivers.1.2.1
-> installed psq.0.2.1
-> installed re.1.11.0
-> installed ocaml-syntax-shims.1.0.0
-> installed result.1.5
-> installed sexplib0.v0.16.0
-> installed stdlib-shims.0.3.0
-> installed stringext.1.6.0
-> installed ocplib-endian.1.2
-> installed cstruct.6.0.1
-> installed ipaddr.5.6.0
-> installed eqaf.0.9
-> installed asn1-combinators.0.2.6
-> installed parsexp.v0.16.0
-> installed dune-configurator.3.16.0
-> installed bigstringaf.0.9.1
-> installed faraday.0.8.2
-> installed sexplib.v0.16.0
-> installed angstrom.0.16.0
-> installed cstruct-sexp.6.0.1
-> installed httpaf.0.7.1
-> installed mirage-crypto.0.10.7
-> installed hkdf.1.0.4
-> installed pbkdf.1.2.0
-> installed hpack.0.11.0
-> installed uri.4.4.0
-> installed lwt.5.7.0
-> installed mirage-flow.3.0.0
-> installed mirage-time.3.0.0
-> installed h2.0.8.0
-> installed mirage-kv.6.1.1
-> installed mirage-protocols.7.0.0
-> installed mirage-stack.3.0.0
-> installed logs.0.7.0
-> installed mimic.0.0.3
-> installed mirage-crypto-rng.0.10.7
-> installed base.v0.16.3
-> installed mirage-crypto-pk.0.10.7
-> installed mirage-crypto-ec.0.10.7
-> installed x509.0.14.1
-> installed ppxlib.0.32.1
-> installed ppx_cstruct.6.0.1
-> installed ppx_sexp_conv.v0.16.0
-> installed uri-sexp.4.4.0
-> installed tls.0.13.2
-> installed cohttp.5.3.1
-> installed tls-mirage.0.13.2
-> installed paf.0.0.4
-> installed cohttp-lwt.5.3.0
-> installed paf-cohttp.0.0.4
Done.
# Run eval $(opam env) to update the current shell environment
[01;2m[01;35m2024-06-20 11:59.34 ---> saved as "bdb4553773213923a7603660785b1e7c6002aff404d133a9b450e80df74de2f3"[0m

[01;34m/home/opam: (run (network host)
                 (shell "(opam reinstall --with-test paf-cohttp.0.0.4) || true"))[0m
[ERROR] Sorry, resolution of the request timed out.
        Try to specify a more precise request, use a different solver, or increase the allowed time by setting OPAMSOLVERTIMEOUT to a bigger value (currently, it is set to 500.0 seconds).
[01;2m[01;35m2024-06-20 12:08.18 ---> saved as "c85644b66a24375dd61aa4476d6d5f0b070cf84f72f9a084ea3f63536d4ca5c2"[0m

[01;34m/home/opam: (run (shell  "opam reinstall --with-test --verbose paf-cohttp.0.0.4;\
                        \n        res=$?;\
                        \n        test \"$res\" != 31 && exit \"$res\";\
                        \n        export OPAMCLI=2.0;\
                        \n        build_dir=$(opam var prefix)/.opam-switch/build;\
                        \n        failed=$(ls \"$build_dir\");\
                        \n        partial_fails=\"\";\
                        \n        for pkg in $failed; do\
                        \n          if opam show -f x-ci-accept-failures: \"$pkg\" | grep -qF \"\\\"debian-12\\\"\"; then\
                        \n            echo \"A package failed and has been disabled for CI using the 'x-ci-accept-failures' field.\";\
                        \n          fi;\
                        \n          test \"$pkg\" != 'paf-cohttp.0.0.4' && partial_fails=\"$partial_fails $pkg\";\
                        \n        done;\
                        \n        test \"${partial_fails}\" != \"\" && echo \"opam-repo-ci detected dependencies failing: ${partial_fails}\";\
                        \n        exit 1"))[0m
The following actions will be performed:
=== recompile 19 packages
  - recompile cohttp-lwt        5.3.0  [uses logs]
  - recompile fmt               0.9.0  [uses cmdliner]
  - recompile jsonm             1.0.2  [uses uutf]
  - recompile ke                0.6    [uses fmt]
  - recompile logs              0.7.0  [uses cmdliner]
  - recompile mimic             0.0.3  [uses fmt]
  - recompile mirage-crypto-ec  0.10.7 [uses mirage-crypto-rng]
  - recompile mirage-crypto-pk  0.10.7 [uses mirage-crypto-rng]
  - recompile mirage-crypto-rng 0.10.7 [uses logs]
  - recompile mirage-flow       3.0.0  [uses fmt]
  - recompile mirage-kv         6.1.1  [uses fmt]
  - recompile mirage-protocols  7.0.0  [uses fmt]
  - recompile mirage-stack      3.0.0  [uses fmt]
  - recompile paf               0.0.4  [uses ke]
  - recompile paf-cohttp        0.0.4
  - recompile tls               0.13.2 [uses fmt]
  - recompile tls-mirage        0.13.2 [uses fmt]
  - recompile uutf              1.0.3  [uses cmdliner]
  - recompile x509              0.14.1 [uses fmt]
=== install 16 packages
  - install   alcotest          1.7.0  [required by alcotest-lwt]
  - install   alcotest-lwt      1.7.0  [required by paf-cohttp]
  - install   astring           0.8.5  [required by alcotest]
  - install   cmdliner          1.3.0  [required by alcotest]
  - install   cstruct-lwt       6.0.1  [required by tcpip]
  - install   ethernet          2.2.1  [required by tcpip]
  - install   lru               0.3.1  [required by tcpip]
  - install   lwt-dllist        1.0.1  [required by tcpip]
  - install   macaddr-cstruct   5.6.0  [required by tcpip]
  - install   metrics           0.4.1  [required by tcpip]
  - install   mirage-net        4.0.0  [required by tcpip]
  - install   mirage-profile    0.9.1  [required by tcpip]
  - install   mirage-random     3.0.0  [required by tcpip]
  - install   mirage-time-unix  3.0.0  [required by paf-cohttp]
  - install   randomconv        0.1.3  [required by tcpip]
  - install   tcpip             6.4.0  [required by paf-cohttp]

<><> Processing actions <><><><><><><><><><><><><><><><><><><><><><><><><><><><>
Processing  1/119: [alcotest.1.7.0, alcotest-lwt.1.7.0: http]
[ERROR] Failed to get sources of alcotest.1.7.0, alcotest-lwt.1.7.0 (https://github.com/mirage/alcotest/releases/download/1.7.0/alcotest-1.7.0.tbz): Curl failed
Processing  2/119: [astring.0.8.5: http]
[ERROR] Failed to get sources of astring.0.8.5: Curl failed
Processing  3/119: [cmdliner.1.3.0: http]
Processing  4/119: [cmdliner.1.3.0: http]
Processing  5/119: [cmdliner.1.3.0: http]
[ERROR] Failed to get sources of cmdliner.1.3.0: Curl failed
Processing  6/119: [cohttp-lwt.5.3.0: http]
Processing  7/119: [cohttp-lwt.5.3.0: http]
Processing  8/119: [cohttp-lwt.5.3.0: http]
[ERROR] Failed to get sources of cohttp-lwt.5.3.0: Curl failed
Processing  9/119: [cstruct-lwt.6.0.1: http]
[ERROR] Failed to get sources of cstruct-lwt.6.0.1: Curl failed
Processing 10/119: [ethernet.2.2.1: http]
Processing 11/119: [ethernet.2.2.1: http]
Processing 12/119: [ethernet.2.2.1: http]
[ERROR] Failed to get sources of ethernet.2.2.1: Curl failed
Processing 13/119: [fmt.0.9.0: http]
[ERROR] Failed to get sources of fmt.0.9.0: Curl failed
Processing 14/119: [jsonm.1.0.2: http]
Processing 15/119: [jsonm.1.0.2: http]
[ERROR] Failed to get sources of jsonm.1.0.2: Curl failed
Processing 17/119: [ke.0.6: http]
[ERROR] Failed to get sources of ke.0.6: Curl failed
Processing 18/119: [logs.0.7.0: http]
[ERROR] Failed to get sources of logs.0.7.0: Curl failed
Processing 19/119: [lru.0.3.1: http]
[ERROR] Failed to get sources of lru.0.3.1: Curl failed
Processing 20/119: [lwt-dllist.1.0.1: http]
Processing 21/119: [lwt-dllist.1.0.1: http]
Processing 22/119: [lwt-dllist.1.0.1: http]
[ERROR] Failed to get sources of lwt-dllist.1.0.1: Curl failed
Processing 23/119: [macaddr-cstruct.5.6.0: http]
Processing 24/119: [macaddr-cstruct.5.6.0: http]
Processing 25/119: [macaddr-cstruct.5.6.0: http]
Processing 26/119: [metrics.0.4.1: http]
Processing 27/119: [metrics.0.4.1: http]
Processing 28/119: [metrics.0.4.1: http]
[ERROR] Failed to get sources of macaddr-cstruct.5.6.0: Curl failed
[ERROR] Failed to get sources of metrics.0.4.1: Curl failed
Processing 29/119: [mimic.0.0.3: http]
[ERROR] Failed to get sources of mimic.0.0.3: Curl failed
Processing 30/119: [mirage-crypto-ec.0.10.7, mirage-crypto-pk.0.10.7, mirage-crypto-rng.0.10.7: http]
[ERROR] Failed to get sources of mirage-crypto-ec.0.10.7, mirage-crypto-pk.0.10.7, mirage-crypto-rng.0.10.7 (https://github.com/mirage/mirage-crypto/releases/download/v0.10.7/mirage-crypto-0.10.7.tbz): Curl failed
Processing 31/119: [mirage-flow.3.0.0: http]
[ERROR] Failed to get sources of mirage-flow.3.0.0: Curl failed
Processing 32/119: [mirage-kv.6.1.1: http]
[ERROR] Failed to get sources of mirage-kv.6.1.1: Curl failed
Processing 33/119: [mirage-net.4.0.0: http]
[ERROR] Failed to get sources of mirage-net.4.0.0: Curl failed
Processing 34/119: [mirage-profile.0.9.1: http]
[ERROR] Failed to get sources of mirage-profile.0.9.1: Curl failed
Processing 35/119: [mirage-protocols.7.0.0: http]
Processing 36/119: [mirage-protocols.7.0.0: http]
Processing 37/119: [mirage-protocols.7.0.0: http]
[ERROR] Failed to get sources of mirage-protocols.7.0.0: Curl failed
Processing 38/119: [mirage-random.3.0.0: http]
[ERROR] Failed to get sources of mirage-random.3.0.0: Curl failed
Processing 39/119: [mirage-stack.3.0.0: http]
Processing 40/119: [mirage-stack.3.0.0: http]
Processing 41/119: [mirage-stack.3.0.0: http]
[ERROR] Failed to get sources of mirage-stack.3.0.0: Curl failed
Processing 42/119: [mirage-time-unix.3.0.0: http]
[ERROR] Failed to get sources of mirage-time-unix.3.0.0: Curl failed
Processing 43/119: [paf.0.0.4, paf-cohttp.0.0.4: http]
Processing 44/119: [paf.0.0.4, paf-cohttp.0.0.4: http]
Processing 45/119: [paf.0.0.4, paf-cohttp.0.0.4: http]
[ERROR] Failed to get sources of paf.0.0.4, paf-cohttp.0.0.4 (https://github.com/dinosaure/paf-le-chien/releases/download/0.0.4/paf-0.0.4.tbz): Curl failed
Processing 46/119: [randomconv.0.1.3: http]
[ERROR] Failed to get sources of randomconv.0.1.3: Curl failed
Processing 47/119: [tcpip.6.4.0: http]
Processing 48/119: [tcpip.6.4.0: http]
Processing 49/119: [tcpip.6.4.0: http]
Processing 50/119: [tcpip.6.4.0: http]
Processing 51/119: [tcpip.6.4.0: http]
Processing 52/119: [tcpip.6.4.0: http]
Processing 53/119: [tcpip.6.4.0: http]
Processing 54/119: [tcpip.6.4.0: http]
Processing 55/119: [tcpip.6.4.0: http]
Processing 56/119: [tcpip.6.4.0: http]
[ERROR] Failed to get sources of tcpip.6.4.0: Curl failed
Processing 57/119: [tls.0.13.2, tls-mirage.0.13.2: http]
[ERROR] Failed to get sources of tls.0.13.2, tls-mirage.0.13.2 (https://github.com/mirleft/ocaml-tls/releases/download/v0.13.2/tls-v0.13.2.tbz): Curl failed
Processing 62/119: [uutf.1.0.3: http]
[ERROR] Failed to get sources of uutf.1.0.3: Curl failed
Processing 64/119: [x509.0.14.1: http]
Processing 65/119: [x509.0.14.1: http]
Processing 66/119: [x509.0.14.1: http]
Processing 67/119: [x509.0.14.1: http]
Processing 68/119: [x509.0.14.1: http]
[ERROR] Failed to get sources of x509.0.14.1: Curl failed

#=== ERROR while fetching sources for x509.0.14.1 =============================#
OpamSolution.Fetch_fail("https://github.com/mirleft/ocaml-x509/releases/download/v0.14.1/x509-v0.14.1.tbz (Curl failed: \"/usr/bin/curl --write-out %{http_code}\\\\n --retry 3 --retry-delay 2 --user-agent opam/2.2.0~rc1~dev -L -o /home/opam/.opam/4.14/.opam-switch/sources/x509.0.14.1/x509-v0.14.1.tbz.part -- https://github.com/mirleft/ocaml-x509/releases/download/v0.14.1/x509-v0.14.1.tbz\" exited with code 6)")

#=== ERROR while fetching sources for uutf.1.0.3 ==============================#
OpamSolution.Fetch_fail("https://erratique.ch/software/uutf/releases/uutf-1.0.3.tbz (Curl failed: \"/usr/bin/curl --write-out %{http_code}\\\\n --retry 3 --retry-delay 2 --user-agent opam/2.2.0~rc1~dev -L -o /home/opam/.opam/4.14/.opam-switch/sources/uutf.1.0.3/uutf-1.0.3.tbz.part -- https://erratique.ch/software/uutf/releases/uutf-1.0.3.tbz\" exited with code 6)")

#=== ERROR while fetching sources for tls.0.13.2 and tls-mirage.0.13.2 ========#
OpamSolution.Fetch_fail("https://github.com/mirleft/ocaml-tls/releases/download/v0.13.2/tls-v0.13.2.tbz (Curl failed: \"/usr/bin/curl --write-out %{http_code}\\\\n --retry 3 --retry-delay 2 --user-agent opam/2.2.0~rc1~dev -L -o /tmp/opam-7-5e3898/tls-v0.13.2.tbz.part -- https://github.com/mirleft/ocaml-tls/releases/download/v0.13.2/tls-v0.13.2.tbz\" exited with code 6)")

#=== ERROR while fetching sources for tcpip.6.4.0 =============================#
OpamSolution.Fetch_fail("https://github.com/mirage/mirage-tcpip/releases/download/v6.4.0/tcpip-v6.4.0.tbz (Curl failed: \"/usr/bin/curl --write-out %{http_code}\\\\n --retry 3 --retry-delay 2 --user-agent opam/2.2.0~rc1~dev -L -o /home/opam/.opam/4.14/.opam-switch/sources/tcpip.6.4.0/tcpip-v6.4.0.tbz.part -- https://github.com/mirage/mirage-tcpip/releases/download/v6.4.0/tcpip-v6.4.0.tbz\" exited with code 6)")

#=== ERROR while fetching sources for randomconv.0.1.3 ========================#
OpamSolution.Fetch_fail("https://github.com/hannesm/randomconv/releases/download/v0.1.3/randomconv-v0.1.3.tbz (Curl failed: \"/usr/bin/curl --write-out %{http_code}\\\\n --retry 3 --retry-delay 2 --user-agent opam/2.2.0~rc1~dev -L -o /home/opam/.opam/4.14/.opam-switch/sources/randomconv.0.1.3/randomconv-v0.1.3.tbz.part -- https://github.com/hannesm/randomconv/releases/download/v0.1.3/randomconv-v0.1.3.tbz\" exited with code 6)")

#=== ERROR while fetching sources for paf.0.0.4 and paf-cohttp.0.0.4 ==========#
OpamSolution.Fetch_fail("https://github.com/dinosaure/paf-le-chien/releases/download/0.0.4/paf-0.0.4.tbz (Curl failed: \"/usr/bin/curl --write-out %{http_code}\\\\n --retry 3 --retry-delay 2 --user-agent opam/2.2.0~rc1~dev -L -o /tmp/opam-7-97fff0/paf-0.0.4.tbz.part -- https://github.com/dinosaure/paf-le-chien/releases/download/0.0.4/paf-0.0.4.tbz\" exited with code 6)")

#=== ERROR while fetching sources for mirage-time-unix.3.0.0 ==================#
OpamSolution.Fetch_fail("https://github.com/mirage/mirage-time/releases/download/v3.0.0/mirage-time-v3.0.0.tbz (Curl failed: \"/usr/bin/curl --write-out %{http_code}\\\\n --retry 3 --retry-delay 2 --user-agent opam/2.2.0~rc1~dev -L -o /home/opam/.opam/4.14/.opam-switch/sources/mirage-time-unix.3.0.0/mirage-time-v3.0.0.tbz.part -- https://github.com/mirage/mirage-time/releases/download/v3.0.0/mirage-time-v3.0.0.tbz\" exited with code 6)")

#=== ERROR while fetching sources for mirage-stack.3.0.0 ======================#
OpamSolution.Fetch_fail("https://github.com/mirage/mirage-stack/releases/download/v3.0.0/mirage-stack-v3.0.0.tbz (Curl failed: \"/usr/bin/curl --write-out %{http_code}\\\\n --retry 3 --retry-delay 2 --user-agent opam/2.2.0~rc1~dev -L -o /home/opam/.opam/4.14/.opam-switch/sources/mirage-stack.3.0.0/mirage-stack-v3.0.0.tbz.part -- https://github.com/mirage/mirage-stack/releases/download/v3.0.0/mirage-stack-v3.0.0.tbz\" exited with code 6)")

#=== ERROR while fetching sources for mirage-random.3.0.0 =====================#
OpamSolution.Fetch_fail("https://github.com/mirage/mirage-random/releases/download/v3.0.0/mirage-random-v3.0.0.tbz (Curl failed: \"/usr/bin/curl --write-out %{http_code}\\\\n --retry 3 --retry-delay 2 --user-agent opam/2.2.0~rc1~dev -L -o /home/opam/.opam/4.14/.opam-switch/sources/mirage-random.3.0.0/mirage-random-v3.0.0.tbz.part -- https://github.com/mirage/mirage-random/releases/download/v3.0.0/mirage-random-v3.0.0.tbz\" exited with code 6)")

#=== ERROR while fetching sources for mirage-protocols.7.0.0 ==================#
OpamSolution.Fetch_fail("https://github.com/mirage/mirage-protocols/releases/download/v7.0.0/mirage-protocols-v7.0.0.tbz (Curl failed: \"/usr/bin/curl --write-out %{http_code}\\\\n --retry 3 --retry-delay 2 --user-agent opam/2.2.0~rc1~dev -L -o /home/opam/.opam/4.14/.opam-switch/sources/mirage-protocols.7.0.0/mirage-protocols-v7.0.0.tbz.part -- https://github.com/mirage/mirage-protocols/releases/download/v7.0.0/mirage-protocols-v7.0.0.tbz\" exited with code 6)")

#=== ERROR while fetching sources for mirage-profile.0.9.1 ====================#
OpamSolution.Fetch_fail("https://github.com/mirage/mirage-profile/releases/download/v0.9.1/mirage-profile-v0.9.1.tbz (Curl failed: \"/usr/bin/curl --write-out %{http_code}\\\\n --retry 3 --retry-delay 2 --user-agent opam/2.2.0~rc1~dev -L -o /home/opam/.opam/4.14/.opam-switch/sources/mirage-profile.0.9.1/mirage-profile-v0.9.1.tbz.part -- https://github.com/mirage/mirage-profile/releases/download/v0.9.1/mirage-profile-v0.9.1.tbz\" exited with code 6)")

#=== ERROR while fetching sources for mirage-net.4.0.0 ========================#
OpamSolution.Fetch_fail("https://github.com/mirage/mirage-net/releases/download/v4.0.0/mirage-net-v4.0.0.tbz (Curl failed: \"/usr/bin/curl --write-out %{http_code}\\\\n --retry 3 --retry-delay 2 --user-agent opam/2.2.0~rc1~dev -L -o /home/opam/.opam/4.14/.opam-switch/sources/mirage-net.4.0.0/mirage-net-v4.0.0.tbz.part -- https://github.com/mirage/mirage-net/releases/download/v4.0.0/mirage-net-v4.0.0.tbz\" exited with code 6)")

#=== ERROR while fetching sources for mirage-kv.6.1.1 =========================#
OpamSolution.Fetch_fail("https://github.com/mirage/mirage-kv/releases/download/v6.1.1/mirage-kv-6.1.1.tbz (Curl failed: \"/usr/bin/curl --write-out %{http_code}\\\\n --retry 3 --retry-delay 2 --user-agent opam/2.2.0~rc1~dev -L -o /home/opam/.opam/4.14/.opam-switch/sources/mirage-kv.6.1.1/mirage-kv-6.1.1.tbz.part -- https://github.com/mirage/mirage-kv/releases/download/v6.1.1/mirage-kv-6.1.1.tbz\" exited with code 6)")

#=== ERROR while fetching sources for mirage-flow.3.0.0 =======================#
OpamSolution.Fetch_fail("https://github.com/mirage/mirage-flow/releases/download/v3.0.0/mirage-flow-v3.0.0.tbz (Curl failed: \"/usr/bin/curl --write-out %{http_code}\\\\n --retry 3 --retry-delay 2 --user-agent opam/2.2.0~rc1~dev -L -o /home/opam/.opam/4.14/.opam-switch/sources/mirage-flow.3.0.0/mirage-flow-v3.0.0.tbz.part -- https://github.com/mirage/mirage-flow/releases/download/v3.0.0/mirage-flow-v3.0.0.tbz\" exited with code 6)")

#=== ERROR while fetching sources for mirage-crypto-ec.0.10.7, mirage-crypto-pk.0.10.7 and mirage-crypto-rng.0.10.7 
OpamSolution.Fetch_fail("https://github.com/mirage/mirage-crypto/releases/download/v0.10.7/mirage-crypto-0.10.7.tbz (Curl failed: \"/usr/bin/curl --write-out %{http_code}\\\\n --retry 3 --retry-delay 2 --user-agent opam/2.2.0~rc1~dev -L -o /tmp/opam-7-69be09/mirage-crypto-0.10.7.tbz.part -- https://github.com/mirage/mirage-crypto/releases/download/v0.10.7/mirage-crypto-0.10.7.tbz\" exited with code 6)")

#=== ERROR while fetching sources for mimic.0.0.3 =============================#
OpamSolution.Fetch_fail("https://github.com/dinosaure/mimic/releases/download/0.0.3/mimic-0.0.3.tbz (Curl failed: \"/usr/bin/curl --write-out %{http_code}\\\\n --retry 3 --retry-delay 2 --user-agent opam/2.2.0~rc1~dev -L -o /home/opam/.opam/4.14/.opam-switch/sources/mimic.0.0.3/mimic-0.0.3.tbz.part -- https://github.com/dinosaure/mimic/releases/download/0.0.3/mimic-0.0.3.tbz\" exited with code 6)")

#=== ERROR while fetching sources for metrics.0.4.1 ===========================#
OpamSolution.Fetch_fail("https://github.com/mirage/metrics/releases/download/v0.4.1/metrics-0.4.1.tbz (Curl failed: \"/usr/bin/curl --write-out %{http_code}\\\\n --retry 3 --retry-delay 2 --user-agent opam/2.2.0~rc1~dev -L -o /home/opam/.opam/4.14/.opam-switch/sources/metrics.0.4.1/metrics-0.4.1.tbz.part -- https://github.com/mirage/metrics/releases/download/v0.4.1/metrics-0.4.1.tbz\" exited with code 6)")

#=== ERROR while fetching sources for macaddr-cstruct.5.6.0 ===================#
OpamSolution.Fetch_fail("https://github.com/mirage/ocaml-ipaddr/releases/download/v5.6.0/ipaddr-5.6.0.tbz (Curl failed: \"/usr/bin/curl --write-out %{http_code}\\\\n --retry 3 --retry-delay 2 --user-agent opam/2.2.0~rc1~dev -L -o /home/opam/.opam/4.14/.opam-switch/sources/macaddr-cstruct.5.6.0/ipaddr-5.6.0.tbz.part -- https://github.com/mirage/ocaml-ipaddr/releases/download/v5.6.0/ipaddr-5.6.0.tbz\" exited with code 6)")

#=== ERROR while fetching sources for lwt-dllist.1.0.1 ========================#
OpamSolution.Fetch_fail("https://github.com/mirage/lwt-dllist/releases/download/v1.0.1/lwt-dllist-v1.0.1.tbz (Curl failed: \"/usr/bin/curl --write-out %{http_code}\\\\n --retry 3 --retry-delay 2 --user-agent opam/2.2.0~rc1~dev -L -o /home/opam/.opam/4.14/.opam-switch/sources/lwt-dllist.1.0.1/lwt-dllist-v1.0.1.tbz.part -- https://github.com/mirage/lwt-dllist/releases/download/v1.0.1/lwt-dllist-v1.0.1.tbz\" exited with code 6)")

#=== ERROR while fetching sources for lru.0.3.1 ===============================#
OpamSolution.Fetch_fail("https://github.com/pqwy/lru/releases/download/v0.3.1/lru-0.3.1.tbz (Curl failed: \"/usr/bin/curl --write-out %{http_code}\\\\n --retry 3 --retry-delay 2 --user-agent opam/2.2.0~rc1~dev -L -o /home/opam/.opam/4.14/.opam-switch/sources/lru.0.3.1/lru-0.3.1.tbz.part -- https://github.com/pqwy/lru/releases/download/v0.3.1/lru-0.3.1.tbz\" exited with code 6)")

#=== ERROR while fetching sources for logs.0.7.0 ==============================#
OpamSolution.Fetch_fail("https://erratique.ch/software/logs/releases/logs-0.7.0.tbz (Curl failed: \"/usr/bin/curl --write-out %{http_code}\\\\n --retry 3 --retry-delay 2 --user-agent opam/2.2.0~rc1~dev -L -o /home/opam/.opam/4.14/.opam-switch/sources/logs.0.7.0/logs-0.7.0.tbz.part -- https://erratique.ch/software/logs/releases/logs-0.7.0.tbz\" exited with code 6)")

#=== ERROR while fetching sources for ke.0.6 ==================================#
OpamSolution.Fetch_fail("https://github.com/mirage/ke/releases/download/v0.6/ke-0.6.tbz (Curl failed: \"/usr/bin/curl --write-out %{http_code}\\\\n --retry 3 --retry-delay 2 --user-agent opam/2.2.0~rc1~dev -L -o /home/opam/.opam/4.14/.opam-switch/sources/ke.0.6/ke-0.6.tbz.part -- https://github.com/mirage/ke/releases/download/v0.6/ke-0.6.tbz\" exited with code 6)")

#=== ERROR while fetching sources for jsonm.1.0.2 =============================#
OpamSolution.Fetch_fail("https://erratique.ch/software/jsonm/releases/jsonm-1.0.2.tbz (Curl failed: \"/usr/bin/curl --write-out %{http_code}\\\\n --retry 3 --retry-delay 2 --user-agent opam/2.2.0~rc1~dev -L -o /home/opam/.opam/4.14/.opam-switch/sources/jsonm.1.0.2/jsonm-1.0.2.tbz.part -- https://erratique.ch/software/jsonm/releases/jsonm-1.0.2.tbz\" exited with code 6)")

#=== ERROR while fetching sources for fmt.0.9.0 ===============================#
OpamSolution.Fetch_fail("https://erratique.ch/software/fmt/releases/fmt-0.9.0.tbz (Curl failed: \"/usr/bin/curl --write-out %{http_code}\\\\n --retry 3 --retry-delay 2 --user-agent opam/2.2.0~rc1~dev -L -o /home/opam/.opam/4.14/.opam-switch/sources/fmt.0.9.0/fmt-0.9.0.tbz.part -- https://erratique.ch/software/fmt/releases/fmt-0.9.0.tbz\" exited with code 6)")

#=== ERROR while fetching sources for ethernet.2.2.1 ==========================#
OpamSolution.Fetch_fail("https://github.com/mirage/ethernet/releases/download/v2.2.1/ethernet-2.2.1.tbz (Curl failed: \"/usr/bin/curl --write-out %{http_code}\\\\n --retry 3 --retry-delay 2 --user-agent opam/2.2.0~rc1~dev -L -o /home/opam/.opam/4.14/.opam-switch/sources/ethernet.2.2.1/ethernet-2.2.1.tbz.part -- https://github.com/mirage/ethernet/releases/download/v2.2.1/ethernet-2.2.1.tbz\" exited with code 6)")

#=== ERROR while fetching sources for cstruct-lwt.6.0.1 =======================#
OpamSolution.Fetch_fail("https://github.com/mirage/ocaml-cstruct/releases/download/v6.0.1/cstruct-v6.0.1.tbz (Curl failed: \"/usr/bin/curl --write-out %{http_code}\\\\n --retry 3 --retry-delay 2 --user-agent opam/2.2.0~rc1~dev -L -o /home/opam/.opam/4.14/.opam-switch/sources/cstruct-lwt.6.0.1/cstruct-v6.0.1.tbz.part -- https://github.com/mirage/ocaml-cstruct/releases/download/v6.0.1/cstruct-v6.0.1.tbz\" exited with code 6)")

#=== ERROR while fetching sources for cohttp-lwt.5.3.0 ========================#
OpamSolution.Fetch_fail("https://github.com/mirage/ocaml-cohttp/releases/download/v5.3.0/cohttp-5.3.0.tbz (Curl failed: \"/usr/bin/curl --write-out %{http_code}\\\\n --retry 3 --retry-delay 2 --user-agent opam/2.2.0~rc1~dev -L -o /home/opam/.opam/4.14/.opam-switch/sources/cohttp-lwt.5.3.0/cohttp-5.3.0.tbz.part -- https://github.com/mirage/ocaml-cohttp/releases/download/v5.3.0/cohttp-5.3.0.tbz\" exited with code 6)")

#=== ERROR while fetching sources for cmdliner.1.3.0 ==========================#
OpamSolution.Fetch_fail("https://erratique.ch/software/cmdliner/releases/cmdliner-1.3.0.tbz (Curl failed: \"/usr/bin/curl --write-out %{http_code}\\\\n --retry 3 --retry-delay 2 --user-agent opam/2.2.0~rc1~dev -L -o /home/opam/.opam/4.14/.opam-switch/sources/cmdliner.1.3.0/cmdliner-1.3.0.tbz.part -- https://erratique.ch/software/cmdliner/releases/cmdliner-1.3.0.tbz\" exited with code 6)")

#=== ERROR while fetching sources for astring.0.8.5 ===========================#
OpamSolution.Fetch_fail("https://erratique.ch/software/astring/releases/astring-0.8.5.tbz (Curl failed: \"/usr/bin/curl --write-out %{http_code}\\\\n --retry 3 --retry-delay 2 --user-agent opam/2.2.0~rc1~dev -L -o /home/opam/.opam/4.14/.opam-switch/sources/astring.0.8.5/astring-0.8.5.tbz.part -- https://erratique.ch/software/astring/releases/astring-0.8.5.tbz\" exited with code 6)")

#=== ERROR while fetching sources for alcotest.1.7.0 and alcotest-lwt.1.7.0 ===#
OpamSolution.Fetch_fail("https://github.com/mirage/alcotest/releases/download/1.7.0/alcotest-1.7.0.tbz (Curl failed: \"/usr/bin/curl --write-out %{http_code}\\\\n --retry 3 --retry-delay 2 --user-agent opam/2.2.0~rc1~dev -L -o /tmp/opam-7-6f0a01/alcotest-1.7.0.tbz.part -- https://github.com/mirage/alcotest/releases/download/1.7.0/alcotest-1.7.0.tbz\" exited with code 6)")


<><> Error report <><><><><><><><><><><><><><><><><><><><><><><><><><><><><><><>
+- The following actions failed
| - fetch alcotest.1.7.0, alcotest-lwt.1.7.0                                         
| - fetch astring                                                                    0.8.5
| - fetch cmdliner                                                                   1.3.0
| - fetch cohttp-lwt                                                                 5.3.0
| - fetch cstruct-lwt                                                                6.0.1
| - fetch ethernet                                                                   2.2.1
| - fetch fmt                                                                        0.9.0
| - fetch jsonm                                                                      1.0.2
| - fetch ke                                                                         0.6
| - fetch logs                                                                       0.7.0
| - fetch lru                                                                        0.3.1
| - fetch lwt-dllist                                                                 1.0.1
| - fetch macaddr-cstruct                                                            5.6.0
| - fetch metrics                                                                    0.4.1
| - fetch mimic                                                                      0.0.3
| - fetch mirage-crypto-ec.0.10.7, mirage-crypto-pk.0.10.7, mirage-crypto-rng.0.10.7 
| - fetch mirage-flow                                                                3.0.0
| - fetch mirage-kv                                                                  6.1.1
| - fetch mirage-net                                                                 4.0.0
| - fetch mirage-profile                                                             0.9.1
| - fetch mirage-protocols                                                           7.0.0
| - fetch mirage-random                                                              3.0.0
| - fetch mirage-stack                                                               3.0.0
| - fetch mirage-time-unix                                                           3.0.0
| - fetch paf.0.0.4, paf-cohttp.0.0.4                                                
| - fetch randomconv                                                                 0.1.3
| - fetch tcpip                                                                      6.4.0
| - fetch tls.0.13.2, tls-mirage.0.13.2                                              
| - fetch uutf                                                                       1.0.3
| - fetch x509                                                                       0.14.1
+- 
- No changes have been performed
# Run eval $(opam env) to update the current shell environment
'opam reinstall --with-test --verbose paf-cohttp.0.0.4' failed.
"/usr/bin/env" "bash" "-c" "opam reinstall --with-test --verbose paf-cohttp.0.0.4;
        res=$?;
        test "$res" != 31 && exit "$res";
        export OPAMCLI=2.0;
        build_dir=$(opam var prefix)/.opam-switch/build;
        failed=$(ls "$build_dir");
        partial_fails="";
        for pkg in $failed; do
          if opam show -f x-ci-accept-failures: "$pkg" | grep -qF "\"debian-12\""; then
            echo "A package failed and has been disabled for CI using the 'x-ci-accept-failures' field.";
          fi;
          test "$pkg" != 'paf-cohttp.0.0.4' && partial_fails="$partial_fails $pkg";
        done;
        test "${partial_fails}" != "" && echo "opam-repo-ci detected dependencies failing: ${partial_fails}";
        exit 1" failed with exit status 40
2024-06-20 12:18.05: Job failed: Failed: Build failed
2024-06-20 12:18.05: Log analysis:
2024-06-20 12:18.05: >>> 
[ERROR] Sorry, resolution of the request timed out.
 (score = 20)
2024-06-20 12:18.05: >>> 
[ERROR] Failed to get sources of alcotest.1.7.0, alcotest-lwt.1.7.0 (https://github.com/mirage/alcotest/releases/download/1.7.0/alcotest-1.7.0.tbz): Curl failed
 (score = 25)
2024-06-20 12:18.05: >>> 
[ERROR] Failed to get sources of astring.0.8.5: Curl failed
 (score = 25)
2024-06-20 12:18.05: >>> 
[ERROR] Failed to get sources of cmdliner.1.3.0: Curl failed
 (score = 25)
2024-06-20 12:18.05: >>> 
[ERROR] Failed to get sources of cohttp-lwt.5.3.0: Curl failed
 (score = 25)
2024-06-20 12:18.05: >>> 
[ERROR] Failed to get sources of cstruct-lwt.6.0.1: Curl failed
 (score = 25)
2024-06-20 12:18.05: >>> 
[ERROR] Failed to get sources of ethernet.2.2.1: Curl failed
 (score = 25)
2024-06-20 12:18.05: >>> 
[ERROR] Failed to get sources of fmt.0.9.0: Curl failed
 (score = 25)
2024-06-20 12:18.05: >>> 
[ERROR] Failed to get sources of jsonm.1.0.2: Curl failed
 (score = 25)
2024-06-20 12:18.05: >>> 
[ERROR] Failed to get sources of ke.0.6: Curl failed
 (score = 25)
2024-06-20 12:18.05: >>> 
[ERROR] Failed to get sources of logs.0.7.0: Curl failed
 (score = 25)
2024-06-20 12:18.05: >>> 
[ERROR] Failed to get sources of lru.0.3.1: Curl failed
 (score = 25)
2024-06-20 12:18.05: >>> 
[ERROR] Failed to get sources of lwt-dllist.1.0.1: Curl failed
 (score = 25)
2024-06-20 12:18.05: >>> 
[ERROR] Failed to get sources of macaddr-cstruct.5.6.0: Curl failed
 (score = 25)
2024-06-20 12:18.05: >>> 
[ERROR] Failed to get sources of mimic.0.0.3: Curl failed
 (score = 25)
2024-06-20 12:18.05: >>> 
[ERROR] Failed to get sources of mirage-crypto-ec.0.10.7, mirage-crypto-pk.0.10.7, mirage-crypto-rng.0.10.7 (https://github.com/mirage/mirage-crypto/releases/download/v0.10.7/mirage-crypto-0.10.7.tbz): Curl failed
 (score = 25)
2024-06-20 12:18.05: >>> 
[ERROR] Failed to get sources of mirage-flow.3.0.0: Curl failed
 (score = 25)
2024-06-20 12:18.05: >>> 
[ERROR] Failed to get sources of mirage-kv.6.1.1: Curl failed
 (score = 25)
2024-06-20 12:18.05: >>> 
[ERROR] Failed to get sources of mirage-net.4.0.0: Curl failed
 (score = 25)
2024-06-20 12:18.05: >>> 
[ERROR] Failed to get sources of mirage-profile.0.9.1: Curl failed
 (score = 25)
2024-06-20 12:18.05: >>> 
[ERROR] Failed to get sources of mirage-protocols.7.0.0: Curl failed
 (score = 25)
2024-06-20 12:18.05: >>> 
[ERROR] Failed to get sources of mirage-random.3.0.0: Curl failed
 (score = 25)
2024-06-20 12:18.05: >>> 
[ERROR] Failed to get sources of mirage-stack.3.0.0: Curl failed
 (score = 25)
2024-06-20 12:18.05: >>> 
[ERROR] Failed to get sources of mirage-time-unix.3.0.0: Curl failed
 (score = 25)
2024-06-20 12:18.05: >>> 
[ERROR] Failed to get sources of paf.0.0.4, paf-cohttp.0.0.4 (https://github.com/dinosaure/paf-le-chien/releases/download/0.0.4/paf-0.0.4.tbz): Curl failed
 (score = 25)
2024-06-20 12:18.05: >>> 
[ERROR] Failed to get sources of randomconv.0.1.3: Curl failed
 (score = 25)
2024-06-20 12:18.05: >>> 
[ERROR] Failed to get sources of tcpip.6.4.0: Curl failed
 (score = 25)
2024-06-20 12:18.05: >>> 
[ERROR] Failed to get sources of tls.0.13.2, tls-mirage.0.13.2 (https://github.com/mirleft/ocaml-tls/releases/download/v0.13.2/tls-v0.13.2.tbz): Curl failed
 (score = 25)
2024-06-20 12:18.05: >>> 
[ERROR] Failed to get sources of uutf.1.0.3: Curl failed
 (score = 25)
2024-06-20 12:18.05: >>> 
[ERROR] Failed to get sources of x509.0.14.1: Curl failed
 (score = 25)
2024-06-20 12:18.05: Failed to get sources of alcotest.1.7.0, alcotest-lwt.1.7.0 (https://github.com/mirage/alcotest/releases/download/1.7.0/alcotest-1.7.0.tbz): Curl failed
