2024-06-11 16:54.42: New job: test paf.0.0.9 with dune-configurator.3.16.0~alpha2, using opam dev
                              from https://github.com/ocaml/opam-repository.git#refs/pull/26060/head (b815129e6f40394141ffe3dd7ef4e6cd9ced6363)
                              on debian-12-ocaml-4.14/amd64

To reproduce locally:

cd $(mktemp -d)
git clone --recursive "https://github.com/ocaml/opam-repository.git" && cd "opam-repository" && git fetch origin "refs/pull/26060/head" && git reset --hard b815129e
git fetch origin master
git merge --no-edit 66756d87cd1ed0b8036cadec2bac98a1a76f0dfa
cat > ../Dockerfile <<'END-OF-DOCKERFILE'
[34mFROM ocaml/opam:debian-12-ocaml-4.14@sha256:68ecefb12259af7ac8f85f40002bb77c47ee641474979fd6a320ed7bf1222c7c
USER 1000:1000
WORKDIR /home/opam
RUN sudo ln -f /usr/bin/opam-dev /usr/bin/opam
RUN opam init --reinit -ni
RUN uname -rs && opam exec -- ocaml -version && opam --version
ENV OPAMDOWNLOADJOBS="1"
ENV OPAMERRLOGLEN="0"
ENV OPAMSOLVERTIMEOUT="500"
ENV OPAMPRECISETRACKING="1"
ENV CI="true"
ENV OPAM_REPO_CI="true"
RUN rm -rf opam-repository/
COPY --chown=1000:1000 . opam-repository/
RUN opam repository set-url --strict default opam-repository/
RUN opam update --depexts || true
RUN opam pin add -k version -yn dune-configurator.3.16.0~alpha2 3.16.0~alpha2
RUN opam reinstall dune-configurator.3.16.0~alpha2; \
    res=$?; \
    test "$res" != 31 && exit "$res"; \
    export OPAMCLI=2.0; \
    build_dir=$(opam var prefix)/.opam-switch/build; \
    failed=$(ls "$build_dir"); \
    partial_fails=""; \
    for pkg in $failed; do \
    if opam show -f x-ci-accept-failures: "$pkg" | grep -qF "\"debian-12\""; then \
    echo "A package failed and has been disabled for CI using the 'x-ci-accept-failures' field."; \
    fi; \
    test "$pkg" != 'dune-configurator.3.16.0~alpha2' && partial_fails="$partial_fails $pkg"; \
    done; \
    test "${partial_fails}" != "" && echo "opam-repo-ci detected dependencies failing: ${partial_fails}"; \
    exit 1
RUN opam reinstall paf.0.0.9; \
    res=$?; \
    test "$res" != 31 && exit "$res"; \
    export OPAMCLI=2.0; \
    build_dir=$(opam var prefix)/.opam-switch/build; \
    failed=$(ls "$build_dir"); \
    partial_fails=""; \
    for pkg in $failed; do \
    if opam show -f x-ci-accept-failures: "$pkg" | grep -qF "\"debian-12\""; then \
    echo "A package failed and has been disabled for CI using the 'x-ci-accept-failures' field."; \
    fi; \
    test "$pkg" != 'paf.0.0.9' && partial_fails="$partial_fails $pkg"; \
    done; \
    test "${partial_fails}" != "" && echo "opam-repo-ci detected dependencies failing: ${partial_fails}"; \
    exit 1
RUN (opam reinstall --with-test paf.0.0.9) || true
RUN opam reinstall --with-test --verbose paf.0.0.9; \
    res=$?; \
    test "$res" != 31 && exit "$res"; \
    export OPAMCLI=2.0; \
    build_dir=$(opam var prefix)/.opam-switch/build; \
    failed=$(ls "$build_dir"); \
    partial_fails=""; \
    for pkg in $failed; do \
    if opam show -f x-ci-accept-failures: "$pkg" | grep -qF "\"debian-12\""; then \
    echo "A package failed and has been disabled for CI using the 'x-ci-accept-failures' field."; \
    fi; \
    test "$pkg" != 'paf.0.0.9' && partial_fails="$partial_fails $pkg"; \
    done; \
    test "${partial_fails}" != "" && echo "opam-repo-ci detected dependencies failing: ${partial_fails}"; \
    exit 1
[0m
END-OF-DOCKERFILE
docker build -f ../Dockerfile .

2024-06-11 16:54.42: Using cache hint "ocaml/opam:debian-12-ocaml-4.14@sha256:68ecefb12259af7ac8f85f40002bb77c47ee641474979fd6a320ed7bf1222c7c-dune-configurator.3.16.0~alpha2-paf.0.0.9-b815129e6f40394141ffe3dd7ef4e6cd9ced6363"
2024-06-11 16:54.42: Using OBuilder spec:
((from ocaml/opam:debian-12-ocaml-4.14@sha256:68ecefb12259af7ac8f85f40002bb77c47ee641474979fd6a320ed7bf1222c7c)
 (user (uid 1000) (gid 1000))
 (workdir /home/opam)
 (run (shell "sudo ln -f /usr/bin/opam-dev /usr/bin/opam"))
 (run (network host)
      (shell "opam init --reinit --config .opamrc-sandbox -ni"))
 (run (shell "uname -rs && opam exec -- ocaml -version && opam --version"))
 (env OPAMDOWNLOADJOBS 1)
 (env OPAMERRLOGLEN 0)
 (env OPAMSOLVERTIMEOUT 500)
 (env OPAMPRECISETRACKING 1)
 (env CI true)
 (env OPAM_REPO_CI true)
 (run (shell "rm -rf opam-repository/"))
 (copy (src .) (dst opam-repository/))
 (run (shell "opam repository set-url --strict default opam-repository/"))
 (run (network host)
      (shell "opam update --depexts || true"))
 (run (shell "opam pin add -k version -yn dune-configurator.3.16.0~alpha2 3.16.0~alpha2"))
 (run (cache (opam-archives (target /home/opam/.opam/download-cache)))
      (network host)
      (shell  "opam reinstall dune-configurator.3.16.0~alpha2;\
             \n        res=$?;\
             \n        test \"$res\" != 31 && exit \"$res\";\
             \n        export OPAMCLI=2.0;\
             \n        build_dir=$(opam var prefix)/.opam-switch/build;\
             \n        failed=$(ls \"$build_dir\");\
             \n        partial_fails=\"\";\
             \n        for pkg in $failed; do\
             \n          if opam show -f x-ci-accept-failures: \"$pkg\" | grep -qF \"\\\"debian-12\\\"\"; then\
             \n            echo \"A package failed and has been disabled for CI using the 'x-ci-accept-failures' field.\";\
             \n          fi;\
             \n          test \"$pkg\" != 'dune-configurator.3.16.0~alpha2' && partial_fails=\"$partial_fails $pkg\";\
             \n        done;\
             \n        test \"${partial_fails}\" != \"\" && echo \"opam-repo-ci detected dependencies failing: ${partial_fails}\";\
             \n        exit 1"))
 (run (cache (opam-archives (target /home/opam/.opam/download-cache)))
      (network host)
      (shell  "opam reinstall paf.0.0.9;\
             \n        res=$?;\
             \n        test \"$res\" != 31 && exit \"$res\";\
             \n        export OPAMCLI=2.0;\
             \n        build_dir=$(opam var prefix)/.opam-switch/build;\
             \n        failed=$(ls \"$build_dir\");\
             \n        partial_fails=\"\";\
             \n        for pkg in $failed; do\
             \n          if opam show -f x-ci-accept-failures: \"$pkg\" | grep -qF \"\\\"debian-12\\\"\"; then\
             \n            echo \"A package failed and has been disabled for CI using the 'x-ci-accept-failures' field.\";\
             \n          fi;\
             \n          test \"$pkg\" != 'paf.0.0.9' && partial_fails=\"$partial_fails $pkg\";\
             \n        done;\
             \n        test \"${partial_fails}\" != \"\" && echo \"opam-repo-ci detected dependencies failing: ${partial_fails}\";\
             \n        exit 1"))
 (run (network host)
      (shell "(opam reinstall --with-test paf.0.0.9) || true"))
 (run (shell  "opam reinstall --with-test --verbose paf.0.0.9;\
             \n        res=$?;\
             \n        test \"$res\" != 31 && exit \"$res\";\
             \n        export OPAMCLI=2.0;\
             \n        build_dir=$(opam var prefix)/.opam-switch/build;\
             \n        failed=$(ls \"$build_dir\");\
             \n        partial_fails=\"\";\
             \n        for pkg in $failed; do\
             \n          if opam show -f x-ci-accept-failures: \"$pkg\" | grep -qF \"\\\"debian-12\\\"\"; then\
             \n            echo \"A package failed and has been disabled for CI using the 'x-ci-accept-failures' field.\";\
             \n          fi;\
             \n          test \"$pkg\" != 'paf.0.0.9' && partial_fails=\"$partial_fails $pkg\";\
             \n        done;\
             \n        test \"${partial_fails}\" != \"\" && echo \"opam-repo-ci detected dependencies failing: ${partial_fails}\";\
             \n        exit 1"))
)

2024-06-11 16:54.42: Waiting for resource in pool OCluster
2024-06-11 22:37.01: Waiting for workerâ€¦
2024-06-11 22:39.05: Got resource from pool OCluster
Building on x86-bm-c19.sw.ocaml.org
All commits already cached
Updating files:  68% (21588/31496)Updating files:  69% (21733/31496)Updating files:  70% (22048/31496)Updating files:  71% (22363/31496)Updating files:  72% (22678/31496)Updating files:  73% (22993/31496)Updating files:  74% (23308/31496)Updating files:  75% (23622/31496)Updating files:  76% (23937/31496)Updating files:  77% (24252/31496)Updating files:  78% (24567/31496)Updating files:  79% (24882/31496)Updating files:  80% (25197/31496)Updating files:  81% (25512/31496)Updating files:  82% (25827/31496)Updating files:  83% (26142/31496)Updating files:  84% (26457/31496)Updating files:  85% (26772/31496)Updating files:  86% (27087/31496)Updating files:  87% (27402/31496)Updating files:  88% (27717/31496)Updating files:  89% (28032/31496)Updating files:  90% (28347/31496)Updating files:  91% (28662/31496)Updating files:  92% (28977/31496)Updating files:  93% (29292/31496)Updating files:  94% (29607/31496)Updating files:  95% (29922/31496)Updating files:  96% (30237/31496)Updating files:  97% (30552/31496)Updating files:  98% (30867/31496)Updating files:  99% (31182/31496)Updating files: 100% (31496/31496)Updating files: 100% (31496/31496), done.
HEAD is now at 66756d87cd Merge pull request #26043 from anmonteiro/release-melange-4.0.1-52
Updating 66756d87cd..b815129e6f
Fast-forward
 .../chrome-trace/chrome-trace.3.16.0~alpha2/opam   | 40 +++++++++++++++
 .../dune-action-plugin.3.16.0~alpha2/opam          | 53 ++++++++++++++++++++
 .../dune-build-info.3.16.0~alpha2/opam             | 46 +++++++++++++++++
 .../dune-configurator.3.16.0~alpha2/opam           | 50 +++++++++++++++++++
 packages/dune-glob/dune-glob.3.16.0~alpha2/opam    | 43 ++++++++++++++++
 .../dune-private-libs.3.16.0~alpha2/opam           | 51 +++++++++++++++++++
 .../dune-rpc-lwt/dune-rpc-lwt.3.16.0~alpha2/opam   | 42 ++++++++++++++++
 packages/dune-rpc/dune-rpc.3.16.0~alpha2/opam      | 44 +++++++++++++++++
 packages/dune-site/dune-site.3.16.0~alpha2/opam    | 38 +++++++++++++++
 packages/dune/dune.3.16.0~alpha2/opam              | 57 ++++++++++++++++++++++
 packages/dyn/dyn.3.16.0~alpha2/opam                | 41 ++++++++++++++++
 packages/ocamlc-loc/ocamlc-loc.3.16.0~alpha2/opam  | 44 +++++++++++++++++
 packages/ordering/ordering.3.16.0~alpha2/opam      | 39 +++++++++++++++
 packages/stdune/stdune.3.16.0~alpha2/opam          | 45 +++++++++++++++++
 packages/xdg/xdg.3.16.0~alpha2/opam                | 40 +++++++++++++++
 15 files changed, 673 insertions(+)
 create mode 100644 packages/chrome-trace/chrome-trace.3.16.0~alpha2/opam
 create mode 100644 packages/dune-action-plugin/dune-action-plugin.3.16.0~alpha2/opam
 create mode 100644 packages/dune-build-info/dune-build-info.3.16.0~alpha2/opam
 create mode 100644 packages/dune-configurator/dune-configurator.3.16.0~alpha2/opam
 create mode 100644 packages/dune-glob/dune-glob.3.16.0~alpha2/opam
 create mode 100644 packages/dune-private-libs/dune-private-libs.3.16.0~alpha2/opam
 create mode 100644 packages/dune-rpc-lwt/dune-rpc-lwt.3.16.0~alpha2/opam
 create mode 100644 packages/dune-rpc/dune-rpc.3.16.0~alpha2/opam
 create mode 100644 packages/dune-site/dune-site.3.16.0~alpha2/opam
 create mode 100644 packages/dune/dune.3.16.0~alpha2/opam
 create mode 100644 packages/dyn/dyn.3.16.0~alpha2/opam
 create mode 100644 packages/ocamlc-loc/ocamlc-loc.3.16.0~alpha2/opam
 create mode 100644 packages/ordering/ordering.3.16.0~alpha2/opam
 create mode 100644 packages/stdune/stdune.3.16.0~alpha2/opam
 create mode 100644 packages/xdg/xdg.3.16.0~alpha2/opam

[01;34m(from ocaml/opam:debian-12-ocaml-4.14@sha256:68ecefb12259af7ac8f85f40002bb77c47ee641474979fd6a320ed7bf1222c7c)[0m
[01;2m[01;35m2024-06-11 22:39.08 ---> using "be6362479294069b96a78ceb45e5e59b696aa4ead55eec8c4ca81a46ae6af254" from cache[0m

[01;34m/: (user (uid 1000) (gid 1000))[0m

[01;34m/: (workdir /home/opam)[0m

[01;34m/home/opam: (run (shell "sudo ln -f /usr/bin/opam-dev /usr/bin/opam"))[0m
[01;2m[01;35m2024-06-11 22:39.08 ---> using "8ad80d6a0debeaed101481b8cff66e1eafb8b0e653f48d497136a3cd6c73afd4" from cache[0m

[01;34m/home/opam: (run (network host)
                 (shell "opam init --reinit --config .opamrc-sandbox -ni"))[0m
Configuring from /home/opam/.opamrc-sandbox, then /home/opam/.opamrc, and finally from built-in defaults.
Checking for available remotes: rsync and local, git.
  - you won't be able to use mercurial repositories unless you install the hg command on your system.
  - you won't be able to use darcs repositories unless you install the darcs command on your system.

This development version of opam requires an update to the layout of /home/opam/.opam from version 2.0 to version 2.2~beta, which can't be reverted.
You may want to back it up before going further.

Continue? [y/n] y
[NOTE] The 'jobs' option was reset, its value was 39 and its new value will vary according to the current number of cores on your machine. You can restore the fixed value using:
           opam option jobs=39 --global
Format upgrade done.

<><> Updating repositories ><><><><><><><><><><><><><><><><><><><><><><><><><><>
[default] synchronised from file:///home/opam/opam-repository
[01;2m[01;35m2024-06-11 22:39.08 ---> using "56bbd298ac51fe1e7634bdd19c2541599a9d163a08dafe773745bbf4eb18410c" from cache[0m

[01;34m/home/opam: (run (shell "uname -rs && opam exec -- ocaml -version && opam --version"))[0m
Linux 5.15.0-107-generic
The OCaml toplevel, version 4.14.2
2.2.0~beta3~dev
[01;2m[01;35m2024-06-11 22:39.08 ---> using "152abb09d7c0ec6a6b81839d18fba96e3d05ed398f577cd267f0f4b08f6eb24b" from cache[0m

[01;34m/home/opam: (env OPAMDOWNLOADJOBS 1)[0m

[01;34m/home/opam: (env OPAMERRLOGLEN 0)[0m

[01;34m/home/opam: (env OPAMSOLVERTIMEOUT 500)[0m

[01;34m/home/opam: (env OPAMPRECISETRACKING 1)[0m

[01;34m/home/opam: (env CI true)[0m

[01;34m/home/opam: (env OPAM_REPO_CI true)[0m

[01;34m/home/opam: (run (shell "rm -rf opam-repository/"))[0m
[01;2m[01;35m2024-06-11 22:39.08 ---> using "ed21e7d865a19fc202b822ef2e288487fef395f0eb5a1334ec4e29366b626f01" from cache[0m

[01;34m/home/opam: (copy (src .) (dst opam-repository/))[0m
[01;2m[01;35m2024-06-11 22:39.10 ---> using "e18ee710a5c60210a0428ee8032cf34f6f66d5c37c249a638f8a88bb3aca7d7b" from cache[0m

[01;34m/home/opam: (run (shell "opam repository set-url --strict default opam-repository/"))[0m
[default] Initialised
[01;2m[01;35m2024-06-11 22:39.10 ---> using "a48ddf11d992500d86f3b0ac4d8baa9565fa211b913ee4a7498cbfd7bf82a58b" from cache[0m

[01;34m/home/opam: (run (network host)
                 (shell "opam update --depexts || true"))[0m
+ /usr/bin/sudo "apt-get" "update"
- Hit:1 http://deb.debian.org/debian bookworm InRelease
- Get:2 http://deb.debian.org/debian bookworm-updates InRelease [55.4 kB]
- Get:3 http://deb.debian.org/debian-security bookworm-security InRelease [47.9 kB]
- Get:4 http://deb.debian.org/debian-security bookworm-security/main amd64 Packages [160 kB]
- Fetched 263 kB in 0s (1047 kB/s)
- Reading package lists...
[01;2m[01;35m2024-06-11 22:39.10 ---> using "865acde0b7f31de04ccc445be388720545b3dbb661de7c0acd5001c3fee828c6" from cache[0m

[01;34m/home/opam: (run (shell "opam pin add -k version -yn dune-configurator.3.16.0~alpha2 3.16.0~alpha2"))[0m
dune-configurator is now pinned to version 3.16.0~alpha2
[01;2m[01;35m2024-06-11 22:39.10 ---> using "9d924163e27042513510224cdf18fc0a1561e132a0ee89f6b746babbf55e2bdd" from cache[0m

[01;34m/home/opam: (run (cache (opam-archives (target /home/opam/.opam/download-cache)))
                 (network host)
                 (shell  "opam reinstall dune-configurator.3.16.0~alpha2;\
                        \n        res=$?;\
                        \n        test \"$res\" != 31 && exit \"$res\";\
                        \n        export OPAMCLI=2.0;\
                        \n        build_dir=$(opam var prefix)/.opam-switch/build;\
                        \n        failed=$(ls \"$build_dir\");\
                        \n        partial_fails=\"\";\
                        \n        for pkg in $failed; do\
                        \n          if opam show -f x-ci-accept-failures: \"$pkg\" | grep -qF \"\\\"debian-12\\\"\"; then\
                        \n            echo \"A package failed and has been disabled for CI using the 'x-ci-accept-failures' field.\";\
                        \n          fi;\
                        \n          test \"$pkg\" != 'dune-configurator.3.16.0~alpha2' && partial_fails=\"$partial_fails $pkg\";\
                        \n        done;\
                        \n        test \"${partial_fails}\" != \"\" && echo \"opam-repo-ci detected dependencies failing: ${partial_fails}\";\
                        \n        exit 1"))[0m
dune-configurator.3.16.0~alpha2 is not installed. Install it? [y/n] y
The following actions will be performed:
=== recompile 4 packages
  - recompile ocaml               4.14.2                 [upstream or system changes]
  - recompile ocaml-base-compiler 4.14.2 (pinned)        [upstream or system changes]
  - recompile ocaml-config        2                      [uses ocaml-base-compiler]
  - recompile opam-depext         1.2.1-1                [uses ocaml]
=== install 5 packages
  - install   csexp               1.5.2                  [required by dune-configurator]
  - install   dune                3.16.0~alpha2          [required by dune-configurator]
  - install   dune-configurator   3.16.0~alpha2 (pinned)
  - install   host-arch-x86_64    1
  - install   host-system-other   1

<><> Processing actions <><><><><><><><><><><><><><><><><><><><><><><><><><><><>
-> retrieved csexp.1.5.2  (cached)
-> retrieved dune.3.16.0~alpha2, dune-configurator.3.16.0~alpha2  (cached)
-> installed host-arch-x86_64.1
-> installed host-system-other.1
-> retrieved ocaml-base-compiler.4.14.2  (cached)
-> retrieved ocaml-config.2  (cached)
-> retrieved opam-depext.1.2.1-1  (cached)
-> removed   opam-depext.1.2.1-1
-> removed   ocaml.4.14.2
-> removed   ocaml-config.2
-> removed   ocaml-base-compiler.4.14.2
-> installed ocaml-base-compiler.4.14.2
-> installed ocaml-config.2
-> installed ocaml.4.14.2
-> installed opam-depext.1.2.1-1
-> installed dune.3.16.0~alpha2
-> installed csexp.1.5.2
-> installed dune-configurator.3.16.0~alpha2
Done.

<><> opam-depext.1.2.1-1 installed successfully <><><><><><><><><><><><><><><><>
=> opam-depext is unnecessary when used with opam >= 2.1. Please use opam install directly instead
# Run eval $(opam env) to update the current shell environment
[01;2m[01;35m2024-06-11 22:39.10 ---> using "7827d7c76fd8d09ec08b95f6b93c2f0921e2b0f0cabf238f4cc65a127c13e252" from cache[0m

[01;34m/home/opam: (run (cache (opam-archives (target /home/opam/.opam/download-cache)))
                 (network host)
                 (shell  "opam reinstall paf.0.0.9;\
                        \n        res=$?;\
                        \n        test \"$res\" != 31 && exit \"$res\";\
                        \n        export OPAMCLI=2.0;\
                        \n        build_dir=$(opam var prefix)/.opam-switch/build;\
                        \n        failed=$(ls \"$build_dir\");\
                        \n        partial_fails=\"\";\
                        \n        for pkg in $failed; do\
                        \n          if opam show -f x-ci-accept-failures: \"$pkg\" | grep -qF \"\\\"debian-12\\\"\"; then\
                        \n            echo \"A package failed and has been disabled for CI using the 'x-ci-accept-failures' field.\";\
                        \n          fi;\
                        \n          test \"$pkg\" != 'paf.0.0.9' && partial_fails=\"$partial_fails $pkg\";\
                        \n        done;\
                        \n        test \"${partial_fails}\" != \"\" && echo \"opam-repo-ci detected dependencies failing: ${partial_fails}\";\
                        \n        exit 1"))[0m
paf.0.0.9 is not installed. Install it? [y/n] y
The following actions will be performed:
=== install 63 packages
  - install angstrom           0.16.0  [required by h2]
  - install arp                3.1.1   [required by tcpip]
  - install asn1-combinators   0.2.6   [required by x509]
  - install base-bytes         base    [required by ocplib-endian]
  - install base64             3.5.1   [required by h2]
  - install bigstringaf        0.9.1   [required by paf]
  - install cmdliner           1.3.0   [required by tcpip]
  - install conf-gmp           4       [required by conf-gmp-powm-sec, zarith]
  - install conf-gmp-powm-sec  3       [required by mirage-crypto-pk]
  - install cppo               1.6.9   [required by lwt]
  - install cstruct            6.2.0   [required by paf]
  - install cstruct-lwt        6.2.0   [required by tcpip]
  - install domain-name        0.4.0   [required by tls]
  - install duration           0.2.1   [required by tcpip]
  - install eqaf               0.9     [required by mirage-crypto-ec, mirage-crypto-pk]
  - install ethernet           3.2.0   [required by tcpip]
  - install faraday            0.8.2   [required by paf]
  - install fmt                0.9.0   [required by tls, ke, cstruct, etc.]
  - install gmap               0.3.0   [required by x509]
  - install h2                 0.8.0   [required by paf]
  - install hkdf               1.0.4   [required by tls]
  - install hpack              0.11.0  [required by h2]
  - install httpaf             0.7.1   [required by paf]
  - install ipaddr             5.6.0   [required by tcpip, tls]
  - install ipaddr-cstruct     5.6.0   [required by tcpip]
  - install ke                 0.6     [required by paf]
  - install logs               0.7.0   [required by tcpip, mimic, tls]
  - install lru                0.3.1   [required by tcpip]
  - install lwt                5.7.0   [required by tcpip, mimic, mirage-time, tls-mirage]
  - install lwt-dllist         1.0.1   [required by tcpip]
  - install macaddr            5.6.0   [required by tcpip]
  - install macaddr-cstruct    5.6.0   [required by tcpip]
  - install metrics            0.4.1   [required by tcpip]
  - install mimic              0.0.8   [required by paf]
  - install mirage-clock       4.2.0   [required by tcpip, tls-mirage]
  - install mirage-crypto      0.11.3  [required by tls, tls-mirage]
  - install mirage-crypto-ec   0.11.3  [required by tls]
  - install mirage-crypto-pk   0.11.3  [required by tls, tls-mirage]
  - install mirage-crypto-rng  0.11.3  [required by tls]
  - install mirage-flow        4.0.2   [required by tcpip, mimic, tls-mirage]
  - install mirage-kv          6.1.1   [required by tls-mirage]
  - install mirage-net         4.0.0   [required by tcpip]
  - install mirage-random      3.0.0   [required by tcpip]
  - install mirage-time        3.0.0   [required by paf]
  - install ocaml-syntax-shims 1.0.0   [required by angstrom]
  - install ocamlbuild         0.14.3  [required by fmt, logs]
  - install ocamlfind          1.9.6   [required by fmt, logs]
  - install ocplib-endian      1.2     [required by lwt]
  - install optint             0.3.0   [required by mirage-kv]
  - install paf                0.0.9
  - install pbkdf              1.2.0   [required by x509]
  - install psq                0.2.1   [required by h2]
  - install ptime              1.1.0   [required by tls-mirage]
  - install randomconv         0.1.3   [required by tcpip]
  - install result             1.5     [required by httpaf]
  - install seq                base    [required by psq]
  - install sexplib0           v0.17.0 [required by mirage-crypto-pk]
  - install tcpip              8.1.0   [required by paf]
  - install tls                0.17.5  [required by paf]
  - install tls-mirage         0.17.5  [required by paf]
  - install topkg              1.0.7   [required by fmt, logs]
  - install x509               0.16.5  [required by tls, tls-mirage]
  - install zarith             1.13    [required by mirage-crypto-pk]

The following system packages will first need to be installed:
    libgmp-dev

<><> Handling external dependencies <><><><><><><><><><><><><><><><><><><><><><>

opam believes some required external dependencies are missing. opam can:
> 1. Run apt-get to install them (may need root/sudo access)
  2. Display the recommended apt-get command and wait while you run it manually (e.g. in another terminal)
  3. Continue anyway, and, upon success, permanently register that this external dependency is present, but not detectable
  4. Abort the installation

[1/2/3/4] 1

+ /usr/bin/sudo "apt-get" "install" "-qq" "-yy" "libgmp-dev"
- debconf: delaying package configuration, since apt-utils is not installed
- Selecting previously unselected package libgmpxx4ldbl:amd64.
- (Reading database ... (Reading database ... 5%(Reading database ... 10%(Reading database ... 15%(Reading database ... 20%(Reading database ... 25%(Reading database ... 30%(Reading database ... 35%(Reading database ... 40%(Reading database ... 45%(Reading database ... 50%(Reading database ... 55%(Reading database ... 60%(Reading database ... 65%(Reading database ... 70%(Reading database ... 75%(Reading database ... 80%(Reading database ... 85%(Reading database ... 90%(Reading database ... 95%(Reading database ... 100%(Reading database ... 18735 files and directories currently installed.)
- Preparing to unpack .../libgmpxx4ldbl_2%3a6.2.1+dfsg1-1.1_amd64.deb ...
- Unpacking libgmpxx4ldbl:amd64 (2:6.2.1+dfsg1-1.1) ...
- Selecting previously unselected package libgmp-dev:amd64.
- Preparing to unpack .../libgmp-dev_2%3a6.2.1+dfsg1-1.1_amd64.deb ...
- Unpacking libgmp-dev:amd64 (2:6.2.1+dfsg1-1.1) ...
- Setting up libgmpxx4ldbl:amd64 (2:6.2.1+dfsg1-1.1) ...
- Setting up libgmp-dev:amd64 (2:6.2.1+dfsg1-1.1) ...
- Processing triggers for libc-bin (2.36-9+deb12u7) ...

<><> Processing actions <><><><><><><><><><><><><><><><><><><><><><><><><><><><>
-> retrieved angstrom.0.16.0  (cached)
-> retrieved arp.3.1.1  (cached)
-> retrieved asn1-combinators.0.2.6  (cached)
-> retrieved base64.3.5.1  (cached)
-> retrieved bigstringaf.0.9.1  (cached)
-> retrieved cmdliner.1.3.0  (cached)
-> retrieved conf-gmp.4  (cached)
-> retrieved conf-gmp-powm-sec.3  (cached)
-> retrieved cppo.1.6.9  (cached)
-> installed conf-gmp.4
-> retrieved cstruct.6.2.0, cstruct-lwt.6.2.0  (cached)
-> retrieved domain-name.0.4.0  (cached)
-> retrieved duration.0.2.1  (cached)
-> retrieved eqaf.0.9  (cached)
-> retrieved ethernet.3.2.0  (cached)
-> installed conf-gmp-powm-sec.3
-> retrieved faraday.0.8.2  (cached)
-> retrieved fmt.0.9.0  (cached)
-> retrieved gmap.0.3.0  (cached)
-> retrieved h2.0.8.0  (cached)
-> installed duration.0.2.1
-> retrieved hkdf.1.0.4  (cached)
-> installed domain-name.0.4.0
-> retrieved hpack.0.11.0  (cached)
-> installed base64.3.5.1
-> retrieved httpaf.0.7.1  (cached)
-> retrieved ipaddr.5.6.0, ipaddr-cstruct.5.6.0, macaddr.5.6.0, macaddr-cstruct.5.6.0  (cached)
-> installed gmap.0.3.0
-> retrieved ke.0.6  (cached)
-> retrieved logs.0.7.0  (cached)
-> retrieved lru.0.3.1  (cached)
-> retrieved lwt.5.7.0  (cached)
-> installed bigstringaf.0.9.1
-> retrieved lwt-dllist.1.0.1  (cached)
-> retrieved metrics.0.4.1  (cached)
-> retrieved mimic.0.0.8  (cached)
-> retrieved mirage-clock.4.2.0  (cached)
-> installed macaddr.5.6.0
-> installed lwt-dllist.1.0.1
-> installed faraday.0.8.2
-> installed mirage-clock.4.2.0
-> installed cppo.1.6.9
-> installed ipaddr.5.6.0
-> retrieved mirage-crypto.0.11.3, mirage-crypto-ec.0.11.3, mirage-crypto-pk.0.11.3, mirage-crypto-rng.0.11.3  (cached)
-> retrieved mirage-flow.4.0.2  (cached)
-> retrieved mirage-kv.6.1.1  (cached)
-> retrieved mirage-net.4.0.0  (cached)
-> retrieved mirage-random.3.0.0  (cached)
-> retrieved mirage-time.3.0.0  (cached)
-> retrieved ocaml-syntax-shims.1.0.0  (cached)
-> retrieved ocamlbuild.0.14.3  (cached)
-> retrieved ocamlfind.1.9.6  (cached)
-> retrieved ocplib-endian.1.2  (cached)
-> retrieved optint.0.3.0  (cached)
-> retrieved paf.0.0.9  (cached)
-> retrieved pbkdf.1.2.0  (cached)
-> retrieved psq.0.2.1  (cached)
-> retrieved ptime.1.1.0  (cached)
-> retrieved randomconv.0.1.3  (cached)
-> retrieved result.1.5  (cached)
-> retrieved seq.base  (cached)
-> installed seq.base
-> retrieved sexplib0.v0.17.0  (cached)
-> retrieved tcpip.8.1.0  (cached)
-> retrieved tls.0.17.5, tls-mirage.0.17.5  (cached)
-> installed optint.0.3.0
-> retrieved topkg.1.0.7  (cached)
-> installed result.1.5
-> retrieved x509.0.16.5  (cached)
-> retrieved zarith.1.13  (cached)
-> installed psq.0.2.1
-> installed lru.0.3.1
-> installed sexplib0.v0.17.0
-> installed ocaml-syntax-shims.1.0.0
-> installed cmdliner.1.3.0
-> installed angstrom.0.16.0
-> installed ocamlfind.1.9.6
-> installed base-bytes.base
-> installed httpaf.0.7.1
-> installed ocplib-endian.1.2
-> installed hpack.0.11.0
-> installed ocamlbuild.0.14.3
-> installed h2.0.8.0
-> installed zarith.1.13
-> installed lwt.5.7.0
-> installed mirage-time.3.0.0
-> installed topkg.1.0.7
-> installed fmt.0.9.0
-> installed ptime.1.1.0
-> installed metrics.0.4.1
-> installed mirage-kv.6.1.1
-> installed ke.0.6
-> installed cstruct.6.2.0
-> installed mirage-random.3.0.0
-> installed ipaddr-cstruct.5.6.0
-> installed mirage-flow.4.0.2
-> installed macaddr-cstruct.5.6.0
-> installed randomconv.0.1.3
-> installed mirage-net.4.0.0
-> installed cstruct-lwt.6.2.0
-> installed eqaf.0.9
-> installed asn1-combinators.0.2.6
-> installed logs.0.7.0
-> installed ethernet.3.2.0
-> installed mimic.0.0.8
-> installed arp.3.1.1
-> installed tcpip.8.1.0
-> installed mirage-crypto.0.11.3
-> installed hkdf.1.0.4
-> installed pbkdf.1.2.0
-> installed mirage-crypto-rng.0.11.3
-> installed mirage-crypto-pk.0.11.3
-> installed mirage-crypto-ec.0.11.3
-> installed x509.0.16.5
-> installed tls.0.17.5
-> installed tls-mirage.0.17.5
-> installed paf.0.0.9
Done.
# Run eval $(opam env) to update the current shell environment
[01;2m[01;35m2024-06-11 22:40.11 ---> saved as "ffebebcdc79dd9af7a789c3369a09206522f21e40acb425fd147615e82a4932b"[0m

[01;34m/home/opam: (run (network host)
                 (shell "(opam reinstall --with-test paf.0.0.9) || true"))[0m
[ERROR] Sorry, resolution of the request timed out.
        Try to specify a more precise request, use a different solver, or increase the allowed time by setting OPAMSOLVERTIMEOUT to a bigger value (currently, it is set to 500.0 seconds).
[01;2m[01;35m2024-06-11 22:48.53 ---> saved as "e236a490539b39035c09a84ae4ea4f53376b1a62aa970df669712b770371f3d5"[0m

[01;34m/home/opam: (run (shell  "opam reinstall --with-test --verbose paf.0.0.9;\
                        \n        res=$?;\
                        \n        test \"$res\" != 31 && exit \"$res\";\
                        \n        export OPAMCLI=2.0;\
                        \n        build_dir=$(opam var prefix)/.opam-switch/build;\
                        \n        failed=$(ls \"$build_dir\");\
                        \n        partial_fails=\"\";\
                        \n        for pkg in $failed; do\
                        \n          if opam show -f x-ci-accept-failures: \"$pkg\" | grep -qF \"\\\"debian-12\\\"\"; then\
                        \n            echo \"A package failed and has been disabled for CI using the 'x-ci-accept-failures' field.\";\
                        \n          fi;\
                        \n          test \"$pkg\" != 'paf.0.0.9' && partial_fails=\"$partial_fails $pkg\";\
                        \n        done;\
                        \n        test \"${partial_fails}\" != \"\" && echo \"opam-repo-ci detected dependencies failing: ${partial_fails}\";\
                        \n        exit 1"))[0m
[ERROR] Sorry, resolution of the request timed out.
        Try to specify a more precise request, use a different solver, or increase the allowed time by setting OPAMSOLVERTIMEOUT to a bigger value (currently, it is set to 500.0 seconds).
'opam reinstall --with-test --verbose paf.0.0.9' failed.
"/usr/bin/env" "bash" "-c" "opam reinstall --with-test --verbose paf.0.0.9;
        res=$?;
        test "$res" != 31 && exit "$res";
        export OPAMCLI=2.0;
        build_dir=$(opam var prefix)/.opam-switch/build;
        failed=$(ls "$build_dir");
        partial_fails="";
        for pkg in $failed; do
          if opam show -f x-ci-accept-failures: "$pkg" | grep -qF "\"debian-12\""; then
            echo "A package failed and has been disabled for CI using the 'x-ci-accept-failures' field.";
          fi;
          test "$pkg" != 'paf.0.0.9' && partial_fails="$partial_fails $pkg";
        done;
        test "${partial_fails}" != "" && echo "opam-repo-ci detected dependencies failing: ${partial_fails}";
        exit 1" failed with exit status 60
2024-06-11 22:57.37: Job failed: Failed: Build failed
2024-06-11 22:57.37: Log analysis:
2024-06-11 22:57.37: >>> 
[ERROR] Sorry, resolution of the request timed out.
 (score = 20)
2024-06-11 22:57.37: >>> 
[ERROR] Sorry, resolution of the request timed out.
 (score = 20)
2024-06-11 22:57.37: Sorry, resolution of the request timed out.
