2024-06-11 16:56.54: New job: test current.0.6.6 with dune.3.16.0~alpha2, using opam dev
                              from https://github.com/ocaml/opam-repository.git#refs/pull/26060/head (b815129e6f40394141ffe3dd7ef4e6cd9ced6363)
                              on debian-12-ocaml-4.14/amd64

To reproduce locally:

cd $(mktemp -d)
git clone --recursive "https://github.com/ocaml/opam-repository.git" && cd "opam-repository" && git fetch origin "refs/pull/26060/head" && git reset --hard b815129e
git fetch origin master
git merge --no-edit 66756d87cd1ed0b8036cadec2bac98a1a76f0dfa
cat > ../Dockerfile <<'END-OF-DOCKERFILE'
[34mFROM ocaml/opam:debian-12-ocaml-4.14@sha256:68ecefb12259af7ac8f85f40002bb77c47ee641474979fd6a320ed7bf1222c7c
USER 1000:1000
WORKDIR /home/opam
RUN sudo ln -f /usr/bin/opam-dev /usr/bin/opam
RUN opam init --reinit -ni
RUN uname -rs && opam exec -- ocaml -version && opam --version
ENV OPAMDOWNLOADJOBS="1"
ENV OPAMERRLOGLEN="0"
ENV OPAMSOLVERTIMEOUT="500"
ENV OPAMPRECISETRACKING="1"
ENV CI="true"
ENV OPAM_REPO_CI="true"
RUN rm -rf opam-repository/
COPY --chown=1000:1000 . opam-repository/
RUN opam repository set-url --strict default opam-repository/
RUN opam update --depexts || true
RUN opam pin add -k version -yn dune.3.16.0~alpha2 3.16.0~alpha2
RUN opam reinstall dune.3.16.0~alpha2; \
    res=$?; \
    test "$res" != 31 && exit "$res"; \
    export OPAMCLI=2.0; \
    build_dir=$(opam var prefix)/.opam-switch/build; \
    failed=$(ls "$build_dir"); \
    partial_fails=""; \
    for pkg in $failed; do \
    if opam show -f x-ci-accept-failures: "$pkg" | grep -qF "\"debian-12\""; then \
    echo "A package failed and has been disabled for CI using the 'x-ci-accept-failures' field."; \
    fi; \
    test "$pkg" != 'dune.3.16.0~alpha2' && partial_fails="$partial_fails $pkg"; \
    done; \
    test "${partial_fails}" != "" && echo "opam-repo-ci detected dependencies failing: ${partial_fails}"; \
    exit 1
RUN opam reinstall current.0.6.6; \
    res=$?; \
    test "$res" != 31 && exit "$res"; \
    export OPAMCLI=2.0; \
    build_dir=$(opam var prefix)/.opam-switch/build; \
    failed=$(ls "$build_dir"); \
    partial_fails=""; \
    for pkg in $failed; do \
    if opam show -f x-ci-accept-failures: "$pkg" | grep -qF "\"debian-12\""; then \
    echo "A package failed and has been disabled for CI using the 'x-ci-accept-failures' field."; \
    fi; \
    test "$pkg" != 'current.0.6.6' && partial_fails="$partial_fails $pkg"; \
    done; \
    test "${partial_fails}" != "" && echo "opam-repo-ci detected dependencies failing: ${partial_fails}"; \
    exit 1
RUN (opam reinstall --with-test current.0.6.6) || true
RUN opam reinstall --with-test --verbose current.0.6.6; \
    res=$?; \
    test "$res" != 31 && exit "$res"; \
    export OPAMCLI=2.0; \
    build_dir=$(opam var prefix)/.opam-switch/build; \
    failed=$(ls "$build_dir"); \
    partial_fails=""; \
    for pkg in $failed; do \
    if opam show -f x-ci-accept-failures: "$pkg" | grep -qF "\"debian-12\""; then \
    echo "A package failed and has been disabled for CI using the 'x-ci-accept-failures' field."; \
    fi; \
    test "$pkg" != 'current.0.6.6' && partial_fails="$partial_fails $pkg"; \
    done; \
    test "${partial_fails}" != "" && echo "opam-repo-ci detected dependencies failing: ${partial_fails}"; \
    exit 1
[0m
END-OF-DOCKERFILE
docker build -f ../Dockerfile .

2024-06-11 16:56.54: Using cache hint "ocaml/opam:debian-12-ocaml-4.14@sha256:68ecefb12259af7ac8f85f40002bb77c47ee641474979fd6a320ed7bf1222c7c-dune.3.16.0~alpha2-current.0.6.6-b815129e6f40394141ffe3dd7ef4e6cd9ced6363"
2024-06-11 16:56.54: Using OBuilder spec:
((from ocaml/opam:debian-12-ocaml-4.14@sha256:68ecefb12259af7ac8f85f40002bb77c47ee641474979fd6a320ed7bf1222c7c)
 (user (uid 1000) (gid 1000))
 (workdir /home/opam)
 (run (shell "sudo ln -f /usr/bin/opam-dev /usr/bin/opam"))
 (run (network host)
      (shell "opam init --reinit --config .opamrc-sandbox -ni"))
 (run (shell "uname -rs && opam exec -- ocaml -version && opam --version"))
 (env OPAMDOWNLOADJOBS 1)
 (env OPAMERRLOGLEN 0)
 (env OPAMSOLVERTIMEOUT 500)
 (env OPAMPRECISETRACKING 1)
 (env CI true)
 (env OPAM_REPO_CI true)
 (run (shell "rm -rf opam-repository/"))
 (copy (src .) (dst opam-repository/))
 (run (shell "opam repository set-url --strict default opam-repository/"))
 (run (network host)
      (shell "opam update --depexts || true"))
 (run (shell "opam pin add -k version -yn dune.3.16.0~alpha2 3.16.0~alpha2"))
 (run (cache (opam-archives (target /home/opam/.opam/download-cache)))
      (network host)
      (shell  "opam reinstall dune.3.16.0~alpha2;\
             \n        res=$?;\
             \n        test \"$res\" != 31 && exit \"$res\";\
             \n        export OPAMCLI=2.0;\
             \n        build_dir=$(opam var prefix)/.opam-switch/build;\
             \n        failed=$(ls \"$build_dir\");\
             \n        partial_fails=\"\";\
             \n        for pkg in $failed; do\
             \n          if opam show -f x-ci-accept-failures: \"$pkg\" | grep -qF \"\\\"debian-12\\\"\"; then\
             \n            echo \"A package failed and has been disabled for CI using the 'x-ci-accept-failures' field.\";\
             \n          fi;\
             \n          test \"$pkg\" != 'dune.3.16.0~alpha2' && partial_fails=\"$partial_fails $pkg\";\
             \n        done;\
             \n        test \"${partial_fails}\" != \"\" && echo \"opam-repo-ci detected dependencies failing: ${partial_fails}\";\
             \n        exit 1"))
 (run (cache (opam-archives (target /home/opam/.opam/download-cache)))
      (network host)
      (shell  "opam reinstall current.0.6.6;\
             \n        res=$?;\
             \n        test \"$res\" != 31 && exit \"$res\";\
             \n        export OPAMCLI=2.0;\
             \n        build_dir=$(opam var prefix)/.opam-switch/build;\
             \n        failed=$(ls \"$build_dir\");\
             \n        partial_fails=\"\";\
             \n        for pkg in $failed; do\
             \n          if opam show -f x-ci-accept-failures: \"$pkg\" | grep -qF \"\\\"debian-12\\\"\"; then\
             \n            echo \"A package failed and has been disabled for CI using the 'x-ci-accept-failures' field.\";\
             \n          fi;\
             \n          test \"$pkg\" != 'current.0.6.6' && partial_fails=\"$partial_fails $pkg\";\
             \n        done;\
             \n        test \"${partial_fails}\" != \"\" && echo \"opam-repo-ci detected dependencies failing: ${partial_fails}\";\
             \n        exit 1"))
 (run (network host)
      (shell "(opam reinstall --with-test current.0.6.6) || true"))
 (run (shell  "opam reinstall --with-test --verbose current.0.6.6;\
             \n        res=$?;\
             \n        test \"$res\" != 31 && exit \"$res\";\
             \n        export OPAMCLI=2.0;\
             \n        build_dir=$(opam var prefix)/.opam-switch/build;\
             \n        failed=$(ls \"$build_dir\");\
             \n        partial_fails=\"\";\
             \n        for pkg in $failed; do\
             \n          if opam show -f x-ci-accept-failures: \"$pkg\" | grep -qF \"\\\"debian-12\\\"\"; then\
             \n            echo \"A package failed and has been disabled for CI using the 'x-ci-accept-failures' field.\";\
             \n          fi;\
             \n          test \"$pkg\" != 'current.0.6.6' && partial_fails=\"$partial_fails $pkg\";\
             \n        done;\
             \n        test \"${partial_fails}\" != \"\" && echo \"opam-repo-ci detected dependencies failing: ${partial_fails}\";\
             \n        exit 1"))
)

2024-06-11 16:56.54: Waiting for resource in pool OCluster
2024-06-12 06:03.44: Waiting for workerâ€¦
2024-06-12 06:05.21: Got resource from pool OCluster
Building on x86-bm-c7.sw.ocaml.org
All commits already cached
Updating files:  69% (22001/31496)Updating files:  70% (22048/31496)Updating files:  71% (22363/31496)Updating files:  72% (22678/31496)Updating files:  73% (22993/31496)Updating files:  74% (23308/31496)Updating files:  75% (23622/31496)Updating files:  76% (23937/31496)Updating files:  77% (24252/31496)Updating files:  78% (24567/31496)Updating files:  79% (24882/31496)Updating files:  80% (25197/31496)Updating files:  81% (25512/31496)Updating files:  82% (25827/31496)Updating files:  83% (26142/31496)Updating files:  84% (26457/31496)Updating files:  85% (26772/31496)Updating files:  86% (27087/31496)Updating files:  87% (27402/31496)Updating files:  88% (27717/31496)Updating files:  89% (28032/31496)Updating files:  90% (28347/31496)Updating files:  91% (28662/31496)Updating files:  92% (28977/31496)Updating files:  93% (29292/31496)Updating files:  94% (29607/31496)Updating files:  95% (29922/31496)Updating files:  96% (30237/31496)Updating files:  97% (30552/31496)Updating files:  98% (30867/31496)Updating files:  99% (31182/31496)Updating files: 100% (31496/31496)Updating files: 100% (31496/31496), done.
HEAD is now at 66756d87cd Merge pull request #26043 from anmonteiro/release-melange-4.0.1-52
Updating 66756d87cd..b815129e6f
Fast-forward
 .../chrome-trace/chrome-trace.3.16.0~alpha2/opam   | 40 +++++++++++++++
 .../dune-action-plugin.3.16.0~alpha2/opam          | 53 ++++++++++++++++++++
 .../dune-build-info.3.16.0~alpha2/opam             | 46 +++++++++++++++++
 .../dune-configurator.3.16.0~alpha2/opam           | 50 +++++++++++++++++++
 packages/dune-glob/dune-glob.3.16.0~alpha2/opam    | 43 ++++++++++++++++
 .../dune-private-libs.3.16.0~alpha2/opam           | 51 +++++++++++++++++++
 .../dune-rpc-lwt/dune-rpc-lwt.3.16.0~alpha2/opam   | 42 ++++++++++++++++
 packages/dune-rpc/dune-rpc.3.16.0~alpha2/opam      | 44 +++++++++++++++++
 packages/dune-site/dune-site.3.16.0~alpha2/opam    | 38 +++++++++++++++
 packages/dune/dune.3.16.0~alpha2/opam              | 57 ++++++++++++++++++++++
 packages/dyn/dyn.3.16.0~alpha2/opam                | 41 ++++++++++++++++
 packages/ocamlc-loc/ocamlc-loc.3.16.0~alpha2/opam  | 44 +++++++++++++++++
 packages/ordering/ordering.3.16.0~alpha2/opam      | 39 +++++++++++++++
 packages/stdune/stdune.3.16.0~alpha2/opam          | 45 +++++++++++++++++
 packages/xdg/xdg.3.16.0~alpha2/opam                | 40 +++++++++++++++
 15 files changed, 673 insertions(+)
 create mode 100644 packages/chrome-trace/chrome-trace.3.16.0~alpha2/opam
 create mode 100644 packages/dune-action-plugin/dune-action-plugin.3.16.0~alpha2/opam
 create mode 100644 packages/dune-build-info/dune-build-info.3.16.0~alpha2/opam
 create mode 100644 packages/dune-configurator/dune-configurator.3.16.0~alpha2/opam
 create mode 100644 packages/dune-glob/dune-glob.3.16.0~alpha2/opam
 create mode 100644 packages/dune-private-libs/dune-private-libs.3.16.0~alpha2/opam
 create mode 100644 packages/dune-rpc-lwt/dune-rpc-lwt.3.16.0~alpha2/opam
 create mode 100644 packages/dune-rpc/dune-rpc.3.16.0~alpha2/opam
 create mode 100644 packages/dune-site/dune-site.3.16.0~alpha2/opam
 create mode 100644 packages/dune/dune.3.16.0~alpha2/opam
 create mode 100644 packages/dyn/dyn.3.16.0~alpha2/opam
 create mode 100644 packages/ocamlc-loc/ocamlc-loc.3.16.0~alpha2/opam
 create mode 100644 packages/ordering/ordering.3.16.0~alpha2/opam
 create mode 100644 packages/stdune/stdune.3.16.0~alpha2/opam
 create mode 100644 packages/xdg/xdg.3.16.0~alpha2/opam

[01;34m(from ocaml/opam:debian-12-ocaml-4.14@sha256:68ecefb12259af7ac8f85f40002bb77c47ee641474979fd6a320ed7bf1222c7c)[0m
[01;2m[01;35m2024-06-12 06:05.29 ---> using "be6362479294069b96a78ceb45e5e59b696aa4ead55eec8c4ca81a46ae6af254" from cache[0m

[01;34m/: (user (uid 1000) (gid 1000))[0m

[01;34m/: (workdir /home/opam)[0m

[01;34m/home/opam: (run (shell "sudo ln -f /usr/bin/opam-dev /usr/bin/opam"))[0m
[01;2m[01;35m2024-06-12 06:05.29 ---> using "8ad80d6a0debeaed101481b8cff66e1eafb8b0e653f48d497136a3cd6c73afd4" from cache[0m

[01;34m/home/opam: (run (network host)
                 (shell "opam init --reinit --config .opamrc-sandbox -ni"))[0m
Configuring from /home/opam/.opamrc-sandbox, then /home/opam/.opamrc, and finally from built-in defaults.
Checking for available remotes: rsync and local, git.
  - you won't be able to use mercurial repositories unless you install the hg command on your system.
  - you won't be able to use darcs repositories unless you install the darcs command on your system.

Continue? [y/n] y
This development version of opam requires an update to the layout of /home/opam/.opam from version 2.0 to version 2.2~beta, which can't be reverted.
You may want to back it up before going further.

[NOTE] The 'jobs' option was reset, its value was 39 and its new value will vary according to the current number of cores on your machine. You can restore the fixed value using:
           opam option jobs=39 --global
Format upgrade done.

<><> Updating repositories ><><><><><><><><><><><><><><><><><><><><><><><><><><>
[default] synchronised from file:///home/opam/opam-repository
[01;2m[01;35m2024-06-12 06:05.29 ---> using "56bbd298ac51fe1e7634bdd19c2541599a9d163a08dafe773745bbf4eb18410c" from cache[0m

[01;34m/home/opam: (run (shell "uname -rs && opam exec -- ocaml -version && opam --version"))[0m
Linux 5.15.0-107-generic
The OCaml toplevel, version 4.14.2
2.2.0~beta3~dev
[01;2m[01;35m2024-06-12 06:05.29 ---> using "152abb09d7c0ec6a6b81839d18fba96e3d05ed398f577cd267f0f4b08f6eb24b" from cache[0m

[01;34m/home/opam: (env OPAMDOWNLOADJOBS 1)[0m

[01;34m/home/opam: (env OPAMERRLOGLEN 0)[0m

[01;34m/home/opam: (env OPAMSOLVERTIMEOUT 500)[0m

[01;34m/home/opam: (env OPAMPRECISETRACKING 1)[0m

[01;34m/home/opam: (env CI true)[0m

[01;34m/home/opam: (env OPAM_REPO_CI true)[0m

[01;34m/home/opam: (run (shell "rm -rf opam-repository/"))[0m
[01;2m[01;35m2024-06-12 06:05.29 ---> using "ed21e7d865a19fc202b822ef2e288487fef395f0eb5a1334ec4e29366b626f01" from cache[0m

[01;34m/home/opam: (copy (src .) (dst opam-repository/))[0m
[01;2m[01;35m2024-06-12 06:05.31 ---> using "e18ee710a5c60210a0428ee8032cf34f6f66d5c37c249a638f8a88bb3aca7d7b" from cache[0m

[01;34m/home/opam: (run (shell "opam repository set-url --strict default opam-repository/"))[0m
[default] Initialised
[01;2m[01;35m2024-06-12 06:05.31 ---> using "a48ddf11d992500d86f3b0ac4d8baa9565fa211b913ee4a7498cbfd7bf82a58b" from cache[0m

[01;34m/home/opam: (run (network host)
                 (shell "opam update --depexts || true"))[0m
+ /usr/bin/sudo "apt-get" "update"
- Hit:1 http://deb.debian.org/debian bookworm InRelease
- Get:2 http://deb.debian.org/debian bookworm-updates InRelease [55.4 kB]
- Get:3 http://deb.debian.org/debian-security bookworm-security InRelease [47.9 kB]
- Get:4 http://deb.debian.org/debian-security bookworm-security/main amd64 Packages [160 kB]
- Fetched 263 kB in 0s (1086 kB/s)
- Reading package lists...
[01;2m[01;35m2024-06-12 06:05.31 ---> using "865acde0b7f31de04ccc445be388720545b3dbb661de7c0acd5001c3fee828c6" from cache[0m

[01;34m/home/opam: (run (shell "opam pin add -k version -yn dune.3.16.0~alpha2 3.16.0~alpha2"))[0m
dune is now pinned to version 3.16.0~alpha2
[01;2m[01;35m2024-06-12 06:05.31 ---> using "21a400e9d6ce5cce9f59acf11915266b0838e8f82398a243f44dd1b78c0e50a4" from cache[0m

[01;34m/home/opam: (run (cache (opam-archives (target /home/opam/.opam/download-cache)))
                 (network host)
                 (shell  "opam reinstall dune.3.16.0~alpha2;\
                        \n        res=$?;\
                        \n        test \"$res\" != 31 && exit \"$res\";\
                        \n        export OPAMCLI=2.0;\
                        \n        build_dir=$(opam var prefix)/.opam-switch/build;\
                        \n        failed=$(ls \"$build_dir\");\
                        \n        partial_fails=\"\";\
                        \n        for pkg in $failed; do\
                        \n          if opam show -f x-ci-accept-failures: \"$pkg\" | grep -qF \"\\\"debian-12\\\"\"; then\
                        \n            echo \"A package failed and has been disabled for CI using the 'x-ci-accept-failures' field.\";\
                        \n          fi;\
                        \n          test \"$pkg\" != 'dune.3.16.0~alpha2' && partial_fails=\"$partial_fails $pkg\";\
                        \n        done;\
                        \n        test \"${partial_fails}\" != \"\" && echo \"opam-repo-ci detected dependencies failing: ${partial_fails}\";\
                        \n        exit 1"))[0m
dune.3.16.0~alpha2 is not installed. Install it? [y/n] y
The following actions will be performed:
=== recompile 4 packages
  - recompile ocaml               4.14.2                 [upstream or system changes]
  - recompile ocaml-base-compiler 4.14.2 (pinned)        [upstream or system changes]
  - recompile ocaml-config        2                      [uses ocaml-base-compiler]
  - recompile opam-depext         1.2.1-1                [uses ocaml]
=== install 3 packages
  - install   dune                3.16.0~alpha2 (pinned)
  - install   host-arch-x86_64    1
  - install   host-system-other   1

<><> Processing actions <><><><><><><><><><><><><><><><><><><><><><><><><><><><>
-> retrieved dune.3.16.0~alpha2  (cached)
-> installed host-arch-x86_64.1
-> installed host-system-other.1
-> retrieved ocaml-base-compiler.4.14.2  (cached)
-> retrieved ocaml-config.2  (cached)
-> retrieved opam-depext.1.2.1-1  (cached)
-> removed   opam-depext.1.2.1-1
-> removed   ocaml.4.14.2
-> removed   ocaml-config.2
-> removed   ocaml-base-compiler.4.14.2
-> installed ocaml-base-compiler.4.14.2
-> installed ocaml-config.2
-> installed ocaml.4.14.2
-> installed opam-depext.1.2.1-1
-> installed dune.3.16.0~alpha2
Done.

<><> opam-depext.1.2.1-1 installed successfully <><><><><><><><><><><><><><><><>
=> opam-depext is unnecessary when used with opam >= 2.1. Please use opam install directly instead
# Run eval $(opam env) to update the current shell environment
[01;2m[01;35m2024-06-12 06:05.31 ---> using "2e165fee6d7e9f9ed9b7fd7b375887a2a357cfea4593a3fa32a2e0d7a99f588d" from cache[0m

[01;34m/home/opam: (run (cache (opam-archives (target /home/opam/.opam/download-cache)))
                 (network host)
                 (shell  "opam reinstall current.0.6.6;\
                        \n        res=$?;\
                        \n        test \"$res\" != 31 && exit \"$res\";\
                        \n        export OPAMCLI=2.0;\
                        \n        build_dir=$(opam var prefix)/.opam-switch/build;\
                        \n        failed=$(ls \"$build_dir\");\
                        \n        partial_fails=\"\";\
                        \n        for pkg in $failed; do\
                        \n          if opam show -f x-ci-accept-failures: \"$pkg\" | grep -qF \"\\\"debian-12\\\"\"; then\
                        \n            echo \"A package failed and has been disabled for CI using the 'x-ci-accept-failures' field.\";\
                        \n          fi;\
                        \n          test \"$pkg\" != 'current.0.6.6' && partial_fails=\"$partial_fails $pkg\";\
                        \n        done;\
                        \n        test \"${partial_fails}\" != \"\" && echo \"opam-repo-ci detected dependencies failing: ${partial_fails}\";\
                        \n        exit 1"))[0m
current.0.6.6 is not installed. Install it? [y/n] y
The following actions will be performed:
=== install 35 packages
  - install asetmap             0.8.1         [required by prometheus]
  - install astring             0.8.5         [required by current]
  - install base-bytes          base          [required by ocplib-endian]
  - install bos                 0.2.1         [required by current]
  - install cmdliner            1.3.0         [required by current]
  - install conf-libev          4-12          [required by current]
  - install conf-pkg-config     3             [required by conf-sqlite3]
  - install conf-sqlite3        1             [required by sqlite3]
  - install cppo                1.6.9         [required by ppx_deriving]
  - install csexp               1.5.2         [required by dune-configurator]
  - install current             0.6.6
  - install current_incr        0.6.1         [required by current]
  - install dune-configurator   3.16.0~alpha2 [required by sqlite3]
  - install duration            0.2.1         [required by current]
  - install fmt                 0.9.0         [required by current]
  - install fpath               0.7.3         [required by current]
  - install logs                0.7.0         [required by current]
  - install lwt                 5.7.0         [required by current]
  - install lwt-dllist          1.0.1         [required by current]
  - install ocaml-compiler-libs v0.12.4       [required by ppxlib]
  - install ocamlbuild          0.14.3        [required by astring, bos]
  - install ocamlfind           1.9.6         [required by bos, astring, ppx_deriving]
  - install ocplib-endian       1.2           [required by lwt]
  - install ppx_derivers        1.2.1         [required by ppx_deriving]
  - install ppx_deriving        6.0.2         [required by current]
  - install ppxlib              0.32.1        [required by ppx_deriving]
  - install prometheus          1.2           [required by current]
  - install re                  1.11.0        [required by current]
  - install result              1.5           [required by current]
  - install rresult             0.7.0         [required by bos]
  - install seq                 base          [required by re]
  - install sexplib0            v0.17.0       [required by ppxlib]
  - install sqlite3             5.1.0         [required by current]
  - install stdlib-shims        0.3.0         [required by ppxlib]
  - install topkg               1.0.7         [required by astring, bos]

The following system packages will first need to be installed:
    libev-dev libsqlite3-dev pkg-config

<><> Handling external dependencies <><><><><><><><><><><><><><><><><><><><><><>

opam believes some required external dependencies are missing. opam can:
> 1. Run apt-get to install them (may need root/sudo access)
  2. Display the recommended apt-get command and wait while you run it manually (e.g. in another terminal)
  3. Continue anyway, and, upon success, permanently register that this external dependency is present, but not detectable
  4. Abort the installation

[1/2/3/4] 1

+ /usr/bin/sudo "apt-get" "install" "-qq" "-yy" "libev-dev" "libsqlite3-dev" "pkg-config"
- debconf: delaying package configuration, since apt-utils is not installed
- Selecting previously unselected package libev4:amd64.
- (Reading database ... (Reading database ... 5%(Reading database ... 10%(Reading database ... 15%(Reading database ... 20%(Reading database ... 25%(Reading database ... 30%(Reading database ... 35%(Reading database ... 40%(Reading database ... 45%(Reading database ... 50%(Reading database ... 55%(Reading database ... 60%(Reading database ... 65%(Reading database ... 70%(Reading database ... 75%(Reading database ... 80%(Reading database ... 85%(Reading database ... 90%(Reading database ... 95%(Reading database ... 100%(Reading database ... 18735 files and directories currently installed.)
- Preparing to unpack .../0-libev4_1%3a4.33-1_amd64.deb ...
- Unpacking libev4:amd64 (1:4.33-1) ...
- Selecting previously unselected package libev-dev:amd64.
- Preparing to unpack .../1-libev-dev_1%3a4.33-1_amd64.deb ...
- Unpacking libev-dev:amd64 (1:4.33-1) ...
- Selecting previously unselected package libpkgconf3:amd64.
- Preparing to unpack .../2-libpkgconf3_1.8.1-1_amd64.deb ...
- Unpacking libpkgconf3:amd64 (1.8.1-1) ...
- Selecting previously unselected package libsqlite3-dev:amd64.
- Preparing to unpack .../3-libsqlite3-dev_3.40.1-2_amd64.deb ...
- Unpacking libsqlite3-dev:amd64 (3.40.1-2) ...
- Selecting previously unselected package pkgconf-bin.
- Preparing to unpack .../4-pkgconf-bin_1.8.1-1_amd64.deb ...
- Unpacking pkgconf-bin (1.8.1-1) ...
- Selecting previously unselected package pkgconf:amd64.
- Preparing to unpack .../5-pkgconf_1.8.1-1_amd64.deb ...
- Unpacking pkgconf:amd64 (1.8.1-1) ...
- Selecting previously unselected package pkg-config:amd64.
- Preparing to unpack .../6-pkg-config_1.8.1-1_amd64.deb ...
- Unpacking pkg-config:amd64 (1.8.1-1) ...
- Setting up libev4:amd64 (1:4.33-1) ...
- Setting up libpkgconf3:amd64 (1.8.1-1) ...
- Setting up libsqlite3-dev:amd64 (3.40.1-2) ...
- Setting up pkgconf-bin (1.8.1-1) ...
- Setting up libev-dev:amd64 (1:4.33-1) ...
- Setting up pkgconf:amd64 (1.8.1-1) ...
- Setting up pkg-config:amd64 (1.8.1-1) ...
- Processing triggers for libc-bin (2.36-9+deb12u7) ...

<><> Processing actions <><><><><><><><><><><><><><><><><><><><><><><><><><><><>
-> retrieved asetmap.0.8.1  (cached)
-> retrieved astring.0.8.5  (cached)
-> retrieved bos.0.2.1  (cached)
-> retrieved cmdliner.1.3.0  (cached)
-> retrieved conf-libev.4-12  (cached)
-> retrieved cppo.1.6.9  (cached)
-> installed conf-pkg-config.3
-> retrieved csexp.1.5.2  (cached)
-> installed conf-sqlite3.1
-> retrieved current.0.6.6  (cached)
-> retrieved current_incr.0.6.1  (cached)
-> installed conf-libev.4-12
-> installed csexp.1.5.2
-> installed current_incr.0.6.1
-> retrieved dune-configurator.3.16.0~alpha2  (cached)
-> installed cppo.1.6.9
-> retrieved duration.0.2.1  (cached)
-> retrieved fmt.0.9.0  (cached)
-> retrieved fpath.0.7.3  (cached)
-> retrieved logs.0.7.0  (cached)
-> retrieved lwt.5.7.0  (cached)
-> retrieved lwt-dllist.1.0.1  (cached)
-> retrieved ocaml-compiler-libs.v0.12.4  (cached)
-> retrieved ocamlbuild.0.14.3  (cached)
-> retrieved ocamlfind.1.9.6  (cached)
-> retrieved ocplib-endian.1.2  (cached)
-> retrieved ppx_derivers.1.2.1  (cached)
-> retrieved ppx_deriving.6.0.2  (cached)
-> installed duration.0.2.1
-> installed lwt-dllist.1.0.1
-> retrieved ppxlib.0.32.1  (cached)
-> installed ppx_derivers.1.2.1
-> retrieved prometheus.1.2  (cached)
-> retrieved re.1.11.0  (cached)
-> retrieved result.1.5  (cached)
-> retrieved rresult.0.7.0  (cached)
-> retrieved seq.base  (cached)
-> installed seq.base
-> retrieved sexplib0.v0.17.0  (cached)
-> retrieved sqlite3.5.1.0  (cached)
-> retrieved stdlib-shims.0.3.0  (cached)
-> retrieved topkg.1.0.7  (cached)
-> installed stdlib-shims.0.3.0
-> installed result.1.5
-> installed cmdliner.1.3.0
-> installed dune-configurator.3.16.0~alpha2
-> installed ocaml-compiler-libs.v0.12.4
-> installed re.1.11.0
-> installed sexplib0.v0.17.0
-> installed ocamlfind.1.9.6
-> installed base-bytes.base
-> installed sqlite3.5.1.0
-> installed ocplib-endian.1.2
-> installed ocamlbuild.0.14.3
-> installed lwt.5.7.0
-> installed topkg.1.0.7
-> installed asetmap.0.8.1
-> installed rresult.0.7.0
-> installed fmt.0.9.0
-> installed astring.0.8.5
-> installed prometheus.1.2
-> installed fpath.0.7.3
-> installed logs.0.7.0
-> installed bos.0.2.1
-> installed ppxlib.0.32.1
-> installed ppx_deriving.6.0.2
-> installed current.0.6.6
Done.
# Run eval $(opam env) to update the current shell environment
[01;2m[01;35m2024-06-12 06:06.28 ---> saved as "38ec005581bb4ecb679f1f0a69f2f4bd91c2aab828bcf8f17ccd8d16a7fec2b9"[0m

[01;34m/home/opam: (run (network host)
                 (shell "(opam reinstall --with-test current.0.6.6) || true"))[0m
[ERROR] Sorry, resolution of the request timed out.
        Try to specify a more precise request, use a different solver, or increase the allowed time by setting OPAMSOLVERTIMEOUT to a bigger value (currently, it is set to 500.0 seconds).
[01;2m[01;35m2024-06-12 06:15.06 ---> saved as "36d0f2e496efe9c1f67d5061a631c52ed94997a0765f398e4a40d3f00e2f226f"[0m

[01;34m/home/opam: (run (shell  "opam reinstall --with-test --verbose current.0.6.6;\
                        \n        res=$?;\
                        \n        test \"$res\" != 31 && exit \"$res\";\
                        \n        export OPAMCLI=2.0;\
                        \n        build_dir=$(opam var prefix)/.opam-switch/build;\
                        \n        failed=$(ls \"$build_dir\");\
                        \n        partial_fails=\"\";\
                        \n        for pkg in $failed; do\
                        \n          if opam show -f x-ci-accept-failures: \"$pkg\" | grep -qF \"\\\"debian-12\\\"\"; then\
                        \n            echo \"A package failed and has been disabled for CI using the 'x-ci-accept-failures' field.\";\
                        \n          fi;\
                        \n          test \"$pkg\" != 'current.0.6.6' && partial_fails=\"$partial_fails $pkg\";\
                        \n        done;\
                        \n        test \"${partial_fails}\" != \"\" && echo \"opam-repo-ci detected dependencies failing: ${partial_fails}\";\
                        \n        exit 1"))[0m
The following actions will be performed:
=== downgrade 3 packages
  - downgrade ppx_deriving       6.0.2 to 5.2.1     [required by current]
  - downgrade ppxlib             0.32.1 to 0.25.1   [required by ppx_deriving]
  - downgrade sexplib0           v0.17.0 to v0.14.0 [required by ppxlib, cohttp-lwt]
=== recompile 1 package
  - recompile current            0.6.6
=== install 23 packages
  - install   alcotest           1.7.0              [required by current]
  - install   alcotest-lwt       1.7.0              [required by current]
  - install   base               v0.14.3            [required by ppx_sexp_conv]
  - install   base64             3.5.1              [required by cohttp]
  - install   cohttp             4.0.0              [required by cohttp-lwt]
  - install   cohttp-lwt         4.0.0              [required by prometheus-app]
  - install   cohttp-lwt-unix    4.0.0              [required by prometheus-app]
  - install   conduit            1.3.0              [required by conduit-lwt]
  - install   conduit-lwt        1.3.0              [required by cohttp-lwt-unix]
  - install   conduit-lwt-unix   1.3.0              [required by cohttp-lwt-unix]
  - install   ipaddr             2.9.0              [required by conduit-lwt-unix]
  - install   jsonm              1.0.2              [required by cohttp]
  - install   magic-mime         1.3.1              [required by cohttp-lwt-unix]
  - install   num                1.5                [required by sexplib]
  - install   ocaml-syntax-shims 1.0.0              [required by alcotest]
  - install   parsexp            v0.14.2            [required by sexplib]
  - install   ppx_sexp_conv      v0.14.3            [required by cohttp-lwt, cohttp-lwt-unix]
  - install   prometheus-app     1.2                [required by current]
  - install   sexplib            v0.14.0            [required by conduit-lwt]
  - install   stringext          1.6.0              [required by cohttp]
  - install   uri                3.1.0              [required by cohttp-lwt]
  - install   uri-sexp           3.1.0              [required by cohttp]
  - install   uutf               1.0.3              [required by alcotest]

<><> Processing actions <><><><><><><><><><><><><><><><><><><><><><><><><><><><>
Processing  1/79: [alcotest.1.7.0, alcotest-lwt.1.7.0: http]
[ERROR] Failed to get sources of alcotest.1.7.0, alcotest-lwt.1.7.0 (https://github.com/mirage/alcotest/releases/download/1.7.0/alcotest-1.7.0.tbz): Curl failed
Processing  2/79: [base.v0.14.3: http]
[ERROR] Failed to get sources of base.v0.14.3: Curl failed
Processing  3/79: [base64.3.5.1: http]
[ERROR] Failed to get sources of base64.3.5.1: Curl failed
Processing  4/79: [cohttp.4.0.0, cohttp-lwt.4.0.0, cohttp-lwt-unix.4.0.0: http]
Processing  5/79: [cohttp.4.0.0, cohttp-lwt.4.0.0, cohttp-lwt-unix.4.0.0: http]
Processing  6/79: [cohttp.4.0.0, cohttp-lwt.4.0.0, cohttp-lwt-unix.4.0.0: http]
[ERROR] Failed to get sources of cohttp.4.0.0, cohttp-lwt.4.0.0, cohttp-lwt-unix.4.0.0 (https://github.com/mirage/ocaml-cohttp/releases/download/v4.0.0/cohttp-v4.0.0.tbz): Curl failed
Processing  7/79: [conduit.1.3.0, conduit-lwt.1.3.0, conduit-lwt-unix.1.3.0: http]
[ERROR] Failed to get sources of conduit.1.3.0, conduit-lwt.1.3.0, conduit-lwt-unix.1.3.0 (https://github.com/mirage/ocaml-conduit/releases/download/v1.3.0/conduit-v1.3.0.tbz): Curl failed
Processing  8/79: [current.0.6.6: http]
[ERROR] Failed to get sources of current.0.6.6: Curl failed
Processing  9/79: [ipaddr.2.9.0: http]
[ERROR] Failed to get sources of ipaddr.2.9.0: Curl failed
Processing 10/79: [jsonm.1.0.2: http]
[ERROR] Failed to get sources of jsonm.1.0.2: Curl failed
Processing 11/79: [magic-mime.1.3.1: http]
[ERROR] Failed to get sources of magic-mime.1.3.1: Curl failed
Processing 12/79: [num.1.5: http]
Processing 13/79: [num.1.5: http]
Processing 14/79: [num.1.5: http]
[ERROR] Failed to get sources of num.1.5: Curl failed
Processing 15/79: [ocaml-syntax-shims.1.0.0: http]
Processing 16/79: [ocaml-syntax-shims.1.0.0: http]
Processing 17/79: [ocaml-syntax-shims.1.0.0: http]
[ERROR] Failed to get sources of ocaml-syntax-shims.1.0.0: Curl failed
Processing 18/79: [parsexp.v0.14.2: http]
Processing 19/79: [parsexp.v0.14.2: http]
Processing 20/79: [parsexp.v0.14.2: http]
[ERROR] Failed to get sources of parsexp.v0.14.2: Curl failed
Processing 21/79: [ppx_deriving.5.2.1: http]
[ERROR] Failed to get sources of ppx_deriving.5.2.1: Curl failed
Processing 22/79: [ppx_sexp_conv.v0.14.3: http]
[ERROR] Failed to get sources of ppx_sexp_conv.v0.14.3: Curl failed
Processing 23/79: [ppxlib.0.25.1: http]
[ERROR] Failed to get sources of ppxlib.0.25.1: Curl failed
Processing 24/79: [prometheus-app.1.2: http]
[ERROR] Failed to get sources of prometheus-app.1.2: Curl failed
Processing 25/79: [sexplib.v0.14.0: http]
[ERROR] Failed to get sources of sexplib.v0.14.0: Curl failed
Processing 26/79: [sexplib0.v0.14.0: http]
[ERROR] Failed to get sources of sexplib0.v0.14.0: Curl failed
Processing 27/79: [stringext.1.6.0: http]
Processing 28/79: [stringext.1.6.0: http]
[ERROR] Failed to get sources of stringext.1.6.0: Curl failed
Processing 29/79: [uri.3.1.0, uri-sexp.3.1.0: http]
Processing 30/79: [uri.3.1.0, uri-sexp.3.1.0: http]
Processing 31/79: [uri.3.1.0, uri-sexp.3.1.0: http]
[ERROR] Failed to get sources of uri.3.1.0, uri-sexp.3.1.0 (https://github.com/mirage/ocaml-uri/releases/download/v3.1.0/uri-v3.1.0.tbz): Curl failed
Processing 32/79: [uutf.1.0.3: http]
Processing 33/79: [uutf.1.0.3: http]
Processing 34/79: [uutf.1.0.3: http]
[ERROR] Failed to get sources of uutf.1.0.3: Curl failed

#=== ERROR while fetching sources for uutf.1.0.3 ==============================#
OpamSolution.Fetch_fail("https://erratique.ch/software/uutf/releases/uutf-1.0.3.tbz (Curl failed: \"/usr/bin/curl --write-out %{http_code}\\\\n --retry 3 --retry-delay 2 --user-agent opam/2.2.0~beta3~dev -L -o /home/opam/.opam/4.14/.opam-switch/sources/uutf.1.0.3/uutf-1.0.3.tbz.part -- https://erratique.ch/software/uutf/releases/uutf-1.0.3.tbz\" exited with code 6)")

#=== ERROR while fetching sources for uri.3.1.0 and uri-sexp.3.1.0 ============#
OpamSolution.Fetch_fail("https://github.com/mirage/ocaml-uri/releases/download/v3.1.0/uri-v3.1.0.tbz (Curl failed: \"/usr/bin/curl --write-out %{http_code}\\\\n --retry 3 --retry-delay 2 --user-agent opam/2.2.0~beta3~dev -L -o /tmp/opam-6-d6b10d/uri-v3.1.0.tbz.part -- https://github.com/mirage/ocaml-uri/releases/download/v3.1.0/uri-v3.1.0.tbz\" exited with code 6)")

#=== ERROR while fetching sources for stringext.1.6.0 =========================#
OpamSolution.Fetch_fail("https://github.com/rgrinberg/stringext/releases/download/1.6.0/stringext-1.6.0.tbz (Curl failed: \"/usr/bin/curl --write-out %{http_code}\\\\n --retry 3 --retry-delay 2 --user-agent opam/2.2.0~beta3~dev -L -o /home/opam/.opam/4.14/.opam-switch/sources/stringext.1.6.0/stringext-1.6.0.tbz.part -- https://github.com/rgrinberg/stringext/releases/download/1.6.0/stringext-1.6.0.tbz\" exited with code 6)")

#=== ERROR while fetching sources for sexplib0.v0.14.0 ========================#
OpamSolution.Fetch_fail("https://ocaml.janestreet.com/ocaml-core/v0.14/files/sexplib0-v0.14.0.tar.gz (Curl failed: \"/usr/bin/curl --write-out %{http_code}\\\\n --retry 3 --retry-delay 2 --user-agent opam/2.2.0~beta3~dev -L -o /home/opam/.opam/4.14/.opam-switch/sources/sexplib0.v0.14.0/sexplib0-v0.14.0.tar.gz.part -- https://ocaml.janestreet.com/ocaml-core/v0.14/files/sexplib0-v0.14.0.tar.gz\" exited with code 6)")

#=== ERROR while fetching sources for sexplib.v0.14.0 =========================#
OpamSolution.Fetch_fail("https://ocaml.janestreet.com/ocaml-core/v0.14/files/sexplib-v0.14.0.tar.gz (Curl failed: \"/usr/bin/curl --write-out %{http_code}\\\\n --retry 3 --retry-delay 2 --user-agent opam/2.2.0~beta3~dev -L -o /home/opam/.opam/4.14/.opam-switch/sources/sexplib.v0.14.0/sexplib-v0.14.0.tar.gz.part -- https://ocaml.janestreet.com/ocaml-core/v0.14/files/sexplib-v0.14.0.tar.gz\" exited with code 6)")

#=== ERROR while fetching sources for prometheus-app.1.2 ======================#
OpamSolution.Fetch_fail("https://github.com/mirage/prometheus/releases/download/v1.2/prometheus-1.2.tbz (Curl failed: \"/usr/bin/curl --write-out %{http_code}\\\\n --retry 3 --retry-delay 2 --user-agent opam/2.2.0~beta3~dev -L -o /home/opam/.opam/4.14/.opam-switch/sources/prometheus-app.1.2/prometheus-1.2.tbz.part -- https://github.com/mirage/prometheus/releases/download/v1.2/prometheus-1.2.tbz\" exited with code 6)")

#=== ERROR while fetching sources for ppxlib.0.25.1 ===========================#
OpamSolution.Fetch_fail("https://github.com/ocaml-ppx/ppxlib/releases/download/0.25.1/ppxlib-0.25.1.tbz (Curl failed: \"/usr/bin/curl --write-out %{http_code}\\\\n --retry 3 --retry-delay 2 --user-agent opam/2.2.0~beta3~dev -L -o /home/opam/.opam/4.14/.opam-switch/sources/ppxlib.0.25.1/ppxlib-0.25.1.tbz.part -- https://github.com/ocaml-ppx/ppxlib/releases/download/0.25.1/ppxlib-0.25.1.tbz\" exited with code 6)")

#=== ERROR while fetching sources for ppx_sexp_conv.v0.14.3 ===================#
OpamSolution.Fetch_fail("https://github.com/janestreet/ppx_sexp_conv/archive/v0.14.3.tar.gz (Curl failed: \"/usr/bin/curl --write-out %{http_code}\\\\n --retry 3 --retry-delay 2 --user-agent opam/2.2.0~beta3~dev -L -o /home/opam/.opam/4.14/.opam-switch/sources/ppx_sexp_conv.v0.14.3/v0.14.3.tar.gz.part -- https://github.com/janestreet/ppx_sexp_conv/archive/v0.14.3.tar.gz\" exited with code 6)")

#=== ERROR while fetching sources for ppx_deriving.5.2.1 ======================#
OpamSolution.Fetch_fail("https://github.com/ocaml-ppx/ppx_deriving/releases/download/v5.2.1/ppx_deriving-v5.2.1.tbz (Curl failed: \"/usr/bin/curl --write-out %{http_code}\\\\n --retry 3 --retry-delay 2 --user-agent opam/2.2.0~beta3~dev -L -o /home/opam/.opam/4.14/.opam-switch/sources/ppx_deriving.5.2.1/ppx_deriving-v5.2.1.tbz.part -- https://github.com/ocaml-ppx/ppx_deriving/releases/download/v5.2.1/ppx_deriving-v5.2.1.tbz\" exited with code 6)")

#=== ERROR while fetching sources for parsexp.v0.14.2 =========================#
OpamSolution.Fetch_fail("https://github.com/janestreet/parsexp/archive/refs/tags/v0.14.2.tar.gz (Curl failed: \"/usr/bin/curl --write-out %{http_code}\\\\n --retry 3 --retry-delay 2 --user-agent opam/2.2.0~beta3~dev -L -o /home/opam/.opam/4.14/.opam-switch/sources/parsexp.v0.14.2/v0.14.2.tar.gz.part -- https://github.com/janestreet/parsexp/archive/refs/tags/v0.14.2.tar.gz\" exited with code 6)")

#=== ERROR while fetching sources for ocaml-syntax-shims.1.0.0 ================#
OpamSolution.Fetch_fail("https://github.com/ocaml-ppx/ocaml-syntax-shims/releases/download/1.0.0/ocaml-syntax-shims-1.0.0.tbz (Curl failed: \"/usr/bin/curl --write-out %{http_code}\\\\n --retry 3 --retry-delay 2 --user-agent opam/2.2.0~beta3~dev -L -o /home/opam/.opam/4.14/.opam-switch/sources/ocaml-syntax-shims.1.0.0/ocaml-syntax-shims-1.0.0.tbz.part -- https://github.com/ocaml-ppx/ocaml-syntax-shims/releases/download/1.0.0/ocaml-syntax-shims-1.0.0.tbz\" exited with code 6)")

#=== ERROR while fetching sources for num.1.5 =================================#
OpamSolution.Fetch_fail("https://github.com/ocaml/num/archive/v1.5.tar.gz (Curl failed: \"/usr/bin/curl --write-out %{http_code}\\\\n --retry 3 --retry-delay 2 --user-agent opam/2.2.0~beta3~dev -L -o /home/opam/.opam/4.14/.opam-switch/sources/num.1.5/v1.5.tar.gz.part -- https://github.com/ocaml/num/archive/v1.5.tar.gz\" exited with code 6)")

#=== ERROR while fetching sources for magic-mime.1.3.1 ========================#
OpamSolution.Fetch_fail("https://github.com/mirage/ocaml-magic-mime/releases/download/v1.3.1/magic-mime-1.3.1.tbz (Curl failed: \"/usr/bin/curl --write-out %{http_code}\\\\n --retry 3 --retry-delay 2 --user-agent opam/2.2.0~beta3~dev -L -o /home/opam/.opam/4.14/.opam-switch/sources/magic-mime.1.3.1/magic-mime-1.3.1.tbz.part -- https://github.com/mirage/ocaml-magic-mime/releases/download/v1.3.1/magic-mime-1.3.1.tbz\" exited with code 6)")

#=== ERROR while fetching sources for jsonm.1.0.2 =============================#
OpamSolution.Fetch_fail("https://erratique.ch/software/jsonm/releases/jsonm-1.0.2.tbz (Curl failed: \"/usr/bin/curl --write-out %{http_code}\\\\n --retry 3 --retry-delay 2 --user-agent opam/2.2.0~beta3~dev -L -o /home/opam/.opam/4.14/.opam-switch/sources/jsonm.1.0.2/jsonm-1.0.2.tbz.part -- https://erratique.ch/software/jsonm/releases/jsonm-1.0.2.tbz\" exited with code 6)")

#=== ERROR while fetching sources for ipaddr.2.9.0 ============================#
OpamSolution.Fetch_fail("https://github.com/mirage/ocaml-ipaddr/releases/download/2.9.0/ipaddr-2.9.0.tbz (Curl failed: \"/usr/bin/curl --write-out %{http_code}\\\\n --retry 3 --retry-delay 2 --user-agent opam/2.2.0~beta3~dev -L -o /home/opam/.opam/4.14/.opam-switch/sources/ipaddr.2.9.0/ipaddr-2.9.0.tbz.part -- https://github.com/mirage/ocaml-ipaddr/releases/download/2.9.0/ipaddr-2.9.0.tbz\" exited with code 6)")

#=== ERROR while fetching sources for current.0.6.6 ===========================#
OpamSolution.Fetch_fail("https://github.com/ocurrent/ocurrent/releases/download/v0.6.6/current-0.6.6.tbz (Curl failed: \"/usr/bin/curl --write-out %{http_code}\\\\n --retry 3 --retry-delay 2 --user-agent opam/2.2.0~beta3~dev -L -o /home/opam/.opam/4.14/.opam-switch/sources/current.0.6.6/current-0.6.6.tbz.part -- https://github.com/ocurrent/ocurrent/releases/download/v0.6.6/current-0.6.6.tbz\" exited with code 6)")

#=== ERROR while fetching sources for conduit.1.3.0, conduit-lwt.1.3.0 and conduit-lwt-unix.1.3.0 
OpamSolution.Fetch_fail("https://github.com/mirage/ocaml-conduit/releases/download/v1.3.0/conduit-v1.3.0.tbz (Curl failed: \"/usr/bin/curl --write-out %{http_code}\\\\n --retry 3 --retry-delay 2 --user-agent opam/2.2.0~beta3~dev -L -o /tmp/opam-6-a4f92b/conduit-v1.3.0.tbz.part -- https://github.com/mirage/ocaml-conduit/releases/download/v1.3.0/conduit-v1.3.0.tbz\" exited with code 6)")

#=== ERROR while fetching sources for cohttp.4.0.0, cohttp-lwt.4.0.0 and cohttp-lwt-unix.4.0.0 
OpamSolution.Fetch_fail("https://github.com/mirage/ocaml-cohttp/releases/download/v4.0.0/cohttp-v4.0.0.tbz (Curl failed: \"/usr/bin/curl --write-out %{http_code}\\\\n --retry 3 --retry-delay 2 --user-agent opam/2.2.0~beta3~dev -L -o /tmp/opam-6-98331e/cohttp-v4.0.0.tbz.part -- https://github.com/mirage/ocaml-cohttp/releases/download/v4.0.0/cohttp-v4.0.0.tbz\" exited with code 6)")

#=== ERROR while fetching sources for base64.3.5.1 ============================#
OpamSolution.Fetch_fail("https://github.com/mirage/ocaml-base64/releases/download/v3.5.1/base64-3.5.1.tbz (Curl failed: \"/usr/bin/curl --write-out %{http_code}\\\\n --retry 3 --retry-delay 2 --user-agent opam/2.2.0~beta3~dev -L -o /home/opam/.opam/4.14/.opam-switch/sources/base64.3.5.1/base64-3.5.1.tbz.part -- https://github.com/mirage/ocaml-base64/releases/download/v3.5.1/base64-3.5.1.tbz\" exited with code 6)")

#=== ERROR while fetching sources for base.v0.14.3 ============================#
OpamSolution.Fetch_fail("https://github.com/janestreet/base/archive/v0.14.3.tar.gz (Curl failed: \"/usr/bin/curl --write-out %{http_code}\\\\n --retry 3 --retry-delay 2 --user-agent opam/2.2.0~beta3~dev -L -o /home/opam/.opam/4.14/.opam-switch/sources/base.v0.14.3/v0.14.3.tar.gz.part -- https://github.com/janestreet/base/archive/v0.14.3.tar.gz\" exited with code 6)")

#=== ERROR while fetching sources for alcotest.1.7.0 and alcotest-lwt.1.7.0 ===#
OpamSolution.Fetch_fail("https://github.com/mirage/alcotest/releases/download/1.7.0/alcotest-1.7.0.tbz (Curl failed: \"/usr/bin/curl --write-out %{http_code}\\\\n --retry 3 --retry-delay 2 --user-agent opam/2.2.0~beta3~dev -L -o /tmp/opam-6-a7708b/alcotest-1.7.0.tbz.part -- https://github.com/mirage/alcotest/releases/download/1.7.0/alcotest-1.7.0.tbz\" exited with code 6)")


<><> Error report <><><><><><><><><><><><><><><><><><><><><><><><><><><><><><><>
+- The following actions were aborted
| - remove ppx_deriving 6.0.2
| - remove ppxlib       0.32.1
| - remove sexplib0     v0.17.0
+- 
+- The following actions failed
| - fetch alcotest.1.7.0, alcotest-lwt.1.7.0                       
| - fetch base                                                     v0.14.3
| - fetch base64                                                   3.5.1
| - fetch cohttp.4.0.0, cohttp-lwt.4.0.0, cohttp-lwt-unix.4.0.0    
| - fetch conduit.1.3.0, conduit-lwt.1.3.0, conduit-lwt-unix.1.3.0 
| - fetch current                                                  0.6.6
| - fetch ipaddr                                                   2.9.0
| - fetch jsonm                                                    1.0.2
| - fetch magic-mime                                               1.3.1
| - fetch num                                                      1.5
| - fetch ocaml-syntax-shims                                       1.0.0
| - fetch parsexp                                                  v0.14.2
| - fetch ppx_deriving                                             5.2.1
| - fetch ppx_sexp_conv                                            v0.14.3
| - fetch ppxlib                                                   0.25.1
| - fetch prometheus-app                                           1.2
| - fetch sexplib                                                  v0.14.0
| - fetch sexplib0                                                 v0.14.0
| - fetch stringext                                                1.6.0
| - fetch uri.3.1.0, uri-sexp.3.1.0                                
| - fetch uutf                                                     1.0.3
+- 
- No changes have been performed
# Run eval $(opam env) to update the current shell environment
'opam reinstall --with-test --verbose current.0.6.6' failed.
"/usr/bin/env" "bash" "-c" "opam reinstall --with-test --verbose current.0.6.6;
        res=$?;
        test "$res" != 31 && exit "$res";
        export OPAMCLI=2.0;
        build_dir=$(opam var prefix)/.opam-switch/build;
        failed=$(ls "$build_dir");
        partial_fails="";
        for pkg in $failed; do
          if opam show -f x-ci-accept-failures: "$pkg" | grep -qF "\"debian-12\""; then
            echo "A package failed and has been disabled for CI using the 'x-ci-accept-failures' field.";
          fi;
          test "$pkg" != 'current.0.6.6' && partial_fails="$partial_fails $pkg";
        done;
        test "${partial_fails}" != "" && echo "opam-repo-ci detected dependencies failing: ${partial_fails}";
        exit 1" failed with exit status 40
2024-06-12 06:25.38: Job failed: Failed: Build failed
2024-06-12 06:25.38: Log analysis:
2024-06-12 06:25.38: >>> 
[ERROR] Sorry, resolution of the request timed out.
 (score = 20)
2024-06-12 06:25.38: >>> 
[ERROR] Failed to get sources of alcotest.1.7.0, alcotest-lwt.1.7.0 (https://github.com/mirage/alcotest/releases/download/1.7.0/alcotest-1.7.0.tbz): Curl failed
 (score = 25)
2024-06-12 06:25.38: >>> 
[ERROR] Failed to get sources of base.v0.14.3: Curl failed
 (score = 25)
2024-06-12 06:25.38: >>> 
[ERROR] Failed to get sources of base64.3.5.1: Curl failed
 (score = 25)
2024-06-12 06:25.38: >>> 
[ERROR] Failed to get sources of cohttp.4.0.0, cohttp-lwt.4.0.0, cohttp-lwt-unix.4.0.0 (https://github.com/mirage/ocaml-cohttp/releases/download/v4.0.0/cohttp-v4.0.0.tbz): Curl failed
 (score = 25)
2024-06-12 06:25.38: >>> 
[ERROR] Failed to get sources of conduit.1.3.0, conduit-lwt.1.3.0, conduit-lwt-unix.1.3.0 (https://github.com/mirage/ocaml-conduit/releases/download/v1.3.0/conduit-v1.3.0.tbz): Curl failed
 (score = 25)
2024-06-12 06:25.38: >>> 
[ERROR] Failed to get sources of current.0.6.6: Curl failed
 (score = 25)
2024-06-12 06:25.38: >>> 
[ERROR] Failed to get sources of ipaddr.2.9.0: Curl failed
 (score = 25)
2024-06-12 06:25.38: >>> 
[ERROR] Failed to get sources of jsonm.1.0.2: Curl failed
 (score = 25)
2024-06-12 06:25.38: >>> 
[ERROR] Failed to get sources of magic-mime.1.3.1: Curl failed
 (score = 25)
2024-06-12 06:25.38: >>> 
[ERROR] Failed to get sources of num.1.5: Curl failed
 (score = 25)
2024-06-12 06:25.38: >>> 
[ERROR] Failed to get sources of ocaml-syntax-shims.1.0.0: Curl failed
 (score = 25)
2024-06-12 06:25.38: >>> 
[ERROR] Failed to get sources of parsexp.v0.14.2: Curl failed
 (score = 25)
2024-06-12 06:25.38: >>> 
[ERROR] Failed to get sources of ppx_deriving.5.2.1: Curl failed
 (score = 25)
2024-06-12 06:25.38: >>> 
[ERROR] Failed to get sources of ppx_sexp_conv.v0.14.3: Curl failed
 (score = 25)
2024-06-12 06:25.38: >>> 
[ERROR] Failed to get sources of ppxlib.0.25.1: Curl failed
 (score = 25)
2024-06-12 06:25.38: >>> 
[ERROR] Failed to get sources of prometheus-app.1.2: Curl failed
 (score = 25)
2024-06-12 06:25.38: >>> 
[ERROR] Failed to get sources of sexplib.v0.14.0: Curl failed
 (score = 25)
2024-06-12 06:25.38: >>> 
[ERROR] Failed to get sources of sexplib0.v0.14.0: Curl failed
 (score = 25)
2024-06-12 06:25.38: >>> 
[ERROR] Failed to get sources of stringext.1.6.0: Curl failed
 (score = 25)
2024-06-12 06:25.38: >>> 
[ERROR] Failed to get sources of uri.3.1.0, uri-sexp.3.1.0 (https://github.com/mirage/ocaml-uri/releases/download/v3.1.0/uri-v3.1.0.tbz): Curl failed
 (score = 25)
2024-06-12 06:25.38: >>> 
[ERROR] Failed to get sources of uutf.1.0.3: Curl failed
 (score = 25)
2024-06-12 06:25.38: Failed to get sources of alcotest.1.7.0, alcotest-lwt.1.7.0 (https://github.com/mirage/alcotest/releases/download/1.7.0/alcotest-1.7.0.tbz): Curl failed
