2024-06-11 16:56.42: New job: test sihl-core.0.3.0~rc1 with dune.3.16.0~alpha2, using opam dev
                              from https://github.com/ocaml/opam-repository.git#refs/pull/26060/head (b815129e6f40394141ffe3dd7ef4e6cd9ced6363)
                              on debian-12-ocaml-4.14/amd64

To reproduce locally:

cd $(mktemp -d)
git clone --recursive "https://github.com/ocaml/opam-repository.git" && cd "opam-repository" && git fetch origin "refs/pull/26060/head" && git reset --hard b815129e
git fetch origin master
git merge --no-edit 66756d87cd1ed0b8036cadec2bac98a1a76f0dfa
cat > ../Dockerfile <<'END-OF-DOCKERFILE'
[34mFROM ocaml/opam:debian-12-ocaml-4.14@sha256:68ecefb12259af7ac8f85f40002bb77c47ee641474979fd6a320ed7bf1222c7c
USER 1000:1000
WORKDIR /home/opam
RUN sudo ln -f /usr/bin/opam-dev /usr/bin/opam
RUN opam init --reinit -ni
RUN uname -rs && opam exec -- ocaml -version && opam --version
ENV OPAMDOWNLOADJOBS="1"
ENV OPAMERRLOGLEN="0"
ENV OPAMSOLVERTIMEOUT="500"
ENV OPAMPRECISETRACKING="1"
ENV CI="true"
ENV OPAM_REPO_CI="true"
RUN rm -rf opam-repository/
COPY --chown=1000:1000 . opam-repository/
RUN opam repository set-url --strict default opam-repository/
RUN opam update --depexts || true
RUN opam pin add -k version -yn dune.3.16.0~alpha2 3.16.0~alpha2
RUN opam reinstall dune.3.16.0~alpha2; \
    res=$?; \
    test "$res" != 31 && exit "$res"; \
    export OPAMCLI=2.0; \
    build_dir=$(opam var prefix)/.opam-switch/build; \
    failed=$(ls "$build_dir"); \
    partial_fails=""; \
    for pkg in $failed; do \
    if opam show -f x-ci-accept-failures: "$pkg" | grep -qF "\"debian-12\""; then \
    echo "A package failed and has been disabled for CI using the 'x-ci-accept-failures' field."; \
    fi; \
    test "$pkg" != 'dune.3.16.0~alpha2' && partial_fails="$partial_fails $pkg"; \
    done; \
    test "${partial_fails}" != "" && echo "opam-repo-ci detected dependencies failing: ${partial_fails}"; \
    exit 1
RUN opam reinstall sihl-core.0.3.0~rc1; \
    res=$?; \
    test "$res" != 31 && exit "$res"; \
    export OPAMCLI=2.0; \
    build_dir=$(opam var prefix)/.opam-switch/build; \
    failed=$(ls "$build_dir"); \
    partial_fails=""; \
    for pkg in $failed; do \
    if opam show -f x-ci-accept-failures: "$pkg" | grep -qF "\"debian-12\""; then \
    echo "A package failed and has been disabled for CI using the 'x-ci-accept-failures' field."; \
    fi; \
    test "$pkg" != 'sihl-core.0.3.0~rc1' && partial_fails="$partial_fails $pkg"; \
    done; \
    test "${partial_fails}" != "" && echo "opam-repo-ci detected dependencies failing: ${partial_fails}"; \
    exit 1
RUN (opam reinstall --with-test sihl-core.0.3.0~rc1) || true
RUN opam reinstall --with-test --verbose sihl-core.0.3.0~rc1; \
    res=$?; \
    test "$res" != 31 && exit "$res"; \
    export OPAMCLI=2.0; \
    build_dir=$(opam var prefix)/.opam-switch/build; \
    failed=$(ls "$build_dir"); \
    partial_fails=""; \
    for pkg in $failed; do \
    if opam show -f x-ci-accept-failures: "$pkg" | grep -qF "\"debian-12\""; then \
    echo "A package failed and has been disabled for CI using the 'x-ci-accept-failures' field."; \
    fi; \
    test "$pkg" != 'sihl-core.0.3.0~rc1' && partial_fails="$partial_fails $pkg"; \
    done; \
    test "${partial_fails}" != "" && echo "opam-repo-ci detected dependencies failing: ${partial_fails}"; \
    exit 1
[0m
END-OF-DOCKERFILE
docker build -f ../Dockerfile .

2024-06-11 16:56.42: Using cache hint "ocaml/opam:debian-12-ocaml-4.14@sha256:68ecefb12259af7ac8f85f40002bb77c47ee641474979fd6a320ed7bf1222c7c-dune.3.16.0~alpha2-sihl-core.0.3.0~rc1-b815129e6f40394141ffe3dd7ef4e6cd9ced6363"
2024-06-11 16:56.42: Using OBuilder spec:
((from ocaml/opam:debian-12-ocaml-4.14@sha256:68ecefb12259af7ac8f85f40002bb77c47ee641474979fd6a320ed7bf1222c7c)
 (user (uid 1000) (gid 1000))
 (workdir /home/opam)
 (run (shell "sudo ln -f /usr/bin/opam-dev /usr/bin/opam"))
 (run (network host)
      (shell "opam init --reinit --config .opamrc-sandbox -ni"))
 (run (shell "uname -rs && opam exec -- ocaml -version && opam --version"))
 (env OPAMDOWNLOADJOBS 1)
 (env OPAMERRLOGLEN 0)
 (env OPAMSOLVERTIMEOUT 500)
 (env OPAMPRECISETRACKING 1)
 (env CI true)
 (env OPAM_REPO_CI true)
 (run (shell "rm -rf opam-repository/"))
 (copy (src .) (dst opam-repository/))
 (run (shell "opam repository set-url --strict default opam-repository/"))
 (run (network host)
      (shell "opam update --depexts || true"))
 (run (shell "opam pin add -k version -yn dune.3.16.0~alpha2 3.16.0~alpha2"))
 (run (cache (opam-archives (target /home/opam/.opam/download-cache)))
      (network host)
      (shell  "opam reinstall dune.3.16.0~alpha2;\
             \n        res=$?;\
             \n        test \"$res\" != 31 && exit \"$res\";\
             \n        export OPAMCLI=2.0;\
             \n        build_dir=$(opam var prefix)/.opam-switch/build;\
             \n        failed=$(ls \"$build_dir\");\
             \n        partial_fails=\"\";\
             \n        for pkg in $failed; do\
             \n          if opam show -f x-ci-accept-failures: \"$pkg\" | grep -qF \"\\\"debian-12\\\"\"; then\
             \n            echo \"A package failed and has been disabled for CI using the 'x-ci-accept-failures' field.\";\
             \n          fi;\
             \n          test \"$pkg\" != 'dune.3.16.0~alpha2' && partial_fails=\"$partial_fails $pkg\";\
             \n        done;\
             \n        test \"${partial_fails}\" != \"\" && echo \"opam-repo-ci detected dependencies failing: ${partial_fails}\";\
             \n        exit 1"))
 (run (cache (opam-archives (target /home/opam/.opam/download-cache)))
      (network host)
      (shell  "opam reinstall sihl-core.0.3.0~rc1;\
             \n        res=$?;\
             \n        test \"$res\" != 31 && exit \"$res\";\
             \n        export OPAMCLI=2.0;\
             \n        build_dir=$(opam var prefix)/.opam-switch/build;\
             \n        failed=$(ls \"$build_dir\");\
             \n        partial_fails=\"\";\
             \n        for pkg in $failed; do\
             \n          if opam show -f x-ci-accept-failures: \"$pkg\" | grep -qF \"\\\"debian-12\\\"\"; then\
             \n            echo \"A package failed and has been disabled for CI using the 'x-ci-accept-failures' field.\";\
             \n          fi;\
             \n          test \"$pkg\" != 'sihl-core.0.3.0~rc1' && partial_fails=\"$partial_fails $pkg\";\
             \n        done;\
             \n        test \"${partial_fails}\" != \"\" && echo \"opam-repo-ci detected dependencies failing: ${partial_fails}\";\
             \n        exit 1"))
 (run (network host)
      (shell "(opam reinstall --with-test sihl-core.0.3.0~rc1) || true"))
 (run (shell  "opam reinstall --with-test --verbose sihl-core.0.3.0~rc1;\
             \n        res=$?;\
             \n        test \"$res\" != 31 && exit \"$res\";\
             \n        export OPAMCLI=2.0;\
             \n        build_dir=$(opam var prefix)/.opam-switch/build;\
             \n        failed=$(ls \"$build_dir\");\
             \n        partial_fails=\"\";\
             \n        for pkg in $failed; do\
             \n          if opam show -f x-ci-accept-failures: \"$pkg\" | grep -qF \"\\\"debian-12\\\"\"; then\
             \n            echo \"A package failed and has been disabled for CI using the 'x-ci-accept-failures' field.\";\
             \n          fi;\
             \n          test \"$pkg\" != 'sihl-core.0.3.0~rc1' && partial_fails=\"$partial_fails $pkg\";\
             \n        done;\
             \n        test \"${partial_fails}\" != \"\" && echo \"opam-repo-ci detected dependencies failing: ${partial_fails}\";\
             \n        exit 1"))
)

2024-06-11 16:56.42: Waiting for resource in pool OCluster
2024-06-12 03:55.32: Waiting for workerâ€¦
2024-06-12 03:58.00: Got resource from pool OCluster
Building on x86-bm-c10.sw.ocaml.org
All commits already cached
Updating files:  48% (15376/31496)Updating files:  49% (15434/31496)Updating files:  50% (15748/31496)Updating files:  51% (16063/31496)Updating files:  52% (16378/31496)Updating files:  53% (16693/31496)Updating files:  54% (17008/31496)Updating files:  55% (17323/31496)Updating files:  56% (17638/31496)Updating files:  57% (17953/31496)Updating files:  58% (18268/31496)Updating files:  59% (18583/31496)Updating files:  60% (18898/31496)Updating files:  61% (19213/31496)Updating files:  62% (19528/31496)Updating files:  63% (19843/31496)Updating files:  64% (20158/31496)Updating files:  65% (20473/31496)Updating files:  66% (20788/31496)Updating files:  67% (21103/31496)Updating files:  68% (21418/31496)Updating files:  69% (21733/31496)Updating files:  70% (22048/31496)Updating files:  71% (22363/31496)Updating files:  72% (22678/31496)Updating files:  73% (22993/31496)Updating files:  74% (23308/31496)Updating files:  75% (23622/31496)Updating files:  76% (23937/31496)Updating files:  77% (24252/31496)Updating files:  78% (24567/31496)Updating files:  79% (24882/31496)Updating files:  80% (25197/31496)Updating files:  81% (25512/31496)Updating files:  82% (25827/31496)Updating files:  83% (26142/31496)Updating files:  84% (26457/31496)Updating files:  85% (26772/31496)Updating files:  86% (27087/31496)Updating files:  87% (27402/31496)Updating files:  88% (27717/31496)Updating files:  89% (28032/31496)Updating files:  90% (28347/31496)Updating files:  91% (28662/31496)Updating files:  92% (28977/31496)Updating files:  93% (29292/31496)Updating files:  94% (29607/31496)Updating files:  95% (29922/31496)Updating files:  96% (30237/31496)Updating files:  97% (30552/31496)Updating files:  98% (30867/31496)Updating files:  99% (31182/31496)Updating files: 100% (31496/31496)Updating files: 100% (31496/31496), done.
HEAD is now at 66756d87cd Merge pull request #26043 from anmonteiro/release-melange-4.0.1-52
Updating 66756d87cd..b815129e6f
Fast-forward
 .../chrome-trace/chrome-trace.3.16.0~alpha2/opam   | 40 +++++++++++++++
 .../dune-action-plugin.3.16.0~alpha2/opam          | 53 ++++++++++++++++++++
 .../dune-build-info.3.16.0~alpha2/opam             | 46 +++++++++++++++++
 .../dune-configurator.3.16.0~alpha2/opam           | 50 +++++++++++++++++++
 packages/dune-glob/dune-glob.3.16.0~alpha2/opam    | 43 ++++++++++++++++
 .../dune-private-libs.3.16.0~alpha2/opam           | 51 +++++++++++++++++++
 .../dune-rpc-lwt/dune-rpc-lwt.3.16.0~alpha2/opam   | 42 ++++++++++++++++
 packages/dune-rpc/dune-rpc.3.16.0~alpha2/opam      | 44 +++++++++++++++++
 packages/dune-site/dune-site.3.16.0~alpha2/opam    | 38 +++++++++++++++
 packages/dune/dune.3.16.0~alpha2/opam              | 57 ++++++++++++++++++++++
 packages/dyn/dyn.3.16.0~alpha2/opam                | 41 ++++++++++++++++
 packages/ocamlc-loc/ocamlc-loc.3.16.0~alpha2/opam  | 44 +++++++++++++++++
 packages/ordering/ordering.3.16.0~alpha2/opam      | 39 +++++++++++++++
 packages/stdune/stdune.3.16.0~alpha2/opam          | 45 +++++++++++++++++
 packages/xdg/xdg.3.16.0~alpha2/opam                | 40 +++++++++++++++
 15 files changed, 673 insertions(+)
 create mode 100644 packages/chrome-trace/chrome-trace.3.16.0~alpha2/opam
 create mode 100644 packages/dune-action-plugin/dune-action-plugin.3.16.0~alpha2/opam
 create mode 100644 packages/dune-build-info/dune-build-info.3.16.0~alpha2/opam
 create mode 100644 packages/dune-configurator/dune-configurator.3.16.0~alpha2/opam
 create mode 100644 packages/dune-glob/dune-glob.3.16.0~alpha2/opam
 create mode 100644 packages/dune-private-libs/dune-private-libs.3.16.0~alpha2/opam
 create mode 100644 packages/dune-rpc-lwt/dune-rpc-lwt.3.16.0~alpha2/opam
 create mode 100644 packages/dune-rpc/dune-rpc.3.16.0~alpha2/opam
 create mode 100644 packages/dune-site/dune-site.3.16.0~alpha2/opam
 create mode 100644 packages/dune/dune.3.16.0~alpha2/opam
 create mode 100644 packages/dyn/dyn.3.16.0~alpha2/opam
 create mode 100644 packages/ocamlc-loc/ocamlc-loc.3.16.0~alpha2/opam
 create mode 100644 packages/ordering/ordering.3.16.0~alpha2/opam
 create mode 100644 packages/stdune/stdune.3.16.0~alpha2/opam
 create mode 100644 packages/xdg/xdg.3.16.0~alpha2/opam

[01;34m(from ocaml/opam:debian-12-ocaml-4.14@sha256:68ecefb12259af7ac8f85f40002bb77c47ee641474979fd6a320ed7bf1222c7c)[0m
[01;2m[01;35m2024-06-12 03:58.04 ---> using "be6362479294069b96a78ceb45e5e59b696aa4ead55eec8c4ca81a46ae6af254" from cache[0m

[01;34m/: (user (uid 1000) (gid 1000))[0m

[01;34m/: (workdir /home/opam)[0m

[01;34m/home/opam: (run (shell "sudo ln -f /usr/bin/opam-dev /usr/bin/opam"))[0m
[01;2m[01;35m2024-06-12 03:58.04 ---> using "8ad80d6a0debeaed101481b8cff66e1eafb8b0e653f48d497136a3cd6c73afd4" from cache[0m

[01;34m/home/opam: (run (network host)
                 (shell "opam init --reinit --config .opamrc-sandbox -ni"))[0m
Configuring from /home/opam/.opamrc-sandbox, then /home/opam/.opamrc, and finally from built-in defaults.
Checking for available remotes: rsync and local, git.
  - you won't be able to use mercurial repositories unless you install the hg command on your system.
  - you won't be able to use darcs repositories unless you install the darcs command on your system.

This development version of opam requires an update to the layout of /home/opam/.opam from version 2.0 to version 2.2~beta, which can't be reverted.
You may want to back it up before going further.

Continue? [y/n] y
Format upgrade done.

<><> Updating repositories ><><><><><><><><><><><><><><><><><><><><><><><><><><>
[default] synchronised from file:///home/opam/opam-repository
[01;2m[01;35m2024-06-12 03:58.04 ---> using "56bbd298ac51fe1e7634bdd19c2541599a9d163a08dafe773745bbf4eb18410c" from cache[0m

[01;34m/home/opam: (run (shell "uname -rs && opam exec -- ocaml -version && opam --version"))[0m
Linux 5.15.0-107-generic
The OCaml toplevel, version 4.14.2
2.2.0~beta3~dev
[01;2m[01;35m2024-06-12 03:58.04 ---> using "152abb09d7c0ec6a6b81839d18fba96e3d05ed398f577cd267f0f4b08f6eb24b" from cache[0m

[01;34m/home/opam: (env OPAMDOWNLOADJOBS 1)[0m

[01;34m/home/opam: (env OPAMERRLOGLEN 0)[0m

[01;34m/home/opam: (env OPAMSOLVERTIMEOUT 500)[0m

[01;34m/home/opam: (env OPAMPRECISETRACKING 1)[0m

[01;34m/home/opam: (env CI true)[0m

[01;34m/home/opam: (env OPAM_REPO_CI true)[0m

[01;34m/home/opam: (run (shell "rm -rf opam-repository/"))[0m
[01;2m[01;35m2024-06-12 03:58.04 ---> using "ed21e7d865a19fc202b822ef2e288487fef395f0eb5a1334ec4e29366b626f01" from cache[0m

[01;34m/home/opam: (copy (src .) (dst opam-repository/))[0m
[01;2m[01;35m2024-06-12 03:58.07 ---> using "e18ee710a5c60210a0428ee8032cf34f6f66d5c37c249a638f8a88bb3aca7d7b" from cache[0m

[01;34m/home/opam: (run (shell "opam repository set-url --strict default opam-repository/"))[0m
[default] Initialised
[01;2m[01;35m2024-06-12 03:58.07 ---> using "a48ddf11d992500d86f3b0ac4d8baa9565fa211b913ee4a7498cbfd7bf82a58b" from cache[0m

[01;34m/home/opam: (run (network host)
                 (shell "opam update --depexts || true"))[0m
+ /usr/bin/sudo "apt-get" "update"
- Hit:1 http://deb.debian.org/debian bookworm InRelease
- Get:2 http://deb.debian.org/debian bookworm-updates InRelease [55.4 kB]
- Get:3 http://deb.debian.org/debian-security bookworm-security InRelease [47.9 kB]
- Get:4 http://deb.debian.org/debian-security bookworm-security/main amd64 Packages [160 kB]
- Fetched 263 kB in 0s (1007 kB/s)
- Reading package lists...
[01;2m[01;35m2024-06-12 03:58.07 ---> using "865acde0b7f31de04ccc445be388720545b3dbb661de7c0acd5001c3fee828c6" from cache[0m

[01;34m/home/opam: (run (shell "opam pin add -k version -yn dune.3.16.0~alpha2 3.16.0~alpha2"))[0m
dune is now pinned to version 3.16.0~alpha2
[01;2m[01;35m2024-06-12 03:58.07 ---> using "21a400e9d6ce5cce9f59acf11915266b0838e8f82398a243f44dd1b78c0e50a4" from cache[0m

[01;34m/home/opam: (run (cache (opam-archives (target /home/opam/.opam/download-cache)))
                 (network host)
                 (shell  "opam reinstall dune.3.16.0~alpha2;\
                        \n        res=$?;\
                        \n        test \"$res\" != 31 && exit \"$res\";\
                        \n        export OPAMCLI=2.0;\
                        \n        build_dir=$(opam var prefix)/.opam-switch/build;\
                        \n        failed=$(ls \"$build_dir\");\
                        \n        partial_fails=\"\";\
                        \n        for pkg in $failed; do\
                        \n          if opam show -f x-ci-accept-failures: \"$pkg\" | grep -qF \"\\\"debian-12\\\"\"; then\
                        \n            echo \"A package failed and has been disabled for CI using the 'x-ci-accept-failures' field.\";\
                        \n          fi;\
                        \n          test \"$pkg\" != 'dune.3.16.0~alpha2' && partial_fails=\"$partial_fails $pkg\";\
                        \n        done;\
                        \n        test \"${partial_fails}\" != \"\" && echo \"opam-repo-ci detected dependencies failing: ${partial_fails}\";\
                        \n        exit 1"))[0m
dune.3.16.0~alpha2 is not installed. Install it? [y/n] y
The following actions will be performed:
=== recompile 4 packages
  - recompile ocaml               4.14.2                 [upstream or system changes]
  - recompile ocaml-base-compiler 4.14.2 (pinned)        [upstream or system changes]
  - recompile ocaml-config        2                      [uses ocaml-base-compiler]
  - recompile opam-depext         1.2.1-1                [uses ocaml]
=== install 3 packages
  - install   dune                3.16.0~alpha2 (pinned)
  - install   host-arch-x86_64    1
  - install   host-system-other   1

<><> Processing actions <><><><><><><><><><><><><><><><><><><><><><><><><><><><>
-> retrieved dune.3.16.0~alpha2  (cached)
-> installed host-arch-x86_64.1
-> installed host-system-other.1
-> retrieved ocaml-base-compiler.4.14.2  (cached)
-> retrieved ocaml-config.2  (cached)
-> retrieved opam-depext.1.2.1-1  (cached)
-> removed   opam-depext.1.2.1-1
-> removed   ocaml.4.14.2
-> removed   ocaml-config.2
-> removed   ocaml-base-compiler.4.14.2
-> installed ocaml-base-compiler.4.14.2
-> installed ocaml-config.2
-> installed ocaml.4.14.2
-> installed opam-depext.1.2.1-1
-> installed dune.3.16.0~alpha2
Done.

<><> opam-depext.1.2.1-1 installed successfully <><><><><><><><><><><><><><><><>
=> opam-depext is unnecessary when used with opam >= 2.1. Please use opam install directly instead
# Run eval $(opam env) to update the current shell environment
[01;2m[01;35m2024-06-12 03:58.07 ---> using "2e165fee6d7e9f9ed9b7fd7b375887a2a357cfea4593a3fa32a2e0d7a99f588d" from cache[0m

[01;34m/home/opam: (run (cache (opam-archives (target /home/opam/.opam/download-cache)))
                 (network host)
                 (shell  "opam reinstall sihl-core.0.3.0~rc1;\
                        \n        res=$?;\
                        \n        test \"$res\" != 31 && exit \"$res\";\
                        \n        export OPAMCLI=2.0;\
                        \n        build_dir=$(opam var prefix)/.opam-switch/build;\
                        \n        failed=$(ls \"$build_dir\");\
                        \n        partial_fails=\"\";\
                        \n        for pkg in $failed; do\
                        \n          if opam show -f x-ci-accept-failures: \"$pkg\" | grep -qF \"\\\"debian-12\\\"\"; then\
                        \n            echo \"A package failed and has been disabled for CI using the 'x-ci-accept-failures' field.\";\
                        \n          fi;\
                        \n          test \"$pkg\" != 'sihl-core.0.3.0~rc1' && partial_fails=\"$partial_fails $pkg\";\
                        \n        done;\
                        \n        test \"${partial_fails}\" != \"\" && echo \"opam-repo-ci detected dependencies failing: ${partial_fails}\";\
                        \n        exit 1"))[0m
sihl-core.0.3.0~rc1 is not installed. Install it? [y/n] y
The following actions will be performed:
=== install 69 packages
  - install angstrom            0.16.0        [required by caqti]
  - install asn1-combinators    0.2.6         [required by x509]
  - install base                v0.16.3       [required by ppx_fields_conv, ppx_sexp_conv]
  - install base-bytes          base          [required by ocplib-endian]
  - install base64              3.5.1         [required by jwto]
  - install bigstringaf         0.9.1         [required by caqti]
  - install caqti               1.9.0         [required by sihl-core]
  - install conf-bash           1             [required by base]
  - install conf-gmp            4             [required by conf-gmp-powm-sec, zarith]
  - install conf-gmp-powm-sec   3             [required by mirage-crypto-pk]
  - install conf-libssl         4             [required by ssl]
  - install conf-pkg-config     3             [required by conf-libssl]
  - install conformist          0.2.1         [required by sihl-core]
  - install containers          3.13.1        [required by tsort]
  - install cppo                1.6.9         [required by caqti]
  - install csexp               1.5.2         [required by dune-configurator]
  - install cstruct             6.2.0         [required by tls]
  - install digestif            1.2.0         [required by jwto]
  - install domain-name         0.4.0         [required by tls]
  - install dune-configurator   3.16.0~alpha2 [required by mirage-crypto-ec, ssl, base, containers]
  - install duration            0.2.1         [required by mirage-crypto-rng]
  - install either              1.0.0         [required by containers]
  - install eqaf                0.9           [required by mirage-crypto-ec, digestif, mirage-crypto-pk]
  - install fieldslib           v0.16.0       [required by ppx_fields_conv]
  - install fmt                 0.9.0         [required by sihl-core]
  - install gmap                0.3.0         [required by x509]
  - install hkdf                1.0.4         [required by tls]
  - install ipaddr              5.6.0         [required by tls]
  - install jwto                0.4.0         [required by sihl-core]
  - install logs                0.7.0         [required by sihl-core]
  - install lwt                 5.7.0         [required by lwt_ssl]
  - install lwt_ssl             1.2.0         [required by sihl-core]
  - install macaddr             5.6.0         [required by ipaddr]
  - install mirage-crypto       0.11.3        [required by tls]
  - install mirage-crypto-ec    0.11.3        [required by tls]
  - install mirage-crypto-pk    0.11.3        [required by tls]
  - install mirage-crypto-rng   0.11.3        [required by tls]
  - install num                 1.5           [required by sexplib]
  - install ocaml-compiler-libs v0.12.4       [required by ppxlib]
  - install ocaml-syntax-shims  1.0.0         [required by angstrom]
  - install ocamlbuild          0.14.3        [required by uuidm]
  - install ocamlfind           1.9.6         [required by uuidm]
  - install ocplib-endian       1.2           [required by lwt]
  - install parsexp             v0.16.0       [required by sexplib]
  - install pbkdf               1.2.0         [required by x509]
  - install ppx_derivers        1.2.1         [required by ppx_deriving]
  - install ppx_deriving        6.0.2         [required by jwto, ppx_deriving_yojson]
  - install ppx_deriving_yojson 3.8.0         [required by sihl-core]
  - install ppx_fields_conv     v0.16.0       [required by sihl-core]
  - install ppx_sexp_conv       v0.16.0       [required by sihl-core]
  - install ppxlib              0.32.1        [required by ppx_fields_conv, ppx_deriving_yojson, ppx_sexp_conv]
  - install ptime               1.1.0         [required by caqti]
  - install re                  1.11.0        [required by jwto]
  - install safepass            3.1           [required by sihl-core]
  - install seq                 base          [required by re, yojson]
  - install sexplib             v0.16.0       [required by sihl-core]
  - install sexplib0            v0.16.0       [required by ppx_sexp_conv, sexplib]
  - install sihl-core           0.3.0~rc1
  - install ssl                 0.7.0         [required by sihl-core]
  - install stdlib-shims        0.3.0         [required by ppxlib]
  - install stringext           1.6.0         [required by uri]
  - install tls                 0.17.5        [required by sihl-core]
  - install topkg               1.0.7         [required by uuidm]
  - install tsort               2.0.0         [required by sihl-core]
  - install uri                 4.4.0         [required by caqti]
  - install uuidm               0.9.8         [required by sihl-core]
  - install x509                0.16.5        [required by tls]
  - install yojson              2.2.1         [required by sihl-core]
  - install zarith              1.13          [required by mirage-crypto-pk]

The following system packages will first need to be installed:
    libgmp-dev libssl-dev pkg-config

<><> Handling external dependencies <><><><><><><><><><><><><><><><><><><><><><>

opam believes some required external dependencies are missing. opam can:
> 1. Run apt-get to install them (may need root/sudo access)
  2. Display the recommended apt-get command and wait while you run it manually (e.g. in another terminal)
  3. Continue anyway, and, upon success, permanently register that this external dependency is present, but not detectable
  4. Abort the installation

[1/2/3/4] 1

+ /usr/bin/sudo "apt-get" "install" "-qq" "-yy" "libgmp-dev" "libssl-dev" "pkg-config"
- debconf: delaying package configuration, since apt-utils is not installed
- Selecting previously unselected package libgmpxx4ldbl:amd64.
- (Reading database ... (Reading database ... 5%(Reading database ... 10%(Reading database ... 15%(Reading database ... 20%(Reading database ... 25%(Reading database ... 30%(Reading database ... 35%(Reading database ... 40%(Reading database ... 45%(Reading database ... 50%(Reading database ... 55%(Reading database ... 60%(Reading database ... 65%(Reading database ... 70%(Reading database ... 75%(Reading database ... 80%(Reading database ... 85%(Reading database ... 90%(Reading database ... 95%(Reading database ... 100%(Reading database ... 18735 files and directories currently installed.)
- Preparing to unpack .../0-libgmpxx4ldbl_2%3a6.2.1+dfsg1-1.1_amd64.deb ...
- Unpacking libgmpxx4ldbl:amd64 (2:6.2.1+dfsg1-1.1) ...
- Selecting previously unselected package libgmp-dev:amd64.
- Preparing to unpack .../1-libgmp-dev_2%3a6.2.1+dfsg1-1.1_amd64.deb ...
- Unpacking libgmp-dev:amd64 (2:6.2.1+dfsg1-1.1) ...
- Selecting previously unselected package libpkgconf3:amd64.
- Preparing to unpack .../2-libpkgconf3_1.8.1-1_amd64.deb ...
- Unpacking libpkgconf3:amd64 (1.8.1-1) ...
- Selecting previously unselected package libssl-dev:amd64.
- Preparing to unpack .../3-libssl-dev_3.0.11-1~deb12u2_amd64.deb ...
- Unpacking libssl-dev:amd64 (3.0.11-1~deb12u2) ...
- Selecting previously unselected package pkgconf-bin.
- Preparing to unpack .../4-pkgconf-bin_1.8.1-1_amd64.deb ...
- Unpacking pkgconf-bin (1.8.1-1) ...
- Selecting previously unselected package pkgconf:amd64.
- Preparing to unpack .../5-pkgconf_1.8.1-1_amd64.deb ...
- Unpacking pkgconf:amd64 (1.8.1-1) ...
- Selecting previously unselected package pkg-config:amd64.
- Preparing to unpack .../6-pkg-config_1.8.1-1_amd64.deb ...
- Unpacking pkg-config:amd64 (1.8.1-1) ...
- Setting up libpkgconf3:amd64 (1.8.1-1) ...
- Setting up libgmpxx4ldbl:amd64 (2:6.2.1+dfsg1-1.1) ...
- Setting up libssl-dev:amd64 (3.0.11-1~deb12u2) ...
- Setting up pkgconf-bin (1.8.1-1) ...
- Setting up libgmp-dev:amd64 (2:6.2.1+dfsg1-1.1) ...
- Setting up pkgconf:amd64 (1.8.1-1) ...
- Setting up pkg-config:amd64 (1.8.1-1) ...
- Processing triggers for libc-bin (2.36-9+deb12u7) ...

<><> Processing actions <><><><><><><><><><><><><><><><><><><><><><><><><><><><>
-> retrieved angstrom.0.16.0  (cached)
-> retrieved asn1-combinators.0.2.6  (cached)
-> retrieved base.v0.16.3  (cached)
-> retrieved base64.3.5.1  (cached)
-> retrieved bigstringaf.0.9.1  (cached)
-> retrieved caqti.1.9.0  (cached)
-> retrieved conf-gmp.4  (cached)
-> retrieved conf-gmp-powm-sec.3  (cached)
-> retrieved conf-libssl.4  (cached)
-> retrieved conformist.0.2.1  (cached)
-> installed conf-bash.1
-> installed conf-pkg-config.3
-> installed conf-gmp.4
-> installed conf-libssl.4
-> installed conf-gmp-powm-sec.3
-> retrieved containers.3.13.1  (cached)
-> retrieved cppo.1.6.9  (cached)
-> retrieved csexp.1.5.2  (cached)
-> retrieved cstruct.6.2.0  (cached)
-> installed conformist.0.2.1
-> installed base64.3.5.1
-> installed csexp.1.5.2
-> retrieved digestif.1.2.0  (cached)
-> retrieved domain-name.0.4.0  (cached)
-> installed domain-name.0.4.0
-> installed cppo.1.6.9
-> retrieved dune-configurator.3.16.0~alpha2  (cached)
-> retrieved duration.0.2.1  (cached)
-> retrieved either.1.0.0  (cached)
-> retrieved eqaf.0.9  (cached)
-> retrieved fieldslib.v0.16.0  (cached)
-> retrieved fmt.0.9.0  (cached)
-> retrieved gmap.0.3.0  (cached)
-> retrieved hkdf.1.0.4  (cached)
-> retrieved ipaddr.5.6.0, macaddr.5.6.0  (cached)
-> retrieved jwto.0.4.0  (cached)
-> retrieved logs.0.7.0  (cached)
-> retrieved lwt.5.7.0  (cached)
-> installed duration.0.2.1
-> retrieved lwt_ssl.1.2.0  (cached)
-> installed either.1.0.0
-> installed gmap.0.3.0
-> installed macaddr.5.6.0
-> retrieved mirage-crypto.0.11.3, mirage-crypto-ec.0.11.3, mirage-crypto-pk.0.11.3, mirage-crypto-rng.0.11.3  (cached)
-> installed ipaddr.5.6.0
-> retrieved num.1.5  (cached)
-> retrieved ocaml-compiler-libs.v0.12.4  (cached)
-> retrieved ocaml-syntax-shims.1.0.0  (cached)
-> retrieved ocamlbuild.0.14.3  (cached)
-> retrieved ocamlfind.1.9.6  (cached)
-> retrieved ocplib-endian.1.2  (cached)
-> retrieved parsexp.v0.16.0  (cached)
-> retrieved pbkdf.1.2.0  (cached)
-> retrieved ppx_derivers.1.2.1  (cached)
-> retrieved ppx_deriving.6.0.2  (cached)
-> retrieved ppx_deriving_yojson.3.8.0  (cached)
-> retrieved ppx_fields_conv.v0.16.0  (cached)
-> retrieved ppx_sexp_conv.v0.16.0  (cached)
-> installed dune-configurator.3.16.0~alpha2
-> installed ppx_derivers.1.2.1
-> retrieved ppxlib.0.32.1  (cached)
-> retrieved ptime.1.1.0  (cached)
-> retrieved re.1.11.0  (cached)
-> retrieved safepass.3.1  (cached)
-> retrieved seq.base  (cached)
-> installed seq.base
-> retrieved sexplib.v0.16.0  (cached)
-> retrieved sexplib0.v0.16.0  (cached)
-> retrieved sihl-core.0.3.0~rc1  (cached)
-> retrieved ssl.0.7.0  (cached)
-> retrieved stdlib-shims.0.3.0  (cached)
-> retrieved stringext.1.6.0  (cached)
-> retrieved tls.0.17.5  (cached)
-> retrieved topkg.1.0.7  (cached)
-> retrieved tsort.2.0.0  (cached)
-> installed bigstringaf.0.9.1
-> retrieved uri.4.4.0  (cached)
-> retrieved uuidm.0.9.8  (cached)
-> installed ocaml-syntax-shims.1.0.0
-> installed stdlib-shims.0.3.0
-> retrieved x509.0.16.5  (cached)
-> installed ocaml-compiler-libs.v0.12.4
-> installed stringext.1.6.0
-> retrieved yojson.2.2.1  (cached)
-> retrieved zarith.1.13  (cached)
-> installed sexplib0.v0.16.0
-> installed safepass.3.1
-> installed angstrom.0.16.0
-> installed num.1.5
-> installed re.1.11.0
-> installed ssl.0.7.0
-> installed containers.3.13.1
-> installed yojson.2.2.1
-> installed tsort.2.0.0
-> installed ocamlfind.1.9.6
-> installed base-bytes.base
-> installed parsexp.v0.16.0
-> installed uri.4.4.0
-> installed ocplib-endian.1.2
-> installed sexplib.v0.16.0
-> installed ocamlbuild.0.14.3
-> installed base.v0.16.3
-> installed zarith.1.13
-> installed fieldslib.v0.16.0
-> installed lwt.5.7.0
-> installed lwt_ssl.1.2.0
-> installed topkg.1.0.7
-> installed uuidm.0.9.8
-> installed fmt.0.9.0
-> installed ptime.1.1.0
-> installed cstruct.6.2.0
-> installed eqaf.0.9
-> installed logs.0.7.0
-> installed asn1-combinators.0.2.6
-> installed caqti.1.9.0
-> installed digestif.1.2.0
-> installed mirage-crypto.0.11.3
-> installed hkdf.1.0.4
-> installed pbkdf.1.2.0
-> installed mirage-crypto-rng.0.11.3
-> installed ppxlib.0.32.1
-> installed mirage-crypto-pk.0.11.3
-> installed ppx_fields_conv.v0.16.0
-> installed ppx_sexp_conv.v0.16.0
-> installed ppx_deriving.6.0.2
-> installed mirage-crypto-ec.0.11.3
-> installed jwto.0.4.0
-> installed ppx_deriving_yojson.3.8.0
-> installed x509.0.16.5
-> installed tls.0.17.5
-> installed sihl-core.0.3.0~rc1
Done.
# Run eval $(opam env) to update the current shell environment
[01;2m[01;35m2024-06-12 03:59.32 ---> saved as "f7355a972127302d5b73d537adb3c6db22c4e7aee677e66efd303a02be71e1a0"[0m

[01;34m/home/opam: (run (network host)
                 (shell "(opam reinstall --with-test sihl-core.0.3.0~rc1) || true"))[0m
[ERROR] Sorry, resolution of the request timed out.
        Try to specify a more precise request, use a different solver, or increase the allowed time by setting OPAMSOLVERTIMEOUT to a bigger value (currently, it is set to 500.0 seconds).
[01;2m[01;35m2024-06-12 04:08.11 ---> saved as "aedb25c055844ab1d336ffcfee8aaa88df61203afde44caa77ea11d8f6cce453"[0m

[01;34m/home/opam: (run (shell  "opam reinstall --with-test --verbose sihl-core.0.3.0~rc1;\
                        \n        res=$?;\
                        \n        test \"$res\" != 31 && exit \"$res\";\
                        \n        export OPAMCLI=2.0;\
                        \n        build_dir=$(opam var prefix)/.opam-switch/build;\
                        \n        failed=$(ls \"$build_dir\");\
                        \n        partial_fails=\"\";\
                        \n        for pkg in $failed; do\
                        \n          if opam show -f x-ci-accept-failures: \"$pkg\" | grep -qF \"\\\"debian-12\\\"\"; then\
                        \n            echo \"A package failed and has been disabled for CI using the 'x-ci-accept-failures' field.\";\
                        \n          fi;\
                        \n          test \"$pkg\" != 'sihl-core.0.3.0~rc1' && partial_fails=\"$partial_fails $pkg\";\
                        \n        done;\
                        \n        test \"${partial_fails}\" != \"\" && echo \"opam-repo-ci detected dependencies failing: ${partial_fails}\";\
                        \n        exit 1"))[0m
The following actions will be performed:
=== recompile 18 packages
  - recompile asn1-combinators  0.2.6     [uses cstruct]
  - recompile caqti             1.9.0     [uses logs]
  - recompile cstruct           6.2.0     [uses fmt]
  - recompile digestif          1.2.0     [uses eqaf]
  - recompile eqaf              0.9       [uses cstruct]
  - recompile fmt               0.9.0     [uses cmdliner]
  - recompile hkdf              1.0.4     [uses cstruct]
  - recompile jwto              0.4.0     [uses fmt]
  - recompile logs              0.7.0     [uses cmdliner]
  - recompile mirage-crypto     0.11.3    [uses cstruct]
  - recompile mirage-crypto-ec  0.11.3    [uses cstruct]
  - recompile mirage-crypto-pk  0.11.3    [uses cstruct]
  - recompile mirage-crypto-rng 0.11.3    [uses cstruct, logs]
  - recompile pbkdf             1.2.0     [uses cstruct]
  - recompile sihl-core         0.3.0~rc1
  - recompile tls               0.17.5    [uses fmt]
  - recompile uuidm             0.9.8     [uses cmdliner]
  - recompile x509              0.16.5    [uses fmt]
=== install 19 packages
  - install   alcotest          1.7.0     [required by alcotest-lwt]
  - install   alcotest-lwt      1.7.0     [required by sihl-core]
  - install   astring           0.8.5     [required by alcotest]
  - install   bos               0.2.1     [required by ca-certs]
  - install   ca-certs          0.2.3     [required by conduit-lwt-unix]
  - install   cmdliner          1.3.0     [required by cohttp-lwt-unix]
  - install   cohttp            5.3.1     [required by cohttp-lwt]
  - install   cohttp-lwt        5.3.0     [required by cohttp-lwt-unix]
  - install   cohttp-lwt-unix   5.3.0     [required by sihl-core]
  - install   conduit           6.2.2     [required by conduit-lwt]
  - install   conduit-lwt       6.2.2     [required by cohttp-lwt-unix]
  - install   conduit-lwt-unix  6.2.2     [required by cohttp-lwt-unix]
  - install   fpath             0.7.3     [required by ca-certs]
  - install   ipaddr-sexp       5.6.0     [required by conduit-lwt-unix]
  - install   jsonm             1.0.2     [required by cohttp]
  - install   magic-mime        1.3.1     [required by cohttp-lwt-unix]
  - install   rresult           0.7.0     [required by bos]
  - install   uri-sexp          4.4.0     [required by cohttp]
  - install   uutf              1.0.3     [required by alcotest]

<><> Processing actions <><><><><><><><><><><><><><><><><><><><><><><><><><><><>
Processing  1/122: [alcotest.1.7.0, alcotest-lwt.1.7.0: http]
[ERROR] Failed to get sources of alcotest.1.7.0, alcotest-lwt.1.7.0 (https://github.com/mirage/alcotest/releases/download/1.7.0/alcotest-1.7.0.tbz): Curl failed
Processing  2/122: [asn1-combinators.0.2.6: http]
[ERROR] Failed to get sources of asn1-combinators.0.2.6: Curl failed
Processing  3/122: [astring.0.8.5: http]
[ERROR] Failed to get sources of astring.0.8.5: Curl failed
Processing  4/122: [bos.0.2.1: http]
Processing  5/122: [bos.0.2.1: http]
Processing  6/122: [bos.0.2.1: http]
[ERROR] Failed to get sources of bos.0.2.1: Curl failed
Processing  7/122: [ca-certs.0.2.3: http]
[ERROR] Failed to get sources of ca-certs.0.2.3: Curl failed
Processing  8/122: [caqti.1.9.0: http]
[ERROR] Failed to get sources of caqti.1.9.0: Curl failed
Processing  9/122: [cmdliner.1.3.0: http]
[ERROR] Failed to get sources of cmdliner.1.3.0: Curl failed
Processing 10/122: [cohttp.5.3.1: http]
Processing 11/122: [cohttp.5.3.1: http]
Processing 12/122: [cohttp.5.3.1: http]
[ERROR] Failed to get sources of cohttp.5.3.1: Curl failed
Processing 13/122: [cohttp-lwt.5.3.0, cohttp-lwt-unix.5.3.0: http]
[ERROR] Failed to get sources of cohttp-lwt.5.3.0, cohttp-lwt-unix.5.3.0 (https://github.com/mirage/ocaml-cohttp/releases/download/v5.3.0/cohttp-5.3.0.tbz): Curl failed
Processing 14/122: [conduit.6.2.2, conduit-lwt.6.2.2, conduit-lwt-unix.6.2.2: http]
[ERROR] Failed to get sources of conduit.6.2.2, conduit-lwt.6.2.2, conduit-lwt-unix.6.2.2 (https://github.com/mirage/ocaml-conduit/releases/download/v6.2.2/conduit-6.2.2.tbz): Curl failed
Processing 15/122: [cstruct.6.2.0: http]
[ERROR] Failed to get sources of cstruct.6.2.0: Curl failed
Processing 16/122: [digestif.1.2.0: http]
[ERROR] Failed to get sources of digestif.1.2.0: Curl failed
Processing 17/122: [eqaf.0.9: http]
[ERROR] Failed to get sources of eqaf.0.9: Curl failed
Processing 18/122: [fmt.0.9.0: http]
[ERROR] Failed to get sources of fmt.0.9.0: Curl failed
Processing 19/122: [fpath.0.7.3: http]
Processing 20/122: [fpath.0.7.3: http]
[ERROR] Failed to get sources of fpath.0.7.3: Curl failed
Processing 21/122: [hkdf.1.0.4: http]
Processing 22/122: [hkdf.1.0.4: http]
Processing 23/122: [hkdf.1.0.4: http]
[ERROR] Failed to get sources of hkdf.1.0.4: Curl failed
Processing 24/122: [ipaddr-sexp.5.6.0: http]
[ERROR] Failed to get sources of ipaddr-sexp.5.6.0: Curl failed
Processing 25/122: [jsonm.1.0.2: http]
Processing 26/122: [jsonm.1.0.2: http]
Processing 27/122: [jsonm.1.0.2: http]
[ERROR] Failed to get sources of jsonm.1.0.2: Curl failed
Processing 28/122: [jwto.0.4.0: http]
[ERROR] Failed to get sources of jwto.0.4.0: Curl failed
Processing 29/122: [logs.0.7.0: http]
[ERROR] Failed to get sources of logs.0.7.0: Curl failed
Processing 30/122: [magic-mime.1.3.1: http]
[ERROR] Failed to get sources of magic-mime.1.3.1: Curl failed
Processing 31/122: [mirage-crypto.0.11.3, mirage-crypto-ec.0.11.3, mirage-crypto-pk.0.11.3, mirage-crypto-rng.0.11.3: http]
Processing 32/122: [mirage-crypto.0.11.3, mirage-crypto-ec.0.11.3, mirage-crypto-pk.0.11.3, mirage-crypto-rng.0.11.3: http]
Processing 33/122: [mirage-crypto.0.11.3, mirage-crypto-ec.0.11.3, mirage-crypto-pk.0.11.3, mirage-crypto-rng.0.11.3: http]
[ERROR] Failed to get sources of mirage-crypto.0.11.3, mirage-crypto-ec.0.11.3, mirage-crypto-pk.0.11.3, mirage-crypto-rng.0.11.3 (https://github.com/mirage/mirage-crypto/releases/download/v0.11.3/mirage-crypto-0.11.3.tbz): Curl failed
Processing 34/122: [pbkdf.1.2.0: http]
[ERROR] Failed to get sources of pbkdf.1.2.0: Curl failed
Processing 35/122: [rresult.0.7.0: http]
[ERROR] Failed to get sources of rresult.0.7.0: Curl failed
Processing 36/122: [sihl-core.0.3.0~rc1: http]
Processing 37/122: [sihl-core.0.3.0~rc1: http]
Processing 38/122: [sihl-core.0.3.0~rc1: http]
[ERROR] Failed to get sources of sihl-core.0.3.0~rc1: Curl failed
Processing 39/122: [tls.0.17.5: http]
[ERROR] Failed to get sources of tls.0.17.5: Curl failed
Processing 40/122: [uri-sexp.4.4.0: http]
[ERROR] Failed to get sources of uri-sexp.4.4.0: Curl failed
Processing 41/122: [uuidm.0.9.8: http]
Processing 42/122: [uuidm.0.9.8: http]
Processing 43/122: [uuidm.0.9.8: http]
Processing 44/122: [uuidm.0.9.8: http]
Processing 45/122: [uuidm.0.9.8: http]
Processing 46/122: [uuidm.0.9.8: http]
Processing 47/122: [uuidm.0.9.8: http]
Processing 48/122: [uuidm.0.9.8: http]
Processing 49/122: [uuidm.0.9.8: http]
[ERROR] Failed to get sources of uuidm.0.9.8: Curl failed
Processing 51/122: [uutf.1.0.3: http]
Processing 52/122: [uutf.1.0.3: http]
Processing 53/122: [uutf.1.0.3: http]
[ERROR] Failed to get sources of uutf.1.0.3: Curl failed
Processing 54/122: [x509.0.16.5: http]
Processing 55/122: [x509.0.16.5: http]
Processing 56/122: [x509.0.16.5: http]
Processing 57/122: [x509.0.16.5: http]
Processing 58/122: [x509.0.16.5: http]
Processing 59/122: [x509.0.16.5: http]
Processing 60/122: [x509.0.16.5: http]
[ERROR] Failed to get sources of x509.0.16.5: Curl failed

#=== ERROR while fetching sources for x509.0.16.5 =============================#
OpamSolution.Fetch_fail("https://github.com/mirleft/ocaml-x509/releases/download/v0.16.5/x509-0.16.5.tbz (Curl failed: \"/usr/bin/curl --write-out %{http_code}\\\\n --retry 3 --retry-delay 2 --user-agent opam/2.2.0~beta3~dev -L -o /home/opam/.opam/4.14/.opam-switch/sources/x509.0.16.5/x509-0.16.5.tbz.part -- https://github.com/mirleft/ocaml-x509/releases/download/v0.16.5/x509-0.16.5.tbz\" exited with code 6)")

#=== ERROR while fetching sources for uutf.1.0.3 ==============================#
OpamSolution.Fetch_fail("https://erratique.ch/software/uutf/releases/uutf-1.0.3.tbz (Curl failed: \"/usr/bin/curl --write-out %{http_code}\\\\n --retry 3 --retry-delay 2 --user-agent opam/2.2.0~beta3~dev -L -o /home/opam/.opam/4.14/.opam-switch/sources/uutf.1.0.3/uutf-1.0.3.tbz.part -- https://erratique.ch/software/uutf/releases/uutf-1.0.3.tbz\" exited with code 6)")

#=== ERROR while fetching sources for uuidm.0.9.8 =============================#
OpamSolution.Fetch_fail("https://erratique.ch/software/uuidm/releases/uuidm-0.9.8.tbz (Curl failed: \"/usr/bin/curl --write-out %{http_code}\\\\n --retry 3 --retry-delay 2 --user-agent opam/2.2.0~beta3~dev -L -o /home/opam/.opam/4.14/.opam-switch/sources/uuidm.0.9.8/uuidm-0.9.8.tbz.part -- https://erratique.ch/software/uuidm/releases/uuidm-0.9.8.tbz\" exited with code 6)")

#=== ERROR while fetching sources for uri-sexp.4.4.0 ==========================#
OpamSolution.Fetch_fail("https://github.com/mirage/ocaml-uri/releases/download/v4.4.0/uri-4.4.0.tbz (Curl failed: \"/usr/bin/curl --write-out %{http_code}\\\\n --retry 3 --retry-delay 2 --user-agent opam/2.2.0~beta3~dev -L -o /home/opam/.opam/4.14/.opam-switch/sources/uri-sexp.4.4.0/uri-4.4.0.tbz.part -- https://github.com/mirage/ocaml-uri/releases/download/v4.4.0/uri-4.4.0.tbz\" exited with code 6)")

#=== ERROR while fetching sources for tls.0.17.5 ==============================#
OpamSolution.Fetch_fail("https://github.com/mirleft/ocaml-tls/releases/download/v0.17.5/tls-0.17.5.tbz (Curl failed: \"/usr/bin/curl --write-out %{http_code}\\\\n --retry 3 --retry-delay 2 --user-agent opam/2.2.0~beta3~dev -L -o /home/opam/.opam/4.14/.opam-switch/sources/tls.0.17.5/tls-0.17.5.tbz.part -- https://github.com/mirleft/ocaml-tls/releases/download/v0.17.5/tls-0.17.5.tbz\" exited with code 6)")

#=== ERROR while fetching sources for sihl-core.0.3.0~rc1 =====================#
OpamSolution.Fetch_fail("https://github.com/oxidizing/sihl/releases/download/0.3.0-rc1/sihl-0.3.0-rc1.tbz (Curl failed: \"/usr/bin/curl --write-out %{http_code}\\\\n --retry 3 --retry-delay 2 --user-agent opam/2.2.0~beta3~dev -L -o /home/opam/.opam/4.14/.opam-switch/sources/sihl-core.0.3.0~rc1/sihl-0.3.0-rc1.tbz.part -- https://github.com/oxidizing/sihl/releases/download/0.3.0-rc1/sihl-0.3.0-rc1.tbz\" exited with code 6)")

#=== ERROR while fetching sources for rresult.0.7.0 ===========================#
OpamSolution.Fetch_fail("https://erratique.ch/software/rresult/releases/rresult-0.7.0.tbz (Curl failed: \"/usr/bin/curl --write-out %{http_code}\\\\n --retry 3 --retry-delay 2 --user-agent opam/2.2.0~beta3~dev -L -o /home/opam/.opam/4.14/.opam-switch/sources/rresult.0.7.0/rresult-0.7.0.tbz.part -- https://erratique.ch/software/rresult/releases/rresult-0.7.0.tbz\" exited with code 6)")

#=== ERROR while fetching sources for pbkdf.1.2.0 =============================#
OpamSolution.Fetch_fail("https://github.com/abeaumont/ocaml-pbkdf/archive/1.2.0.tar.gz (Curl failed: \"/usr/bin/curl --write-out %{http_code}\\\\n --retry 3 --retry-delay 2 --user-agent opam/2.2.0~beta3~dev -L -o /home/opam/.opam/4.14/.opam-switch/sources/pbkdf.1.2.0/1.2.0.tar.gz.part -- https://github.com/abeaumont/ocaml-pbkdf/archive/1.2.0.tar.gz\" exited with code 6)")

#=== ERROR while fetching sources for mirage-crypto.0.11.3, mirage-crypto-ec.0.11.3, mirage-crypto-pk.0.11.3 and mirage-crypto-rng.0.11.3 
OpamSolution.Fetch_fail("https://github.com/mirage/mirage-crypto/releases/download/v0.11.3/mirage-crypto-0.11.3.tbz (Curl failed: \"/usr/bin/curl --write-out %{http_code}\\\\n --retry 3 --retry-delay 2 --user-agent opam/2.2.0~beta3~dev -L -o /tmp/opam-7-1e49d6/mirage-crypto-0.11.3.tbz.part -- https://github.com/mirage/mirage-crypto/releases/download/v0.11.3/mirage-crypto-0.11.3.tbz\" exited with code 6)")

#=== ERROR while fetching sources for magic-mime.1.3.1 ========================#
OpamSolution.Fetch_fail("https://github.com/mirage/ocaml-magic-mime/releases/download/v1.3.1/magic-mime-1.3.1.tbz (Curl failed: \"/usr/bin/curl --write-out %{http_code}\\\\n --retry 3 --retry-delay 2 --user-agent opam/2.2.0~beta3~dev -L -o /home/opam/.opam/4.14/.opam-switch/sources/magic-mime.1.3.1/magic-mime-1.3.1.tbz.part -- https://github.com/mirage/ocaml-magic-mime/releases/download/v1.3.1/magic-mime-1.3.1.tbz\" exited with code 6)")

#=== ERROR while fetching sources for logs.0.7.0 ==============================#
OpamSolution.Fetch_fail("https://erratique.ch/software/logs/releases/logs-0.7.0.tbz (Curl failed: \"/usr/bin/curl --write-out %{http_code}\\\\n --retry 3 --retry-delay 2 --user-agent opam/2.2.0~beta3~dev -L -o /home/opam/.opam/4.14/.opam-switch/sources/logs.0.7.0/logs-0.7.0.tbz.part -- https://erratique.ch/software/logs/releases/logs-0.7.0.tbz\" exited with code 6)")

#=== ERROR while fetching sources for jwto.0.4.0 ==============================#
OpamSolution.Fetch_fail("https://github.com/sporto/jwto/releases/download/0.4.0/jwto-0.4.0.tbz (Curl failed: \"/usr/bin/curl --write-out %{http_code}\\\\n --retry 3 --retry-delay 2 --user-agent opam/2.2.0~beta3~dev -L -o /home/opam/.opam/4.14/.opam-switch/sources/jwto.0.4.0/jwto-0.4.0.tbz.part -- https://github.com/sporto/jwto/releases/download/0.4.0/jwto-0.4.0.tbz\" exited with code 6)")

#=== ERROR while fetching sources for jsonm.1.0.2 =============================#
OpamSolution.Fetch_fail("https://erratique.ch/software/jsonm/releases/jsonm-1.0.2.tbz (Curl failed: \"/usr/bin/curl --write-out %{http_code}\\\\n --retry 3 --retry-delay 2 --user-agent opam/2.2.0~beta3~dev -L -o /home/opam/.opam/4.14/.opam-switch/sources/jsonm.1.0.2/jsonm-1.0.2.tbz.part -- https://erratique.ch/software/jsonm/releases/jsonm-1.0.2.tbz\" exited with code 6)")

#=== ERROR while fetching sources for ipaddr-sexp.5.6.0 =======================#
OpamSolution.Fetch_fail("https://github.com/mirage/ocaml-ipaddr/releases/download/v5.6.0/ipaddr-5.6.0.tbz (Curl failed: \"/usr/bin/curl --write-out %{http_code}\\\\n --retry 3 --retry-delay 2 --user-agent opam/2.2.0~beta3~dev -L -o /home/opam/.opam/4.14/.opam-switch/sources/ipaddr-sexp.5.6.0/ipaddr-5.6.0.tbz.part -- https://github.com/mirage/ocaml-ipaddr/releases/download/v5.6.0/ipaddr-5.6.0.tbz\" exited with code 6)")

#=== ERROR while fetching sources for hkdf.1.0.4 ==============================#
OpamSolution.Fetch_fail("https://github.com/hannesm/ocaml-hkdf/releases/download/v1.0.4/hkdf-v1.0.4.tbz (Curl failed: \"/usr/bin/curl --write-out %{http_code}\\\\n --retry 3 --retry-delay 2 --user-agent opam/2.2.0~beta3~dev -L -o /home/opam/.opam/4.14/.opam-switch/sources/hkdf.1.0.4/hkdf-v1.0.4.tbz.part -- https://github.com/hannesm/ocaml-hkdf/releases/download/v1.0.4/hkdf-v1.0.4.tbz\" exited with code 6)")

#=== ERROR while fetching sources for fpath.0.7.3 =============================#
OpamSolution.Fetch_fail("https://erratique.ch/software/fpath/releases/fpath-0.7.3.tbz (Curl failed: \"/usr/bin/curl --write-out %{http_code}\\\\n --retry 3 --retry-delay 2 --user-agent opam/2.2.0~beta3~dev -L -o /home/opam/.opam/4.14/.opam-switch/sources/fpath.0.7.3/fpath-0.7.3.tbz.part -- https://erratique.ch/software/fpath/releases/fpath-0.7.3.tbz\" exited with code 6)")

#=== ERROR while fetching sources for fmt.0.9.0 ===============================#
OpamSolution.Fetch_fail("https://erratique.ch/software/fmt/releases/fmt-0.9.0.tbz (Curl failed: \"/usr/bin/curl --write-out %{http_code}\\\\n --retry 3 --retry-delay 2 --user-agent opam/2.2.0~beta3~dev -L -o /home/opam/.opam/4.14/.opam-switch/sources/fmt.0.9.0/fmt-0.9.0.tbz.part -- https://erratique.ch/software/fmt/releases/fmt-0.9.0.tbz\" exited with code 6)")

#=== ERROR while fetching sources for eqaf.0.9 ================================#
OpamSolution.Fetch_fail("https://github.com/mirage/eqaf/releases/download/v0.9/eqaf-0.9.tbz (Curl failed: \"/usr/bin/curl --write-out %{http_code}\\\\n --retry 3 --retry-delay 2 --user-agent opam/2.2.0~beta3~dev -L -o /home/opam/.opam/4.14/.opam-switch/sources/eqaf.0.9/eqaf-0.9.tbz.part -- https://github.com/mirage/eqaf/releases/download/v0.9/eqaf-0.9.tbz\" exited with code 6)")

#=== ERROR while fetching sources for digestif.1.2.0 ==========================#
OpamSolution.Fetch_fail("https://github.com/mirage/digestif/releases/download/v1.2.0/digestif-1.2.0.tbz (Curl failed: \"/usr/bin/curl --write-out %{http_code}\\\\n --retry 3 --retry-delay 2 --user-agent opam/2.2.0~beta3~dev -L -o /home/opam/.opam/4.14/.opam-switch/sources/digestif.1.2.0/digestif-1.2.0.tbz.part -- https://github.com/mirage/digestif/releases/download/v1.2.0/digestif-1.2.0.tbz\" exited with code 6)")

#=== ERROR while fetching sources for cstruct.6.2.0 ===========================#
OpamSolution.Fetch_fail("https://github.com/mirage/ocaml-cstruct/releases/download/v6.2.0/cstruct-6.2.0.tbz (Curl failed: \"/usr/bin/curl --write-out %{http_code}\\\\n --retry 3 --retry-delay 2 --user-agent opam/2.2.0~beta3~dev -L -o /home/opam/.opam/4.14/.opam-switch/sources/cstruct.6.2.0/cstruct-6.2.0.tbz.part -- https://github.com/mirage/ocaml-cstruct/releases/download/v6.2.0/cstruct-6.2.0.tbz\" exited with code 6)")

#=== ERROR while fetching sources for conduit.6.2.2, conduit-lwt.6.2.2 and conduit-lwt-unix.6.2.2 
OpamSolution.Fetch_fail("https://github.com/mirage/ocaml-conduit/releases/download/v6.2.2/conduit-6.2.2.tbz (Curl failed: \"/usr/bin/curl --write-out %{http_code}\\\\n --retry 3 --retry-delay 2 --user-agent opam/2.2.0~beta3~dev -L -o /tmp/opam-7-79a830/conduit-6.2.2.tbz.part -- https://github.com/mirage/ocaml-conduit/releases/download/v6.2.2/conduit-6.2.2.tbz\" exited with code 6)")

#=== ERROR while fetching sources for cohttp-lwt.5.3.0 and cohttp-lwt-unix.5.3.0 
OpamSolution.Fetch_fail("https://github.com/mirage/ocaml-cohttp/releases/download/v5.3.0/cohttp-5.3.0.tbz (Curl failed: \"/usr/bin/curl --write-out %{http_code}\\\\n --retry 3 --retry-delay 2 --user-agent opam/2.2.0~beta3~dev -L -o /tmp/opam-7-fc98b6/cohttp-5.3.0.tbz.part -- https://github.com/mirage/ocaml-cohttp/releases/download/v5.3.0/cohttp-5.3.0.tbz\" exited with code 6)")

#=== ERROR while fetching sources for cohttp.5.3.1 ============================#
OpamSolution.Fetch_fail("https://github.com/mirage/ocaml-cohttp/releases/download/v5.3.1/cohttp-5.3.1.tbz (Curl failed: \"/usr/bin/curl --write-out %{http_code}\\\\n --retry 3 --retry-delay 2 --user-agent opam/2.2.0~beta3~dev -L -o /home/opam/.opam/4.14/.opam-switch/sources/cohttp.5.3.1/cohttp-5.3.1.tbz.part -- https://github.com/mirage/ocaml-cohttp/releases/download/v5.3.1/cohttp-5.3.1.tbz\" exited with code 6)")

#=== ERROR while fetching sources for cmdliner.1.3.0 ==========================#
OpamSolution.Fetch_fail("https://erratique.ch/software/cmdliner/releases/cmdliner-1.3.0.tbz (Curl failed: \"/usr/bin/curl --write-out %{http_code}\\\\n --retry 3 --retry-delay 2 --user-agent opam/2.2.0~beta3~dev -L -o /home/opam/.opam/4.14/.opam-switch/sources/cmdliner.1.3.0/cmdliner-1.3.0.tbz.part -- https://erratique.ch/software/cmdliner/releases/cmdliner-1.3.0.tbz\" exited with code 6)")

#=== ERROR while fetching sources for caqti.1.9.0 =============================#
OpamSolution.Fetch_fail("https://github.com/paurkedal/ocaml-caqti/releases/download/v1.9.0/caqti-v1.9.0.tbz (Curl failed: \"/usr/bin/curl --write-out %{http_code}\\\\n --retry 3 --retry-delay 2 --user-agent opam/2.2.0~beta3~dev -L -o /home/opam/.opam/4.14/.opam-switch/sources/caqti.1.9.0/caqti-v1.9.0.tbz.part -- https://github.com/paurkedal/ocaml-caqti/releases/download/v1.9.0/caqti-v1.9.0.tbz\" exited with code 6)")

#=== ERROR while fetching sources for ca-certs.0.2.3 ==========================#
OpamSolution.Fetch_fail("https://github.com/mirage/ca-certs/releases/download/v0.2.3/ca-certs-0.2.3.tbz (Curl failed: \"/usr/bin/curl --write-out %{http_code}\\\\n --retry 3 --retry-delay 2 --user-agent opam/2.2.0~beta3~dev -L -o /home/opam/.opam/4.14/.opam-switch/sources/ca-certs.0.2.3/ca-certs-0.2.3.tbz.part -- https://github.com/mirage/ca-certs/releases/download/v0.2.3/ca-certs-0.2.3.tbz\" exited with code 6)")

#=== ERROR while fetching sources for bos.0.2.1 ===============================#
OpamSolution.Fetch_fail("https://erratique.ch/software/bos/releases/bos-0.2.1.tbz (Curl failed: \"/usr/bin/curl --write-out %{http_code}\\\\n --retry 3 --retry-delay 2 --user-agent opam/2.2.0~beta3~dev -L -o /home/opam/.opam/4.14/.opam-switch/sources/bos.0.2.1/bos-0.2.1.tbz.part -- https://erratique.ch/software/bos/releases/bos-0.2.1.tbz\" exited with code 6)")

#=== ERROR while fetching sources for astring.0.8.5 ===========================#
OpamSolution.Fetch_fail("https://erratique.ch/software/astring/releases/astring-0.8.5.tbz (Curl failed: \"/usr/bin/curl --write-out %{http_code}\\\\n --retry 3 --retry-delay 2 --user-agent opam/2.2.0~beta3~dev -L -o /home/opam/.opam/4.14/.opam-switch/sources/astring.0.8.5/astring-0.8.5.tbz.part -- https://erratique.ch/software/astring/releases/astring-0.8.5.tbz\" exited with code 6)")

#=== ERROR while fetching sources for asn1-combinators.0.2.6 ==================#
OpamSolution.Fetch_fail("https://github.com/mirleft/ocaml-asn1-combinators/releases/download/v0.2.6/asn1-combinators-v0.2.6.tbz (Curl failed: \"/usr/bin/curl --write-out %{http_code}\\\\n --retry 3 --retry-delay 2 --user-agent opam/2.2.0~beta3~dev -L -o /home/opam/.opam/4.14/.opam-switch/sources/asn1-combinators.0.2.6/asn1-combinators-v0.2.6.tbz.part -- https://github.com/mirleft/ocaml-asn1-combinators/releases/download/v0.2.6/asn1-combinators-v0.2.6.tbz\" exited with code 6)")

#=== ERROR while fetching sources for alcotest.1.7.0 and alcotest-lwt.1.7.0 ===#
OpamSolution.Fetch_fail("https://github.com/mirage/alcotest/releases/download/1.7.0/alcotest-1.7.0.tbz (Curl failed: \"/usr/bin/curl --write-out %{http_code}\\\\n --retry 3 --retry-delay 2 --user-agent opam/2.2.0~beta3~dev -L -o /tmp/opam-7-ff8a3a/alcotest-1.7.0.tbz.part -- https://github.com/mirage/alcotest/releases/download/1.7.0/alcotest-1.7.0.tbz\" exited with code 6)")


<><> Error report <><><><><><><><><><><><><><><><><><><><><><><><><><><><><><><>
+- The following actions failed
| - fetch alcotest.1.7.0, alcotest-lwt.1.7.0                                                               
| - fetch asn1-combinators                                                                                 0.2.6
| - fetch astring                                                                                          0.8.5
| - fetch bos                                                                                              0.2.1
| - fetch ca-certs                                                                                         0.2.3
| - fetch caqti                                                                                            1.9.0
| - fetch cmdliner                                                                                         1.3.0
| - fetch cohttp                                                                                           5.3.1
| - fetch cohttp-lwt.5.3.0, cohttp-lwt-unix.5.3.0                                                          
| - fetch conduit.6.2.2, conduit-lwt.6.2.2, conduit-lwt-unix.6.2.2                                         
| - fetch cstruct                                                                                          6.2.0
| - fetch digestif                                                                                         1.2.0
| - fetch eqaf                                                                                             0.9
| - fetch fmt                                                                                              0.9.0
| - fetch fpath                                                                                            0.7.3
| - fetch hkdf                                                                                             1.0.4
| - fetch ipaddr-sexp                                                                                      5.6.0
| - fetch jsonm                                                                                            1.0.2
| - fetch jwto                                                                                             0.4.0
| - fetch logs                                                                                             0.7.0
| - fetch magic-mime                                                                                       1.3.1
| - fetch mirage-crypto.0.11.3, mirage-crypto-ec.0.11.3, mirage-crypto-pk.0.11.3, mirage-crypto-rng.0.11.3 
| - fetch pbkdf                                                                                            1.2.0
| - fetch rresult                                                                                          0.7.0
| - fetch sihl-core                                                                                        0.3.0~rc1
| - fetch tls                                                                                              0.17.5
| - fetch uri-sexp                                                                                         4.4.0
| - fetch uuidm                                                                                            0.9.8
| - fetch uutf                                                                                             1.0.3
| - fetch x509                                                                                             0.16.5
+- 
- No changes have been performed
# Run eval $(opam env) to update the current shell environment
'opam reinstall --with-test --verbose sihl-core.0.3.0~rc1' failed.
"/usr/bin/env" "bash" "-c" "opam reinstall --with-test --verbose sihl-core.0.3.0~rc1;
        res=$?;
        test "$res" != 31 && exit "$res";
        export OPAMCLI=2.0;
        build_dir=$(opam var prefix)/.opam-switch/build;
        failed=$(ls "$build_dir");
        partial_fails="";
        for pkg in $failed; do
          if opam show -f x-ci-accept-failures: "$pkg" | grep -qF "\"debian-12\""; then
            echo "A package failed and has been disabled for CI using the 'x-ci-accept-failures' field.";
          fi;
          test "$pkg" != 'sihl-core.0.3.0~rc1' && partial_fails="$partial_fails $pkg";
        done;
        test "${partial_fails}" != "" && echo "opam-repo-ci detected dependencies failing: ${partial_fails}";
        exit 1" failed with exit status 40
2024-06-12 04:19.55: Job failed: Failed: Build failed
2024-06-12 04:19.55: Log analysis:
2024-06-12 04:19.55: >>> 
[ERROR] Sorry, resolution of the request timed out.
 (score = 20)
2024-06-12 04:19.55: >>> 
[ERROR] Failed to get sources of alcotest.1.7.0, alcotest-lwt.1.7.0 (https://github.com/mirage/alcotest/releases/download/1.7.0/alcotest-1.7.0.tbz): Curl failed
 (score = 25)
2024-06-12 04:19.55: >>> 
[ERROR] Failed to get sources of asn1-combinators.0.2.6: Curl failed
 (score = 25)
2024-06-12 04:19.55: >>> 
[ERROR] Failed to get sources of astring.0.8.5: Curl failed
 (score = 25)
2024-06-12 04:19.55: >>> 
[ERROR] Failed to get sources of bos.0.2.1: Curl failed
 (score = 25)
2024-06-12 04:19.55: >>> 
[ERROR] Failed to get sources of ca-certs.0.2.3: Curl failed
 (score = 25)
2024-06-12 04:19.55: >>> 
[ERROR] Failed to get sources of caqti.1.9.0: Curl failed
 (score = 25)
2024-06-12 04:19.55: >>> 
[ERROR] Failed to get sources of cmdliner.1.3.0: Curl failed
 (score = 25)
2024-06-12 04:19.55: >>> 
[ERROR] Failed to get sources of cohttp.5.3.1: Curl failed
 (score = 25)
2024-06-12 04:19.55: >>> 
[ERROR] Failed to get sources of cohttp-lwt.5.3.0, cohttp-lwt-unix.5.3.0 (https://github.com/mirage/ocaml-cohttp/releases/download/v5.3.0/cohttp-5.3.0.tbz): Curl failed
 (score = 25)
2024-06-12 04:19.55: >>> 
[ERROR] Failed to get sources of conduit.6.2.2, conduit-lwt.6.2.2, conduit-lwt-unix.6.2.2 (https://github.com/mirage/ocaml-conduit/releases/download/v6.2.2/conduit-6.2.2.tbz): Curl failed
 (score = 25)
2024-06-12 04:19.55: >>> 
[ERROR] Failed to get sources of cstruct.6.2.0: Curl failed
 (score = 25)
2024-06-12 04:19.55: >>> 
[ERROR] Failed to get sources of digestif.1.2.0: Curl failed
 (score = 25)
2024-06-12 04:19.55: >>> 
[ERROR] Failed to get sources of eqaf.0.9: Curl failed
 (score = 25)
2024-06-12 04:19.55: >>> 
[ERROR] Failed to get sources of fmt.0.9.0: Curl failed
 (score = 25)
2024-06-12 04:19.55: >>> 
[ERROR] Failed to get sources of fpath.0.7.3: Curl failed
 (score = 25)
2024-06-12 04:19.55: >>> 
[ERROR] Failed to get sources of hkdf.1.0.4: Curl failed
 (score = 25)
2024-06-12 04:19.55: >>> 
[ERROR] Failed to get sources of ipaddr-sexp.5.6.0: Curl failed
 (score = 25)
2024-06-12 04:19.55: >>> 
[ERROR] Failed to get sources of jsonm.1.0.2: Curl failed
 (score = 25)
2024-06-12 04:19.55: >>> 
[ERROR] Failed to get sources of jwto.0.4.0: Curl failed
 (score = 25)
2024-06-12 04:19.55: >>> 
[ERROR] Failed to get sources of logs.0.7.0: Curl failed
 (score = 25)
2024-06-12 04:19.55: >>> 
[ERROR] Failed to get sources of magic-mime.1.3.1: Curl failed
 (score = 25)
2024-06-12 04:19.55: >>> 
[ERROR] Failed to get sources of mirage-crypto.0.11.3, mirage-crypto-ec.0.11.3, mirage-crypto-pk.0.11.3, mirage-crypto-rng.0.11.3 (https://github.com/mirage/mirage-crypto/releases/download/v0.11.3/mirage-crypto-0.11.3.tbz): Curl failed
 (score = 25)
2024-06-12 04:19.55: >>> 
[ERROR] Failed to get sources of pbkdf.1.2.0: Curl failed
 (score = 25)
2024-06-12 04:19.55: >>> 
[ERROR] Failed to get sources of rresult.0.7.0: Curl failed
 (score = 25)
2024-06-12 04:19.55: >>> 
[ERROR] Failed to get sources of sihl-core.0.3.0~rc1: Curl failed
 (score = 25)
2024-06-12 04:19.55: >>> 
[ERROR] Failed to get sources of tls.0.17.5: Curl failed
 (score = 25)
2024-06-12 04:19.55: >>> 
[ERROR] Failed to get sources of uri-sexp.4.4.0: Curl failed
 (score = 25)
2024-06-12 04:19.55: >>> 
[ERROR] Failed to get sources of uuidm.0.9.8: Curl failed
 (score = 25)
2024-06-12 04:19.55: >>> 
[ERROR] Failed to get sources of uutf.1.0.3: Curl failed
 (score = 25)
2024-06-12 04:19.55: >>> 
[ERROR] Failed to get sources of x509.0.16.5: Curl failed
 (score = 25)
2024-06-12 04:19.55: Failed to get sources of alcotest.1.7.0, alcotest-lwt.1.7.0 (https://github.com/mirage/alcotest/releases/download/1.7.0/alcotest-1.7.0.tbz): Curl failed
