2024-06-17 19:34.17: New job: test opam-bin.1.0.0 with ocaml-secondary-compiler.4.14.2, using opam dev
                              from https://github.com/ocaml/opam-repository.git#refs/pull/25928/head (3f2c920b90e20a61c5c90d25ab350fcf660158fd)
                              on debian-12-ocaml-4.14/amd64

To reproduce locally:

cd $(mktemp -d)
git clone --recursive "https://github.com/ocaml/opam-repository.git" && cd "opam-repository" && git fetch origin "refs/pull/25928/head" && git reset --hard 3f2c920b
git fetch origin master
git merge --no-edit 5d6f1cf035d4b9d572fef4ae2e63cf1e3da8760d
cat > ../Dockerfile <<'END-OF-DOCKERFILE'
[34mFROM ocaml/opam:debian-12-ocaml-4.14@sha256:68ecefb12259af7ac8f85f40002bb77c47ee641474979fd6a320ed7bf1222c7c
USER 1000:1000
WORKDIR /home/opam
RUN sudo ln -f /usr/bin/opam-dev /usr/bin/opam
RUN opam init --reinit -ni
RUN uname -rs && opam exec -- ocaml -version && opam --version
ENV OPAMDOWNLOADJOBS="1"
ENV OPAMERRLOGLEN="0"
ENV OPAMSOLVERTIMEOUT="500"
ENV OPAMPRECISETRACKING="1"
ENV CI="true"
ENV OPAM_REPO_CI="true"
RUN rm -rf opam-repository/
COPY --chown=1000:1000 . opam-repository/
RUN opam repository set-url --strict default opam-repository/
RUN opam update --depexts || true
RUN opam pin add -k version -yn ocaml-secondary-compiler.4.14.2 4.14.2
RUN opam reinstall ocaml-secondary-compiler.4.14.2; \
    res=$?; \
    test "$res" != 31 && exit "$res"; \
    export OPAMCLI=2.0; \
    build_dir=$(opam var prefix)/.opam-switch/build; \
    failed=$(ls "$build_dir"); \
    partial_fails=""; \
    for pkg in $failed; do \
    if opam show -f x-ci-accept-failures: "$pkg" | grep -qF "\"debian-12\""; then \
    echo "A package failed and has been disabled for CI using the 'x-ci-accept-failures' field."; \
    fi; \
    test "$pkg" != 'ocaml-secondary-compiler.4.14.2' && partial_fails="$partial_fails $pkg"; \
    done; \
    test "${partial_fails}" != "" && echo "opam-repo-ci detected dependencies failing: ${partial_fails}"; \
    exit 1
RUN opam reinstall opam-bin.1.0.0; \
    res=$?; \
    test "$res" != 31 && exit "$res"; \
    export OPAMCLI=2.0; \
    build_dir=$(opam var prefix)/.opam-switch/build; \
    failed=$(ls "$build_dir"); \
    partial_fails=""; \
    for pkg in $failed; do \
    if opam show -f x-ci-accept-failures: "$pkg" | grep -qF "\"debian-12\""; then \
    echo "A package failed and has been disabled for CI using the 'x-ci-accept-failures' field."; \
    fi; \
    test "$pkg" != 'opam-bin.1.0.0' && partial_fails="$partial_fails $pkg"; \
    done; \
    test "${partial_fails}" != "" && echo "opam-repo-ci detected dependencies failing: ${partial_fails}"; \
    exit 1
RUN (opam reinstall --with-test opam-bin.1.0.0) || true
RUN opam reinstall --with-test --verbose opam-bin.1.0.0; \
    res=$?; \
    test "$res" != 31 && exit "$res"; \
    export OPAMCLI=2.0; \
    build_dir=$(opam var prefix)/.opam-switch/build; \
    failed=$(ls "$build_dir"); \
    partial_fails=""; \
    for pkg in $failed; do \
    if opam show -f x-ci-accept-failures: "$pkg" | grep -qF "\"debian-12\""; then \
    echo "A package failed and has been disabled for CI using the 'x-ci-accept-failures' field."; \
    fi; \
    test "$pkg" != 'opam-bin.1.0.0' && partial_fails="$partial_fails $pkg"; \
    done; \
    test "${partial_fails}" != "" && echo "opam-repo-ci detected dependencies failing: ${partial_fails}"; \
    exit 1
[0m
END-OF-DOCKERFILE
docker build -f ../Dockerfile .

2024-06-17 19:34.17: Using cache hint "ocaml/opam:debian-12-ocaml-4.14@sha256:68ecefb12259af7ac8f85f40002bb77c47ee641474979fd6a320ed7bf1222c7c-ocaml-secondary-compiler.4.14.2-opam-bin.1.0.0-3f2c920b90e20a61c5c90d25ab350fcf660158fd"
2024-06-17 19:34.17: Using OBuilder spec:
((from ocaml/opam:debian-12-ocaml-4.14@sha256:68ecefb12259af7ac8f85f40002bb77c47ee641474979fd6a320ed7bf1222c7c)
 (user (uid 1000) (gid 1000))
 (workdir /home/opam)
 (run (shell "sudo ln -f /usr/bin/opam-dev /usr/bin/opam"))
 (run (network host)
      (shell "opam init --reinit --config .opamrc-sandbox -ni"))
 (run (shell "uname -rs && opam exec -- ocaml -version && opam --version"))
 (env OPAMDOWNLOADJOBS 1)
 (env OPAMERRLOGLEN 0)
 (env OPAMSOLVERTIMEOUT 500)
 (env OPAMPRECISETRACKING 1)
 (env CI true)
 (env OPAM_REPO_CI true)
 (run (shell "rm -rf opam-repository/"))
 (copy (src .) (dst opam-repository/))
 (run (shell "opam repository set-url --strict default opam-repository/"))
 (run (network host)
      (shell "opam update --depexts || true"))
 (run (shell "opam pin add -k version -yn ocaml-secondary-compiler.4.14.2 4.14.2"))
 (run (cache (opam-archives (target /home/opam/.opam/download-cache)))
      (network host)
      (shell  "opam reinstall ocaml-secondary-compiler.4.14.2;\
             \n        res=$?;\
             \n        test \"$res\" != 31 && exit \"$res\";\
             \n        export OPAMCLI=2.0;\
             \n        build_dir=$(opam var prefix)/.opam-switch/build;\
             \n        failed=$(ls \"$build_dir\");\
             \n        partial_fails=\"\";\
             \n        for pkg in $failed; do\
             \n          if opam show -f x-ci-accept-failures: \"$pkg\" | grep -qF \"\\\"debian-12\\\"\"; then\
             \n            echo \"A package failed and has been disabled for CI using the 'x-ci-accept-failures' field.\";\
             \n          fi;\
             \n          test \"$pkg\" != 'ocaml-secondary-compiler.4.14.2' && partial_fails=\"$partial_fails $pkg\";\
             \n        done;\
             \n        test \"${partial_fails}\" != \"\" && echo \"opam-repo-ci detected dependencies failing: ${partial_fails}\";\
             \n        exit 1"))
 (run (cache (opam-archives (target /home/opam/.opam/download-cache)))
      (network host)
      (shell  "opam reinstall opam-bin.1.0.0;\
             \n        res=$?;\
             \n        test \"$res\" != 31 && exit \"$res\";\
             \n        export OPAMCLI=2.0;\
             \n        build_dir=$(opam var prefix)/.opam-switch/build;\
             \n        failed=$(ls \"$build_dir\");\
             \n        partial_fails=\"\";\
             \n        for pkg in $failed; do\
             \n          if opam show -f x-ci-accept-failures: \"$pkg\" | grep -qF \"\\\"debian-12\\\"\"; then\
             \n            echo \"A package failed and has been disabled for CI using the 'x-ci-accept-failures' field.\";\
             \n          fi;\
             \n          test \"$pkg\" != 'opam-bin.1.0.0' && partial_fails=\"$partial_fails $pkg\";\
             \n        done;\
             \n        test \"${partial_fails}\" != \"\" && echo \"opam-repo-ci detected dependencies failing: ${partial_fails}\";\
             \n        exit 1"))
 (run (network host)
      (shell "(opam reinstall --with-test opam-bin.1.0.0) || true"))
 (run (shell  "opam reinstall --with-test --verbose opam-bin.1.0.0;\
             \n        res=$?;\
             \n        test \"$res\" != 31 && exit \"$res\";\
             \n        export OPAMCLI=2.0;\
             \n        build_dir=$(opam var prefix)/.opam-switch/build;\
             \n        failed=$(ls \"$build_dir\");\
             \n        partial_fails=\"\";\
             \n        for pkg in $failed; do\
             \n          if opam show -f x-ci-accept-failures: \"$pkg\" | grep -qF \"\\\"debian-12\\\"\"; then\
             \n            echo \"A package failed and has been disabled for CI using the 'x-ci-accept-failures' field.\";\
             \n          fi;\
             \n          test \"$pkg\" != 'opam-bin.1.0.0' && partial_fails=\"$partial_fails $pkg\";\
             \n        done;\
             \n        test \"${partial_fails}\" != \"\" && echo \"opam-repo-ci detected dependencies failing: ${partial_fails}\";\
             \n        exit 1"))
)

2024-06-17 19:34.17: Waiting for resource in pool OCluster
2024-06-17 21:57.34: Waiting for workerâ€¦
2024-06-17 22:00.23: Got resource from pool OCluster
Building on x86-bm-c13.sw.ocaml.org
All commits already cached
Updating files:  43% (13720/31554)Updating files:  44% (13884/31554)Updating files:  45% (14200/31554)Updating files:  46% (14515/31554)Updating files:  47% (14831/31554)Updating files:  48% (15146/31554)Updating files:  49% (15462/31554)Updating files:  50% (15777/31554)Updating files:  51% (16093/31554)Updating files:  52% (16409/31554)Updating files:  53% (16724/31554)Updating files:  54% (17040/31554)Updating files:  55% (17355/31554)Updating files:  56% (17671/31554)Updating files:  57% (17986/31554)Updating files:  58% (18302/31554)Updating files:  59% (18617/31554)Updating files:  60% (18933/31554)Updating files:  61% (19248/31554)Updating files:  62% (19564/31554)Updating files:  63% (19880/31554)Updating files:  64% (20195/31554)Updating files:  65% (20511/31554)Updating files:  66% (20826/31554)Updating files:  67% (21142/31554)Updating files:  68% (21457/31554)Updating files:  69% (21773/31554)Updating files:  70% (22088/31554)Updating files:  71% (22404/31554)Updating files:  72% (22719/31554)Updating files:  73% (23035/31554)Updating files:  74% (23350/31554)Updating files:  75% (23666/31554)Updating files:  76% (23982/31554)Updating files:  77% (24297/31554)Updating files:  78% (24613/31554)Updating files:  79% (24928/31554)Updating files:  80% (25244/31554)Updating files:  81% (25559/31554)Updating files:  82% (25875/31554)Updating files:  83% (26190/31554)Updating files:  84% (26506/31554)Updating files:  84% (26608/31554)Updating files:  85% (26821/31554)Updating files:  86% (27137/31554)Updating files:  87% (27452/31554)Updating files:  88% (27768/31554)Updating files:  89% (28084/31554)Updating files:  90% (28399/31554)Updating files:  91% (28715/31554)Updating files:  92% (29030/31554)Updating files:  93% (29346/31554)Updating files:  94% (29661/31554)Updating files:  95% (29977/31554)Updating files:  96% (30292/31554)Updating files:  97% (30608/31554)Updating files:  98% (30923/31554)Updating files:  99% (31239/31554)Updating files: 100% (31554/31554)Updating files: 100% (31554/31554), done.
HEAD is now at 5d6f1cf035 Merge pull request #26098 from yawaramin/release-dream-html-v3.5.2
Merge made by the 'ort' strategy.
 packages/base-flambda2/base-flambda2.base/opam     |  8 +++
 packages/dune-secondary/dune-secondary.3.8.1/opam  | 60 ++++++++++++++++++++++
 .../menhir-secondary.20210419/opam                 | 34 ++++++++++++
 .../ocaml-secondary-compiler.4.14.2/opam           | 30 +++++++++++
 .../ocaml-variants.5.1.1+flambda2/opam             | 46 +++++++++++++++++
 5 files changed, 178 insertions(+)
 create mode 100644 packages/base-flambda2/base-flambda2.base/opam
 create mode 100644 packages/dune-secondary/dune-secondary.3.8.1/opam
 create mode 100644 packages/menhir-secondary/menhir-secondary.20210419/opam
 create mode 100644 packages/ocaml-secondary-compiler/ocaml-secondary-compiler.4.14.2/opam
 create mode 100644 packages/ocaml-variants/ocaml-variants.5.1.1+flambda2/opam

[01;34m(from ocaml/opam:debian-12-ocaml-4.14@sha256:68ecefb12259af7ac8f85f40002bb77c47ee641474979fd6a320ed7bf1222c7c)[0m
[01;2m[01;35m2024-06-17 22:00.28 ---> using "be6362479294069b96a78ceb45e5e59b696aa4ead55eec8c4ca81a46ae6af254" from cache[0m

[01;34m/: (user (uid 1000) (gid 1000))[0m

[01;34m/: (workdir /home/opam)[0m

[01;34m/home/opam: (run (shell "sudo ln -f /usr/bin/opam-dev /usr/bin/opam"))[0m
[01;2m[01;35m2024-06-17 22:00.28 ---> using "8ad80d6a0debeaed101481b8cff66e1eafb8b0e653f48d497136a3cd6c73afd4" from cache[0m

[01;34m/home/opam: (run (network host)
                 (shell "opam init --reinit --config .opamrc-sandbox -ni"))[0m
Configuring from /home/opam/.opamrc-sandbox, then /home/opam/.opamrc, and finally from built-in defaults.
Checking for available remotes: rsync and local, git.
  - you won't be able to use mercurial repositories unless you install the hg command on your system.
  - you won't be able to use darcs repositories unless you install the darcs command on your system.

This development version of opam requires an update to the layout of /home/opam/.opam from version 2.0 to version 2.2~beta, which can't be reverted.
You may want to back it up before going further.

Continue? [y/n] y
Format upgrade done.

<><> Updating repositories ><><><><><><><><><><><><><><><><><><><><><><><><><><>
[default] synchronised from file:///home/opam/opam-repository
[01;2m[01;35m2024-06-17 22:00.28 ---> using "56bbd298ac51fe1e7634bdd19c2541599a9d163a08dafe773745bbf4eb18410c" from cache[0m

[01;34m/home/opam: (run (shell "uname -rs && opam exec -- ocaml -version && opam --version"))[0m
Linux 5.15.0-112-generic
The OCaml toplevel, version 4.14.2
2.2.0~beta3~dev
[01;2m[01;35m2024-06-17 22:00.28 ---> using "152abb09d7c0ec6a6b81839d18fba96e3d05ed398f577cd267f0f4b08f6eb24b" from cache[0m

[01;34m/home/opam: (env OPAMDOWNLOADJOBS 1)[0m

[01;34m/home/opam: (env OPAMERRLOGLEN 0)[0m

[01;34m/home/opam: (env OPAMSOLVERTIMEOUT 500)[0m

[01;34m/home/opam: (env OPAMPRECISETRACKING 1)[0m

[01;34m/home/opam: (env CI true)[0m

[01;34m/home/opam: (env OPAM_REPO_CI true)[0m

[01;34m/home/opam: (run (shell "rm -rf opam-repository/"))[0m
[01;2m[01;35m2024-06-17 22:00.28 ---> using "ed21e7d865a19fc202b822ef2e288487fef395f0eb5a1334ec4e29366b626f01" from cache[0m

[01;34m/home/opam: (copy (src .) (dst opam-repository/))[0m
[01;2m[01;35m2024-06-17 22:00.30 ---> using "87714c5da9847fac11b9a56940173d1997c1c1161df2e16668aa8c668afcd33b" from cache[0m

[01;34m/home/opam: (run (shell "opam repository set-url --strict default opam-repository/"))[0m
[default] Initialised
[01;2m[01;35m2024-06-17 22:00.30 ---> using "88bec433876cda499d6bf3693125a84078516c9508a2ecad2cb8497fef23a877" from cache[0m

[01;34m/home/opam: (run (network host)
                 (shell "opam update --depexts || true"))[0m
+ /usr/bin/sudo "apt-get" "update"
- Hit:1 http://deb.debian.org/debian bookworm InRelease
- Get:2 http://deb.debian.org/debian bookworm-updates InRelease [55.4 kB]
- Get:3 http://deb.debian.org/debian-security bookworm-security InRelease [48.0 kB]
- Get:4 http://deb.debian.org/debian-security bookworm-security/main amd64 Packages [160 kB]
- Fetched 263 kB in 0s (826 kB/s)
- Reading package lists...
- 
[01;2m[01;35m2024-06-17 22:00.30 ---> using "225c9c9fb985ff177aff4eb650c3d0b39b72e6a6a0a6d05b628d10b6ab428069" from cache[0m

[01;34m/home/opam: (run (shell "opam pin add -k version -yn ocaml-secondary-compiler.4.14.2 4.14.2"))[0m
ocaml-secondary-compiler is now pinned to version 4.14.2
[01;2m[01;35m2024-06-17 22:00.30 ---> using "06ffc9c149b09d63483bc3e00071081b98319e74cb5e0eb9b0b091f411da9312" from cache[0m

[01;34m/home/opam: (run (cache (opam-archives (target /home/opam/.opam/download-cache)))
                 (network host)
                 (shell  "opam reinstall ocaml-secondary-compiler.4.14.2;\
                        \n        res=$?;\
                        \n        test \"$res\" != 31 && exit \"$res\";\
                        \n        export OPAMCLI=2.0;\
                        \n        build_dir=$(opam var prefix)/.opam-switch/build;\
                        \n        failed=$(ls \"$build_dir\");\
                        \n        partial_fails=\"\";\
                        \n        for pkg in $failed; do\
                        \n          if opam show -f x-ci-accept-failures: \"$pkg\" | grep -qF \"\\\"debian-12\\\"\"; then\
                        \n            echo \"A package failed and has been disabled for CI using the 'x-ci-accept-failures' field.\";\
                        \n          fi;\
                        \n          test \"$pkg\" != 'ocaml-secondary-compiler.4.14.2' && partial_fails=\"$partial_fails $pkg\";\
                        \n        done;\
                        \n        test \"${partial_fails}\" != \"\" && echo \"opam-repo-ci detected dependencies failing: ${partial_fails}\";\
                        \n        exit 1"))[0m
ocaml-secondary-compiler.4.14.2 is not installed. Install it? [y/n] y
The following actions will be performed:
=== install 1 package
  - install ocaml-secondary-compiler 4.14.2 (pinned)

<><> Processing actions <><><><><><><><><><><><><><><><><><><><><><><><><><><><>
-> retrieved ocaml-secondary-compiler.4.14.2  (cached)
-> installed ocaml-secondary-compiler.4.14.2
Done.
# Run eval $(opam env) to update the current shell environment
[01;2m[01;35m2024-06-17 22:00.30 ---> using "277ee3ce8272f307a1555485d0eb45c0a5b2fb675775ef9e61eff10a172bd149" from cache[0m

[01;34m/home/opam: (run (cache (opam-archives (target /home/opam/.opam/download-cache)))
                 (network host)
                 (shell  "opam reinstall opam-bin.1.0.0;\
                        \n        res=$?;\
                        \n        test \"$res\" != 31 && exit \"$res\";\
                        \n        export OPAMCLI=2.0;\
                        \n        build_dir=$(opam var prefix)/.opam-switch/build;\
                        \n        failed=$(ls \"$build_dir\");\
                        \n        partial_fails=\"\";\
                        \n        for pkg in $failed; do\
                        \n          if opam show -f x-ci-accept-failures: \"$pkg\" | grep -qF \"\\\"debian-12\\\"\"; then\
                        \n            echo \"A package failed and has been disabled for CI using the 'x-ci-accept-failures' field.\";\
                        \n          fi;\
                        \n          test \"$pkg\" != 'opam-bin.1.0.0' && partial_fails=\"$partial_fails $pkg\";\
                        \n        done;\
                        \n        test \"${partial_fails}\" != \"\" && echo \"opam-repo-ci detected dependencies failing: ${partial_fails}\";\
                        \n        exit 1"))[0m
opam-bin.1.0.0 is not installed. Install it? [y/n] y
The following actions will be performed:
=== install 29 packages
  - install angstrom           0.16.0  [required by uri]
  - install bigstringaf        0.9.0   [required by angstrom]
  - install cmdliner           1.3.0   [required by ez_cmdliner]
  - install conf-pkg-config    3       [required by bigstringaf]
  - install cstruct            6.2.0   [required by hex]
  - install dune               2.9.3   [required by opam-bin]
  - install ez_cmdliner        0.4.3   [required by opam-bin]
  - install ez_config          0.1.1   [required by opam-bin]
  - install ez_file            0.2.0   [required by opam-bin]
  - install ez_subst           0.2.1   [required by ez_cmdliner]
  - install ezjsonm            1.3.0   [required by opam-bin]
  - install fmt                0.9.0   [required by cstruct]
  - install hex                1.5.0   [required by ezjsonm]
  - install jsonm              1.0.2   [required by ezjsonm]
  - install ocaml-syntax-shims 1.0.0   [required by angstrom]
  - install ocamlbuild         0.14.3  [required by jsonm]
  - install ocamlfind          1.9.6   [required by jsonm]
  - install ocplib-json-typed  0.7.1   [required by opam-bin]
  - install ocplib_stuff       0.4.0   [required by ez_cmdliner]
  - install opam-bin           1.0.0
  - install opam-file-format   2.1.6   [required by opam-bin]
  - install opam_bin_lib       1.0.0   [required by opam-bin]
  - install re                 1.11.0  [required by opam-bin]
  - install seq                base    [required by re]
  - install sexplib0           v0.16.0 [required by ezjsonm]
  - install stringext          1.6.0   [required by uri]
  - install topkg              1.0.7   [required by jsonm]
  - install uri                4.4.0   [required by ocplib-json-typed]
  - install uutf               1.0.3   [required by ezjsonm]

The following system packages will first need to be installed:
    pkg-config

<><> Handling external dependencies <><><><><><><><><><><><><><><><><><><><><><>

opam believes some required external dependencies are missing. opam can:
> 1. Run apt-get to install them (may need root/sudo access)
  2. Display the recommended apt-get command and wait while you run it manually (e.g. in another terminal)
  3. Continue anyway, and, upon success, permanently register that this external dependency is present, but not detectable
  4. Abort the installation

[1/2/3/4] 1

+ /usr/bin/sudo "apt-get" "install" "-qq" "-yy" "pkg-config"
- debconf: delaying package configuration, since apt-utils is not installed
- Selecting previously unselected package libpkgconf3:amd64.
- (Reading database ... (Reading database ... 5%(Reading database ... 10%(Reading database ... 15%(Reading database ... 20%(Reading database ... 25%(Reading database ... 30%(Reading database ... 35%(Reading database ... 40%(Reading database ... 45%(Reading database ... 50%(Reading database ... 55%(Reading database ... 60%(Reading database ... 65%(Reading database ... 70%(Reading database ... 75%(Reading database ... 80%(Reading database ... 85%(Reading database ... 90%(Reading database ... 95%(Reading database ... 100%(Reading database ... 18735 files and directories currently installed.)
- Preparing to unpack .../libpkgconf3_1.8.1-1_amd64.deb ...
- Unpacking libpkgconf3:amd64 (1.8.1-1) ...
- Selecting previously unselected package pkgconf-bin.
- Preparing to unpack .../pkgconf-bin_1.8.1-1_amd64.deb ...
- Unpacking pkgconf-bin (1.8.1-1) ...
- Selecting previously unselected package pkgconf:amd64.
- Preparing to unpack .../pkgconf_1.8.1-1_amd64.deb ...
- Unpacking pkgconf:amd64 (1.8.1-1) ...
- Selecting previously unselected package pkg-config:amd64.
- Preparing to unpack .../pkg-config_1.8.1-1_amd64.deb ...
- Unpacking pkg-config:amd64 (1.8.1-1) ...
- Setting up libpkgconf3:amd64 (1.8.1-1) ...
- Setting up pkgconf-bin (1.8.1-1) ...
- Setting up pkgconf:amd64 (1.8.1-1) ...
- Setting up pkg-config:amd64 (1.8.1-1) ...
- Processing triggers for libc-bin (2.36-9+deb12u7) ...

<><> Processing actions <><><><><><><><><><><><><><><><><><><><><><><><><><><><>
-> retrieved angstrom.0.16.0  (cached)
-> retrieved bigstringaf.0.9.0  (cached)
-> retrieved cmdliner.1.3.0  (cached)
-> installed conf-pkg-config.3
-> retrieved cstruct.6.2.0  (cached)
-> retrieved dune.2.9.3  (cached)
-> retrieved ez_cmdliner.0.4.3  (cached)
-> retrieved ez_config.0.1.1  (cached)
-> retrieved ez_file.0.2.0  (cached)
-> retrieved ez_subst.0.2.1  (cached)
-> retrieved ezjsonm.1.3.0  (cached)
-> retrieved fmt.0.9.0  (cached)
-> retrieved hex.1.5.0  (cached)
-> retrieved jsonm.1.0.2  (cached)
-> retrieved ocaml-syntax-shims.1.0.0  (cached)
-> retrieved ocamlbuild.0.14.3  (cached)
-> retrieved ocamlfind.1.9.6  (cached)
-> retrieved ocplib-json-typed.0.7.1  (cached)
-> retrieved ocplib_stuff.0.4.0  (cached)
-> retrieved opam-bin.1.0.0, opam_bin_lib.1.0.0  (https://github.com/ocamlpro/opam-bin/archive/v1.0.0.tar.gz)
-> retrieved opam-file-format.2.1.6  (cached)
-> retrieved re.1.11.0  (cached)
-> retrieved seq.base  (cached)
-> installed seq.base
-> retrieved sexplib0.v0.16.0  (cached)
-> retrieved stringext.1.6.0  (cached)
-> retrieved topkg.1.0.7  (cached)
-> retrieved uri.4.4.0  (cached)
-> retrieved uutf.1.0.3  (cached)
-> installed cmdliner.1.3.0
-> installed ocamlfind.1.9.6
-> installed ocamlbuild.0.14.3
-> installed topkg.1.0.7
-> installed dune.2.9.3
-> installed bigstringaf.0.9.0
-> installed stringext.1.6.0
-> installed ez_subst.0.2.1
-> installed ocplib_stuff.0.4.0
-> installed sexplib0.v0.16.0
-> installed uutf.1.0.3
-> installed opam-file-format.2.1.6
-> installed ocaml-syntax-shims.1.0.0
-> installed fmt.0.9.0
-> installed re.1.11.0
-> installed ez_cmdliner.0.4.3
-> installed angstrom.0.16.0
-> installed cstruct.6.2.0
-> installed ez_file.0.2.0
-> installed hex.1.5.0
-> installed jsonm.1.0.2
-> installed ezjsonm.1.3.0
-> installed ez_config.0.1.1
-> installed uri.4.4.0
-> installed ocplib-json-typed.0.7.1
-> installed opam_bin_lib.1.0.0
-> installed opam-bin.1.0.0
Done.
# Run eval $(opam env) to update the current shell environment
[01;2m[01;35m2024-06-17 22:01.12 ---> saved as "dbc486b89722ee1e4ad529dfd74bcd95ed61f2a017ecc0274b4b2d391e11524c"[0m

[01;34m/home/opam: (run (network host)
                 (shell "(opam reinstall --with-test opam-bin.1.0.0) || true"))[0m
[ERROR] Sorry, resolution of the request timed out.
        Try to specify a more precise request, use a different solver, or increase the allowed time by setting OPAMSOLVERTIMEOUT to a bigger value (currently, it is set to 500.0 seconds).
[01;2m[01;35m2024-06-17 22:09.45 ---> saved as "2f37dc7432ed275d03da14d1413538ded32b02f1762cb493af96c2992d5db424"[0m

[01;34m/home/opam: (run (shell  "opam reinstall --with-test --verbose opam-bin.1.0.0;\
                        \n        res=$?;\
                        \n        test \"$res\" != 31 && exit \"$res\";\
                        \n        export OPAMCLI=2.0;\
                        \n        build_dir=$(opam var prefix)/.opam-switch/build;\
                        \n        failed=$(ls \"$build_dir\");\
                        \n        partial_fails=\"\";\
                        \n        for pkg in $failed; do\
                        \n          if opam show -f x-ci-accept-failures: \"$pkg\" | grep -qF \"\\\"debian-12\\\"\"; then\
                        \n            echo \"A package failed and has been disabled for CI using the 'x-ci-accept-failures' field.\";\
                        \n          fi;\
                        \n          test \"$pkg\" != 'opam-bin.1.0.0' && partial_fails=\"$partial_fails $pkg\";\
                        \n        done;\
                        \n        test \"${partial_fails}\" != \"\" && echo \"opam-repo-ci detected dependencies failing: ${partial_fails}\";\
                        \n        exit 1"))[0m
The following actions will be performed:
=== downgrade 1 package
  - downgrade sexplib0            v0.16.0 to v0.15.1 [required by base]
=== recompile 3 packages
  - recompile ezjsonm             1.3.0              [uses sexplib0]
  - recompile opam-bin            1.0.0
  - recompile opam_bin_lib        1.0.0              [uses ezjsonm]
=== install 37 packages
  - install   astring             0.8.5              [required by fpath, odoc-parser]
  - install   base                v0.15.1            [required by ocamlformat, ppx_expect]
  - install   base-bytes          base               [required by ocp-indent]
  - install   dune-build-info     2.9.3              [required by ocamlformat]
  - install   dune-configurator   2.7.0              [required by base]
  - install   either              1.0.0              [required by ocamlformat]
  - install   fix                 20230505           [required by ocamlformat]
  - install   fpath               0.7.3              [required by ocamlformat]
  - install   jane-street-headers v0.15.0            [required by time_now]
  - install   jst-config          v0.15.1            [required by time_now]
  - install   menhir              20230608           [required by ocamlformat]
  - install   menhirLib           20230608           [required by ocamlformat]
  - install   menhirSdk           20230608           [required by ocamlformat]
  - install   ocaml-compiler-libs v0.12.4            [required by ppxlib]
  - install   ocaml-version       3.5.0              [required by ocamlformat]
  - install   ocamlformat         0.21.0             [required by opam-bin]
  - install   ocp-indent          1.8.1              [required by ocamlformat]
  - install   odoc-parser         1.0.0              [required by ocamlformat]
  - install   ppx_assert          v0.15.0            [required by jst-config]
  - install   ppx_base            v0.15.0            [required by time_now]
  - install   ppx_cold            v0.15.0            [required by ppx_base]
  - install   ppx_compare         v0.15.0            [required by ppx_base]
  - install   ppx_derivers        1.2.1              [required by ppxlib]
  - install   ppx_enumerate       v0.15.0            [required by ppx_base]
  - install   ppx_expect          v0.15.1            [required by opam-bin]
  - install   ppx_hash            v0.15.0            [required by ppx_base]
  - install   ppx_here            v0.15.0            [required by ppx_expect]
  - install   ppx_inline_test     v0.15.1            [required by opam-bin]
  - install   ppx_optcomp         v0.15.0            [required by time_now]
  - install   ppx_sexp_conv       v0.15.1            [required by ppx_base]
  - install   ppxlib              0.32.1             [required by ppx_expect]
  - install   result              1.5                [required by odoc-parser]
  - install   stdio               v0.15.0            [required by ocamlformat, ppx_expect]
  - install   stdlib-shims        0.3.0              [required by ppxlib]
  - install   time_now            v0.15.0            [required by ppx_inline_test]
  - install   uucp                15.1.0             [required by uuseg]
  - install   uuseg               15.1.0             [required by ocamlformat]

<><> Processing actions <><><><><><><><><><><><><><><><><><><><><><><><><><><><>
Processing  1/124: [astring.0.8.5: http]
[ERROR] Failed to get sources of astring.0.8.5: Curl failed
Processing  2/124: [base.v0.15.1: http]
Processing  3/124: [base.v0.15.1: http]
Processing  4/124: [base.v0.15.1: http]
[ERROR] Failed to get sources of base.v0.15.1: Curl failed
Processing  6/124: [dune-build-info.2.9.3: http]
Processing  7/124: [dune-build-info.2.9.3: http]
-> installed base-bytes.base
Processing  8/124: [dune-build-info.2.9.3: http]
[ERROR] Failed to get sources of dune-build-info.2.9.3: Curl failed
Processing  9/124: [dune-configurator.2.7.0: http]
Processing 10/124: [dune-configurator.2.7.0: http]
Processing 11/124: [dune-configurator.2.7.0: http]
[ERROR] Failed to get sources of dune-configurator.2.7.0: Curl failed
Processing 12/124: [either.1.0.0: http]
Processing 13/124: [either.1.0.0: http]
Processing 14/124: [either.1.0.0: http]
[ERROR] Failed to get sources of either.1.0.0: Curl failed
Processing 15/124: [ezjsonm.1.3.0: http]
Processing 16/124: [ezjsonm.1.3.0: http]
Processing 17/124: [ezjsonm.1.3.0: http]
[ERROR] Failed to get sources of ezjsonm.1.3.0: Curl failed
Processing 18/124: [fix.20230505: http]
[ERROR] Failed to get sources of fix.20230505: Curl failed
Processing 19/124: [fpath.0.7.3: http]
Processing 20/124: [fpath.0.7.3: http]
Processing 21/124: [fpath.0.7.3: http]
[ERROR] Failed to get sources of fpath.0.7.3: Curl failed
Processing 22/124: [jane-street-headers.v0.15.0: http]
Processing 23/124: [jane-street-headers.v0.15.0: http]
Processing 24/124: [jane-street-headers.v0.15.0: http]
[ERROR] Failed to get sources of jane-street-headers.v0.15.0: Curl failed
Processing 25/124: [jst-config.v0.15.1: http]
Processing 26/124: [jst-config.v0.15.1: http]
Processing 27/124: [jst-config.v0.15.1: http]
[ERROR] Failed to get sources of jst-config.v0.15.1: Curl failed
Processing 28/124: [menhir.20230608, menhirLib.20230608, menhirSdk.20230608: http]
[ERROR] Failed to get sources of menhir.20230608, menhirLib.20230608, menhirSdk.20230608 (https://gitlab.inria.fr/fpottier/menhir/-/archive/20230608/archive.tar.gz): Curl failed
Processing 29/124: [ocaml-compiler-libs.v0.12.4: http]
Processing 30/124: [ocaml-compiler-libs.v0.12.4: http]
Processing 31/124: [ocaml-compiler-libs.v0.12.4: http]
Processing 32/124: [ocaml-compiler-libs.v0.12.4: http]
Processing 33/124: [ocaml-compiler-libs.v0.12.4: http]
Processing 34/124: [ocaml-compiler-libs.v0.12.4: http]
Processing 35/124: [ocaml-compiler-libs.v0.12.4: http]
[ERROR] Failed to get sources of ocaml-compiler-libs.v0.12.4: Curl failed
Processing 36/124: [ocaml-version.3.5.0: http]
Processing 37/124: [ocaml-version.3.5.0: http]
Processing 38/124: [ocaml-version.3.5.0: http]
[ERROR] Failed to get sources of ocaml-version.3.5.0: Curl failed
Processing 39/124: [ocamlformat.0.21.0: http]
Processing 40/124: [ocamlformat.0.21.0: http]
Processing 41/124: [ocamlformat.0.21.0: http]
[ERROR] Failed to get sources of ocamlformat.0.21.0: Curl failed
Processing 42/124: [ocp-indent.1.8.1: http]
[ERROR] Failed to get sources of ocp-indent.1.8.1: Curl failed
Processing 43/124: [odoc-parser.1.0.0: http]
Processing 44/124: [odoc-parser.1.0.0: http]
Processing 45/124: [odoc-parser.1.0.0: http]
[ERROR] Failed to get sources of odoc-parser.1.0.0: Curl failed
Processing 46/124: [opam-bin.1.0.0, opam_bin_lib.1.0.0: http]
[ERROR] Failed to get sources of opam-bin.1.0.0, opam_bin_lib.1.0.0 (https://github.com/ocamlpro/opam-bin/archive/v1.0.0.tar.gz): Curl failed
Processing 47/124: [ppx_assert.v0.15.0: http]
[ERROR] Failed to get sources of ppx_assert.v0.15.0: Curl failed
Processing 48/124: [ppx_base.v0.15.0: http]
[ERROR] Failed to get sources of ppx_base.v0.15.0: Curl failed
Processing 49/124: [ppx_cold.v0.15.0: http]
[ERROR] Failed to get sources of ppx_cold.v0.15.0: Curl failed
Processing 50/124: [ppx_compare.v0.15.0: http]
[ERROR] Failed to get sources of ppx_compare.v0.15.0: Curl failed
Processing 51/124: [ppx_derivers.1.2.1: http]
[ERROR] Failed to get sources of ppx_derivers.1.2.1: Curl failed
Processing 52/124: [ppx_enumerate.v0.15.0: http]
Processing 53/124: [ppx_enumerate.v0.15.0: http]
Processing 54/124: [ppx_enumerate.v0.15.0: http]
[ERROR] Failed to get sources of ppx_enumerate.v0.15.0: Curl failed
Processing 55/124: [ppx_expect.v0.15.1: http]
[ERROR] Failed to get sources of ppx_expect.v0.15.1: Curl failed
Processing 56/124: [ppx_hash.v0.15.0: http]
[ERROR] Failed to get sources of ppx_hash.v0.15.0: Curl failed
Processing 57/124: [ppx_here.v0.15.0: http]
[ERROR] Failed to get sources of ppx_here.v0.15.0: Curl failed
Processing 58/124: [ppx_inline_test.v0.15.1: http]
[ERROR] Failed to get sources of ppx_inline_test.v0.15.1: Curl failed
Processing 59/124: [ppx_optcomp.v0.15.0: http]
[ERROR] Failed to get sources of ppx_optcomp.v0.15.0: Curl failed
Processing 60/124: [ppx_sexp_conv.v0.15.1: http]
[ERROR] Failed to get sources of ppx_sexp_conv.v0.15.1: Curl failed
Processing 61/124: [ppxlib.0.32.1: http]
[ERROR] Failed to get sources of ppxlib.0.32.1: Curl failed
Processing 62/124: [result.1.5: http]
[ERROR] Failed to get sources of result.1.5: Curl failed
Processing 63/124: [sexplib0.v0.15.1: http]
Processing 64/124: [sexplib0.v0.15.1: http]
Processing 65/124: [sexplib0.v0.15.1: http]
Processing 66/124: [sexplib0.v0.15.1: http]
Processing 67/124: [sexplib0.v0.15.1: http]
[ERROR] Failed to get sources of sexplib0.v0.15.1: Curl failed
Processing 68/124: [stdio.v0.15.0: http]
Processing 69/124: [stdio.v0.15.0: http]
[ERROR] Failed to get sources of stdio.v0.15.0: Curl failed
Processing 70/124: [stdlib-shims.0.3.0: http]
[ERROR] Failed to get sources of stdlib-shims.0.3.0: Curl failed
Processing 71/124: [time_now.v0.15.0: http]
Processing 72/124: [time_now.v0.15.0: http]
Processing 73/124: [time_now.v0.15.0: http]
[ERROR] Failed to get sources of time_now.v0.15.0: Curl failed
Processing 74/124: [uucp.15.1.0: http]
[ERROR] Failed to get sources of uucp.15.1.0: Curl failed
Processing 75/124: [uuseg.15.1.0: http]
Processing 76/124: [uuseg.15.1.0: http]
Processing 77/124: [uuseg.15.1.0: http]
Processing 78/124: [uuseg.15.1.0: http]
Processing 79/124: [uuseg.15.1.0: http]
Processing 80/124: [uuseg.15.1.0: http]
Processing 81/124: [uuseg.15.1.0: http]
Processing 82/124: [uuseg.15.1.0: http]
Processing 83/124: [uuseg.15.1.0: http]
Processing 84/124: [uuseg.15.1.0: http]
Processing 85/124: [uuseg.15.1.0: http]
Processing 86/124: [uuseg.15.1.0: http]
Processing 87/124: [uuseg.15.1.0: http]
Processing 88/124: [uuseg.15.1.0: http]
Processing 89/124: [uuseg.15.1.0: http]
Processing 90/124: [uuseg.15.1.0: http]
Processing 91/124: [uuseg.15.1.0: http]
Processing 92/124: [uuseg.15.1.0: http]
Processing 93/124: [uuseg.15.1.0: http]
Processing 94/124: [uuseg.15.1.0: http]
Processing 95/124: [uuseg.15.1.0: http]
Processing 96/124: [uuseg.15.1.0: http]
Processing 97/124: [uuseg.15.1.0: http]
Processing 98/124: [uuseg.15.1.0: http]
Processing 99/124: [uuseg.15.1.0: http]
Processing 100/124: [uuseg.15.1.0: http]
Processing 101/124: [uuseg.15.1.0: http]
Processing 102/124: [uuseg.15.1.0: http]
Processing 103/124: [uuseg.15.1.0: http]
Processing 104/124: [uuseg.15.1.0: http]
Processing 105/124: [uuseg.15.1.0: http]
Processing 106/124: [uuseg.15.1.0: http]
Processing 107/124: [uuseg.15.1.0: http]
Processing 108/124: [uuseg.15.1.0: http]
Processing 109/124: [uuseg.15.1.0: http]
Processing 110/124: [uuseg.15.1.0: http]
Processing 111/124: [uuseg.15.1.0: http]
Processing 112/124: [uuseg.15.1.0: http]
Processing 113/124: [uuseg.15.1.0: http]
Processing 114/124: [uuseg.15.1.0: http]
Processing 115/124: [uuseg.15.1.0: http]
Processing 116/124: [uuseg.15.1.0: http]
Processing 117/124: [uuseg.15.1.0: http]
Processing 118/124: [uuseg.15.1.0: http]
[ERROR] Failed to get sources of uuseg.15.1.0: Curl failed

#=== ERROR while fetching sources for uuseg.15.1.0 ============================#
OpamSolution.Fetch_fail("https://erratique.ch/software/uuseg/releases/uuseg-15.1.0.tbz (Curl failed: \"/usr/bin/curl --write-out %{http_code}\\\\n --retry 3 --retry-delay 2 --user-agent opam/2.2.0~beta3~dev -L -o /home/opam/.opam/4.14/.opam-switch/sources/uuseg.15.1.0/uuseg-15.1.0.tbz.part -- https://erratique.ch/software/uuseg/releases/uuseg-15.1.0.tbz\" exited with code 6)")

#=== ERROR while fetching sources for uucp.15.1.0 =============================#
OpamSolution.Fetch_fail("https://erratique.ch/software/uucp/releases/uucp-15.1.0.tbz (Curl failed: \"/usr/bin/curl --write-out %{http_code}\\\\n --retry 3 --retry-delay 2 --user-agent opam/2.2.0~beta3~dev -L -o /home/opam/.opam/4.14/.opam-switch/sources/uucp.15.1.0/uucp-15.1.0.tbz.part -- https://erratique.ch/software/uucp/releases/uucp-15.1.0.tbz\" exited with code 6)")

#=== ERROR while fetching sources for time_now.v0.15.0 ========================#
OpamSolution.Fetch_fail("https://ocaml.janestreet.com/ocaml-core/v0.15/files/time_now-v0.15.0.tar.gz (Curl failed: \"/usr/bin/curl --write-out %{http_code}\\\\n --retry 3 --retry-delay 2 --user-agent opam/2.2.0~beta3~dev -L -o /home/opam/.opam/4.14/.opam-switch/sources/time_now.v0.15.0/time_now-v0.15.0.tar.gz.part -- https://ocaml.janestreet.com/ocaml-core/v0.15/files/time_now-v0.15.0.tar.gz\" exited with code 6)")

#=== ERROR while fetching sources for stdlib-shims.0.3.0 ======================#
OpamSolution.Fetch_fail("https://github.com/ocaml/stdlib-shims/releases/download/0.3.0/stdlib-shims-0.3.0.tbz (Curl failed: \"/usr/bin/curl --write-out %{http_code}\\\\n --retry 3 --retry-delay 2 --user-agent opam/2.2.0~beta3~dev -L -o /home/opam/.opam/4.14/.opam-switch/sources/stdlib-shims.0.3.0/stdlib-shims-0.3.0.tbz.part -- https://github.com/ocaml/stdlib-shims/releases/download/0.3.0/stdlib-shims-0.3.0.tbz\" exited with code 6)")

#=== ERROR while fetching sources for stdio.v0.15.0 ===========================#
OpamSolution.Fetch_fail("https://ocaml.janestreet.com/ocaml-core/v0.15/files/stdio-v0.15.0.tar.gz (Curl failed: \"/usr/bin/curl --write-out %{http_code}\\\\n --retry 3 --retry-delay 2 --user-agent opam/2.2.0~beta3~dev -L -o /home/opam/.opam/4.14/.opam-switch/sources/stdio.v0.15.0/stdio-v0.15.0.tar.gz.part -- https://ocaml.janestreet.com/ocaml-core/v0.15/files/stdio-v0.15.0.tar.gz\" exited with code 6)")

#=== ERROR while fetching sources for sexplib0.v0.15.1 ========================#
OpamSolution.Fetch_fail("https://github.com/janestreet/sexplib0/archive/refs/tags/v0.15.1.tar.gz (Curl failed: \"/usr/bin/curl --write-out %{http_code}\\\\n --retry 3 --retry-delay 2 --user-agent opam/2.2.0~beta3~dev -L -o /home/opam/.opam/4.14/.opam-switch/sources/sexplib0.v0.15.1/v0.15.1.tar.gz.part -- https://github.com/janestreet/sexplib0/archive/refs/tags/v0.15.1.tar.gz\" exited with code 6)")

#=== ERROR while fetching sources for result.1.5 ==============================#
OpamSolution.Fetch_fail("https://github.com/janestreet/result/releases/download/1.5/result-1.5.tbz (Curl failed: \"/usr/bin/curl --write-out %{http_code}\\\\n --retry 3 --retry-delay 2 --user-agent opam/2.2.0~beta3~dev -L -o /home/opam/.opam/4.14/.opam-switch/sources/result.1.5/result-1.5.tbz.part -- https://github.com/janestreet/result/releases/download/1.5/result-1.5.tbz\" exited with code 6)")

#=== ERROR while fetching sources for ppxlib.0.32.1 ===========================#
OpamSolution.Fetch_fail("https://github.com/ocaml-ppx/ppxlib/releases/download/0.32.1/ppxlib-0.32.1.tbz (Curl failed: \"/usr/bin/curl --write-out %{http_code}\\\\n --retry 3 --retry-delay 2 --user-agent opam/2.2.0~beta3~dev -L -o /home/opam/.opam/4.14/.opam-switch/sources/ppxlib.0.32.1/ppxlib-0.32.1.tbz.part -- https://github.com/ocaml-ppx/ppxlib/releases/download/0.32.1/ppxlib-0.32.1.tbz\" exited with code 6)")

#=== ERROR while fetching sources for ppx_sexp_conv.v0.15.1 ===================#
OpamSolution.Fetch_fail("https://github.com/janestreet/ppx_sexp_conv/archive/refs/tags/v0.15.1.tar.gz (Curl failed: \"/usr/bin/curl --write-out %{http_code}\\\\n --retry 3 --retry-delay 2 --user-agent opam/2.2.0~beta3~dev -L -o /home/opam/.opam/4.14/.opam-switch/sources/ppx_sexp_conv.v0.15.1/v0.15.1.tar.gz.part -- https://github.com/janestreet/ppx_sexp_conv/archive/refs/tags/v0.15.1.tar.gz\" exited with code 6)")

#=== ERROR while fetching sources for ppx_optcomp.v0.15.0 =====================#
OpamSolution.Fetch_fail("https://ocaml.janestreet.com/ocaml-core/v0.15/files/ppx_optcomp-v0.15.0.tar.gz (Curl failed: \"/usr/bin/curl --write-out %{http_code}\\\\n --retry 3 --retry-delay 2 --user-agent opam/2.2.0~beta3~dev -L -o /home/opam/.opam/4.14/.opam-switch/sources/ppx_optcomp.v0.15.0/ppx_optcomp-v0.15.0.tar.gz.part -- https://ocaml.janestreet.com/ocaml-core/v0.15/files/ppx_optcomp-v0.15.0.tar.gz\" exited with code 6)")

#=== ERROR while fetching sources for ppx_inline_test.v0.15.1 =================#
OpamSolution.Fetch_fail("https://github.com/janestreet/ppx_inline_test/archive/refs/tags/v0.15.1.tar.gz (Curl failed: \"/usr/bin/curl --write-out %{http_code}\\\\n --retry 3 --retry-delay 2 --user-agent opam/2.2.0~beta3~dev -L -o /home/opam/.opam/4.14/.opam-switch/sources/ppx_inline_test.v0.15.1/v0.15.1.tar.gz.part -- https://github.com/janestreet/ppx_inline_test/archive/refs/tags/v0.15.1.tar.gz\" exited with code 6)")

#=== ERROR while fetching sources for ppx_here.v0.15.0 ========================#
OpamSolution.Fetch_fail("https://ocaml.janestreet.com/ocaml-core/v0.15/files/ppx_here-v0.15.0.tar.gz (Curl failed: \"/usr/bin/curl --write-out %{http_code}\\\\n --retry 3 --retry-delay 2 --user-agent opam/2.2.0~beta3~dev -L -o /home/opam/.opam/4.14/.opam-switch/sources/ppx_here.v0.15.0/ppx_here-v0.15.0.tar.gz.part -- https://ocaml.janestreet.com/ocaml-core/v0.15/files/ppx_here-v0.15.0.tar.gz\" exited with code 6)")

#=== ERROR while fetching sources for ppx_hash.v0.15.0 ========================#
OpamSolution.Fetch_fail("https://ocaml.janestreet.com/ocaml-core/v0.15/files/ppx_hash-v0.15.0.tar.gz (Curl failed: \"/usr/bin/curl --write-out %{http_code}\\\\n --retry 3 --retry-delay 2 --user-agent opam/2.2.0~beta3~dev -L -o /home/opam/.opam/4.14/.opam-switch/sources/ppx_hash.v0.15.0/ppx_hash-v0.15.0.tar.gz.part -- https://ocaml.janestreet.com/ocaml-core/v0.15/files/ppx_hash-v0.15.0.tar.gz\" exited with code 6)")

#=== ERROR while fetching sources for ppx_expect.v0.15.1 ======================#
OpamSolution.Fetch_fail("https://github.com/janestreet/ppx_expect/archive/refs/tags/v0.15.1.tar.gz (Curl failed: \"/usr/bin/curl --write-out %{http_code}\\\\n --retry 3 --retry-delay 2 --user-agent opam/2.2.0~beta3~dev -L -o /home/opam/.opam/4.14/.opam-switch/sources/ppx_expect.v0.15.1/v0.15.1.tar.gz.part -- https://github.com/janestreet/ppx_expect/archive/refs/tags/v0.15.1.tar.gz\" exited with code 6)")

#=== ERROR while fetching sources for ppx_enumerate.v0.15.0 ===================#
OpamSolution.Fetch_fail("https://ocaml.janestreet.com/ocaml-core/v0.15/files/ppx_enumerate-v0.15.0.tar.gz (Curl failed: \"/usr/bin/curl --write-out %{http_code}\\\\n --retry 3 --retry-delay 2 --user-agent opam/2.2.0~beta3~dev -L -o /home/opam/.opam/4.14/.opam-switch/sources/ppx_enumerate.v0.15.0/ppx_enumerate-v0.15.0.tar.gz.part -- https://ocaml.janestreet.com/ocaml-core/v0.15/files/ppx_enumerate-v0.15.0.tar.gz\" exited with code 6)")

#=== ERROR while fetching sources for ppx_derivers.1.2.1 ======================#
OpamSolution.Fetch_fail("https://github.com/ocaml-ppx/ppx_derivers/archive/1.2.1.tar.gz (Curl failed: \"/usr/bin/curl --write-out %{http_code}\\\\n --retry 3 --retry-delay 2 --user-agent opam/2.2.0~beta3~dev -L -o /home/opam/.opam/4.14/.opam-switch/sources/ppx_derivers.1.2.1/1.2.1.tar.gz.part -- https://github.com/ocaml-ppx/ppx_derivers/archive/1.2.1.tar.gz\" exited with code 6)")

#=== ERROR while fetching sources for ppx_compare.v0.15.0 =====================#
OpamSolution.Fetch_fail("https://ocaml.janestreet.com/ocaml-core/v0.15/files/ppx_compare-v0.15.0.tar.gz (Curl failed: \"/usr/bin/curl --write-out %{http_code}\\\\n --retry 3 --retry-delay 2 --user-agent opam/2.2.0~beta3~dev -L -o /home/opam/.opam/4.14/.opam-switch/sources/ppx_compare.v0.15.0/ppx_compare-v0.15.0.tar.gz.part -- https://ocaml.janestreet.com/ocaml-core/v0.15/files/ppx_compare-v0.15.0.tar.gz\" exited with code 6)")

#=== ERROR while fetching sources for ppx_cold.v0.15.0 ========================#
OpamSolution.Fetch_fail("https://ocaml.janestreet.com/ocaml-core/v0.15/files/ppx_cold-v0.15.0.tar.gz (Curl failed: \"/usr/bin/curl --write-out %{http_code}\\\\n --retry 3 --retry-delay 2 --user-agent opam/2.2.0~beta3~dev -L -o /home/opam/.opam/4.14/.opam-switch/sources/ppx_cold.v0.15.0/ppx_cold-v0.15.0.tar.gz.part -- https://ocaml.janestreet.com/ocaml-core/v0.15/files/ppx_cold-v0.15.0.tar.gz\" exited with code 6)")

#=== ERROR while fetching sources for ppx_base.v0.15.0 ========================#
OpamSolution.Fetch_fail("https://ocaml.janestreet.com/ocaml-core/v0.15/files/ppx_base-v0.15.0.tar.gz (Curl failed: \"/usr/bin/curl --write-out %{http_code}\\\\n --retry 3 --retry-delay 2 --user-agent opam/2.2.0~beta3~dev -L -o /home/opam/.opam/4.14/.opam-switch/sources/ppx_base.v0.15.0/ppx_base-v0.15.0.tar.gz.part -- https://ocaml.janestreet.com/ocaml-core/v0.15/files/ppx_base-v0.15.0.tar.gz\" exited with code 6)")

#=== ERROR while fetching sources for ppx_assert.v0.15.0 ======================#
OpamSolution.Fetch_fail("https://ocaml.janestreet.com/ocaml-core/v0.15/files/ppx_assert-v0.15.0.tar.gz (Curl failed: \"/usr/bin/curl --write-out %{http_code}\\\\n --retry 3 --retry-delay 2 --user-agent opam/2.2.0~beta3~dev -L -o /home/opam/.opam/4.14/.opam-switch/sources/ppx_assert.v0.15.0/ppx_assert-v0.15.0.tar.gz.part -- https://ocaml.janestreet.com/ocaml-core/v0.15/files/ppx_assert-v0.15.0.tar.gz\" exited with code 6)")

#=== ERROR while fetching sources for opam-bin.1.0.0 and opam_bin_lib.1.0.0 ===#
OpamSolution.Fetch_fail("https://github.com/ocamlpro/opam-bin/archive/v1.0.0.tar.gz (Curl failed: \"/usr/bin/curl --write-out %{http_code}\\\\n --retry 3 --retry-delay 2 --user-agent opam/2.2.0~beta3~dev -L -o /tmp/opam-7-fc771c/v1.0.0.tar.gz.part -- https://github.com/ocamlpro/opam-bin/archive/v1.0.0.tar.gz\" exited with code 6)")

#=== ERROR while fetching sources for odoc-parser.1.0.0 =======================#
OpamSolution.Fetch_fail("https://github.com/ocaml-doc/odoc-parser/releases/download/1.0.0/odoc-parser-1.0.0.tbz (Curl failed: \"/usr/bin/curl --write-out %{http_code}\\\\n --retry 3 --retry-delay 2 --user-agent opam/2.2.0~beta3~dev -L -o /home/opam/.opam/4.14/.opam-switch/sources/odoc-parser.1.0.0/odoc-parser-1.0.0.tbz.part -- https://github.com/ocaml-doc/odoc-parser/releases/download/1.0.0/odoc-parser-1.0.0.tbz\" exited with code 6)")

#=== ERROR while fetching sources for ocp-indent.1.8.1 ========================#
OpamSolution.Fetch_fail("https://github.com/OCamlPro/ocp-indent/archive/1.8.1.tar.gz (Curl failed: \"/usr/bin/curl --write-out %{http_code}\\\\n --retry 3 --retry-delay 2 --user-agent opam/2.2.0~beta3~dev -L -o /home/opam/.opam/4.14/.opam-switch/sources/ocp-indent.1.8.1/1.8.1.tar.gz.part -- https://github.com/OCamlPro/ocp-indent/archive/1.8.1.tar.gz\" exited with code 6)")

#=== ERROR while fetching sources for ocamlformat.0.21.0 ======================#
OpamSolution.Fetch_fail("https://github.com/ocaml-ppx/ocamlformat/releases/download/0.21.0/ocamlformat-0.21.0.tbz (Curl failed: \"/usr/bin/curl --write-out %{http_code}\\\\n --retry 3 --retry-delay 2 --user-agent opam/2.2.0~beta3~dev -L -o /home/opam/.opam/4.14/.opam-switch/sources/ocamlformat.0.21.0/ocamlformat-0.21.0.tbz.part -- https://github.com/ocaml-ppx/ocamlformat/releases/download/0.21.0/ocamlformat-0.21.0.tbz\" exited with code 6)")

#=== ERROR while fetching sources for ocaml-version.3.5.0 =====================#
OpamSolution.Fetch_fail("https://github.com/ocurrent/ocaml-version/releases/download/v3.5.0/ocaml-version-3.5.0.tbz (Curl failed: \"/usr/bin/curl --write-out %{http_code}\\\\n --retry 3 --retry-delay 2 --user-agent opam/2.2.0~beta3~dev -L -o /home/opam/.opam/4.14/.opam-switch/sources/ocaml-version.3.5.0/ocaml-version-3.5.0.tbz.part -- https://github.com/ocurrent/ocaml-version/releases/download/v3.5.0/ocaml-version-3.5.0.tbz\" exited with code 6)")

#=== ERROR while fetching sources for ocaml-compiler-libs.v0.12.4 =============#
OpamSolution.Fetch_fail("https://github.com/janestreet/ocaml-compiler-libs/releases/download/v0.12.4/ocaml-compiler-libs-v0.12.4.tbz (Curl failed: \"/usr/bin/curl --write-out %{http_code}\\\\n --retry 3 --retry-delay 2 --user-agent opam/2.2.0~beta3~dev -L -o /home/opam/.opam/4.14/.opam-switch/sources/ocaml-compiler-libs.v0.12.4/ocaml-compiler-libs-v0.12.4.tbz.part -- https://github.com/janestreet/ocaml-compiler-libs/releases/download/v0.12.4/ocaml-compiler-libs-v0.12.4.tbz\" exited with code 6)")

#=== ERROR while fetching sources for menhir.20230608, menhirLib.20230608 and menhirSdk.20230608 
OpamSolution.Fetch_fail("https://gitlab.inria.fr/fpottier/menhir/-/archive/20230608/archive.tar.gz (Curl failed: \"/usr/bin/curl --write-out %{http_code}\\\\n --retry 3 --retry-delay 2 --user-agent opam/2.2.0~beta3~dev -L -o /tmp/opam-7-6fd8bf/archive.tar.gz.part -- https://gitlab.inria.fr/fpottier/menhir/-/archive/20230608/archive.tar.gz\" exited with code 6)")

#=== ERROR while fetching sources for jst-config.v0.15.1 ======================#
OpamSolution.Fetch_fail("https://github.com/janestreet/jst-config/archive/refs/tags/v0.15.1.tar.gz (Curl failed: \"/usr/bin/curl --write-out %{http_code}\\\\n --retry 3 --retry-delay 2 --user-agent opam/2.2.0~beta3~dev -L -o /home/opam/.opam/4.14/.opam-switch/sources/jst-config.v0.15.1/v0.15.1.tar.gz.part -- https://github.com/janestreet/jst-config/archive/refs/tags/v0.15.1.tar.gz\" exited with code 6)")

#=== ERROR while fetching sources for jane-street-headers.v0.15.0 =============#
OpamSolution.Fetch_fail("https://ocaml.janestreet.com/ocaml-core/v0.15/files/jane-street-headers-v0.15.0.tar.gz (Curl failed: \"/usr/bin/curl --write-out %{http_code}\\\\n --retry 3 --retry-delay 2 --user-agent opam/2.2.0~beta3~dev -L -o /home/opam/.opam/4.14/.opam-switch/sources/jane-street-headers.v0.15.0/jane-street-headers-v0.15.0.tar.gz.part -- https://ocaml.janestreet.com/ocaml-core/v0.15/files/jane-street-headers-v0.15.0.tar.gz\" exited with code 6)")

#=== ERROR while fetching sources for fpath.0.7.3 =============================#
OpamSolution.Fetch_fail("https://erratique.ch/software/fpath/releases/fpath-0.7.3.tbz (Curl failed: \"/usr/bin/curl --write-out %{http_code}\\\\n --retry 3 --retry-delay 2 --user-agent opam/2.2.0~beta3~dev -L -o /home/opam/.opam/4.14/.opam-switch/sources/fpath.0.7.3/fpath-0.7.3.tbz.part -- https://erratique.ch/software/fpath/releases/fpath-0.7.3.tbz\" exited with code 6)")

#=== ERROR while fetching sources for fix.20230505 ============================#
OpamSolution.Fetch_fail("https://gitlab.inria.fr/fpottier/fix/-/archive/20230505/archive.tar.gz (Curl failed: \"/usr/bin/curl --write-out %{http_code}\\\\n --retry 3 --retry-delay 2 --user-agent opam/2.2.0~beta3~dev -L -o /home/opam/.opam/4.14/.opam-switch/sources/fix.20230505/archive.tar.gz.part -- https://gitlab.inria.fr/fpottier/fix/-/archive/20230505/archive.tar.gz\" exited with code 6)")

#=== ERROR while fetching sources for ezjsonm.1.3.0 ===========================#
OpamSolution.Fetch_fail("https://github.com/mirage/ezjsonm/releases/download/v1.3.0/ezjsonm-1.3.0.tbz (Curl failed: \"/usr/bin/curl --write-out %{http_code}\\\\n --retry 3 --retry-delay 2 --user-agent opam/2.2.0~beta3~dev -L -o /home/opam/.opam/4.14/.opam-switch/sources/ezjsonm.1.3.0/ezjsonm-1.3.0.tbz.part -- https://github.com/mirage/ezjsonm/releases/download/v1.3.0/ezjsonm-1.3.0.tbz\" exited with code 6)")

#=== ERROR while fetching sources for either.1.0.0 ============================#
OpamSolution.Fetch_fail("https://github.com/mirage/either/releases/download/1.0.0/either-1.0.0.tbz (Curl failed: \"/usr/bin/curl --write-out %{http_code}\\\\n --retry 3 --retry-delay 2 --user-agent opam/2.2.0~beta3~dev -L -o /home/opam/.opam/4.14/.opam-switch/sources/either.1.0.0/either-1.0.0.tbz.part -- https://github.com/mirage/either/releases/download/1.0.0/either-1.0.0.tbz\" exited with code 6)")

#=== ERROR while fetching sources for dune-configurator.2.7.0 =================#
OpamSolution.Fetch_fail("https://github.com/ocaml/dune/releases/download/2.7.0/dune-2.7.0.tbz (Curl failed: \"/usr/bin/curl --write-out %{http_code}\\\\n --retry 3 --retry-delay 2 --user-agent opam/2.2.0~beta3~dev -L -o /home/opam/.opam/4.14/.opam-switch/sources/dune-configurator.2.7.0/dune-2.7.0.tbz.part -- https://github.com/ocaml/dune/releases/download/2.7.0/dune-2.7.0.tbz\" exited with code 6)")

#=== ERROR while fetching sources for dune-build-info.2.9.3 ===================#
OpamSolution.Fetch_fail("https://github.com/ocaml/dune/releases/download/2.9.3/dune-site-2.9.3.tbz (Curl failed: \"/usr/bin/curl --write-out %{http_code}\\\\n --retry 3 --retry-delay 2 --user-agent opam/2.2.0~beta3~dev -L -o /home/opam/.opam/4.14/.opam-switch/sources/dune-build-info.2.9.3/dune-site-2.9.3.tbz.part -- https://github.com/ocaml/dune/releases/download/2.9.3/dune-site-2.9.3.tbz\" exited with code 6)")

#=== ERROR while fetching sources for base.v0.15.1 ============================#
OpamSolution.Fetch_fail("https://github.com/janestreet/base/archive/refs/tags/v0.15.1.tar.gz (Curl failed: \"/usr/bin/curl --write-out %{http_code}\\\\n --retry 3 --retry-delay 2 --user-agent opam/2.2.0~beta3~dev -L -o /home/opam/.opam/4.14/.opam-switch/sources/base.v0.15.1/v0.15.1.tar.gz.part -- https://github.com/janestreet/base/archive/refs/tags/v0.15.1.tar.gz\" exited with code 6)")

#=== ERROR while fetching sources for astring.0.8.5 ===========================#
OpamSolution.Fetch_fail("https://erratique.ch/software/astring/releases/astring-0.8.5.tbz (Curl failed: \"/usr/bin/curl --write-out %{http_code}\\\\n --retry 3 --retry-delay 2 --user-agent opam/2.2.0~beta3~dev -L -o /home/opam/.opam/4.14/.opam-switch/sources/astring.0.8.5/astring-0.8.5.tbz.part -- https://erratique.ch/software/astring/releases/astring-0.8.5.tbz\" exited with code 6)")


<><> Error report <><><><><><><><><><><><><><><><><><><><><><><><><><><><><><><>
+- The following actions were aborted
| - remove sexplib0 v0.16.0
+- 
+- The following actions failed
| - fetch astring                                                 0.8.5
| - fetch base                                                    v0.15.1
| - fetch dune-build-info                                         2.9.3
| - fetch dune-configurator                                       2.7.0
| - fetch either                                                  1.0.0
| - fetch ezjsonm                                                 1.3.0
| - fetch fix                                                     20230505
| - fetch fpath                                                   0.7.3
| - fetch jane-street-headers                                     v0.15.0
| - fetch jst-config                                              v0.15.1
| - fetch menhir.20230608, menhirLib.20230608, menhirSdk.20230608 
| - fetch ocaml-compiler-libs                                     v0.12.4
| - fetch ocaml-version                                           3.5.0
| - fetch ocamlformat                                             0.21.0
| - fetch ocp-indent                                              1.8.1
| - fetch odoc-parser                                             1.0.0
| - fetch opam-bin.1.0.0, opam_bin_lib.1.0.0                      
| - fetch ppx_assert                                              v0.15.0
| - fetch ppx_base                                                v0.15.0
| - fetch ppx_cold                                                v0.15.0
| - fetch ppx_compare                                             v0.15.0
| - fetch ppx_derivers                                            1.2.1
| - fetch ppx_enumerate                                           v0.15.0
| - fetch ppx_expect                                              v0.15.1
| - fetch ppx_hash                                                v0.15.0
| - fetch ppx_here                                                v0.15.0
| - fetch ppx_inline_test                                         v0.15.1
| - fetch ppx_optcomp                                             v0.15.0
| - fetch ppx_sexp_conv                                           v0.15.1
| - fetch ppxlib                                                  0.32.1
| - fetch result                                                  1.5
| - fetch sexplib0                                                v0.15.1
| - fetch stdio                                                   v0.15.0
| - fetch stdlib-shims                                            0.3.0
| - fetch time_now                                                v0.15.0
| - fetch uucp                                                    15.1.0
| - fetch uuseg                                                   15.1.0
+- 
+- The following changes have been performed (the rest was aborted)
| - install base-bytes base
+- 
# Run eval $(opam env) to update the current shell environment

The former state can be restored with:
    /usr/bin/opam switch import "/home/opam/.opam/4.14/.opam-switch/backup/state-20240617220946.export"
'opam reinstall --with-test --verbose opam-bin.1.0.0' failed.
"/usr/bin/env" "bash" "-c" "opam reinstall --with-test --verbose opam-bin.1.0.0;
        res=$?;
        test "$res" != 31 && exit "$res";
        export OPAMCLI=2.0;
        build_dir=$(opam var prefix)/.opam-switch/build;
        failed=$(ls "$build_dir");
        partial_fails="";
        for pkg in $failed; do
          if opam show -f x-ci-accept-failures: "$pkg" | grep -qF "\"debian-12\""; then
            echo "A package failed and has been disabled for CI using the 'x-ci-accept-failures' field.";
          fi;
          test "$pkg" != 'opam-bin.1.0.0' && partial_fails="$partial_fails $pkg";
        done;
        test "${partial_fails}" != "" && echo "opam-repo-ci detected dependencies failing: ${partial_fails}";
        exit 1" failed with exit status 40
2024-06-17 22:21.39: Job failed: Failed: Build failed
2024-06-17 22:21.39: Log analysis:
2024-06-17 22:21.39: >>> 
[ERROR] Sorry, resolution of the request timed out.
 (score = 20)
2024-06-17 22:21.39: >>> 
[ERROR] Failed to get sources of astring.0.8.5: Curl failed
 (score = 25)
2024-06-17 22:21.39: >>> 
[ERROR] Failed to get sources of base.v0.15.1: Curl failed
 (score = 25)
2024-06-17 22:21.39: >>> 
[ERROR] Failed to get sources of dune-build-info.2.9.3: Curl failed
 (score = 25)
2024-06-17 22:21.39: >>> 
[ERROR] Failed to get sources of dune-configurator.2.7.0: Curl failed
 (score = 25)
2024-06-17 22:21.39: >>> 
[ERROR] Failed to get sources of either.1.0.0: Curl failed
 (score = 25)
2024-06-17 22:21.39: >>> 
[ERROR] Failed to get sources of ezjsonm.1.3.0: Curl failed
 (score = 25)
2024-06-17 22:21.39: >>> 
[ERROR] Failed to get sources of fix.20230505: Curl failed
 (score = 25)
2024-06-17 22:21.39: >>> 
[ERROR] Failed to get sources of fpath.0.7.3: Curl failed
 (score = 25)
2024-06-17 22:21.39: >>> 
[ERROR] Failed to get sources of jane-street-headers.v0.15.0: Curl failed
 (score = 25)
2024-06-17 22:21.39: >>> 
[ERROR] Failed to get sources of jst-config.v0.15.1: Curl failed
 (score = 25)
2024-06-17 22:21.39: >>> 
[ERROR] Failed to get sources of menhir.20230608, menhirLib.20230608, menhirSdk.20230608 (https://gitlab.inria.fr/fpottier/menhir/-/archive/20230608/archive.tar.gz): Curl failed
 (score = 25)
2024-06-17 22:21.39: >>> 
[ERROR] Failed to get sources of ocaml-compiler-libs.v0.12.4: Curl failed
 (score = 25)
2024-06-17 22:21.39: >>> 
[ERROR] Failed to get sources of ocaml-version.3.5.0: Curl failed
 (score = 25)
2024-06-17 22:21.39: >>> 
[ERROR] Failed to get sources of ocamlformat.0.21.0: Curl failed
 (score = 25)
2024-06-17 22:21.39: >>> 
[ERROR] Failed to get sources of ocp-indent.1.8.1: Curl failed
 (score = 25)
2024-06-17 22:21.39: >>> 
[ERROR] Failed to get sources of odoc-parser.1.0.0: Curl failed
 (score = 25)
2024-06-17 22:21.39: >>> 
[ERROR] Failed to get sources of opam-bin.1.0.0, opam_bin_lib.1.0.0 (https://github.com/ocamlpro/opam-bin/archive/v1.0.0.tar.gz): Curl failed
 (score = 25)
2024-06-17 22:21.39: >>> 
[ERROR] Failed to get sources of ppx_assert.v0.15.0: Curl failed
 (score = 25)
2024-06-17 22:21.39: >>> 
[ERROR] Failed to get sources of ppx_base.v0.15.0: Curl failed
 (score = 25)
2024-06-17 22:21.39: >>> 
[ERROR] Failed to get sources of ppx_cold.v0.15.0: Curl failed
 (score = 25)
2024-06-17 22:21.39: >>> 
[ERROR] Failed to get sources of ppx_compare.v0.15.0: Curl failed
 (score = 25)
2024-06-17 22:21.39: >>> 
[ERROR] Failed to get sources of ppx_derivers.1.2.1: Curl failed
 (score = 25)
2024-06-17 22:21.39: >>> 
[ERROR] Failed to get sources of ppx_enumerate.v0.15.0: Curl failed
 (score = 25)
2024-06-17 22:21.39: >>> 
[ERROR] Failed to get sources of ppx_expect.v0.15.1: Curl failed
 (score = 25)
2024-06-17 22:21.39: >>> 
[ERROR] Failed to get sources of ppx_hash.v0.15.0: Curl failed
 (score = 25)
2024-06-17 22:21.39: >>> 
[ERROR] Failed to get sources of ppx_here.v0.15.0: Curl failed
 (score = 25)
2024-06-17 22:21.39: >>> 
[ERROR] Failed to get sources of ppx_inline_test.v0.15.1: Curl failed
 (score = 25)
2024-06-17 22:21.39: >>> 
[ERROR] Failed to get sources of ppx_optcomp.v0.15.0: Curl failed
 (score = 25)
2024-06-17 22:21.39: >>> 
[ERROR] Failed to get sources of ppx_sexp_conv.v0.15.1: Curl failed
 (score = 25)
2024-06-17 22:21.39: >>> 
[ERROR] Failed to get sources of ppxlib.0.32.1: Curl failed
 (score = 25)
2024-06-17 22:21.39: >>> 
[ERROR] Failed to get sources of result.1.5: Curl failed
 (score = 25)
2024-06-17 22:21.39: >>> 
[ERROR] Failed to get sources of sexplib0.v0.15.1: Curl failed
 (score = 25)
2024-06-17 22:21.39: >>> 
[ERROR] Failed to get sources of stdio.v0.15.0: Curl failed
 (score = 25)
2024-06-17 22:21.39: >>> 
[ERROR] Failed to get sources of stdlib-shims.0.3.0: Curl failed
 (score = 25)
2024-06-17 22:21.39: >>> 
[ERROR] Failed to get sources of time_now.v0.15.0: Curl failed
 (score = 25)
2024-06-17 22:21.39: >>> 
[ERROR] Failed to get sources of uucp.15.1.0: Curl failed
 (score = 25)
2024-06-17 22:21.39: >>> 
[ERROR] Failed to get sources of uuseg.15.1.0: Curl failed
 (score = 25)
2024-06-17 22:21.39: Failed to get sources of astring.0.8.5: Curl failed
