2024-06-17 19:34.55: New job: test bls12-381.3.0.2 with menhir-secondary.20210419, using opam dev
                              from https://github.com/ocaml/opam-repository.git#refs/pull/25928/head (3f2c920b90e20a61c5c90d25ab350fcf660158fd)
                              on debian-12-ocaml-4.14/amd64

To reproduce locally:

cd $(mktemp -d)
git clone --recursive "https://github.com/ocaml/opam-repository.git" && cd "opam-repository" && git fetch origin "refs/pull/25928/head" && git reset --hard 3f2c920b
git fetch origin master
git merge --no-edit 5d6f1cf035d4b9d572fef4ae2e63cf1e3da8760d
cat > ../Dockerfile <<'END-OF-DOCKERFILE'
[34mFROM ocaml/opam:debian-12-ocaml-4.14@sha256:68ecefb12259af7ac8f85f40002bb77c47ee641474979fd6a320ed7bf1222c7c
USER 1000:1000
WORKDIR /home/opam
RUN sudo ln -f /usr/bin/opam-dev /usr/bin/opam
RUN opam init --reinit -ni
RUN uname -rs && opam exec -- ocaml -version && opam --version
ENV OPAMDOWNLOADJOBS="1"
ENV OPAMERRLOGLEN="0"
ENV OPAMSOLVERTIMEOUT="500"
ENV OPAMPRECISETRACKING="1"
ENV CI="true"
ENV OPAM_REPO_CI="true"
RUN rm -rf opam-repository/
COPY --chown=1000:1000 . opam-repository/
RUN opam repository set-url --strict default opam-repository/
RUN opam update --depexts || true
RUN opam pin add -k version -yn menhir-secondary.20210419 20210419
RUN opam reinstall menhir-secondary.20210419; \
    res=$?; \
    test "$res" != 31 && exit "$res"; \
    export OPAMCLI=2.0; \
    build_dir=$(opam var prefix)/.opam-switch/build; \
    failed=$(ls "$build_dir"); \
    partial_fails=""; \
    for pkg in $failed; do \
    if opam show -f x-ci-accept-failures: "$pkg" | grep -qF "\"debian-12\""; then \
    echo "A package failed and has been disabled for CI using the 'x-ci-accept-failures' field."; \
    fi; \
    test "$pkg" != 'menhir-secondary.20210419' && partial_fails="$partial_fails $pkg"; \
    done; \
    test "${partial_fails}" != "" && echo "opam-repo-ci detected dependencies failing: ${partial_fails}"; \
    exit 1
RUN opam reinstall bls12-381.3.0.2; \
    res=$?; \
    test "$res" != 31 && exit "$res"; \
    export OPAMCLI=2.0; \
    build_dir=$(opam var prefix)/.opam-switch/build; \
    failed=$(ls "$build_dir"); \
    partial_fails=""; \
    for pkg in $failed; do \
    if opam show -f x-ci-accept-failures: "$pkg" | grep -qF "\"debian-12\""; then \
    echo "A package failed and has been disabled for CI using the 'x-ci-accept-failures' field."; \
    fi; \
    test "$pkg" != 'bls12-381.3.0.2' && partial_fails="$partial_fails $pkg"; \
    done; \
    test "${partial_fails}" != "" && echo "opam-repo-ci detected dependencies failing: ${partial_fails}"; \
    exit 1
RUN (opam reinstall --with-test bls12-381.3.0.2) || true
RUN opam reinstall --with-test --verbose bls12-381.3.0.2; \
    res=$?; \
    test "$res" != 31 && exit "$res"; \
    export OPAMCLI=2.0; \
    build_dir=$(opam var prefix)/.opam-switch/build; \
    failed=$(ls "$build_dir"); \
    partial_fails=""; \
    for pkg in $failed; do \
    if opam show -f x-ci-accept-failures: "$pkg" | grep -qF "\"debian-12\""; then \
    echo "A package failed and has been disabled for CI using the 'x-ci-accept-failures' field."; \
    fi; \
    test "$pkg" != 'bls12-381.3.0.2' && partial_fails="$partial_fails $pkg"; \
    done; \
    test "${partial_fails}" != "" && echo "opam-repo-ci detected dependencies failing: ${partial_fails}"; \
    exit 1
[0m
END-OF-DOCKERFILE
docker build -f ../Dockerfile .

2024-06-17 19:34.55: Using cache hint "ocaml/opam:debian-12-ocaml-4.14@sha256:68ecefb12259af7ac8f85f40002bb77c47ee641474979fd6a320ed7bf1222c7c-menhir-secondary.20210419-bls12-381.3.0.2-3f2c920b90e20a61c5c90d25ab350fcf660158fd"
2024-06-17 19:34.55: Using OBuilder spec:
((from ocaml/opam:debian-12-ocaml-4.14@sha256:68ecefb12259af7ac8f85f40002bb77c47ee641474979fd6a320ed7bf1222c7c)
 (user (uid 1000) (gid 1000))
 (workdir /home/opam)
 (run (shell "sudo ln -f /usr/bin/opam-dev /usr/bin/opam"))
 (run (network host)
      (shell "opam init --reinit --config .opamrc-sandbox -ni"))
 (run (shell "uname -rs && opam exec -- ocaml -version && opam --version"))
 (env OPAMDOWNLOADJOBS 1)
 (env OPAMERRLOGLEN 0)
 (env OPAMSOLVERTIMEOUT 500)
 (env OPAMPRECISETRACKING 1)
 (env CI true)
 (env OPAM_REPO_CI true)
 (run (shell "rm -rf opam-repository/"))
 (copy (src .) (dst opam-repository/))
 (run (shell "opam repository set-url --strict default opam-repository/"))
 (run (network host)
      (shell "opam update --depexts || true"))
 (run (shell "opam pin add -k version -yn menhir-secondary.20210419 20210419"))
 (run (cache (opam-archives (target /home/opam/.opam/download-cache)))
      (network host)
      (shell  "opam reinstall menhir-secondary.20210419;\
             \n        res=$?;\
             \n        test \"$res\" != 31 && exit \"$res\";\
             \n        export OPAMCLI=2.0;\
             \n        build_dir=$(opam var prefix)/.opam-switch/build;\
             \n        failed=$(ls \"$build_dir\");\
             \n        partial_fails=\"\";\
             \n        for pkg in $failed; do\
             \n          if opam show -f x-ci-accept-failures: \"$pkg\" | grep -qF \"\\\"debian-12\\\"\"; then\
             \n            echo \"A package failed and has been disabled for CI using the 'x-ci-accept-failures' field.\";\
             \n          fi;\
             \n          test \"$pkg\" != 'menhir-secondary.20210419' && partial_fails=\"$partial_fails $pkg\";\
             \n        done;\
             \n        test \"${partial_fails}\" != \"\" && echo \"opam-repo-ci detected dependencies failing: ${partial_fails}\";\
             \n        exit 1"))
 (run (cache (opam-archives (target /home/opam/.opam/download-cache)))
      (network host)
      (shell  "opam reinstall bls12-381.3.0.2;\
             \n        res=$?;\
             \n        test \"$res\" != 31 && exit \"$res\";\
             \n        export OPAMCLI=2.0;\
             \n        build_dir=$(opam var prefix)/.opam-switch/build;\
             \n        failed=$(ls \"$build_dir\");\
             \n        partial_fails=\"\";\
             \n        for pkg in $failed; do\
             \n          if opam show -f x-ci-accept-failures: \"$pkg\" | grep -qF \"\\\"debian-12\\\"\"; then\
             \n            echo \"A package failed and has been disabled for CI using the 'x-ci-accept-failures' field.\";\
             \n          fi;\
             \n          test \"$pkg\" != 'bls12-381.3.0.2' && partial_fails=\"$partial_fails $pkg\";\
             \n        done;\
             \n        test \"${partial_fails}\" != \"\" && echo \"opam-repo-ci detected dependencies failing: ${partial_fails}\";\
             \n        exit 1"))
 (run (network host)
      (shell "(opam reinstall --with-test bls12-381.3.0.2) || true"))
 (run (shell  "opam reinstall --with-test --verbose bls12-381.3.0.2;\
             \n        res=$?;\
             \n        test \"$res\" != 31 && exit \"$res\";\
             \n        export OPAMCLI=2.0;\
             \n        build_dir=$(opam var prefix)/.opam-switch/build;\
             \n        failed=$(ls \"$build_dir\");\
             \n        partial_fails=\"\";\
             \n        for pkg in $failed; do\
             \n          if opam show -f x-ci-accept-failures: \"$pkg\" | grep -qF \"\\\"debian-12\\\"\"; then\
             \n            echo \"A package failed and has been disabled for CI using the 'x-ci-accept-failures' field.\";\
             \n          fi;\
             \n          test \"$pkg\" != 'bls12-381.3.0.2' && partial_fails=\"$partial_fails $pkg\";\
             \n        done;\
             \n        test \"${partial_fails}\" != \"\" && echo \"opam-repo-ci detected dependencies failing: ${partial_fails}\";\
             \n        exit 1"))
)

2024-06-17 19:34.55: Waiting for resource in pool OCluster
2024-06-18 06:16.09: Waiting for workerâ€¦
2024-06-18 06:19.03: Got resource from pool OCluster
Building on x86-bm-c3.sw.ocaml.org
All commits already cached
Updating files:  67% (21362/31554)Updating files:  68% (21457/31554)Updating files:  69% (21773/31554)Updating files:  70% (22088/31554)Updating files:  71% (22404/31554)Updating files:  72% (22719/31554)Updating files:  73% (23035/31554)Updating files:  74% (23350/31554)Updating files:  75% (23666/31554)Updating files:  76% (23982/31554)Updating files:  77% (24297/31554)Updating files:  78% (24613/31554)Updating files:  79% (24928/31554)Updating files:  80% (25244/31554)Updating files:  81% (25559/31554)Updating files:  82% (25875/31554)Updating files:  83% (26190/31554)Updating files:  84% (26506/31554)Updating files:  85% (26821/31554)Updating files:  86% (27137/31554)Updating files:  87% (27452/31554)Updating files:  88% (27768/31554)Updating files:  89% (28084/31554)Updating files:  90% (28399/31554)Updating files:  91% (28715/31554)Updating files:  92% (29030/31554)Updating files:  93% (29346/31554)Updating files:  94% (29661/31554)Updating files:  95% (29977/31554)Updating files:  96% (30292/31554)Updating files:  97% (30608/31554)Updating files:  98% (30923/31554)Updating files:  99% (31239/31554)Updating files: 100% (31554/31554)Updating files: 100% (31554/31554), done.
HEAD is now at 5d6f1cf035 Merge pull request #26098 from yawaramin/release-dream-html-v3.5.2
Merge made by the 'ort' strategy.
 packages/base-flambda2/base-flambda2.base/opam     |  8 +++
 packages/dune-secondary/dune-secondary.3.8.1/opam  | 60 ++++++++++++++++++++++
 .../menhir-secondary.20210419/opam                 | 34 ++++++++++++
 .../ocaml-secondary-compiler.4.14.2/opam           | 30 +++++++++++
 .../ocaml-variants.5.1.1+flambda2/opam             | 46 +++++++++++++++++
 5 files changed, 178 insertions(+)
 create mode 100644 packages/base-flambda2/base-flambda2.base/opam
 create mode 100644 packages/dune-secondary/dune-secondary.3.8.1/opam
 create mode 100644 packages/menhir-secondary/menhir-secondary.20210419/opam
 create mode 100644 packages/ocaml-secondary-compiler/ocaml-secondary-compiler.4.14.2/opam
 create mode 100644 packages/ocaml-variants/ocaml-variants.5.1.1+flambda2/opam

[01;34m(from ocaml/opam:debian-12-ocaml-4.14@sha256:68ecefb12259af7ac8f85f40002bb77c47ee641474979fd6a320ed7bf1222c7c)[0m
[01;2m[01;35m2024-06-18 06:19.10 ---> using "be6362479294069b96a78ceb45e5e59b696aa4ead55eec8c4ca81a46ae6af254" from cache[0m

[01;34m/: (user (uid 1000) (gid 1000))[0m

[01;34m/: (workdir /home/opam)[0m

[01;34m/home/opam: (run (shell "sudo ln -f /usr/bin/opam-dev /usr/bin/opam"))[0m
[01;2m[01;35m2024-06-18 06:19.10 ---> using "8ad80d6a0debeaed101481b8cff66e1eafb8b0e653f48d497136a3cd6c73afd4" from cache[0m

[01;34m/home/opam: (run (network host)
                 (shell "opam init --reinit --config .opamrc-sandbox -ni"))[0m
Configuring from /home/opam/.opamrc-sandbox, then /home/opam/.opamrc, and finally from built-in defaults.
Checking for available remotes: rsync and local, git.
  - you won't be able to use mercurial repositories unless you install the hg command on your system.
  - you won't be able to use darcs repositories unless you install the darcs command on your system.

This development version of opam requires an update to the layout of /home/opam/.opam from version 2.0 to version 2.2~beta, which can't be reverted.
You may want to back it up before going further.

Continue? [y/n] y
Format upgrade done.

<><> Updating repositories ><><><><><><><><><><><><><><><><><><><><><><><><><><>
[default] synchronised from file:///home/opam/opam-repository
[01;2m[01;35m2024-06-18 06:19.10 ---> using "56bbd298ac51fe1e7634bdd19c2541599a9d163a08dafe773745bbf4eb18410c" from cache[0m

[01;34m/home/opam: (run (shell "uname -rs && opam exec -- ocaml -version && opam --version"))[0m
Linux 5.15.0-112-generic
The OCaml toplevel, version 4.14.2
2.2.0~beta3~dev
[01;2m[01;35m2024-06-18 06:19.10 ---> using "152abb09d7c0ec6a6b81839d18fba96e3d05ed398f577cd267f0f4b08f6eb24b" from cache[0m

[01;34m/home/opam: (env OPAMDOWNLOADJOBS 1)[0m

[01;34m/home/opam: (env OPAMERRLOGLEN 0)[0m

[01;34m/home/opam: (env OPAMSOLVERTIMEOUT 500)[0m

[01;34m/home/opam: (env OPAMPRECISETRACKING 1)[0m

[01;34m/home/opam: (env CI true)[0m

[01;34m/home/opam: (env OPAM_REPO_CI true)[0m

[01;34m/home/opam: (run (shell "rm -rf opam-repository/"))[0m
[01;2m[01;35m2024-06-18 06:19.10 ---> using "ed21e7d865a19fc202b822ef2e288487fef395f0eb5a1334ec4e29366b626f01" from cache[0m

[01;34m/home/opam: (copy (src .) (dst opam-repository/))[0m
[01;2m[01;35m2024-06-18 06:19.11 ---> using "87714c5da9847fac11b9a56940173d1997c1c1161df2e16668aa8c668afcd33b" from cache[0m

[01;34m/home/opam: (run (shell "opam repository set-url --strict default opam-repository/"))[0m
[default] Initialised
[01;2m[01;35m2024-06-18 06:19.11 ---> using "88bec433876cda499d6bf3693125a84078516c9508a2ecad2cb8497fef23a877" from cache[0m

[01;34m/home/opam: (run (network host)
                 (shell "opam update --depexts || true"))[0m
+ /usr/bin/sudo "apt-get" "update"
- Hit:1 http://deb.debian.org/debian bookworm InRelease
- Get:2 http://deb.debian.org/debian bookworm-updates InRelease [55.4 kB]
- Get:3 http://deb.debian.org/debian-security bookworm-security InRelease [48.0 kB]
- Get:4 http://deb.debian.org/debian-security bookworm-security/main amd64 Packages [160 kB]
- Fetched 263 kB in 0s (530 kB/s)
- Reading package lists...
- 
[01;2m[01;35m2024-06-18 06:19.11 ---> using "225c9c9fb985ff177aff4eb650c3d0b39b72e6a6a0a6d05b628d10b6ab428069" from cache[0m

[01;34m/home/opam: (run (shell "opam pin add -k version -yn menhir-secondary.20210419 20210419"))[0m
menhir-secondary is now pinned to version 20210419
[01;2m[01;35m2024-06-18 06:19.11 ---> using "5e653339d97e0ed8185532c5e1703035ce8343dcb811ddc6b0aea6ac7d86883e" from cache[0m

[01;34m/home/opam: (run (cache (opam-archives (target /home/opam/.opam/download-cache)))
                 (network host)
                 (shell  "opam reinstall menhir-secondary.20210419;\
                        \n        res=$?;\
                        \n        test \"$res\" != 31 && exit \"$res\";\
                        \n        export OPAMCLI=2.0;\
                        \n        build_dir=$(opam var prefix)/.opam-switch/build;\
                        \n        failed=$(ls \"$build_dir\");\
                        \n        partial_fails=\"\";\
                        \n        for pkg in $failed; do\
                        \n          if opam show -f x-ci-accept-failures: \"$pkg\" | grep -qF \"\\\"debian-12\\\"\"; then\
                        \n            echo \"A package failed and has been disabled for CI using the 'x-ci-accept-failures' field.\";\
                        \n          fi;\
                        \n          test \"$pkg\" != 'menhir-secondary.20210419' && partial_fails=\"$partial_fails $pkg\";\
                        \n        done;\
                        \n        test \"${partial_fails}\" != \"\" && echo \"opam-repo-ci detected dependencies failing: ${partial_fails}\";\
                        \n        exit 1"))[0m
menhir-secondary.20210419 is not installed. Install it? [y/n] y
The following actions will be performed:
=== install 3 packages
  - install dune-secondary           3.8.1             [required by menhir-secondary]
  - install menhir-secondary         20210419 (pinned)
  - install ocaml-secondary-compiler 4.14.2            [required by menhir-secondary]

<><> Processing actions <><><><><><><><><><><><><><><><><><><><><><><><><><><><>
-> retrieved dune-secondary.3.8.1  (cached)
-> retrieved menhir-secondary.20210419  (cached)
-> retrieved ocaml-secondary-compiler.4.14.2  (cached)
-> installed ocaml-secondary-compiler.4.14.2
-> installed dune-secondary.3.8.1
-> installed menhir-secondary.20210419
Done.
# Run eval $(opam env) to update the current shell environment
[01;2m[01;35m2024-06-18 06:19.11 ---> using "d2891b055dfb002137c9443556254c76776d5579d4c176144d7bb63c7d4019af" from cache[0m

[01;34m/home/opam: (run (cache (opam-archives (target /home/opam/.opam/download-cache)))
                 (network host)
                 (shell  "opam reinstall bls12-381.3.0.2;\
                        \n        res=$?;\
                        \n        test \"$res\" != 31 && exit \"$res\";\
                        \n        export OPAMCLI=2.0;\
                        \n        build_dir=$(opam var prefix)/.opam-switch/build;\
                        \n        failed=$(ls \"$build_dir\");\
                        \n        partial_fails=\"\";\
                        \n        for pkg in $failed; do\
                        \n          if opam show -f x-ci-accept-failures: \"$pkg\" | grep -qF \"\\\"debian-12\\\"\"; then\
                        \n            echo \"A package failed and has been disabled for CI using the 'x-ci-accept-failures' field.\";\
                        \n          fi;\
                        \n          test \"$pkg\" != 'bls12-381.3.0.2' && partial_fails=\"$partial_fails $pkg\";\
                        \n        done;\
                        \n        test \"${partial_fails}\" != \"\" && echo \"opam-repo-ci detected dependencies failing: ${partial_fails}\";\
                        \n        exit 1"))[0m
bls12-381.3.0.2 is not installed. Install it? [y/n] y
The following actions will be performed:
=== install 13 packages
  - install bls12-381    3.0.2
  - install conf-gmp     4      [required by zarith]
  - install cstruct      6.2.0  [required by hex]
  - install dune         3.16.0 [required by bls12-381]
  - install ff-sig       0.6.2  [required by bls12-381]
  - install fmt          0.9.0  [required by cstruct]
  - install hex          1.5.0  [required by bls12-381]
  - install integers     0.7.0  [required by bls12-381]
  - install ocamlbuild   0.14.3 [required by fmt]
  - install ocamlfind    1.9.6  [required by zarith]
  - install stdlib-shims 0.3.0  [required by integers]
  - install topkg        1.0.7  [required by fmt]
  - install zarith       1.13   [required by bls12-381]

The following system packages will first need to be installed:
    libgmp-dev

<><> Handling external dependencies <><><><><><><><><><><><><><><><><><><><><><>

opam believes some required external dependencies are missing. opam can:
> 1. Run apt-get to install them (may need root/sudo access)
  2. Display the recommended apt-get command and wait while you run it manually (e.g. in another terminal)
  3. Continue anyway, and, upon success, permanently register that this external dependency is present, but not detectable
  4. Abort the installation

[1/2/3/4] 1

+ /usr/bin/sudo "apt-get" "install" "-qq" "-yy" "libgmp-dev"
- debconf: delaying package configuration, since apt-utils is not installed
- Selecting previously unselected package libgmpxx4ldbl:amd64.
- (Reading database ... (Reading database ... 5%(Reading database ... 10%(Reading database ... 15%(Reading database ... 20%(Reading database ... 25%(Reading database ... 30%(Reading database ... 35%(Reading database ... 40%(Reading database ... 45%(Reading database ... 50%(Reading database ... 55%(Reading database ... 60%(Reading database ... 65%(Reading database ... 70%(Reading database ... 75%(Reading database ... 80%(Reading database ... 85%(Reading database ... 90%(Reading database ... 95%(Reading database ... 100%(Reading database ... 18735 files and directories currently installed.)
- Preparing to unpack .../libgmpxx4ldbl_2%3a6.2.1+dfsg1-1.1_amd64.deb ...
- Unpacking libgmpxx4ldbl:amd64 (2:6.2.1+dfsg1-1.1) ...
- Selecting previously unselected package libgmp-dev:amd64.
- Preparing to unpack .../libgmp-dev_2%3a6.2.1+dfsg1-1.1_amd64.deb ...
- Unpacking libgmp-dev:amd64 (2:6.2.1+dfsg1-1.1) ...
- Setting up libgmpxx4ldbl:amd64 (2:6.2.1+dfsg1-1.1) ...
- Setting up libgmp-dev:amd64 (2:6.2.1+dfsg1-1.1) ...
- Processing triggers for libc-bin (2.36-9+deb12u7) ...

<><> Processing actions <><><><><><><><><><><><><><><><><><><><><><><><><><><><>
-> retrieved bls12-381.3.0.2  (https://gitlab.com/nomadic-labs/cryptography/ocaml-bls12-381/-/archive/3.0.2/ocaml-bls12-381-3.0.2.tar.bz2)
-> retrieved conf-gmp.4  (cached)
-> retrieved cstruct.6.2.0  (cached)
-> installed conf-gmp.4
-> retrieved dune.3.16.0  (cached)
-> retrieved ff-sig.0.6.2  (cached)
-> retrieved fmt.0.9.0  (cached)
-> retrieved hex.1.5.0  (cached)
-> retrieved integers.0.7.0  (cached)
-> retrieved ocamlbuild.0.14.3  (cached)
-> retrieved ocamlfind.1.9.6  (cached)
-> retrieved stdlib-shims.0.3.0  (cached)
-> retrieved topkg.1.0.7  (cached)
-> retrieved zarith.1.13  (cached)
-> installed ocamlfind.1.9.6
-> installed ocamlbuild.0.14.3
-> installed zarith.1.13
-> installed topkg.1.0.7
-> installed fmt.0.9.0
-> installed dune.3.16.0
-> installed ff-sig.0.6.2
-> installed stdlib-shims.0.3.0
-> installed cstruct.6.2.0
-> installed hex.1.5.0
-> installed integers.0.7.0
-> installed bls12-381.3.0.2
Done.
# Run eval $(opam env) to update the current shell environment
[01;2m[01;35m2024-06-18 06:20.10 ---> saved as "2c3b92fa85200d57951e74e0ab3bd9eb9afd5cab5d711fe8268a8285af696552"[0m

[01;34m/home/opam: (run (network host)
                 (shell "(opam reinstall --with-test bls12-381.3.0.2) || true"))[0m
[ERROR] Sorry, resolution of the request timed out.
        Try to specify a more precise request, use a different solver, or increase the allowed time by setting OPAMSOLVERTIMEOUT to a bigger value (currently, it is set to 500.0 seconds).
[01;2m[01;35m2024-06-18 06:28.47 ---> saved as "daef8c06cdb2f1b0836a1128a3359f6f3a28c07cdee19a7aa82cdcdfd491e3b4"[0m

[01;34m/home/opam: (run (shell  "opam reinstall --with-test --verbose bls12-381.3.0.2;\
                        \n        res=$?;\
                        \n        test \"$res\" != 31 && exit \"$res\";\
                        \n        export OPAMCLI=2.0;\
                        \n        build_dir=$(opam var prefix)/.opam-switch/build;\
                        \n        failed=$(ls \"$build_dir\");\
                        \n        partial_fails=\"\";\
                        \n        for pkg in $failed; do\
                        \n          if opam show -f x-ci-accept-failures: \"$pkg\" | grep -qF \"\\\"debian-12\\\"\"; then\
                        \n            echo \"A package failed and has been disabled for CI using the 'x-ci-accept-failures' field.\";\
                        \n          fi;\
                        \n          test \"$pkg\" != 'bls12-381.3.0.2' && partial_fails=\"$partial_fails $pkg\";\
                        \n        done;\
                        \n        test \"${partial_fails}\" != \"\" && echo \"opam-repo-ci detected dependencies failing: ${partial_fails}\";\
                        \n        exit 1"))[0m
The following actions will be performed:
=== recompile 4 packages
  - recompile bls12-381            3.0.2
  - recompile cstruct              6.2.0    [uses fmt]
  - recompile fmt                  0.9.0    [uses cmdliner]
  - recompile hex                  1.5.0    [uses cstruct]
=== install 20 packages
  - install   alcotest             1.0.1    [required by bls12-381]
  - install   astring              0.8.5    [required by alcotest]
  - install   bisect_ppx           2.8.3    [required by bls12-381]
  - install   cmdliner             1.3.0    [required by alcotest, bisect_ppx]
  - install   ff-pbt               0.6.2    [required by bls12-381]
  - install   integers_stubs_js    1.0      [required by bls12-381]
  - install   js_of_ocaml          5.0.1    [required by integers_stubs_js]
  - install   js_of_ocaml-compiler 5.0.1    [required by js_of_ocaml]
  - install   menhir               20230608 [required by js_of_ocaml-compiler]
  - install   menhirLib            20230608 [required by js_of_ocaml-compiler]
  - install   menhirSdk            20230608 [required by js_of_ocaml-compiler]
  - install   ocaml-compiler-libs  v0.12.4  [required by ppxlib]
  - install   ppx_derivers         1.2.1    [required by ppxlib]
  - install   ppxlib               0.32.1   [required by bisect_ppx]
  - install   re                   1.11.0   [required by alcotest]
  - install   seq                  base     [required by re]
  - install   sexplib0             v0.17.0  [required by ppxlib]
  - install   uuidm                0.9.8    [required by alcotest]
  - install   yojson               2.2.1    [required by js_of_ocaml-compiler]
  - install   zarith_stubs_js      v0.16.1  [required by bls12-381]

<><> Processing actions <><><><><><><><><><><><><><><><><><><><><><><><><><><><>
Processing  1/73: [alcotest.1.0.1: http]
[ERROR] Failed to get sources of alcotest.1.0.1: Curl failed
Processing  2/73: [astring.0.8.5: http]
[ERROR] Failed to get sources of astring.0.8.5: Curl failed
Processing  3/73: [bisect_ppx.2.8.3: http]
Processing  4/73: [bisect_ppx.2.8.3: http]
Processing  5/73: [bisect_ppx.2.8.3: http]
[ERROR] Failed to get sources of bisect_ppx.2.8.3: Curl failed
Processing  6/73: [bls12-381.3.0.2: http]
[ERROR] Failed to get sources of bls12-381.3.0.2: Curl failed
Processing  7/73: [cmdliner.1.3.0: http]
[ERROR] Failed to get sources of cmdliner.1.3.0: Curl failed
Processing  8/73: [cstruct.6.2.0: http]
Processing  9/73: [cstruct.6.2.0: http]
Processing 10/73: [cstruct.6.2.0: http]
[ERROR] Failed to get sources of cstruct.6.2.0: Curl failed
Processing 11/73: [ff-pbt.0.6.2: http]
[ERROR] Failed to get sources of ff-pbt.0.6.2: Curl failed
Processing 12/73: [fmt.0.9.0: http]
[ERROR] Failed to get sources of fmt.0.9.0: Curl failed
Processing 13/73: [hex.1.5.0: http]
Processing 14/73: [hex.1.5.0: http]
[ERROR] Failed to get sources of hex.1.5.0: Curl failed
Processing 15/73: [integers_stubs_js.1.0: http]
[ERROR] Failed to get sources of integers_stubs_js.1.0: Curl failed
Processing 16/73: [js_of_ocaml.5.0.1, js_of_ocaml-compiler.5.0.1: http]
[ERROR] Failed to get sources of js_of_ocaml.5.0.1, js_of_ocaml-compiler.5.0.1 (https://github.com/ocsigen/js_of_ocaml/releases/download/5.0.1/js_of_ocaml-5.0.1.tbz): Curl failed
Processing 17/73: [menhir.20230608, menhirLib.20230608, menhirSdk.20230608: http]
[ERROR] Failed to get sources of menhir.20230608, menhirLib.20230608, menhirSdk.20230608 (https://gitlab.inria.fr/fpottier/menhir/-/archive/20230608/archive.tar.gz): Curl failed
Processing 18/73: [ocaml-compiler-libs.v0.12.4: http]
Processing 19/73: [ocaml-compiler-libs.v0.12.4: http]
Processing 20/73: [ocaml-compiler-libs.v0.12.4: http]
Processing 21/73: [ocaml-compiler-libs.v0.12.4: http]
Processing 22/73: [ocaml-compiler-libs.v0.12.4: http]
Processing 23/73: [ocaml-compiler-libs.v0.12.4: http]
Processing 24/73: [ocaml-compiler-libs.v0.12.4: http]
[ERROR] Failed to get sources of ocaml-compiler-libs.v0.12.4: Curl failed
Processing 25/73: [ppx_derivers.1.2.1: http]
Processing 26/73: [ppx_derivers.1.2.1: http]
Processing 27/73: [ppx_derivers.1.2.1: http]
[ERROR] Failed to get sources of ppx_derivers.1.2.1: Curl failed
Processing 28/73: [ppxlib.0.32.1: http]
Processing 29/73: [ppxlib.0.32.1: http]
Processing 30/73: [ppxlib.0.32.1: http]
[ERROR] Failed to get sources of ppxlib.0.32.1: Curl failed
Processing 31/73: [re.1.11.0: http]
[ERROR] Failed to get sources of re.1.11.0: Curl failed
Processing 32/73: [seq.base/META.seq: dl]
[ERROR] Failed to get extra source "META.seq" of seq.base: Curl failed
Processing 33/73: [sexplib0.v0.17.0: http]
Processing 34/73: [sexplib0.v0.17.0: http]
Processing 35/73: [sexplib0.v0.17.0: http]
Processing 36/73: [sexplib0.v0.17.0: http]
Processing 37/73: [sexplib0.v0.17.0: http]
[ERROR] Failed to get sources of sexplib0.v0.17.0: Curl failed
Processing 38/73: [uuidm.0.9.8: http]
Processing 39/73: [uuidm.0.9.8: http]
Processing 40/73: [uuidm.0.9.8: http]
Processing 41/73: [uuidm.0.9.8: http]
Processing 42/73: [uuidm.0.9.8: http]
Processing 43/73: [uuidm.0.9.8: http]
Processing 44/73: [uuidm.0.9.8: http]
[ERROR] Failed to get sources of uuidm.0.9.8: Curl failed
Processing 45/73: [yojson.2.2.1: http]
Processing 46/73: [yojson.2.2.1: http]
Processing 47/73: [yojson.2.2.1: http]
[ERROR] Failed to get sources of yojson.2.2.1: Curl failed
Processing 48/73: [zarith_stubs_js.v0.16.1: http]
Processing 49/73: [zarith_stubs_js.v0.16.1: http]
Processing 50/73: [zarith_stubs_js.v0.16.1: http]
Processing 51/73: [zarith_stubs_js.v0.16.1: http]
Processing 52/73: [zarith_stubs_js.v0.16.1: http]
Processing 53/73: [zarith_stubs_js.v0.16.1: http]
Processing 54/73: [zarith_stubs_js.v0.16.1: http]
[ERROR] Failed to get sources of zarith_stubs_js.v0.16.1: Curl failed

#=== ERROR while fetching sources for zarith_stubs_js.v0.16.1 =================#
OpamSolution.Fetch_fail("https://github.com/janestreet/zarith_stubs_js/archive/refs/tags/v0.16.1.tar.gz (Curl failed: \"/usr/bin/curl --write-out %{http_code}\\\\n --retry 3 --retry-delay 2 --user-agent opam/2.2.0~beta3~dev -L -o /home/opam/.opam/4.14/.opam-switch/sources/zarith_stubs_js.v0.16.1/v0.16.1.tar.gz.part -- https://github.com/janestreet/zarith_stubs_js/archive/refs/tags/v0.16.1.tar.gz\" exited with code 6)")

#=== ERROR while fetching sources for yojson.2.2.1 ============================#
OpamSolution.Fetch_fail("https://github.com/ocaml-community/yojson/releases/download/2.2.1/yojson-2.2.1.tbz (Curl failed: \"/usr/bin/curl --write-out %{http_code}\\\\n --retry 3 --retry-delay 2 --user-agent opam/2.2.0~beta3~dev -L -o /home/opam/.opam/4.14/.opam-switch/sources/yojson.2.2.1/yojson-2.2.1.tbz.part -- https://github.com/ocaml-community/yojson/releases/download/2.2.1/yojson-2.2.1.tbz\" exited with code 6)")

#=== ERROR while fetching sources for uuidm.0.9.8 =============================#
OpamSolution.Fetch_fail("https://erratique.ch/software/uuidm/releases/uuidm-0.9.8.tbz (Curl failed: \"/usr/bin/curl --write-out %{http_code}\\\\n --retry 3 --retry-delay 2 --user-agent opam/2.2.0~beta3~dev -L -o /home/opam/.opam/4.14/.opam-switch/sources/uuidm.0.9.8/uuidm-0.9.8.tbz.part -- https://erratique.ch/software/uuidm/releases/uuidm-0.9.8.tbz\" exited with code 6)")

#=== ERROR while fetching sources for sexplib0.v0.17.0 ========================#
OpamSolution.Fetch_fail("https://github.com/janestreet/sexplib0/archive/refs/tags/v0.17.0.tar.gz (Curl failed: \"/usr/bin/curl --write-out %{http_code}\\\\n --retry 3 --retry-delay 2 --user-agent opam/2.2.0~beta3~dev -L -o /home/opam/.opam/4.14/.opam-switch/sources/sexplib0.v0.17.0/v0.17.0.tar.gz.part -- https://github.com/janestreet/sexplib0/archive/refs/tags/v0.17.0.tar.gz\" exited with code 6)")

#=== ERROR while fetching sources for seq.base ================================#
OpamSolution.Fetch_fail("https://raw.githubusercontent.com/ocaml/opam-source-archives/main/patches/seq/META.seq (Curl failed: \"/usr/bin/curl --write-out %{http_code}\\\\n --retry 3 --retry-delay 2 --user-agent opam/2.2.0~beta3~dev -L -o /tmp/opam-7-108a5d/META.seq.part -- https://raw.githubusercontent.com/ocaml/opam-source-archives/main/patches/seq/META.seq\" exited with code 6)")

#=== ERROR while fetching sources for re.1.11.0 ===============================#
OpamSolution.Fetch_fail("https://github.com/ocaml/ocaml-re/releases/download/1.11.0/re-1.11.0.tbz (Curl failed: \"/usr/bin/curl --write-out %{http_code}\\\\n --retry 3 --retry-delay 2 --user-agent opam/2.2.0~beta3~dev -L -o /home/opam/.opam/4.14/.opam-switch/sources/re.1.11.0/re-1.11.0.tbz.part -- https://github.com/ocaml/ocaml-re/releases/download/1.11.0/re-1.11.0.tbz\" exited with code 6)")

#=== ERROR while fetching sources for ppxlib.0.32.1 ===========================#
OpamSolution.Fetch_fail("https://github.com/ocaml-ppx/ppxlib/releases/download/0.32.1/ppxlib-0.32.1.tbz (Curl failed: \"/usr/bin/curl --write-out %{http_code}\\\\n --retry 3 --retry-delay 2 --user-agent opam/2.2.0~beta3~dev -L -o /home/opam/.opam/4.14/.opam-switch/sources/ppxlib.0.32.1/ppxlib-0.32.1.tbz.part -- https://github.com/ocaml-ppx/ppxlib/releases/download/0.32.1/ppxlib-0.32.1.tbz\" exited with code 6)")

#=== ERROR while fetching sources for ppx_derivers.1.2.1 ======================#
OpamSolution.Fetch_fail("https://github.com/ocaml-ppx/ppx_derivers/archive/1.2.1.tar.gz (Curl failed: \"/usr/bin/curl --write-out %{http_code}\\\\n --retry 3 --retry-delay 2 --user-agent opam/2.2.0~beta3~dev -L -o /home/opam/.opam/4.14/.opam-switch/sources/ppx_derivers.1.2.1/1.2.1.tar.gz.part -- https://github.com/ocaml-ppx/ppx_derivers/archive/1.2.1.tar.gz\" exited with code 6)")

#=== ERROR while fetching sources for ocaml-compiler-libs.v0.12.4 =============#
OpamSolution.Fetch_fail("https://github.com/janestreet/ocaml-compiler-libs/releases/download/v0.12.4/ocaml-compiler-libs-v0.12.4.tbz (Curl failed: \"/usr/bin/curl --write-out %{http_code}\\\\n --retry 3 --retry-delay 2 --user-agent opam/2.2.0~beta3~dev -L -o /home/opam/.opam/4.14/.opam-switch/sources/ocaml-compiler-libs.v0.12.4/ocaml-compiler-libs-v0.12.4.tbz.part -- https://github.com/janestreet/ocaml-compiler-libs/releases/download/v0.12.4/ocaml-compiler-libs-v0.12.4.tbz\" exited with code 6)")

#=== ERROR while fetching sources for menhir.20230608, menhirLib.20230608 and menhirSdk.20230608 
OpamSolution.Fetch_fail("https://gitlab.inria.fr/fpottier/menhir/-/archive/20230608/archive.tar.gz (Curl failed: \"/usr/bin/curl --write-out %{http_code}\\\\n --retry 3 --retry-delay 2 --user-agent opam/2.2.0~beta3~dev -L -o /tmp/opam-7-97af4d/archive.tar.gz.part -- https://gitlab.inria.fr/fpottier/menhir/-/archive/20230608/archive.tar.gz\" exited with code 6)")

#=== ERROR while fetching sources for js_of_ocaml.5.0.1 and js_of_ocaml-compiler.5.0.1 
OpamSolution.Fetch_fail("https://github.com/ocsigen/js_of_ocaml/releases/download/5.0.1/js_of_ocaml-5.0.1.tbz (Curl failed: \"/usr/bin/curl --write-out %{http_code}\\\\n --retry 3 --retry-delay 2 --user-agent opam/2.2.0~beta3~dev -L -o /tmp/opam-7-492d2e/js_of_ocaml-5.0.1.tbz.part -- https://github.com/ocsigen/js_of_ocaml/releases/download/5.0.1/js_of_ocaml-5.0.1.tbz\" exited with code 6)")

#=== ERROR while fetching sources for integers_stubs_js.1.0 ===================#
OpamSolution.Fetch_fail("https://github.com/o1-labs/integers_stubs_js/archive/1.0.tar.gz (Curl failed: \"/usr/bin/curl --write-out %{http_code}\\\\n --retry 3 --retry-delay 2 --user-agent opam/2.2.0~beta3~dev -L -o /home/opam/.opam/4.14/.opam-switch/sources/integers_stubs_js.1.0/1.0.tar.gz.part -- https://github.com/o1-labs/integers_stubs_js/archive/1.0.tar.gz\" exited with code 6)")

#=== ERROR while fetching sources for hex.1.5.0 ===============================#
OpamSolution.Fetch_fail("https://github.com/mirage/ocaml-hex/releases/download/v1.5.0/hex-1.5.0.tbz (Curl failed: \"/usr/bin/curl --write-out %{http_code}\\\\n --retry 3 --retry-delay 2 --user-agent opam/2.2.0~beta3~dev -L -o /home/opam/.opam/4.14/.opam-switch/sources/hex.1.5.0/hex-1.5.0.tbz.part -- https://github.com/mirage/ocaml-hex/releases/download/v1.5.0/hex-1.5.0.tbz\" exited with code 6)")

#=== ERROR while fetching sources for fmt.0.9.0 ===============================#
OpamSolution.Fetch_fail("https://erratique.ch/software/fmt/releases/fmt-0.9.0.tbz (Curl failed: \"/usr/bin/curl --write-out %{http_code}\\\\n --retry 3 --retry-delay 2 --user-agent opam/2.2.0~beta3~dev -L -o /home/opam/.opam/4.14/.opam-switch/sources/fmt.0.9.0/fmt-0.9.0.tbz.part -- https://erratique.ch/software/fmt/releases/fmt-0.9.0.tbz\" exited with code 6)")

#=== ERROR while fetching sources for ff-pbt.0.6.2 ============================#
OpamSolution.Fetch_fail("https://gitlab.com/nomadic-labs/cryptography/ocaml-ff/-/archive/0.6.2/ocaml-ff-0.6.2.tar.gz (Curl failed: \"/usr/bin/curl --write-out %{http_code}\\\\n --retry 3 --retry-delay 2 --user-agent opam/2.2.0~beta3~dev -L -o /home/opam/.opam/4.14/.opam-switch/sources/ff-pbt.0.6.2/ocaml-ff-0.6.2.tar.gz.part -- https://gitlab.com/nomadic-labs/cryptography/ocaml-ff/-/archive/0.6.2/ocaml-ff-0.6.2.tar.gz\" exited with code 6)")

#=== ERROR while fetching sources for cstruct.6.2.0 ===========================#
OpamSolution.Fetch_fail("https://github.com/mirage/ocaml-cstruct/releases/download/v6.2.0/cstruct-6.2.0.tbz (Curl failed: \"/usr/bin/curl --write-out %{http_code}\\\\n --retry 3 --retry-delay 2 --user-agent opam/2.2.0~beta3~dev -L -o /home/opam/.opam/4.14/.opam-switch/sources/cstruct.6.2.0/cstruct-6.2.0.tbz.part -- https://github.com/mirage/ocaml-cstruct/releases/download/v6.2.0/cstruct-6.2.0.tbz\" exited with code 6)")

#=== ERROR while fetching sources for cmdliner.1.3.0 ==========================#
OpamSolution.Fetch_fail("https://erratique.ch/software/cmdliner/releases/cmdliner-1.3.0.tbz (Curl failed: \"/usr/bin/curl --write-out %{http_code}\\\\n --retry 3 --retry-delay 2 --user-agent opam/2.2.0~beta3~dev -L -o /home/opam/.opam/4.14/.opam-switch/sources/cmdliner.1.3.0/cmdliner-1.3.0.tbz.part -- https://erratique.ch/software/cmdliner/releases/cmdliner-1.3.0.tbz\" exited with code 6)")

#=== ERROR while fetching sources for bls12-381.3.0.2 =========================#
OpamSolution.Fetch_fail("https://gitlab.com/nomadic-labs/cryptography/ocaml-bls12-381/-/archive/3.0.2/ocaml-bls12-381-3.0.2.tar.bz2 (Curl failed: \"/usr/bin/curl --write-out %{http_code}\\\\n --retry 3 --retry-delay 2 --user-agent opam/2.2.0~beta3~dev -L -o /home/opam/.opam/4.14/.opam-switch/sources/bls12-381.3.0.2/ocaml-bls12-381-3.0.2.tar.bz2.part -- https://gitlab.com/nomadic-labs/cryptography/ocaml-bls12-381/-/archive/3.0.2/ocaml-bls12-381-3.0.2.tar.bz2\" exited with code 6)")

#=== ERROR while fetching sources for bisect_ppx.2.8.3 ========================#
OpamSolution.Fetch_fail("https://github.com/aantron/bisect_ppx/archive/2.8.3.tar.gz (Curl failed: \"/usr/bin/curl --write-out %{http_code}\\\\n --retry 3 --retry-delay 2 --user-agent opam/2.2.0~beta3~dev -L -o /home/opam/.opam/4.14/.opam-switch/sources/bisect_ppx.2.8.3/2.8.3.tar.gz.part -- https://github.com/aantron/bisect_ppx/archive/2.8.3.tar.gz\" exited with code 6)")

#=== ERROR while fetching sources for astring.0.8.5 ===========================#
OpamSolution.Fetch_fail("https://erratique.ch/software/astring/releases/astring-0.8.5.tbz (Curl failed: \"/usr/bin/curl --write-out %{http_code}\\\\n --retry 3 --retry-delay 2 --user-agent opam/2.2.0~beta3~dev -L -o /home/opam/.opam/4.14/.opam-switch/sources/astring.0.8.5/astring-0.8.5.tbz.part -- https://erratique.ch/software/astring/releases/astring-0.8.5.tbz\" exited with code 6)")

#=== ERROR while fetching sources for alcotest.1.0.1 ==========================#
OpamSolution.Fetch_fail("https://github.com/mirage/alcotest/releases/download/1.0.1/alcotest-1.0.1.tbz (Curl failed: \"/usr/bin/curl --write-out %{http_code}\\\\n --retry 3 --retry-delay 2 --user-agent opam/2.2.0~beta3~dev -L -o /home/opam/.opam/4.14/.opam-switch/sources/alcotest.1.0.1/alcotest-1.0.1.tbz.part -- https://github.com/mirage/alcotest/releases/download/1.0.1/alcotest-1.0.1.tbz\" exited with code 6)")


<><> Error report <><><><><><><><><><><><><><><><><><><><><><><><><><><><><><><>
+- The following actions failed
| - fetch alcotest                                                1.0.1
| - fetch astring                                                 0.8.5
| - fetch bisect_ppx                                              2.8.3
| - fetch bls12-381                                               3.0.2
| - fetch cmdliner                                                1.3.0
| - fetch cstruct                                                 6.2.0
| - fetch ff-pbt                                                  0.6.2
| - fetch fmt                                                     0.9.0
| - fetch hex                                                     1.5.0
| - fetch integers_stubs_js                                       1.0
| - fetch js_of_ocaml.5.0.1, js_of_ocaml-compiler.5.0.1           
| - fetch menhir.20230608, menhirLib.20230608, menhirSdk.20230608 
| - fetch ocaml-compiler-libs                                     v0.12.4
| - fetch ppx_derivers                                            1.2.1
| - fetch ppxlib                                                  0.32.1
| - fetch re                                                      1.11.0
| - fetch seq                                                     base
| - fetch sexplib0                                                v0.17.0
| - fetch uuidm                                                   0.9.8
| - fetch yojson                                                  2.2.1
| - fetch zarith_stubs_js                                         v0.16.1
+- 
- No changes have been performed
# Run eval $(opam env) to update the current shell environment
'opam reinstall --with-test --verbose bls12-381.3.0.2' failed.
"/usr/bin/env" "bash" "-c" "opam reinstall --with-test --verbose bls12-381.3.0.2;
        res=$?;
        test "$res" != 31 && exit "$res";
        export OPAMCLI=2.0;
        build_dir=$(opam var prefix)/.opam-switch/build;
        failed=$(ls "$build_dir");
        partial_fails="";
        for pkg in $failed; do
          if opam show -f x-ci-accept-failures: "$pkg" | grep -qF "\"debian-12\""; then
            echo "A package failed and has been disabled for CI using the 'x-ci-accept-failures' field.";
          fi;
          test "$pkg" != 'bls12-381.3.0.2' && partial_fails="$partial_fails $pkg";
        done;
        test "${partial_fails}" != "" && echo "opam-repo-ci detected dependencies failing: ${partial_fails}";
        exit 1" failed with exit status 40
2024-06-18 06:39.23: Job failed: Failed: Build failed
2024-06-18 06:39.23: Log analysis:
2024-06-18 06:39.23: >>> 
[ERROR] Sorry, resolution of the request timed out.
 (score = 20)
2024-06-18 06:39.23: >>> 
[ERROR] Failed to get sources of alcotest.1.0.1: Curl failed
 (score = 25)
2024-06-18 06:39.23: >>> 
[ERROR] Failed to get sources of astring.0.8.5: Curl failed
 (score = 25)
2024-06-18 06:39.23: >>> 
[ERROR] Failed to get sources of bisect_ppx.2.8.3: Curl failed
 (score = 25)
2024-06-18 06:39.23: >>> 
[ERROR] Failed to get sources of bls12-381.3.0.2: Curl failed
 (score = 25)
2024-06-18 06:39.23: >>> 
[ERROR] Failed to get sources of cmdliner.1.3.0: Curl failed
 (score = 25)
2024-06-18 06:39.23: >>> 
[ERROR] Failed to get sources of cstruct.6.2.0: Curl failed
 (score = 25)
2024-06-18 06:39.23: >>> 
[ERROR] Failed to get sources of ff-pbt.0.6.2: Curl failed
 (score = 25)
2024-06-18 06:39.23: >>> 
[ERROR] Failed to get sources of fmt.0.9.0: Curl failed
 (score = 25)
2024-06-18 06:39.23: >>> 
[ERROR] Failed to get sources of hex.1.5.0: Curl failed
 (score = 25)
2024-06-18 06:39.23: >>> 
[ERROR] Failed to get sources of integers_stubs_js.1.0: Curl failed
 (score = 25)
2024-06-18 06:39.23: >>> 
[ERROR] Failed to get sources of js_of_ocaml.5.0.1, js_of_ocaml-compiler.5.0.1 (https://github.com/ocsigen/js_of_ocaml/releases/download/5.0.1/js_of_ocaml-5.0.1.tbz): Curl failed
 (score = 25)
2024-06-18 06:39.23: >>> 
[ERROR] Failed to get sources of menhir.20230608, menhirLib.20230608, menhirSdk.20230608 (https://gitlab.inria.fr/fpottier/menhir/-/archive/20230608/archive.tar.gz): Curl failed
 (score = 25)
2024-06-18 06:39.23: >>> 
[ERROR] Failed to get sources of ocaml-compiler-libs.v0.12.4: Curl failed
 (score = 25)
2024-06-18 06:39.23: >>> 
[ERROR] Failed to get sources of ppx_derivers.1.2.1: Curl failed
 (score = 25)
2024-06-18 06:39.23: >>> 
[ERROR] Failed to get sources of ppxlib.0.32.1: Curl failed
 (score = 25)
2024-06-18 06:39.23: >>> 
[ERROR] Failed to get sources of re.1.11.0: Curl failed
 (score = 25)
2024-06-18 06:39.23: >>> 
[ERROR] Failed to get extra source "META.seq" of seq.base: Curl failed
 (score = 20)
2024-06-18 06:39.23: >>> 
[ERROR] Failed to get sources of sexplib0.v0.17.0: Curl failed
 (score = 25)
2024-06-18 06:39.23: >>> 
[ERROR] Failed to get sources of uuidm.0.9.8: Curl failed
 (score = 25)
2024-06-18 06:39.23: >>> 
[ERROR] Failed to get sources of yojson.2.2.1: Curl failed
 (score = 25)
2024-06-18 06:39.23: >>> 
[ERROR] Failed to get sources of zarith_stubs_js.v0.16.1: Curl failed
 (score = 25)
2024-06-18 06:39.23: Failed to get sources of alcotest.1.0.1: Curl failed
