2024-06-17 19:35.54: New job: test current_ocluster.0.2.1 with menhir-secondary.20210419, using opam dev
                              from https://github.com/ocaml/opam-repository.git#refs/pull/25928/head (3f2c920b90e20a61c5c90d25ab350fcf660158fd)
                              on debian-12-ocaml-5.2/amd64

To reproduce locally:

cd $(mktemp -d)
git clone --recursive "https://github.com/ocaml/opam-repository.git" && cd "opam-repository" && git fetch origin "refs/pull/25928/head" && git reset --hard 3f2c920b
git fetch origin master
git merge --no-edit 5d6f1cf035d4b9d572fef4ae2e63cf1e3da8760d
cat > ../Dockerfile <<'END-OF-DOCKERFILE'
[34mFROM ocaml/opam:debian-12-ocaml-5.2@sha256:12df694d8961e9d2889415e9f52914c529db83d399156ead1a40943939257d06
USER 1000:1000
WORKDIR /home/opam
RUN sudo ln -f /usr/bin/opam-dev /usr/bin/opam
RUN opam init --reinit -ni
RUN uname -rs && opam exec -- ocaml -version && opam --version
ENV OPAMDOWNLOADJOBS="1"
ENV OPAMERRLOGLEN="0"
ENV OPAMSOLVERTIMEOUT="500"
ENV OPAMPRECISETRACKING="1"
ENV CI="true"
ENV OPAM_REPO_CI="true"
RUN rm -rf opam-repository/
COPY --chown=1000:1000 . opam-repository/
RUN opam repository set-url --strict default opam-repository/
RUN opam update --depexts || true
RUN opam pin add -k version -yn menhir-secondary.20210419 20210419
RUN opam reinstall menhir-secondary.20210419; \
    res=$?; \
    test "$res" != 31 && exit "$res"; \
    export OPAMCLI=2.0; \
    build_dir=$(opam var prefix)/.opam-switch/build; \
    failed=$(ls "$build_dir"); \
    partial_fails=""; \
    for pkg in $failed; do \
    if opam show -f x-ci-accept-failures: "$pkg" | grep -qF "\"debian-12\""; then \
    echo "A package failed and has been disabled for CI using the 'x-ci-accept-failures' field."; \
    fi; \
    test "$pkg" != 'menhir-secondary.20210419' && partial_fails="$partial_fails $pkg"; \
    done; \
    test "${partial_fails}" != "" && echo "opam-repo-ci detected dependencies failing: ${partial_fails}"; \
    exit 1
RUN opam reinstall current_ocluster.0.2.1; \
    res=$?; \
    test "$res" != 31 && exit "$res"; \
    export OPAMCLI=2.0; \
    build_dir=$(opam var prefix)/.opam-switch/build; \
    failed=$(ls "$build_dir"); \
    partial_fails=""; \
    for pkg in $failed; do \
    if opam show -f x-ci-accept-failures: "$pkg" | grep -qF "\"debian-12\""; then \
    echo "A package failed and has been disabled for CI using the 'x-ci-accept-failures' field."; \
    fi; \
    test "$pkg" != 'current_ocluster.0.2.1' && partial_fails="$partial_fails $pkg"; \
    done; \
    test "${partial_fails}" != "" && echo "opam-repo-ci detected dependencies failing: ${partial_fails}"; \
    exit 1
RUN (opam reinstall --with-test current_ocluster.0.2.1) || true
RUN opam reinstall --with-test --verbose current_ocluster.0.2.1; \
    res=$?; \
    test "$res" != 31 && exit "$res"; \
    export OPAMCLI=2.0; \
    build_dir=$(opam var prefix)/.opam-switch/build; \
    failed=$(ls "$build_dir"); \
    partial_fails=""; \
    for pkg in $failed; do \
    if opam show -f x-ci-accept-failures: "$pkg" | grep -qF "\"debian-12\""; then \
    echo "A package failed and has been disabled for CI using the 'x-ci-accept-failures' field."; \
    fi; \
    test "$pkg" != 'current_ocluster.0.2.1' && partial_fails="$partial_fails $pkg"; \
    done; \
    test "${partial_fails}" != "" && echo "opam-repo-ci detected dependencies failing: ${partial_fails}"; \
    exit 1
[0m
END-OF-DOCKERFILE
docker build -f ../Dockerfile .

2024-06-17 19:35.54: Using cache hint "ocaml/opam:debian-12-ocaml-5.2@sha256:12df694d8961e9d2889415e9f52914c529db83d399156ead1a40943939257d06-menhir-secondary.20210419-current_ocluster.0.2.1-3f2c920b90e20a61c5c90d25ab350fcf660158fd"
2024-06-17 19:35.54: Using OBuilder spec:
((from ocaml/opam:debian-12-ocaml-5.2@sha256:12df694d8961e9d2889415e9f52914c529db83d399156ead1a40943939257d06)
 (user (uid 1000) (gid 1000))
 (workdir /home/opam)
 (run (shell "sudo ln -f /usr/bin/opam-dev /usr/bin/opam"))
 (run (network host)
      (shell "opam init --reinit --config .opamrc-sandbox -ni"))
 (run (shell "uname -rs && opam exec -- ocaml -version && opam --version"))
 (env OPAMDOWNLOADJOBS 1)
 (env OPAMERRLOGLEN 0)
 (env OPAMSOLVERTIMEOUT 500)
 (env OPAMPRECISETRACKING 1)
 (env CI true)
 (env OPAM_REPO_CI true)
 (run (shell "rm -rf opam-repository/"))
 (copy (src .) (dst opam-repository/))
 (run (shell "opam repository set-url --strict default opam-repository/"))
 (run (network host)
      (shell "opam update --depexts || true"))
 (run (shell "opam pin add -k version -yn menhir-secondary.20210419 20210419"))
 (run (cache (opam-archives (target /home/opam/.opam/download-cache)))
      (network host)
      (shell  "opam reinstall menhir-secondary.20210419;\
             \n        res=$?;\
             \n        test \"$res\" != 31 && exit \"$res\";\
             \n        export OPAMCLI=2.0;\
             \n        build_dir=$(opam var prefix)/.opam-switch/build;\
             \n        failed=$(ls \"$build_dir\");\
             \n        partial_fails=\"\";\
             \n        for pkg in $failed; do\
             \n          if opam show -f x-ci-accept-failures: \"$pkg\" | grep -qF \"\\\"debian-12\\\"\"; then\
             \n            echo \"A package failed and has been disabled for CI using the 'x-ci-accept-failures' field.\";\
             \n          fi;\
             \n          test \"$pkg\" != 'menhir-secondary.20210419' && partial_fails=\"$partial_fails $pkg\";\
             \n        done;\
             \n        test \"${partial_fails}\" != \"\" && echo \"opam-repo-ci detected dependencies failing: ${partial_fails}\";\
             \n        exit 1"))
 (run (cache (opam-archives (target /home/opam/.opam/download-cache)))
      (network host)
      (shell  "opam reinstall current_ocluster.0.2.1;\
             \n        res=$?;\
             \n        test \"$res\" != 31 && exit \"$res\";\
             \n        export OPAMCLI=2.0;\
             \n        build_dir=$(opam var prefix)/.opam-switch/build;\
             \n        failed=$(ls \"$build_dir\");\
             \n        partial_fails=\"\";\
             \n        for pkg in $failed; do\
             \n          if opam show -f x-ci-accept-failures: \"$pkg\" | grep -qF \"\\\"debian-12\\\"\"; then\
             \n            echo \"A package failed and has been disabled for CI using the 'x-ci-accept-failures' field.\";\
             \n          fi;\
             \n          test \"$pkg\" != 'current_ocluster.0.2.1' && partial_fails=\"$partial_fails $pkg\";\
             \n        done;\
             \n        test \"${partial_fails}\" != \"\" && echo \"opam-repo-ci detected dependencies failing: ${partial_fails}\";\
             \n        exit 1"))
 (run (network host)
      (shell "(opam reinstall --with-test current_ocluster.0.2.1) || true"))
 (run (shell  "opam reinstall --with-test --verbose current_ocluster.0.2.1;\
             \n        res=$?;\
             \n        test \"$res\" != 31 && exit \"$res\";\
             \n        export OPAMCLI=2.0;\
             \n        build_dir=$(opam var prefix)/.opam-switch/build;\
             \n        failed=$(ls \"$build_dir\");\
             \n        partial_fails=\"\";\
             \n        for pkg in $failed; do\
             \n          if opam show -f x-ci-accept-failures: \"$pkg\" | grep -qF \"\\\"debian-12\\\"\"; then\
             \n            echo \"A package failed and has been disabled for CI using the 'x-ci-accept-failures' field.\";\
             \n          fi;\
             \n          test \"$pkg\" != 'current_ocluster.0.2.1' && partial_fails=\"$partial_fails $pkg\";\
             \n        done;\
             \n        test \"${partial_fails}\" != \"\" && echo \"opam-repo-ci detected dependencies failing: ${partial_fails}\";\
             \n        exit 1"))
)

2024-06-17 19:35.54: Waiting for resource in pool OCluster
2024-06-18 16:46.52: Waiting for workerâ€¦
2024-06-18 16:49.22: Got resource from pool OCluster
Building on x86-bm-c7.sw.ocaml.org
All commits already cached
Updating files:  62% (19871/31554)Updating files:  63% (19880/31554)Updating files:  64% (20195/31554)Updating files:  65% (20511/31554)Updating files:  66% (20826/31554)Updating files:  67% (21142/31554)Updating files:  68% (21457/31554)Updating files:  69% (21773/31554)Updating files:  70% (22088/31554)Updating files:  71% (22404/31554)Updating files:  72% (22719/31554)Updating files:  73% (23035/31554)Updating files:  74% (23350/31554)Updating files:  75% (23666/31554)Updating files:  76% (23982/31554)Updating files:  77% (24297/31554)Updating files:  78% (24613/31554)Updating files:  79% (24928/31554)Updating files:  80% (25244/31554)Updating files:  81% (25559/31554)Updating files:  82% (25875/31554)Updating files:  83% (26190/31554)Updating files:  84% (26506/31554)Updating files:  85% (26821/31554)Updating files:  86% (27137/31554)Updating files:  87% (27452/31554)Updating files:  88% (27768/31554)Updating files:  89% (28084/31554)Updating files:  90% (28399/31554)Updating files:  91% (28715/31554)Updating files:  92% (29030/31554)Updating files:  93% (29346/31554)Updating files:  94% (29661/31554)Updating files:  95% (29977/31554)Updating files:  96% (30292/31554)Updating files:  97% (30608/31554)Updating files:  98% (30923/31554)Updating files:  99% (31239/31554)Updating files: 100% (31554/31554)Updating files: 100% (31554/31554), done.
HEAD is now at 5d6f1cf035 Merge pull request #26098 from yawaramin/release-dream-html-v3.5.2
Merge made by the 'ort' strategy.
 packages/base-flambda2/base-flambda2.base/opam     |  8 +++
 packages/dune-secondary/dune-secondary.3.8.1/opam  | 60 ++++++++++++++++++++++
 .../menhir-secondary.20210419/opam                 | 34 ++++++++++++
 .../ocaml-secondary-compiler.4.14.2/opam           | 30 +++++++++++
 .../ocaml-variants.5.1.1+flambda2/opam             | 46 +++++++++++++++++
 5 files changed, 178 insertions(+)
 create mode 100644 packages/base-flambda2/base-flambda2.base/opam
 create mode 100644 packages/dune-secondary/dune-secondary.3.8.1/opam
 create mode 100644 packages/menhir-secondary/menhir-secondary.20210419/opam
 create mode 100644 packages/ocaml-secondary-compiler/ocaml-secondary-compiler.4.14.2/opam
 create mode 100644 packages/ocaml-variants/ocaml-variants.5.1.1+flambda2/opam

[01;34m(from ocaml/opam:debian-12-ocaml-5.2@sha256:12df694d8961e9d2889415e9f52914c529db83d399156ead1a40943939257d06)[0m
[01;2m[01;35m2024-06-18 16:49.26 ---> using "cd5e28c7764350a015cf18513c5962c60f452082d33e091e5bfc48530437f838" from cache[0m

[01;34m/: (user (uid 1000) (gid 1000))[0m

[01;34m/: (workdir /home/opam)[0m

[01;34m/home/opam: (run (shell "sudo ln -f /usr/bin/opam-dev /usr/bin/opam"))[0m
[01;2m[01;35m2024-06-18 16:49.26 ---> using "47c9e98159058b7ff26e06578519f2baedc4d726bec0ba50f25ca39612ec54ef" from cache[0m

[01;34m/home/opam: (run (network host)
                 (shell "opam init --reinit --config .opamrc-sandbox -ni"))[0m
Configuring from /home/opam/.opamrc-sandbox, then /home/opam/.opamrc, and finally from built-in defaults.
Checking for available remotes: rsync and local, git.
  - you won't be able to use mercurial repositories unless you install the hg command on your system.
  - you won't be able to use darcs repositories unless you install the darcs command on your system.

This development version of opam requires an update to the layout of /home/opam/.opam from version 2.0 to version 2.2~beta, which can't be reverted.
You may want to back it up before going further.

Continue? [y/n] y
[NOTE] The 'jobs' option was reset, its value was 39 and its new value will vary according to the current number of cores on your machine. You can restore the fixed value using:
           opam option jobs=39 --global
Format upgrade done.

<><> Updating repositories ><><><><><><><><><><><><><><><><><><><><><><><><><><>
[default] synchronised from file:///home/opam/opam-repository
[01;2m[01;35m2024-06-18 16:49.26 ---> using "ec01f7f6dc4ff17ecc7a01d6c1874f0829ee46cbdd1571dd209843e4cd365ff9" from cache[0m

[01;34m/home/opam: (run (shell "uname -rs && opam exec -- ocaml -version && opam --version"))[0m
Linux 5.15.0-112-generic
The OCaml toplevel, version 5.2.0
2.2.0~beta3~dev
[01;2m[01;35m2024-06-18 16:49.26 ---> using "32231f0345c7eb2667d6e320919f35cb498c4f7019083cbe672c10f8da45dfbf" from cache[0m

[01;34m/home/opam: (env OPAMDOWNLOADJOBS 1)[0m

[01;34m/home/opam: (env OPAMERRLOGLEN 0)[0m

[01;34m/home/opam: (env OPAMSOLVERTIMEOUT 500)[0m

[01;34m/home/opam: (env OPAMPRECISETRACKING 1)[0m

[01;34m/home/opam: (env CI true)[0m

[01;34m/home/opam: (env OPAM_REPO_CI true)[0m

[01;34m/home/opam: (run (shell "rm -rf opam-repository/"))[0m
[01;2m[01;35m2024-06-18 16:49.26 ---> using "fe13381ff52ef5941d917a950fe35dd5494baf7fc6a9f98f408c47887d6dfdb2" from cache[0m

[01;34m/home/opam: (copy (src .) (dst opam-repository/))[0m
[01;2m[01;35m2024-06-18 16:49.28 ---> using "73d40c6b2b77bbc5bad4be46f17a8d0d3c31aa5ff8a51f7b5454bde19e38aa75" from cache[0m

[01;34m/home/opam: (run (shell "opam repository set-url --strict default opam-repository/"))[0m
[default] Initialised
[01;2m[01;35m2024-06-18 16:49.28 ---> using "606a9c93f9e73031551aeeb577f012d66af92a763df3856672697522c3ffb1f0" from cache[0m

[01;34m/home/opam: (run (network host)
                 (shell "opam update --depexts || true"))[0m
+ /usr/bin/sudo "apt-get" "update"
- Hit:1 http://deb.debian.org/debian bookworm InRelease
- Get:2 http://deb.debian.org/debian bookworm-updates InRelease [55.4 kB]
- Get:3 http://deb.debian.org/debian-security bookworm-security InRelease [48.0 kB]
- Get:4 http://deb.debian.org/debian-security bookworm-security/main amd64 Packages [160 kB]
- Fetched 263 kB in 0s (1050 kB/s)
- Reading package lists...
- 
[01;2m[01;35m2024-06-18 16:49.28 ---> using "1685726720220f9c924478c935fc632ef6d6b601f0a52aafe016d4b120aecd68" from cache[0m

[01;34m/home/opam: (run (shell "opam pin add -k version -yn menhir-secondary.20210419 20210419"))[0m
menhir-secondary is now pinned to version 20210419
[01;2m[01;35m2024-06-18 16:49.28 ---> using "8d738bc3bfbebae81dcd447cfae92f8f4c512d57e24cd05a7ad5715a92254a62" from cache[0m

[01;34m/home/opam: (run (cache (opam-archives (target /home/opam/.opam/download-cache)))
                 (network host)
                 (shell  "opam reinstall menhir-secondary.20210419;\
                        \n        res=$?;\
                        \n        test \"$res\" != 31 && exit \"$res\";\
                        \n        export OPAMCLI=2.0;\
                        \n        build_dir=$(opam var prefix)/.opam-switch/build;\
                        \n        failed=$(ls \"$build_dir\");\
                        \n        partial_fails=\"\";\
                        \n        for pkg in $failed; do\
                        \n          if opam show -f x-ci-accept-failures: \"$pkg\" | grep -qF \"\\\"debian-12\\\"\"; then\
                        \n            echo \"A package failed and has been disabled for CI using the 'x-ci-accept-failures' field.\";\
                        \n          fi;\
                        \n          test \"$pkg\" != 'menhir-secondary.20210419' && partial_fails=\"$partial_fails $pkg\";\
                        \n        done;\
                        \n        test \"${partial_fails}\" != \"\" && echo \"opam-repo-ci detected dependencies failing: ${partial_fails}\";\
                        \n        exit 1"))[0m
menhir-secondary.20210419 is not installed. Install it? [y/n] y
The following actions will be performed:
=== install 3 packages
  - install dune-secondary           3.8.1             [required by menhir-secondary]
  - install menhir-secondary         20210419 (pinned)
  - install ocaml-secondary-compiler 4.14.2            [required by menhir-secondary]

<><> Processing actions <><><><><><><><><><><><><><><><><><><><><><><><><><><><>
-> retrieved dune-secondary.3.8.1  (cached)
-> retrieved menhir-secondary.20210419  (cached)
-> retrieved ocaml-secondary-compiler.4.14.2  (cached)
-> installed ocaml-secondary-compiler.4.14.2
-> installed dune-secondary.3.8.1
-> installed menhir-secondary.20210419
Done.
# Run eval $(opam env) to update the current shell environment
[01;2m[01;35m2024-06-18 16:49.28 ---> using "4ed4920bf27ebfc003725b57a7fe7c2f0859db57831265335facb39b0c335c6b" from cache[0m

[01;34m/home/opam: (run (cache (opam-archives (target /home/opam/.opam/download-cache)))
                 (network host)
                 (shell  "opam reinstall current_ocluster.0.2.1;\
                        \n        res=$?;\
                        \n        test \"$res\" != 31 && exit \"$res\";\
                        \n        export OPAMCLI=2.0;\
                        \n        build_dir=$(opam var prefix)/.opam-switch/build;\
                        \n        failed=$(ls \"$build_dir\");\
                        \n        partial_fails=\"\";\
                        \n        for pkg in $failed; do\
                        \n          if opam show -f x-ci-accept-failures: \"$pkg\" | grep -qF \"\\\"debian-12\\\"\"; then\
                        \n            echo \"A package failed and has been disabled for CI using the 'x-ci-accept-failures' field.\";\
                        \n          fi;\
                        \n          test \"$pkg\" != 'current_ocluster.0.2.1' && partial_fails=\"$partial_fails $pkg\";\
                        \n        done;\
                        \n        test \"${partial_fails}\" != \"\" && echo \"opam-repo-ci detected dependencies failing: ${partial_fails}\";\
                        \n        exit 1"))[0m
current_ocluster.0.2.1 is not installed. Install it? [y/n] y
The following actions will be performed:
=== install 98 packages
  - install angstrom                0.16.0  [required by uri]
  - install asetmap                 0.8.1   [required by capnp-rpc-net]
  - install asn1-combinators        0.2.6   [required by capnp-rpc-net]
  - install astring                 0.8.5   [required by current, capnp-rpc-unix, current_git]
  - install base                    v0.17.0 [required by capnp]
  - install base-bytes              base    [required by extunix]
  - install base64                  3.5.1   [required by capnp-rpc-unix]
  - install bigarray-compat         1.1.0   [required by ctypes]
  - install bigstringaf             0.9.1   [required by angstrom]
  - install bos                     0.2.1   [required by current, current_git]
  - install capnp                   3.6.0   [required by capnp-rpc-net]
  - install capnp-rpc               1.2.3   [required by capnp-rpc-net]
  - install capnp-rpc-lwt           1.2.3   [required by ocluster-api]
  - install capnp-rpc-net           1.2.3   [required by capnp-rpc-unix]
  - install capnp-rpc-unix          1.2.3   [required by current_ocluster]
  - install cf                      0.5.0   [required by cf-lwt]
  - install cf-lwt                  0.5.0   [required by irmin-watcher]
  - install cmdliner                1.3.0   [required by capnp-rpc-unix, current]
  - install conf-capnproto          2       [required by capnp-rpc-net]
  - install conf-git                1.1     [required by current_git]
  - install conf-gmp                4       [required by zarith]
  - install conf-gmp-powm-sec       3       [required by mirage-crypto-pk]
  - install conf-libev              4-12    [required by current]
  - install conf-libffi             2.0.0   [required by ctypes-foreign]
  - install conf-pkg-config         3       [required by conf-sqlite3]
  - install conf-sqlite3            1       [required by sqlite3]
  - install cppo                    1.6.9   [required by ppx_deriving]
  - install csexp                   1.5.2   [required by dune-configurator]
  - install cstruct                 6.2.0   [required by current_git]
  - install cstruct-lwt             6.2.0   [required by capnp-rpc-unix]
  - install ctypes                  0.22.0  [required by cf, fsevents]
  - install ctypes-foreign          0.22.0  [required by cf]
  - install current                 0.6.6   [required by current_ocluster]
  - install current_git             0.6.6   [required by current_ocluster]
  - install current_incr            0.6.1   [required by current]
  - install current_ocluster        0.2.1
  - install domain-name             0.4.0   [required by tls]
  - install dune                    3.16.0  [required by current_ocluster]
  - install dune-configurator       3.16.0  [required by extunix, sqlite3]
  - install duration                0.2.1   [required by current_ocluster]
  - install eqaf                    0.9     [required by mirage-crypto]
  - install extunix                 0.4.1   [required by capnp-rpc-unix]
  - install fmt                     0.9.0   [required by current_ocluster]
  - install fpath                   0.7.3   [required by current, current_git]
  - install fsevents                0.3.0   [required by fsevents-lwt]
  - install fsevents-lwt            0.3.0   [required by irmin-watcher]
  - install gmap                    0.3.0   [required by x509]
  - install hkdf                    1.0.4   [required by tls]
  - install inotify                 2.5     [required by irmin-watcher]
  - install integers                0.7.0   [required by ctypes]
  - install ipaddr                  5.6.0   [required by tls]
  - install irmin-watcher           0.5.0   [required by current_git]
  - install logs                    0.7.0   [required by current_ocluster]
  - install lwt                     5.7.0   [required by current_ocluster]
  - install lwt-dllist              1.0.1   [required by current]
  - install macaddr                 5.6.0   [required by ipaddr]
  - install mirage-clock            4.2.0   [required by tls-mirage]
  - install mirage-crypto           0.11.3  [required by current_git]
  - install mirage-crypto-ec        0.11.3  [required by tls]
  - install mirage-crypto-pk        0.11.3  [required by tls, tls-mirage]
  - install mirage-crypto-rng       0.11.3  [required by capnp-rpc-net, mirage-crypto-rng-lwt]
  - install mirage-crypto-rng-lwt   0.11.3  [required by capnp-rpc-unix]
  - install mirage-flow             3.0.0   [required by capnp-rpc-unix]
  - install mirage-kv               6.1.1   [required by tls-mirage]
  - install mtime                   2.0.0   [required by mirage-crypto-rng-lwt]
  - install ocaml-compiler-libs     v0.17.0 [required by ppxlib]
  - install ocaml-syntax-shims      1.0.0   [required by angstrom]
  - install ocaml_intrinsics_kernel v0.17.0 [required by base]
  - install ocamlbuild              0.14.3  [required by astring, bos]
  - install ocamlfind               1.9.6   [required by bos, astring, ppx_deriving]
  - install ocluster-api            0.2.1   [required by current_ocluster]
  - install ocplib-endian           1.2     [required by capnp]
  - install optint                  0.3.0   [required by mirage-kv]
  - install pbkdf                   1.2.0   [required by x509]
  - install ppx_derivers            1.2.1   [required by ppx_deriving]
  - install ppx_deriving            6.0.2   [required by current_ocluster]
  - install ppx_deriving_yojson     3.8.0   [required by current_ocluster]
  - install ppxlib                  0.32.1  [required by ppx_deriving, extunix, ppx_deriving_yojson]
  - install prometheus              1.2     [required by current_ocluster]
  - install ptime                   1.1.0   [required by capnp-rpc-net]
  - install re                      1.11.0  [required by current]
  - install res                     5.0.1   [required by capnp]
  - install result                  1.5     [required by current, current_git]
  - install rresult                 0.7.0   [required by bos]
  - install seq                     base    [required by yojson]
  - install sexplib0                v0.17.0 [required by ppxlib]
  - install sqlite3                 5.1.0   [required by current]
  - install stdint                  0.7.2   [required by capnp-rpc, capnp, capnp-rpc-lwt]
  - install stdio                   v0.17.0 [required by capnp]
  - install stdlib-shims            0.3.0   [required by ppxlib]
  - install stringext               1.6.0   [required by uri]
  - install tls                     0.17.3  [required by capnp-rpc-net]
  - install tls-mirage              0.17.3  [required by capnp-rpc-net]
  - install topkg                   1.0.7   [required by astring, bos]
  - install uri                     4.4.0   [required by capnp-rpc-net]
  - install x509                    0.16.5  [required by capnp-rpc-net]
  - install yojson                  2.2.1   [required by current_git]
  - install zarith                  1.13    [required by asn1-combinators]

The following system packages will first need to be installed:
    capnproto libcapnp-dev libev-dev libffi-dev libgmp-dev libsqlite3-dev pkg-config

<><> Handling external dependencies <><><><><><><><><><><><><><><><><><><><><><>

opam believes some required external dependencies are missing. opam can:
> 1. Run apt-get to install them (may need root/sudo access)
  2. Display the recommended apt-get command and wait while you run it manually (e.g. in another terminal)
  3. Continue anyway, and, upon success, permanently register that this external dependency is present, but not detectable
  4. Abort the installation

[1/2/3/4] 1

+ /usr/bin/sudo "apt-get" "install" "-qq" "-yy" "capnproto" "libcapnp-dev" "libev-dev" "libffi-dev" "libgmp-dev" "libsqlite3-dev" "pkg-config"
- debconf: delaying package configuration, since apt-utils is not installed
- Selecting previously unselected package libcapnp-0.9.2:amd64.
- (Reading database ... (Reading database ... 5%(Reading database ... 10%(Reading database ... 15%(Reading database ... 20%(Reading database ... 25%(Reading database ... 30%(Reading database ... 35%(Reading database ... 40%(Reading database ... 45%(Reading database ... 50%(Reading database ... 55%(Reading database ... 60%(Reading database ... 65%(Reading database ... 70%(Reading database ... 75%(Reading database ... 80%(Reading database ... 85%(Reading database ... 90%(Reading database ... 95%(Reading database ... 100%(Reading database ... 18766 files and directories currently installed.)
- Preparing to unpack .../00-libcapnp-0.9.2_0.9.2-2_amd64.deb ...
- Unpacking libcapnp-0.9.2:amd64 (0.9.2-2) ...
- Selecting previously unselected package capnproto.
- Preparing to unpack .../01-capnproto_0.9.2-2_amd64.deb ...
- Unpacking capnproto (0.9.2-2) ...
- Selecting previously unselected package libssl-dev:amd64.
- Preparing to unpack .../02-libssl-dev_3.0.11-1~deb12u2_amd64.deb ...
- Unpacking libssl-dev:amd64 (3.0.11-1~deb12u2) ...
- Selecting previously unselected package libcapnp-dev:amd64.
- Preparing to unpack .../03-libcapnp-dev_0.9.2-2_amd64.deb ...
- Unpacking libcapnp-dev:amd64 (0.9.2-2) ...
- Selecting previously unselected package libev4:amd64.
- Preparing to unpack .../04-libev4_1%3a4.33-1_amd64.deb ...
- Unpacking libev4:amd64 (1:4.33-1) ...
- Selecting previously unselected package libev-dev:amd64.
- Preparing to unpack .../05-libev-dev_1%3a4.33-1_amd64.deb ...
- Unpacking libev-dev:amd64 (1:4.33-1) ...
- Selecting previously unselected package libffi-dev:amd64.
- Preparing to unpack .../06-libffi-dev_3.4.4-1_amd64.deb ...
- Unpacking libffi-dev:amd64 (3.4.4-1) ...
- Selecting previously unselected package libgmpxx4ldbl:amd64.
- Preparing to unpack .../07-libgmpxx4ldbl_2%3a6.2.1+dfsg1-1.1_amd64.deb ...
- Unpacking libgmpxx4ldbl:amd64 (2:6.2.1+dfsg1-1.1) ...
- Selecting previously unselected package libgmp-dev:amd64.
- Preparing to unpack .../08-libgmp-dev_2%3a6.2.1+dfsg1-1.1_amd64.deb ...
- Unpacking libgmp-dev:amd64 (2:6.2.1+dfsg1-1.1) ...
- Selecting previously unselected package libpkgconf3:amd64.
- Preparing to unpack .../09-libpkgconf3_1.8.1-1_amd64.deb ...
- Unpacking libpkgconf3:amd64 (1.8.1-1) ...
- Selecting previously unselected package libsqlite3-dev:amd64.
- Preparing to unpack .../10-libsqlite3-dev_3.40.1-2_amd64.deb ...
- Unpacking libsqlite3-dev:amd64 (3.40.1-2) ...
- Selecting previously unselected package pkgconf-bin.
- Preparing to unpack .../11-pkgconf-bin_1.8.1-1_amd64.deb ...
- Unpacking pkgconf-bin (1.8.1-1) ...
- Selecting previously unselected package pkgconf:amd64.
- Preparing to unpack .../12-pkgconf_1.8.1-1_amd64.deb ...
- Unpacking pkgconf:amd64 (1.8.1-1) ...
- Selecting previously unselected package pkg-config:amd64.
- Preparing to unpack .../13-pkg-config_1.8.1-1_amd64.deb ...
- Unpacking pkg-config:amd64 (1.8.1-1) ...
- Setting up libev4:amd64 (1:4.33-1) ...
- Setting up libffi-dev:amd64 (3.4.4-1) ...
- Setting up libpkgconf3:amd64 (1.8.1-1) ...
- Setting up libgmpxx4ldbl:amd64 (2:6.2.1+dfsg1-1.1) ...
- Setting up libsqlite3-dev:amd64 (3.40.1-2) ...
- Setting up libssl-dev:amd64 (3.0.11-1~deb12u2) ...
- Setting up pkgconf-bin (1.8.1-1) ...
- Setting up libcapnp-0.9.2:amd64 (0.9.2-2) ...
- Setting up libev-dev:amd64 (1:4.33-1) ...
- Setting up libcapnp-dev:amd64 (0.9.2-2) ...
- Setting up libgmp-dev:amd64 (2:6.2.1+dfsg1-1.1) ...
- Setting up pkgconf:amd64 (1.8.1-1) ...
- Setting up capnproto (0.9.2-2) ...
- Setting up pkg-config:amd64 (1.8.1-1) ...
- Processing triggers for libc-bin (2.36-9+deb12u7) ...

<><> Processing actions <><><><><><><><><><><><><><><><><><><><><><><><><><><><>
-> retrieved angstrom.0.16.0  (cached)
-> retrieved asetmap.0.8.1  (cached)
-> retrieved asn1-combinators.0.2.6  (cached)
-> retrieved astring.0.8.5  (cached)
-> retrieved base.v0.17.0  (cached)
-> retrieved base64.3.5.1  (cached)
-> retrieved bigarray-compat.1.1.0  (cached)
-> retrieved bigstringaf.0.9.1  (cached)
-> retrieved bos.0.2.1  (cached)
-> retrieved capnp.3.6.0  (cached)
-> retrieved capnp-rpc.1.2.3, capnp-rpc-lwt.1.2.3, capnp-rpc-net.1.2.3, capnp-rpc-unix.1.2.3  (cached)
-> retrieved cf.0.5.0, cf-lwt.0.5.0  (cached)
-> retrieved cmdliner.1.3.0  (cached)
-> retrieved conf-gmp.4  (cached)
-> retrieved conf-gmp-powm-sec.3  (cached)
-> retrieved conf-libev.4-12  (cached)
-> retrieved cppo.1.6.9  (cached)
-> installed conf-capnproto.2
-> installed conf-git.1.1
-> installed conf-gmp.4
-> installed conf-pkg-config.3
-> retrieved csexp.1.5.2  (cached)
-> installed conf-libffi.2.0.0
-> installed conf-sqlite3.1
-> retrieved cstruct.6.2.0, cstruct-lwt.6.2.0  (cached)
-> installed conf-gmp-powm-sec.3
-> retrieved ctypes.0.22.0, ctypes-foreign.0.22.0  (cached)
-> installed conf-libev.4-12
-> retrieved current.0.6.6, current_git.0.6.6  (cached)
-> retrieved current_incr.0.6.1  (cached)
-> retrieved current_ocluster.0.2.1, ocluster-api.0.2.1  (cached)
-> retrieved domain-name.0.4.0  (cached)
-> retrieved dune.3.16.0, dune-configurator.3.16.0  (cached)
-> retrieved duration.0.2.1  (cached)
-> retrieved eqaf.0.9  (cached)
-> retrieved extunix.0.4.1  (cached)
-> retrieved fmt.0.9.0  (cached)
-> retrieved fpath.0.7.3  (cached)
-> retrieved fsevents.0.3.0, fsevents-lwt.0.3.0  (cached)
-> retrieved gmap.0.3.0  (cached)
-> retrieved hkdf.1.0.4  (cached)
-> retrieved inotify.2.5  (cached)
-> retrieved integers.0.7.0  (cached)
-> retrieved ipaddr.5.6.0, macaddr.5.6.0  (cached)
-> installed cmdliner.1.3.0
-> retrieved irmin-watcher.0.5.0  (cached)
-> retrieved logs.0.7.0  (cached)
-> retrieved lwt.5.7.0  (cached)
-> retrieved lwt-dllist.1.0.1  (cached)
-> retrieved mirage-clock.4.2.0  (cached)
-> retrieved mirage-crypto.0.11.3, mirage-crypto-ec.0.11.3, mirage-crypto-pk.0.11.3, mirage-crypto-rng.0.11.3, mirage-crypto-rng-lwt.0.11.3  (cached)
-> retrieved mirage-flow.3.0.0  (cached)
-> retrieved mirage-kv.6.1.1  (cached)
-> retrieved mtime.2.0.0  (cached)
-> retrieved ocaml-compiler-libs.v0.17.0  (cached)
-> retrieved ocaml-syntax-shims.1.0.0  (cached)
-> retrieved ocaml_intrinsics_kernel.v0.17.0  (cached)
-> retrieved ocamlbuild.0.14.3  (cached)
-> retrieved ocamlfind.1.9.6  (cached)
-> retrieved ocplib-endian.1.2  (cached)
-> retrieved optint.0.3.0  (cached)
-> retrieved pbkdf.1.2.0  (cached)
-> retrieved ppx_derivers.1.2.1  (cached)
-> retrieved ppx_deriving.6.0.2  (cached)
-> retrieved ppx_deriving_yojson.3.8.0  (cached)
-> retrieved ppxlib.0.32.1  (cached)
-> retrieved prometheus.1.2  (cached)
-> retrieved ptime.1.1.0  (cached)
-> retrieved re.1.11.0  (cached)
-> retrieved res.5.0.1  (cached)
-> retrieved result.1.5  (cached)
-> retrieved rresult.0.7.0  (cached)
-> retrieved seq.base  (cached)
-> installed seq.base
-> retrieved sexplib0.v0.17.0  (cached)
-> retrieved sqlite3.5.1.0  (cached)
-> retrieved stdint.0.7.2  (cached)
-> retrieved stdio.v0.17.0  (cached)
-> retrieved stdlib-shims.0.3.0  (cached)
-> retrieved stringext.1.6.0  (cached)
-> retrieved tls.0.17.3, tls-mirage.0.17.3  (cached)
-> retrieved topkg.1.0.7  (cached)
-> retrieved uri.4.4.0  (cached)
-> retrieved x509.0.16.5  (cached)
-> retrieved yojson.2.2.1  (cached)
-> retrieved zarith.1.13  (cached)
-> installed ocamlfind.1.9.6
-> installed base-bytes.base
-> installed ocamlbuild.0.14.3
-> installed zarith.1.13
-> installed topkg.1.0.7
-> installed asetmap.0.8.1
-> installed rresult.0.7.0
-> installed mtime.2.0.0
-> installed ptime.1.1.0
-> installed fmt.0.9.0
-> installed astring.0.8.5
-> installed fpath.0.7.3
-> installed dune.3.16.0
-> installed duration.0.2.1
-> installed bigarray-compat.1.1.0
-> installed domain-name.0.4.0
-> installed current_incr.0.6.1
-> installed ppx_derivers.1.2.1
-> installed cstruct.6.2.0
-> installed lwt-dllist.1.0.1
-> installed csexp.1.5.2
-> installed base64.3.5.1
-> installed cppo.1.6.9
-> installed gmap.0.3.0
-> installed macaddr.5.6.0
-> installed mirage-clock.4.2.0
-> installed ocaml-syntax-shims.1.0.0
-> installed ocaml-compiler-libs.v0.17.0
-> installed ocaml_intrinsics_kernel.v0.17.0
-> installed optint.0.3.0
-> installed re.1.11.0
-> installed res.5.0.1
-> installed result.1.5
-> installed sexplib0.v0.17.0
-> installed stdint.0.7.2
-> installed stdlib-shims.0.3.0
-> installed stringext.1.6.0
-> installed asn1-combinators.0.2.6
-> installed eqaf.0.9
-> installed yojson.2.2.1
-> installed ocplib-endian.1.2
-> installed ipaddr.5.6.0
-> installed integers.0.7.0
-> installed dune-configurator.3.16.0
-> installed bigstringaf.0.9.1
-> installed angstrom.0.16.0
-> installed sqlite3.5.1.0
-> installed mirage-crypto.0.11.3
-> installed pbkdf.1.2.0
-> installed hkdf.1.0.4
-> installed uri.4.4.0
-> installed lwt.5.7.0
-> installed mirage-kv.6.1.1
-> installed cstruct-lwt.6.2.0
-> installed mirage-flow.3.0.0
-> installed prometheus.1.2
-> installed inotify.2.5
-> installed logs.0.7.0
-> installed ctypes.0.22.0
-> installed mirage-crypto-rng.0.11.3
-> installed mirage-crypto-rng-lwt.0.11.3
-> installed mirage-crypto-pk.0.11.3
-> installed capnp-rpc.1.2.3
-> installed base.v0.17.0
-> installed ctypes-foreign.0.22.0
-> installed stdio.v0.17.0
-> installed cf.0.5.0
-> installed fsevents.0.3.0
-> installed cf-lwt.0.5.0
-> installed fsevents-lwt.0.3.0
-> installed bos.0.2.1
-> installed irmin-watcher.0.5.0
-> installed mirage-crypto-ec.0.11.3
-> installed capnp.3.6.0
-> installed x509.0.16.5
-> installed ppxlib.0.32.1
-> installed tls.0.17.3
-> installed capnp-rpc-lwt.1.2.3
-> installed tls-mirage.0.17.3
-> installed capnp-rpc-net.1.2.3
-> installed ppx_deriving.6.0.2
-> installed ppx_deriving_yojson.3.8.0
-> installed current.0.6.6
-> installed current_git.0.6.6
-> installed extunix.0.4.1
-> installed ocluster-api.0.2.1
-> installed capnp-rpc-unix.1.2.3
-> installed current_ocluster.0.2.1
Done.
# Run eval $(opam env) to update the current shell environment
[01;2m[01;35m2024-06-18 16:51.56 ---> saved as "d87c22385b0fe505962cd7370e4148a9c734201f1eea9b836080bf78efd833ef"[0m

[01;34m/home/opam: (run (network host)
                 (shell "(opam reinstall --with-test current_ocluster.0.2.1) || true"))[0m
[ERROR] Sorry, resolution of the request timed out.
        Try to specify a more precise request, use a different solver, or increase the allowed time by setting OPAMSOLVERTIMEOUT to a bigger value (currently, it is set to 500.0 seconds).
[01;2m[01;35m2024-06-18 17:00.39 ---> saved as "9c77742a0572f71b8381b19bebb1f4fa1818783c5fb183e4972043c9bdc4c201"[0m

[01;34m/home/opam: (run (shell  "opam reinstall --with-test --verbose current_ocluster.0.2.1;\
                        \n        res=$?;\
                        \n        test \"$res\" != 31 && exit \"$res\";\
                        \n        export OPAMCLI=2.0;\
                        \n        build_dir=$(opam var prefix)/.opam-switch/build;\
                        \n        failed=$(ls \"$build_dir\");\
                        \n        partial_fails=\"\";\
                        \n        for pkg in $failed; do\
                        \n          if opam show -f x-ci-accept-failures: \"$pkg\" | grep -qF \"\\\"debian-12\\\"\"; then\
                        \n            echo \"A package failed and has been disabled for CI using the 'x-ci-accept-failures' field.\";\
                        \n          fi;\
                        \n          test \"$pkg\" != 'current_ocluster.0.2.1' && partial_fails=\"$partial_fails $pkg\";\
                        \n        done;\
                        \n        test \"${partial_fails}\" != \"\" && echo \"opam-repo-ci detected dependencies failing: ${partial_fails}\";\
                        \n        exit 1"))[0m
The following actions will be performed:
=== recompile 1 package
  - recompile current_ocluster   0.2.1
=== install 51 packages
  - install   ansi               0.7.0    [required by current_web]
  - install   atd                2.15.0   [required by atdgen]
  - install   atdgen             2.15.0   [required by github-data]
  - install   atdgen-runtime     2.15.0   [required by atdgen]
  - install   bigarray-overlap   0.2.1    [required by prettym]
  - install   biniou             1.2.2    [required by atdgen]
  - install   ca-certs           0.2.3    [required by conduit-lwt-unix]
  - install   camlp-streams      5.0.1    [required by biniou]
  - install   cohttp             5.3.1    [required by github-unix]
  - install   cohttp-lwt         5.3.0    [required by cohttp-lwt-unix]
  - install   cohttp-lwt-unix    5.3.0    [required by current_github]
  - install   conduit            6.2.2    [required by conduit-lwt]
  - install   conduit-lwt        6.2.2    [required by cohttp-lwt-unix]
  - install   conduit-lwt-unix   6.2.2    [required by cohttp-lwt-unix, current_web]
  - install   conf-graphviz      0.1      [required by current_web]
  - install   conf-which         1        [required by conf-graphviz]
  - install   crunch             3.3.1    [required by current_web]
  - install   csv                2.4      [required by current_web]
  - install   current_github     0.6.6    [required by current_ocluster]
  - install   current_web        0.6.6    [required by current_ocluster]
  - install   easy-format        1.3.4    [required by atd]
  - install   github             4.4.1    [required by github-unix]
  - install   github-data        4.4.1    [required by github]
  - install   github-unix        4.4.1    [required by current_github]
  - install   hex                1.5.0    [required by current_github]
  - install   ipaddr-sexp        5.6.0    [required by conduit-lwt-unix]
  - install   jsonm              1.0.2    [required by cohttp]
  - install   ke                 0.6      [required by multipart_form-lwt]
  - install   magic-mime         1.3.1    [required by cohttp-lwt-unix]
  - install   menhir             20230608 [required by atd]
  - install   menhirLib          20230608 [required by menhir]
  - install   menhirSdk          20230608 [required by menhir]
  - install   multipart_form     0.5.0    [required by multipart_form-lwt]
  - install   multipart_form-lwt 0.5.0    [required by current_web]
  - install   num                1.5      [required by sexplib]
  - install   parsexp            v0.17.0  [required by sexplib]
  - install   pecu               0.7      [required by multipart_form]
  - install   ppx_sexp_conv      v0.17.0  [required by cohttp-lwt-unix, current_web]
  - install   ppxlib_jane        v0.17.0  [required by ppx_sexp_conv]
  - install   prettym            0.0.3    [required by multipart_form]
  - install   prometheus-app     1.2      [required by current_web]
  - install   routes             2.0.0    [required by current_web]
  - install   session            0.5.0    [required by current_web]
  - install   session-cohttp     0.5.0    [required by session-cohttp-lwt]
  - install   session-cohttp-lwt 0.5.0    [required by current_web]
  - install   sexplib            v0.17.0  [required by current_web]
  - install   tls-lwt            0.17.3   [required by current_github]
  - install   tyxml              4.6.0    [required by current_github]
  - install   unstrctrd          0.4      [required by multipart_form]
  - install   uri-sexp           4.4.0    [required by cohttp]
  - install   uutf               1.0.3    [required by tyxml, multipart_form]

The following system packages will first need to be installed:
    graphviz

<><> Handling external dependencies <><><><><><><><><><><><><><><><><><><><><><>

opam believes some required external dependencies are missing. opam can:
> 1. Run apt-get to install them (may need root/sudo access)
  2. Display the recommended apt-get command and wait while you run it manually (e.g. in another terminal)
  3. Continue anyway, and, upon success, permanently register that this external dependency is present, but not detectable
  4. Abort the installation

[1/2/3/4] 1

+ /usr/bin/sudo "apt-get" "install" "-qq" "-yy" "graphviz"
- E: Failed to fetch http://deb.debian.org/debian/pool/main/f/fontconfig/fontconfig_2.14.1-4_amd64.deb  Temporary failure resolving 'deb.debian.org'
- E: Failed to fetch http://deb.debian.org/debian/pool/main/f/fonts-liberation2/fonts-liberation2_2.1.5-1_all.deb  Temporary failure resolving 'deb.debian.org'
- E: Failed to fetch http://deb.debian.org/debian/pool/main/a/ann/libann0_1.1.2%2bdoc-9%2bb1_amd64.deb  Temporary failure resolving 'deb.debian.org'
- E: Failed to fetch http://deb.debian.org/debian/pool/main/g/graphviz/libcdt5_2.42.2-7%2bb3_amd64.deb  Temporary failure resolving 'deb.debian.org'
- E: Failed to fetch http://deb.debian.org/debian/pool/main/g/graphviz/libcgraph6_2.42.2-7%2bb3_amd64.deb  Temporary failure resolving 'deb.debian.org'
- E: Failed to fetch http://deb.debian.org/debian-security/pool/updates/main/g/glib2.0/libglib2.0-0_2.74.6-2%2bdeb12u2_amd64.deb  Temporary failure resolving 'deb.debian.org'
- E: Failed to fetch http://deb.debian.org/debian/pool/main/g/gts/libgts-0.7-5_0.7.6%2bdarcs121130-5%2bb1_amd64.deb  Temporary failure resolving 'deb.debian.org'
- E: Failed to fetch http://deb.debian.org/debian/pool/main/p/pixman/libpixman-1-0_0.42.2-1_amd64.deb  Temporary failure resolving 'deb.debian.org'
- E: Failed to fetch http://deb.debian.org/debian/pool/main/libx/libxcb/libxcb-render0_1.15-1_amd64.deb  Temporary failure resolving 'deb.debian.org'
- E: Failed to fetch http://deb.debian.org/debian/pool/main/libx/libxcb/libxcb-shm0_1.15-1_amd64.deb  Temporary failure resolving 'deb.debian.org'
- E: Failed to fetch http://deb.debian.org/debian/pool/main/libx/libxrender/libxrender1_0.9.10-1.1_amd64.deb  Temporary failure resolving 'deb.debian.org'
- E: Failed to fetch http://deb.debian.org/debian/pool/main/c/cairo/libcairo2_1.16.0-7_amd64.deb  Temporary failure resolving 'deb.debian.org'
- E: Failed to fetch http://deb.debian.org/debian/pool/main/libt/libtool/libltdl7_2.4.7-5_amd64.deb  Temporary failure resolving 'deb.debian.org'
- E: Failed to fetch http://deb.debian.org/debian/pool/main/f/fribidi/libfribidi0_1.0.8-2.1_amd64.deb  Temporary failure resolving 'deb.debian.org'
- E: Failed to fetch http://deb.debian.org/debian/pool/main/g/graphite2/libgraphite2-3_1.3.14-1_amd64.deb  Temporary failure resolving 'deb.debian.org'
- E: Failed to fetch http://deb.debian.org/debian/pool/main/h/harfbuzz/libharfbuzz0b_6.0.0%2bdfsg-3_amd64.deb  Temporary failure resolving 'deb.debian.org'
- E: Failed to fetch http://deb.debian.org/debian/pool/main/libt/libthai/libthai-data_0.1.29-1_all.deb  Temporary failure resolving 'deb.debian.org'
- E: Failed to fetch http://deb.debian.org/debian/pool/main/libd/libdatrie/libdatrie1_0.2.13-2%2bb1_amd64.deb  Temporary failure resolving 'deb.debian.org'
- E: Failed to fetch http://deb.debian.org/debian/pool/main/libt/libthai/libthai0_0.1.29-1_amd64.deb  Temporary failure resolving 'deb.debian.org'
- E: Failed to fetch http://deb.debian.org/debian/pool/main/p/pango1.0/libpango-1.0-0_1.50.12%2bds-1_amd64.deb  Temporary failure resolving 'deb.debian.org'
- E: Failed to fetch http://deb.debian.org/debian/pool/main/p/pango1.0/libpangoft2-1.0-0_1.50.12%2bds-1_amd64.deb  Temporary failure resolving 'deb.debian.org'
- E: Failed to fetch http://deb.debian.org/debian/pool/main/p/pango1.0/libpangocairo-1.0-0_1.50.12%2bds-1_amd64.deb  Temporary failure resolving 'deb.debian.org'
- E: Failed to fetch http://deb.debian.org/debian/pool/main/g/graphviz/libpathplan4_2.42.2-7%2bb3_amd64.deb  Temporary failure resolving 'deb.debian.org'
- E: Failed to fetch http://deb.debian.org/debian/pool/main/g/graphviz/libgvc6_2.42.2-7%2bb3_amd64.deb  Temporary failure resolving 'deb.debian.org'
- E: Failed to fetch http://deb.debian.org/debian/pool/main/g/graphviz/libgvpr2_2.42.2-7%2bb3_amd64.deb  Temporary failure resolving 'deb.debian.org'
- E: Failed to fetch http://deb.debian.org/debian/pool/main/g/graphviz/liblab-gamut1_2.42.2-7%2bb3_amd64.deb  Temporary failure resolving 'deb.debian.org'
- E: Failed to fetch http://deb.debian.org/debian/pool/main/x/xorg/x11-common_7.7%2b23_all.deb  Temporary failure resolving 'deb.debian.org'
- E: Failed to fetch http://deb.debian.org/debian/pool/main/libi/libice/libice6_1.0.10-1_amd64.deb  Temporary failure resolving 'deb.debian.org'
- E: Failed to fetch http://deb.debian.org/debian/pool/main/libs/libsm/libsm6_1.2.3-1_amd64.deb  Temporary failure resolving 'deb.debian.org'
- E: Failed to fetch http://deb.debian.org/debian/pool/main/libx/libxt/libxt6_1.2.1-1.1_amd64.deb  Temporary failure resolving 'deb.debian.org'
- E: Failed to fetch http://deb.debian.org/debian/pool/main/libx/libxmu/libxmu6_1.1.3-3_amd64.deb  Temporary failure resolving 'deb.debian.org'
- E: Failed to fetch http://deb.debian.org/debian/pool/main/libx/libxaw/libxaw7_1.0.14-1_amd64.deb  Temporary failure resolving 'deb.debian.org'
- E: Failed to fetch http://deb.debian.org/debian/pool/main/g/graphviz/graphviz_2.42.2-7%2bb3_amd64.deb  Temporary failure resolving 'deb.debian.org'
- E: Failed to fetch http://deb.debian.org/debian-security/pool/updates/main/g/glib2.0/libglib2.0-data_2.74.6-2%2bdeb12u2_all.deb  Temporary failure resolving 'deb.debian.org'
- E: Failed to fetch http://deb.debian.org/debian/pool/main/g/gts/libgts-bin_0.7.6%2bdarcs121130-5%2bb1_amd64.deb  Temporary failure resolving 'deb.debian.org'
- E: Failed to fetch http://deb.debian.org/debian/pool/main/i/icu/libicu72_72.1-3_amd64.deb  Temporary failure resolving 'deb.debian.org'
- E: Failed to fetch http://deb.debian.org/debian/pool/main/libx/libxml2/libxml2_2.9.14%2bdfsg-1.3%7edeb12u1_amd64.deb  Temporary failure resolving 'deb.debian.org'
- E: Failed to fetch http://deb.debian.org/debian/pool/main/s/shared-mime-info/shared-mime-info_2.2-1_amd64.deb  Temporary failure resolving 'deb.debian.org'
- E: Failed to fetch http://deb.debian.org/debian/pool/main/x/xdg-user-dirs/xdg-user-dirs_0.18-1_amd64.deb  Temporary failure resolving 'deb.debian.org'
- E: Unable to fetch some archives, maybe run apt-get update or try with --fix-missing?
[ERROR] System package install failed with exit code 100 at command:
            sudo apt-get install -qq -yy graphviz
[ERROR] These packages are still missing: graphviz

[NOTE] You can retry with '--assume-depexts' to skip this check, or run 'opam option depext=false' to permanently disable handling of system packages.

'opam reinstall --with-test --verbose current_ocluster.0.2.1' failed.
"/usr/bin/env" "bash" "-c" "opam reinstall --with-test --verbose current_ocluster.0.2.1;
        res=$?;
        test "$res" != 31 && exit "$res";
        export OPAMCLI=2.0;
        build_dir=$(opam var prefix)/.opam-switch/build;
        failed=$(ls "$build_dir");
        partial_fails="";
        for pkg in $failed; do
          if opam show -f x-ci-accept-failures: "$pkg" | grep -qF "\"debian-12\""; then
            echo "A package failed and has been disabled for CI using the 'x-ci-accept-failures' field.";
          fi;
          test "$pkg" != 'current_ocluster.0.2.1' && partial_fails="$partial_fails $pkg";
        done;
        test "${partial_fails}" != "" && echo "opam-repo-ci detected dependencies failing: ${partial_fails}";
        exit 1" failed with exit status 10
2024-06-18 17:09.12: Job failed: Failed: Build failed
2024-06-18 17:09.12: Log analysis:
2024-06-18 17:09.12: >>> 
[ERROR] Sorry, resolution of the request timed out.
 (score = 20)
2024-06-18 17:09.12: >>> 
[ERROR] System package install failed with exit code 100 at command:
 (score = 20)
2024-06-18 17:09.12: >>> 
[ERROR] These packages are still missing: graphviz
 (score = 20)
2024-06-18 17:09.12: Sorry, resolution of the request timed out.
