2024-06-17 19:35.03: New job: test paf.0.0.5 with dune-secondary.3.8.1, using opam dev
                              from https://github.com/ocaml/opam-repository.git#refs/pull/25928/head (3f2c920b90e20a61c5c90d25ab350fcf660158fd)
                              on debian-12-ocaml-4.14/amd64

To reproduce locally:

cd $(mktemp -d)
git clone --recursive "https://github.com/ocaml/opam-repository.git" && cd "opam-repository" && git fetch origin "refs/pull/25928/head" && git reset --hard 3f2c920b
git fetch origin master
git merge --no-edit 5d6f1cf035d4b9d572fef4ae2e63cf1e3da8760d
cat > ../Dockerfile <<'END-OF-DOCKERFILE'
[34mFROM ocaml/opam:debian-12-ocaml-4.14@sha256:68ecefb12259af7ac8f85f40002bb77c47ee641474979fd6a320ed7bf1222c7c
USER 1000:1000
WORKDIR /home/opam
RUN sudo ln -f /usr/bin/opam-dev /usr/bin/opam
RUN opam init --reinit -ni
RUN uname -rs && opam exec -- ocaml -version && opam --version
ENV OPAMDOWNLOADJOBS="1"
ENV OPAMERRLOGLEN="0"
ENV OPAMSOLVERTIMEOUT="500"
ENV OPAMPRECISETRACKING="1"
ENV CI="true"
ENV OPAM_REPO_CI="true"
RUN rm -rf opam-repository/
COPY --chown=1000:1000 . opam-repository/
RUN opam repository set-url --strict default opam-repository/
RUN opam update --depexts || true
RUN opam pin add -k version -yn dune-secondary.3.8.1 3.8.1
RUN opam reinstall dune-secondary.3.8.1; \
    res=$?; \
    test "$res" != 31 && exit "$res"; \
    export OPAMCLI=2.0; \
    build_dir=$(opam var prefix)/.opam-switch/build; \
    failed=$(ls "$build_dir"); \
    partial_fails=""; \
    for pkg in $failed; do \
    if opam show -f x-ci-accept-failures: "$pkg" | grep -qF "\"debian-12\""; then \
    echo "A package failed and has been disabled for CI using the 'x-ci-accept-failures' field."; \
    fi; \
    test "$pkg" != 'dune-secondary.3.8.1' && partial_fails="$partial_fails $pkg"; \
    done; \
    test "${partial_fails}" != "" && echo "opam-repo-ci detected dependencies failing: ${partial_fails}"; \
    exit 1
RUN opam reinstall paf.0.0.5; \
    res=$?; \
    test "$res" != 31 && exit "$res"; \
    export OPAMCLI=2.0; \
    build_dir=$(opam var prefix)/.opam-switch/build; \
    failed=$(ls "$build_dir"); \
    partial_fails=""; \
    for pkg in $failed; do \
    if opam show -f x-ci-accept-failures: "$pkg" | grep -qF "\"debian-12\""; then \
    echo "A package failed and has been disabled for CI using the 'x-ci-accept-failures' field."; \
    fi; \
    test "$pkg" != 'paf.0.0.5' && partial_fails="$partial_fails $pkg"; \
    done; \
    test "${partial_fails}" != "" && echo "opam-repo-ci detected dependencies failing: ${partial_fails}"; \
    exit 1
RUN (opam reinstall --with-test paf.0.0.5) || true
RUN opam reinstall --with-test --verbose paf.0.0.5; \
    res=$?; \
    test "$res" != 31 && exit "$res"; \
    export OPAMCLI=2.0; \
    build_dir=$(opam var prefix)/.opam-switch/build; \
    failed=$(ls "$build_dir"); \
    partial_fails=""; \
    for pkg in $failed; do \
    if opam show -f x-ci-accept-failures: "$pkg" | grep -qF "\"debian-12\""; then \
    echo "A package failed and has been disabled for CI using the 'x-ci-accept-failures' field."; \
    fi; \
    test "$pkg" != 'paf.0.0.5' && partial_fails="$partial_fails $pkg"; \
    done; \
    test "${partial_fails}" != "" && echo "opam-repo-ci detected dependencies failing: ${partial_fails}"; \
    exit 1
[0m
END-OF-DOCKERFILE
docker build -f ../Dockerfile .

2024-06-17 19:35.03: Using cache hint "ocaml/opam:debian-12-ocaml-4.14@sha256:68ecefb12259af7ac8f85f40002bb77c47ee641474979fd6a320ed7bf1222c7c-dune-secondary.3.8.1-paf.0.0.5-3f2c920b90e20a61c5c90d25ab350fcf660158fd"
2024-06-17 19:35.03: Using OBuilder spec:
((from ocaml/opam:debian-12-ocaml-4.14@sha256:68ecefb12259af7ac8f85f40002bb77c47ee641474979fd6a320ed7bf1222c7c)
 (user (uid 1000) (gid 1000))
 (workdir /home/opam)
 (run (shell "sudo ln -f /usr/bin/opam-dev /usr/bin/opam"))
 (run (network host)
      (shell "opam init --reinit --config .opamrc-sandbox -ni"))
 (run (shell "uname -rs && opam exec -- ocaml -version && opam --version"))
 (env OPAMDOWNLOADJOBS 1)
 (env OPAMERRLOGLEN 0)
 (env OPAMSOLVERTIMEOUT 500)
 (env OPAMPRECISETRACKING 1)
 (env CI true)
 (env OPAM_REPO_CI true)
 (run (shell "rm -rf opam-repository/"))
 (copy (src .) (dst opam-repository/))
 (run (shell "opam repository set-url --strict default opam-repository/"))
 (run (network host)
      (shell "opam update --depexts || true"))
 (run (shell "opam pin add -k version -yn dune-secondary.3.8.1 3.8.1"))
 (run (cache (opam-archives (target /home/opam/.opam/download-cache)))
      (network host)
      (shell  "opam reinstall dune-secondary.3.8.1;\
             \n        res=$?;\
             \n        test \"$res\" != 31 && exit \"$res\";\
             \n        export OPAMCLI=2.0;\
             \n        build_dir=$(opam var prefix)/.opam-switch/build;\
             \n        failed=$(ls \"$build_dir\");\
             \n        partial_fails=\"\";\
             \n        for pkg in $failed; do\
             \n          if opam show -f x-ci-accept-failures: \"$pkg\" | grep -qF \"\\\"debian-12\\\"\"; then\
             \n            echo \"A package failed and has been disabled for CI using the 'x-ci-accept-failures' field.\";\
             \n          fi;\
             \n          test \"$pkg\" != 'dune-secondary.3.8.1' && partial_fails=\"$partial_fails $pkg\";\
             \n        done;\
             \n        test \"${partial_fails}\" != \"\" && echo \"opam-repo-ci detected dependencies failing: ${partial_fails}\";\
             \n        exit 1"))
 (run (cache (opam-archives (target /home/opam/.opam/download-cache)))
      (network host)
      (shell  "opam reinstall paf.0.0.5;\
             \n        res=$?;\
             \n        test \"$res\" != 31 && exit \"$res\";\
             \n        export OPAMCLI=2.0;\
             \n        build_dir=$(opam var prefix)/.opam-switch/build;\
             \n        failed=$(ls \"$build_dir\");\
             \n        partial_fails=\"\";\
             \n        for pkg in $failed; do\
             \n          if opam show -f x-ci-accept-failures: \"$pkg\" | grep -qF \"\\\"debian-12\\\"\"; then\
             \n            echo \"A package failed and has been disabled for CI using the 'x-ci-accept-failures' field.\";\
             \n          fi;\
             \n          test \"$pkg\" != 'paf.0.0.5' && partial_fails=\"$partial_fails $pkg\";\
             \n        done;\
             \n        test \"${partial_fails}\" != \"\" && echo \"opam-repo-ci detected dependencies failing: ${partial_fails}\";\
             \n        exit 1"))
 (run (network host)
      (shell "(opam reinstall --with-test paf.0.0.5) || true"))
 (run (shell  "opam reinstall --with-test --verbose paf.0.0.5;\
             \n        res=$?;\
             \n        test \"$res\" != 31 && exit \"$res\";\
             \n        export OPAMCLI=2.0;\
             \n        build_dir=$(opam var prefix)/.opam-switch/build;\
             \n        failed=$(ls \"$build_dir\");\
             \n        partial_fails=\"\";\
             \n        for pkg in $failed; do\
             \n          if opam show -f x-ci-accept-failures: \"$pkg\" | grep -qF \"\\\"debian-12\\\"\"; then\
             \n            echo \"A package failed and has been disabled for CI using the 'x-ci-accept-failures' field.\";\
             \n          fi;\
             \n          test \"$pkg\" != 'paf.0.0.5' && partial_fails=\"$partial_fails $pkg\";\
             \n        done;\
             \n        test \"${partial_fails}\" != \"\" && echo \"opam-repo-ci detected dependencies failing: ${partial_fails}\";\
             \n        exit 1"))
)

2024-06-17 19:35.03: Waiting for resource in pool OCluster
2024-06-18 08:46.31: Waiting for workerâ€¦
2024-06-18 08:49.17: Got resource from pool OCluster
Building on x86-bm-c6.sw.ocaml.org
All commits already cached
Updating files:  66% (20978/31554)Updating files:  67% (21142/31554)Updating files:  68% (21457/31554)Updating files:  69% (21773/31554)Updating files:  70% (22088/31554)Updating files:  71% (22404/31554)Updating files:  72% (22719/31554)Updating files:  73% (23035/31554)Updating files:  74% (23350/31554)Updating files:  75% (23666/31554)Updating files:  76% (23982/31554)Updating files:  77% (24297/31554)Updating files:  78% (24613/31554)Updating files:  79% (24928/31554)Updating files:  80% (25244/31554)Updating files:  81% (25559/31554)Updating files:  82% (25875/31554)Updating files:  83% (26190/31554)Updating files:  84% (26506/31554)Updating files:  85% (26821/31554)Updating files:  86% (27137/31554)Updating files:  87% (27452/31554)Updating files:  88% (27768/31554)Updating files:  89% (28084/31554)Updating files:  90% (28399/31554)Updating files:  91% (28715/31554)Updating files:  92% (29030/31554)Updating files:  93% (29346/31554)Updating files:  94% (29661/31554)Updating files:  95% (29977/31554)Updating files:  96% (30292/31554)Updating files:  97% (30608/31554)Updating files:  98% (30923/31554)Updating files:  99% (31239/31554)Updating files: 100% (31554/31554)Updating files: 100% (31554/31554), done.
HEAD is now at 5d6f1cf035 Merge pull request #26098 from yawaramin/release-dream-html-v3.5.2
Merge made by the 'ort' strategy.
 packages/base-flambda2/base-flambda2.base/opam     |  8 +++
 packages/dune-secondary/dune-secondary.3.8.1/opam  | 60 ++++++++++++++++++++++
 .../menhir-secondary.20210419/opam                 | 34 ++++++++++++
 .../ocaml-secondary-compiler.4.14.2/opam           | 30 +++++++++++
 .../ocaml-variants.5.1.1+flambda2/opam             | 46 +++++++++++++++++
 5 files changed, 178 insertions(+)
 create mode 100644 packages/base-flambda2/base-flambda2.base/opam
 create mode 100644 packages/dune-secondary/dune-secondary.3.8.1/opam
 create mode 100644 packages/menhir-secondary/menhir-secondary.20210419/opam
 create mode 100644 packages/ocaml-secondary-compiler/ocaml-secondary-compiler.4.14.2/opam
 create mode 100644 packages/ocaml-variants/ocaml-variants.5.1.1+flambda2/opam

[01;34m(from ocaml/opam:debian-12-ocaml-4.14@sha256:68ecefb12259af7ac8f85f40002bb77c47ee641474979fd6a320ed7bf1222c7c)[0m
Unable to find image 'ocaml/opam:debian-12-ocaml-4.14@sha256:68ecefb12259af7ac8f85f40002bb77c47ee641474979fd6a320ed7bf1222c7c' locally
docker.io/ocaml/opam@sha256:68ecefb12259af7ac8f85f40002bb77c47ee641474979fd6a320ed7bf1222c7c: Pulling from ocaml/opam
Digest: sha256:68ecefb12259af7ac8f85f40002bb77c47ee641474979fd6a320ed7bf1222c7c
Status: Downloaded newer image for ocaml/opam@sha256:68ecefb12259af7ac8f85f40002bb77c47ee641474979fd6a320ed7bf1222c7c
[01;2m[01;35m2024-06-18 08:49.23 ---> using "be6362479294069b96a78ceb45e5e59b696aa4ead55eec8c4ca81a46ae6af254" from cache[0m

[01;34m/: (user (uid 1000) (gid 1000))[0m

[01;34m/: (workdir /home/opam)[0m

[01;34m/home/opam: (run (shell "sudo ln -f /usr/bin/opam-dev /usr/bin/opam"))[0m
[01;2m[01;35m2024-06-18 08:49.23 ---> using "8ad80d6a0debeaed101481b8cff66e1eafb8b0e653f48d497136a3cd6c73afd4" from cache[0m

[01;34m/home/opam: (run (network host)
                 (shell "opam init --reinit --config .opamrc-sandbox -ni"))[0m
Configuring from /home/opam/.opamrc-sandbox, then /home/opam/.opamrc, and finally from built-in defaults.
Checking for available remotes: rsync and local, git.
  - you won't be able to use mercurial repositories unless you install the hg command on your system.
  - you won't be able to use darcs repositories unless you install the darcs command on your system.

This development version of opam requires an update to the layout of /home/opam/.opam from version 2.0 to version 2.2~beta, which can't be reverted.
You may want to back it up before going further.

Continue? [y/n] y
[NOTE] The 'jobs' option was reset, its value was 39 and its new value will vary according to the current number of cores on your machine. You can restore the fixed value using:
           opam option jobs=39 --global
Format upgrade done.

<><> Updating repositories ><><><><><><><><><><><><><><><><><><><><><><><><><><>
[default] synchronised from file:///home/opam/opam-repository
[01;2m[01;35m2024-06-18 08:49.23 ---> using "56bbd298ac51fe1e7634bdd19c2541599a9d163a08dafe773745bbf4eb18410c" from cache[0m

[01;34m/home/opam: (run (shell "uname -rs && opam exec -- ocaml -version && opam --version"))[0m
Linux 5.15.0-112-generic
The OCaml toplevel, version 4.14.2
2.2.0~beta3~dev
[01;2m[01;35m2024-06-18 08:49.23 ---> using "152abb09d7c0ec6a6b81839d18fba96e3d05ed398f577cd267f0f4b08f6eb24b" from cache[0m

[01;34m/home/opam: (env OPAMDOWNLOADJOBS 1)[0m

[01;34m/home/opam: (env OPAMERRLOGLEN 0)[0m

[01;34m/home/opam: (env OPAMSOLVERTIMEOUT 500)[0m

[01;34m/home/opam: (env OPAMPRECISETRACKING 1)[0m

[01;34m/home/opam: (env CI true)[0m

[01;34m/home/opam: (env OPAM_REPO_CI true)[0m

[01;34m/home/opam: (run (shell "rm -rf opam-repository/"))[0m
[01;2m[01;35m2024-06-18 08:49.23 ---> using "ed21e7d865a19fc202b822ef2e288487fef395f0eb5a1334ec4e29366b626f01" from cache[0m

[01;34m/home/opam: (copy (src .) (dst opam-repository/))[0m
[01;2m[01;35m2024-06-18 08:49.25 ---> using "87714c5da9847fac11b9a56940173d1997c1c1161df2e16668aa8c668afcd33b" from cache[0m

[01;34m/home/opam: (run (shell "opam repository set-url --strict default opam-repository/"))[0m
[default] Initialised
[01;2m[01;35m2024-06-18 08:49.25 ---> using "88bec433876cda499d6bf3693125a84078516c9508a2ecad2cb8497fef23a877" from cache[0m

[01;34m/home/opam: (run (network host)
                 (shell "opam update --depexts || true"))[0m
+ /usr/bin/sudo "apt-get" "update"
- Hit:1 http://deb.debian.org/debian bookworm InRelease
- Get:2 http://deb.debian.org/debian bookworm-updates InRelease [55.4 kB]
- Get:3 http://deb.debian.org/debian-security bookworm-security InRelease [48.0 kB]
- Get:4 http://deb.debian.org/debian-security bookworm-security/main amd64 Packages [160 kB]
- Fetched 263 kB in 0s (1006 kB/s)
- Reading package lists...
- 
[01;2m[01;35m2024-06-18 08:49.25 ---> using "225c9c9fb985ff177aff4eb650c3d0b39b72e6a6a0a6d05b628d10b6ab428069" from cache[0m

[01;34m/home/opam: (run (shell "opam pin add -k version -yn dune-secondary.3.8.1 3.8.1"))[0m
dune-secondary is now pinned to version 3.8.1
[01;2m[01;35m2024-06-18 08:49.25 ---> using "55772a6a9941db6ef33901152abdd6eee7fe1dbe64caf166a208db5f6e90595f" from cache[0m

[01;34m/home/opam: (run (cache (opam-archives (target /home/opam/.opam/download-cache)))
                 (network host)
                 (shell  "opam reinstall dune-secondary.3.8.1;\
                        \n        res=$?;\
                        \n        test \"$res\" != 31 && exit \"$res\";\
                        \n        export OPAMCLI=2.0;\
                        \n        build_dir=$(opam var prefix)/.opam-switch/build;\
                        \n        failed=$(ls \"$build_dir\");\
                        \n        partial_fails=\"\";\
                        \n        for pkg in $failed; do\
                        \n          if opam show -f x-ci-accept-failures: \"$pkg\" | grep -qF \"\\\"debian-12\\\"\"; then\
                        \n            echo \"A package failed and has been disabled for CI using the 'x-ci-accept-failures' field.\";\
                        \n          fi;\
                        \n          test \"$pkg\" != 'dune-secondary.3.8.1' && partial_fails=\"$partial_fails $pkg\";\
                        \n        done;\
                        \n        test \"${partial_fails}\" != \"\" && echo \"opam-repo-ci detected dependencies failing: ${partial_fails}\";\
                        \n        exit 1"))[0m
dune-secondary.3.8.1 is not installed. Install it? [y/n] y
The following actions will be performed:
=== install 2 packages
  - install dune-secondary           3.8.1 (pinned)
  - install ocaml-secondary-compiler 4.14.2         [required by dune-secondary]

<><> Processing actions <><><><><><><><><><><><><><><><><><><><><><><><><><><><>
-> retrieved dune-secondary.3.8.1  (cached)
-> retrieved ocaml-secondary-compiler.4.14.2  (cached)
-> installed ocaml-secondary-compiler.4.14.2
-> installed dune-secondary.3.8.1
Done.
# Run eval $(opam env) to update the current shell environment
[01;2m[01;35m2024-06-18 08:49.25 ---> using "bb3f6708d03cf8912f1ea8359007e3446766152e4e2a0f51e411c35731578e5a" from cache[0m

[01;34m/home/opam: (run (cache (opam-archives (target /home/opam/.opam/download-cache)))
                 (network host)
                 (shell  "opam reinstall paf.0.0.5;\
                        \n        res=$?;\
                        \n        test \"$res\" != 31 && exit \"$res\";\
                        \n        export OPAMCLI=2.0;\
                        \n        build_dir=$(opam var prefix)/.opam-switch/build;\
                        \n        failed=$(ls \"$build_dir\");\
                        \n        partial_fails=\"\";\
                        \n        for pkg in $failed; do\
                        \n          if opam show -f x-ci-accept-failures: \"$pkg\" | grep -qF \"\\\"debian-12\\\"\"; then\
                        \n            echo \"A package failed and has been disabled for CI using the 'x-ci-accept-failures' field.\";\
                        \n          fi;\
                        \n          test \"$pkg\" != 'paf.0.0.5' && partial_fails=\"$partial_fails $pkg\";\
                        \n        done;\
                        \n        test \"${partial_fails}\" != \"\" && echo \"opam-repo-ci detected dependencies failing: ${partial_fails}\";\
                        \n        exit 1"))[0m
paf.0.0.5 is not installed. Install it? [y/n] y
The following actions will be performed:
=== install 72 packages
  - install angstrom            0.16.0  [required by h2]
  - install asn1-combinators    0.2.6   [required by x509]
  - install base                v0.16.3 [required by ppx_sexp_conv]
  - install base-bytes          base    [required by ocplib-endian]
  - install base64              3.5.1   [required by h2]
  - install bigstringaf         0.9.1   [required by paf]
  - install conf-bash           1       [required by base]
  - install conf-gmp            4       [required by conf-gmp-powm-sec, zarith]
  - install conf-gmp-powm-sec   3       [required by mirage-crypto-pk]
  - install conf-pkg-config     3       [required by mirage-crypto-ec]
  - install cppo                1.6.9   [required by lwt]
  - install csexp               1.5.2   [required by dune-configurator]
  - install cstruct             6.2.0   [required by paf]
  - install cstruct-sexp        6.2.0   [required by tls]
  - install domain-name         0.4.0   [required by tls]
  - install dune                3.16.0  [required by paf]
  - install dune-configurator   3.16.0  [required by bigstringaf]
  - install duration            0.2.1   [required by mirage-protocols]
  - install eqaf                0.9     [required by mirage-crypto-ec, mirage-crypto-pk]
  - install faraday             0.8.2   [required by paf]
  - install fmt                 0.9.0   [required by tls, mimic, cstruct, etc.]
  - install gmap                0.3.0   [required by x509]
  - install h2                  0.8.0   [required by paf]
  - install hkdf                1.0.4   [required by tls]
  - install hpack               0.11.0  [required by h2]
  - install httpaf              0.7.1   [required by paf]
  - install ipaddr              5.6.0   [required by mirage-protocols]
  - install ke                  0.6     [required by paf]
  - install logs                0.7.0   [required by mimic, tls]
  - install lwt                 5.7.0   [required by tls, mirage-stack, mimic, etc.]
  - install macaddr             5.6.0   [required by mirage-protocols]
  - install mimic               0.0.3   [required by paf]
  - install mirage-clock        4.2.0   [required by tls-mirage]
  - install mirage-crypto       0.10.7  [required by tls, tls-mirage]
  - install mirage-crypto-ec    0.10.7  [required by tls]
  - install mirage-crypto-pk    0.10.7  [required by tls, tls-mirage]
  - install mirage-crypto-rng   0.10.7  [required by tls]
  - install mirage-flow         3.0.0   [required by mimic, tls-mirage]
  - install mirage-kv           6.1.1   [required by tls-mirage]
  - install mirage-no-solo5     1       [required by mirage-crypto-pk]
  - install mirage-no-xen       1       [required by mirage-crypto-pk]
  - install mirage-protocols    7.0.0   [required by mirage-stack]
  - install mirage-stack        3.0.0   [required by paf]
  - install mirage-time         3.0.0   [required by paf]
  - install mtime               2.0.0   [required by mirage-crypto-rng]
  - install num                 1.5     [required by sexplib]
  - install ocaml-compiler-libs v0.12.4 [required by ppxlib]
  - install ocaml-syntax-shims  1.0.0   [required by angstrom]
  - install ocamlbuild          0.14.3  [required by rresult, fmt, logs, ptime]
  - install ocamlfind           1.9.6   [required by rresult, fmt, logs, ptime]
  - install ocplib-endian       1.2     [required by lwt]
  - install optint              0.3.0   [required by mirage-kv]
  - install paf                 0.0.5
  - install parsexp             v0.16.0 [required by sexplib]
  - install pbkdf               1.2.0   [required by x509]
  - install ppx_cstruct         6.2.0   [required by tls]
  - install ppx_derivers        1.2.1   [required by ppxlib]
  - install ppx_sexp_conv       v0.16.0 [required by tls]
  - install ppxlib              0.32.1  [required by ppx_cstruct, ppx_sexp_conv]
  - install psq                 0.2.1   [required by h2]
  - install ptime               1.1.0   [required by tls, tls-mirage]
  - install result              1.5     [required by mimic]
  - install rresult             0.7.0   [required by mimic, tls]
  - install seq                 base    [required by psq]
  - install sexplib             v0.16.0 [required by tls]
  - install sexplib0            v0.16.0 [required by mirage-crypto-pk, ppx_sexp_conv]
  - install stdlib-shims        0.3.0   [required by ppxlib]
  - install tls                 0.14.1  [required by paf]
  - install tls-mirage          0.14.1  [required by paf]
  - install topkg               1.0.7   [required by rresult, fmt, logs, ptime]
  - install x509                0.14.1  [required by tls, tls-mirage]
  - install zarith              1.13    [required by mirage-crypto-pk]

The following system packages will first need to be installed:
    libgmp-dev pkg-config

<><> Handling external dependencies <><><><><><><><><><><><><><><><><><><><><><>

opam believes some required external dependencies are missing. opam can:
> 1. Run apt-get to install them (may need root/sudo access)
  2. Display the recommended apt-get command and wait while you run it manually (e.g. in another terminal)
  3. Continue anyway, and, upon success, permanently register that this external dependency is present, but not detectable
  4. Abort the installation

[1/2/3/4] 1

+ /usr/bin/sudo "apt-get" "install" "-qq" "-yy" "libgmp-dev" "pkg-config"
- debconf: delaying package configuration, since apt-utils is not installed
- Selecting previously unselected package libgmpxx4ldbl:amd64.
- (Reading database ... (Reading database ... 5%(Reading database ... 10%(Reading database ... 15%(Reading database ... 20%(Reading database ... 25%(Reading database ... 30%(Reading database ... 35%(Reading database ... 40%(Reading database ... 45%(Reading database ... 50%(Reading database ... 55%(Reading database ... 60%(Reading database ... 65%(Reading database ... 70%(Reading database ... 75%(Reading database ... 80%(Reading database ... 85%(Reading database ... 90%(Reading database ... 95%(Reading database ... 100%(Reading database ... 18735 files and directories currently installed.)
- Preparing to unpack .../0-libgmpxx4ldbl_2%3a6.2.1+dfsg1-1.1_amd64.deb ...
- Unpacking libgmpxx4ldbl:amd64 (2:6.2.1+dfsg1-1.1) ...
- Selecting previously unselected package libgmp-dev:amd64.
- Preparing to unpack .../1-libgmp-dev_2%3a6.2.1+dfsg1-1.1_amd64.deb ...
- Unpacking libgmp-dev:amd64 (2:6.2.1+dfsg1-1.1) ...
- Selecting previously unselected package libpkgconf3:amd64.
- Preparing to unpack .../2-libpkgconf3_1.8.1-1_amd64.deb ...
- Unpacking libpkgconf3:amd64 (1.8.1-1) ...
- Selecting previously unselected package pkgconf-bin.
- Preparing to unpack .../3-pkgconf-bin_1.8.1-1_amd64.deb ...
- Unpacking pkgconf-bin (1.8.1-1) ...
- Selecting previously unselected package pkgconf:amd64.
- Preparing to unpack .../4-pkgconf_1.8.1-1_amd64.deb ...
- Unpacking pkgconf:amd64 (1.8.1-1) ...
- Selecting previously unselected package pkg-config:amd64.
- Preparing to unpack .../5-pkg-config_1.8.1-1_amd64.deb ...
- Unpacking pkg-config:amd64 (1.8.1-1) ...
- Setting up libpkgconf3:amd64 (1.8.1-1) ...
- Setting up libgmpxx4ldbl:amd64 (2:6.2.1+dfsg1-1.1) ...
- Setting up pkgconf-bin (1.8.1-1) ...
- Setting up libgmp-dev:amd64 (2:6.2.1+dfsg1-1.1) ...
- Setting up pkgconf:amd64 (1.8.1-1) ...
- Setting up pkg-config:amd64 (1.8.1-1) ...
- Processing triggers for libc-bin (2.36-9+deb12u7) ...

<><> Processing actions <><><><><><><><><><><><><><><><><><><><><><><><><><><><>
-> retrieved angstrom.0.16.0  (cached)
-> retrieved asn1-combinators.0.2.6  (cached)
-> retrieved base.v0.16.3  (cached)
-> retrieved base64.3.5.1  (cached)
-> retrieved bigstringaf.0.9.1  (cached)
-> retrieved conf-gmp.4  (cached)
-> retrieved conf-gmp-powm-sec.3  (cached)
-> retrieved cppo.1.6.9  (cached)
-> retrieved csexp.1.5.2  (cached)
-> installed conf-pkg-config.3
-> installed conf-bash.1
-> retrieved cstruct.6.2.0, cstruct-sexp.6.2.0, ppx_cstruct.6.2.0  (cached)
-> installed conf-gmp.4
-> retrieved domain-name.0.4.0  (cached)
-> installed conf-gmp-powm-sec.3
-> retrieved dune.3.16.0, dune-configurator.3.16.0  (cached)
-> retrieved duration.0.2.1  (cached)
-> retrieved eqaf.0.9  (cached)
-> retrieved faraday.0.8.2  (cached)
-> retrieved fmt.0.9.0  (cached)
-> retrieved gmap.0.3.0  (cached)
-> retrieved h2.0.8.0  (cached)
-> retrieved hkdf.1.0.4  (cached)
-> retrieved hpack.0.11.0  (cached)
-> retrieved httpaf.0.7.1  (cached)
-> retrieved ipaddr.5.6.0, macaddr.5.6.0  (cached)
-> retrieved ke.0.6  (cached)
-> retrieved logs.0.7.0  (cached)
-> retrieved lwt.5.7.0  (cached)
-> retrieved mimic.0.0.3  (cached)
-> retrieved mirage-clock.4.2.0  (cached)
-> retrieved mirage-crypto.0.10.7, mirage-crypto-ec.0.10.7, mirage-crypto-pk.0.10.7, mirage-crypto-rng.0.10.7  (cached)
-> retrieved mirage-flow.3.0.0  (cached)
-> retrieved mirage-kv.6.1.1  (cached)
-> installed mirage-no-solo5.1
-> installed mirage-no-xen.1
-> retrieved mirage-protocols.7.0.0  (cached)
-> retrieved mirage-stack.3.0.0  (cached)
-> retrieved mirage-time.3.0.0  (cached)
-> retrieved mtime.2.0.0  (cached)
-> retrieved num.1.5  (cached)
-> retrieved ocaml-compiler-libs.v0.12.4  (cached)
-> retrieved ocaml-syntax-shims.1.0.0  (cached)
-> retrieved ocamlbuild.0.14.3  (cached)
-> retrieved ocamlfind.1.9.6  (cached)
-> retrieved ocplib-endian.1.2  (cached)
-> retrieved optint.0.3.0  (cached)
-> retrieved paf.0.0.5  (https://github.com/dinosaure/paf-le-chien/releases/download/0.0.5/paf-0.0.5.tbz)
-> retrieved parsexp.v0.16.0  (cached)
-> retrieved pbkdf.1.2.0  (cached)
-> retrieved ppx_derivers.1.2.1  (cached)
-> retrieved ppx_sexp_conv.v0.16.0  (cached)
-> retrieved ppxlib.0.32.1  (cached)
-> retrieved psq.0.2.1  (cached)
-> retrieved ptime.1.1.0  (cached)
-> retrieved result.1.5  (cached)
-> retrieved rresult.0.7.0  (cached)
-> retrieved seq.base  (cached)
-> installed seq.base
-> retrieved sexplib.v0.16.0  (cached)
-> retrieved sexplib0.v0.16.0  (cached)
-> retrieved stdlib-shims.0.3.0  (cached)
-> retrieved tls.0.14.1, tls-mirage.0.14.1  (cached)
-> retrieved topkg.1.0.7  (cached)
-> retrieved x509.0.14.1  (cached)
-> retrieved zarith.1.13  (cached)
-> installed num.1.5
-> installed ocamlfind.1.9.6
-> installed base-bytes.base
-> installed ocamlbuild.0.14.3
-> installed zarith.1.13
-> installed topkg.1.0.7
-> installed rresult.0.7.0
-> installed fmt.0.9.0
-> installed mtime.2.0.0
-> installed ptime.1.1.0
-> installed dune.3.16.0
-> installed mirage-clock.4.2.0
-> installed macaddr.5.6.0
-> installed duration.0.2.1
-> installed csexp.1.5.2
-> installed base64.3.5.1
-> installed cstruct.6.2.0
-> installed domain-name.0.4.0
-> installed gmap.0.3.0
-> installed ke.0.6
-> installed optint.0.3.0
-> installed ppx_derivers.1.2.1
-> installed psq.0.2.1
-> installed result.1.5
-> installed ocaml-syntax-shims.1.0.0
-> installed cppo.1.6.9
-> installed sexplib0.v0.16.0
-> installed ocaml-compiler-libs.v0.12.4
-> installed stdlib-shims.0.3.0
-> installed ocplib-endian.1.2
-> installed ipaddr.5.6.0
-> installed eqaf.0.9
-> installed asn1-combinators.0.2.6
-> installed dune-configurator.3.16.0
-> installed parsexp.v0.16.0
-> installed bigstringaf.0.9.1
-> installed faraday.0.8.2
-> installed angstrom.0.16.0
-> installed sexplib.v0.16.0
-> installed cstruct-sexp.6.2.0
-> installed mirage-crypto.0.10.7
-> installed httpaf.0.7.1
-> installed hkdf.1.0.4
-> installed pbkdf.1.2.0
-> installed hpack.0.11.0
-> installed lwt.5.7.0
-> installed h2.0.8.0
-> installed mirage-flow.3.0.0
-> installed mirage-time.3.0.0
-> installed mirage-kv.6.1.1
-> installed mirage-protocols.7.0.0
-> installed mirage-stack.3.0.0
-> installed logs.0.7.0
-> installed mimic.0.0.3
-> installed mirage-crypto-rng.0.10.7
-> installed base.v0.16.3
-> installed mirage-crypto-pk.0.10.7
-> installed mirage-crypto-ec.0.10.7
-> installed x509.0.14.1
-> installed ppxlib.0.32.1
-> installed ppx_cstruct.6.2.0
-> installed ppx_sexp_conv.v0.16.0
-> installed tls.0.14.1
-> installed tls-mirage.0.14.1
-> installed paf.0.0.5
Done.
# Run eval $(opam env) to update the current shell environment
[01;2m[01;35m2024-06-18 08:51.36 ---> saved as "61ce878e9fd406d710349efd7f194c10a8eb749877f9708d3e50b10618d826c4"[0m

[01;34m/home/opam: (run (network host)
                 (shell "(opam reinstall --with-test paf.0.0.5) || true"))[0m
[ERROR] Sorry, resolution of the request timed out.
        Try to specify a more precise request, use a different solver, or increase the allowed time by setting OPAMSOLVERTIMEOUT to a bigger value (currently, it is set to 500.0 seconds).
[01;2m[01;35m2024-06-18 09:00.15 ---> saved as "7f4e8aa6d6181b62e1c52c1eac865bbc9aaa242dc6f46bbd9f4921d5ed49fa32"[0m

[01;34m/home/opam: (run (shell  "opam reinstall --with-test --verbose paf.0.0.5;\
                        \n        res=$?;\
                        \n        test \"$res\" != 31 && exit \"$res\";\
                        \n        export OPAMCLI=2.0;\
                        \n        build_dir=$(opam var prefix)/.opam-switch/build;\
                        \n        failed=$(ls \"$build_dir\");\
                        \n        partial_fails=\"\";\
                        \n        for pkg in $failed; do\
                        \n          if opam show -f x-ci-accept-failures: \"$pkg\" | grep -qF \"\\\"debian-12\\\"\"; then\
                        \n            echo \"A package failed and has been disabled for CI using the 'x-ci-accept-failures' field.\";\
                        \n          fi;\
                        \n          test \"$pkg\" != 'paf.0.0.5' && partial_fails=\"$partial_fails $pkg\";\
                        \n        done;\
                        \n        test \"${partial_fails}\" != \"\" && echo \"opam-repo-ci detected dependencies failing: ${partial_fails}\";\
                        \n        exit 1"))[0m
The following actions will be performed:
=== remove 1 package
  - remove    mirage-protocols  7.0.0          [conflicts with tcpip]
=== recompile 21 packages
  - recompile asn1-combinators  0.2.6          [uses cstruct]
  - recompile cstruct           6.2.0          [uses mirage-protocols]
  - recompile cstruct-sexp      6.2.0          [uses cstruct]
  - recompile eqaf              0.9            [uses cstruct]
  - recompile fmt               0.9.0          [uses mirage-protocols]
  - recompile hkdf              1.0.4          [uses cstruct]
  - recompile ke                0.6            [uses fmt]
  - recompile logs              0.7.0          [uses fmt]
  - recompile mimic             0.0.3          [uses fmt]
  - recompile mirage-crypto     0.10.7         [uses cstruct]
  - recompile mirage-crypto-ec  0.10.7         [uses cstruct]
  - recompile mirage-crypto-pk  0.10.7         [uses cstruct]
  - recompile mirage-crypto-rng 0.10.7         [uses cstruct]
  - recompile mirage-flow       3.0.0          [uses mirage-protocols]
  - recompile mirage-kv         6.1.1          [uses fmt]
  - recompile paf               0.0.5
  - recompile pbkdf             1.2.0          [uses cstruct]
  - recompile ppx_cstruct       6.2.0          [uses cstruct]
  - recompile tls               0.14.1         [uses cstruct, fmt]
  - recompile tls-mirage        0.14.1         [uses fmt]
  - recompile x509              0.14.1         [uses cstruct, fmt]
=== upgrade 1 package
  - upgrade   mirage-stack      3.0.0 to 4.0.0 [required by paf]
=== install 21 packages
  - install   alcotest          1.6.0          [required by alcotest-lwt]
  - install   alcotest-lwt      1.6.0          [required by paf]
  - install   arp               3.1.1          [required by tcpip]
  - install   astring           0.8.5          [required by alcotest]
  - install   cmdliner          1.3.0          [required by alcotest]
  - install   cstruct-lwt       6.2.0          [required by tcpip]
  - install   ethernet          3.2.0          [required by tcpip]
  - install   lru               0.3.1          [required by tcpip]
  - install   lwt-dllist        1.0.1          [required by tcpip]
  - install   macaddr-cstruct   5.6.0          [required by tcpip]
  - install   metrics           0.4.1          [required by tcpip]
  - install   mirage-net        4.0.0          [required by tcpip]
  - install   mirage-profile    0.9.1          [required by tcpip]
  - install   mirage-random     3.0.0          [required by tcpip]
  - install   mirage-time-unix  3.0.0          [required by paf]
  - install   randomconv        0.1.3          [required by tcpip]
  - install   re                1.11.0         [required by alcotest]
  - install   stringext         1.6.0          [required by uri]
  - install   tcpip             7.1.1          [required by paf]
  - install   uri               4.4.0          [required by paf]
  - install   uutf              1.0.3          [required by alcotest]

<><> Processing actions <><><><><><><><><><><><><><><><><><><><><><><><><><><><>
Processing  1/144: [alcotest.1.6.0, alcotest-lwt.1.6.0: http]
[ERROR] Failed to get sources of alcotest.1.6.0, alcotest-lwt.1.6.0 (https://github.com/mirage/alcotest/releases/download/1.6.0/alcotest-1.6.0.tbz): Curl failed
Processing  2/144: [arp.3.1.1: http]
[ERROR] Failed to get sources of arp.3.1.1: Curl failed
Processing  3/144: [asn1-combinators.0.2.6: http]
[ERROR] Failed to get sources of asn1-combinators.0.2.6: Curl failed
Processing  4/144: [astring.0.8.5: http]
[ERROR] Failed to get sources of astring.0.8.5: Curl failed
Processing  5/144: [cmdliner.1.3.0: http]
Processing  6/144: [cmdliner.1.3.0: http]
Processing  7/144: [cmdliner.1.3.0: http]
[ERROR] Failed to get sources of cmdliner.1.3.0: Curl failed
Processing  8/144: [cstruct.6.2.0, cstruct-lwt.6.2.0, cstruct-sexp.6.2.0, ppx_cstruct.6.2.0: http]
Processing  9/144: [cstruct.6.2.0, cstruct-lwt.6.2.0, cstruct-sexp.6.2.0, ppx_cstruct.6.2.0: http]
Processing 10/144: [cstruct.6.2.0, cstruct-lwt.6.2.0, cstruct-sexp.6.2.0, ppx_cstruct.6.2.0: http]
[ERROR] Failed to get sources of cstruct.6.2.0, cstruct-lwt.6.2.0, cstruct-sexp.6.2.0, ppx_cstruct.6.2.0 (https://github.com/mirage/ocaml-cstruct/releases/download/v6.2.0/cstruct-6.2.0.tbz): Curl failed
Processing 11/144: [eqaf.0.9: http]
[ERROR] Failed to get sources of eqaf.0.9: Curl failed
Processing 12/144: [ethernet.3.2.0: http]
[ERROR] Failed to get sources of ethernet.3.2.0: Curl failed
Processing 13/144: [fmt.0.9.0: http]
[ERROR] Failed to get sources of fmt.0.9.0: Curl failed
Processing 14/144: [hkdf.1.0.4: http]
Processing 15/144: [hkdf.1.0.4: http]
[ERROR] Failed to get sources of hkdf.1.0.4: Curl failed
Processing 16/144: [ke.0.6: http]
[ERROR] Failed to get sources of ke.0.6: Curl failed
Processing 17/144: [logs.0.7.0: http]
[ERROR] Failed to get sources of logs.0.7.0: Curl failed
Processing 18/144: [lru.0.3.1: http]
[ERROR] Failed to get sources of lru.0.3.1: Curl failed
Processing 19/144: [lwt-dllist.1.0.1: http]
Processing 20/144: [lwt-dllist.1.0.1: http]
Processing 21/144: [lwt-dllist.1.0.1: http]
[ERROR] Failed to get sources of lwt-dllist.1.0.1: Curl failed
Processing 22/144: [macaddr-cstruct.5.6.0: http]
Processing 23/144: [macaddr-cstruct.5.6.0: http]
Processing 24/144: [macaddr-cstruct.5.6.0: http]
[ERROR] Failed to get sources of macaddr-cstruct.5.6.0: Curl failed
Processing 25/144: [metrics.0.4.1: http]
[ERROR] Failed to get sources of metrics.0.4.1: Curl failed
Processing 26/144: [mimic.0.0.3: http]
[ERROR] Failed to get sources of mimic.0.0.3: Curl failed
Processing 27/144: [mirage-crypto.0.10.7, mirage-crypto-ec.0.10.7, mirage-crypto-pk.0.10.7, mirage-crypto-rng.0.10.7: http]
[ERROR] Failed to get sources of mirage-crypto.0.10.7, mirage-crypto-ec.0.10.7, mirage-crypto-pk.0.10.7, mirage-crypto-rng.0.10.7 (https://github.com/mirage/mirage-crypto/releases/download/v0.10.7/mirage-crypto-0.10.7.tbz): Curl failed
Processing 28/144: [mirage-flow.3.0.0: http]
Processing 29/144: [mirage-kv.6.1.1: http]
[ERROR] Failed to get sources of mirage-flow.3.0.0: Curl failed
[ERROR] Failed to get sources of mirage-kv.6.1.1: Curl failed
Processing 30/144: [mirage-net.4.0.0: http]
[ERROR] Failed to get sources of mirage-net.4.0.0: Curl failed
Processing 31/144: [mirage-profile.0.9.1: http]
[ERROR] Failed to get sources of mirage-profile.0.9.1: Curl failed
Processing 32/144: [mirage-random.3.0.0: http]
[ERROR] Failed to get sources of mirage-random.3.0.0: Curl failed
Processing 33/144: [mirage-stack.4.0.0: http]
[ERROR] Failed to get sources of mirage-stack.4.0.0: Curl failed
Processing 34/144: [mirage-time-unix.3.0.0: http]
[ERROR] Failed to get sources of mirage-time-unix.3.0.0: Curl failed
Processing 35/144: [paf.0.0.5: http]
Processing 36/144: [paf.0.0.5: http]
Processing 37/144: [paf.0.0.5: http]
[ERROR] Failed to get sources of paf.0.0.5: Curl failed
Processing 38/144: [pbkdf.1.2.0: http]
[ERROR] Failed to get sources of pbkdf.1.2.0: Curl failed
Processing 39/144: [randomconv.0.1.3: http]
[ERROR] Failed to get sources of randomconv.0.1.3: Curl failed
Processing 40/144: [re.1.11.0: http]
[ERROR] Failed to get sources of re.1.11.0: Curl failed
Processing 41/144: [stringext.1.6.0: http]
Processing 42/144: [stringext.1.6.0: http]
Processing 43/144: [stringext.1.6.0: http]
[ERROR] Failed to get sources of stringext.1.6.0: Curl failed
Processing 44/144: [tcpip.7.1.1: http]
Processing 45/144: [tcpip.7.1.1: http]
Processing 46/144: [tcpip.7.1.1: http]
Processing 47/144: [tcpip.7.1.1: http]
Processing 48/144: [tcpip.7.1.1: http]
Processing 49/144: [tcpip.7.1.1: http]
Processing 50/144: [tcpip.7.1.1: http]
Processing 51/144: [tcpip.7.1.1: http]
[ERROR] Failed to get sources of tcpip.7.1.1: Curl failed
Processing 52/144: [tls.0.14.1, tls-mirage.0.14.1: http]
[ERROR] Failed to get sources of tls.0.14.1, tls-mirage.0.14.1 (https://github.com/mirleft/ocaml-tls/releases/download/v0.14.1/tls-v0.14.1.tbz): Curl failed
Processing 60/144: [uri.4.4.0: http]
[ERROR] Failed to get sources of uri.4.4.0: Curl failed
Processing 61/144: [uutf.1.0.3: http]
Processing 62/144: [uutf.1.0.3: http]
Processing 63/144: [uutf.1.0.3: http]
[ERROR] Failed to get sources of uutf.1.0.3: Curl failed
Processing 64/144: [x509.0.14.1: http]
Processing 65/144: [x509.0.14.1: http]
Processing 66/144: [x509.0.14.1: http]
[ERROR] Failed to get sources of x509.0.14.1: Curl failed

#=== ERROR while fetching sources for x509.0.14.1 =============================#
OpamSolution.Fetch_fail("https://github.com/mirleft/ocaml-x509/releases/download/v0.14.1/x509-v0.14.1.tbz (Curl failed: \"/usr/bin/curl --write-out %{http_code}\\\\n --retry 3 --retry-delay 2 --user-agent opam/2.2.0~beta3~dev -L -o /home/opam/.opam/4.14/.opam-switch/sources/x509.0.14.1/x509-v0.14.1.tbz.part -- https://github.com/mirleft/ocaml-x509/releases/download/v0.14.1/x509-v0.14.1.tbz\" exited with code 6)")

#=== ERROR while fetching sources for uutf.1.0.3 ==============================#
OpamSolution.Fetch_fail("https://erratique.ch/software/uutf/releases/uutf-1.0.3.tbz (Curl failed: \"/usr/bin/curl --write-out %{http_code}\\\\n --retry 3 --retry-delay 2 --user-agent opam/2.2.0~beta3~dev -L -o /home/opam/.opam/4.14/.opam-switch/sources/uutf.1.0.3/uutf-1.0.3.tbz.part -- https://erratique.ch/software/uutf/releases/uutf-1.0.3.tbz\" exited with code 6)")

#=== ERROR while fetching sources for uri.4.4.0 ===============================#
OpamSolution.Fetch_fail("https://github.com/mirage/ocaml-uri/releases/download/v4.4.0/uri-4.4.0.tbz (Curl failed: \"/usr/bin/curl --write-out %{http_code}\\\\n --retry 3 --retry-delay 2 --user-agent opam/2.2.0~beta3~dev -L -o /home/opam/.opam/4.14/.opam-switch/sources/uri.4.4.0/uri-4.4.0.tbz.part -- https://github.com/mirage/ocaml-uri/releases/download/v4.4.0/uri-4.4.0.tbz\" exited with code 6)")

#=== ERROR while fetching sources for tls.0.14.1 and tls-mirage.0.14.1 ========#
OpamSolution.Fetch_fail("https://github.com/mirleft/ocaml-tls/releases/download/v0.14.1/tls-v0.14.1.tbz (Curl failed: \"/usr/bin/curl --write-out %{http_code}\\\\n --retry 3 --retry-delay 2 --user-agent opam/2.2.0~beta3~dev -L -o /tmp/opam-7-f54c49/tls-v0.14.1.tbz.part -- https://github.com/mirleft/ocaml-tls/releases/download/v0.14.1/tls-v0.14.1.tbz\" exited with code 6)")

#=== ERROR while fetching sources for tcpip.7.1.1 =============================#
OpamSolution.Fetch_fail("https://github.com/mirage/mirage-tcpip/releases/download/v7.1.1/tcpip-7.1.1.tbz (Curl failed: \"/usr/bin/curl --write-out %{http_code}\\\\n --retry 3 --retry-delay 2 --user-agent opam/2.2.0~beta3~dev -L -o /home/opam/.opam/4.14/.opam-switch/sources/tcpip.7.1.1/tcpip-7.1.1.tbz.part -- https://github.com/mirage/mirage-tcpip/releases/download/v7.1.1/tcpip-7.1.1.tbz\" exited with code 6)")

#=== ERROR while fetching sources for stringext.1.6.0 =========================#
OpamSolution.Fetch_fail("https://github.com/rgrinberg/stringext/releases/download/1.6.0/stringext-1.6.0.tbz (Curl failed: \"/usr/bin/curl --write-out %{http_code}\\\\n --retry 3 --retry-delay 2 --user-agent opam/2.2.0~beta3~dev -L -o /home/opam/.opam/4.14/.opam-switch/sources/stringext.1.6.0/stringext-1.6.0.tbz.part -- https://github.com/rgrinberg/stringext/releases/download/1.6.0/stringext-1.6.0.tbz\" exited with code 6)")

#=== ERROR while fetching sources for re.1.11.0 ===============================#
OpamSolution.Fetch_fail("https://github.com/ocaml/ocaml-re/releases/download/1.11.0/re-1.11.0.tbz (Curl failed: \"/usr/bin/curl --write-out %{http_code}\\\\n --retry 3 --retry-delay 2 --user-agent opam/2.2.0~beta3~dev -L -o /home/opam/.opam/4.14/.opam-switch/sources/re.1.11.0/re-1.11.0.tbz.part -- https://github.com/ocaml/ocaml-re/releases/download/1.11.0/re-1.11.0.tbz\" exited with code 6)")

#=== ERROR while fetching sources for randomconv.0.1.3 ========================#
OpamSolution.Fetch_fail("https://github.com/hannesm/randomconv/releases/download/v0.1.3/randomconv-v0.1.3.tbz (Curl failed: \"/usr/bin/curl --write-out %{http_code}\\\\n --retry 3 --retry-delay 2 --user-agent opam/2.2.0~beta3~dev -L -o /home/opam/.opam/4.14/.opam-switch/sources/randomconv.0.1.3/randomconv-v0.1.3.tbz.part -- https://github.com/hannesm/randomconv/releases/download/v0.1.3/randomconv-v0.1.3.tbz\" exited with code 6)")

#=== ERROR while fetching sources for pbkdf.1.2.0 =============================#
OpamSolution.Fetch_fail("https://github.com/abeaumont/ocaml-pbkdf/archive/1.2.0.tar.gz (Curl failed: \"/usr/bin/curl --write-out %{http_code}\\\\n --retry 3 --retry-delay 2 --user-agent opam/2.2.0~beta3~dev -L -o /home/opam/.opam/4.14/.opam-switch/sources/pbkdf.1.2.0/1.2.0.tar.gz.part -- https://github.com/abeaumont/ocaml-pbkdf/archive/1.2.0.tar.gz\" exited with code 6)")

#=== ERROR while fetching sources for paf.0.0.5 ===============================#
OpamSolution.Fetch_fail("https://github.com/dinosaure/paf-le-chien/releases/download/0.0.5/paf-0.0.5.tbz (Curl failed: \"/usr/bin/curl --write-out %{http_code}\\\\n --retry 3 --retry-delay 2 --user-agent opam/2.2.0~beta3~dev -L -o /home/opam/.opam/4.14/.opam-switch/sources/paf.0.0.5/paf-0.0.5.tbz.part -- https://github.com/dinosaure/paf-le-chien/releases/download/0.0.5/paf-0.0.5.tbz\" exited with code 6)")

#=== ERROR while fetching sources for mirage-time-unix.3.0.0 ==================#
OpamSolution.Fetch_fail("https://github.com/mirage/mirage-time/releases/download/v3.0.0/mirage-time-v3.0.0.tbz (Curl failed: \"/usr/bin/curl --write-out %{http_code}\\\\n --retry 3 --retry-delay 2 --user-agent opam/2.2.0~beta3~dev -L -o /home/opam/.opam/4.14/.opam-switch/sources/mirage-time-unix.3.0.0/mirage-time-v3.0.0.tbz.part -- https://github.com/mirage/mirage-time/releases/download/v3.0.0/mirage-time-v3.0.0.tbz\" exited with code 6)")

#=== ERROR while fetching sources for mirage-stack.4.0.0 ======================#
OpamSolution.Fetch_fail("https://github.com/mirage/mirage-stack/releases/download/v4.0.0/mirage-stack-v4.0.0.tbz (Curl failed: \"/usr/bin/curl --write-out %{http_code}\\\\n --retry 3 --retry-delay 2 --user-agent opam/2.2.0~beta3~dev -L -o /home/opam/.opam/4.14/.opam-switch/sources/mirage-stack.4.0.0/mirage-stack-v4.0.0.tbz.part -- https://github.com/mirage/mirage-stack/releases/download/v4.0.0/mirage-stack-v4.0.0.tbz\" exited with code 6)")

#=== ERROR while fetching sources for mirage-random.3.0.0 =====================#
OpamSolution.Fetch_fail("https://github.com/mirage/mirage-random/releases/download/v3.0.0/mirage-random-v3.0.0.tbz (Curl failed: \"/usr/bin/curl --write-out %{http_code}\\\\n --retry 3 --retry-delay 2 --user-agent opam/2.2.0~beta3~dev -L -o /home/opam/.opam/4.14/.opam-switch/sources/mirage-random.3.0.0/mirage-random-v3.0.0.tbz.part -- https://github.com/mirage/mirage-random/releases/download/v3.0.0/mirage-random-v3.0.0.tbz\" exited with code 6)")

#=== ERROR while fetching sources for mirage-profile.0.9.1 ====================#
OpamSolution.Fetch_fail("https://github.com/mirage/mirage-profile/releases/download/v0.9.1/mirage-profile-v0.9.1.tbz (Curl failed: \"/usr/bin/curl --write-out %{http_code}\\\\n --retry 3 --retry-delay 2 --user-agent opam/2.2.0~beta3~dev -L -o /home/opam/.opam/4.14/.opam-switch/sources/mirage-profile.0.9.1/mirage-profile-v0.9.1.tbz.part -- https://github.com/mirage/mirage-profile/releases/download/v0.9.1/mirage-profile-v0.9.1.tbz\" exited with code 6)")

#=== ERROR while fetching sources for mirage-net.4.0.0 ========================#
OpamSolution.Fetch_fail("https://github.com/mirage/mirage-net/releases/download/v4.0.0/mirage-net-v4.0.0.tbz (Curl failed: \"/usr/bin/curl --write-out %{http_code}\\\\n --retry 3 --retry-delay 2 --user-agent opam/2.2.0~beta3~dev -L -o /home/opam/.opam/4.14/.opam-switch/sources/mirage-net.4.0.0/mirage-net-v4.0.0.tbz.part -- https://github.com/mirage/mirage-net/releases/download/v4.0.0/mirage-net-v4.0.0.tbz\" exited with code 6)")

#=== ERROR while fetching sources for mirage-kv.6.1.1 =========================#
OpamSolution.Fetch_fail("https://github.com/mirage/mirage-kv/releases/download/v6.1.1/mirage-kv-6.1.1.tbz (Curl failed: \"/usr/bin/curl --write-out %{http_code}\\\\n --retry 3 --retry-delay 2 --user-agent opam/2.2.0~beta3~dev -L -o /home/opam/.opam/4.14/.opam-switch/sources/mirage-kv.6.1.1/mirage-kv-6.1.1.tbz.part -- https://github.com/mirage/mirage-kv/releases/download/v6.1.1/mirage-kv-6.1.1.tbz\" exited with code 6)")

#=== ERROR while fetching sources for mirage-flow.3.0.0 =======================#
OpamSolution.Fetch_fail("https://github.com/mirage/mirage-flow/releases/download/v3.0.0/mirage-flow-v3.0.0.tbz (Curl failed: \"/usr/bin/curl --write-out %{http_code}\\\\n --retry 3 --retry-delay 2 --user-agent opam/2.2.0~beta3~dev -L -o /home/opam/.opam/4.14/.opam-switch/sources/mirage-flow.3.0.0/mirage-flow-v3.0.0.tbz.part -- https://github.com/mirage/mirage-flow/releases/download/v3.0.0/mirage-flow-v3.0.0.tbz\" exited with code 6)")

#=== ERROR while fetching sources for mirage-crypto.0.10.7, mirage-crypto-ec.0.10.7, mirage-crypto-pk.0.10.7 and mirage-crypto-rng.0.10.7 
OpamSolution.Fetch_fail("https://github.com/mirage/mirage-crypto/releases/download/v0.10.7/mirage-crypto-0.10.7.tbz (Curl failed: \"/usr/bin/curl --write-out %{http_code}\\\\n --retry 3 --retry-delay 2 --user-agent opam/2.2.0~beta3~dev -L -o /tmp/opam-7-fabae6/mirage-crypto-0.10.7.tbz.part -- https://github.com/mirage/mirage-crypto/releases/download/v0.10.7/mirage-crypto-0.10.7.tbz\" exited with code 6)")

#=== ERROR while fetching sources for mimic.0.0.3 =============================#
OpamSolution.Fetch_fail("https://github.com/dinosaure/mimic/releases/download/0.0.3/mimic-0.0.3.tbz (Curl failed: \"/usr/bin/curl --write-out %{http_code}\\\\n --retry 3 --retry-delay 2 --user-agent opam/2.2.0~beta3~dev -L -o /home/opam/.opam/4.14/.opam-switch/sources/mimic.0.0.3/mimic-0.0.3.tbz.part -- https://github.com/dinosaure/mimic/releases/download/0.0.3/mimic-0.0.3.tbz\" exited with code 6)")

#=== ERROR while fetching sources for metrics.0.4.1 ===========================#
OpamSolution.Fetch_fail("https://github.com/mirage/metrics/releases/download/v0.4.1/metrics-0.4.1.tbz (Curl failed: \"/usr/bin/curl --write-out %{http_code}\\\\n --retry 3 --retry-delay 2 --user-agent opam/2.2.0~beta3~dev -L -o /home/opam/.opam/4.14/.opam-switch/sources/metrics.0.4.1/metrics-0.4.1.tbz.part -- https://github.com/mirage/metrics/releases/download/v0.4.1/metrics-0.4.1.tbz\" exited with code 6)")

#=== ERROR while fetching sources for macaddr-cstruct.5.6.0 ===================#
OpamSolution.Fetch_fail("https://github.com/mirage/ocaml-ipaddr/releases/download/v5.6.0/ipaddr-5.6.0.tbz (Curl failed: \"/usr/bin/curl --write-out %{http_code}\\\\n --retry 3 --retry-delay 2 --user-agent opam/2.2.0~beta3~dev -L -o /home/opam/.opam/4.14/.opam-switch/sources/macaddr-cstruct.5.6.0/ipaddr-5.6.0.tbz.part -- https://github.com/mirage/ocaml-ipaddr/releases/download/v5.6.0/ipaddr-5.6.0.tbz\" exited with code 6)")

#=== ERROR while fetching sources for lwt-dllist.1.0.1 ========================#
OpamSolution.Fetch_fail("https://github.com/mirage/lwt-dllist/releases/download/v1.0.1/lwt-dllist-v1.0.1.tbz (Curl failed: \"/usr/bin/curl --write-out %{http_code}\\\\n --retry 3 --retry-delay 2 --user-agent opam/2.2.0~beta3~dev -L -o /home/opam/.opam/4.14/.opam-switch/sources/lwt-dllist.1.0.1/lwt-dllist-v1.0.1.tbz.part -- https://github.com/mirage/lwt-dllist/releases/download/v1.0.1/lwt-dllist-v1.0.1.tbz\" exited with code 6)")

#=== ERROR while fetching sources for lru.0.3.1 ===============================#
OpamSolution.Fetch_fail("https://github.com/pqwy/lru/releases/download/v0.3.1/lru-0.3.1.tbz (Curl failed: \"/usr/bin/curl --write-out %{http_code}\\\\n --retry 3 --retry-delay 2 --user-agent opam/2.2.0~beta3~dev -L -o /home/opam/.opam/4.14/.opam-switch/sources/lru.0.3.1/lru-0.3.1.tbz.part -- https://github.com/pqwy/lru/releases/download/v0.3.1/lru-0.3.1.tbz\" exited with code 6)")

#=== ERROR while fetching sources for logs.0.7.0 ==============================#
OpamSolution.Fetch_fail("https://erratique.ch/software/logs/releases/logs-0.7.0.tbz (Curl failed: \"/usr/bin/curl --write-out %{http_code}\\\\n --retry 3 --retry-delay 2 --user-agent opam/2.2.0~beta3~dev -L -o /home/opam/.opam/4.14/.opam-switch/sources/logs.0.7.0/logs-0.7.0.tbz.part -- https://erratique.ch/software/logs/releases/logs-0.7.0.tbz\" exited with code 6)")

#=== ERROR while fetching sources for ke.0.6 ==================================#
OpamSolution.Fetch_fail("https://github.com/mirage/ke/releases/download/v0.6/ke-0.6.tbz (Curl failed: \"/usr/bin/curl --write-out %{http_code}\\\\n --retry 3 --retry-delay 2 --user-agent opam/2.2.0~beta3~dev -L -o /home/opam/.opam/4.14/.opam-switch/sources/ke.0.6/ke-0.6.tbz.part -- https://github.com/mirage/ke/releases/download/v0.6/ke-0.6.tbz\" exited with code 6)")

#=== ERROR while fetching sources for hkdf.1.0.4 ==============================#
OpamSolution.Fetch_fail("https://github.com/hannesm/ocaml-hkdf/releases/download/v1.0.4/hkdf-v1.0.4.tbz (Curl failed: \"/usr/bin/curl --write-out %{http_code}\\\\n --retry 3 --retry-delay 2 --user-agent opam/2.2.0~beta3~dev -L -o /home/opam/.opam/4.14/.opam-switch/sources/hkdf.1.0.4/hkdf-v1.0.4.tbz.part -- https://github.com/hannesm/ocaml-hkdf/releases/download/v1.0.4/hkdf-v1.0.4.tbz\" exited with code 6)")

#=== ERROR while fetching sources for fmt.0.9.0 ===============================#
OpamSolution.Fetch_fail("https://erratique.ch/software/fmt/releases/fmt-0.9.0.tbz (Curl failed: \"/usr/bin/curl --write-out %{http_code}\\\\n --retry 3 --retry-delay 2 --user-agent opam/2.2.0~beta3~dev -L -o /home/opam/.opam/4.14/.opam-switch/sources/fmt.0.9.0/fmt-0.9.0.tbz.part -- https://erratique.ch/software/fmt/releases/fmt-0.9.0.tbz\" exited with code 6)")

#=== ERROR while fetching sources for ethernet.3.2.0 ==========================#
OpamSolution.Fetch_fail("https://github.com/mirage/ethernet/releases/download/v3.2.0/ethernet-3.2.0.tbz (Curl failed: \"/usr/bin/curl --write-out %{http_code}\\\\n --retry 3 --retry-delay 2 --user-agent opam/2.2.0~beta3~dev -L -o /home/opam/.opam/4.14/.opam-switch/sources/ethernet.3.2.0/ethernet-3.2.0.tbz.part -- https://github.com/mirage/ethernet/releases/download/v3.2.0/ethernet-3.2.0.tbz\" exited with code 6)")

#=== ERROR while fetching sources for eqaf.0.9 ================================#
OpamSolution.Fetch_fail("https://github.com/mirage/eqaf/releases/download/v0.9/eqaf-0.9.tbz (Curl failed: \"/usr/bin/curl --write-out %{http_code}\\\\n --retry 3 --retry-delay 2 --user-agent opam/2.2.0~beta3~dev -L -o /home/opam/.opam/4.14/.opam-switch/sources/eqaf.0.9/eqaf-0.9.tbz.part -- https://github.com/mirage/eqaf/releases/download/v0.9/eqaf-0.9.tbz\" exited with code 6)")

#=== ERROR while fetching sources for cstruct.6.2.0, cstruct-lwt.6.2.0, cstruct-sexp.6.2.0 and ppx_cstruct.6.2.0 
OpamSolution.Fetch_fail("https://github.com/mirage/ocaml-cstruct/releases/download/v6.2.0/cstruct-6.2.0.tbz (Curl failed: \"/usr/bin/curl --write-out %{http_code}\\\\n --retry 3 --retry-delay 2 --user-agent opam/2.2.0~beta3~dev -L -o /tmp/opam-7-27f41e/cstruct-6.2.0.tbz.part -- https://github.com/mirage/ocaml-cstruct/releases/download/v6.2.0/cstruct-6.2.0.tbz\" exited with code 6)")

#=== ERROR while fetching sources for cmdliner.1.3.0 ==========================#
OpamSolution.Fetch_fail("https://erratique.ch/software/cmdliner/releases/cmdliner-1.3.0.tbz (Curl failed: \"/usr/bin/curl --write-out %{http_code}\\\\n --retry 3 --retry-delay 2 --user-agent opam/2.2.0~beta3~dev -L -o /home/opam/.opam/4.14/.opam-switch/sources/cmdliner.1.3.0/cmdliner-1.3.0.tbz.part -- https://erratique.ch/software/cmdliner/releases/cmdliner-1.3.0.tbz\" exited with code 6)")

#=== ERROR while fetching sources for astring.0.8.5 ===========================#
OpamSolution.Fetch_fail("https://erratique.ch/software/astring/releases/astring-0.8.5.tbz (Curl failed: \"/usr/bin/curl --write-out %{http_code}\\\\n --retry 3 --retry-delay 2 --user-agent opam/2.2.0~beta3~dev -L -o /home/opam/.opam/4.14/.opam-switch/sources/astring.0.8.5/astring-0.8.5.tbz.part -- https://erratique.ch/software/astring/releases/astring-0.8.5.tbz\" exited with code 6)")

#=== ERROR while fetching sources for asn1-combinators.0.2.6 ==================#
OpamSolution.Fetch_fail("https://github.com/mirleft/ocaml-asn1-combinators/releases/download/v0.2.6/asn1-combinators-v0.2.6.tbz (Curl failed: \"/usr/bin/curl --write-out %{http_code}\\\\n --retry 3 --retry-delay 2 --user-agent opam/2.2.0~beta3~dev -L -o /home/opam/.opam/4.14/.opam-switch/sources/asn1-combinators.0.2.6/asn1-combinators-v0.2.6.tbz.part -- https://github.com/mirleft/ocaml-asn1-combinators/releases/download/v0.2.6/asn1-combinators-v0.2.6.tbz\" exited with code 6)")

#=== ERROR while fetching sources for arp.3.1.1 ===============================#
OpamSolution.Fetch_fail("https://github.com/mirage/arp/releases/download/v3.1.1/arp-3.1.1.tbz (Curl failed: \"/usr/bin/curl --write-out %{http_code}\\\\n --retry 3 --retry-delay 2 --user-agent opam/2.2.0~beta3~dev -L -o /home/opam/.opam/4.14/.opam-switch/sources/arp.3.1.1/arp-3.1.1.tbz.part -- https://github.com/mirage/arp/releases/download/v3.1.1/arp-3.1.1.tbz\" exited with code 6)")

#=== ERROR while fetching sources for alcotest.1.6.0 and alcotest-lwt.1.6.0 ===#
OpamSolution.Fetch_fail("https://github.com/mirage/alcotest/releases/download/1.6.0/alcotest-1.6.0.tbz (Curl failed: \"/usr/bin/curl --write-out %{http_code}\\\\n --retry 3 --retry-delay 2 --user-agent opam/2.2.0~beta3~dev -L -o /tmp/opam-7-fb8c71/alcotest-1.6.0.tbz.part -- https://github.com/mirage/alcotest/releases/download/1.6.0/alcotest-1.6.0.tbz\" exited with code 6)")


<><> Error report <><><><><><><><><><><><><><><><><><><><><><><><><><><><><><><>
+- The following actions were aborted
| - remove mirage-protocols 7.0.0
| - remove mirage-stack     3.0.0
+- 
+- The following actions failed
| - fetch alcotest.1.6.0, alcotest-lwt.1.6.0                                                               
| - fetch arp                                                                                              3.1.1
| - fetch asn1-combinators                                                                                 0.2.6
| - fetch astring                                                                                          0.8.5
| - fetch cmdliner                                                                                         1.3.0
| - fetch cstruct.6.2.0, cstruct-lwt.6.2.0, cstruct-sexp.6.2.0, ppx_cstruct.6.2.0                          
| - fetch eqaf                                                                                             0.9
| - fetch ethernet                                                                                         3.2.0
| - fetch fmt                                                                                              0.9.0
| - fetch hkdf                                                                                             1.0.4
| - fetch ke                                                                                               0.6
| - fetch logs                                                                                             0.7.0
| - fetch lru                                                                                              0.3.1
| - fetch lwt-dllist                                                                                       1.0.1
| - fetch macaddr-cstruct                                                                                  5.6.0
| - fetch metrics                                                                                          0.4.1
| - fetch mimic                                                                                            0.0.3
| - fetch mirage-crypto.0.10.7, mirage-crypto-ec.0.10.7, mirage-crypto-pk.0.10.7, mirage-crypto-rng.0.10.7 
| - fetch mirage-flow                                                                                      3.0.0
| - fetch mirage-kv                                                                                        6.1.1
| - fetch mirage-net                                                                                       4.0.0
| - fetch mirage-profile                                                                                   0.9.1
| - fetch mirage-random                                                                                    3.0.0
| - fetch mirage-stack                                                                                     4.0.0
| - fetch mirage-time-unix                                                                                 3.0.0
| - fetch paf                                                                                              0.0.5
| - fetch pbkdf                                                                                            1.2.0
| - fetch randomconv                                                                                       0.1.3
| - fetch re                                                                                               1.11.0
| - fetch stringext                                                                                        1.6.0
| - fetch tcpip                                                                                            7.1.1
| - fetch tls.0.14.1, tls-mirage.0.14.1                                                                    
| - fetch uri                                                                                              4.4.0
| - fetch uutf                                                                                             1.0.3
| - fetch x509                                                                                             0.14.1
+- 
- No changes have been performed
# Run eval $(opam env) to update the current shell environment
'opam reinstall --with-test --verbose paf.0.0.5' failed.
"/usr/bin/env" "bash" "-c" "opam reinstall --with-test --verbose paf.0.0.5;
        res=$?;
        test "$res" != 31 && exit "$res";
        export OPAMCLI=2.0;
        build_dir=$(opam var prefix)/.opam-switch/build;
        failed=$(ls "$build_dir");
        partial_fails="";
        for pkg in $failed; do
          if opam show -f x-ci-accept-failures: "$pkg" | grep -qF "\"debian-12\""; then
            echo "A package failed and has been disabled for CI using the 'x-ci-accept-failures' field.";
          fi;
          test "$pkg" != 'paf.0.0.5' && partial_fails="$partial_fails $pkg";
        done;
        test "${partial_fails}" != "" && echo "opam-repo-ci detected dependencies failing: ${partial_fails}";
        exit 1" failed with exit status 40
2024-06-18 09:12.21: Job failed: Failed: Build failed
2024-06-18 09:12.21: Log analysis:
2024-06-18 09:12.21: >>> 
[ERROR] Sorry, resolution of the request timed out.
 (score = 20)
2024-06-18 09:12.21: >>> 
[ERROR] Failed to get sources of alcotest.1.6.0, alcotest-lwt.1.6.0 (https://github.com/mirage/alcotest/releases/download/1.6.0/alcotest-1.6.0.tbz): Curl failed
 (score = 25)
2024-06-18 09:12.21: >>> 
[ERROR] Failed to get sources of arp.3.1.1: Curl failed
 (score = 25)
2024-06-18 09:12.21: >>> 
[ERROR] Failed to get sources of asn1-combinators.0.2.6: Curl failed
 (score = 25)
2024-06-18 09:12.21: >>> 
[ERROR] Failed to get sources of astring.0.8.5: Curl failed
 (score = 25)
2024-06-18 09:12.21: >>> 
[ERROR] Failed to get sources of cmdliner.1.3.0: Curl failed
 (score = 25)
2024-06-18 09:12.21: >>> 
[ERROR] Failed to get sources of cstruct.6.2.0, cstruct-lwt.6.2.0, cstruct-sexp.6.2.0, ppx_cstruct.6.2.0 (https://github.com/mirage/ocaml-cstruct/releases/download/v6.2.0/cstruct-6.2.0.tbz): Curl failed
 (score = 25)
2024-06-18 09:12.21: >>> 
[ERROR] Failed to get sources of eqaf.0.9: Curl failed
 (score = 25)
2024-06-18 09:12.21: >>> 
[ERROR] Failed to get sources of ethernet.3.2.0: Curl failed
 (score = 25)
2024-06-18 09:12.21: >>> 
[ERROR] Failed to get sources of fmt.0.9.0: Curl failed
 (score = 25)
2024-06-18 09:12.21: >>> 
[ERROR] Failed to get sources of hkdf.1.0.4: Curl failed
 (score = 25)
2024-06-18 09:12.21: >>> 
[ERROR] Failed to get sources of ke.0.6: Curl failed
 (score = 25)
2024-06-18 09:12.21: >>> 
[ERROR] Failed to get sources of logs.0.7.0: Curl failed
 (score = 25)
2024-06-18 09:12.21: >>> 
[ERROR] Failed to get sources of lru.0.3.1: Curl failed
 (score = 25)
2024-06-18 09:12.21: >>> 
[ERROR] Failed to get sources of lwt-dllist.1.0.1: Curl failed
 (score = 25)
2024-06-18 09:12.21: >>> 
[ERROR] Failed to get sources of macaddr-cstruct.5.6.0: Curl failed
 (score = 25)
2024-06-18 09:12.21: >>> 
[ERROR] Failed to get sources of metrics.0.4.1: Curl failed
 (score = 25)
2024-06-18 09:12.21: >>> 
[ERROR] Failed to get sources of mimic.0.0.3: Curl failed
 (score = 25)
2024-06-18 09:12.21: >>> 
[ERROR] Failed to get sources of mirage-crypto.0.10.7, mirage-crypto-ec.0.10.7, mirage-crypto-pk.0.10.7, mirage-crypto-rng.0.10.7 (https://github.com/mirage/mirage-crypto/releases/download/v0.10.7/mirage-crypto-0.10.7.tbz): Curl failed
 (score = 25)
2024-06-18 09:12.21: >>> 
[ERROR] Failed to get sources of mirage-flow.3.0.0: Curl failed
 (score = 25)
2024-06-18 09:12.21: >>> 
[ERROR] Failed to get sources of mirage-net.4.0.0: Curl failed
 (score = 25)
2024-06-18 09:12.21: >>> 
[ERROR] Failed to get sources of mirage-profile.0.9.1: Curl failed
 (score = 25)
2024-06-18 09:12.21: >>> 
[ERROR] Failed to get sources of mirage-random.3.0.0: Curl failed
 (score = 25)
2024-06-18 09:12.21: >>> 
[ERROR] Failed to get sources of mirage-stack.4.0.0: Curl failed
 (score = 25)
2024-06-18 09:12.21: >>> 
[ERROR] Failed to get sources of mirage-time-unix.3.0.0: Curl failed
 (score = 25)
2024-06-18 09:12.21: >>> 
[ERROR] Failed to get sources of paf.0.0.5: Curl failed
 (score = 25)
2024-06-18 09:12.21: >>> 
[ERROR] Failed to get sources of pbkdf.1.2.0: Curl failed
 (score = 25)
2024-06-18 09:12.21: >>> 
[ERROR] Failed to get sources of randomconv.0.1.3: Curl failed
 (score = 25)
2024-06-18 09:12.21: >>> 
[ERROR] Failed to get sources of re.1.11.0: Curl failed
 (score = 25)
2024-06-18 09:12.21: >>> 
[ERROR] Failed to get sources of stringext.1.6.0: Curl failed
 (score = 25)
2024-06-18 09:12.21: >>> 
[ERROR] Failed to get sources of tcpip.7.1.1: Curl failed
 (score = 25)
2024-06-18 09:12.21: >>> 
[ERROR] Failed to get sources of tls.0.14.1, tls-mirage.0.14.1 (https://github.com/mirleft/ocaml-tls/releases/download/v0.14.1/tls-v0.14.1.tbz): Curl failed
 (score = 25)
2024-06-18 09:12.21: >>> 
[ERROR] Failed to get sources of uri.4.4.0: Curl failed
 (score = 25)
2024-06-18 09:12.21: >>> 
[ERROR] Failed to get sources of uutf.1.0.3: Curl failed
 (score = 25)
2024-06-18 09:12.21: >>> 
[ERROR] Failed to get sources of x509.0.14.1: Curl failed
 (score = 25)
2024-06-18 09:12.21: Failed to get sources of alcotest.1.6.0, alcotest-lwt.1.6.0 (https://github.com/mirage/alcotest/releases/download/1.6.0/alcotest-1.6.0.tbz): Curl failed
