2024-05-17 22:11.04: New job: test current_ocluster.0.2 with mirage-runtime.4.5.1, using opam dev
                              from https://github.com/ocaml/opam-repository.git#refs/pull/25901/head (99f315aa7fd3e9dbf1529be6dcd2b900ebf8444b)
                              on debian-12-ocaml-4.14/amd64

To reproduce locally:

cd $(mktemp -d)
git clone --recursive "https://github.com/ocaml/opam-repository.git" && cd "opam-repository" && git fetch origin "refs/pull/25901/head" && git reset --hard 99f315aa
git fetch origin master
git merge --no-edit ec28f29e7d5229f0ae579130c2c129f9b952efb3
cat > ../Dockerfile <<'END-OF-DOCKERFILE'
[34mFROM ocaml/opam:debian-12-ocaml-4.14@sha256:fc1bfce0b28ebac35b8e98d8578b6f1caebd26d88e81c54bf3ec7758885629c8
USER 1000:1000
WORKDIR /home/opam
RUN sudo ln -f /usr/bin/opam-dev /usr/bin/opam
RUN opam init --reinit -ni
RUN uname -rs && opam exec -- ocaml -version && opam --version
ENV OPAMDOWNLOADJOBS="1"
ENV OPAMERRLOGLEN="0"
ENV OPAMSOLVERTIMEOUT="500"
ENV OPAMPRECISETRACKING="1"
ENV CI="true"
ENV OPAM_REPO_CI="true"
RUN rm -rf opam-repository/
COPY --chown=1000:1000 . opam-repository/
RUN opam repository set-url --strict default opam-repository/
RUN opam update --depexts || true
RUN opam pin add -k version -yn mirage-runtime.4.5.1 4.5.1
RUN opam reinstall mirage-runtime.4.5.1; \
    res=$?; \
    test "$res" != 31 && exit "$res"; \
    export OPAMCLI=2.0; \
    build_dir=$(opam var prefix)/.opam-switch/build; \
    failed=$(ls "$build_dir"); \
    partial_fails=""; \
    for pkg in $failed; do \
    if opam show -f x-ci-accept-failures: "$pkg" | grep -qF "\"debian-12\""; then \
    echo "A package failed and has been disabled for CI using the 'x-ci-accept-failures' field."; \
    fi; \
    test "$pkg" != 'mirage-runtime.4.5.1' && partial_fails="$partial_fails $pkg"; \
    done; \
    test "${partial_fails}" != "" && echo "opam-repo-ci detected dependencies failing: ${partial_fails}"; \
    exit 1
RUN opam reinstall current_ocluster.0.2; \
    res=$?; \
    test "$res" != 31 && exit "$res"; \
    export OPAMCLI=2.0; \
    build_dir=$(opam var prefix)/.opam-switch/build; \
    failed=$(ls "$build_dir"); \
    partial_fails=""; \
    for pkg in $failed; do \
    if opam show -f x-ci-accept-failures: "$pkg" | grep -qF "\"debian-12\""; then \
    echo "A package failed and has been disabled for CI using the 'x-ci-accept-failures' field."; \
    fi; \
    test "$pkg" != 'current_ocluster.0.2' && partial_fails="$partial_fails $pkg"; \
    done; \
    test "${partial_fails}" != "" && echo "opam-repo-ci detected dependencies failing: ${partial_fails}"; \
    exit 1
RUN (opam reinstall --with-test current_ocluster.0.2) || true
RUN opam reinstall --with-test --verbose current_ocluster.0.2; \
    res=$?; \
    test "$res" != 31 && exit "$res"; \
    export OPAMCLI=2.0; \
    build_dir=$(opam var prefix)/.opam-switch/build; \
    failed=$(ls "$build_dir"); \
    partial_fails=""; \
    for pkg in $failed; do \
    if opam show -f x-ci-accept-failures: "$pkg" | grep -qF "\"debian-12\""; then \
    echo "A package failed and has been disabled for CI using the 'x-ci-accept-failures' field."; \
    fi; \
    test "$pkg" != 'current_ocluster.0.2' && partial_fails="$partial_fails $pkg"; \
    done; \
    test "${partial_fails}" != "" && echo "opam-repo-ci detected dependencies failing: ${partial_fails}"; \
    exit 1
[0m
END-OF-DOCKERFILE
docker build -f ../Dockerfile .

2024-05-17 22:11.04: Using cache hint "ocaml/opam:debian-12-ocaml-4.14@sha256:fc1bfce0b28ebac35b8e98d8578b6f1caebd26d88e81c54bf3ec7758885629c8-mirage-runtime.4.5.1-current_ocluster.0.2-99f315aa7fd3e9dbf1529be6dcd2b900ebf8444b"
2024-05-17 22:11.04: Using OBuilder spec:
((from ocaml/opam:debian-12-ocaml-4.14@sha256:fc1bfce0b28ebac35b8e98d8578b6f1caebd26d88e81c54bf3ec7758885629c8)
 (user (uid 1000) (gid 1000))
 (workdir /home/opam)
 (run (shell "sudo ln -f /usr/bin/opam-dev /usr/bin/opam"))
 (run (network host)
      (shell "opam init --reinit --config .opamrc-sandbox -ni"))
 (run (shell "uname -rs && opam exec -- ocaml -version && opam --version"))
 (env OPAMDOWNLOADJOBS 1)
 (env OPAMERRLOGLEN 0)
 (env OPAMSOLVERTIMEOUT 500)
 (env OPAMPRECISETRACKING 1)
 (env CI true)
 (env OPAM_REPO_CI true)
 (run (shell "rm -rf opam-repository/"))
 (copy (src .) (dst opam-repository/))
 (run (shell "opam repository set-url --strict default opam-repository/"))
 (run (network host)
      (shell "opam update --depexts || true"))
 (run (shell "opam pin add -k version -yn mirage-runtime.4.5.1 4.5.1"))
 (run (cache (opam-archives (target /home/opam/.opam/download-cache)))
      (network host)
      (shell  "opam reinstall mirage-runtime.4.5.1;\
             \n        res=$?;\
             \n        test \"$res\" != 31 && exit \"$res\";\
             \n        export OPAMCLI=2.0;\
             \n        build_dir=$(opam var prefix)/.opam-switch/build;\
             \n        failed=$(ls \"$build_dir\");\
             \n        partial_fails=\"\";\
             \n        for pkg in $failed; do\
             \n          if opam show -f x-ci-accept-failures: \"$pkg\" | grep -qF \"\\\"debian-12\\\"\"; then\
             \n            echo \"A package failed and has been disabled for CI using the 'x-ci-accept-failures' field.\";\
             \n          fi;\
             \n          test \"$pkg\" != 'mirage-runtime.4.5.1' && partial_fails=\"$partial_fails $pkg\";\
             \n        done;\
             \n        test \"${partial_fails}\" != \"\" && echo \"opam-repo-ci detected dependencies failing: ${partial_fails}\";\
             \n        exit 1"))
 (run (cache (opam-archives (target /home/opam/.opam/download-cache)))
      (network host)
      (shell  "opam reinstall current_ocluster.0.2;\
             \n        res=$?;\
             \n        test \"$res\" != 31 && exit \"$res\";\
             \n        export OPAMCLI=2.0;\
             \n        build_dir=$(opam var prefix)/.opam-switch/build;\
             \n        failed=$(ls \"$build_dir\");\
             \n        partial_fails=\"\";\
             \n        for pkg in $failed; do\
             \n          if opam show -f x-ci-accept-failures: \"$pkg\" | grep -qF \"\\\"debian-12\\\"\"; then\
             \n            echo \"A package failed and has been disabled for CI using the 'x-ci-accept-failures' field.\";\
             \n          fi;\
             \n          test \"$pkg\" != 'current_ocluster.0.2' && partial_fails=\"$partial_fails $pkg\";\
             \n        done;\
             \n        test \"${partial_fails}\" != \"\" && echo \"opam-repo-ci detected dependencies failing: ${partial_fails}\";\
             \n        exit 1"))
 (run (network host)
      (shell "(opam reinstall --with-test current_ocluster.0.2) || true"))
 (run (shell  "opam reinstall --with-test --verbose current_ocluster.0.2;\
             \n        res=$?;\
             \n        test \"$res\" != 31 && exit \"$res\";\
             \n        export OPAMCLI=2.0;\
             \n        build_dir=$(opam var prefix)/.opam-switch/build;\
             \n        failed=$(ls \"$build_dir\");\
             \n        partial_fails=\"\";\
             \n        for pkg in $failed; do\
             \n          if opam show -f x-ci-accept-failures: \"$pkg\" | grep -qF \"\\\"debian-12\\\"\"; then\
             \n            echo \"A package failed and has been disabled for CI using the 'x-ci-accept-failures' field.\";\
             \n          fi;\
             \n          test \"$pkg\" != 'current_ocluster.0.2' && partial_fails=\"$partial_fails $pkg\";\
             \n        done;\
             \n        test \"${partial_fails}\" != \"\" && echo \"opam-repo-ci detected dependencies failing: ${partial_fails}\";\
             \n        exit 1"))
)

2024-05-17 22:11.04: Waiting for resource in pool OCluster
2024-05-17 23:10.58: Connecting to build clusterâ€¦
2024-05-17 23:32.12: Waiting for workerâ€¦
2024-05-17 23:36.01: Got resource from pool OCluster
Building on doris.caelum.ci.dev
All commits already cached
HEAD is now at ec28f29e7d Merge pull request #25898 from mseri/janestreet-v0.17-core-version-bounds
Updating ec28f29e7d..99f315aa7f
Fast-forward
 packages/mirage-runtime/mirage-runtime.4.5.1/opam | 43 ++++++++++++++++
 packages/mirage/mirage.4.5.1/opam                 | 62 +++++++++++++++++++++++
 2 files changed, 105 insertions(+)
 create mode 100644 packages/mirage-runtime/mirage-runtime.4.5.1/opam
 create mode 100644 packages/mirage/mirage.4.5.1/opam

[01;34m(from ocaml/opam:debian-12-ocaml-4.14@sha256:fc1bfce0b28ebac35b8e98d8578b6f1caebd26d88e81c54bf3ec7758885629c8)[0m
Unable to find image 'ocaml/opam:debian-12-ocaml-4.14@sha256:fc1bfce0b28ebac35b8e98d8578b6f1caebd26d88e81c54bf3ec7758885629c8' locally
docker.io/ocaml/opam@sha256:fc1bfce0b28ebac35b8e98d8578b6f1caebd26d88e81c54bf3ec7758885629c8: Pulling from ocaml/opam
da6d9714c296: Pulling fs layer
da6d9714c296: Verifying Checksum
da6d9714c296: Download complete
da6d9714c296: Pull complete
Digest: sha256:fc1bfce0b28ebac35b8e98d8578b6f1caebd26d88e81c54bf3ec7758885629c8
Status: Downloaded newer image for ocaml/opam@sha256:fc1bfce0b28ebac35b8e98d8578b6f1caebd26d88e81c54bf3ec7758885629c8
[01;2m[01;35m2024-05-17 23:36.06 ---> using "8852882e21c6051f77f79eee880029b0646f70046996faa594db535e800a150e" from cache[0m

[01;34m/: (user (uid 1000) (gid 1000))[0m

[01;34m/: (workdir /home/opam)[0m

[01;34m/home/opam: (run (shell "sudo ln -f /usr/bin/opam-dev /usr/bin/opam"))[0m
[01;2m[01;35m2024-05-17 23:36.06 ---> using "bfe916841514f9c781479a0ad6b80c4659ce58820a6f6cae42700801c5299cb0" from cache[0m

[01;34m/home/opam: (run (network host)
                 (shell "opam init --reinit --config .opamrc-sandbox -ni"))[0m
Configuring from /home/opam/.opamrc-sandbox, then /home/opam/.opamrc, and finally from built-in defaults.
Checking for available remotes: rsync and local, git.
  - you won't be able to use mercurial repositories unless you install the hg command on your system.
  - you won't be able to use darcs repositories unless you install the darcs command on your system.

This development version of opam requires an update to the layout of /home/opam/.opam from version 2.0 to version 2.2~beta, which can't be reverted.
You may want to back it up before going further.

Continue? [y/n] y
[NOTE] The 'jobs' option was reset, its value was 31 and its new value will vary according to the current number of cores on your machine. You can restore the fixed value using:
           opam option jobs=31 --global
Format upgrade done.

<><> Updating repositories ><><><><><><><><><><><><><><><><><><><><><><><><><><>
[default] synchronised from file:///home/opam/opam-repository
[01;2m[01;35m2024-05-17 23:36.06 ---> using "8165c3249b97c4d11a9b9605e837e22e3a7493fb673ae0ae7ca2c4cabad68322" from cache[0m

[01;34m/home/opam: (run (shell "uname -rs && opam exec -- ocaml -version && opam --version"))[0m
Linux 5.15.0-106-generic
The OCaml toplevel, version 4.14.2
2.2.0~beta3~dev
[01;2m[01;35m2024-05-17 23:36.06 ---> using "5ad72b177064b9cf7e723ad9399ed9a0190ef04c2841f79663a8e0be8a754d3e" from cache[0m

[01;34m/home/opam: (env OPAMDOWNLOADJOBS 1)[0m

[01;34m/home/opam: (env OPAMERRLOGLEN 0)[0m

[01;34m/home/opam: (env OPAMSOLVERTIMEOUT 500)[0m

[01;34m/home/opam: (env OPAMPRECISETRACKING 1)[0m

[01;34m/home/opam: (env CI true)[0m

[01;34m/home/opam: (env OPAM_REPO_CI true)[0m

[01;34m/home/opam: (run (shell "rm -rf opam-repository/"))[0m
[01;2m[01;35m2024-05-17 23:36.06 ---> using "ca354d5a414cb7aa964526d7324c22a31c7b75e8b46b8cd432fe3252bb13aa17" from cache[0m

[01;34m/home/opam: (copy (src .) (dst opam-repository/))[0m
[01;2m[01;35m2024-05-17 23:36.07 ---> using "79b3b9091bed90f37b4cd11a40bf8c114a1e6b6465450bc98c320af57cdb31c0" from cache[0m

[01;34m/home/opam: (run (shell "opam repository set-url --strict default opam-repository/"))[0m
[default] Initialised
[01;2m[01;35m2024-05-17 23:36.07 ---> using "ccbc7a62c84d447c444d1eee63aa8f207be27e1a430507c721935308c20b7668" from cache[0m

[01;34m/home/opam: (run (network host)
                 (shell "opam update --depexts || true"))[0m
+ /usr/bin/sudo "apt-get" "update"
- Hit:1 http://deb.debian.org/debian bookworm InRelease
- Get:2 http://deb.debian.org/debian bookworm-updates InRelease [55.4 kB]
- Get:3 http://deb.debian.org/debian-security bookworm-security InRelease [48.0 kB]
- Get:4 http://deb.debian.org/debian-security bookworm-security/main amd64 Packages [156 kB]
- Fetched 259 kB in 0s (846 kB/s)
- Reading package lists...
[01;2m[01;35m2024-05-17 23:36.07 ---> using "ff1b1fad62cb02e33a06bdfcc0d6b4e2bf44179f8c7dc48c7d609b90329df16d" from cache[0m

[01;34m/home/opam: (run (shell "opam pin add -k version -yn mirage-runtime.4.5.1 4.5.1"))[0m
mirage-runtime is now pinned to version 4.5.1
[01;2m[01;35m2024-05-17 23:36.07 ---> using "ee23149a7fda6945d44a5f5d03c7363398e9674ea2c163fba83516f50b9f7825" from cache[0m

[01;34m/home/opam: (run (cache (opam-archives (target /home/opam/.opam/download-cache)))
                 (network host)
                 (shell  "opam reinstall mirage-runtime.4.5.1;\
                        \n        res=$?;\
                        \n        test \"$res\" != 31 && exit \"$res\";\
                        \n        export OPAMCLI=2.0;\
                        \n        build_dir=$(opam var prefix)/.opam-switch/build;\
                        \n        failed=$(ls \"$build_dir\");\
                        \n        partial_fails=\"\";\
                        \n        for pkg in $failed; do\
                        \n          if opam show -f x-ci-accept-failures: \"$pkg\" | grep -qF \"\\\"debian-12\\\"\"; then\
                        \n            echo \"A package failed and has been disabled for CI using the 'x-ci-accept-failures' field.\";\
                        \n          fi;\
                        \n          test \"$pkg\" != 'mirage-runtime.4.5.1' && partial_fails=\"$partial_fails $pkg\";\
                        \n        done;\
                        \n        test \"${partial_fails}\" != \"\" && echo \"opam-repo-ci detected dependencies failing: ${partial_fails}\";\
                        \n        exit 1"))[0m
mirage-runtime.4.5.1 is not installed. Install it? [y/n] y
The following actions will be performed:
=== install 16 packages
  - install base-bytes        base           [required by ocplib-endian]
  - install cmdliner          1.2.0          [required by mirage-runtime]
  - install cppo              1.6.9          [required by lwt]
  - install csexp             1.5.2          [required by dune-configurator]
  - install domain-name       0.4.0          [required by ipaddr]
  - install dune              3.15.2         [required by mirage-runtime]
  - install dune-configurator 3.15.2         [required by lwt]
  - install ipaddr            5.5.0          [required by mirage-runtime]
  - install logs              0.7.0          [required by mirage-runtime]
  - install lwt               5.7.0          [required by mirage-runtime]
  - install macaddr           5.5.0          [required by ipaddr]
  - install mirage-runtime    4.5.1 (pinned)
  - install ocamlbuild        0.14.3         [required by logs]
  - install ocamlfind         1.9.6          [required by logs]
  - install ocplib-endian     1.2            [required by lwt]
  - install topkg             1.0.7          [required by logs]

<><> Processing actions <><><><><><><><><><><><><><><><><><><><><><><><><><><><>
-> retrieved cmdliner.1.2.0  (cached)
-> retrieved cppo.1.6.9  (cached)
-> retrieved csexp.1.5.2  (cached)
-> retrieved domain-name.0.4.0  (cached)
-> retrieved dune.3.15.2, dune-configurator.3.15.2  (cached)
-> retrieved ipaddr.5.5.0, macaddr.5.5.0  (cached)
-> retrieved logs.0.7.0  (cached)
-> retrieved lwt.5.7.0  (cached)
-> retrieved mirage-runtime.4.5.1  (cached)
-> installed cmdliner.1.2.0
-> retrieved ocamlbuild.0.14.3  (cached)
-> retrieved ocamlfind.1.9.6  (cached)
-> retrieved ocplib-endian.1.2  (cached)
-> retrieved topkg.1.0.7  (cached)
-> installed ocamlfind.1.9.6
-> installed base-bytes.base
-> installed ocamlbuild.0.14.3
-> installed topkg.1.0.7
-> installed dune.3.15.2
-> installed csexp.1.5.2
-> installed cppo.1.6.9
-> installed domain-name.0.4.0
-> installed macaddr.5.5.0
-> installed ocplib-endian.1.2
-> installed ipaddr.5.5.0
-> installed dune-configurator.3.15.2
-> installed lwt.5.7.0
-> installed logs.0.7.0
-> installed mirage-runtime.4.5.1
Done.
# Run eval $(opam env) to update the current shell environment
[01;2m[01;35m2024-05-17 23:36.33 ---> saved as "51f0fead169355eac45edc26e7ed757801249626881fbf7abbee14cfc96ef676"[0m

[01;34m/home/opam: (run (cache (opam-archives (target /home/opam/.opam/download-cache)))
                 (network host)
                 (shell  "opam reinstall current_ocluster.0.2;\
                        \n        res=$?;\
                        \n        test \"$res\" != 31 && exit \"$res\";\
                        \n        export OPAMCLI=2.0;\
                        \n        build_dir=$(opam var prefix)/.opam-switch/build;\
                        \n        failed=$(ls \"$build_dir\");\
                        \n        partial_fails=\"\";\
                        \n        for pkg in $failed; do\
                        \n          if opam show -f x-ci-accept-failures: \"$pkg\" | grep -qF \"\\\"debian-12\\\"\"; then\
                        \n            echo \"A package failed and has been disabled for CI using the 'x-ci-accept-failures' field.\";\
                        \n          fi;\
                        \n          test \"$pkg\" != 'current_ocluster.0.2' && partial_fails=\"$partial_fails $pkg\";\
                        \n        done;\
                        \n        test \"${partial_fails}\" != \"\" && echo \"opam-repo-ci detected dependencies failing: ${partial_fails}\";\
                        \n        exit 1"))[0m
current_ocluster.0.2 is not installed. Install it? [y/n] y
The following actions will be performed:
=== recompile 3 packages
  - recompile logs                  0.7.0          [uses lwt]
  - recompile lwt                   5.7.0          [uses conf-libev]
  - recompile mirage-runtime        4.5.1 (pinned) [uses lwt]
=== install 83 packages
  - install   angstrom              0.16.0         [required by uri]
  - install   asetmap               0.8.1          [required by capnp-rpc-net]
  - install   asn1-combinators      0.2.6          [required by capnp-rpc-net]
  - install   astring               0.8.5          [required by current, capnp-rpc-unix, current_git]
  - install   base                  v0.16.3        [required by capnp]
  - install   base64                3.5.1          [required by capnp-rpc-unix]
  - install   bigarray-compat       1.1.0          [required by ctypes]
  - install   bigstringaf           0.9.1          [required by angstrom]
  - install   bos                   0.2.1          [required by current, current_git]
  - install   capnp                 3.6.0          [required by capnp-rpc-net]
  - install   capnp-rpc             1.2.3          [required by capnp-rpc-net]
  - install   capnp-rpc-lwt         1.2.3          [required by ocluster-api]
  - install   capnp-rpc-net         1.2.3          [required by capnp-rpc-unix]
  - install   capnp-rpc-unix        1.2.3          [required by current_ocluster]
  - install   cf                    0.5.0          [required by cf-lwt]
  - install   cf-lwt                0.5.0          [required by irmin-watcher]
  - install   conf-bash             1              [required by base]
  - install   conf-capnproto        2              [required by capnp-rpc-net]
  - install   conf-git              1.1            [required by current_git]
  - install   conf-gmp              4              [required by zarith]
  - install   conf-gmp-powm-sec     3              [required by mirage-crypto-pk]
  - install   conf-libev            4-12           [required by current]
  - install   conf-libffi           2.0.0          [required by ctypes-foreign]
  - install   conf-pkg-config       3              [required by conf-sqlite3]
  - install   conf-sqlite3          1              [required by sqlite3]
  - install   cstruct               6.2.0          [required by current_git]
  - install   cstruct-lwt           6.2.0          [required by capnp-rpc-unix]
  - install   ctypes                0.22.0         [required by cf, fsevents]
  - install   ctypes-foreign        0.22.0         [required by cf]
  - install   current               0.6.6          [required by current_ocluster]
  - install   current_git           0.6.6          [required by current_ocluster]
  - install   current_incr          0.6.1          [required by current]
  - install   current_ocluster      0.2
  - install   duration              0.2.1          [required by current_ocluster]
  - install   eqaf                  0.9            [required by mirage-crypto]
  - install   extunix               0.4.1          [required by capnp-rpc-unix]
  - install   fmt                   0.9.0          [required by current_ocluster]
  - install   fpath                 0.7.3          [required by current, current_git]
  - install   fsevents              0.3.0          [required by fsevents-lwt]
  - install   fsevents-lwt          0.3.0          [required by irmin-watcher]
  - install   gmap                  0.3.0          [required by x509]
  - install   hkdf                  1.0.4          [required by tls]
  - install   inotify               2.5            [required by irmin-watcher]
  - install   integers              0.7.0          [required by ctypes]
  - install   irmin-watcher         0.5.0          [required by current_git]
  - install   lwt-dllist            1.0.1          [required by current]
  - install   mirage-clock          4.2.0          [required by tls-mirage]
  - install   mirage-crypto         0.11.3         [required by current_git]
  - install   mirage-crypto-ec      0.11.3         [required by tls]
  - install   mirage-crypto-pk      0.11.3         [required by tls, tls-mirage]
  - install   mirage-crypto-rng     0.11.3         [required by capnp-rpc-net, mirage-crypto-rng-lwt]
  - install   mirage-crypto-rng-lwt 0.11.3         [required by capnp-rpc-unix]
  - install   mirage-flow           3.0.0          [required by capnp-rpc-unix]
  - install   mirage-kv             6.1.1          [required by tls-mirage]
  - install   mtime                 2.0.0          [required by mirage-crypto-rng-lwt]
  - install   ocaml-compiler-libs   v0.12.4        [required by ppxlib]
  - install   ocaml-syntax-shims    1.0.0          [required by angstrom]
  - install   ocluster-api          0.2            [required by current_ocluster]
  - install   optint                0.3.0          [required by mirage-kv]
  - install   pbkdf                 1.2.0          [required by x509]
  - install   ppx_derivers          1.2.1          [required by ppx_deriving]
  - install   ppx_deriving          5.2.1          [required by current_ocluster]
  - install   ppx_deriving_yojson   3.7.0          [required by current_ocluster]
  - install   ppxlib                0.32.1         [required by ppx_deriving, extunix, ppx_deriving_yojson]
  - install   prometheus            1.2            [required by current_ocluster]
  - install   ptime                 1.1.0          [required by capnp-rpc-net]
  - install   re                    1.11.0         [required by current]
  - install   res                   5.0.1          [required by capnp]
  - install   result                1.5            [required by current, current_git]
  - install   rresult               0.7.0          [required by bos]
  - install   seq                   base           [required by yojson]
  - install   sexplib0              v0.16.0        [required by ppxlib]
  - install   sqlite3               5.1.0          [required by current]
  - install   stdint                0.7.2          [required by capnp-rpc, capnp, capnp-rpc-lwt]
  - install   stdio                 v0.16.0        [required by capnp]
  - install   stdlib-shims          0.3.0          [required by ppxlib]
  - install   stringext             1.6.0          [required by uri]
  - install   tls                   0.17.3         [required by capnp-rpc-net]
  - install   tls-mirage            0.17.3         [required by capnp-rpc-net]
  - install   uri                   4.4.0          [required by capnp-rpc-net]
  - install   x509                  0.16.5         [required by capnp-rpc-net]
  - install   yojson                2.1.2          [required by current_git]
  - install   zarith                1.13           [required by asn1-combinators]

The following system packages will first need to be installed:
    capnproto libcapnp-dev libev-dev libffi-dev libgmp-dev libsqlite3-dev pkg-config

<><> Handling external dependencies <><><><><><><><><><><><><><><><><><><><><><>

opam believes some required external dependencies are missing. opam can:
> 1. Run apt-get to install them (may need root/sudo access)
  2. Display the recommended apt-get command and wait while you run it manually (e.g. in another terminal)
  3. Continue anyway, and, upon success, permanently register that this external dependency is present, but not detectable
  4. Abort the installation

[1/2/3/4] 1

+ /usr/bin/sudo "apt-get" "install" "-qq" "-yy" "capnproto" "libcapnp-dev" "libev-dev" "libffi-dev" "libgmp-dev" "libsqlite3-dev" "pkg-config"
- debconf: delaying package configuration, since apt-utils is not installed
- Selecting previously unselected package libcapnp-0.9.2:amd64.
- (Reading database ... (Reading database ... 5%(Reading database ... 10%(Reading database ... 15%(Reading database ... 20%(Reading database ... 25%(Reading database ... 30%(Reading database ... 35%(Reading database ... 40%(Reading database ... 45%(Reading database ... 50%(Reading database ... 55%(Reading database ... 60%(Reading database ... 65%(Reading database ... 70%(Reading database ... 75%(Reading database ... 80%(Reading database ... 85%(Reading database ... 90%(Reading database ... 95%(Reading database ... 100%(Reading database ... 18735 files and directories currently installed.)
- Preparing to unpack .../00-libcapnp-0.9.2_0.9.2-2_amd64.deb ...
- Unpacking libcapnp-0.9.2:amd64 (0.9.2-2) ...
- Selecting previously unselected package capnproto.
- Preparing to unpack .../01-capnproto_0.9.2-2_amd64.deb ...
- Unpacking capnproto (0.9.2-2) ...
- Selecting previously unselected package libssl-dev:amd64.
- Preparing to unpack .../02-libssl-dev_3.0.11-1~deb12u2_amd64.deb ...
- Unpacking libssl-dev:amd64 (3.0.11-1~deb12u2) ...
- Selecting previously unselected package libcapnp-dev:amd64.
- Preparing to unpack .../03-libcapnp-dev_0.9.2-2_amd64.deb ...
- Unpacking libcapnp-dev:amd64 (0.9.2-2) ...
- Selecting previously unselected package libev4:amd64.
- Preparing to unpack .../04-libev4_1%3a4.33-1_amd64.deb ...
- Unpacking libev4:amd64 (1:4.33-1) ...
- Selecting previously unselected package libev-dev:amd64.
- Preparing to unpack .../05-libev-dev_1%3a4.33-1_amd64.deb ...
- Unpacking libev-dev:amd64 (1:4.33-1) ...
- Selecting previously unselected package libffi-dev:amd64.
- Preparing to unpack .../06-libffi-dev_3.4.4-1_amd64.deb ...
- Unpacking libffi-dev:amd64 (3.4.4-1) ...
- Selecting previously unselected package libgmpxx4ldbl:amd64.
- Preparing to unpack .../07-libgmpxx4ldbl_2%3a6.2.1+dfsg1-1.1_amd64.deb ...
- Unpacking libgmpxx4ldbl:amd64 (2:6.2.1+dfsg1-1.1) ...
- Selecting previously unselected package libgmp-dev:amd64.
- Preparing to unpack .../08-libgmp-dev_2%3a6.2.1+dfsg1-1.1_amd64.deb ...
- Unpacking libgmp-dev:amd64 (2:6.2.1+dfsg1-1.1) ...
- Selecting previously unselected package libpkgconf3:amd64.
- Preparing to unpack .../09-libpkgconf3_1.8.1-1_amd64.deb ...
- Unpacking libpkgconf3:amd64 (1.8.1-1) ...
- Selecting previously unselected package libsqlite3-dev:amd64.
- Preparing to unpack .../10-libsqlite3-dev_3.40.1-2_amd64.deb ...
- Unpacking libsqlite3-dev:amd64 (3.40.1-2) ...
- Selecting previously unselected package pkgconf-bin.
- Preparing to unpack .../11-pkgconf-bin_1.8.1-1_amd64.deb ...
- Unpacking pkgconf-bin (1.8.1-1) ...
- Selecting previously unselected package pkgconf:amd64.
- Preparing to unpack .../12-pkgconf_1.8.1-1_amd64.deb ...
- Unpacking pkgconf:amd64 (1.8.1-1) ...
- Selecting previously unselected package pkg-config:amd64.
- Preparing to unpack .../13-pkg-config_1.8.1-1_amd64.deb ...
- Unpacking pkg-config:amd64 (1.8.1-1) ...
- Setting up libev4:amd64 (1:4.33-1) ...
- Setting up libffi-dev:amd64 (3.4.4-1) ...
- Setting up libpkgconf3:amd64 (1.8.1-1) ...
- Setting up libgmpxx4ldbl:amd64 (2:6.2.1+dfsg1-1.1) ...
- Setting up libsqlite3-dev:amd64 (3.40.1-2) ...
- Setting up libssl-dev:amd64 (3.0.11-1~deb12u2) ...
- Setting up pkgconf-bin (1.8.1-1) ...
- Setting up libcapnp-0.9.2:amd64 (0.9.2-2) ...
- Setting up libev-dev:amd64 (1:4.33-1) ...
- Setting up libcapnp-dev:amd64 (0.9.2-2) ...
- Setting up libgmp-dev:amd64 (2:6.2.1+dfsg1-1.1) ...
- Setting up pkgconf:amd64 (1.8.1-1) ...
- Setting up capnproto (0.9.2-2) ...
- Setting up pkg-config:amd64 (1.8.1-1) ...
- Processing triggers for libc-bin (2.36-9+deb12u7) ...

<><> Processing actions <><><><><><><><><><><><><><><><><><><><><><><><><><><><>
-> retrieved angstrom.0.16.0  (cached)
-> retrieved asetmap.0.8.1  (cached)
-> retrieved asn1-combinators.0.2.6  (cached)
-> retrieved astring.0.8.5  (cached)
-> retrieved base.v0.16.3  (cached)
-> retrieved base64.3.5.1  (cached)
-> retrieved bigarray-compat.1.1.0  (cached)
-> retrieved bigstringaf.0.9.1  (cached)
-> retrieved bos.0.2.1  (cached)
-> retrieved capnp.3.6.0  (cached)
-> retrieved capnp-rpc.1.2.3, capnp-rpc-lwt.1.2.3, capnp-rpc-net.1.2.3, capnp-rpc-unix.1.2.3  (cached)
-> retrieved cf.0.5.0, cf-lwt.0.5.0  (cached)
-> retrieved cstruct.6.2.0, cstruct-lwt.6.2.0  (cached)
-> retrieved ctypes.0.22.0, ctypes-foreign.0.22.0  (cached)
-> retrieved current.0.6.6, current_git.0.6.6  (cached)
-> retrieved current_incr.0.6.1  (cached)
-> retrieved current_ocluster.0.2, ocluster-api.0.2  (cached)
-> retrieved duration.0.2.1  (cached)
-> retrieved eqaf.0.9  (cached)
-> retrieved extunix.0.4.1  (cached)
-> retrieved fmt.0.9.0  (cached)
-> retrieved fpath.0.7.3  (cached)
-> retrieved fsevents.0.3.0, fsevents-lwt.0.3.0  (cached)
-> retrieved gmap.0.3.0  (cached)
-> retrieved hkdf.1.0.4  (cached)
-> retrieved inotify.2.5  (cached)
-> retrieved integers.0.7.0  (cached)
-> retrieved irmin-watcher.0.5.0  (cached)
-> retrieved logs.0.7.0  (cached)
-> retrieved lwt.5.7.0  (cached)
-> retrieved lwt-dllist.1.0.1  (cached)
-> retrieved mirage-clock.4.2.0  (cached)
-> installed base64.3.5.1
-> installed bigarray-compat.1.1.0
-> installed asetmap.0.8.1
-> retrieved mirage-crypto.0.11.3, mirage-crypto-ec.0.11.3, mirage-crypto-pk.0.11.3, mirage-crypto-rng.0.11.3, mirage-crypto-rng-lwt.0.11.3  (cached)
-> installed bigstringaf.0.9.1
-> installed conf-gmp.4
-> installed conf-pkg-config.3
-> installed duration.0.2.1
-> installed conf-bash.1
-> installed conf-git.1.1
-> retrieved mirage-flow.3.0.0  (cached)
-> retrieved mirage-kv.6.1.1  (cached)
-> retrieved mtime.2.0.0  (cached)
-> retrieved ocaml-compiler-libs.v0.12.4  (cached)
-> retrieved ocaml-syntax-shims.1.0.0  (cached)
-> retrieved optint.0.3.0  (cached)
-> retrieved pbkdf.1.2.0  (cached)
-> retrieved ppx_derivers.1.2.1  (cached)
-> retrieved ppx_deriving.5.2.1  (cached)
-> retrieved ppx_deriving_yojson.3.7.0  (cached)
-> retrieved ppxlib.0.32.1  (cached)
-> retrieved prometheus.1.2  (cached)
-> installed conf-capnproto.2
-> retrieved ptime.1.1.0  (cached)
-> retrieved re.1.11.0  (cached)
-> retrieved res.5.0.1  (cached)
-> retrieved result.1.5  (cached)
-> retrieved rresult.0.7.0  (cached)
-> installed seq.base
-> retrieved sexplib0.v0.16.0  (cached)
-> retrieved sqlite3.5.1.0  (cached)
-> retrieved stdint.0.7.2  (cached)
-> retrieved stdio.v0.16.0  (cached)
-> retrieved stdlib-shims.0.3.0  (cached)
-> retrieved stringext.1.6.0  (cached)
-> retrieved tls.0.17.3, tls-mirage.0.17.3  (cached)
-> retrieved uri.4.4.0  (cached)
-> retrieved x509.0.16.5  (cached)
-> retrieved yojson.2.1.2  (cached)
-> installed astring.0.8.5
-> installed conf-libev.4-12
-> installed current_incr.0.6.1
-> installed lwt-dllist.1.0.1
-> installed conf-gmp-powm-sec.3
-> retrieved zarith.1.13  (cached)
-> installed conf-sqlite3.1
-> removed   mirage-runtime.4.5.1
-> removed   logs.0.7.0
-> removed   lwt.5.7.0
-> installed fmt.0.9.0
-> installed gmap.0.3.0
-> installed conf-libffi.2.0.0
-> installed mirage-clock.4.2.0
-> installed optint.0.3.0
-> installed ocaml-syntax-shims.1.0.0
-> installed ocaml-compiler-libs.v0.12.4
-> installed mtime.2.0.0
-> installed ppx_derivers.1.2.1
-> installed stringext.1.6.0
-> installed stdlib-shims.0.3.0
-> installed rresult.0.7.0
-> installed cstruct.6.2.0
-> installed res.5.0.1
-> installed result.1.5
-> installed angstrom.0.16.0
-> installed stdint.0.7.2
-> installed fpath.0.7.3
-> installed sexplib0.v0.16.0
-> installed yojson.2.1.2
-> installed ptime.1.1.0
-> installed sqlite3.5.1.0
-> installed re.1.11.0
-> installed integers.0.7.0
-> installed eqaf.0.9
-> installed uri.4.4.0
-> installed zarith.1.13
-> installed lwt.5.7.0
-> installed mirage-crypto.0.11.3
-> installed base.v0.16.3
-> installed mirage-flow.3.0.0
-> installed hkdf.1.0.4
-> installed mirage-kv.6.1.1
-> installed pbkdf.1.2.0
-> installed cstruct-lwt.6.2.0
-> installed prometheus.1.2
-> installed stdio.v0.16.0
-> installed asn1-combinators.0.2.6
-> installed inotify.2.5
-> installed ctypes.0.22.0
-> installed logs.0.7.0
-> installed mirage-runtime.4.5.1
-> installed mirage-crypto-rng.0.11.3
-> installed capnp-rpc.1.2.3
-> installed mirage-crypto-rng-lwt.0.11.3
-> installed mirage-crypto-pk.0.11.3
-> installed ctypes-foreign.0.22.0
-> installed bos.0.2.1
-> installed cf.0.5.0
-> installed fsevents.0.3.0
-> installed capnp.3.6.0
-> installed cf-lwt.0.5.0
-> installed fsevents-lwt.0.3.0
-> installed ppxlib.0.32.1
-> installed irmin-watcher.0.5.0
-> installed mirage-crypto-ec.0.11.3
-> installed capnp-rpc-lwt.1.2.3
-> installed x509.0.16.5
-> installed ppx_deriving.5.2.1
-> installed tls.0.17.3
-> installed tls-mirage.0.17.3
-> installed ppx_deriving_yojson.3.7.0
-> installed capnp-rpc-net.1.2.3
-> installed current.0.6.6
-> installed extunix.0.4.1
-> installed current_git.0.6.6
-> installed capnp-rpc-unix.1.2.3
-> installed ocluster-api.0.2
-> installed current_ocluster.0.2
Done.
# Run eval $(opam env) to update the current shell environment
[01;2m[01;35m2024-05-17 23:37.45 ---> saved as "2bc7de9e4dc649c7b3e8148c90521716312451487f09569c37909431d9e92b72"[0m

[01;34m/home/opam: (run (network host)
                 (shell "(opam reinstall --with-test current_ocluster.0.2) || true"))[0m
[ERROR] Sorry, resolution of the request timed out.
        Try to specify a more precise request, use a different solver, or increase the allowed time by setting OPAMSOLVERTIMEOUT to a bigger value (currently, it is set to 500.0 seconds).
[01;2m[01;35m2024-05-17 23:46.16 ---> saved as "f8e13aa56710bc9cdc9a27c8231376ac70734ee588e88a054df74cb3d7f61ff9"[0m

[01;34m/home/opam: (run (shell  "opam reinstall --with-test --verbose current_ocluster.0.2;\
                        \n        res=$?;\
                        \n        test \"$res\" != 31 && exit \"$res\";\
                        \n        export OPAMCLI=2.0;\
                        \n        build_dir=$(opam var prefix)/.opam-switch/build;\
                        \n        failed=$(ls \"$build_dir\");\
                        \n        partial_fails=\"\";\
                        \n        for pkg in $failed; do\
                        \n          if opam show -f x-ci-accept-failures: \"$pkg\" | grep -qF \"\\\"debian-12\\\"\"; then\
                        \n            echo \"A package failed and has been disabled for CI using the 'x-ci-accept-failures' field.\";\
                        \n          fi;\
                        \n          test \"$pkg\" != 'current_ocluster.0.2' && partial_fails=\"$partial_fails $pkg\";\
                        \n        done;\
                        \n        test \"${partial_fails}\" != \"\" && echo \"opam-repo-ci detected dependencies failing: ${partial_fails}\";\
                        \n        exit 1"))[0m
[ERROR] Sorry, resolution of the request timed out.
        Try to specify a more precise request, use a different solver, or increase the allowed time by setting OPAMSOLVERTIMEOUT to a bigger value (currently, it is set to 500.0 seconds).
'opam reinstall --with-test --verbose current_ocluster.0.2' failed.
"/usr/bin/env" "bash" "-c" "opam reinstall --with-test --verbose current_ocluster.0.2;
        res=$?;
        test "$res" != 31 && exit "$res";
        export OPAMCLI=2.0;
        build_dir=$(opam var prefix)/.opam-switch/build;
        failed=$(ls "$build_dir");
        partial_fails="";
        for pkg in $failed; do
          if opam show -f x-ci-accept-failures: "$pkg" | grep -qF "\"debian-12\""; then
            echo "A package failed and has been disabled for CI using the 'x-ci-accept-failures' field.";
          fi;
          test "$pkg" != 'current_ocluster.0.2' && partial_fails="$partial_fails $pkg";
        done;
        test "${partial_fails}" != "" && echo "opam-repo-ci detected dependencies failing: ${partial_fails}";
        exit 1" failed with exit status 60
2024-05-17 23:55.22: Job failed: Failed: Build failed
2024-05-17 23:55.22: Log analysis:
2024-05-17 23:55.22: >>> 
[ERROR] Sorry, resolution of the request timed out.
 (score = 20)
2024-05-17 23:55.22: >>> 
[ERROR] Sorry, resolution of the request timed out.
 (score = 20)
2024-05-17 23:55.22: Sorry, resolution of the request timed out.
