2024-06-12 15:55.30: New job: test hyper.1.0.0~alpha1 with conf-libssl.1, using opam dev
                              from https://github.com/ocaml/opam-repository.git#refs/pull/26072/head (d98cdb215cb53a93d916ca5463eaeb80a8b4ea10)
                              on debian-12-ocaml-4.14/amd64

To reproduce locally:

cd $(mktemp -d)
git clone --recursive "https://github.com/ocaml/opam-repository.git" && cd "opam-repository" && git fetch origin "refs/pull/26072/head" && git reset --hard d98cdb21
git fetch origin master
git merge --no-edit d3c97597730a6734599d4256874cf4086dcd8b59
cat > ../Dockerfile <<'END-OF-DOCKERFILE'
[34mFROM ocaml/opam:debian-12-ocaml-4.14@sha256:68ecefb12259af7ac8f85f40002bb77c47ee641474979fd6a320ed7bf1222c7c
USER 1000:1000
WORKDIR /home/opam
RUN sudo ln -f /usr/bin/opam-dev /usr/bin/opam
RUN opam init --reinit -ni
RUN uname -rs && opam exec -- ocaml -version && opam --version
ENV OPAMDOWNLOADJOBS="1"
ENV OPAMERRLOGLEN="0"
ENV OPAMSOLVERTIMEOUT="500"
ENV OPAMPRECISETRACKING="1"
ENV CI="true"
ENV OPAM_REPO_CI="true"
RUN rm -rf opam-repository/
COPY --chown=1000:1000 . opam-repository/
RUN opam repository set-url --strict default opam-repository/
RUN opam update --depexts || true
RUN opam pin add -k version -yn conf-libssl.1 1
RUN opam reinstall conf-libssl.1; \
    res=$?; \
    test "$res" != 31 && exit "$res"; \
    export OPAMCLI=2.0; \
    build_dir=$(opam var prefix)/.opam-switch/build; \
    failed=$(ls "$build_dir"); \
    partial_fails=""; \
    for pkg in $failed; do \
    if opam show -f x-ci-accept-failures: "$pkg" | grep -qF "\"debian-12\""; then \
    echo "A package failed and has been disabled for CI using the 'x-ci-accept-failures' field."; \
    fi; \
    test "$pkg" != 'conf-libssl.1' && partial_fails="$partial_fails $pkg"; \
    done; \
    test "${partial_fails}" != "" && echo "opam-repo-ci detected dependencies failing: ${partial_fails}"; \
    exit 1
RUN opam reinstall hyper.1.0.0~alpha1; \
    res=$?; \
    test "$res" != 31 && exit "$res"; \
    export OPAMCLI=2.0; \
    build_dir=$(opam var prefix)/.opam-switch/build; \
    failed=$(ls "$build_dir"); \
    partial_fails=""; \
    for pkg in $failed; do \
    if opam show -f x-ci-accept-failures: "$pkg" | grep -qF "\"debian-12\""; then \
    echo "A package failed and has been disabled for CI using the 'x-ci-accept-failures' field."; \
    fi; \
    test "$pkg" != 'hyper.1.0.0~alpha1' && partial_fails="$partial_fails $pkg"; \
    done; \
    test "${partial_fails}" != "" && echo "opam-repo-ci detected dependencies failing: ${partial_fails}"; \
    exit 1
RUN (opam reinstall --with-test hyper.1.0.0~alpha1) || true
RUN opam reinstall --with-test --verbose hyper.1.0.0~alpha1; \
    res=$?; \
    test "$res" != 31 && exit "$res"; \
    export OPAMCLI=2.0; \
    build_dir=$(opam var prefix)/.opam-switch/build; \
    failed=$(ls "$build_dir"); \
    partial_fails=""; \
    for pkg in $failed; do \
    if opam show -f x-ci-accept-failures: "$pkg" | grep -qF "\"debian-12\""; then \
    echo "A package failed and has been disabled for CI using the 'x-ci-accept-failures' field."; \
    fi; \
    test "$pkg" != 'hyper.1.0.0~alpha1' && partial_fails="$partial_fails $pkg"; \
    done; \
    test "${partial_fails}" != "" && echo "opam-repo-ci detected dependencies failing: ${partial_fails}"; \
    exit 1
[0m
END-OF-DOCKERFILE
docker build -f ../Dockerfile .

2024-06-12 15:55.30: Using cache hint "ocaml/opam:debian-12-ocaml-4.14@sha256:68ecefb12259af7ac8f85f40002bb77c47ee641474979fd6a320ed7bf1222c7c-conf-libssl.1-hyper.1.0.0~alpha1-d98cdb215cb53a93d916ca5463eaeb80a8b4ea10"
2024-06-12 15:55.30: Using OBuilder spec:
((from ocaml/opam:debian-12-ocaml-4.14@sha256:68ecefb12259af7ac8f85f40002bb77c47ee641474979fd6a320ed7bf1222c7c)
 (user (uid 1000) (gid 1000))
 (workdir /home/opam)
 (run (shell "sudo ln -f /usr/bin/opam-dev /usr/bin/opam"))
 (run (network host)
      (shell "opam init --reinit --config .opamrc-sandbox -ni"))
 (run (shell "uname -rs && opam exec -- ocaml -version && opam --version"))
 (env OPAMDOWNLOADJOBS 1)
 (env OPAMERRLOGLEN 0)
 (env OPAMSOLVERTIMEOUT 500)
 (env OPAMPRECISETRACKING 1)
 (env CI true)
 (env OPAM_REPO_CI true)
 (run (shell "rm -rf opam-repository/"))
 (copy (src .) (dst opam-repository/))
 (run (shell "opam repository set-url --strict default opam-repository/"))
 (run (network host)
      (shell "opam update --depexts || true"))
 (run (shell "opam pin add -k version -yn conf-libssl.1 1"))
 (run (cache (opam-archives (target /home/opam/.opam/download-cache)))
      (network host)
      (shell  "opam reinstall conf-libssl.1;\
             \n        res=$?;\
             \n        test \"$res\" != 31 && exit \"$res\";\
             \n        export OPAMCLI=2.0;\
             \n        build_dir=$(opam var prefix)/.opam-switch/build;\
             \n        failed=$(ls \"$build_dir\");\
             \n        partial_fails=\"\";\
             \n        for pkg in $failed; do\
             \n          if opam show -f x-ci-accept-failures: \"$pkg\" | grep -qF \"\\\"debian-12\\\"\"; then\
             \n            echo \"A package failed and has been disabled for CI using the 'x-ci-accept-failures' field.\";\
             \n          fi;\
             \n          test \"$pkg\" != 'conf-libssl.1' && partial_fails=\"$partial_fails $pkg\";\
             \n        done;\
             \n        test \"${partial_fails}\" != \"\" && echo \"opam-repo-ci detected dependencies failing: ${partial_fails}\";\
             \n        exit 1"))
 (run (cache (opam-archives (target /home/opam/.opam/download-cache)))
      (network host)
      (shell  "opam reinstall hyper.1.0.0~alpha1;\
             \n        res=$?;\
             \n        test \"$res\" != 31 && exit \"$res\";\
             \n        export OPAMCLI=2.0;\
             \n        build_dir=$(opam var prefix)/.opam-switch/build;\
             \n        failed=$(ls \"$build_dir\");\
             \n        partial_fails=\"\";\
             \n        for pkg in $failed; do\
             \n          if opam show -f x-ci-accept-failures: \"$pkg\" | grep -qF \"\\\"debian-12\\\"\"; then\
             \n            echo \"A package failed and has been disabled for CI using the 'x-ci-accept-failures' field.\";\
             \n          fi;\
             \n          test \"$pkg\" != 'hyper.1.0.0~alpha1' && partial_fails=\"$partial_fails $pkg\";\
             \n        done;\
             \n        test \"${partial_fails}\" != \"\" && echo \"opam-repo-ci detected dependencies failing: ${partial_fails}\";\
             \n        exit 1"))
 (run (network host)
      (shell "(opam reinstall --with-test hyper.1.0.0~alpha1) || true"))
 (run (shell  "opam reinstall --with-test --verbose hyper.1.0.0~alpha1;\
             \n        res=$?;\
             \n        test \"$res\" != 31 && exit \"$res\";\
             \n        export OPAMCLI=2.0;\
             \n        build_dir=$(opam var prefix)/.opam-switch/build;\
             \n        failed=$(ls \"$build_dir\");\
             \n        partial_fails=\"\";\
             \n        for pkg in $failed; do\
             \n          if opam show -f x-ci-accept-failures: \"$pkg\" | grep -qF \"\\\"debian-12\\\"\"; then\
             \n            echo \"A package failed and has been disabled for CI using the 'x-ci-accept-failures' field.\";\
             \n          fi;\
             \n          test \"$pkg\" != 'hyper.1.0.0~alpha1' && partial_fails=\"$partial_fails $pkg\";\
             \n        done;\
             \n        test \"${partial_fails}\" != \"\" && echo \"opam-repo-ci detected dependencies failing: ${partial_fails}\";\
             \n        exit 1"))
)

2024-06-12 15:55.30: Waiting for resource in pool OCluster
2024-06-12 16:32.22: Waiting for workerâ€¦
2024-06-12 16:37.29: Got resource from pool OCluster
Building on asteria.caelum.ci.dev
All commits already cached
Updating files:  92% (29221/31513)Updating files:  93% (29308/31513)Updating files:  94% (29623/31513)Updating files:  95% (29938/31513)Updating files:  96% (30253/31513)Updating files:  97% (30568/31513)Updating files:  98% (30883/31513)Updating files:  99% (31198/31513)Updating files: 100% (31513/31513)Updating files: 100% (31513/31513), done.
HEAD is now at d3c9759773 Merge pull request #26071 from kit-ty-kate/windows-ci
Merge made by the 'ort' strategy.
 packages/conf-libssl/conf-libssl.1/opam               |  1 +
 packages/conf-libssl/conf-libssl.2/opam               |  1 +
 packages/conf-libssl/conf-libssl.3/opam               |  1 +
 packages/conf-libssl/conf-libssl.4/opam               |  8 +++++++-
 .../conf-mingw-w64-openssl-i686.1/opam                | 19 +++++++++++++++++++
 .../conf-mingw-w64-openssl-x86_64.1/opam              | 19 +++++++++++++++++++
 6 files changed, 48 insertions(+), 1 deletion(-)
 create mode 100644 packages/conf-mingw-w64-openssl-i686/conf-mingw-w64-openssl-i686.1/opam
 create mode 100644 packages/conf-mingw-w64-openssl-x86_64/conf-mingw-w64-openssl-x86_64.1/opam

[01;34m(from ocaml/opam:debian-12-ocaml-4.14@sha256:68ecefb12259af7ac8f85f40002bb77c47ee641474979fd6a320ed7bf1222c7c)[0m
[01;2m[01;35m2024-06-12 16:37.31 ---> using "be6362479294069b96a78ceb45e5e59b696aa4ead55eec8c4ca81a46ae6af254" from cache[0m

[01;34m/: (user (uid 1000) (gid 1000))[0m

[01;34m/: (workdir /home/opam)[0m

[01;34m/home/opam: (run (shell "sudo ln -f /usr/bin/opam-dev /usr/bin/opam"))[0m
[01;2m[01;35m2024-06-12 16:37.31 ---> using "8ad80d6a0debeaed101481b8cff66e1eafb8b0e653f48d497136a3cd6c73afd4" from cache[0m

[01;34m/home/opam: (run (network host)
                 (shell "opam init --reinit --config .opamrc-sandbox -ni"))[0m
Configuring from /home/opam/.opamrc-sandbox, then /home/opam/.opamrc, and finally from built-in defaults.
Checking for available remotes: rsync and local, git.
  - you won't be able to use mercurial repositories unless you install the hg command on your system.
  - you won't be able to use darcs repositories unless you install the darcs command on your system.

This development version of opam requires an update to the layout of /home/opam/.opam from version 2.0 to version 2.2~beta, which can't be reverted.
You may want to back it up before going further.

Continue? [y/n] y
[NOTE] The 'jobs' option was reset, its value was 39 and its new value will vary according to the current number of cores on your machine. You can restore the fixed value using:
           opam option jobs=39 --global
Format upgrade done.

<><> Updating repositories ><><><><><><><><><><><><><><><><><><><><><><><><><><>
[default] synchronised from file:///home/opam/opam-repository
[01;2m[01;35m2024-06-12 16:37.31 ---> using "56bbd298ac51fe1e7634bdd19c2541599a9d163a08dafe773745bbf4eb18410c" from cache[0m

[01;34m/home/opam: (run (shell "uname -rs && opam exec -- ocaml -version && opam --version"))[0m
Linux 5.15.0-107-generic
The OCaml toplevel, version 4.14.2
2.2.0~beta3~dev
[01;2m[01;35m2024-06-12 16:37.31 ---> using "152abb09d7c0ec6a6b81839d18fba96e3d05ed398f577cd267f0f4b08f6eb24b" from cache[0m

[01;34m/home/opam: (env OPAMDOWNLOADJOBS 1)[0m

[01;34m/home/opam: (env OPAMERRLOGLEN 0)[0m

[01;34m/home/opam: (env OPAMSOLVERTIMEOUT 500)[0m

[01;34m/home/opam: (env OPAMPRECISETRACKING 1)[0m

[01;34m/home/opam: (env CI true)[0m

[01;34m/home/opam: (env OPAM_REPO_CI true)[0m

[01;34m/home/opam: (run (shell "rm -rf opam-repository/"))[0m
[01;2m[01;35m2024-06-12 16:37.31 ---> using "ed21e7d865a19fc202b822ef2e288487fef395f0eb5a1334ec4e29366b626f01" from cache[0m

[01;34m/home/opam: (copy (src .) (dst opam-repository/))[0m
[01;2m[01;35m2024-06-12 16:37.33 ---> using "d45373b4477d97f7000ababf80637adbf9aff32076df819b3c4d077bdf643d21" from cache[0m

[01;34m/home/opam: (run (shell "opam repository set-url --strict default opam-repository/"))[0m
[default] Initialised
[01;2m[01;35m2024-06-12 16:37.33 ---> using "5393f06da48898cd9d04da5f07508662fe895b334e31c32de0d3e104df79d7f9" from cache[0m

[01;34m/home/opam: (run (network host)
                 (shell "opam update --depexts || true"))[0m
+ /usr/bin/sudo "apt-get" "update"
- Hit:1 http://deb.debian.org/debian bookworm InRelease
- Get:2 http://deb.debian.org/debian bookworm-updates InRelease [55.4 kB]
- Get:3 http://deb.debian.org/debian-security bookworm-security InRelease [48.0 kB]
- Get:4 http://deb.debian.org/debian-security bookworm-security/main amd64 Packages [160 kB]
- Fetched 263 kB in 0s (867 kB/s)
- Reading package lists...
[01;2m[01;35m2024-06-12 16:37.33 ---> using "26183c35b058a8930d82bb1b0e04887327945cdcb464f53984f76aa913a8507f" from cache[0m

[01;34m/home/opam: (run (shell "opam pin add -k version -yn conf-libssl.1 1"))[0m
conf-libssl is now pinned to version 1
[01;2m[01;35m2024-06-12 16:37.33 ---> using "dca151650ad63ad983fc38804e05d60b45d8c318fd04f9f3002c5383125c59b0" from cache[0m

[01;34m/home/opam: (run (cache (opam-archives (target /home/opam/.opam/download-cache)))
                 (network host)
                 (shell  "opam reinstall conf-libssl.1;\
                        \n        res=$?;\
                        \n        test \"$res\" != 31 && exit \"$res\";\
                        \n        export OPAMCLI=2.0;\
                        \n        build_dir=$(opam var prefix)/.opam-switch/build;\
                        \n        failed=$(ls \"$build_dir\");\
                        \n        partial_fails=\"\";\
                        \n        for pkg in $failed; do\
                        \n          if opam show -f x-ci-accept-failures: \"$pkg\" | grep -qF \"\\\"debian-12\\\"\"; then\
                        \n            echo \"A package failed and has been disabled for CI using the 'x-ci-accept-failures' field.\";\
                        \n          fi;\
                        \n          test \"$pkg\" != 'conf-libssl.1' && partial_fails=\"$partial_fails $pkg\";\
                        \n        done;\
                        \n        test \"${partial_fails}\" != \"\" && echo \"opam-repo-ci detected dependencies failing: ${partial_fails}\";\
                        \n        exit 1"))[0m
conf-libssl.1 is not installed. Install it? [y/n] y
The following actions will be performed:
=== install 2 packages
  - install conf-libssl     1 (pinned)
  - install conf-pkg-config 3          [required by conf-libssl]

The following system packages will first need to be installed:
    libssl-dev pkg-config

<><> Handling external dependencies <><><><><><><><><><><><><><><><><><><><><><>

opam believes some required external dependencies are missing. opam can:
> 1. Run apt-get to install them (may need root/sudo access)
  2. Display the recommended apt-get command and wait while you run it manually (e.g. in another terminal)
  3. Continue anyway, and, upon success, permanently register that this external dependency is present, but not detectable
  4. Abort the installation

[1/2/3/4] 1

+ /usr/bin/sudo "apt-get" "install" "-qq" "-yy" "libssl-dev" "pkg-config"
- debconf: delaying package configuration, since apt-utils is not installed
- Selecting previously unselected package libpkgconf3:amd64.
- (Reading database ... (Reading database ... 5%(Reading database ... 10%(Reading database ... 15%(Reading database ... 20%(Reading database ... 25%(Reading database ... 30%(Reading database ... 35%(Reading database ... 40%(Reading database ... 45%(Reading database ... 50%(Reading database ... 55%(Reading database ... 60%(Reading database ... 65%(Reading database ... 70%(Reading database ... 75%(Reading database ... 80%(Reading database ... 85%(Reading database ... 90%(Reading database ... 95%(Reading database ... 100%(Reading database ... 18735 files and directories currently installed.)
- Preparing to unpack .../libpkgconf3_1.8.1-1_amd64.deb ...
- Unpacking libpkgconf3:amd64 (1.8.1-1) ...
- Selecting previously unselected package libssl-dev:amd64.
- Preparing to unpack .../libssl-dev_3.0.11-1~deb12u2_amd64.deb ...
- Unpacking libssl-dev:amd64 (3.0.11-1~deb12u2) ...
- Selecting previously unselected package pkgconf-bin.
- Preparing to unpack .../pkgconf-bin_1.8.1-1_amd64.deb ...
- Unpacking pkgconf-bin (1.8.1-1) ...
- Selecting previously unselected package pkgconf:amd64.
- Preparing to unpack .../pkgconf_1.8.1-1_amd64.deb ...
- Unpacking pkgconf:amd64 (1.8.1-1) ...
- Selecting previously unselected package pkg-config:amd64.
- Preparing to unpack .../pkg-config_1.8.1-1_amd64.deb ...
- Unpacking pkg-config:amd64 (1.8.1-1) ...
- Setting up libpkgconf3:amd64 (1.8.1-1) ...
- Setting up libssl-dev:amd64 (3.0.11-1~deb12u2) ...
- Setting up pkgconf-bin (1.8.1-1) ...
- Setting up pkgconf:amd64 (1.8.1-1) ...
- Setting up pkg-config:amd64 (1.8.1-1) ...
- Processing triggers for libc-bin (2.36-9+deb12u7) ...

<><> Processing actions <><><><><><><><><><><><><><><><><><><><><><><><><><><><>
-> retrieved conf-libssl.1  (cached)
-> installed conf-pkg-config.3
-> installed conf-libssl.1
Done.
# Run eval $(opam env) to update the current shell environment
[01;2m[01;35m2024-06-12 16:37.33 ---> using "08f27ab6cded427b9df69c0c2121e743abe91229abb07f8cacb0855ddb7079c3" from cache[0m

[01;34m/home/opam: (run (cache (opam-archives (target /home/opam/.opam/download-cache)))
                 (network host)
                 (shell  "opam reinstall hyper.1.0.0~alpha1;\
                        \n        res=$?;\
                        \n        test \"$res\" != 31 && exit \"$res\";\
                        \n        export OPAMCLI=2.0;\
                        \n        build_dir=$(opam var prefix)/.opam-switch/build;\
                        \n        failed=$(ls \"$build_dir\");\
                        \n        partial_fails=\"\";\
                        \n        for pkg in $failed; do\
                        \n          if opam show -f x-ci-accept-failures: \"$pkg\" | grep -qF \"\\\"debian-12\\\"\"; then\
                        \n            echo \"A package failed and has been disabled for CI using the 'x-ci-accept-failures' field.\";\
                        \n          fi;\
                        \n          test \"$pkg\" != 'hyper.1.0.0~alpha1' && partial_fails=\"$partial_fails $pkg\";\
                        \n        done;\
                        \n        test \"${partial_fails}\" != \"\" && echo \"opam-repo-ci detected dependencies failing: ${partial_fails}\";\
                        \n        exit 1"))[0m
hyper.1.0.0~alpha1 is not installed. Install it? [y/n] y
The following actions will be performed:
=== install 44 packages
  - install angstrom            0.16.0       [required by dream-httpaf]
  - install base-bytes          base         [required by ocplib-endian]
  - install base64              3.5.1        [required by dream-httpaf]
  - install bigstringaf         0.9.1        [required by dream-httpaf]
  - install cppo                1.6.9        [required by lwt]
  - install csexp               1.5.2        [required by dune-configurator]
  - install cstruct             6.2.0        [required by mirage-crypto-rng]
  - install digestif            1.2.0        [required by dream-httpaf]
  - install dream-httpaf        1.0.0~alpha1 [required by hyper]
  - install dream-pure          1.0.0~alpha2 [required by hyper]
  - install dune                3.15.3       [required by hyper]
  - install dune-configurator   3.15.3       [required by mirage-crypto-rng]
  - install duration            0.2.1        [required by mirage-crypto-rng]
  - install eqaf                0.9          [required by digestif, mirage-crypto]
  - install faraday             0.8.2        [required by dream-httpaf]
  - install faraday-lwt         0.8.2        [required by faraday-lwt-unix]
  - install faraday-lwt-unix    0.8.2        [required by dream-httpaf]
  - install fmt                 0.9.0        [required by logs]
  - install hmap                0.8.1        [required by dream-pure]
  - install hyper               1.0.0~alpha1
  - install logs                0.7.0        [required by mirage-crypto-rng]
  - install lwt                 5.7.0        [required by dream-httpaf, mirage-crypto-rng]
  - install lwt_ppx             2.1.0        [required by hyper]
  - install lwt_ssl             1.2.0        [required by dream-httpaf]
  - install mirage-crypto       0.10.7       [required by mirage-crypto-rng]
  - install mirage-crypto-rng   0.10.7       [required by hyper]
  - install mtime               2.0.0        [required by mirage-crypto-rng]
  - install ocaml-compiler-libs v0.12.4      [required by ppxlib]
  - install ocaml-syntax-shims  1.0.0        [required by angstrom]
  - install ocamlbuild          0.14.3       [required by logs, mtime]
  - install ocamlfind           1.9.6        [required by logs, mtime]
  - install ocplib-endian       1.2          [required by lwt]
  - install ppx_derivers        1.2.1        [required by ppxlib]
  - install ppxlib              0.32.1       [required by lwt_ppx]
  - install psq                 0.2.1        [required by dream-httpaf]
  - install ptime               1.1.0        [required by dream-pure]
  - install result              1.5          [required by dream-httpaf]
  - install seq                 base         [required by psq]
  - install sexplib0            v0.17.0      [required by ppxlib]
  - install ssl                 0.7.0        [required by dream-httpaf]
  - install stdlib-shims        0.3.0        [required by ppxlib]
  - install stringext           1.6.0        [required by uri]
  - install topkg               1.0.7        [required by logs, mtime]
  - install uri                 4.4.0        [required by hyper]

<><> Processing actions <><><><><><><><><><><><><><><><><><><><><><><><><><><><>
-> retrieved angstrom.0.16.0  (cached)
-> retrieved base64.3.5.1  (cached)
-> retrieved bigstringaf.0.9.1  (cached)
-> retrieved cppo.1.6.9  (cached)
-> retrieved csexp.1.5.2  (cached)
-> retrieved cstruct.6.2.0  (cached)
-> retrieved digestif.1.2.0  (cached)
-> retrieved dream-httpaf.1.0.0~alpha1  (cached)
-> retrieved dream-pure.1.0.0~alpha2  (cached)
-> retrieved dune.3.15.3, dune-configurator.3.15.3  (cached)
-> retrieved duration.0.2.1  (cached)
-> retrieved eqaf.0.9  (cached)
-> retrieved faraday.0.8.2, faraday-lwt.0.8.2, faraday-lwt-unix.0.8.2  (cached)
-> retrieved fmt.0.9.0  (cached)
-> retrieved hmap.0.8.1  (cached)
-> retrieved hyper.1.0.0~alpha1  (https://github.com/aantron/hyper/archive/refs/tags/1.0.0-alpha1.tar.gz)
-> retrieved logs.0.7.0  (cached)
-> retrieved lwt.5.7.0  (cached)
-> retrieved lwt_ppx.2.1.0  (cached)
-> retrieved lwt_ssl.1.2.0  (cached)
-> retrieved mirage-crypto.0.10.7, mirage-crypto-rng.0.10.7  (cached)
-> retrieved mtime.2.0.0  (cached)
-> retrieved ocaml-compiler-libs.v0.12.4  (cached)
-> retrieved ocaml-syntax-shims.1.0.0  (cached)
-> retrieved ocamlbuild.0.14.3  (cached)
-> retrieved ocamlfind.1.9.6  (cached)
-> retrieved ocplib-endian.1.2  (cached)
-> retrieved ppx_derivers.1.2.1  (cached)
-> retrieved ppxlib.0.32.1  (cached)
-> retrieved psq.0.2.1  (cached)
-> retrieved ptime.1.1.0  (cached)
-> retrieved result.1.5  (cached)
-> retrieved seq.base  (cached)
-> installed seq.base
-> retrieved sexplib0.v0.17.0  (cached)
-> retrieved ssl.0.7.0  (cached)
-> retrieved stdlib-shims.0.3.0  (cached)
-> retrieved stringext.1.6.0  (cached)
-> retrieved topkg.1.0.7  (cached)
-> retrieved uri.4.4.0  (cached)
-> installed ocamlfind.1.9.6
-> installed base-bytes.base
-> installed ocamlbuild.0.14.3
-> installed topkg.1.0.7
-> installed hmap.0.8.1
-> installed fmt.0.9.0
-> installed mtime.2.0.0
-> installed ptime.1.1.0
-> installed dune.3.15.3
-> installed duration.0.2.1
-> installed csexp.1.5.2
-> installed base64.3.5.1
-> installed cppo.1.6.9
-> installed cstruct.6.2.0
-> installed ocaml-compiler-libs.v0.12.4
-> installed ocaml-syntax-shims.1.0.0
-> installed ppx_derivers.1.2.1
-> installed psq.0.2.1
-> installed result.1.5
-> installed sexplib0.v0.17.0
-> installed stdlib-shims.0.3.0
-> installed stringext.1.6.0
-> installed ocplib-endian.1.2
-> installed eqaf.0.9
-> installed digestif.1.2.0
-> installed dune-configurator.3.15.3
-> installed bigstringaf.0.9.1
-> installed faraday.0.8.2
-> installed angstrom.0.16.0
-> installed ssl.0.7.0
-> installed mirage-crypto.0.10.7
-> installed lwt.5.7.0
-> installed uri.4.4.0
-> installed faraday-lwt.0.8.2
-> installed lwt_ssl.1.2.0
-> installed faraday-lwt-unix.0.8.2
-> installed logs.0.7.0
-> installed mirage-crypto-rng.0.10.7
-> installed ppxlib.0.32.1
-> installed lwt_ppx.2.1.0
-> installed dream-pure.1.0.0~alpha2
-> installed dream-httpaf.1.0.0~alpha1
-> installed hyper.1.0.0~alpha1
Done.
# Run eval $(opam env) to update the current shell environment
[01;2m[01;35m2024-06-12 16:38.26 ---> saved as "82c4de28d09218064a52ae7b5791d63966f333682879ad5ee3bed0a815c12906"[0m

[01;34m/home/opam: (run (network host)
                 (shell "(opam reinstall --with-test hyper.1.0.0~alpha1) || true"))[0m
[ERROR] Sorry, resolution of the request timed out.
        Try to specify a more precise request, use a different solver, or increase the allowed time by setting OPAMSOLVERTIMEOUT to a bigger value (currently, it is set to 500.0 seconds).
[01;2m[01;35m2024-06-12 16:46.57 ---> saved as "fabb7dbe9970231a4b2a4bb2aacd720d6715041707cf79363b396fdfd17314fc"[0m

[01;34m/home/opam: (run (shell  "opam reinstall --with-test --verbose hyper.1.0.0~alpha1;\
                        \n        res=$?;\
                        \n        test \"$res\" != 31 && exit \"$res\";\
                        \n        export OPAMCLI=2.0;\
                        \n        build_dir=$(opam var prefix)/.opam-switch/build;\
                        \n        failed=$(ls \"$build_dir\");\
                        \n        partial_fails=\"\";\
                        \n        for pkg in $failed; do\
                        \n          if opam show -f x-ci-accept-failures: \"$pkg\" | grep -qF \"\\\"debian-12\\\"\"; then\
                        \n            echo \"A package failed and has been disabled for CI using the 'x-ci-accept-failures' field.\";\
                        \n          fi;\
                        \n          test \"$pkg\" != 'hyper.1.0.0~alpha1' && partial_fails=\"$partial_fails $pkg\";\
                        \n        done;\
                        \n        test \"${partial_fails}\" != \"\" && echo \"opam-repo-ci detected dependencies failing: ${partial_fails}\";\
                        \n        exit 1"))[0m
The following actions will be performed:
=== downgrade 1 package
  - downgrade sexplib0            v0.17.0 to v0.15.1 [required by base]
=== recompile 16 packages
  - recompile cstruct             6.2.0              [uses fmt]
  - recompile digestif            1.2.0              [uses eqaf]
  - recompile dream-httpaf        1.0.0~alpha1       [uses lwt]
  - recompile dream-pure          1.0.0~alpha2       [uses lwt]
  - recompile eqaf                0.9                [uses cstruct]
  - recompile faraday-lwt         0.8.2              [uses lwt]
  - recompile faraday-lwt-unix    0.8.2              [uses lwt]
  - recompile fmt                 0.9.0              [uses cmdliner]
  - recompile hyper               1.0.0~alpha1
  - recompile logs                0.7.0              [uses cmdliner]
  - recompile lwt                 5.7.0              [uses conf-libev]
  - recompile lwt_ppx             2.1.0              [uses lwt]
  - recompile lwt_ssl             1.2.0              [uses lwt]
  - recompile mirage-crypto       0.10.7             [uses cstruct]
  - recompile mirage-crypto-rng   0.10.7             [uses lwt]
  - recompile ppxlib              0.32.1             [uses sexplib0]
=== install 37 packages
  - install   base                v0.15.1            [required by ppx_expect]
  - install   bigarray-compat     1.1.0              [required by dream]
  - install   bisect_ppx          2.8.3              [required by hyper]
  - install   caqti               1.9.0              [required by dream]
  - install   caqti-lwt           1.9.0              [required by dream]
  - install   cmdliner            1.3.0              [required by bisect_ppx]
  - install   conf-libev          4-12               [required by dream]
  - install   dream               1.0.0~alpha1       [required by hyper]
  - install   graphql             0.14.0             [required by graphql-lwt]
  - install   graphql-lwt         0.14.0             [required by dream]
  - install   graphql_parser      0.14.0             [required by dream]
  - install   jane-street-headers v0.15.0            [required by time_now]
  - install   jst-config          v0.15.1            [required by time_now]
  - install   magic-mime          1.3.1              [required by dream]
  - install   menhir              20190924           [required by graphql_parser]
  - install   multipart-form-data 0.3.0              [required by dream]
  - install   ocamlgraph          2.1.0              [required by opam-core]
  - install   opam-core           2.1.6              [required by opam-format]
  - install   opam-file-format    2.1.6              [required by opam-format]
  - install   opam-format         2.1.6              [required by opam-installer]
  - install   opam-installer      2.1.6              [required by dream]
  - install   ppx_assert          v0.15.0            [required by jst-config]
  - install   ppx_base            v0.15.0            [required by time_now]
  - install   ppx_cold            v0.15.0            [required by ppx_base]
  - install   ppx_compare         v0.15.0            [required by ppx_base]
  - install   ppx_enumerate       v0.15.0            [required by ppx_base]
  - install   ppx_expect          v0.15.1            [required by hyper]
  - install   ppx_hash            v0.15.0            [required by ppx_base]
  - install   ppx_here            v0.15.0            [required by ppx_expect]
  - install   ppx_inline_test     v0.15.1            [required by ppx_expect]
  - install   ppx_optcomp         v0.15.0            [required by time_now]
  - install   ppx_sexp_conv       v0.15.1            [required by ppx_base]
  - install   re                  1.11.0             [required by ppx_expect]
  - install   rresult             0.7.0              [required by graphql]
  - install   stdio               v0.15.0            [required by ppx_expect]
  - install   time_now            v0.15.0            [required by ppx_inline_test]
  - install   yojson              2.2.1              [required by dream]

The following system packages will first need to be installed:
    libev-dev

<><> Handling external dependencies <><><><><><><><><><><><><><><><><><><><><><>

opam believes some required external dependencies are missing. opam can:
> 1. Run apt-get to install them (may need root/sudo access)
  2. Display the recommended apt-get command and wait while you run it manually (e.g. in another terminal)
  3. Continue anyway, and, upon success, permanently register that this external dependency is present, but not detectable
  4. Abort the installation

[1/2/3/4] 1

+ /usr/bin/sudo "apt-get" "install" "-qq" "-yy" "libev-dev"
- E: Failed to fetch http://deb.debian.org/debian/pool/main/libe/libev/libev4_4.33-1_amd64.deb  Temporary failure resolving 'deb.debian.org'
- E: Failed to fetch http://deb.debian.org/debian/pool/main/libe/libev/libev-dev_4.33-1_amd64.deb  Temporary failure resolving 'deb.debian.org'
- E: Unable to fetch some archives, maybe run apt-get update or try with --fix-missing?
[ERROR] System package install failed with exit code 100 at command:
            sudo apt-get install -qq -yy libev-dev
[ERROR] These packages are still missing: libev-dev

[NOTE] You can retry with '--assume-depexts' to skip this check, or run 'opam option depext=false' to permanently disable handling of system packages.

'opam reinstall --with-test --verbose hyper.1.0.0~alpha1' failed.
"/usr/bin/env" "bash" "-c" "opam reinstall --with-test --verbose hyper.1.0.0~alpha1;
        res=$?;
        test "$res" != 31 && exit "$res";
        export OPAMCLI=2.0;
        build_dir=$(opam var prefix)/.opam-switch/build;
        failed=$(ls "$build_dir");
        partial_fails="";
        for pkg in $failed; do
          if opam show -f x-ci-accept-failures: "$pkg" | grep -qF "\"debian-12\""; then
            echo "A package failed and has been disabled for CI using the 'x-ci-accept-failures' field.";
          fi;
          test "$pkg" != 'hyper.1.0.0~alpha1' && partial_fails="$partial_fails $pkg";
        done;
        test "${partial_fails}" != "" && echo "opam-repo-ci detected dependencies failing: ${partial_fails}";
        exit 1" failed with exit status 10
2024-06-12 16:55.41: Job failed: Failed: Build failed
2024-06-12 16:55.41: Log analysis:
2024-06-12 16:55.41: >>> 
[ERROR] Sorry, resolution of the request timed out.
 (score = 20)
2024-06-12 16:55.41: >>> 
[ERROR] System package install failed with exit code 100 at command:
 (score = 20)
2024-06-12 16:55.41: >>> 
[ERROR] These packages are still missing: libev-dev
 (score = 20)
2024-06-12 16:55.41: Sorry, resolution of the request timed out.
