2024-06-24 12:49.26: New job: test ez_subst.0.2.1 with conf-pkg-config.1.0, using opam dev
                              from https://github.com/ocaml/opam-repository.git#refs/pull/26130/head (6ca6253a9cae7e30d524834d61b6c93dcc208f94)
                              on debian-12-ocaml-4.14/amd64

To reproduce locally:

cd $(mktemp -d)
git clone --recursive "https://github.com/ocaml/opam-repository.git" && cd "opam-repository" && git fetch origin "refs/pull/26130/head" && git reset --hard 6ca6253a
git fetch origin master
git merge --no-edit 086b479b3a6c508d5550f55a227d8f8e117e2176
cat > ../Dockerfile <<'END-OF-DOCKERFILE'
[34mFROM ocaml/opam:debian-12-ocaml-4.14@sha256:51859147d869ebd23a15922818349effc446cbbc6a0b3e0257a7859e766261b3
USER 1000:1000
WORKDIR /home/opam
RUN sudo ln -f /usr/bin/opam-dev /usr/bin/opam
RUN opam init --reinit -ni
RUN uname -rs && opam exec -- ocaml -version && opam --version
ENV OPAMDOWNLOADJOBS="1"
ENV OPAMERRLOGLEN="0"
ENV OPAMSOLVERTIMEOUT="500"
ENV OPAMPRECISETRACKING="1"
ENV CI="true"
ENV OPAM_REPO_CI="true"
RUN rm -rf opam-repository/
COPY --chown=1000:1000 . opam-repository/
RUN opam repository set-url --strict default opam-repository/
RUN opam update --depexts || true
RUN opam pin add -k version -yn conf-pkg-config.1.0 1.0
RUN opam reinstall conf-pkg-config.1.0; \
    res=$?; \
    test "$res" != 31 && exit "$res"; \
    export OPAMCLI=2.0; \
    build_dir=$(opam var prefix)/.opam-switch/build; \
    failed=$(ls "$build_dir"); \
    partial_fails=""; \
    for pkg in $failed; do \
    if opam show -f x-ci-accept-failures: "$pkg" | grep -qF "\"debian-12\""; then \
    echo "A package failed and has been disabled for CI using the 'x-ci-accept-failures' field."; \
    fi; \
    test "$pkg" != 'conf-pkg-config.1.0' && partial_fails="$partial_fails $pkg"; \
    done; \
    test "${partial_fails}" != "" && echo "opam-repo-ci detected dependencies failing: ${partial_fails}"; \
    exit 1
RUN opam reinstall ez_subst.0.2.1; \
    res=$?; \
    test "$res" != 31 && exit "$res"; \
    export OPAMCLI=2.0; \
    build_dir=$(opam var prefix)/.opam-switch/build; \
    failed=$(ls "$build_dir"); \
    partial_fails=""; \
    for pkg in $failed; do \
    if opam show -f x-ci-accept-failures: "$pkg" | grep -qF "\"debian-12\""; then \
    echo "A package failed and has been disabled for CI using the 'x-ci-accept-failures' field."; \
    fi; \
    test "$pkg" != 'ez_subst.0.2.1' && partial_fails="$partial_fails $pkg"; \
    done; \
    test "${partial_fails}" != "" && echo "opam-repo-ci detected dependencies failing: ${partial_fails}"; \
    exit 1
RUN (opam reinstall --with-test ez_subst.0.2.1) || true
RUN opam reinstall --with-test --verbose ez_subst.0.2.1; \
    res=$?; \
    test "$res" != 31 && exit "$res"; \
    export OPAMCLI=2.0; \
    build_dir=$(opam var prefix)/.opam-switch/build; \
    failed=$(ls "$build_dir"); \
    partial_fails=""; \
    for pkg in $failed; do \
    if opam show -f x-ci-accept-failures: "$pkg" | grep -qF "\"debian-12\""; then \
    echo "A package failed and has been disabled for CI using the 'x-ci-accept-failures' field."; \
    fi; \
    test "$pkg" != 'ez_subst.0.2.1' && partial_fails="$partial_fails $pkg"; \
    done; \
    test "${partial_fails}" != "" && echo "opam-repo-ci detected dependencies failing: ${partial_fails}"; \
    exit 1
[0m
END-OF-DOCKERFILE
docker build -f ../Dockerfile .

2024-06-24 12:49.26: Using cache hint "ocaml/opam:debian-12-ocaml-4.14@sha256:51859147d869ebd23a15922818349effc446cbbc6a0b3e0257a7859e766261b3-conf-pkg-config.1.0-ez_subst.0.2.1-6ca6253a9cae7e30d524834d61b6c93dcc208f94"
2024-06-24 12:49.26: Using OBuilder spec:
((from ocaml/opam:debian-12-ocaml-4.14@sha256:51859147d869ebd23a15922818349effc446cbbc6a0b3e0257a7859e766261b3)
 (user (uid 1000) (gid 1000))
 (workdir /home/opam)
 (run (shell "sudo ln -f /usr/bin/opam-dev /usr/bin/opam"))
 (run (network host)
      (shell "opam init --reinit --config .opamrc-sandbox -ni"))
 (run (shell "uname -rs && opam exec -- ocaml -version && opam --version"))
 (env OPAMDOWNLOADJOBS 1)
 (env OPAMERRLOGLEN 0)
 (env OPAMSOLVERTIMEOUT 500)
 (env OPAMPRECISETRACKING 1)
 (env CI true)
 (env OPAM_REPO_CI true)
 (run (shell "rm -rf opam-repository/"))
 (copy (src .) (dst opam-repository/))
 (run (shell "opam repository set-url --strict default opam-repository/"))
 (run (network host)
      (shell "opam update --depexts || true"))
 (run (shell "opam pin add -k version -yn conf-pkg-config.1.0 1.0"))
 (run (cache (opam-archives (target /home/opam/.opam/download-cache)))
      (network host)
      (shell  "opam reinstall conf-pkg-config.1.0;\
             \n        res=$?;\
             \n        test \"$res\" != 31 && exit \"$res\";\
             \n        export OPAMCLI=2.0;\
             \n        build_dir=$(opam var prefix)/.opam-switch/build;\
             \n        failed=$(ls \"$build_dir\");\
             \n        partial_fails=\"\";\
             \n        for pkg in $failed; do\
             \n          if opam show -f x-ci-accept-failures: \"$pkg\" | grep -qF \"\\\"debian-12\\\"\"; then\
             \n            echo \"A package failed and has been disabled for CI using the 'x-ci-accept-failures' field.\";\
             \n          fi;\
             \n          test \"$pkg\" != 'conf-pkg-config.1.0' && partial_fails=\"$partial_fails $pkg\";\
             \n        done;\
             \n        test \"${partial_fails}\" != \"\" && echo \"opam-repo-ci detected dependencies failing: ${partial_fails}\";\
             \n        exit 1"))
 (run (cache (opam-archives (target /home/opam/.opam/download-cache)))
      (network host)
      (shell  "opam reinstall ez_subst.0.2.1;\
             \n        res=$?;\
             \n        test \"$res\" != 31 && exit \"$res\";\
             \n        export OPAMCLI=2.0;\
             \n        build_dir=$(opam var prefix)/.opam-switch/build;\
             \n        failed=$(ls \"$build_dir\");\
             \n        partial_fails=\"\";\
             \n        for pkg in $failed; do\
             \n          if opam show -f x-ci-accept-failures: \"$pkg\" | grep -qF \"\\\"debian-12\\\"\"; then\
             \n            echo \"A package failed and has been disabled for CI using the 'x-ci-accept-failures' field.\";\
             \n          fi;\
             \n          test \"$pkg\" != 'ez_subst.0.2.1' && partial_fails=\"$partial_fails $pkg\";\
             \n        done;\
             \n        test \"${partial_fails}\" != \"\" && echo \"opam-repo-ci detected dependencies failing: ${partial_fails}\";\
             \n        exit 1"))
 (run (network host)
      (shell "(opam reinstall --with-test ez_subst.0.2.1) || true"))
 (run (shell  "opam reinstall --with-test --verbose ez_subst.0.2.1;\
             \n        res=$?;\
             \n        test \"$res\" != 31 && exit \"$res\";\
             \n        export OPAMCLI=2.0;\
             \n        build_dir=$(opam var prefix)/.opam-switch/build;\
             \n        failed=$(ls \"$build_dir\");\
             \n        partial_fails=\"\";\
             \n        for pkg in $failed; do\
             \n          if opam show -f x-ci-accept-failures: \"$pkg\" | grep -qF \"\\\"debian-12\\\"\"; then\
             \n            echo \"A package failed and has been disabled for CI using the 'x-ci-accept-failures' field.\";\
             \n          fi;\
             \n          test \"$pkg\" != 'ez_subst.0.2.1' && partial_fails=\"$partial_fails $pkg\";\
             \n        done;\
             \n        test \"${partial_fails}\" != \"\" && echo \"opam-repo-ci detected dependencies failing: ${partial_fails}\";\
             \n        exit 1"))
)

2024-06-24 12:49.26: Waiting for resource in pool OCluster
2024-06-25 20:36.00: Waiting for workerâ€¦
2024-06-25 20:39.17: Got resource from pool OCluster
Building on x86-bm-c6.sw.ocaml.org
All commits already cached
Updating files:  42% (13334/31610)Updating files:  43% (13593/31610)Updating files:  44% (13909/31610)Updating files:  45% (14225/31610)Updating files:  46% (14541/31610)Updating files:  47% (14857/31610)Updating files:  48% (15173/31610)Updating files:  49% (15489/31610)Updating files:  50% (15805/31610)Updating files:  51% (16122/31610)Updating files:  52% (16438/31610)Updating files:  53% (16754/31610)Updating files:  54% (17070/31610)Updating files:  55% (17386/31610)Updating files:  56% (17702/31610)Updating files:  57% (18018/31610)Updating files:  58% (18334/31610)Updating files:  59% (18650/31610)Updating files:  60% (18966/31610)Updating files:  61% (19283/31610)Updating files:  62% (19599/31610)Updating files:  63% (19915/31610)Updating files:  64% (20231/31610)Updating files:  65% (20547/31610)Updating files:  66% (20863/31610)Updating files:  67% (21179/31610)Updating files:  68% (21495/31610)Updating files:  69% (21811/31610)Updating files:  70% (22127/31610)Updating files:  71% (22444/31610)Updating files:  72% (22760/31610)Updating files:  73% (23076/31610)Updating files:  74% (23392/31610)Updating files:  75% (23708/31610)Updating files:  76% (24024/31610)Updating files:  77% (24340/31610)Updating files:  78% (24656/31610)Updating files:  79% (24972/31610)Updating files:  80% (25288/31610)Updating files:  81% (25605/31610)Updating files:  82% (25921/31610)Updating files:  83% (26237/31610)Updating files:  84% (26553/31610)Updating files:  84% (26554/31610)Updating files:  85% (26869/31610)Updating files:  86% (27185/31610)Updating files:  87% (27501/31610)Updating files:  88% (27817/31610)Updating files:  89% (28133/31610)Updating files:  90% (28449/31610)Updating files:  91% (28766/31610)Updating files:  92% (29082/31610)Updating files:  93% (29398/31610)Updating files:  94% (29714/31610)Updating files:  95% (30030/31610)Updating files:  96% (30346/31610)Updating files:  97% (30662/31610)Updating files:  98% (30978/31610)Updating files:  99% (31294/31610)Updating files: 100% (31610/31610)Updating files: 100% (31610/31610), done.
HEAD is now at 086b479b3a Merge pull request #26085 from SkySkimmer/coq-8-19-2
Merge made by the 'ort' strategy.
 packages/conf-aclocal/conf-aclocal.1.0.0/opam                         | 1 +
 packages/conf-asciidoc/conf-asciidoc.1/opam                           | 1 +
 packages/conf-cairo/conf-cairo.1/opam                                 | 2 +-
 packages/conf-cmake/conf-cmake.1/opam                                 | 1 +
 packages/conf-findutils/conf-findutils.1/opam                         | 1 +
 packages/conf-git/conf-git.1.0/opam                                   | 4 ++++
 packages/conf-git/conf-git.1.1/opam                                   | 4 ++++
 packages/conf-gtk3/conf-gtk3.18/opam                                  | 2 +-
 packages/conf-gtksourceview3/conf-gtksourceview3.0/opam               | 2 +-
 packages/conf-jq/conf-jq.1/opam                                       | 1 +
 packages/conf-libX11/conf-libX11.1/opam                               | 2 +-
 packages/conf-libtool/conf-libtool.1/opam                             | 1 +
 .../conf-perl-ipc-system-simple/conf-perl-ipc-system-simple.1/opam    | 1 +
 packages/conf-pkg-config/conf-pkg-config.1.0/opam                     | 1 +
 packages/conf-pkg-config/conf-pkg-config.1.1/opam                     | 1 +
 packages/conf-pkg-config/conf-pkg-config.1.2/opam                     | 1 +
 packages/conf-pkg-config/conf-pkg-config.1.3/opam                     | 1 +
 packages/conf-pkg-config/conf-pkg-config.2/opam                       | 1 +
 packages/conf-pkg-config/conf-pkg-config.3/opam                       | 2 +-
 packages/conf-python-3-7/conf-python-3-7.1.0.0/opam                   | 1 +
 packages/conf-python-3/conf-python-3.1.0.0/opam                       | 1 +
 packages/conf-python-3/conf-python-3.9.0.0/opam                       | 1 +
 packages/conf-time/conf-time.1/opam                                   | 1 +
 packages/conf-zig/conf-zig.1/opam                                     | 1 +
 packages/conf-zlib/conf-zlib.1/opam                                   | 2 +-
 25 files changed, 31 insertions(+), 6 deletions(-)

[01;34m(from ocaml/opam:debian-12-ocaml-4.14@sha256:51859147d869ebd23a15922818349effc446cbbc6a0b3e0257a7859e766261b3)[0m
Unable to find image 'ocaml/opam:debian-12-ocaml-4.14@sha256:51859147d869ebd23a15922818349effc446cbbc6a0b3e0257a7859e766261b3' locally
docker.io/ocaml/opam@sha256:51859147d869ebd23a15922818349effc446cbbc6a0b3e0257a7859e766261b3: Pulling from ocaml/opam
14d2477f829c: Pulling fs layer
14d2477f829c: Verifying Checksum
14d2477f829c: Download complete
14d2477f829c: Pull complete
Digest: sha256:51859147d869ebd23a15922818349effc446cbbc6a0b3e0257a7859e766261b3
Status: Downloaded newer image for ocaml/opam@sha256:51859147d869ebd23a15922818349effc446cbbc6a0b3e0257a7859e766261b3
[01;2m[01;35m2024-06-25 20:39.20 ---> using "7d0037e87409e99fda0588f75b47ce776adea91ebf3f460e136466d751adef89" from cache[0m

[01;34m/: (user (uid 1000) (gid 1000))[0m

[01;34m/: (workdir /home/opam)[0m

[01;34m/home/opam: (run (shell "sudo ln -f /usr/bin/opam-dev /usr/bin/opam"))[0m
[01;2m[01;35m2024-06-25 20:39.20 ---> using "b33af19cce4ad58a445b7dfc6bf1a0dfe3b6dc622435cad5cd3b51437ac841da" from cache[0m

[01;34m/home/opam: (run (network host)
                 (shell "opam init --reinit --config .opamrc-sandbox -ni"))[0m
Configuring from /home/opam/.opamrc-sandbox, then /home/opam/.opamrc, and finally from built-in defaults.
Checking for available remotes: rsync and local, git.
  - you won't be able to use mercurial repositories unless you install the hg command on your system.
  - you won't be able to use darcs repositories unless you install the darcs command on your system.

This development version of opam requires an update to the layout of /home/opam/.opam from version 2.0 to version 2.2~beta, which can't be reverted.
You may want to back it up before going further.

Continue? [y/n] y
[NOTE] The 'jobs' option was reset, its value was 39 and its new value will vary according to the current number of cores on your machine. You can restore the fixed value using:
           opam option jobs=39 --global
Format upgrade done.

<><> Updating repositories ><><><><><><><><><><><><><><><><><><><><><><><><><><>
[default] synchronised from file:///home/opam/opam-repository
[01;2m[01;35m2024-06-25 20:39.20 ---> using "c7319748019c698ac18553450663ed54bb2835216e6158140e57acb510db4ce9" from cache[0m

[01;34m/home/opam: (run (shell "uname -rs && opam exec -- ocaml -version && opam --version"))[0m
Linux 5.15.0-112-generic
The OCaml toplevel, version 4.14.2
2.2.0~rc1~dev
[01;2m[01;35m2024-06-25 20:39.20 ---> using "6bce037bdf3a394fc38741cc54c12283f3366866d149b33203c7c3a211d4b1b9" from cache[0m

[01;34m/home/opam: (env OPAMDOWNLOADJOBS 1)[0m

[01;34m/home/opam: (env OPAMERRLOGLEN 0)[0m

[01;34m/home/opam: (env OPAMSOLVERTIMEOUT 500)[0m

[01;34m/home/opam: (env OPAMPRECISETRACKING 1)[0m

[01;34m/home/opam: (env CI true)[0m

[01;34m/home/opam: (env OPAM_REPO_CI true)[0m

[01;34m/home/opam: (run (shell "rm -rf opam-repository/"))[0m
[01;2m[01;35m2024-06-25 20:39.20 ---> using "d7e3dabd08034f666e9af626d2c2108d7ffb689867b7ba904f891ba4c067d618" from cache[0m

[01;34m/home/opam: (copy (src .) (dst opam-repository/))[0m
[01;2m[01;35m2024-06-25 20:39.23 ---> using "4c58e8c08f2ca9d79d713c5a39deb393f4fcc517316fdbedaff96e0190159ed3" from cache[0m

[01;34m/home/opam: (run (shell "opam repository set-url --strict default opam-repository/"))[0m
[default] Initialised
[01;2m[01;35m2024-06-25 20:39.23 ---> using "332accfafc5c53f36ce734e56d10e120e22ab6fc780b9580c1adec0a3a440fea" from cache[0m

[01;34m/home/opam: (run (network host)
                 (shell "opam update --depexts || true"))[0m
+ /usr/bin/sudo "apt-get" "update"
- Hit:1 http://deb.debian.org/debian bookworm InRelease
- Get:2 http://deb.debian.org/debian bookworm-updates InRelease [55.4 kB]
- Get:3 http://deb.debian.org/debian-security bookworm-security InRelease [48.0 kB]
- Get:4 http://deb.debian.org/debian-security bookworm-security/main amd64 Packages [160 kB]
- Fetched 263 kB in 0s (736 kB/s)
- Reading package lists...
- 
[01;2m[01;35m2024-06-25 20:39.23 ---> using "e70ceea5a133f927e81a05422cad7d6af177a7c28161d06aad477a487594b027" from cache[0m

[01;34m/home/opam: (run (shell "opam pin add -k version -yn conf-pkg-config.1.0 1.0"))[0m
conf-pkg-config is now pinned to version 1.0
[01;2m[01;35m2024-06-25 20:39.23 ---> using "4a786a2dd52f8e77b987d9ebd2ee5da1c295784a9f7b2312cbbd05ef9af275fb" from cache[0m

[01;34m/home/opam: (run (cache (opam-archives (target /home/opam/.opam/download-cache)))
                 (network host)
                 (shell  "opam reinstall conf-pkg-config.1.0;\
                        \n        res=$?;\
                        \n        test \"$res\" != 31 && exit \"$res\";\
                        \n        export OPAMCLI=2.0;\
                        \n        build_dir=$(opam var prefix)/.opam-switch/build;\
                        \n        failed=$(ls \"$build_dir\");\
                        \n        partial_fails=\"\";\
                        \n        for pkg in $failed; do\
                        \n          if opam show -f x-ci-accept-failures: \"$pkg\" | grep -qF \"\\\"debian-12\\\"\"; then\
                        \n            echo \"A package failed and has been disabled for CI using the 'x-ci-accept-failures' field.\";\
                        \n          fi;\
                        \n          test \"$pkg\" != 'conf-pkg-config.1.0' && partial_fails=\"$partial_fails $pkg\";\
                        \n        done;\
                        \n        test \"${partial_fails}\" != \"\" && echo \"opam-repo-ci detected dependencies failing: ${partial_fails}\";\
                        \n        exit 1"))[0m
conf-pkg-config.1.0 is not installed. Install it? [y/n] y
The following actions will be performed:
=== install 1 package
  - install conf-pkg-config 1.0 (pinned)

The following system packages will first need to be installed:
    pkg-config

<><> Handling external dependencies <><><><><><><><><><><><><><><><><><><><><><>

opam believes some required external dependencies are missing. opam can:
> 1. Run apt-get to install them (may need root/sudo access)
  2. Display the recommended apt-get command and wait while you run it manually (e.g. in another terminal)
  3. Continue anyway, and, upon success, permanently register that this external dependency is present, but not detectable
  4. Abort the installation

[1/2/3/4] 1

+ /usr/bin/sudo "apt-get" "install" "-qq" "-yy" "pkg-config"
- debconf: delaying package configuration, since apt-utils is not installed
- Selecting previously unselected package libpkgconf3:amd64.
- (Reading database ... (Reading database ... 5%(Reading database ... 10%(Reading database ... 15%(Reading database ... 20%(Reading database ... 25%(Reading database ... 30%(Reading database ... 35%(Reading database ... 40%(Reading database ... 45%(Reading database ... 50%(Reading database ... 55%(Reading database ... 60%(Reading database ... 65%(Reading database ... 70%(Reading database ... 75%(Reading database ... 80%(Reading database ... 85%(Reading database ... 90%(Reading database ... 95%(Reading database ... 100%(Reading database ... 18735 files and directories currently installed.)
- Preparing to unpack .../libpkgconf3_1.8.1-1_amd64.deb ...
- Unpacking libpkgconf3:amd64 (1.8.1-1) ...
- Selecting previously unselected package pkgconf-bin.
- Preparing to unpack .../pkgconf-bin_1.8.1-1_amd64.deb ...
- Unpacking pkgconf-bin (1.8.1-1) ...
- Selecting previously unselected package pkgconf:amd64.
- Preparing to unpack .../pkgconf_1.8.1-1_amd64.deb ...
- Unpacking pkgconf:amd64 (1.8.1-1) ...
- Selecting previously unselected package pkg-config:amd64.
- Preparing to unpack .../pkg-config_1.8.1-1_amd64.deb ...
- Unpacking pkg-config:amd64 (1.8.1-1) ...
- Setting up libpkgconf3:amd64 (1.8.1-1) ...
- Setting up pkgconf-bin (1.8.1-1) ...
- Setting up pkgconf:amd64 (1.8.1-1) ...
- Setting up pkg-config:amd64 (1.8.1-1) ...
- Processing triggers for libc-bin (2.36-9+deb12u7) ...

<><> Processing actions <><><><><><><><><><><><><><><><><><><><><><><><><><><><>
-> installed conf-pkg-config.1.0
Done.
# Run eval $(opam env) to update the current shell environment
[01;2m[01;35m2024-06-25 20:39.23 ---> using "7f9189f0b62e5275e330a298c2cfa13fc2fdf10846099022b9ae8b86971ff3d4" from cache[0m

[01;34m/home/opam: (run (cache (opam-archives (target /home/opam/.opam/download-cache)))
                 (network host)
                 (shell  "opam reinstall ez_subst.0.2.1;\
                        \n        res=$?;\
                        \n        test \"$res\" != 31 && exit \"$res\";\
                        \n        export OPAMCLI=2.0;\
                        \n        build_dir=$(opam var prefix)/.opam-switch/build;\
                        \n        failed=$(ls \"$build_dir\");\
                        \n        partial_fails=\"\";\
                        \n        for pkg in $failed; do\
                        \n          if opam show -f x-ci-accept-failures: \"$pkg\" | grep -qF \"\\\"debian-12\\\"\"; then\
                        \n            echo \"A package failed and has been disabled for CI using the 'x-ci-accept-failures' field.\";\
                        \n          fi;\
                        \n          test \"$pkg\" != 'ez_subst.0.2.1' && partial_fails=\"$partial_fails $pkg\";\
                        \n        done;\
                        \n        test \"${partial_fails}\" != \"\" && echo \"opam-repo-ci detected dependencies failing: ${partial_fails}\";\
                        \n        exit 1"))[0m
ez_subst.0.2.1 is not installed. Install it? [y/n] y
The following actions will be performed:
=== install 2 packages
  - install dune     3.16.0 [required by ez_subst]
  - install ez_subst 0.2.1

<><> Processing actions <><><><><><><><><><><><><><><><><><><><><><><><><><><><>
-> retrieved dune.3.16.0  (cached)
-> retrieved ez_subst.0.2.1  (cached)
-> installed dune.3.16.0
-> installed ez_subst.0.2.1
Done.
# Run eval $(opam env) to update the current shell environment
[01;2m[01;35m2024-06-25 20:40.19 ---> saved as "07b1db4d87a67a85aa5989b590ba8c673e484f91272aa6169e47773938f09507"[0m

[01;34m/home/opam: (run (network host)
                 (shell "(opam reinstall --with-test ez_subst.0.2.1) || true"))[0m
[ERROR] Sorry, resolution of the request timed out.
        Try to specify a more precise request, use a different solver, or increase the allowed time by setting OPAMSOLVERTIMEOUT to a bigger value (currently, it is set to 500.0 seconds).
[01;2m[01;35m2024-06-25 20:48.54 ---> saved as "0eb43a3ae572708f5589a44da8a6abe1d20544e83c8440bb1f4bfef044cc3027"[0m

[01;34m/home/opam: (run (shell  "opam reinstall --with-test --verbose ez_subst.0.2.1;\
                        \n        res=$?;\
                        \n        test \"$res\" != 31 && exit \"$res\";\
                        \n        export OPAMCLI=2.0;\
                        \n        build_dir=$(opam var prefix)/.opam-switch/build;\
                        \n        failed=$(ls \"$build_dir\");\
                        \n        partial_fails=\"\";\
                        \n        for pkg in $failed; do\
                        \n          if opam show -f x-ci-accept-failures: \"$pkg\" | grep -qF \"\\\"debian-12\\\"\"; then\
                        \n            echo \"A package failed and has been disabled for CI using the 'x-ci-accept-failures' field.\";\
                        \n          fi;\
                        \n          test \"$pkg\" != 'ez_subst.0.2.1' && partial_fails=\"$partial_fails $pkg\";\
                        \n        done;\
                        \n        test \"${partial_fails}\" != \"\" && echo \"opam-repo-ci detected dependencies failing: ${partial_fails}\";\
                        \n        exit 1"))[0m
The following actions will be performed:
=== recompile 1 package
  - recompile ez_subst            0.2.1
=== install 45 packages
  - install   astring             0.8.5    [required by fpath, odoc-parser]
  - install   base                v0.15.1  [required by ocamlformat, ppx_expect]
  - install   base-bytes          base     [required by ocp-indent]
  - install   cmdliner            1.3.0    [required by ocamlformat]
  - install   dune-build-info     3.16.0   [required by ocamlformat]
  - install   dune-configurator   2.7.0    [required by base]
  - install   either              1.0.0    [required by ocamlformat]
  - install   fix                 20230505 [required by ocamlformat]
  - install   fpath               0.7.3    [required by ocamlformat]
  - install   jane-street-headers v0.15.0  [required by time_now]
  - install   jst-config          v0.15.1  [required by time_now]
  - install   menhir              20230608 [required by ocamlformat]
  - install   menhirLib           20230608 [required by ocamlformat]
  - install   menhirSdk           20230608 [required by ocamlformat]
  - install   ocaml-compiler-libs v0.12.4  [required by ppxlib]
  - install   ocaml-version       3.5.0    [required by ocamlformat]
  - install   ocamlbuild          0.14.3   [required by fpath, uuseg]
  - install   ocamlfind           1.9.6    [required by ocp-indent, fpath, uuseg]
  - install   ocamlformat         0.21.0   [required by ez_subst]
  - install   ocp-indent          1.8.1    [required by ocamlformat]
  - install   odoc-parser         1.0.0    [required by ocamlformat]
  - install   ppx_assert          v0.15.0  [required by jst-config]
  - install   ppx_base            v0.15.0  [required by time_now]
  - install   ppx_cold            v0.15.0  [required by ppx_base]
  - install   ppx_compare         v0.15.0  [required by ppx_base]
  - install   ppx_derivers        1.2.1    [required by ppxlib]
  - install   ppx_enumerate       v0.15.0  [required by ppx_base]
  - install   ppx_expect          v0.15.1  [required by ez_subst]
  - install   ppx_hash            v0.15.0  [required by ppx_base]
  - install   ppx_here            v0.15.0  [required by ppx_expect]
  - install   ppx_inline_test     v0.15.1  [required by ez_subst]
  - install   ppx_optcomp         v0.15.0  [required by time_now]
  - install   ppx_sexp_conv       v0.15.1  [required by ppx_base]
  - install   ppxlib              0.32.1   [required by ppx_expect]
  - install   re                  1.11.0   [required by ocamlformat, ppx_expect]
  - install   result              1.5      [required by odoc-parser]
  - install   seq                 base     [required by re]
  - install   sexplib0            v0.15.1  [required by base]
  - install   stdio               v0.15.0  [required by ocamlformat, ppx_expect]
  - install   stdlib-shims        0.3.0    [required by ppxlib]
  - install   time_now            v0.15.0  [required by ppx_inline_test]
  - install   topkg               1.0.7    [required by fpath, uuseg]
  - install   uucp                15.0.0   [required by uuseg]
  - install   uuseg               15.0.0   [required by ocamlformat]
  - install   uutf                1.0.3    [required by ocamlformat]

<><> Processing actions <><><><><><><><><><><><><><><><><><><><><><><><><><><><>
Processing  1/137: [astring.0.8.5: http]
[ERROR] Failed to get sources of astring.0.8.5: Curl failed
Processing  2/137: [base.v0.15.1: http]
[ERROR] Failed to get sources of base.v0.15.1: Curl failed
Processing  4/137: [cmdliner.1.3.0: http]
[ERROR] Failed to get sources of cmdliner.1.3.0: Curl failed
Processing  5/137: [dune-build-info.3.16.0: http]
Processing  6/137: [dune-build-info.3.16.0: http]
Processing  7/137: [dune-build-info.3.16.0: http]
[ERROR] Failed to get sources of dune-build-info.3.16.0: Curl failed
Processing  8/137: [dune-configurator.2.7.0: http]
Processing  9/137: [dune-configurator.2.7.0: http]
Processing 10/137: [dune-configurator.2.7.0: http]
[ERROR] Failed to get sources of dune-configurator.2.7.0: Curl failed
Processing 11/137: [either.1.0.0: http]
Processing 12/137: [either.1.0.0: http]
Processing 13/137: [either.1.0.0: http]
[ERROR] Failed to get sources of either.1.0.0: Curl failed
Processing 14/137: [ez_subst.0.2.1: http]
Processing 15/137: [ez_subst.0.2.1: http]
Processing 16/137: [ez_subst.0.2.1: http]
[ERROR] Failed to get sources of ez_subst.0.2.1: Curl failed
Processing 17/137: [fix.20230505: http]
[ERROR] Failed to get sources of fix.20230505: Curl failed
Processing 18/137: [fpath.0.7.3: http]
Processing 19/137: [fpath.0.7.3: http]
Processing 20/137: [fpath.0.7.3: http]
[ERROR] Failed to get sources of fpath.0.7.3: Curl failed
Processing 21/137: [jane-street-headers.v0.15.0: http]
[ERROR] Failed to get sources of jane-street-headers.v0.15.0: Curl failed
Processing 22/137: [jst-config.v0.15.1: http]
Processing 23/137: [jst-config.v0.15.1: http]
Processing 24/137: [jst-config.v0.15.1: http]
[ERROR] Failed to get sources of jst-config.v0.15.1: Curl failed
Processing 25/137: [menhir.20230608, menhirLib.20230608, menhirSdk.20230608: http]
[ERROR] Failed to get sources of menhir.20230608, menhirLib.20230608, menhirSdk.20230608 (https://gitlab.inria.fr/fpottier/menhir/-/archive/20230608/archive.tar.gz): Curl failed
Processing 26/137: [ocaml-compiler-libs.v0.12.4: http]
Processing 27/137: [ocaml-compiler-libs.v0.12.4: http]
Processing 28/137: [ocaml-compiler-libs.v0.12.4: http]
Processing 29/137: [ocaml-compiler-libs.v0.12.4: http]
Processing 30/137: [ocaml-compiler-libs.v0.12.4: http]
Processing 31/137: [ocaml-compiler-libs.v0.12.4: http]
Processing 32/137: [ocaml-compiler-libs.v0.12.4: http]
[ERROR] Failed to get sources of ocaml-compiler-libs.v0.12.4: Curl failed
Processing 33/137: [ocaml-version.3.5.0: http]
Processing 34/137: [ocaml-version.3.5.0: http]
Processing 35/137: [ocaml-version.3.5.0: http]
[ERROR] Failed to get sources of ocaml-version.3.5.0: Curl failed
Processing 36/137: [ocamlbuild.0.14.3: http]
Processing 37/137: [ocamlbuild.0.14.3: http]
Processing 38/137: [ocamlbuild.0.14.3: http]
[ERROR] Failed to get sources of ocamlbuild.0.14.3: Curl failed
Processing 39/137: [ocamlfind.1.9.6: http]
Processing 40/137: [ocamlfind.1.9.6: http]
Processing 41/137: [ocamlfind.1.9.6: http]
[ERROR] Failed to get sources of ocamlfind.1.9.6: Curl failed
Processing 42/137: [ocamlformat.0.21.0: http]
Processing 43/137: [ocamlformat.0.21.0: http]
Processing 44/137: [ocamlformat.0.21.0: http]
Processing 45/137: [ocamlformat.0.21.0: http]
Processing 46/137: [ocamlformat.0.21.0: http]
[ERROR] Failed to get sources of ocamlformat.0.21.0: Curl failed
Processing 47/137: [ocp-indent.1.8.1: http]
[ERROR] Failed to get sources of ocp-indent.1.8.1: Curl failed
Processing 48/137: [odoc-parser.1.0.0: http]
Processing 49/137: [odoc-parser.1.0.0: http]
Processing 50/137: [odoc-parser.1.0.0: http]
[ERROR] Failed to get sources of odoc-parser.1.0.0: Curl failed
Processing 51/137: [ppx_assert.v0.15.0: http]
[ERROR] Failed to get sources of ppx_assert.v0.15.0: Curl failed
Processing 52/137: [ppx_base.v0.15.0: http]
[ERROR] Failed to get sources of ppx_base.v0.15.0: Curl failed
Processing 53/137: [ppx_cold.v0.15.0: http]
[ERROR] Failed to get sources of ppx_cold.v0.15.0: Curl failed
Processing 54/137: [ppx_compare.v0.15.0: http]
[ERROR] Failed to get sources of ppx_compare.v0.15.0: Curl failed
Processing 55/137: [ppx_derivers.1.2.1: http]
[ERROR] Failed to get sources of ppx_derivers.1.2.1: Curl failed
Processing 56/137: [ppx_enumerate.v0.15.0: http]
Processing 57/137: [ppx_enumerate.v0.15.0: http]
Processing 58/137: [ppx_enumerate.v0.15.0: http]
[ERROR] Failed to get sources of ppx_enumerate.v0.15.0: Curl failed
Processing 59/137: [ppx_expect.v0.15.1: http]
[ERROR] Failed to get sources of ppx_expect.v0.15.1: Curl failed
Processing 60/137: [ppx_hash.v0.15.0: http]
[ERROR] Failed to get sources of ppx_hash.v0.15.0: Curl failed
Processing 61/137: [ppx_here.v0.15.0: http]
[ERROR] Failed to get sources of ppx_here.v0.15.0: Curl failed
Processing 62/137: [ppx_inline_test.v0.15.1: http]
[ERROR] Failed to get sources of ppx_inline_test.v0.15.1: Curl failed
Processing 63/137: [ppx_optcomp.v0.15.0: http]
[ERROR] Failed to get sources of ppx_optcomp.v0.15.0: Curl failed
Processing 64/137: [ppx_sexp_conv.v0.15.1: http]
[ERROR] Failed to get sources of ppx_sexp_conv.v0.15.1: Curl failed
Processing 65/137: [ppxlib.0.32.1: http]
[ERROR] Failed to get sources of ppxlib.0.32.1: Curl failed
Processing 66/137: [re.1.11.0: http]
[ERROR] Failed to get sources of re.1.11.0: Curl failed
Processing 67/137: [result.1.5: http]
[ERROR] Failed to get sources of result.1.5: Curl failed
Processing 68/137: [seq.base/META.seq: dl]
Processing 69/137: [seq.base/META.seq: dl]
Processing 70/137: [seq.base/META.seq: dl]
[ERROR] Failed to get extra source "META.seq" of seq.base: Curl failed
Processing 71/137: [sexplib0.v0.15.1: http]
Processing 72/137: [sexplib0.v0.15.1: http]
Processing 73/137: [sexplib0.v0.15.1: http]
Processing 74/137: [sexplib0.v0.15.1: http]
Processing 75/137: [sexplib0.v0.15.1: http]
[ERROR] Failed to get sources of sexplib0.v0.15.1: Curl failed
Processing 76/137: [stdio.v0.15.0: http]
Processing 77/137: [stdio.v0.15.0: http]
Processing 78/137: [stdio.v0.15.0: http]
Processing 79/137: [stdio.v0.15.0: http]
Processing 80/137: [stdio.v0.15.0: http]
[ERROR] Failed to get sources of stdio.v0.15.0: Curl failed
Processing 81/137: [stdlib-shims.0.3.0: http]
Processing 82/137: [stdlib-shims.0.3.0: http]
Processing 83/137: [stdlib-shims.0.3.0: http]
[ERROR] Failed to get sources of stdlib-shims.0.3.0: Curl failed
Processing 84/137: [time_now.v0.15.0: http]
Processing 85/137: [time_now.v0.15.0: http]
Processing 86/137: [time_now.v0.15.0: http]
Processing 87/137: [time_now.v0.15.0: http]
Processing 88/137: [time_now.v0.15.0: http]
Processing 89/137: [time_now.v0.15.0: http]
Processing 90/137: [time_now.v0.15.0: http]
Processing 91/137: [time_now.v0.15.0: http]
Processing 92/137: [time_now.v0.15.0: http]
Processing 93/137: [time_now.v0.15.0: http]
Processing 94/137: [time_now.v0.15.0: http]
Processing 95/137: [time_now.v0.15.0: http]
Processing 96/137: [time_now.v0.15.0: http]
Processing 97/137: [time_now.v0.15.0: http]
Processing 98/137: [time_now.v0.15.0: http]
Processing 99/137: [time_now.v0.15.0: http]
Processing 100/137: [time_now.v0.15.0: http]
Processing 101/137: [time_now.v0.15.0: http]
Processing 102/137: [time_now.v0.15.0: http]
Processing 103/137: [time_now.v0.15.0: http]
Processing 104/137: [time_now.v0.15.0: http]
Processing 105/137: [time_now.v0.15.0: http]
Processing 106/137: [time_now.v0.15.0: http]
Processing 107/137: [time_now.v0.15.0: http]
Processing 108/137: [time_now.v0.15.0: http]
Processing 109/137: [time_now.v0.15.0: http]
[ERROR] Failed to get sources of time_now.v0.15.0: Curl failed
Processing 110/137: [topkg.1.0.7: http]
Processing 111/137: [topkg.1.0.7: http]
Processing 112/137: [topkg.1.0.7: http]
Processing 113/137: [topkg.1.0.7: http]
Processing 114/137: [topkg.1.0.7: http]
Processing 115/137: [topkg.1.0.7: http]
Processing 116/137: [topkg.1.0.7: http]
[ERROR] Failed to get sources of topkg.1.0.7: Curl failed
Processing 117/137: [uucp.15.0.0: http]
Processing 118/137: [uucp.15.0.0: http]
Processing 119/137: [uucp.15.0.0: http]
Processing 120/137: [uucp.15.0.0: http]
Processing 121/137: [uucp.15.0.0: http]
Processing 122/137: [uucp.15.0.0: http]
Processing 123/137: [uucp.15.0.0: http]
Processing 124/137: [uucp.15.0.0: http]
Processing 125/137: [uucp.15.0.0: http]
[ERROR] Failed to get sources of uucp.15.0.0: Curl failed
Processing 126/137: [uuseg.15.0.0: http]
[ERROR] Failed to get sources of uuseg.15.0.0: Curl failed
Processing 127/137: [uutf.1.0.3: http]
[ERROR] Failed to get sources of uutf.1.0.3: Curl failed

#=== ERROR while fetching sources for uutf.1.0.3 ==============================#
OpamSolution.Fetch_fail("https://erratique.ch/software/uutf/releases/uutf-1.0.3.tbz (Curl failed: \"/usr/bin/curl --write-out %{http_code}\\\\n --retry 3 --retry-delay 2 --user-agent opam/2.2.0~rc1~dev -L -o /home/opam/.opam/4.14/.opam-switch/sources/uutf.1.0.3/uutf-1.0.3.tbz.part -- https://erratique.ch/software/uutf/releases/uutf-1.0.3.tbz\" exited with code 6)")

#=== ERROR while fetching sources for uuseg.15.0.0 ============================#
OpamSolution.Fetch_fail("https://erratique.ch/software/uuseg/releases/uuseg-15.0.0.tbz (Curl failed: \"/usr/bin/curl --write-out %{http_code}\\\\n --retry 3 --retry-delay 2 --user-agent opam/2.2.0~rc1~dev -L -o /home/opam/.opam/4.14/.opam-switch/sources/uuseg.15.0.0/uuseg-15.0.0.tbz.part -- https://erratique.ch/software/uuseg/releases/uuseg-15.0.0.tbz\" exited with code 6)")

#=== ERROR while fetching sources for uucp.15.0.0 =============================#
OpamSolution.Fetch_fail("https://erratique.ch/software/uucp/releases/uucp-15.0.0.tbz (Curl failed: \"/usr/bin/curl --write-out %{http_code}\\\\n --retry 3 --retry-delay 2 --user-agent opam/2.2.0~rc1~dev -L -o /home/opam/.opam/4.14/.opam-switch/sources/uucp.15.0.0/uucp-15.0.0.tbz.part -- https://erratique.ch/software/uucp/releases/uucp-15.0.0.tbz\" exited with code 6)")

#=== ERROR while fetching sources for topkg.1.0.7 =============================#
OpamSolution.Fetch_fail("https://erratique.ch/software/topkg/releases/topkg-1.0.7.tbz (Curl failed: \"/usr/bin/curl --write-out %{http_code}\\\\n --retry 3 --retry-delay 2 --user-agent opam/2.2.0~rc1~dev -L -o /home/opam/.opam/4.14/.opam-switch/sources/topkg.1.0.7/topkg-1.0.7.tbz.part -- https://erratique.ch/software/topkg/releases/topkg-1.0.7.tbz\" exited with code 6)")

#=== ERROR while fetching sources for time_now.v0.15.0 ========================#
OpamSolution.Fetch_fail("https://ocaml.janestreet.com/ocaml-core/v0.15/files/time_now-v0.15.0.tar.gz (Curl failed: \"/usr/bin/curl --write-out %{http_code}\\\\n --retry 3 --retry-delay 2 --user-agent opam/2.2.0~rc1~dev -L -o /home/opam/.opam/4.14/.opam-switch/sources/time_now.v0.15.0/time_now-v0.15.0.tar.gz.part -- https://ocaml.janestreet.com/ocaml-core/v0.15/files/time_now-v0.15.0.tar.gz\" exited with code 6)")

#=== ERROR while fetching sources for stdlib-shims.0.3.0 ======================#
OpamSolution.Fetch_fail("https://github.com/ocaml/stdlib-shims/releases/download/0.3.0/stdlib-shims-0.3.0.tbz (Curl failed: \"/usr/bin/curl --write-out %{http_code}\\\\n --retry 3 --retry-delay 2 --user-agent opam/2.2.0~rc1~dev -L -o /home/opam/.opam/4.14/.opam-switch/sources/stdlib-shims.0.3.0/stdlib-shims-0.3.0.tbz.part -- https://github.com/ocaml/stdlib-shims/releases/download/0.3.0/stdlib-shims-0.3.0.tbz\" exited with code 6)")

#=== ERROR while fetching sources for stdio.v0.15.0 ===========================#
OpamSolution.Fetch_fail("https://ocaml.janestreet.com/ocaml-core/v0.15/files/stdio-v0.15.0.tar.gz (Curl failed: \"/usr/bin/curl --write-out %{http_code}\\\\n --retry 3 --retry-delay 2 --user-agent opam/2.2.0~rc1~dev -L -o /home/opam/.opam/4.14/.opam-switch/sources/stdio.v0.15.0/stdio-v0.15.0.tar.gz.part -- https://ocaml.janestreet.com/ocaml-core/v0.15/files/stdio-v0.15.0.tar.gz\" exited with code 6)")

#=== ERROR while fetching sources for sexplib0.v0.15.1 ========================#
OpamSolution.Fetch_fail("https://github.com/janestreet/sexplib0/archive/refs/tags/v0.15.1.tar.gz (Curl failed: \"/usr/bin/curl --write-out %{http_code}\\\\n --retry 3 --retry-delay 2 --user-agent opam/2.2.0~rc1~dev -L -o /home/opam/.opam/4.14/.opam-switch/sources/sexplib0.v0.15.1/v0.15.1.tar.gz.part -- https://github.com/janestreet/sexplib0/archive/refs/tags/v0.15.1.tar.gz\" exited with code 6)")

#=== ERROR while fetching sources for seq.base ================================#
OpamSolution.Fetch_fail("https://raw.githubusercontent.com/ocaml/opam-source-archives/main/patches/seq/META.seq (Curl failed: \"/usr/bin/curl --write-out %{http_code}\\\\n --retry 3 --retry-delay 2 --user-agent opam/2.2.0~rc1~dev -L -o /tmp/opam-7-4e0a0f/META.seq.part -- https://raw.githubusercontent.com/ocaml/opam-source-archives/main/patches/seq/META.seq\" exited with code 6)")

#=== ERROR while fetching sources for result.1.5 ==============================#
OpamSolution.Fetch_fail("https://github.com/janestreet/result/releases/download/1.5/result-1.5.tbz (Curl failed: \"/usr/bin/curl --write-out %{http_code}\\\\n --retry 3 --retry-delay 2 --user-agent opam/2.2.0~rc1~dev -L -o /home/opam/.opam/4.14/.opam-switch/sources/result.1.5/result-1.5.tbz.part -- https://github.com/janestreet/result/releases/download/1.5/result-1.5.tbz\" exited with code 6)")

#=== ERROR while fetching sources for re.1.11.0 ===============================#
OpamSolution.Fetch_fail("https://github.com/ocaml/ocaml-re/releases/download/1.11.0/re-1.11.0.tbz (Curl failed: \"/usr/bin/curl --write-out %{http_code}\\\\n --retry 3 --retry-delay 2 --user-agent opam/2.2.0~rc1~dev -L -o /home/opam/.opam/4.14/.opam-switch/sources/re.1.11.0/re-1.11.0.tbz.part -- https://github.com/ocaml/ocaml-re/releases/download/1.11.0/re-1.11.0.tbz\" exited with code 6)")

#=== ERROR while fetching sources for ppxlib.0.32.1 ===========================#
OpamSolution.Fetch_fail("https://github.com/ocaml-ppx/ppxlib/releases/download/0.32.1/ppxlib-0.32.1.tbz (Curl failed: \"/usr/bin/curl --write-out %{http_code}\\\\n --retry 3 --retry-delay 2 --user-agent opam/2.2.0~rc1~dev -L -o /home/opam/.opam/4.14/.opam-switch/sources/ppxlib.0.32.1/ppxlib-0.32.1.tbz.part -- https://github.com/ocaml-ppx/ppxlib/releases/download/0.32.1/ppxlib-0.32.1.tbz\" exited with code 6)")

#=== ERROR while fetching sources for ppx_sexp_conv.v0.15.1 ===================#
OpamSolution.Fetch_fail("https://github.com/janestreet/ppx_sexp_conv/archive/refs/tags/v0.15.1.tar.gz (Curl failed: \"/usr/bin/curl --write-out %{http_code}\\\\n --retry 3 --retry-delay 2 --user-agent opam/2.2.0~rc1~dev -L -o /home/opam/.opam/4.14/.opam-switch/sources/ppx_sexp_conv.v0.15.1/v0.15.1.tar.gz.part -- https://github.com/janestreet/ppx_sexp_conv/archive/refs/tags/v0.15.1.tar.gz\" exited with code 6)")

#=== ERROR while fetching sources for ppx_optcomp.v0.15.0 =====================#
OpamSolution.Fetch_fail("https://ocaml.janestreet.com/ocaml-core/v0.15/files/ppx_optcomp-v0.15.0.tar.gz (Curl failed: \"/usr/bin/curl --write-out %{http_code}\\\\n --retry 3 --retry-delay 2 --user-agent opam/2.2.0~rc1~dev -L -o /home/opam/.opam/4.14/.opam-switch/sources/ppx_optcomp.v0.15.0/ppx_optcomp-v0.15.0.tar.gz.part -- https://ocaml.janestreet.com/ocaml-core/v0.15/files/ppx_optcomp-v0.15.0.tar.gz\" exited with code 6)")

#=== ERROR while fetching sources for ppx_inline_test.v0.15.1 =================#
OpamSolution.Fetch_fail("https://github.com/janestreet/ppx_inline_test/archive/refs/tags/v0.15.1.tar.gz (Curl failed: \"/usr/bin/curl --write-out %{http_code}\\\\n --retry 3 --retry-delay 2 --user-agent opam/2.2.0~rc1~dev -L -o /home/opam/.opam/4.14/.opam-switch/sources/ppx_inline_test.v0.15.1/v0.15.1.tar.gz.part -- https://github.com/janestreet/ppx_inline_test/archive/refs/tags/v0.15.1.tar.gz\" exited with code 6)")

#=== ERROR while fetching sources for ppx_here.v0.15.0 ========================#
OpamSolution.Fetch_fail("https://ocaml.janestreet.com/ocaml-core/v0.15/files/ppx_here-v0.15.0.tar.gz (Curl failed: \"/usr/bin/curl --write-out %{http_code}\\\\n --retry 3 --retry-delay 2 --user-agent opam/2.2.0~rc1~dev -L -o /home/opam/.opam/4.14/.opam-switch/sources/ppx_here.v0.15.0/ppx_here-v0.15.0.tar.gz.part -- https://ocaml.janestreet.com/ocaml-core/v0.15/files/ppx_here-v0.15.0.tar.gz\" exited with code 6)")

#=== ERROR while fetching sources for ppx_hash.v0.15.0 ========================#
OpamSolution.Fetch_fail("https://ocaml.janestreet.com/ocaml-core/v0.15/files/ppx_hash-v0.15.0.tar.gz (Curl failed: \"/usr/bin/curl --write-out %{http_code}\\\\n --retry 3 --retry-delay 2 --user-agent opam/2.2.0~rc1~dev -L -o /home/opam/.opam/4.14/.opam-switch/sources/ppx_hash.v0.15.0/ppx_hash-v0.15.0.tar.gz.part -- https://ocaml.janestreet.com/ocaml-core/v0.15/files/ppx_hash-v0.15.0.tar.gz\" exited with code 6)")

#=== ERROR while fetching sources for ppx_expect.v0.15.1 ======================#
OpamSolution.Fetch_fail("https://github.com/janestreet/ppx_expect/archive/refs/tags/v0.15.1.tar.gz (Curl failed: \"/usr/bin/curl --write-out %{http_code}\\\\n --retry 3 --retry-delay 2 --user-agent opam/2.2.0~rc1~dev -L -o /home/opam/.opam/4.14/.opam-switch/sources/ppx_expect.v0.15.1/v0.15.1.tar.gz.part -- https://github.com/janestreet/ppx_expect/archive/refs/tags/v0.15.1.tar.gz\" exited with code 6)")

#=== ERROR while fetching sources for ppx_enumerate.v0.15.0 ===================#
OpamSolution.Fetch_fail("https://ocaml.janestreet.com/ocaml-core/v0.15/files/ppx_enumerate-v0.15.0.tar.gz (Curl failed: \"/usr/bin/curl --write-out %{http_code}\\\\n --retry 3 --retry-delay 2 --user-agent opam/2.2.0~rc1~dev -L -o /home/opam/.opam/4.14/.opam-switch/sources/ppx_enumerate.v0.15.0/ppx_enumerate-v0.15.0.tar.gz.part -- https://ocaml.janestreet.com/ocaml-core/v0.15/files/ppx_enumerate-v0.15.0.tar.gz\" exited with code 6)")

#=== ERROR while fetching sources for ppx_derivers.1.2.1 ======================#
OpamSolution.Fetch_fail("https://github.com/ocaml-ppx/ppx_derivers/archive/1.2.1.tar.gz (Curl failed: \"/usr/bin/curl --write-out %{http_code}\\\\n --retry 3 --retry-delay 2 --user-agent opam/2.2.0~rc1~dev -L -o /home/opam/.opam/4.14/.opam-switch/sources/ppx_derivers.1.2.1/1.2.1.tar.gz.part -- https://github.com/ocaml-ppx/ppx_derivers/archive/1.2.1.tar.gz\" exited with code 6)")

#=== ERROR while fetching sources for ppx_compare.v0.15.0 =====================#
OpamSolution.Fetch_fail("https://ocaml.janestreet.com/ocaml-core/v0.15/files/ppx_compare-v0.15.0.tar.gz (Curl failed: \"/usr/bin/curl --write-out %{http_code}\\\\n --retry 3 --retry-delay 2 --user-agent opam/2.2.0~rc1~dev -L -o /home/opam/.opam/4.14/.opam-switch/sources/ppx_compare.v0.15.0/ppx_compare-v0.15.0.tar.gz.part -- https://ocaml.janestreet.com/ocaml-core/v0.15/files/ppx_compare-v0.15.0.tar.gz\" exited with code 6)")

#=== ERROR while fetching sources for ppx_cold.v0.15.0 ========================#
OpamSolution.Fetch_fail("https://ocaml.janestreet.com/ocaml-core/v0.15/files/ppx_cold-v0.15.0.tar.gz (Curl failed: \"/usr/bin/curl --write-out %{http_code}\\\\n --retry 3 --retry-delay 2 --user-agent opam/2.2.0~rc1~dev -L -o /home/opam/.opam/4.14/.opam-switch/sources/ppx_cold.v0.15.0/ppx_cold-v0.15.0.tar.gz.part -- https://ocaml.janestreet.com/ocaml-core/v0.15/files/ppx_cold-v0.15.0.tar.gz\" exited with code 6)")

#=== ERROR while fetching sources for ppx_base.v0.15.0 ========================#
OpamSolution.Fetch_fail("https://ocaml.janestreet.com/ocaml-core/v0.15/files/ppx_base-v0.15.0.tar.gz (Curl failed: \"/usr/bin/curl --write-out %{http_code}\\\\n --retry 3 --retry-delay 2 --user-agent opam/2.2.0~rc1~dev -L -o /home/opam/.opam/4.14/.opam-switch/sources/ppx_base.v0.15.0/ppx_base-v0.15.0.tar.gz.part -- https://ocaml.janestreet.com/ocaml-core/v0.15/files/ppx_base-v0.15.0.tar.gz\" exited with code 6)")

#=== ERROR while fetching sources for ppx_assert.v0.15.0 ======================#
OpamSolution.Fetch_fail("https://ocaml.janestreet.com/ocaml-core/v0.15/files/ppx_assert-v0.15.0.tar.gz (Curl failed: \"/usr/bin/curl --write-out %{http_code}\\\\n --retry 3 --retry-delay 2 --user-agent opam/2.2.0~rc1~dev -L -o /home/opam/.opam/4.14/.opam-switch/sources/ppx_assert.v0.15.0/ppx_assert-v0.15.0.tar.gz.part -- https://ocaml.janestreet.com/ocaml-core/v0.15/files/ppx_assert-v0.15.0.tar.gz\" exited with code 6)")

#=== ERROR while fetching sources for odoc-parser.1.0.0 =======================#
OpamSolution.Fetch_fail("https://github.com/ocaml-doc/odoc-parser/releases/download/1.0.0/odoc-parser-1.0.0.tbz (Curl failed: \"/usr/bin/curl --write-out %{http_code}\\\\n --retry 3 --retry-delay 2 --user-agent opam/2.2.0~rc1~dev -L -o /home/opam/.opam/4.14/.opam-switch/sources/odoc-parser.1.0.0/odoc-parser-1.0.0.tbz.part -- https://github.com/ocaml-doc/odoc-parser/releases/download/1.0.0/odoc-parser-1.0.0.tbz\" exited with code 6)")

#=== ERROR while fetching sources for ocp-indent.1.8.1 ========================#
OpamSolution.Fetch_fail("https://github.com/OCamlPro/ocp-indent/archive/1.8.1.tar.gz (Curl failed: \"/usr/bin/curl --write-out %{http_code}\\\\n --retry 3 --retry-delay 2 --user-agent opam/2.2.0~rc1~dev -L -o /home/opam/.opam/4.14/.opam-switch/sources/ocp-indent.1.8.1/1.8.1.tar.gz.part -- https://github.com/OCamlPro/ocp-indent/archive/1.8.1.tar.gz\" exited with code 6)")

#=== ERROR while fetching sources for ocamlformat.0.21.0 ======================#
OpamSolution.Fetch_fail("https://github.com/ocaml-ppx/ocamlformat/releases/download/0.21.0/ocamlformat-0.21.0.tbz (Curl failed: \"/usr/bin/curl --write-out %{http_code}\\\\n --retry 3 --retry-delay 2 --user-agent opam/2.2.0~rc1~dev -L -o /home/opam/.opam/4.14/.opam-switch/sources/ocamlformat.0.21.0/ocamlformat-0.21.0.tbz.part -- https://github.com/ocaml-ppx/ocamlformat/releases/download/0.21.0/ocamlformat-0.21.0.tbz\" exited with code 6)")

#=== ERROR while fetching sources for ocamlfind.1.9.6 =========================#
OpamSolution.Fetch_fail("http://download.camlcity.org/download/findlib-1.9.6.tar.gz (Curl failed: \"/usr/bin/curl --write-out %{http_code}\\\\n --retry 3 --retry-delay 2 --user-agent opam/2.2.0~rc1~dev -L -o /home/opam/.opam/4.14/.opam-switch/sources/ocamlfind.1.9.6/findlib-1.9.6.tar.gz.part -- http://download.camlcity.org/download/findlib-1.9.6.tar.gz\" exited with code 6)")

#=== ERROR while fetching sources for ocamlbuild.0.14.3 =======================#
OpamSolution.Fetch_fail("https://github.com/ocaml/ocamlbuild/archive/refs/tags/0.14.3.tar.gz (Curl failed: \"/usr/bin/curl --write-out %{http_code}\\\\n --retry 3 --retry-delay 2 --user-agent opam/2.2.0~rc1~dev -L -o /home/opam/.opam/4.14/.opam-switch/sources/ocamlbuild.0.14.3/0.14.3.tar.gz.part -- https://github.com/ocaml/ocamlbuild/archive/refs/tags/0.14.3.tar.gz\" exited with code 6)")

#=== ERROR while fetching sources for ocaml-version.3.5.0 =====================#
OpamSolution.Fetch_fail("https://github.com/ocurrent/ocaml-version/releases/download/v3.5.0/ocaml-version-3.5.0.tbz (Curl failed: \"/usr/bin/curl --write-out %{http_code}\\\\n --retry 3 --retry-delay 2 --user-agent opam/2.2.0~rc1~dev -L -o /home/opam/.opam/4.14/.opam-switch/sources/ocaml-version.3.5.0/ocaml-version-3.5.0.tbz.part -- https://github.com/ocurrent/ocaml-version/releases/download/v3.5.0/ocaml-version-3.5.0.tbz\" exited with code 6)")

#=== ERROR while fetching sources for ocaml-compiler-libs.v0.12.4 =============#
OpamSolution.Fetch_fail("https://github.com/janestreet/ocaml-compiler-libs/releases/download/v0.12.4/ocaml-compiler-libs-v0.12.4.tbz (Curl failed: \"/usr/bin/curl --write-out %{http_code}\\\\n --retry 3 --retry-delay 2 --user-agent opam/2.2.0~rc1~dev -L -o /home/opam/.opam/4.14/.opam-switch/sources/ocaml-compiler-libs.v0.12.4/ocaml-compiler-libs-v0.12.4.tbz.part -- https://github.com/janestreet/ocaml-compiler-libs/releases/download/v0.12.4/ocaml-compiler-libs-v0.12.4.tbz\" exited with code 6)")

#=== ERROR while fetching sources for menhir.20230608, menhirLib.20230608 and menhirSdk.20230608 
OpamSolution.Fetch_fail("https://gitlab.inria.fr/fpottier/menhir/-/archive/20230608/archive.tar.gz (Curl failed: \"/usr/bin/curl --write-out %{http_code}\\\\n --retry 3 --retry-delay 2 --user-agent opam/2.2.0~rc1~dev -L -o /tmp/opam-7-9557cb/archive.tar.gz.part -- https://gitlab.inria.fr/fpottier/menhir/-/archive/20230608/archive.tar.gz\" exited with code 6)")

#=== ERROR while fetching sources for jst-config.v0.15.1 ======================#
OpamSolution.Fetch_fail("https://github.com/janestreet/jst-config/archive/refs/tags/v0.15.1.tar.gz (Curl failed: \"/usr/bin/curl --write-out %{http_code}\\\\n --retry 3 --retry-delay 2 --user-agent opam/2.2.0~rc1~dev -L -o /home/opam/.opam/4.14/.opam-switch/sources/jst-config.v0.15.1/v0.15.1.tar.gz.part -- https://github.com/janestreet/jst-config/archive/refs/tags/v0.15.1.tar.gz\" exited with code 6)")

#=== ERROR while fetching sources for jane-street-headers.v0.15.0 =============#
OpamSolution.Fetch_fail("https://ocaml.janestreet.com/ocaml-core/v0.15/files/jane-street-headers-v0.15.0.tar.gz (Curl failed: \"/usr/bin/curl --write-out %{http_code}\\\\n --retry 3 --retry-delay 2 --user-agent opam/2.2.0~rc1~dev -L -o /home/opam/.opam/4.14/.opam-switch/sources/jane-street-headers.v0.15.0/jane-street-headers-v0.15.0.tar.gz.part -- https://ocaml.janestreet.com/ocaml-core/v0.15/files/jane-street-headers-v0.15.0.tar.gz\" exited with code 6)")

#=== ERROR while fetching sources for fpath.0.7.3 =============================#
OpamSolution.Fetch_fail("https://erratique.ch/software/fpath/releases/fpath-0.7.3.tbz (Curl failed: \"/usr/bin/curl --write-out %{http_code}\\\\n --retry 3 --retry-delay 2 --user-agent opam/2.2.0~rc1~dev -L -o /home/opam/.opam/4.14/.opam-switch/sources/fpath.0.7.3/fpath-0.7.3.tbz.part -- https://erratique.ch/software/fpath/releases/fpath-0.7.3.tbz\" exited with code 6)")

#=== ERROR while fetching sources for fix.20230505 ============================#
OpamSolution.Fetch_fail("https://gitlab.inria.fr/fpottier/fix/-/archive/20230505/archive.tar.gz (Curl failed: \"/usr/bin/curl --write-out %{http_code}\\\\n --retry 3 --retry-delay 2 --user-agent opam/2.2.0~rc1~dev -L -o /home/opam/.opam/4.14/.opam-switch/sources/fix.20230505/archive.tar.gz.part -- https://gitlab.inria.fr/fpottier/fix/-/archive/20230505/archive.tar.gz\" exited with code 6)")

#=== ERROR while fetching sources for ez_subst.0.2.1 ==========================#
OpamSolution.Fetch_fail("https://github.com/ocamlpro/ez_subst/archive/v0.2.1.tar.gz (Curl failed: \"/usr/bin/curl --write-out %{http_code}\\\\n --retry 3 --retry-delay 2 --user-agent opam/2.2.0~rc1~dev -L -o /home/opam/.opam/4.14/.opam-switch/sources/ez_subst.0.2.1/v0.2.1.tar.gz.part -- https://github.com/ocamlpro/ez_subst/archive/v0.2.1.tar.gz\" exited with code 6)")

#=== ERROR while fetching sources for either.1.0.0 ============================#
OpamSolution.Fetch_fail("https://github.com/mirage/either/releases/download/1.0.0/either-1.0.0.tbz (Curl failed: \"/usr/bin/curl --write-out %{http_code}\\\\n --retry 3 --retry-delay 2 --user-agent opam/2.2.0~rc1~dev -L -o /home/opam/.opam/4.14/.opam-switch/sources/either.1.0.0/either-1.0.0.tbz.part -- https://github.com/mirage/either/releases/download/1.0.0/either-1.0.0.tbz\" exited with code 6)")

#=== ERROR while fetching sources for dune-configurator.2.7.0 =================#
OpamSolution.Fetch_fail("https://github.com/ocaml/dune/releases/download/2.7.0/dune-2.7.0.tbz (Curl failed: \"/usr/bin/curl --write-out %{http_code}\\\\n --retry 3 --retry-delay 2 --user-agent opam/2.2.0~rc1~dev -L -o /home/opam/.opam/4.14/.opam-switch/sources/dune-configurator.2.7.0/dune-2.7.0.tbz.part -- https://github.com/ocaml/dune/releases/download/2.7.0/dune-2.7.0.tbz\" exited with code 6)")

#=== ERROR while fetching sources for dune-build-info.3.16.0 ==================#
OpamSolution.Fetch_fail("https://github.com/ocaml/dune/releases/download/3.16.0/dune-3.16.0.tbz (Curl failed: \"/usr/bin/curl --write-out %{http_code}\\\\n --retry 3 --retry-delay 2 --user-agent opam/2.2.0~rc1~dev -L -o /home/opam/.opam/4.14/.opam-switch/sources/dune-build-info.3.16.0/dune-3.16.0.tbz.part -- https://github.com/ocaml/dune/releases/download/3.16.0/dune-3.16.0.tbz\" exited with code 6)")

#=== ERROR while fetching sources for cmdliner.1.3.0 ==========================#
OpamSolution.Fetch_fail("https://erratique.ch/software/cmdliner/releases/cmdliner-1.3.0.tbz (Curl failed: \"/usr/bin/curl --write-out %{http_code}\\\\n --retry 3 --retry-delay 2 --user-agent opam/2.2.0~rc1~dev -L -o /home/opam/.opam/4.14/.opam-switch/sources/cmdliner.1.3.0/cmdliner-1.3.0.tbz.part -- https://erratique.ch/software/cmdliner/releases/cmdliner-1.3.0.tbz\" exited with code 6)")

#=== ERROR while fetching sources for base.v0.15.1 ============================#
OpamSolution.Fetch_fail("https://github.com/janestreet/base/archive/refs/tags/v0.15.1.tar.gz (Curl failed: \"/usr/bin/curl --write-out %{http_code}\\\\n --retry 3 --retry-delay 2 --user-agent opam/2.2.0~rc1~dev -L -o /home/opam/.opam/4.14/.opam-switch/sources/base.v0.15.1/v0.15.1.tar.gz.part -- https://github.com/janestreet/base/archive/refs/tags/v0.15.1.tar.gz\" exited with code 6)")

#=== ERROR while fetching sources for astring.0.8.5 ===========================#
OpamSolution.Fetch_fail("https://erratique.ch/software/astring/releases/astring-0.8.5.tbz (Curl failed: \"/usr/bin/curl --write-out %{http_code}\\\\n --retry 3 --retry-delay 2 --user-agent opam/2.2.0~rc1~dev -L -o /home/opam/.opam/4.14/.opam-switch/sources/astring.0.8.5/astring-0.8.5.tbz.part -- https://erratique.ch/software/astring/releases/astring-0.8.5.tbz\" exited with code 6)")


<><> Error report <><><><><><><><><><><><><><><><><><><><><><><><><><><><><><><>
+- The following actions were aborted
| - install base-bytes base
+- 
+- The following actions failed
| - fetch astring                                                 0.8.5
| - fetch base                                                    v0.15.1
| - fetch cmdliner                                                1.3.0
| - fetch dune-build-info                                         3.16.0
| - fetch dune-configurator                                       2.7.0
| - fetch either                                                  1.0.0
| - fetch ez_subst                                                0.2.1
| - fetch fix                                                     20230505
| - fetch fpath                                                   0.7.3
| - fetch jane-street-headers                                     v0.15.0
| - fetch jst-config                                              v0.15.1
| - fetch menhir.20230608, menhirLib.20230608, menhirSdk.20230608 
| - fetch ocaml-compiler-libs                                     v0.12.4
| - fetch ocaml-version                                           3.5.0
| - fetch ocamlbuild                                              0.14.3
| - fetch ocamlfind                                               1.9.6
| - fetch ocamlformat                                             0.21.0
| - fetch ocp-indent                                              1.8.1
| - fetch odoc-parser                                             1.0.0
| - fetch ppx_assert                                              v0.15.0
| - fetch ppx_base                                                v0.15.0
| - fetch ppx_cold                                                v0.15.0
| - fetch ppx_compare                                             v0.15.0
| - fetch ppx_derivers                                            1.2.1
| - fetch ppx_enumerate                                           v0.15.0
| - fetch ppx_expect                                              v0.15.1
| - fetch ppx_hash                                                v0.15.0
| - fetch ppx_here                                                v0.15.0
| - fetch ppx_inline_test                                         v0.15.1
| - fetch ppx_optcomp                                             v0.15.0
| - fetch ppx_sexp_conv                                           v0.15.1
| - fetch ppxlib                                                  0.32.1
| - fetch re                                                      1.11.0
| - fetch result                                                  1.5
| - fetch seq                                                     base
| - fetch sexplib0                                                v0.15.1
| - fetch stdio                                                   v0.15.0
| - fetch stdlib-shims                                            0.3.0
| - fetch time_now                                                v0.15.0
| - fetch topkg                                                   1.0.7
| - fetch uucp                                                    15.0.0
| - fetch uuseg                                                   15.0.0
| - fetch uutf                                                    1.0.3
+- 
- No changes have been performed
# Run eval $(opam env) to update the current shell environment
'opam reinstall --with-test --verbose ez_subst.0.2.1' failed.
"/usr/bin/env" "bash" "-c" "opam reinstall --with-test --verbose ez_subst.0.2.1;
        res=$?;
        test "$res" != 31 && exit "$res";
        export OPAMCLI=2.0;
        build_dir=$(opam var prefix)/.opam-switch/build;
        failed=$(ls "$build_dir");
        partial_fails="";
        for pkg in $failed; do
          if opam show -f x-ci-accept-failures: "$pkg" | grep -qF "\"debian-12\""; then
            echo "A package failed and has been disabled for CI using the 'x-ci-accept-failures' field.";
          fi;
          test "$pkg" != 'ez_subst.0.2.1' && partial_fails="$partial_fails $pkg";
        done;
        test "${partial_fails}" != "" && echo "opam-repo-ci detected dependencies failing: ${partial_fails}";
        exit 1" failed with exit status 40
2024-06-25 21:01.19: Job failed: Failed: Build failed
2024-06-25 21:01.19: Log analysis:
2024-06-25 21:01.19: >>> 
[ERROR] Sorry, resolution of the request timed out.
 (score = 20)
2024-06-25 21:01.19: >>> 
[ERROR] Failed to get sources of astring.0.8.5: Curl failed
 (score = 25)
2024-06-25 21:01.19: >>> 
[ERROR] Failed to get sources of base.v0.15.1: Curl failed
 (score = 25)
2024-06-25 21:01.19: >>> 
[ERROR] Failed to get sources of cmdliner.1.3.0: Curl failed
 (score = 25)
2024-06-25 21:01.19: >>> 
[ERROR] Failed to get sources of dune-build-info.3.16.0: Curl failed
 (score = 25)
2024-06-25 21:01.19: >>> 
[ERROR] Failed to get sources of dune-configurator.2.7.0: Curl failed
 (score = 25)
2024-06-25 21:01.19: >>> 
[ERROR] Failed to get sources of either.1.0.0: Curl failed
 (score = 25)
2024-06-25 21:01.19: >>> 
[ERROR] Failed to get sources of ez_subst.0.2.1: Curl failed
 (score = 25)
2024-06-25 21:01.19: >>> 
[ERROR] Failed to get sources of fix.20230505: Curl failed
 (score = 25)
2024-06-25 21:01.19: >>> 
[ERROR] Failed to get sources of fpath.0.7.3: Curl failed
 (score = 25)
2024-06-25 21:01.19: >>> 
[ERROR] Failed to get sources of jane-street-headers.v0.15.0: Curl failed
 (score = 25)
2024-06-25 21:01.19: >>> 
[ERROR] Failed to get sources of jst-config.v0.15.1: Curl failed
 (score = 25)
2024-06-25 21:01.19: >>> 
[ERROR] Failed to get sources of menhir.20230608, menhirLib.20230608, menhirSdk.20230608 (https://gitlab.inria.fr/fpottier/menhir/-/archive/20230608/archive.tar.gz): Curl failed
 (score = 25)
2024-06-25 21:01.19: >>> 
[ERROR] Failed to get sources of ocaml-compiler-libs.v0.12.4: Curl failed
 (score = 25)
2024-06-25 21:01.19: >>> 
[ERROR] Failed to get sources of ocaml-version.3.5.0: Curl failed
 (score = 25)
2024-06-25 21:01.19: >>> 
[ERROR] Failed to get sources of ocamlbuild.0.14.3: Curl failed
 (score = 25)
2024-06-25 21:01.19: >>> 
[ERROR] Failed to get sources of ocamlfind.1.9.6: Curl failed
 (score = 25)
2024-06-25 21:01.19: >>> 
[ERROR] Failed to get sources of ocamlformat.0.21.0: Curl failed
 (score = 25)
2024-06-25 21:01.19: >>> 
[ERROR] Failed to get sources of ocp-indent.1.8.1: Curl failed
 (score = 25)
2024-06-25 21:01.19: >>> 
[ERROR] Failed to get sources of odoc-parser.1.0.0: Curl failed
 (score = 25)
2024-06-25 21:01.19: >>> 
[ERROR] Failed to get sources of ppx_assert.v0.15.0: Curl failed
 (score = 25)
2024-06-25 21:01.19: >>> 
[ERROR] Failed to get sources of ppx_base.v0.15.0: Curl failed
 (score = 25)
2024-06-25 21:01.19: >>> 
[ERROR] Failed to get sources of ppx_cold.v0.15.0: Curl failed
 (score = 25)
2024-06-25 21:01.19: >>> 
[ERROR] Failed to get sources of ppx_compare.v0.15.0: Curl failed
 (score = 25)
2024-06-25 21:01.19: >>> 
[ERROR] Failed to get sources of ppx_derivers.1.2.1: Curl failed
 (score = 25)
2024-06-25 21:01.19: >>> 
[ERROR] Failed to get sources of ppx_enumerate.v0.15.0: Curl failed
 (score = 25)
2024-06-25 21:01.19: >>> 
[ERROR] Failed to get sources of ppx_expect.v0.15.1: Curl failed
 (score = 25)
2024-06-25 21:01.19: >>> 
[ERROR] Failed to get sources of ppx_hash.v0.15.0: Curl failed
 (score = 25)
2024-06-25 21:01.19: >>> 
[ERROR] Failed to get sources of ppx_here.v0.15.0: Curl failed
 (score = 25)
2024-06-25 21:01.19: >>> 
[ERROR] Failed to get sources of ppx_inline_test.v0.15.1: Curl failed
 (score = 25)
2024-06-25 21:01.19: >>> 
[ERROR] Failed to get sources of ppx_optcomp.v0.15.0: Curl failed
 (score = 25)
2024-06-25 21:01.19: >>> 
[ERROR] Failed to get sources of ppx_sexp_conv.v0.15.1: Curl failed
 (score = 25)
2024-06-25 21:01.19: >>> 
[ERROR] Failed to get sources of ppxlib.0.32.1: Curl failed
 (score = 25)
2024-06-25 21:01.19: >>> 
[ERROR] Failed to get sources of re.1.11.0: Curl failed
 (score = 25)
2024-06-25 21:01.19: >>> 
[ERROR] Failed to get sources of result.1.5: Curl failed
 (score = 25)
2024-06-25 21:01.19: >>> 
[ERROR] Failed to get extra source "META.seq" of seq.base: Curl failed
 (score = 20)
2024-06-25 21:01.19: >>> 
[ERROR] Failed to get sources of sexplib0.v0.15.1: Curl failed
 (score = 25)
2024-06-25 21:01.19: >>> 
[ERROR] Failed to get sources of stdio.v0.15.0: Curl failed
 (score = 25)
2024-06-25 21:01.19: >>> 
[ERROR] Failed to get sources of stdlib-shims.0.3.0: Curl failed
 (score = 25)
2024-06-25 21:01.19: >>> 
[ERROR] Failed to get sources of time_now.v0.15.0: Curl failed
 (score = 25)
2024-06-25 21:01.19: >>> 
[ERROR] Failed to get sources of topkg.1.0.7: Curl failed
 (score = 25)
2024-06-25 21:01.19: >>> 
[ERROR] Failed to get sources of uucp.15.0.0: Curl failed
 (score = 25)
2024-06-25 21:01.19: >>> 
[ERROR] Failed to get sources of uuseg.15.0.0: Curl failed
 (score = 25)
2024-06-25 21:01.19: >>> 
[ERROR] Failed to get sources of uutf.1.0.3: Curl failed
 (score = 25)
2024-06-25 21:01.19: Failed to get sources of astring.0.8.5: Curl failed
