2024-06-24 12:49.54: New job: test js_of_ocaml-toplevel.5.7.1 with conf-pkg-config.3, using opam dev
                              from https://github.com/ocaml/opam-repository.git#refs/pull/26130/head (6ca6253a9cae7e30d524834d61b6c93dcc208f94)
                              on debian-12-ocaml-5.2/amd64

To reproduce locally:

cd $(mktemp -d)
git clone --recursive "https://github.com/ocaml/opam-repository.git" && cd "opam-repository" && git fetch origin "refs/pull/26130/head" && git reset --hard 6ca6253a
git fetch origin master
git merge --no-edit 086b479b3a6c508d5550f55a227d8f8e117e2176
cat > ../Dockerfile <<'END-OF-DOCKERFILE'
[34mFROM ocaml/opam:debian-12-ocaml-5.2@sha256:7634515d40696f9f08cff08b33e645ef19722a6d3f2fb2dfa963aba37446cd1a
USER 1000:1000
WORKDIR /home/opam
RUN sudo ln -f /usr/bin/opam-dev /usr/bin/opam
RUN opam init --reinit -ni
RUN uname -rs && opam exec -- ocaml -version && opam --version
ENV OPAMDOWNLOADJOBS="1"
ENV OPAMERRLOGLEN="0"
ENV OPAMSOLVERTIMEOUT="500"
ENV OPAMPRECISETRACKING="1"
ENV CI="true"
ENV OPAM_REPO_CI="true"
RUN rm -rf opam-repository/
COPY --chown=1000:1000 . opam-repository/
RUN opam repository set-url --strict default opam-repository/
RUN opam update --depexts || true
RUN opam pin add -k version -yn conf-pkg-config.3 3
RUN opam reinstall conf-pkg-config.3; \
    res=$?; \
    test "$res" != 31 && exit "$res"; \
    export OPAMCLI=2.0; \
    build_dir=$(opam var prefix)/.opam-switch/build; \
    failed=$(ls "$build_dir"); \
    partial_fails=""; \
    for pkg in $failed; do \
    if opam show -f x-ci-accept-failures: "$pkg" | grep -qF "\"debian-12\""; then \
    echo "A package failed and has been disabled for CI using the 'x-ci-accept-failures' field."; \
    fi; \
    test "$pkg" != 'conf-pkg-config.3' && partial_fails="$partial_fails $pkg"; \
    done; \
    test "${partial_fails}" != "" && echo "opam-repo-ci detected dependencies failing: ${partial_fails}"; \
    exit 1
RUN opam reinstall js_of_ocaml-toplevel.5.7.1; \
    res=$?; \
    test "$res" != 31 && exit "$res"; \
    export OPAMCLI=2.0; \
    build_dir=$(opam var prefix)/.opam-switch/build; \
    failed=$(ls "$build_dir"); \
    partial_fails=""; \
    for pkg in $failed; do \
    if opam show -f x-ci-accept-failures: "$pkg" | grep -qF "\"debian-12\""; then \
    echo "A package failed and has been disabled for CI using the 'x-ci-accept-failures' field."; \
    fi; \
    test "$pkg" != 'js_of_ocaml-toplevel.5.7.1' && partial_fails="$partial_fails $pkg"; \
    done; \
    test "${partial_fails}" != "" && echo "opam-repo-ci detected dependencies failing: ${partial_fails}"; \
    exit 1
RUN (opam reinstall --with-test js_of_ocaml-toplevel.5.7.1) || true
RUN opam reinstall --with-test --verbose js_of_ocaml-toplevel.5.7.1; \
    res=$?; \
    test "$res" != 31 && exit "$res"; \
    export OPAMCLI=2.0; \
    build_dir=$(opam var prefix)/.opam-switch/build; \
    failed=$(ls "$build_dir"); \
    partial_fails=""; \
    for pkg in $failed; do \
    if opam show -f x-ci-accept-failures: "$pkg" | grep -qF "\"debian-12\""; then \
    echo "A package failed and has been disabled for CI using the 'x-ci-accept-failures' field."; \
    fi; \
    test "$pkg" != 'js_of_ocaml-toplevel.5.7.1' && partial_fails="$partial_fails $pkg"; \
    done; \
    test "${partial_fails}" != "" && echo "opam-repo-ci detected dependencies failing: ${partial_fails}"; \
    exit 1
[0m
END-OF-DOCKERFILE
docker build -f ../Dockerfile .

2024-06-24 12:49.54: Using cache hint "ocaml/opam:debian-12-ocaml-5.2@sha256:7634515d40696f9f08cff08b33e645ef19722a6d3f2fb2dfa963aba37446cd1a-conf-pkg-config.3-js_of_ocaml-toplevel.5.7.1-6ca6253a9cae7e30d524834d61b6c93dcc208f94"
2024-06-24 12:49.54: Using OBuilder spec:
((from ocaml/opam:debian-12-ocaml-5.2@sha256:7634515d40696f9f08cff08b33e645ef19722a6d3f2fb2dfa963aba37446cd1a)
 (user (uid 1000) (gid 1000))
 (workdir /home/opam)
 (run (shell "sudo ln -f /usr/bin/opam-dev /usr/bin/opam"))
 (run (network host)
      (shell "opam init --reinit --config .opamrc-sandbox -ni"))
 (run (shell "uname -rs && opam exec -- ocaml -version && opam --version"))
 (env OPAMDOWNLOADJOBS 1)
 (env OPAMERRLOGLEN 0)
 (env OPAMSOLVERTIMEOUT 500)
 (env OPAMPRECISETRACKING 1)
 (env CI true)
 (env OPAM_REPO_CI true)
 (run (shell "rm -rf opam-repository/"))
 (copy (src .) (dst opam-repository/))
 (run (shell "opam repository set-url --strict default opam-repository/"))
 (run (network host)
      (shell "opam update --depexts || true"))
 (run (shell "opam pin add -k version -yn conf-pkg-config.3 3"))
 (run (cache (opam-archives (target /home/opam/.opam/download-cache)))
      (network host)
      (shell  "opam reinstall conf-pkg-config.3;\
             \n        res=$?;\
             \n        test \"$res\" != 31 && exit \"$res\";\
             \n        export OPAMCLI=2.0;\
             \n        build_dir=$(opam var prefix)/.opam-switch/build;\
             \n        failed=$(ls \"$build_dir\");\
             \n        partial_fails=\"\";\
             \n        for pkg in $failed; do\
             \n          if opam show -f x-ci-accept-failures: \"$pkg\" | grep -qF \"\\\"debian-12\\\"\"; then\
             \n            echo \"A package failed and has been disabled for CI using the 'x-ci-accept-failures' field.\";\
             \n          fi;\
             \n          test \"$pkg\" != 'conf-pkg-config.3' && partial_fails=\"$partial_fails $pkg\";\
             \n        done;\
             \n        test \"${partial_fails}\" != \"\" && echo \"opam-repo-ci detected dependencies failing: ${partial_fails}\";\
             \n        exit 1"))
 (run (cache (opam-archives (target /home/opam/.opam/download-cache)))
      (network host)
      (shell  "opam reinstall js_of_ocaml-toplevel.5.7.1;\
             \n        res=$?;\
             \n        test \"$res\" != 31 && exit \"$res\";\
             \n        export OPAMCLI=2.0;\
             \n        build_dir=$(opam var prefix)/.opam-switch/build;\
             \n        failed=$(ls \"$build_dir\");\
             \n        partial_fails=\"\";\
             \n        for pkg in $failed; do\
             \n          if opam show -f x-ci-accept-failures: \"$pkg\" | grep -qF \"\\\"debian-12\\\"\"; then\
             \n            echo \"A package failed and has been disabled for CI using the 'x-ci-accept-failures' field.\";\
             \n          fi;\
             \n          test \"$pkg\" != 'js_of_ocaml-toplevel.5.7.1' && partial_fails=\"$partial_fails $pkg\";\
             \n        done;\
             \n        test \"${partial_fails}\" != \"\" && echo \"opam-repo-ci detected dependencies failing: ${partial_fails}\";\
             \n        exit 1"))
 (run (network host)
      (shell "(opam reinstall --with-test js_of_ocaml-toplevel.5.7.1) || true"))
 (run (shell  "opam reinstall --with-test --verbose js_of_ocaml-toplevel.5.7.1;\
             \n        res=$?;\
             \n        test \"$res\" != 31 && exit \"$res\";\
             \n        export OPAMCLI=2.0;\
             \n        build_dir=$(opam var prefix)/.opam-switch/build;\
             \n        failed=$(ls \"$build_dir\");\
             \n        partial_fails=\"\";\
             \n        for pkg in $failed; do\
             \n          if opam show -f x-ci-accept-failures: \"$pkg\" | grep -qF \"\\\"debian-12\\\"\"; then\
             \n            echo \"A package failed and has been disabled for CI using the 'x-ci-accept-failures' field.\";\
             \n          fi;\
             \n          test \"$pkg\" != 'js_of_ocaml-toplevel.5.7.1' && partial_fails=\"$partial_fails $pkg\";\
             \n        done;\
             \n        test \"${partial_fails}\" != \"\" && echo \"opam-repo-ci detected dependencies failing: ${partial_fails}\";\
             \n        exit 1"))
)

2024-06-24 12:49.54: Waiting for resource in pool OCluster
2024-06-26 02:30.50: Waiting for workerâ€¦
2024-06-26 02:33.53: Got resource from pool OCluster
Building on x86-bm-c15.sw.ocaml.org
All commits already cached
Updating files:  65% (20635/31610)Updating files:  66% (20863/31610)Updating files:  67% (21179/31610)Updating files:  68% (21495/31610)Updating files:  69% (21811/31610)Updating files:  70% (22127/31610)Updating files:  71% (22444/31610)Updating files:  72% (22760/31610)Updating files:  73% (23076/31610)Updating files:  74% (23392/31610)Updating files:  75% (23708/31610)Updating files:  76% (24024/31610)Updating files:  77% (24340/31610)Updating files:  78% (24656/31610)Updating files:  79% (24972/31610)Updating files:  80% (25288/31610)Updating files:  81% (25605/31610)Updating files:  82% (25921/31610)Updating files:  83% (26237/31610)Updating files:  84% (26553/31610)Updating files:  85% (26869/31610)Updating files:  86% (27185/31610)Updating files:  87% (27501/31610)Updating files:  88% (27817/31610)Updating files:  89% (28133/31610)Updating files:  90% (28449/31610)Updating files:  91% (28766/31610)Updating files:  92% (29082/31610)Updating files:  93% (29398/31610)Updating files:  94% (29714/31610)Updating files:  95% (30030/31610)Updating files:  96% (30346/31610)Updating files:  97% (30662/31610)Updating files:  98% (30978/31610)Updating files:  99% (31294/31610)Updating files: 100% (31610/31610)Updating files: 100% (31610/31610), done.
HEAD is now at 086b479b3a Merge pull request #26085 from SkySkimmer/coq-8-19-2
Merge made by the 'ort' strategy.
 packages/conf-aclocal/conf-aclocal.1.0.0/opam                         | 1 +
 packages/conf-asciidoc/conf-asciidoc.1/opam                           | 1 +
 packages/conf-cairo/conf-cairo.1/opam                                 | 2 +-
 packages/conf-cmake/conf-cmake.1/opam                                 | 1 +
 packages/conf-findutils/conf-findutils.1/opam                         | 1 +
 packages/conf-git/conf-git.1.0/opam                                   | 4 ++++
 packages/conf-git/conf-git.1.1/opam                                   | 4 ++++
 packages/conf-gtk3/conf-gtk3.18/opam                                  | 2 +-
 packages/conf-gtksourceview3/conf-gtksourceview3.0/opam               | 2 +-
 packages/conf-jq/conf-jq.1/opam                                       | 1 +
 packages/conf-libX11/conf-libX11.1/opam                               | 2 +-
 packages/conf-libtool/conf-libtool.1/opam                             | 1 +
 .../conf-perl-ipc-system-simple/conf-perl-ipc-system-simple.1/opam    | 1 +
 packages/conf-pkg-config/conf-pkg-config.1.0/opam                     | 1 +
 packages/conf-pkg-config/conf-pkg-config.1.1/opam                     | 1 +
 packages/conf-pkg-config/conf-pkg-config.1.2/opam                     | 1 +
 packages/conf-pkg-config/conf-pkg-config.1.3/opam                     | 1 +
 packages/conf-pkg-config/conf-pkg-config.2/opam                       | 1 +
 packages/conf-pkg-config/conf-pkg-config.3/opam                       | 2 +-
 packages/conf-python-3-7/conf-python-3-7.1.0.0/opam                   | 1 +
 packages/conf-python-3/conf-python-3.1.0.0/opam                       | 1 +
 packages/conf-python-3/conf-python-3.9.0.0/opam                       | 1 +
 packages/conf-time/conf-time.1/opam                                   | 1 +
 packages/conf-zig/conf-zig.1/opam                                     | 1 +
 packages/conf-zlib/conf-zlib.1/opam                                   | 2 +-
 25 files changed, 31 insertions(+), 6 deletions(-)

[01;34m(from ocaml/opam:debian-12-ocaml-5.2@sha256:7634515d40696f9f08cff08b33e645ef19722a6d3f2fb2dfa963aba37446cd1a)[0m
[01;2m[01;35m2024-06-26 02:34.02 ---> using "b398b1614e67dd74cd406cad9624eee551fe61412a9cb905f96460939dbeae07" from cache[0m

[01;34m/: (user (uid 1000) (gid 1000))[0m

[01;34m/: (workdir /home/opam)[0m

[01;34m/home/opam: (run (shell "sudo ln -f /usr/bin/opam-dev /usr/bin/opam"))[0m
[01;2m[01;35m2024-06-26 02:34.02 ---> using "1e7abc8134a98a494f588ad7d268005c55d5852a377b942da305439ca09b73c0" from cache[0m

[01;34m/home/opam: (run (network host)
                 (shell "opam init --reinit --config .opamrc-sandbox -ni"))[0m
Configuring from /home/opam/.opamrc-sandbox, then /home/opam/.opamrc, and finally from built-in defaults.
Checking for available remotes: rsync and local, git.
  - you won't be able to use mercurial repositories unless you install the hg command on your system.
  - you won't be able to use darcs repositories unless you install the darcs command on your system.

Continue? [y/n] y
This development version of opam requires an update to the layout of /home/opam/.opam from version 2.0 to version 2.2~beta, which can't be reverted.
You may want to back it up before going further.

Format upgrade done.

<><> Updating repositories ><><><><><><><><><><><><><><><><><><><><><><><><><><>
[default] synchronised from file:///home/opam/opam-repository
[01;2m[01;35m2024-06-26 02:34.02 ---> using "5c9c53efdf5a40be3e72e8c6dd7a18717349764f39574f6154c6d0090b26061a" from cache[0m

[01;34m/home/opam: (run (shell "uname -rs && opam exec -- ocaml -version && opam --version"))[0m
Linux 5.15.0-112-generic
The OCaml toplevel, version 5.2.0
2.2.0~rc1~dev
[01;2m[01;35m2024-06-26 02:34.02 ---> using "bc10b0a90f27c99011fad41124f93a78d61ec6b0fbfadf62aa045c5475832c7e" from cache[0m

[01;34m/home/opam: (env OPAMDOWNLOADJOBS 1)[0m

[01;34m/home/opam: (env OPAMERRLOGLEN 0)[0m

[01;34m/home/opam: (env OPAMSOLVERTIMEOUT 500)[0m

[01;34m/home/opam: (env OPAMPRECISETRACKING 1)[0m

[01;34m/home/opam: (env CI true)[0m

[01;34m/home/opam: (env OPAM_REPO_CI true)[0m

[01;34m/home/opam: (run (shell "rm -rf opam-repository/"))[0m
[01;2m[01;35m2024-06-26 02:34.02 ---> using "ed4c8091f161e70ba43e10077bca03053e3a7217eef021aa2e15e0695fd470d9" from cache[0m

[01;34m/home/opam: (copy (src .) (dst opam-repository/))[0m
[01;2m[01;35m2024-06-26 02:34.04 ---> using "bcf3da315d9c57b4e61597ac2743d034d349b2a7f79d903fc2af77b3fe122f92" from cache[0m

[01;34m/home/opam: (run (shell "opam repository set-url --strict default opam-repository/"))[0m
[default] Initialised
[01;2m[01;35m2024-06-26 02:34.04 ---> using "70662aa6b07ada8c29ee71a2001b42e4d5051d1a512398edc4e5a2e965673fdc" from cache[0m

[01;34m/home/opam: (run (network host)
                 (shell "opam update --depexts || true"))[0m
+ /usr/bin/sudo "apt-get" "update"
- Hit:1 http://deb.debian.org/debian bookworm InRelease
- Get:2 http://deb.debian.org/debian bookworm-updates InRelease [55.4 kB]
- Get:3 http://deb.debian.org/debian-security bookworm-security InRelease [48.0 kB]
- Get:4 http://deb.debian.org/debian-security bookworm-security/main amd64 Packages [161 kB]
- Fetched 264 kB in 0s (813 kB/s)
- Reading package lists...
- 
[01;2m[01;35m2024-06-26 02:34.04 ---> using "df19899fde90f73da1f9f8acb4021a3d94b74429f17903797a6c69464fb04360" from cache[0m

[01;34m/home/opam: (run (shell "opam pin add -k version -yn conf-pkg-config.3 3"))[0m
conf-pkg-config is now pinned to version 3
[01;2m[01;35m2024-06-26 02:34.04 ---> using "314b6d69eea3cfe24527483ab8255542d47b113ca946f0a00cfadf4d968cd21c" from cache[0m

[01;34m/home/opam: (run (cache (opam-archives (target /home/opam/.opam/download-cache)))
                 (network host)
                 (shell  "opam reinstall conf-pkg-config.3;\
                        \n        res=$?;\
                        \n        test \"$res\" != 31 && exit \"$res\";\
                        \n        export OPAMCLI=2.0;\
                        \n        build_dir=$(opam var prefix)/.opam-switch/build;\
                        \n        failed=$(ls \"$build_dir\");\
                        \n        partial_fails=\"\";\
                        \n        for pkg in $failed; do\
                        \n          if opam show -f x-ci-accept-failures: \"$pkg\" | grep -qF \"\\\"debian-12\\\"\"; then\
                        \n            echo \"A package failed and has been disabled for CI using the 'x-ci-accept-failures' field.\";\
                        \n          fi;\
                        \n          test \"$pkg\" != 'conf-pkg-config.3' && partial_fails=\"$partial_fails $pkg\";\
                        \n        done;\
                        \n        test \"${partial_fails}\" != \"\" && echo \"opam-repo-ci detected dependencies failing: ${partial_fails}\";\
                        \n        exit 1"))[0m
conf-pkg-config.3 is not installed. Install it? [y/n] y
The following actions will be performed:
=== install 1 package
  - install conf-pkg-config 3 (pinned)

The following system packages will first need to be installed:
    pkg-config

<><> Handling external dependencies <><><><><><><><><><><><><><><><><><><><><><>

opam believes some required external dependencies are missing. opam can:
> 1. Run apt-get to install them (may need root/sudo access)
  2. Display the recommended apt-get command and wait while you run it manually (e.g. in another terminal)
  3. Continue anyway, and, upon success, permanently register that this external dependency is present, but not detectable
  4. Abort the installation

[1/2/3/4] 1

+ /usr/bin/sudo "apt-get" "install" "-qq" "-yy" "pkg-config"
- debconf: delaying package configuration, since apt-utils is not installed
- Selecting previously unselected package libpkgconf3:amd64.
- (Reading database ... (Reading database ... 5%(Reading database ... 10%(Reading database ... 15%(Reading database ... 20%(Reading database ... 25%(Reading database ... 30%(Reading database ... 35%(Reading database ... 40%(Reading database ... 45%(Reading database ... 50%(Reading database ... 55%(Reading database ... 60%(Reading database ... 65%(Reading database ... 70%(Reading database ... 75%(Reading database ... 80%(Reading database ... 85%(Reading database ... 90%(Reading database ... 95%(Reading database ... 100%(Reading database ... 18766 files and directories currently installed.)
- Preparing to unpack .../libpkgconf3_1.8.1-1_amd64.deb ...
- Unpacking libpkgconf3:amd64 (1.8.1-1) ...
- Selecting previously unselected package pkgconf-bin.
- Preparing to unpack .../pkgconf-bin_1.8.1-1_amd64.deb ...
- Unpacking pkgconf-bin (1.8.1-1) ...
- Selecting previously unselected package pkgconf:amd64.
- Preparing to unpack .../pkgconf_1.8.1-1_amd64.deb ...
- Unpacking pkgconf:amd64 (1.8.1-1) ...
- Selecting previously unselected package pkg-config:amd64.
- Preparing to unpack .../pkg-config_1.8.1-1_amd64.deb ...
- Unpacking pkg-config:amd64 (1.8.1-1) ...
- Setting up libpkgconf3:amd64 (1.8.1-1) ...
- Setting up pkgconf-bin (1.8.1-1) ...
- Setting up pkgconf:amd64 (1.8.1-1) ...
- Setting up pkg-config:amd64 (1.8.1-1) ...
- Processing triggers for libc-bin (2.36-9+deb12u7) ...

<><> Processing actions <><><><><><><><><><><><><><><><><><><><><><><><><><><><>
-> installed conf-pkg-config.3
Done.
# Run eval $(opam env) to update the current shell environment
[01;2m[01;35m2024-06-26 02:34.04 ---> using "7f80af00622af1ae1b6bfe59d0d24b8560a26bcfc704ea63b1c2d2060f4303b6" from cache[0m

[01;34m/home/opam: (run (cache (opam-archives (target /home/opam/.opam/download-cache)))
                 (network host)
                 (shell  "opam reinstall js_of_ocaml-toplevel.5.7.1;\
                        \n        res=$?;\
                        \n        test \"$res\" != 31 && exit \"$res\";\
                        \n        export OPAMCLI=2.0;\
                        \n        build_dir=$(opam var prefix)/.opam-switch/build;\
                        \n        failed=$(ls \"$build_dir\");\
                        \n        partial_fails=\"\";\
                        \n        for pkg in $failed; do\
                        \n          if opam show -f x-ci-accept-failures: \"$pkg\" | grep -qF \"\\\"debian-12\\\"\"; then\
                        \n            echo \"A package failed and has been disabled for CI using the 'x-ci-accept-failures' field.\";\
                        \n          fi;\
                        \n          test \"$pkg\" != 'js_of_ocaml-toplevel.5.7.1' && partial_fails=\"$partial_fails $pkg\";\
                        \n        done;\
                        \n        test \"${partial_fails}\" != \"\" && echo \"opam-repo-ci detected dependencies failing: ${partial_fails}\";\
                        \n        exit 1"))[0m
js_of_ocaml-toplevel.5.7.1 is not installed. Install it? [y/n] y
The following actions will be performed:
=== install 18 packages
  - install cmdliner             1.3.0    [required by js_of_ocaml-compiler]
  - install dune                 3.16.0   [required by js_of_ocaml-toplevel]
  - install gen                  1.1      [required by sedlex]
  - install js_of_ocaml-compiler 5.7.1    [required by js_of_ocaml-toplevel]
  - install js_of_ocaml-toplevel 5.7.1
  - install menhir               20231231 [required by js_of_ocaml-compiler]
  - install menhirCST            20231231 [required by menhir]
  - install menhirLib            20231231 [required by js_of_ocaml-compiler]
  - install menhirSdk            20231231 [required by js_of_ocaml-compiler]
  - install ocaml-compiler-libs  v0.17.0  [required by ppxlib]
  - install ocamlfind            1.9.6    [required by js_of_ocaml-toplevel]
  - install ppx_derivers         1.2.1    [required by ppxlib]
  - install ppxlib               0.32.1   [required by js_of_ocaml-compiler]
  - install sedlex               3.2      [required by js_of_ocaml-compiler]
  - install seq                  base     [required by yojson]
  - install sexplib0             v0.17.0  [required by ppxlib]
  - install stdlib-shims         0.3.0    [required by ppxlib]
  - install yojson               2.2.1    [required by js_of_ocaml-compiler]

<><> Processing actions <><><><><><><><><><><><><><><><><><><><><><><><><><><><>
-> retrieved cmdliner.1.3.0  (cached)
-> retrieved dune.3.16.0  (cached)
-> retrieved gen.1.1  (cached)
-> retrieved js_of_ocaml-compiler.5.7.1, js_of_ocaml-toplevel.5.7.1  (cached)
-> retrieved menhir.20231231, menhirCST.20231231, menhirLib.20231231, menhirSdk.20231231  (cached)
-> installed cmdliner.1.3.0
-> retrieved ocaml-compiler-libs.v0.17.0  (cached)
-> retrieved ocamlfind.1.9.6  (cached)
-> retrieved ppx_derivers.1.2.1  (cached)
-> retrieved ppxlib.0.32.1  (cached)
-> retrieved sedlex.3.2  (cached)
-> retrieved seq.base  (cached)
-> installed seq.base
-> retrieved sexplib0.v0.17.0  (cached)
-> retrieved stdlib-shims.0.3.0  (cached)
-> retrieved yojson.2.2.1  (cached)
-> installed ocamlfind.1.9.6
-> installed dune.3.16.0
-> installed menhirCST.20231231
-> installed ppx_derivers.1.2.1
-> installed stdlib-shims.0.3.0
-> installed menhirSdk.20231231
-> installed gen.1.1
-> installed sexplib0.v0.17.0
-> installed menhirLib.20231231
-> installed ocaml-compiler-libs.v0.17.0
-> installed yojson.2.2.1
-> installed menhir.20231231
-> installed ppxlib.0.32.1
-> installed sedlex.3.2
-> installed js_of_ocaml-compiler.5.7.1
-> installed js_of_ocaml-toplevel.5.7.1
Done.
# Run eval $(opam env) to update the current shell environment
[01;2m[01;35m2024-06-26 02:36.00 ---> saved as "45ee2452d84a6c4eeb6dffea61318b06e391c91e778ace2bb4e8308d5e1ce1c7"[0m

[01;34m/home/opam: (run (network host)
                 (shell "(opam reinstall --with-test js_of_ocaml-toplevel.5.7.1) || true"))[0m
[ERROR] Sorry, resolution of the request timed out.
        Try to specify a more precise request, use a different solver, or increase the allowed time by setting OPAMSOLVERTIMEOUT to a bigger value (currently, it is set to 500.0 seconds).
[01;2m[01;35m2024-06-26 02:44.35 ---> saved as "f5dbee5e2f7cc7130e843112d06987577b87b5f966ba68508e0ee810785026d0"[0m

[01;34m/home/opam: (run (shell  "opam reinstall --with-test --verbose js_of_ocaml-toplevel.5.7.1;\
                        \n        res=$?;\
                        \n        test \"$res\" != 31 && exit \"$res\";\
                        \n        export OPAMCLI=2.0;\
                        \n        build_dir=$(opam var prefix)/.opam-switch/build;\
                        \n        failed=$(ls \"$build_dir\");\
                        \n        partial_fails=\"\";\
                        \n        for pkg in $failed; do\
                        \n          if opam show -f x-ci-accept-failures: \"$pkg\" | grep -qF \"\\\"debian-12\\\"\"; then\
                        \n            echo \"A package failed and has been disabled for CI using the 'x-ci-accept-failures' field.\";\
                        \n          fi;\
                        \n          test \"$pkg\" != 'js_of_ocaml-toplevel.5.7.1' && partial_fails=\"$partial_fails $pkg\";\
                        \n        done;\
                        \n        test \"${partial_fails}\" != \"\" && echo \"opam-repo-ci detected dependencies failing: ${partial_fails}\";\
                        \n        exit 1"))[0m
The following actions will be performed:
=== downgrade 1 package
  - downgrade sexplib0             v0.17.0 to v0.15.1 [required by cohttp-lwt]
=== recompile 5 packages
  - recompile js_of_ocaml-compiler 5.7.1              [uses ocamlfind]
  - recompile js_of_ocaml-toplevel 5.7.1
  - recompile ocamlfind            1.9.6              [uses graphics]
  - recompile ppxlib               0.32.1             [uses sexplib0]
  - recompile sedlex               3.2                [uses ppxlib]
=== install 52 packages
  - install   angstrom             0.16.0             [required by uri]
  - install   astring              0.8.5              [required by conduit]
  - install   base                 v0.15.1            [required by ppx_expect]
  - install   base-bytes           base               [required by cohttp]
  - install   base64               3.5.1              [required by cohttp]
  - install   bigstringaf          0.9.0              [required by angstrom]
  - install   cohttp               4.0.0              [required by cohttp-lwt]
  - install   cohttp-lwt           4.0.0              [required by cohttp-lwt-unix]
  - install   cohttp-lwt-unix      4.0.0              [required by js_of_ocaml-toplevel]
  - install   conduit              2.1.0              [required by conduit-lwt]
  - install   conduit-lwt          2.1.0              [required by cohttp-lwt-unix]
  - install   conduit-lwt-unix     2.2.2              [required by cohttp-lwt-unix]
  - install   conf-libX11          1                  [required by graphics]
  - install   cppo                 1.6.9              [required by lwt]
  - install   domain-name          0.4.0              [required by ipaddr]
  - install   dune-configurator    2.7.0              [required by graphics]
  - install   fmt                  0.9.0              [required by cohttp-lwt-unix]
  - install   graphics             5.1.2              [required by js_of_ocaml-toplevel]
  - install   ipaddr               5.6.0              [required by conduit-lwt-unix]
  - install   ipaddr-sexp          5.6.0              [required by conduit-lwt-unix]
  - install   jane-street-headers  v0.15.0            [required by time_now]
  - install   jsonm                1.0.2              [required by cohttp]
  - install   jst-config           v0.15.1            [required by time_now]
  - install   logs                 0.7.0              [required by cohttp-lwt-unix]
  - install   lwt                  5.7.0              [required by cohttp-lwt-unix]
  - install   macaddr              5.6.0              [required by ipaddr]
  - install   magic-mime           1.3.1              [required by cohttp-lwt-unix]
  - install   num                  1.5                [required by js_of_ocaml-toplevel]
  - install   ocaml-syntax-shims   1.0.0              [required by angstrom]
  - install   ocamlbuild           0.14.3             [required by logs]
  - install   ocplib-endian        1.2                [required by lwt]
  - install   parsexp              v0.15.0            [required by sexplib]
  - install   ppx_assert           v0.15.0            [required by jst-config]
  - install   ppx_base             v0.15.0            [required by time_now]
  - install   ppx_cold             v0.15.0            [required by ppx_base]
  - install   ppx_compare          v0.15.0            [required by ppx_base]
  - install   ppx_enumerate        v0.15.0            [required by ppx_base]
  - install   ppx_expect           v0.15.1            [required by js_of_ocaml-toplevel]
  - install   ppx_hash             v0.15.0            [required by ppx_base]
  - install   ppx_here             v0.15.0            [required by ppx_expect]
  - install   ppx_inline_test      v0.15.1            [required by ppx_expect]
  - install   ppx_optcomp          v0.15.0            [required by time_now]
  - install   ppx_sexp_conv        v0.15.1            [required by cohttp-lwt-unix]
  - install   re                   1.11.0             [required by js_of_ocaml-toplevel]
  - install   sexplib              v0.15.1            [required by conduit-lwt]
  - install   stdio                v0.15.0            [required by ppx_expect]
  - install   stringext            1.6.0              [required by cohttp]
  - install   time_now             v0.15.0            [required by ppx_inline_test]
  - install   topkg                1.0.7              [required by logs]
  - install   uri                  4.4.0              [required by cohttp-lwt, conduit-lwt-unix]
  - install   uri-sexp             4.4.0              [required by cohttp]
  - install   uutf                 1.0.3              [required by jsonm]

<><> Processing actions <><><><><><><><><><><><><><><><><><><><><><><><><><><><>
Processing  1/173: [angstrom.0.16.0: http]
[ERROR] Failed to get sources of angstrom.0.16.0: Curl failed
Processing  2/173: [astring.0.8.5: http]
[ERROR] Failed to get sources of astring.0.8.5: Curl failed
Processing  3/173: [base.v0.15.1: http]
[ERROR] Failed to get sources of base.v0.15.1: Curl failed
Processing  5/173: [base64.3.5.1: http]
[ERROR] Failed to get sources of base64.3.5.1: Curl failed
Processing  6/173: [bigstringaf.0.9.0: http]
Processing  7/173: [bigstringaf.0.9.0: http]
Processing  8/173: [bigstringaf.0.9.0: http]
[ERROR] Failed to get sources of bigstringaf.0.9.0: Curl failed
Processing  9/173: [cohttp.4.0.0, cohttp-lwt.4.0.0, cohttp-lwt-unix.4.0.0: http]
Processing 10/173: [cohttp.4.0.0, cohttp-lwt.4.0.0, cohttp-lwt-unix.4.0.0: http]
Processing 11/173: [cohttp.4.0.0, cohttp-lwt.4.0.0, cohttp-lwt-unix.4.0.0: http]
[ERROR] Failed to get sources of cohttp.4.0.0, cohttp-lwt.4.0.0, cohttp-lwt-unix.4.0.0 (https://github.com/mirage/ocaml-cohttp/releases/download/v4.0.0/cohttp-v4.0.0.tbz): Curl failed
Processing 12/173: [conduit.2.1.0, conduit-lwt.2.1.0: http]
[ERROR] Failed to get sources of conduit.2.1.0, conduit-lwt.2.1.0 (https://github.com/mirage/ocaml-conduit/releases/download/v2.1.0/conduit-v2.1.0.tbz): Curl failed
Processing 13/173: [conduit-lwt-unix.2.2.2: http]
[ERROR] Failed to get sources of conduit-lwt-unix.2.2.2: Curl failed
Processing 15/173: [cppo.1.6.9: http]
Processing 16/173: [cppo.1.6.9: http] [conf-libX11: pkg-config x11]
+ /home/opam/.opam/opam-init/hooks/sandbox.sh "build" "pkg-config" "x11" (CWD=/home/opam/.opam/5.2/.opam-switch/build/conf-libX11.1)
-> compiled  conf-libX11.1
Processing 16/173: [cppo.1.6.9: http]
-> installed conf-libX11.1
Processing 17/173: [cppo.1.6.9: http]
[ERROR] Failed to get sources of cppo.1.6.9: Curl failed
Processing 18/173: [domain-name.0.4.0: http]
Processing 19/173: [domain-name.0.4.0: http]
Processing 20/173: [domain-name.0.4.0: http]
[ERROR] Failed to get sources of domain-name.0.4.0: Curl failed
Processing 21/173: [dune-configurator.2.7.0: http]
Processing 22/173: [dune-configurator.2.7.0: http]
Processing 23/173: [dune-configurator.2.7.0: http]
[ERROR] Failed to get sources of dune-configurator.2.7.0: Curl failed
Processing 24/173: [fmt.0.9.0: http]
Processing 25/173: [fmt.0.9.0: http]
Processing 26/173: [fmt.0.9.0: http]
[ERROR] Failed to get sources of fmt.0.9.0: Curl failed
Processing 27/173: [graphics.5.1.2: http]
[ERROR] Failed to get sources of graphics.5.1.2: Curl failed
Processing 28/173: [ipaddr.5.6.0, ipaddr-sexp.5.6.0, macaddr.5.6.0: http]
Processing 29/173: [ipaddr.5.6.0, ipaddr-sexp.5.6.0, macaddr.5.6.0: http]
Processing 30/173: [ipaddr.5.6.0, ipaddr-sexp.5.6.0, macaddr.5.6.0: http]
[ERROR] Failed to get sources of ipaddr.5.6.0, ipaddr-sexp.5.6.0, macaddr.5.6.0 (https://github.com/mirage/ocaml-ipaddr/releases/download/v5.6.0/ipaddr-5.6.0.tbz): Curl failed
Processing 31/173: [jane-street-headers.v0.15.0: http]
Processing 32/173: [jane-street-headers.v0.15.0: http]
Processing 33/173: [jane-street-headers.v0.15.0: http]
Processing 34/173: [jane-street-headers.v0.15.0: http]
Processing 35/173: [jane-street-headers.v0.15.0: http]
[ERROR] Failed to get sources of jane-street-headers.v0.15.0: Curl failed
Processing 36/173: [js_of_ocaml-compiler.5.7.1, js_of_ocaml-toplevel.5.7.1: http]
Processing 37/173: [js_of_ocaml-compiler.5.7.1, js_of_ocaml-toplevel.5.7.1: http]
Processing 38/173: [js_of_ocaml-compiler.5.7.1, js_of_ocaml-toplevel.5.7.1: http]
[ERROR] Failed to get sources of js_of_ocaml-compiler.5.7.1, js_of_ocaml-toplevel.5.7.1 (https://github.com/ocsigen/js_of_ocaml/releases/download/5.7.1/js_of_ocaml-5.7.1.tbz): Curl failed
Processing 39/173: [jsonm.1.0.2: http]
[ERROR] Failed to get sources of jsonm.1.0.2: Curl failed
Processing 40/173: [jst-config.v0.15.1: http]
[ERROR] Failed to get sources of jst-config.v0.15.1: Curl failed
Processing 41/173: [logs.0.7.0: http]
[ERROR] Failed to get sources of logs.0.7.0: Curl failed
Processing 42/173: [lwt.5.7.0: http]
[ERROR] Failed to get sources of lwt.5.7.0: Curl failed
Processing 43/173: [magic-mime.1.3.1: http]
[ERROR] Failed to get sources of magic-mime.1.3.1: Curl failed
Processing 44/173: [num.1.5: http]
Processing 45/173: [num.1.5: http]
Processing 46/173: [num.1.5: http]
[ERROR] Failed to get sources of num.1.5: Curl failed
Processing 47/173: [ocaml-syntax-shims.1.0.0: http]
Processing 48/173: [ocaml-syntax-shims.1.0.0: http]
Processing 49/173: [ocaml-syntax-shims.1.0.0: http]
[ERROR] Failed to get sources of ocaml-syntax-shims.1.0.0: Curl failed
Processing 50/173: [ocamlbuild.0.14.3: http]
Processing 51/173: [ocamlbuild.0.14.3: http]
Processing 52/173: [ocamlbuild.0.14.3: http]
Processing 53/173: [ocamlbuild.0.14.3: http]
Processing 54/173: [ocamlbuild.0.14.3: http]
[ERROR] Failed to get sources of ocamlbuild.0.14.3: Curl failed
Processing 55/173: [ocamlfind.1.9.6: http]
Processing 56/173: [ocamlfind.1.9.6: http]
Processing 57/173: [ocamlfind.1.9.6: http]
Processing 58/173: [ocplib-endian.1.2: http]
Processing 59/173: [ocplib-endian.1.2: http]
[ERROR] Failed to get sources of ocamlfind.1.9.6: Curl failed
[ERROR] Failed to get sources of ocplib-endian.1.2: Curl failed
Processing 60/173: [parsexp.v0.15.0: http]
[ERROR] Failed to get sources of parsexp.v0.15.0: Curl failed
Processing 61/173: [ppx_assert.v0.15.0: http]
[ERROR] Failed to get sources of ppx_assert.v0.15.0: Curl failed
Processing 62/173: [ppx_base.v0.15.0: http]
[ERROR] Failed to get sources of ppx_base.v0.15.0: Curl failed
Processing 63/173: [ppx_cold.v0.15.0: http]
[ERROR] Failed to get sources of ppx_cold.v0.15.0: Curl failed
Processing 64/173: [ppx_compare.v0.15.0: http]
[ERROR] Failed to get sources of ppx_compare.v0.15.0: Curl failed
Processing 65/173: [ppx_enumerate.v0.15.0: http]
[ERROR] Failed to get sources of ppx_enumerate.v0.15.0: Curl failed
Processing 66/173: [ppx_expect.v0.15.1: http]
[ERROR] Failed to get sources of ppx_expect.v0.15.1: Curl failed
Processing 67/173: [ppx_hash.v0.15.0: http]
[ERROR] Failed to get sources of ppx_hash.v0.15.0: Curl failed
Processing 68/173: [ppx_here.v0.15.0: http]
[ERROR] Failed to get sources of ppx_here.v0.15.0: Curl failed
Processing 69/173: [ppx_inline_test.v0.15.1: http]
[ERROR] Failed to get sources of ppx_inline_test.v0.15.1: Curl failed
Processing 70/173: [ppx_optcomp.v0.15.0: http]
[ERROR] Failed to get sources of ppx_optcomp.v0.15.0: Curl failed
Processing 71/173: [ppx_sexp_conv.v0.15.1: http]
[ERROR] Failed to get sources of ppx_sexp_conv.v0.15.1: Curl failed
Processing 72/173: [ppxlib.0.32.1: http]
[ERROR] Failed to get sources of ppxlib.0.32.1: Curl failed
Processing 73/173: [re.1.11.0: http]
[ERROR] Failed to get sources of re.1.11.0: Curl failed
Processing 74/173: [sedlex.3.2: http]
Processing 75/173: [sedlex.3.2: http]
Processing 76/173: [sedlex.3.2: http]
[ERROR] Failed to get sources of sedlex.3.2: Curl failed
Processing 77/173: [sexplib.v0.15.1: http]
[ERROR] Failed to get sources of sexplib.v0.15.1: Curl failed
Processing 78/173: [sexplib0.v0.15.1: http]
[ERROR] Failed to get sources of sexplib0.v0.15.1: Curl failed
Processing 79/173: [stdio.v0.15.0: http]
Processing 80/173: [stdio.v0.15.0: http]
[ERROR] Failed to get sources of stdio.v0.15.0: Curl failed
Processing 81/173: [stringext.1.6.0: http]
[ERROR] Failed to get sources of stringext.1.6.0: Curl failed
Processing 82/173: [time_now.v0.15.0: http]
Processing 83/173: [time_now.v0.15.0: http]
Processing 84/173: [time_now.v0.15.0: http]
Processing 85/173: [time_now.v0.15.0: http]
Processing 86/173: [time_now.v0.15.0: http]
Processing 87/173: [time_now.v0.15.0: http]
Processing 88/173: [time_now.v0.15.0: http]
Processing 89/173: [time_now.v0.15.0: http]
Processing 90/173: [time_now.v0.15.0: http]
Processing 91/173: [time_now.v0.15.0: http]
Processing 92/173: [time_now.v0.15.0: http]
Processing 93/173: [time_now.v0.15.0: http]
Processing 94/173: [time_now.v0.15.0: http]
Processing 95/173: [time_now.v0.15.0: http]
Processing 96/173: [time_now.v0.15.0: http]
Processing 97/173: [time_now.v0.15.0: http]
Processing 98/173: [time_now.v0.15.0: http]
Processing 99/173: [time_now.v0.15.0: http]
Processing 100/173: [time_now.v0.15.0: http]
Processing 101/173: [time_now.v0.15.0: http]
Processing 102/173: [time_now.v0.15.0: http]
Processing 103/173: [time_now.v0.15.0: http]
Processing 104/173: [time_now.v0.15.0: http]
Processing 105/173: [time_now.v0.15.0: http]
Processing 106/173: [time_now.v0.15.0: http]
Processing 107/173: [time_now.v0.15.0: http]
Processing 108/173: [time_now.v0.15.0: http]
Processing 109/173: [time_now.v0.15.0: http]
Processing 110/173: [time_now.v0.15.0: http]
Processing 111/173: [time_now.v0.15.0: http]
Processing 112/173: [time_now.v0.15.0: http]
Processing 113/173: [time_now.v0.15.0: http]
Processing 114/173: [time_now.v0.15.0: http]
Processing 115/173: [time_now.v0.15.0: http]
Processing 116/173: [time_now.v0.15.0: http]
Processing 117/173: [time_now.v0.15.0: http]
Processing 118/173: [time_now.v0.15.0: http]
Processing 119/173: [time_now.v0.15.0: http]
Processing 120/173: [time_now.v0.15.0: http]
Processing 121/173: [time_now.v0.15.0: http]
Processing 122/173: [time_now.v0.15.0: http]
Processing 123/173: [time_now.v0.15.0: http]
Processing 124/173: [time_now.v0.15.0: http]
Processing 125/173: [time_now.v0.15.0: http]
Processing 126/173: [time_now.v0.15.0: http]
Processing 127/173: [time_now.v0.15.0: http]
Processing 128/173: [time_now.v0.15.0: http]
Processing 129/173: [time_now.v0.15.0: http]
Processing 130/173: [time_now.v0.15.0: http]
Processing 131/173: [time_now.v0.15.0: http]
Processing 132/173: [time_now.v0.15.0: http]
Processing 133/173: [time_now.v0.15.0: http]
Processing 134/173: [time_now.v0.15.0: http]
[ERROR] Failed to get sources of time_now.v0.15.0: Curl failed
Processing 135/173: [topkg.1.0.7: http]
Processing 136/173: [topkg.1.0.7: http]
Processing 137/173: [topkg.1.0.7: http]
Processing 138/173: [topkg.1.0.7: http]
Processing 139/173: [topkg.1.0.7: http]
Processing 140/173: [topkg.1.0.7: http]
Processing 141/173: [topkg.1.0.7: http]
[ERROR] Failed to get sources of topkg.1.0.7: Curl failed
Processing 142/173: [uri.4.4.0, uri-sexp.4.4.0: http]
Processing 143/173: [uri.4.4.0, uri-sexp.4.4.0: http]
Processing 144/173: [uri.4.4.0, uri-sexp.4.4.0: http]
Processing 145/173: [uri.4.4.0, uri-sexp.4.4.0: http]
Processing 146/173: [uri.4.4.0, uri-sexp.4.4.0: http]
Processing 147/173: [uri.4.4.0, uri-sexp.4.4.0: http]
Processing 148/173: [uri.4.4.0, uri-sexp.4.4.0: http]
Processing 149/173: [uri.4.4.0, uri-sexp.4.4.0: http]
Processing 150/173: [uri.4.4.0, uri-sexp.4.4.0: http]
[ERROR] Failed to get sources of uri.4.4.0, uri-sexp.4.4.0 (https://github.com/mirage/ocaml-uri/releases/download/v4.4.0/uri-4.4.0.tbz): Curl failed
Processing 151/173: [uutf.1.0.3: http]
Processing 152/173: [uutf.1.0.3: http]
Processing 153/173: [uutf.1.0.3: http]
Processing 154/173: [uutf.1.0.3: http]
Processing 155/173: [uutf.1.0.3: http]
Processing 156/173: [uutf.1.0.3: http]
Processing 157/173: [uutf.1.0.3: http]
Processing 158/173: [uutf.1.0.3: http]
Processing 159/173: [uutf.1.0.3: http]
Processing 160/173: [uutf.1.0.3: http]
Processing 161/173: [uutf.1.0.3: http]
[ERROR] Failed to get sources of uutf.1.0.3: Curl failed

#=== ERROR while fetching sources for uutf.1.0.3 ==============================#
OpamSolution.Fetch_fail("https://erratique.ch/software/uutf/releases/uutf-1.0.3.tbz (Curl failed: \"/usr/bin/curl --write-out %{http_code}\\\\n --retry 3 --retry-delay 2 --user-agent opam/2.2.0~rc1~dev -L -o /home/opam/.opam/5.2/.opam-switch/sources/uutf.1.0.3/uutf-1.0.3.tbz.part -- https://erratique.ch/software/uutf/releases/uutf-1.0.3.tbz\" exited with code 6)")

#=== ERROR while fetching sources for uri.4.4.0 and uri-sexp.4.4.0 ============#
OpamSolution.Fetch_fail("https://github.com/mirage/ocaml-uri/releases/download/v4.4.0/uri-4.4.0.tbz (Curl failed: \"/usr/bin/curl --write-out %{http_code}\\\\n --retry 3 --retry-delay 2 --user-agent opam/2.2.0~rc1~dev -L -o /tmp/opam-6-e2dd92/uri-4.4.0.tbz.part -- https://github.com/mirage/ocaml-uri/releases/download/v4.4.0/uri-4.4.0.tbz\" exited with code 6)")

#=== ERROR while fetching sources for topkg.1.0.7 =============================#
OpamSolution.Fetch_fail("https://erratique.ch/software/topkg/releases/topkg-1.0.7.tbz (Curl failed: \"/usr/bin/curl --write-out %{http_code}\\\\n --retry 3 --retry-delay 2 --user-agent opam/2.2.0~rc1~dev -L -o /home/opam/.opam/5.2/.opam-switch/sources/topkg.1.0.7/topkg-1.0.7.tbz.part -- https://erratique.ch/software/topkg/releases/topkg-1.0.7.tbz\" exited with code 6)")

#=== ERROR while fetching sources for time_now.v0.15.0 ========================#
OpamSolution.Fetch_fail("https://ocaml.janestreet.com/ocaml-core/v0.15/files/time_now-v0.15.0.tar.gz (Curl failed: \"/usr/bin/curl --write-out %{http_code}\\\\n --retry 3 --retry-delay 2 --user-agent opam/2.2.0~rc1~dev -L -o /home/opam/.opam/5.2/.opam-switch/sources/time_now.v0.15.0/time_now-v0.15.0.tar.gz.part -- https://ocaml.janestreet.com/ocaml-core/v0.15/files/time_now-v0.15.0.tar.gz\" exited with code 6)")

#=== ERROR while fetching sources for stringext.1.6.0 =========================#
OpamSolution.Fetch_fail("https://github.com/rgrinberg/stringext/releases/download/1.6.0/stringext-1.6.0.tbz (Curl failed: \"/usr/bin/curl --write-out %{http_code}\\\\n --retry 3 --retry-delay 2 --user-agent opam/2.2.0~rc1~dev -L -o /home/opam/.opam/5.2/.opam-switch/sources/stringext.1.6.0/stringext-1.6.0.tbz.part -- https://github.com/rgrinberg/stringext/releases/download/1.6.0/stringext-1.6.0.tbz\" exited with code 6)")

#=== ERROR while fetching sources for stdio.v0.15.0 ===========================#
OpamSolution.Fetch_fail("https://ocaml.janestreet.com/ocaml-core/v0.15/files/stdio-v0.15.0.tar.gz (Curl failed: \"/usr/bin/curl --write-out %{http_code}\\\\n --retry 3 --retry-delay 2 --user-agent opam/2.2.0~rc1~dev -L -o /home/opam/.opam/5.2/.opam-switch/sources/stdio.v0.15.0/stdio-v0.15.0.tar.gz.part -- https://ocaml.janestreet.com/ocaml-core/v0.15/files/stdio-v0.15.0.tar.gz\" exited with code 6)")

#=== ERROR while fetching sources for sexplib0.v0.15.1 ========================#
OpamSolution.Fetch_fail("https://github.com/janestreet/sexplib0/archive/refs/tags/v0.15.1.tar.gz (Curl failed: \"/usr/bin/curl --write-out %{http_code}\\\\n --retry 3 --retry-delay 2 --user-agent opam/2.2.0~rc1~dev -L -o /home/opam/.opam/5.2/.opam-switch/sources/sexplib0.v0.15.1/v0.15.1.tar.gz.part -- https://github.com/janestreet/sexplib0/archive/refs/tags/v0.15.1.tar.gz\" exited with code 6)")

#=== ERROR while fetching sources for sexplib.v0.15.1 =========================#
OpamSolution.Fetch_fail("https://github.com/janestreet/sexplib/archive/refs/tags/v0.15.1.tar.gz (Curl failed: \"/usr/bin/curl --write-out %{http_code}\\\\n --retry 3 --retry-delay 2 --user-agent opam/2.2.0~rc1~dev -L -o /home/opam/.opam/5.2/.opam-switch/sources/sexplib.v0.15.1/v0.15.1.tar.gz.part -- https://github.com/janestreet/sexplib/archive/refs/tags/v0.15.1.tar.gz\" exited with code 6)")

#=== ERROR while fetching sources for sedlex.3.2 ==============================#
OpamSolution.Fetch_fail("https://github.com/ocaml-community/sedlex/archive/refs/tags/v3.2.tar.gz (Curl failed: \"/usr/bin/curl --write-out %{http_code}\\\\n --retry 3 --retry-delay 2 --user-agent opam/2.2.0~rc1~dev -L -o /home/opam/.opam/5.2/.opam-switch/sources/sedlex.3.2/v3.2.tar.gz.part -- https://github.com/ocaml-community/sedlex/archive/refs/tags/v3.2.tar.gz\" exited with code 6)")

#=== ERROR while fetching sources for re.1.11.0 ===============================#
OpamSolution.Fetch_fail("https://github.com/ocaml/ocaml-re/releases/download/1.11.0/re-1.11.0.tbz (Curl failed: \"/usr/bin/curl --write-out %{http_code}\\\\n --retry 3 --retry-delay 2 --user-agent opam/2.2.0~rc1~dev -L -o /home/opam/.opam/5.2/.opam-switch/sources/re.1.11.0/re-1.11.0.tbz.part -- https://github.com/ocaml/ocaml-re/releases/download/1.11.0/re-1.11.0.tbz\" exited with code 6)")

#=== ERROR while fetching sources for ppxlib.0.32.1 ===========================#
OpamSolution.Fetch_fail("https://github.com/ocaml-ppx/ppxlib/releases/download/0.32.1/ppxlib-0.32.1.tbz (Curl failed: \"/usr/bin/curl --write-out %{http_code}\\\\n --retry 3 --retry-delay 2 --user-agent opam/2.2.0~rc1~dev -L -o /home/opam/.opam/5.2/.opam-switch/sources/ppxlib.0.32.1/ppxlib-0.32.1.tbz.part -- https://github.com/ocaml-ppx/ppxlib/releases/download/0.32.1/ppxlib-0.32.1.tbz\" exited with code 6)")

#=== ERROR while fetching sources for ppx_sexp_conv.v0.15.1 ===================#
OpamSolution.Fetch_fail("https://github.com/janestreet/ppx_sexp_conv/archive/refs/tags/v0.15.1.tar.gz (Curl failed: \"/usr/bin/curl --write-out %{http_code}\\\\n --retry 3 --retry-delay 2 --user-agent opam/2.2.0~rc1~dev -L -o /home/opam/.opam/5.2/.opam-switch/sources/ppx_sexp_conv.v0.15.1/v0.15.1.tar.gz.part -- https://github.com/janestreet/ppx_sexp_conv/archive/refs/tags/v0.15.1.tar.gz\" exited with code 6)")

#=== ERROR while fetching sources for ppx_optcomp.v0.15.0 =====================#
OpamSolution.Fetch_fail("https://ocaml.janestreet.com/ocaml-core/v0.15/files/ppx_optcomp-v0.15.0.tar.gz (Curl failed: \"/usr/bin/curl --write-out %{http_code}\\\\n --retry 3 --retry-delay 2 --user-agent opam/2.2.0~rc1~dev -L -o /home/opam/.opam/5.2/.opam-switch/sources/ppx_optcomp.v0.15.0/ppx_optcomp-v0.15.0.tar.gz.part -- https://ocaml.janestreet.com/ocaml-core/v0.15/files/ppx_optcomp-v0.15.0.tar.gz\" exited with code 6)")

#=== ERROR while fetching sources for ppx_inline_test.v0.15.1 =================#
OpamSolution.Fetch_fail("https://github.com/janestreet/ppx_inline_test/archive/refs/tags/v0.15.1.tar.gz (Curl failed: \"/usr/bin/curl --write-out %{http_code}\\\\n --retry 3 --retry-delay 2 --user-agent opam/2.2.0~rc1~dev -L -o /home/opam/.opam/5.2/.opam-switch/sources/ppx_inline_test.v0.15.1/v0.15.1.tar.gz.part -- https://github.com/janestreet/ppx_inline_test/archive/refs/tags/v0.15.1.tar.gz\" exited with code 6)")

#=== ERROR while fetching sources for ppx_here.v0.15.0 ========================#
OpamSolution.Fetch_fail("https://ocaml.janestreet.com/ocaml-core/v0.15/files/ppx_here-v0.15.0.tar.gz (Curl failed: \"/usr/bin/curl --write-out %{http_code}\\\\n --retry 3 --retry-delay 2 --user-agent opam/2.2.0~rc1~dev -L -o /home/opam/.opam/5.2/.opam-switch/sources/ppx_here.v0.15.0/ppx_here-v0.15.0.tar.gz.part -- https://ocaml.janestreet.com/ocaml-core/v0.15/files/ppx_here-v0.15.0.tar.gz\" exited with code 6)")

#=== ERROR while fetching sources for ppx_hash.v0.15.0 ========================#
OpamSolution.Fetch_fail("https://ocaml.janestreet.com/ocaml-core/v0.15/files/ppx_hash-v0.15.0.tar.gz (Curl failed: \"/usr/bin/curl --write-out %{http_code}\\\\n --retry 3 --retry-delay 2 --user-agent opam/2.2.0~rc1~dev -L -o /home/opam/.opam/5.2/.opam-switch/sources/ppx_hash.v0.15.0/ppx_hash-v0.15.0.tar.gz.part -- https://ocaml.janestreet.com/ocaml-core/v0.15/files/ppx_hash-v0.15.0.tar.gz\" exited with code 6)")

#=== ERROR while fetching sources for ppx_expect.v0.15.1 ======================#
OpamSolution.Fetch_fail("https://github.com/janestreet/ppx_expect/archive/refs/tags/v0.15.1.tar.gz (Curl failed: \"/usr/bin/curl --write-out %{http_code}\\\\n --retry 3 --retry-delay 2 --user-agent opam/2.2.0~rc1~dev -L -o /home/opam/.opam/5.2/.opam-switch/sources/ppx_expect.v0.15.1/v0.15.1.tar.gz.part -- https://github.com/janestreet/ppx_expect/archive/refs/tags/v0.15.1.tar.gz\" exited with code 6)")

#=== ERROR while fetching sources for ppx_enumerate.v0.15.0 ===================#
OpamSolution.Fetch_fail("https://ocaml.janestreet.com/ocaml-core/v0.15/files/ppx_enumerate-v0.15.0.tar.gz (Curl failed: \"/usr/bin/curl --write-out %{http_code}\\\\n --retry 3 --retry-delay 2 --user-agent opam/2.2.0~rc1~dev -L -o /home/opam/.opam/5.2/.opam-switch/sources/ppx_enumerate.v0.15.0/ppx_enumerate-v0.15.0.tar.gz.part -- https://ocaml.janestreet.com/ocaml-core/v0.15/files/ppx_enumerate-v0.15.0.tar.gz\" exited with code 6)")

#=== ERROR while fetching sources for ppx_compare.v0.15.0 =====================#
OpamSolution.Fetch_fail("https://ocaml.janestreet.com/ocaml-core/v0.15/files/ppx_compare-v0.15.0.tar.gz (Curl failed: \"/usr/bin/curl --write-out %{http_code}\\\\n --retry 3 --retry-delay 2 --user-agent opam/2.2.0~rc1~dev -L -o /home/opam/.opam/5.2/.opam-switch/sources/ppx_compare.v0.15.0/ppx_compare-v0.15.0.tar.gz.part -- https://ocaml.janestreet.com/ocaml-core/v0.15/files/ppx_compare-v0.15.0.tar.gz\" exited with code 6)")

#=== ERROR while fetching sources for ppx_cold.v0.15.0 ========================#
OpamSolution.Fetch_fail("https://ocaml.janestreet.com/ocaml-core/v0.15/files/ppx_cold-v0.15.0.tar.gz (Curl failed: \"/usr/bin/curl --write-out %{http_code}\\\\n --retry 3 --retry-delay 2 --user-agent opam/2.2.0~rc1~dev -L -o /home/opam/.opam/5.2/.opam-switch/sources/ppx_cold.v0.15.0/ppx_cold-v0.15.0.tar.gz.part -- https://ocaml.janestreet.com/ocaml-core/v0.15/files/ppx_cold-v0.15.0.tar.gz\" exited with code 6)")

#=== ERROR while fetching sources for ppx_base.v0.15.0 ========================#
OpamSolution.Fetch_fail("https://ocaml.janestreet.com/ocaml-core/v0.15/files/ppx_base-v0.15.0.tar.gz (Curl failed: \"/usr/bin/curl --write-out %{http_code}\\\\n --retry 3 --retry-delay 2 --user-agent opam/2.2.0~rc1~dev -L -o /home/opam/.opam/5.2/.opam-switch/sources/ppx_base.v0.15.0/ppx_base-v0.15.0.tar.gz.part -- https://ocaml.janestreet.com/ocaml-core/v0.15/files/ppx_base-v0.15.0.tar.gz\" exited with code 6)")

#=== ERROR while fetching sources for ppx_assert.v0.15.0 ======================#
OpamSolution.Fetch_fail("https://ocaml.janestreet.com/ocaml-core/v0.15/files/ppx_assert-v0.15.0.tar.gz (Curl failed: \"/usr/bin/curl --write-out %{http_code}\\\\n --retry 3 --retry-delay 2 --user-agent opam/2.2.0~rc1~dev -L -o /home/opam/.opam/5.2/.opam-switch/sources/ppx_assert.v0.15.0/ppx_assert-v0.15.0.tar.gz.part -- https://ocaml.janestreet.com/ocaml-core/v0.15/files/ppx_assert-v0.15.0.tar.gz\" exited with code 6)")

#=== ERROR while fetching sources for parsexp.v0.15.0 =========================#
OpamSolution.Fetch_fail("https://ocaml.janestreet.com/ocaml-core/v0.15/files/parsexp-v0.15.0.tar.gz (Curl failed: \"/usr/bin/curl --write-out %{http_code}\\\\n --retry 3 --retry-delay 2 --user-agent opam/2.2.0~rc1~dev -L -o /home/opam/.opam/5.2/.opam-switch/sources/parsexp.v0.15.0/parsexp-v0.15.0.tar.gz.part -- https://ocaml.janestreet.com/ocaml-core/v0.15/files/parsexp-v0.15.0.tar.gz\" exited with code 6)")

#=== ERROR while fetching sources for ocplib-endian.1.2 =======================#
OpamSolution.Fetch_fail("https://github.com/OCamlPro/ocplib-endian/archive/refs/tags/1.2.tar.gz (Curl failed: \"/usr/bin/curl --write-out %{http_code}\\\\n --retry 3 --retry-delay 2 --user-agent opam/2.2.0~rc1~dev -L -o /home/opam/.opam/5.2/.opam-switch/sources/ocplib-endian.1.2/1.2.tar.gz.part -- https://github.com/OCamlPro/ocplib-endian/archive/refs/tags/1.2.tar.gz\" exited with code 6)")

#=== ERROR while fetching sources for ocamlfind.1.9.6 =========================#
OpamSolution.Fetch_fail("http://download.camlcity.org/download/findlib-1.9.6.tar.gz (Curl failed: \"/usr/bin/curl --write-out %{http_code}\\\\n --retry 3 --retry-delay 2 --user-agent opam/2.2.0~rc1~dev -L -o /home/opam/.opam/5.2/.opam-switch/sources/ocamlfind.1.9.6/findlib-1.9.6.tar.gz.part -- http://download.camlcity.org/download/findlib-1.9.6.tar.gz\" exited with code 6)")

#=== ERROR while fetching sources for ocamlbuild.0.14.3 =======================#
OpamSolution.Fetch_fail("https://github.com/ocaml/ocamlbuild/archive/refs/tags/0.14.3.tar.gz (Curl failed: \"/usr/bin/curl --write-out %{http_code}\\\\n --retry 3 --retry-delay 2 --user-agent opam/2.2.0~rc1~dev -L -o /home/opam/.opam/5.2/.opam-switch/sources/ocamlbuild.0.14.3/0.14.3.tar.gz.part -- https://github.com/ocaml/ocamlbuild/archive/refs/tags/0.14.3.tar.gz\" exited with code 6)")

#=== ERROR while fetching sources for ocaml-syntax-shims.1.0.0 ================#
OpamSolution.Fetch_fail("https://github.com/ocaml-ppx/ocaml-syntax-shims/releases/download/1.0.0/ocaml-syntax-shims-1.0.0.tbz (Curl failed: \"/usr/bin/curl --write-out %{http_code}\\\\n --retry 3 --retry-delay 2 --user-agent opam/2.2.0~rc1~dev -L -o /home/opam/.opam/5.2/.opam-switch/sources/ocaml-syntax-shims.1.0.0/ocaml-syntax-shims-1.0.0.tbz.part -- https://github.com/ocaml-ppx/ocaml-syntax-shims/releases/download/1.0.0/ocaml-syntax-shims-1.0.0.tbz\" exited with code 6)")

#=== ERROR while fetching sources for num.1.5 =================================#
OpamSolution.Fetch_fail("https://github.com/ocaml/num/archive/v1.5.tar.gz (Curl failed: \"/usr/bin/curl --write-out %{http_code}\\\\n --retry 3 --retry-delay 2 --user-agent opam/2.2.0~rc1~dev -L -o /home/opam/.opam/5.2/.opam-switch/sources/num.1.5/v1.5.tar.gz.part -- https://github.com/ocaml/num/archive/v1.5.tar.gz\" exited with code 6)")

#=== ERROR while fetching sources for magic-mime.1.3.1 ========================#
OpamSolution.Fetch_fail("https://github.com/mirage/ocaml-magic-mime/releases/download/v1.3.1/magic-mime-1.3.1.tbz (Curl failed: \"/usr/bin/curl --write-out %{http_code}\\\\n --retry 3 --retry-delay 2 --user-agent opam/2.2.0~rc1~dev -L -o /home/opam/.opam/5.2/.opam-switch/sources/magic-mime.1.3.1/magic-mime-1.3.1.tbz.part -- https://github.com/mirage/ocaml-magic-mime/releases/download/v1.3.1/magic-mime-1.3.1.tbz\" exited with code 6)")

#=== ERROR while fetching sources for lwt.5.7.0 ===============================#
OpamSolution.Fetch_fail("https://github.com/ocsigen/lwt/archive/refs/tags/5.7.0.tar.gz (Curl failed: \"/usr/bin/curl --write-out %{http_code}\\\\n --retry 3 --retry-delay 2 --user-agent opam/2.2.0~rc1~dev -L -o /home/opam/.opam/5.2/.opam-switch/sources/lwt.5.7.0/5.7.0.tar.gz.part -- https://github.com/ocsigen/lwt/archive/refs/tags/5.7.0.tar.gz\" exited with code 6)")

#=== ERROR while fetching sources for logs.0.7.0 ==============================#
OpamSolution.Fetch_fail("https://erratique.ch/software/logs/releases/logs-0.7.0.tbz (Curl failed: \"/usr/bin/curl --write-out %{http_code}\\\\n --retry 3 --retry-delay 2 --user-agent opam/2.2.0~rc1~dev -L -o /home/opam/.opam/5.2/.opam-switch/sources/logs.0.7.0/logs-0.7.0.tbz.part -- https://erratique.ch/software/logs/releases/logs-0.7.0.tbz\" exited with code 6)")

#=== ERROR while fetching sources for jst-config.v0.15.1 ======================#
OpamSolution.Fetch_fail("https://github.com/janestreet/jst-config/archive/refs/tags/v0.15.1.tar.gz (Curl failed: \"/usr/bin/curl --write-out %{http_code}\\\\n --retry 3 --retry-delay 2 --user-agent opam/2.2.0~rc1~dev -L -o /home/opam/.opam/5.2/.opam-switch/sources/jst-config.v0.15.1/v0.15.1.tar.gz.part -- https://github.com/janestreet/jst-config/archive/refs/tags/v0.15.1.tar.gz\" exited with code 6)")

#=== ERROR while fetching sources for jsonm.1.0.2 =============================#
OpamSolution.Fetch_fail("https://erratique.ch/software/jsonm/releases/jsonm-1.0.2.tbz (Curl failed: \"/usr/bin/curl --write-out %{http_code}\\\\n --retry 3 --retry-delay 2 --user-agent opam/2.2.0~rc1~dev -L -o /home/opam/.opam/5.2/.opam-switch/sources/jsonm.1.0.2/jsonm-1.0.2.tbz.part -- https://erratique.ch/software/jsonm/releases/jsonm-1.0.2.tbz\" exited with code 6)")

#=== ERROR while fetching sources for js_of_ocaml-compiler.5.7.1 and js_of_ocaml-toplevel.5.7.1 
OpamSolution.Fetch_fail("https://github.com/ocsigen/js_of_ocaml/releases/download/5.7.1/js_of_ocaml-5.7.1.tbz (Curl failed: \"/usr/bin/curl --write-out %{http_code}\\\\n --retry 3 --retry-delay 2 --user-agent opam/2.2.0~rc1~dev -L -o /tmp/opam-6-d852f5/js_of_ocaml-5.7.1.tbz.part -- https://github.com/ocsigen/js_of_ocaml/releases/download/5.7.1/js_of_ocaml-5.7.1.tbz\" exited with code 6)")

#=== ERROR while fetching sources for jane-street-headers.v0.15.0 =============#
OpamSolution.Fetch_fail("https://ocaml.janestreet.com/ocaml-core/v0.15/files/jane-street-headers-v0.15.0.tar.gz (Curl failed: \"/usr/bin/curl --write-out %{http_code}\\\\n --retry 3 --retry-delay 2 --user-agent opam/2.2.0~rc1~dev -L -o /home/opam/.opam/5.2/.opam-switch/sources/jane-street-headers.v0.15.0/jane-street-headers-v0.15.0.tar.gz.part -- https://ocaml.janestreet.com/ocaml-core/v0.15/files/jane-street-headers-v0.15.0.tar.gz\" exited with code 6)")

#=== ERROR while fetching sources for ipaddr.5.6.0, ipaddr-sexp.5.6.0 and macaddr.5.6.0 
OpamSolution.Fetch_fail("https://github.com/mirage/ocaml-ipaddr/releases/download/v5.6.0/ipaddr-5.6.0.tbz (Curl failed: \"/usr/bin/curl --write-out %{http_code}\\\\n --retry 3 --retry-delay 2 --user-agent opam/2.2.0~rc1~dev -L -o /tmp/opam-6-538a6d/ipaddr-5.6.0.tbz.part -- https://github.com/mirage/ocaml-ipaddr/releases/download/v5.6.0/ipaddr-5.6.0.tbz\" exited with code 6)")

#=== ERROR while fetching sources for graphics.5.1.2 ==========================#
OpamSolution.Fetch_fail("https://github.com/ocaml/graphics/releases/download/5.1.2/graphics-5.1.2.tbz (Curl failed: \"/usr/bin/curl --write-out %{http_code}\\\\n --retry 3 --retry-delay 2 --user-agent opam/2.2.0~rc1~dev -L -o /home/opam/.opam/5.2/.opam-switch/sources/graphics.5.1.2/graphics-5.1.2.tbz.part -- https://github.com/ocaml/graphics/releases/download/5.1.2/graphics-5.1.2.tbz\" exited with code 6)")

#=== ERROR while fetching sources for fmt.0.9.0 ===============================#
OpamSolution.Fetch_fail("https://erratique.ch/software/fmt/releases/fmt-0.9.0.tbz (Curl failed: \"/usr/bin/curl --write-out %{http_code}\\\\n --retry 3 --retry-delay 2 --user-agent opam/2.2.0~rc1~dev -L -o /home/opam/.opam/5.2/.opam-switch/sources/fmt.0.9.0/fmt-0.9.0.tbz.part -- https://erratique.ch/software/fmt/releases/fmt-0.9.0.tbz\" exited with code 6)")

#=== ERROR while fetching sources for dune-configurator.2.7.0 =================#
OpamSolution.Fetch_fail("https://github.com/ocaml/dune/releases/download/2.7.0/dune-2.7.0.tbz (Curl failed: \"/usr/bin/curl --write-out %{http_code}\\\\n --retry 3 --retry-delay 2 --user-agent opam/2.2.0~rc1~dev -L -o /home/opam/.opam/5.2/.opam-switch/sources/dune-configurator.2.7.0/dune-2.7.0.tbz.part -- https://github.com/ocaml/dune/releases/download/2.7.0/dune-2.7.0.tbz\" exited with code 6)")

#=== ERROR while fetching sources for domain-name.0.4.0 =======================#
OpamSolution.Fetch_fail("https://github.com/hannesm/domain-name/releases/download/v0.4.0/domain-name-0.4.0.tbz (Curl failed: \"/usr/bin/curl --write-out %{http_code}\\\\n --retry 3 --retry-delay 2 --user-agent opam/2.2.0~rc1~dev -L -o /home/opam/.opam/5.2/.opam-switch/sources/domain-name.0.4.0/domain-name-0.4.0.tbz.part -- https://github.com/hannesm/domain-name/releases/download/v0.4.0/domain-name-0.4.0.tbz\" exited with code 6)")

#=== ERROR while fetching sources for cppo.1.6.9 ==============================#
OpamSolution.Fetch_fail("https://github.com/ocaml-community/cppo/archive/v1.6.9.tar.gz (Curl failed: \"/usr/bin/curl --write-out %{http_code}\\\\n --retry 3 --retry-delay 2 --user-agent opam/2.2.0~rc1~dev -L -o /home/opam/.opam/5.2/.opam-switch/sources/cppo.1.6.9/v1.6.9.tar.gz.part -- https://github.com/ocaml-community/cppo/archive/v1.6.9.tar.gz\" exited with code 6)")

#=== ERROR while fetching sources for conduit-lwt-unix.2.2.2 ==================#
OpamSolution.Fetch_fail("https://github.com/mirage/ocaml-conduit/releases/download/v2.2.2/conduit-v2.2.2.tbz (Curl failed: \"/usr/bin/curl --write-out %{http_code}\\\\n --retry 3 --retry-delay 2 --user-agent opam/2.2.0~rc1~dev -L -o /home/opam/.opam/5.2/.opam-switch/sources/conduit-lwt-unix.2.2.2/conduit-v2.2.2.tbz.part -- https://github.com/mirage/ocaml-conduit/releases/download/v2.2.2/conduit-v2.2.2.tbz\" exited with code 6)")

#=== ERROR while fetching sources for conduit.2.1.0 and conduit-lwt.2.1.0 =====#
OpamSolution.Fetch_fail("https://github.com/mirage/ocaml-conduit/releases/download/v2.1.0/conduit-v2.1.0.tbz (Curl failed: \"/usr/bin/curl --write-out %{http_code}\\\\n --retry 3 --retry-delay 2 --user-agent opam/2.2.0~rc1~dev -L -o /tmp/opam-6-dabab7/conduit-v2.1.0.tbz.part -- https://github.com/mirage/ocaml-conduit/releases/download/v2.1.0/conduit-v2.1.0.tbz\" exited with code 6)")

#=== ERROR while fetching sources for cohttp.4.0.0, cohttp-lwt.4.0.0 and cohttp-lwt-unix.4.0.0 
OpamSolution.Fetch_fail("https://github.com/mirage/ocaml-cohttp/releases/download/v4.0.0/cohttp-v4.0.0.tbz (Curl failed: \"/usr/bin/curl --write-out %{http_code}\\\\n --retry 3 --retry-delay 2 --user-agent opam/2.2.0~rc1~dev -L -o /tmp/opam-6-bbde84/cohttp-v4.0.0.tbz.part -- https://github.com/mirage/ocaml-cohttp/releases/download/v4.0.0/cohttp-v4.0.0.tbz\" exited with code 6)")

#=== ERROR while fetching sources for bigstringaf.0.9.0 =======================#
OpamSolution.Fetch_fail("https://github.com/inhabitedtype/bigstringaf/archive/0.9.0.tar.gz (Curl failed: \"/usr/bin/curl --write-out %{http_code}\\\\n --retry 3 --retry-delay 2 --user-agent opam/2.2.0~rc1~dev -L -o /home/opam/.opam/5.2/.opam-switch/sources/bigstringaf.0.9.0/0.9.0.tar.gz.part -- https://github.com/inhabitedtype/bigstringaf/archive/0.9.0.tar.gz\" exited with code 6)")

#=== ERROR while fetching sources for base64.3.5.1 ============================#
OpamSolution.Fetch_fail("https://github.com/mirage/ocaml-base64/releases/download/v3.5.1/base64-3.5.1.tbz (Curl failed: \"/usr/bin/curl --write-out %{http_code}\\\\n --retry 3 --retry-delay 2 --user-agent opam/2.2.0~rc1~dev -L -o /home/opam/.opam/5.2/.opam-switch/sources/base64.3.5.1/base64-3.5.1.tbz.part -- https://github.com/mirage/ocaml-base64/releases/download/v3.5.1/base64-3.5.1.tbz\" exited with code 6)")

#=== ERROR while fetching sources for base.v0.15.1 ============================#
OpamSolution.Fetch_fail("https://github.com/janestreet/base/archive/refs/tags/v0.15.1.tar.gz (Curl failed: \"/usr/bin/curl --write-out %{http_code}\\\\n --retry 3 --retry-delay 2 --user-agent opam/2.2.0~rc1~dev -L -o /home/opam/.opam/5.2/.opam-switch/sources/base.v0.15.1/v0.15.1.tar.gz.part -- https://github.com/janestreet/base/archive/refs/tags/v0.15.1.tar.gz\" exited with code 6)")

#=== ERROR while fetching sources for astring.0.8.5 ===========================#
OpamSolution.Fetch_fail("https://erratique.ch/software/astring/releases/astring-0.8.5.tbz (Curl failed: \"/usr/bin/curl --write-out %{http_code}\\\\n --retry 3 --retry-delay 2 --user-agent opam/2.2.0~rc1~dev -L -o /home/opam/.opam/5.2/.opam-switch/sources/astring.0.8.5/astring-0.8.5.tbz.part -- https://erratique.ch/software/astring/releases/astring-0.8.5.tbz\" exited with code 6)")

#=== ERROR while fetching sources for angstrom.0.16.0 =========================#
OpamSolution.Fetch_fail("https://github.com/inhabitedtype/angstrom/archive/0.16.0.tar.gz (Curl failed: \"/usr/bin/curl --write-out %{http_code}\\\\n --retry 3 --retry-delay 2 --user-agent opam/2.2.0~rc1~dev -L -o /home/opam/.opam/5.2/.opam-switch/sources/angstrom.0.16.0/0.16.0.tar.gz.part -- https://github.com/inhabitedtype/angstrom/archive/0.16.0.tar.gz\" exited with code 6)")


<><> Error report <><><><><><><><><><><><><><><><><><><><><><><><><><><><><><><>
+- The following actions were aborted
| - remove  sexplib0   v0.17.0
| - install base-bytes base
+- 
+- The following actions failed
| - fetch angstrom                                               0.16.0
| - fetch astring                                                0.8.5
| - fetch base                                                   v0.15.1
| - fetch base64                                                 3.5.1
| - fetch bigstringaf                                            0.9.0
| - fetch cohttp.4.0.0, cohttp-lwt.4.0.0, cohttp-lwt-unix.4.0.0  
| - fetch conduit.2.1.0, conduit-lwt.2.1.0                       
| - fetch conduit-lwt-unix                                       2.2.2
| - fetch cppo                                                   1.6.9
| - fetch domain-name                                            0.4.0
| - fetch dune-configurator                                      2.7.0
| - fetch fmt                                                    0.9.0
| - fetch graphics                                               5.1.2
| - fetch ipaddr.5.6.0, ipaddr-sexp.5.6.0, macaddr.5.6.0         
| - fetch jane-street-headers                                    v0.15.0
| - fetch js_of_ocaml-compiler.5.7.1, js_of_ocaml-toplevel.5.7.1 
| - fetch jsonm                                                  1.0.2
| - fetch jst-config                                             v0.15.1
| - fetch logs                                                   0.7.0
| - fetch lwt                                                    5.7.0
| - fetch magic-mime                                             1.3.1
| - fetch num                                                    1.5
| - fetch ocaml-syntax-shims                                     1.0.0
| - fetch ocamlbuild                                             0.14.3
| - fetch ocamlfind                                              1.9.6
| - fetch ocplib-endian                                          1.2
| - fetch parsexp                                                v0.15.0
| - fetch ppx_assert                                             v0.15.0
| - fetch ppx_base                                               v0.15.0
| - fetch ppx_cold                                               v0.15.0
| - fetch ppx_compare                                            v0.15.0
| - fetch ppx_enumerate                                          v0.15.0
| - fetch ppx_expect                                             v0.15.1
| - fetch ppx_hash                                               v0.15.0
| - fetch ppx_here                                               v0.15.0
| - fetch ppx_inline_test                                        v0.15.1
| - fetch ppx_optcomp                                            v0.15.0
| - fetch ppx_sexp_conv                                          v0.15.1
| - fetch ppxlib                                                 0.32.1
| - fetch re                                                     1.11.0
| - fetch sedlex                                                 3.2
| - fetch sexplib                                                v0.15.1
| - fetch sexplib0                                               v0.15.1
| - fetch stdio                                                  v0.15.0
| - fetch stringext                                              1.6.0
| - fetch time_now                                               v0.15.0
| - fetch topkg                                                  1.0.7
| - fetch uri.4.4.0, uri-sexp.4.4.0                              
| - fetch uutf                                                   1.0.3
+- 
+- The following changes have been performed (the rest was aborted)
| - install conf-libX11 1
+- 
# Run eval $(opam env) to update the current shell environment

The former state can be restored with:
    /usr/bin/opam switch import "/home/opam/.opam/5.2/.opam-switch/backup/state-20240626024436.export"
'opam reinstall --with-test --verbose js_of_ocaml-toplevel.5.7.1' failed.
"/usr/bin/env" "bash" "-c" "opam reinstall --with-test --verbose js_of_ocaml-toplevel.5.7.1;
        res=$?;
        test "$res" != 31 && exit "$res";
        export OPAMCLI=2.0;
        build_dir=$(opam var prefix)/.opam-switch/build;
        failed=$(ls "$build_dir");
        partial_fails="";
        for pkg in $failed; do
          if opam show -f x-ci-accept-failures: "$pkg" | grep -qF "\"debian-12\""; then
            echo "A package failed and has been disabled for CI using the 'x-ci-accept-failures' field.";
          fi;
          test "$pkg" != 'js_of_ocaml-toplevel.5.7.1' && partial_fails="$partial_fails $pkg";
        done;
        test "${partial_fails}" != "" && echo "opam-repo-ci detected dependencies failing: ${partial_fails}";
        exit 1" failed with exit status 40
2024-06-26 02:58.24: Job failed: Failed: Build failed
2024-06-26 02:58.24: Log analysis:
2024-06-26 02:58.24: >>> 
[ERROR] Sorry, resolution of the request timed out.
 (score = 20)
2024-06-26 02:58.24: >>> 
[ERROR] Failed to get sources of angstrom.0.16.0: Curl failed
 (score = 25)
2024-06-26 02:58.24: >>> 
[ERROR] Failed to get sources of astring.0.8.5: Curl failed
 (score = 25)
2024-06-26 02:58.24: >>> 
[ERROR] Failed to get sources of base.v0.15.1: Curl failed
 (score = 25)
2024-06-26 02:58.24: >>> 
[ERROR] Failed to get sources of base64.3.5.1: Curl failed
 (score = 25)
2024-06-26 02:58.24: >>> 
[ERROR] Failed to get sources of bigstringaf.0.9.0: Curl failed
 (score = 25)
2024-06-26 02:58.24: >>> 
[ERROR] Failed to get sources of cohttp.4.0.0, cohttp-lwt.4.0.0, cohttp-lwt-unix.4.0.0 (https://github.com/mirage/ocaml-cohttp/releases/download/v4.0.0/cohttp-v4.0.0.tbz): Curl failed
 (score = 25)
2024-06-26 02:58.24: >>> 
[ERROR] Failed to get sources of conduit.2.1.0, conduit-lwt.2.1.0 (https://github.com/mirage/ocaml-conduit/releases/download/v2.1.0/conduit-v2.1.0.tbz): Curl failed
 (score = 25)
2024-06-26 02:58.24: >>> 
[ERROR] Failed to get sources of conduit-lwt-unix.2.2.2: Curl failed
 (score = 25)
2024-06-26 02:58.24: >>> 
[ERROR] Failed to get sources of cppo.1.6.9: Curl failed
 (score = 25)
2024-06-26 02:58.24: >>> 
[ERROR] Failed to get sources of domain-name.0.4.0: Curl failed
 (score = 25)
2024-06-26 02:58.24: >>> 
[ERROR] Failed to get sources of dune-configurator.2.7.0: Curl failed
 (score = 25)
2024-06-26 02:58.24: >>> 
[ERROR] Failed to get sources of fmt.0.9.0: Curl failed
 (score = 25)
2024-06-26 02:58.24: >>> 
[ERROR] Failed to get sources of graphics.5.1.2: Curl failed
 (score = 25)
2024-06-26 02:58.24: >>> 
[ERROR] Failed to get sources of ipaddr.5.6.0, ipaddr-sexp.5.6.0, macaddr.5.6.0 (https://github.com/mirage/ocaml-ipaddr/releases/download/v5.6.0/ipaddr-5.6.0.tbz): Curl failed
 (score = 25)
2024-06-26 02:58.24: >>> 
[ERROR] Failed to get sources of jane-street-headers.v0.15.0: Curl failed
 (score = 25)
2024-06-26 02:58.24: >>> 
[ERROR] Failed to get sources of js_of_ocaml-compiler.5.7.1, js_of_ocaml-toplevel.5.7.1 (https://github.com/ocsigen/js_of_ocaml/releases/download/5.7.1/js_of_ocaml-5.7.1.tbz): Curl failed
 (score = 25)
2024-06-26 02:58.24: >>> 
[ERROR] Failed to get sources of jsonm.1.0.2: Curl failed
 (score = 25)
2024-06-26 02:58.24: >>> 
[ERROR] Failed to get sources of jst-config.v0.15.1: Curl failed
 (score = 25)
2024-06-26 02:58.24: >>> 
[ERROR] Failed to get sources of logs.0.7.0: Curl failed
 (score = 25)
2024-06-26 02:58.24: >>> 
[ERROR] Failed to get sources of lwt.5.7.0: Curl failed
 (score = 25)
2024-06-26 02:58.24: >>> 
[ERROR] Failed to get sources of magic-mime.1.3.1: Curl failed
 (score = 25)
2024-06-26 02:58.24: >>> 
[ERROR] Failed to get sources of num.1.5: Curl failed
 (score = 25)
2024-06-26 02:58.24: >>> 
[ERROR] Failed to get sources of ocaml-syntax-shims.1.0.0: Curl failed
 (score = 25)
2024-06-26 02:58.24: >>> 
[ERROR] Failed to get sources of ocamlbuild.0.14.3: Curl failed
 (score = 25)
2024-06-26 02:58.24: >>> 
[ERROR] Failed to get sources of ocamlfind.1.9.6: Curl failed
 (score = 25)
2024-06-26 02:58.24: >>> 
[ERROR] Failed to get sources of parsexp.v0.15.0: Curl failed
 (score = 25)
2024-06-26 02:58.24: >>> 
[ERROR] Failed to get sources of ppx_assert.v0.15.0: Curl failed
 (score = 25)
2024-06-26 02:58.24: >>> 
[ERROR] Failed to get sources of ppx_base.v0.15.0: Curl failed
 (score = 25)
2024-06-26 02:58.24: >>> 
[ERROR] Failed to get sources of ppx_cold.v0.15.0: Curl failed
 (score = 25)
2024-06-26 02:58.24: >>> 
[ERROR] Failed to get sources of ppx_compare.v0.15.0: Curl failed
 (score = 25)
2024-06-26 02:58.24: >>> 
[ERROR] Failed to get sources of ppx_enumerate.v0.15.0: Curl failed
 (score = 25)
2024-06-26 02:58.24: >>> 
[ERROR] Failed to get sources of ppx_expect.v0.15.1: Curl failed
 (score = 25)
2024-06-26 02:58.24: >>> 
[ERROR] Failed to get sources of ppx_hash.v0.15.0: Curl failed
 (score = 25)
2024-06-26 02:58.24: >>> 
[ERROR] Failed to get sources of ppx_here.v0.15.0: Curl failed
 (score = 25)
2024-06-26 02:58.24: >>> 
[ERROR] Failed to get sources of ppx_inline_test.v0.15.1: Curl failed
 (score = 25)
2024-06-26 02:58.24: >>> 
[ERROR] Failed to get sources of ppx_optcomp.v0.15.0: Curl failed
 (score = 25)
2024-06-26 02:58.24: >>> 
[ERROR] Failed to get sources of ppx_sexp_conv.v0.15.1: Curl failed
 (score = 25)
2024-06-26 02:58.24: >>> 
[ERROR] Failed to get sources of ppxlib.0.32.1: Curl failed
 (score = 25)
2024-06-26 02:58.24: >>> 
[ERROR] Failed to get sources of re.1.11.0: Curl failed
 (score = 25)
2024-06-26 02:58.24: >>> 
[ERROR] Failed to get sources of sedlex.3.2: Curl failed
 (score = 25)
2024-06-26 02:58.24: >>> 
[ERROR] Failed to get sources of sexplib.v0.15.1: Curl failed
 (score = 25)
2024-06-26 02:58.24: >>> 
[ERROR] Failed to get sources of sexplib0.v0.15.1: Curl failed
 (score = 25)
2024-06-26 02:58.24: >>> 
[ERROR] Failed to get sources of stdio.v0.15.0: Curl failed
 (score = 25)
2024-06-26 02:58.24: >>> 
[ERROR] Failed to get sources of stringext.1.6.0: Curl failed
 (score = 25)
2024-06-26 02:58.24: >>> 
[ERROR] Failed to get sources of time_now.v0.15.0: Curl failed
 (score = 25)
2024-06-26 02:58.24: >>> 
[ERROR] Failed to get sources of topkg.1.0.7: Curl failed
 (score = 25)
2024-06-26 02:58.24: >>> 
[ERROR] Failed to get sources of uri.4.4.0, uri-sexp.4.4.0 (https://github.com/mirage/ocaml-uri/releases/download/v4.4.0/uri-4.4.0.tbz): Curl failed
 (score = 25)
2024-06-26 02:58.24: >>> 
[ERROR] Failed to get sources of uutf.1.0.3: Curl failed
 (score = 25)
2024-06-26 02:58.24: Failed to get sources of angstrom.0.16.0: Curl failed
