2024-05-08 15:34.43: New job: test dkim.0.3.1 with parsexp.v0.17.0, using opam dev
                              from https://github.com/ocaml/opam-repository.git#refs/pull/25818/head (c960190927bc71e4c38bdaea243129ce23b67256)
                              on debian-12-ocaml-5.1/amd64

To reproduce locally:

cd $(mktemp -d)
git clone --recursive "https://github.com/ocaml/opam-repository.git" && cd "opam-repository" && git fetch origin "refs/pull/25818/head" && git reset --hard c9601909
git fetch origin master
git merge --no-edit 1d393046209a3bf9a41284cde888d54879545c5e
cat > ../Dockerfile <<'END-OF-DOCKERFILE'
[34mFROM ocaml/opam:debian-12-ocaml-5.1@sha256:38f84308178aed1201d28fe57eb8682794c2b5f9d040709a2077f190c66b19ce
USER 1000:1000
WORKDIR /home/opam
RUN sudo ln -f /usr/bin/opam-dev /usr/bin/opam
RUN opam init --reinit -ni
RUN uname -rs && opam exec -- ocaml -version && opam --version
ENV OPAMDOWNLOADJOBS="1"
ENV OPAMERRLOGLEN="0"
ENV OPAMSOLVERTIMEOUT="500"
ENV OPAMPRECISETRACKING="1"
ENV CI="true"
ENV OPAM_REPO_CI="true"
RUN rm -rf opam-repository/
COPY --chown=1000:1000 . opam-repository/
RUN opam repository set-url --strict default opam-repository/
RUN opam update --depexts || true
RUN opam pin add -k version -yn parsexp.v0.17.0 v0.17.0
RUN opam reinstall parsexp.v0.17.0; \
    res=$?; \
    test "$res" != 31 && exit "$res"; \
    export OPAMCLI=2.0; \
    build_dir=$(opam var prefix)/.opam-switch/build; \
    failed=$(ls "$build_dir"); \
    partial_fails=""; \
    for pkg in $failed; do \
    if opam show -f x-ci-accept-failures: "$pkg" | grep -qF "\"debian-12\""; then \
    echo "A package failed and has been disabled for CI using the 'x-ci-accept-failures' field."; \
    fi; \
    test "$pkg" != 'parsexp.v0.17.0' && partial_fails="$partial_fails $pkg"; \
    done; \
    test "${partial_fails}" != "" && echo "opam-repo-ci detected dependencies failing: ${partial_fails}"; \
    exit 1
RUN opam reinstall dkim.0.3.1; \
    res=$?; \
    test "$res" != 31 && exit "$res"; \
    export OPAMCLI=2.0; \
    build_dir=$(opam var prefix)/.opam-switch/build; \
    failed=$(ls "$build_dir"); \
    partial_fails=""; \
    for pkg in $failed; do \
    if opam show -f x-ci-accept-failures: "$pkg" | grep -qF "\"debian-12\""; then \
    echo "A package failed and has been disabled for CI using the 'x-ci-accept-failures' field."; \
    fi; \
    test "$pkg" != 'dkim.0.3.1' && partial_fails="$partial_fails $pkg"; \
    done; \
    test "${partial_fails}" != "" && echo "opam-repo-ci detected dependencies failing: ${partial_fails}"; \
    exit 1
RUN (opam reinstall --with-test dkim.0.3.1) || true
RUN opam reinstall --with-test --verbose dkim.0.3.1; \
    res=$?; \
    test "$res" != 31 && exit "$res"; \
    export OPAMCLI=2.0; \
    build_dir=$(opam var prefix)/.opam-switch/build; \
    failed=$(ls "$build_dir"); \
    partial_fails=""; \
    for pkg in $failed; do \
    if opam show -f x-ci-accept-failures: "$pkg" | grep -qF "\"debian-12\""; then \
    echo "A package failed and has been disabled for CI using the 'x-ci-accept-failures' field."; \
    fi; \
    test "$pkg" != 'dkim.0.3.1' && partial_fails="$partial_fails $pkg"; \
    done; \
    test "${partial_fails}" != "" && echo "opam-repo-ci detected dependencies failing: ${partial_fails}"; \
    exit 1
[0m
END-OF-DOCKERFILE
docker build -f ../Dockerfile .

2024-05-08 15:34.43: Using cache hint "ocaml/opam:debian-12-ocaml-5.1@sha256:38f84308178aed1201d28fe57eb8682794c2b5f9d040709a2077f190c66b19ce-parsexp.v0.17.0-dkim.0.3.1-c960190927bc71e4c38bdaea243129ce23b67256"
2024-05-08 15:34.43: Using OBuilder spec:
((from ocaml/opam:debian-12-ocaml-5.1@sha256:38f84308178aed1201d28fe57eb8682794c2b5f9d040709a2077f190c66b19ce)
 (user (uid 1000) (gid 1000))
 (workdir /home/opam)
 (run (shell "sudo ln -f /usr/bin/opam-dev /usr/bin/opam"))
 (run (network host)
      (shell "opam init --reinit --config .opamrc-sandbox -ni"))
 (run (shell "uname -rs && opam exec -- ocaml -version && opam --version"))
 (env OPAMDOWNLOADJOBS 1)
 (env OPAMERRLOGLEN 0)
 (env OPAMSOLVERTIMEOUT 500)
 (env OPAMPRECISETRACKING 1)
 (env CI true)
 (env OPAM_REPO_CI true)
 (run (shell "rm -rf opam-repository/"))
 (copy (src .) (dst opam-repository/))
 (run (shell "opam repository set-url --strict default opam-repository/"))
 (run (network host)
      (shell "opam update --depexts || true"))
 (run (shell "opam pin add -k version -yn parsexp.v0.17.0 v0.17.0"))
 (run (cache (opam-archives (target /home/opam/.opam/download-cache)))
      (network host)
      (shell  "opam reinstall parsexp.v0.17.0;\
             \n        res=$?;\
             \n        test \"$res\" != 31 && exit \"$res\";\
             \n        export OPAMCLI=2.0;\
             \n        build_dir=$(opam var prefix)/.opam-switch/build;\
             \n        failed=$(ls \"$build_dir\");\
             \n        partial_fails=\"\";\
             \n        for pkg in $failed; do\
             \n          if opam show -f x-ci-accept-failures: \"$pkg\" | grep -qF \"\\\"debian-12\\\"\"; then\
             \n            echo \"A package failed and has been disabled for CI using the 'x-ci-accept-failures' field.\";\
             \n          fi;\
             \n          test \"$pkg\" != 'parsexp.v0.17.0' && partial_fails=\"$partial_fails $pkg\";\
             \n        done;\
             \n        test \"${partial_fails}\" != \"\" && echo \"opam-repo-ci detected dependencies failing: ${partial_fails}\";\
             \n        exit 1"))
 (run (cache (opam-archives (target /home/opam/.opam/download-cache)))
      (network host)
      (shell  "opam reinstall dkim.0.3.1;\
             \n        res=$?;\
             \n        test \"$res\" != 31 && exit \"$res\";\
             \n        export OPAMCLI=2.0;\
             \n        build_dir=$(opam var prefix)/.opam-switch/build;\
             \n        failed=$(ls \"$build_dir\");\
             \n        partial_fails=\"\";\
             \n        for pkg in $failed; do\
             \n          if opam show -f x-ci-accept-failures: \"$pkg\" | grep -qF \"\\\"debian-12\\\"\"; then\
             \n            echo \"A package failed and has been disabled for CI using the 'x-ci-accept-failures' field.\";\
             \n          fi;\
             \n          test \"$pkg\" != 'dkim.0.3.1' && partial_fails=\"$partial_fails $pkg\";\
             \n        done;\
             \n        test \"${partial_fails}\" != \"\" && echo \"opam-repo-ci detected dependencies failing: ${partial_fails}\";\
             \n        exit 1"))
 (run (network host)
      (shell "(opam reinstall --with-test dkim.0.3.1) || true"))
 (run (shell  "opam reinstall --with-test --verbose dkim.0.3.1;\
             \n        res=$?;\
             \n        test \"$res\" != 31 && exit \"$res\";\
             \n        export OPAMCLI=2.0;\
             \n        build_dir=$(opam var prefix)/.opam-switch/build;\
             \n        failed=$(ls \"$build_dir\");\
             \n        partial_fails=\"\";\
             \n        for pkg in $failed; do\
             \n          if opam show -f x-ci-accept-failures: \"$pkg\" | grep -qF \"\\\"debian-12\\\"\"; then\
             \n            echo \"A package failed and has been disabled for CI using the 'x-ci-accept-failures' field.\";\
             \n          fi;\
             \n          test \"$pkg\" != 'dkim.0.3.1' && partial_fails=\"$partial_fails $pkg\";\
             \n        done;\
             \n        test \"${partial_fails}\" != \"\" && echo \"opam-repo-ci detected dependencies failing: ${partial_fails}\";\
             \n        exit 1"))
)

2024-05-08 15:34.43: Waiting for resource in pool OCluster
2024-05-08 20:33.28: Waiting for workerâ€¦
2024-05-08 20:35.42: Got resource from pool OCluster
Building on x86-bm-c8.sw.ocaml.org
All commits already cached
Updating files:  84% (28510/33687)Updating files:  85% (28634/33687)Updating files:  86% (28971/33687)Updating files:  87% (29308/33687)Updating files:  88% (29645/33687)Updating files:  89% (29982/33687)Updating files:  90% (30319/33687)Updating files:  91% (30656/33687)Updating files:  92% (30993/33687)Updating files:  93% (31329/33687)Updating files:  94% (31666/33687)Updating files:  95% (32003/33687)Updating files:  96% (32340/33687)Updating files:  97% (32677/33687)Updating files:  98% (33014/33687)Updating files:  99% (33351/33687)Updating files: 100% (33687/33687)Updating files: 100% (33687/33687), done.
HEAD is now at 1d39304620 Merge pull request #25798 from punchagan/fix-sexplib-dep
Updating 1d39304620..c960190927
Fast-forward
 .../base_bigstring/base_bigstring.v0.17.0/opam     | 27 +++++++++++
 .../base_quickcheck/base_quickcheck.v0.17.0/opam   | 34 ++++++++++++++
 packages/bin_prot/bin_prot.v0.17.0/opam            | 38 ++++++++++++++++
 .../capitalization/capitalization.v0.17.0/opam     | 25 ++++++++++
 packages/core/core.v0.17.0/opam                    | 50 ++++++++++++++++++++
 packages/fieldslib/fieldslib.v0.17.0/opam          | 28 ++++++++++++
 packages/gel/gel.v0.17.0/opam                      | 26 +++++++++++
 packages/int_repr/int_repr.v0.17.0/opam            | 26 +++++++++++
 .../jane-street-headers.v0.17.0/opam               | 24 ++++++++++
 packages/jst-config/jst-config.v0.17.0/opam        | 32 +++++++++++++
 packages/parsexp/parsexp.v0.17.0/opam              | 43 ++++++++++++++++++
 packages/ppx_assert/ppx_assert.v0.17.0/opam        | 30 ++++++++++++
 packages/ppx_base/ppx_base.v0.17.0/opam            | 34 ++++++++++++++
 packages/ppx_bench/ppx_bench.v0.17.0/opam          | 26 +++++++++++
 packages/ppx_bin_prot/ppx_bin_prot.v0.17.0/opam    | 29 ++++++++++++
 packages/ppx_cold/ppx_cold.v0.17.0/opam            | 26 +++++++++++
 packages/ppx_compare/ppx_compare.v0.17.0/opam      | 27 +++++++++++
 .../ppx_custom_printf.v0.17.0/opam                 | 27 +++++++++++
 packages/ppx_diff/ppx_diff.v0.17.0/opam            | 31 +++++++++++++
 .../ppx_disable_unused_warnings.v0.17.0/opam       | 26 +++++++++++
 packages/ppx_enumerate/ppx_enumerate.v0.17.0/opam  | 27 +++++++++++
 packages/ppx_expect/ppx_expect.v0.17.0/opam        | 29 ++++++++++++
 .../ppx_fields_conv/ppx_fields_conv.v0.17.0/opam   | 27 +++++++++++
 .../ppx_fixed_literal.v0.17.0/opam                 | 27 +++++++++++
 packages/ppx_globalize/ppx_globalize.v0.17.0/opam  | 27 +++++++++++
 packages/ppx_hash/ppx_hash.v0.17.0/opam            | 29 ++++++++++++
 packages/ppx_here/ppx_here.v0.17.0/opam            | 26 +++++++++++
 .../ppx_ignore_instrumentation.v0.17.0/opam        | 26 +++++++++++
 .../ppx_inline_test/ppx_inline_test.v0.17.0/opam   | 27 +++++++++++
 packages/ppx_jane/ppx_jane.v0.17.0/opam            | 53 ++++++++++++++++++++++
 packages/ppx_let/ppx_let.v0.17.0/opam              | 27 +++++++++++
 packages/ppx_log/ppx_log.v0.17.0/opam              | 39 ++++++++++++++++
 .../ppx_module_timer/ppx_module_timer.v0.17.0/opam | 29 ++++++++++++
 packages/ppx_optcomp/ppx_optcomp.v0.17.0/opam      | 27 +++++++++++
 packages/ppx_optional/ppx_optional.v0.17.0/opam    | 28 ++++++++++++
 packages/ppx_pipebang/ppx_pipebang.v0.17.0/opam    | 25 ++++++++++
 packages/ppx_sexp_conv/ppx_sexp_conv.v0.17.0/opam  | 28 ++++++++++++
 .../ppx_sexp_message/ppx_sexp_message.v0.17.0/opam | 28 ++++++++++++
 .../ppx_sexp_value/ppx_sexp_value.v0.17.0/opam     | 28 ++++++++++++
 packages/ppx_stable/ppx_stable.v0.17.0/opam        | 27 +++++++++++
 .../ppx_stable_witness.v0.17.0/opam                | 26 +++++++++++
 packages/ppx_string/ppx_string.v0.17.0/opam        | 27 +++++++++++
 .../ppx_string_conv/ppx_string_conv.v0.17.0/opam   | 29 ++++++++++++
 packages/ppx_tydi/ppx_tydi.v0.17.0/opam            | 26 +++++++++++
 .../ppx_typerep_conv/ppx_typerep_conv.v0.17.0/opam | 27 +++++++++++
 .../ppx_variants_conv.v0.17.0/opam                 | 27 +++++++++++
 packages/ppxlib_jane/ppxlib_jane.v0.17.0/opam      | 25 ++++++++++
 packages/sexplib/sexplib.v0.17.0/opam              | 30 ++++++++++++
 .../splittable_random.v0.17.0/opam                 | 36 +++++++++++++++
 packages/stdio/stdio.v0.17.0/opam                  | 28 ++++++++++++
 packages/time_now/time_now.v0.17.0/opam            | 30 ++++++++++++
 packages/typerep/typerep.v0.17.0/opam              | 24 ++++++++++
 packages/variantslib/variantslib.v0.17.0/opam      | 27 +++++++++++
 53 files changed, 1555 insertions(+)
 create mode 100644 packages/base_bigstring/base_bigstring.v0.17.0/opam
 create mode 100644 packages/base_quickcheck/base_quickcheck.v0.17.0/opam
 create mode 100644 packages/bin_prot/bin_prot.v0.17.0/opam
 create mode 100644 packages/capitalization/capitalization.v0.17.0/opam
 create mode 100644 packages/core/core.v0.17.0/opam
 create mode 100644 packages/fieldslib/fieldslib.v0.17.0/opam
 create mode 100644 packages/gel/gel.v0.17.0/opam
 create mode 100644 packages/int_repr/int_repr.v0.17.0/opam
 create mode 100644 packages/jane-street-headers/jane-street-headers.v0.17.0/opam
 create mode 100644 packages/jst-config/jst-config.v0.17.0/opam
 create mode 100644 packages/parsexp/parsexp.v0.17.0/opam
 create mode 100644 packages/ppx_assert/ppx_assert.v0.17.0/opam
 create mode 100644 packages/ppx_base/ppx_base.v0.17.0/opam
 create mode 100644 packages/ppx_bench/ppx_bench.v0.17.0/opam
 create mode 100644 packages/ppx_bin_prot/ppx_bin_prot.v0.17.0/opam
 create mode 100644 packages/ppx_cold/ppx_cold.v0.17.0/opam
 create mode 100644 packages/ppx_compare/ppx_compare.v0.17.0/opam
 create mode 100644 packages/ppx_custom_printf/ppx_custom_printf.v0.17.0/opam
 create mode 100644 packages/ppx_diff/ppx_diff.v0.17.0/opam
 create mode 100644 packages/ppx_disable_unused_warnings/ppx_disable_unused_warnings.v0.17.0/opam
 create mode 100644 packages/ppx_enumerate/ppx_enumerate.v0.17.0/opam
 create mode 100644 packages/ppx_expect/ppx_expect.v0.17.0/opam
 create mode 100644 packages/ppx_fields_conv/ppx_fields_conv.v0.17.0/opam
 create mode 100644 packages/ppx_fixed_literal/ppx_fixed_literal.v0.17.0/opam
 create mode 100644 packages/ppx_globalize/ppx_globalize.v0.17.0/opam
 create mode 100644 packages/ppx_hash/ppx_hash.v0.17.0/opam
 create mode 100644 packages/ppx_here/ppx_here.v0.17.0/opam
 create mode 100644 packages/ppx_ignore_instrumentation/ppx_ignore_instrumentation.v0.17.0/opam
 create mode 100644 packages/ppx_inline_test/ppx_inline_test.v0.17.0/opam
 create mode 100644 packages/ppx_jane/ppx_jane.v0.17.0/opam
 create mode 100644 packages/ppx_let/ppx_let.v0.17.0/opam
 create mode 100644 packages/ppx_log/ppx_log.v0.17.0/opam
 create mode 100644 packages/ppx_module_timer/ppx_module_timer.v0.17.0/opam
 create mode 100644 packages/ppx_optcomp/ppx_optcomp.v0.17.0/opam
 create mode 100644 packages/ppx_optional/ppx_optional.v0.17.0/opam
 create mode 100644 packages/ppx_pipebang/ppx_pipebang.v0.17.0/opam
 create mode 100644 packages/ppx_sexp_conv/ppx_sexp_conv.v0.17.0/opam
 create mode 100644 packages/ppx_sexp_message/ppx_sexp_message.v0.17.0/opam
 create mode 100644 packages/ppx_sexp_value/ppx_sexp_value.v0.17.0/opam
 create mode 100644 packages/ppx_stable/ppx_stable.v0.17.0/opam
 create mode 100644 packages/ppx_stable_witness/ppx_stable_witness.v0.17.0/opam
 create mode 100644 packages/ppx_string/ppx_string.v0.17.0/opam
 create mode 100644 packages/ppx_string_conv/ppx_string_conv.v0.17.0/opam
 create mode 100644 packages/ppx_tydi/ppx_tydi.v0.17.0/opam
 create mode 100644 packages/ppx_typerep_conv/ppx_typerep_conv.v0.17.0/opam
 create mode 100644 packages/ppx_variants_conv/ppx_variants_conv.v0.17.0/opam
 create mode 100644 packages/ppxlib_jane/ppxlib_jane.v0.17.0/opam
 create mode 100644 packages/sexplib/sexplib.v0.17.0/opam
 create mode 100644 packages/splittable_random/splittable_random.v0.17.0/opam
 create mode 100644 packages/stdio/stdio.v0.17.0/opam
 create mode 100644 packages/time_now/time_now.v0.17.0/opam
 create mode 100644 packages/typerep/typerep.v0.17.0/opam
 create mode 100644 packages/variantslib/variantslib.v0.17.0/opam

[01;34m(from ocaml/opam:debian-12-ocaml-5.1@sha256:38f84308178aed1201d28fe57eb8682794c2b5f9d040709a2077f190c66b19ce)[0m
Unable to find image 'ocaml/opam:debian-12-ocaml-5.1@sha256:38f84308178aed1201d28fe57eb8682794c2b5f9d040709a2077f190c66b19ce' locally
docker.io/ocaml/opam@sha256:38f84308178aed1201d28fe57eb8682794c2b5f9d040709a2077f190c66b19ce: Pulling from ocaml/opam
1f57d38fa8eb: Pulling fs layer
1f57d38fa8eb: Verifying Checksum
1f57d38fa8eb: Download complete
1f57d38fa8eb: Pull complete
Digest: sha256:38f84308178aed1201d28fe57eb8682794c2b5f9d040709a2077f190c66b19ce
Status: Downloaded newer image for ocaml/opam@sha256:38f84308178aed1201d28fe57eb8682794c2b5f9d040709a2077f190c66b19ce
[01;2m[01;35m2024-05-08 20:35.47 ---> using "77b9ba30cf71111f1c981ad9e321456c3dda39afc3d2128ca1b6e01fdcf27acc" from cache[0m

[01;34m/: (user (uid 1000) (gid 1000))[0m

[01;34m/: (workdir /home/opam)[0m

[01;34m/home/opam: (run (shell "sudo ln -f /usr/bin/opam-dev /usr/bin/opam"))[0m
[01;2m[01;35m2024-05-08 20:35.47 ---> using "68891549c93231dc4d1dfc8f2e5cd2e4b548de89542965ad44688fe0061e6f42" from cache[0m

[01;34m/home/opam: (run (network host)
                 (shell "opam init --reinit --config .opamrc-sandbox -ni"))[0m
Configuring from /home/opam/.opamrc-sandbox, then /home/opam/.opamrc, and finally from built-in defaults.
Checking for available remotes: rsync and local, git.
  - you won't be able to use mercurial repositories unless you install the hg command on your system.
  - you won't be able to use darcs repositories unless you install the darcs command on your system.

Continue? [y/n] y
This development version of opam requires an update to the layout of /home/opam/.opam from version 2.0 to version 2.2~alpha, which can't be reverted.
You may want to back it up before going further.

[NOTE] The 'jobs' option was reset, its value was 255 and its new value will vary according to the current number of cores on your machine. You can restore the fixed value using:
           opam option jobs=255 --global
Format upgrade done.

<><> Updating repositories ><><><><><><><><><><><><><><><><><><><><><><><><><><>
[default] synchronised from file:///home/opam/opam-repository
[01;2m[01;35m2024-05-08 20:35.47 ---> using "51b960376a3ebc623e0089b34de6073fa288c80f723599208cd709aca3b3bf72" from cache[0m

[01;34m/home/opam: (run (shell "uname -rs && opam exec -- ocaml -version && opam --version"))[0m
Linux 5.15.0-106-generic
The OCaml toplevel, version 5.1.1
2.2.0~beta3~dev
[01;2m[01;35m2024-05-08 20:35.47 ---> using "98bb6bced817415ff0b8a2be7e504e679796c79e15e7d07374868367e19c5401" from cache[0m

[01;34m/home/opam: (env OPAMDOWNLOADJOBS 1)[0m

[01;34m/home/opam: (env OPAMERRLOGLEN 0)[0m

[01;34m/home/opam: (env OPAMSOLVERTIMEOUT 500)[0m

[01;34m/home/opam: (env OPAMPRECISETRACKING 1)[0m

[01;34m/home/opam: (env CI true)[0m

[01;34m/home/opam: (env OPAM_REPO_CI true)[0m

[01;34m/home/opam: (run (shell "rm -rf opam-repository/"))[0m
[01;2m[01;35m2024-05-08 20:35.47 ---> using "55bd0ed07cf828357147350a61055695e8821ca6d7cffc5da259e701a085bf3d" from cache[0m

[01;34m/home/opam: (copy (src .) (dst opam-repository/))[0m
[01;2m[01;35m2024-05-08 20:35.49 ---> using "7ed34acd3c5f880e297a2f623bb95eeba6225316a09b45d040323fc14734fb7f" from cache[0m

[01;34m/home/opam: (run (shell "opam repository set-url --strict default opam-repository/"))[0m
[default] Initialised
[01;2m[01;35m2024-05-08 20:35.49 ---> using "8cc93995d292a12259e985099677776d06fd2c567aa3c56d9a9227e501d7a578" from cache[0m

[01;34m/home/opam: (run (network host)
                 (shell "opam update --depexts || true"))[0m
+ /usr/bin/sudo "apt-get" "update"
- Hit:1 http://deb.debian.org/debian bookworm InRelease
- Get:2 http://deb.debian.org/debian bookworm-updates InRelease [55.4 kB]
- Get:3 http://deb.debian.org/debian-security bookworm-security InRelease [48.0 kB]
- Get:4 http://deb.debian.org/debian bookworm-updates/main amd64 Packages.diff/Index [10.6 kB]
- Get:5 http://deb.debian.org/debian bookworm-updates/main amd64 Packages T-2024-04-23-2036.10-F-2024-04-23-2036.10.pdiff [1595 B]
- Get:5 http://deb.debian.org/debian bookworm-updates/main amd64 Packages T-2024-04-23-2036.10-F-2024-04-23-2036.10.pdiff [1595 B]
- Get:6 http://deb.debian.org/debian-security bookworm-security/main amd64 Packages [157 kB]
- Fetched 273 kB in 0s (1182 kB/s)
- Reading package lists...
[01;2m[01;35m2024-05-08 20:35.49 ---> using "777777b5ab75cb88dcdaeb00cd0218a13107de1795328887000198a927b890cd" from cache[0m

[01;34m/home/opam: (run (shell "opam pin add -k version -yn parsexp.v0.17.0 v0.17.0"))[0m
parsexp is now pinned to version v0.17.0
[01;2m[01;35m2024-05-08 20:35.49 ---> using "1a44b25f04d55fc155d623b0b4e948c47f1b5c98c0d1972e659c8625fedbf861" from cache[0m

[01;34m/home/opam: (run (cache (opam-archives (target /home/opam/.opam/download-cache)))
                 (network host)
                 (shell  "opam reinstall parsexp.v0.17.0;\
                        \n        res=$?;\
                        \n        test \"$res\" != 31 && exit \"$res\";\
                        \n        export OPAMCLI=2.0;\
                        \n        build_dir=$(opam var prefix)/.opam-switch/build;\
                        \n        failed=$(ls \"$build_dir\");\
                        \n        partial_fails=\"\";\
                        \n        for pkg in $failed; do\
                        \n          if opam show -f x-ci-accept-failures: \"$pkg\" | grep -qF \"\\\"debian-12\\\"\"; then\
                        \n            echo \"A package failed and has been disabled for CI using the 'x-ci-accept-failures' field.\";\
                        \n          fi;\
                        \n          test \"$pkg\" != 'parsexp.v0.17.0' && partial_fails=\"$partial_fails $pkg\";\
                        \n        done;\
                        \n        test \"${partial_fails}\" != \"\" && echo \"opam-repo-ci detected dependencies failing: ${partial_fails}\";\
                        \n        exit 1"))[0m
parsexp.v0.17.0 is not installed. Install it? [y/n] y
The following actions will be performed:
=== install 3 packages
  - install dune     3.15.2           [required by parsexp]
  - install parsexp  v0.17.0 (pinned)
  - install sexplib0 v0.17.0          [required by parsexp]

<><> Processing actions <><><><><><><><><><><><><><><><><><><><><><><><><><><><>
-> retrieved dune.3.15.2  (cached)
-> retrieved parsexp.v0.17.0  (cached)
-> retrieved sexplib0.v0.17.0  (cached)
-> installed dune.3.15.2
-> installed sexplib0.v0.17.0
-> installed parsexp.v0.17.0
Done.
# Run eval $(opam env) to update the current shell environment
[01;2m[01;35m2024-05-08 20:35.49 ---> using "afe6b7dc378a0ea63407e70ad297c4058b71cffe55414fd22b469086f30af1b9" from cache[0m

[01;34m/home/opam: (run (cache (opam-archives (target /home/opam/.opam/download-cache)))
                 (network host)
                 (shell  "opam reinstall dkim.0.3.1;\
                        \n        res=$?;\
                        \n        test \"$res\" != 31 && exit \"$res\";\
                        \n        export OPAMCLI=2.0;\
                        \n        build_dir=$(opam var prefix)/.opam-switch/build;\
                        \n        failed=$(ls \"$build_dir\");\
                        \n        partial_fails=\"\";\
                        \n        for pkg in $failed; do\
                        \n          if opam show -f x-ci-accept-failures: \"$pkg\" | grep -qF \"\\\"debian-12\\\"\"; then\
                        \n            echo \"A package failed and has been disabled for CI using the 'x-ci-accept-failures' field.\";\
                        \n          fi;\
                        \n          test \"$pkg\" != 'dkim.0.3.1' && partial_fails=\"$partial_fails $pkg\";\
                        \n        done;\
                        \n        test \"${partial_fails}\" != \"\" && echo \"opam-repo-ci detected dependencies failing: ${partial_fails}\";\
                        \n        exit 1"))[0m
dkim.0.3.1 is not installed. Install it? [y/n] y
The following actions will be performed:
=== install 64 packages
  - install afl-persistent     1.4    [required by mrmime]
  - install angstrom           0.16.0 [required by mrmime]
  - install asn1-combinators   0.2.6  [required by x509]
  - install astring            0.8.5  [required by dkim]
  - install base-bytes         base   [required by ocplib-endian]
  - install base64             3.5.1  [required by dkim]
  - install bigarray-compat    1.1.0  [required by mrmime]
  - install bigarray-overlap   0.2.1  [required by mrmime]
  - install bigstringaf        0.9.1  [required by mrmime]
  - install cmdliner           1.2.0  [required by dkim]
  - install coin               0.1.4  [required by rosetta]
  - install conf-gmp           4      [required by conf-gmp-powm-sec, zarith]
  - install conf-gmp-powm-sec  3      [required by mirage-crypto-pk]
  - install conf-pkg-config    3      [required by bigarray-overlap]
  - install cppo               1.6.9  [required by ocplib-endian]
  - install csexp              1.5.2  [required by dune-configurator]
  - install cstruct            6.2.0  [required by mirage-crypto-pk, x509]
  - install digestif           1.2.0  [required by dkim]
  - install dkim               0.3.1
  - install dns                7.0.3  [required by dns-client]
  - install dns-client         7.0.3  [required by dkim]
  - install domain-name        0.4.0  [required by dkim]
  - install dune-configurator  3.15.2 [required by hxd, mirage-crypto-rng, mirage-crypto-ec]
  - install duration           0.2.1  [required by dns, mirage-crypto-rng]
  - install emile              1.1    [required by mrmime]
  - install eqaf               0.9    [required by digestif, mirage-crypto-pk]
  - install fmt                0.9.0  [required by dkim]
  - install fpath              0.7.3  [required by dkim]
  - install gmap               0.3.0  [required by x509]
  - install hmap               0.8.1  [required by dkim]
  - install hxd                0.3.2  [required by mrmime]
  - install ipaddr             5.5.0  [required by dkim]
  - install ke                 0.6    [required by mrmime]
  - install logs               0.7.0  [required by dkim]
  - install lru                0.3.1  [required by dns]
  - install macaddr            5.5.0  [required by ipaddr]
  - install metrics            0.4.1  [required by dns]
  - install mirage-crypto      0.11.3 [required by dkim]
  - install mirage-crypto-ec   0.11.3 [required by x509]
  - install mirage-crypto-pk   0.11.3 [required by dkim]
  - install mirage-crypto-rng  0.11.3 [required by mrmime, dns-client, mirage-crypto-pk, x509]
  - install mrmime             0.5.0  [required by dkim]
  - install mtime              2.0.0  [required by dns-client]
  - install ocaml-syntax-shims 1.0.0  [required by angstrom]
  - install ocamlbuild         0.14.3 [required by fpath, astring, hmap]
  - install ocamlfind          1.9.6  [required by fpath, astring, hmap]
  - install ocplib-endian      1.2    [required by mrmime]
  - install pbkdf              1.2.0  [required by x509]
  - install pecu               0.7    [required by mrmime]
  - install prettym            0.0.3  [required by mrmime]
  - install psq                0.2.1  [required by lru]
  - install ptime              1.1.0  [required by mrmime, x509]
  - install randomconv         0.1.3  [required by dns-client]
  - install re                 1.11.0 [required by coin, uuuu]
  - install rosetta            0.3.0  [required by mrmime]
  - install rresult            0.7.0  [required by mrmime]
  - install seq                base   [required by psq, re]
  - install topkg              1.0.7  [required by fpath, astring, hmap]
  - install unstrctrd          0.4    [required by mrmime]
  - install uutf               1.0.3  [required by mrmime]
  - install uuuu               0.3.0  [required by rosetta]
  - install x509               0.16.5 [required by dkim]
  - install yuscii             0.3.0  [required by rosetta]
  - install zarith             1.13   [required by mirage-crypto-pk]

The following system packages will first need to be installed:
    libgmp-dev pkg-config

<><> Handling external dependencies <><><><><><><><><><><><><><><><><><><><><><>

opam believes some required external dependencies are missing. opam can:
> 1. Run apt-get to install them (may need root/sudo access)
  2. Display the recommended apt-get command and wait while you run it manually (e.g. in another terminal)
  3. Continue anyway, and, upon success, permanently register that this external dependency is present, but not detectable
  4. Abort the installation

[1/2/3/4] 1

+ /usr/bin/sudo "apt-get" "install" "-qq" "-yy" "libgmp-dev" "pkg-config"
- debconf: delaying package configuration, since apt-utils is not installed
- Selecting previously unselected package libgmpxx4ldbl:amd64.
- (Reading database ... (Reading database ... 5%(Reading database ... 10%(Reading database ... 15%(Reading database ... 20%(Reading database ... 25%(Reading database ... 30%(Reading database ... 35%(Reading database ... 40%(Reading database ... 45%(Reading database ... 50%(Reading database ... 55%(Reading database ... 60%(Reading database ... 65%(Reading database ... 70%(Reading database ... 75%(Reading database ... 80%(Reading database ... 85%(Reading database ... 90%(Reading database ... 95%(Reading database ... 100%(Reading database ... 18766 files and directories currently installed.)
- Preparing to unpack .../0-libgmpxx4ldbl_2%3a6.2.1+dfsg1-1.1_amd64.deb ...
- Unpacking libgmpxx4ldbl:amd64 (2:6.2.1+dfsg1-1.1) ...
- Selecting previously unselected package libgmp-dev:amd64.
- Preparing to unpack .../1-libgmp-dev_2%3a6.2.1+dfsg1-1.1_amd64.deb ...
- Unpacking libgmp-dev:amd64 (2:6.2.1+dfsg1-1.1) ...
- Selecting previously unselected package libpkgconf3:amd64.
- Preparing to unpack .../2-libpkgconf3_1.8.1-1_amd64.deb ...
- Unpacking libpkgconf3:amd64 (1.8.1-1) ...
- Selecting previously unselected package pkgconf-bin.
- Preparing to unpack .../3-pkgconf-bin_1.8.1-1_amd64.deb ...
- Unpacking pkgconf-bin (1.8.1-1) ...
- Selecting previously unselected package pkgconf:amd64.
- Preparing to unpack .../4-pkgconf_1.8.1-1_amd64.deb ...
- Unpacking pkgconf:amd64 (1.8.1-1) ...
- Selecting previously unselected package pkg-config:amd64.
- Preparing to unpack .../5-pkg-config_1.8.1-1_amd64.deb ...
- Unpacking pkg-config:amd64 (1.8.1-1) ...
- Setting up libpkgconf3:amd64 (1.8.1-1) ...
- Setting up libgmpxx4ldbl:amd64 (2:6.2.1+dfsg1-1.1) ...
- Setting up pkgconf-bin (1.8.1-1) ...
- Setting up libgmp-dev:amd64 (2:6.2.1+dfsg1-1.1) ...
- Setting up pkgconf:amd64 (1.8.1-1) ...
- Setting up pkg-config:amd64 (1.8.1-1) ...
- Processing triggers for libc-bin (2.36-9+deb12u4) ...

<><> Processing actions <><><><><><><><><><><><><><><><><><><><><><><><><><><><>
-> retrieved afl-persistent.1.4  (cached)
-> retrieved angstrom.0.16.0  (cached)
-> retrieved asn1-combinators.0.2.6  (cached)
-> retrieved astring.0.8.5  (cached)
-> retrieved base64.3.5.1  (cached)
-> retrieved bigarray-compat.1.1.0  (cached)
-> retrieved bigarray-overlap.0.2.1  (cached)
-> retrieved bigstringaf.0.9.1  (cached)
-> retrieved cmdliner.1.2.0  (cached)
-> retrieved coin.0.1.4  (cached)
-> retrieved cppo.1.6.9  (cached)
-> retrieved csexp.1.5.2  (cached)
-> installed conf-pkg-config.3
-> installed afl-persistent.1.4
-> retrieved cstruct.6.2.0  (cached)
-> installed conf-gmp.4
-> installed conf-gmp-powm-sec.3
-> installed bigarray-compat.1.1.0
-> installed csexp.1.5.2
-> installed bigarray-overlap.0.2.1
-> installed base64.3.5.1
-> retrieved digestif.1.2.0  (cached)
-> retrieved dkim.0.3.1  (cached)
-> retrieved dns.7.0.3, dns-client.7.0.3  (cached)
-> retrieved domain-name.0.4.0  (cached)
-> installed domain-name.0.4.0
-> installed cppo.1.6.9
-> retrieved dune-configurator.3.15.2  (cached)
-> retrieved duration.0.2.1  (cached)
-> retrieved emile.1.1  (cached)
-> retrieved eqaf.0.9  (cached)
-> retrieved fmt.0.9.0  (cached)
-> retrieved fpath.0.7.3  (cached)
-> retrieved gmap.0.3.0  (cached)
-> retrieved hmap.0.8.1  (cached)
-> retrieved hxd.0.3.2  (cached)
-> retrieved ipaddr.5.5.0, macaddr.5.5.0  (cached)
-> installed cmdliner.1.2.0
-> retrieved ke.0.6  (cached)
-> retrieved logs.0.7.0  (cached)
-> retrieved lru.0.3.1  (cached)
-> retrieved metrics.0.4.1  (cached)
-> installed duration.0.2.1
-> installed gmap.0.3.0
-> installed macaddr.5.5.0
-> retrieved mirage-crypto.0.11.3, mirage-crypto-ec.0.11.3, mirage-crypto-pk.0.11.3, mirage-crypto-rng.0.11.3  (cached)
-> installed ipaddr.5.5.0
-> retrieved mrmime.0.5.0  (cached)
-> retrieved mtime.2.0.0  (cached)
-> retrieved ocaml-syntax-shims.1.0.0  (cached)
-> retrieved ocamlbuild.0.14.3  (cached)
-> retrieved ocamlfind.1.9.6  (cached)
-> retrieved ocplib-endian.1.2  (cached)
-> retrieved pbkdf.1.2.0  (cached)
-> retrieved pecu.0.7  (cached)
-> retrieved prettym.0.0.3  (cached)
-> retrieved psq.0.2.1  (cached)
-> retrieved ptime.1.1.0  (cached)
-> retrieved randomconv.0.1.3  (cached)
-> retrieved re.1.11.0  (cached)
-> retrieved rosetta.0.3.0  (cached)
-> retrieved rresult.0.7.0  (cached)
-> installed seq.base
-> retrieved topkg.1.0.7  (cached)
-> retrieved unstrctrd.0.4  (cached)
-> retrieved uutf.1.0.3  (cached)
-> retrieved uuuu.0.3.0  (cached)
-> retrieved x509.0.16.5  (cached)
-> retrieved yuscii.0.3.0  (cached)
-> retrieved zarith.1.13  (cached)
-> installed dune-configurator.3.15.2
-> installed pecu.0.7
-> installed psq.0.2.1
-> installed yuscii.0.3.0
-> installed lru.0.3.1
-> installed bigstringaf.0.9.1
-> installed ocaml-syntax-shims.1.0.0
-> installed re.1.11.0
-> installed angstrom.0.16.0
-> installed hxd.0.3.2
-> installed ocamlfind.1.9.6
-> installed base-bytes.base
-> installed ocplib-endian.1.2
-> installed coin.0.1.4
-> installed uuuu.0.3.0
-> installed rosetta.0.3.0
-> installed ocamlbuild.0.14.3
-> installed zarith.1.13
-> installed topkg.1.0.7
-> installed hmap.0.8.1
-> installed rresult.0.7.0
-> installed uutf.1.0.3
-> installed mtime.2.0.0
-> installed fmt.0.9.0
-> installed astring.0.8.5
-> installed ptime.1.1.0
-> installed unstrctrd.0.4
-> installed emile.1.1
-> installed ke.0.6
-> installed metrics.0.4.1
-> installed cstruct.6.2.0
-> installed randomconv.0.1.3
-> installed fpath.0.7.3
-> installed prettym.0.0.3
-> installed eqaf.0.9
-> installed asn1-combinators.0.2.6
-> installed logs.0.7.0
-> installed digestif.1.2.0
-> installed mirage-crypto.0.11.3
-> installed dns.7.0.3
-> installed pbkdf.1.2.0
-> installed mirage-crypto-rng.0.11.3
-> installed mirage-crypto-pk.0.11.3
-> installed dns-client.7.0.3
-> installed mrmime.0.5.0
-> installed mirage-crypto-ec.0.11.3
-> installed x509.0.16.5
-> installed dkim.0.3.1
Done.

<><> afl-persistent.1.4 installed successfully ><><><><><><><><><><><><><><><><>
=> afl-persistent is installed, but since the current OCaml compiler does
   not enable AFL instrumentation by default, most packages will not be
   instrumented and fuzzing with afl-fuzz may not be effective.

   To globally enable AFL instrumentation, create an OCaml switch like:

     opam switch create 5.1.1+afl ocaml-variants.5.1.1+options ocaml-option-afl
# Run eval $(opam env) to update the current shell environment
[01;2m[01;35m2024-05-08 20:36.50 ---> saved as "c9732aa55ae0a629addd03b90b0f94cd051ba820bb06cf9fa32a186d747da833"[0m

[01;34m/home/opam: (run (network host)
                 (shell "(opam reinstall --with-test dkim.0.3.1) || true"))[0m
[ERROR] Sorry, resolution of the request timed out.
        Try to specify a more precise request, use a different solver, or increase the allowed time by setting OPAMSOLVERTIMEOUT to a bigger value (currently, it is set to 500.0 seconds).
[01;2m[01;35m2024-05-08 20:45.30 ---> saved as "e4c661c1c6c096ed109b549379244efeaf7fec7672f93a729b6f944b347bcf70"[0m

[01;34m/home/opam: (run (shell  "opam reinstall --with-test --verbose dkim.0.3.1;\
                        \n        res=$?;\
                        \n        test \"$res\" != 31 && exit \"$res\";\
                        \n        export OPAMCLI=2.0;\
                        \n        build_dir=$(opam var prefix)/.opam-switch/build;\
                        \n        failed=$(ls \"$build_dir\");\
                        \n        partial_fails=\"\";\
                        \n        for pkg in $failed; do\
                        \n          if opam show -f x-ci-accept-failures: \"$pkg\" | grep -qF \"\\\"debian-12\\\"\"; then\
                        \n            echo \"A package failed and has been disabled for CI using the 'x-ci-accept-failures' field.\";\
                        \n          fi;\
                        \n          test \"$pkg\" != 'dkim.0.3.1' && partial_fails=\"$partial_fails $pkg\";\
                        \n        done;\
                        \n        test \"${partial_fails}\" != \"\" && echo \"opam-repo-ci detected dependencies failing: ${partial_fails}\";\
                        \n        exit 1"))[0m
The following actions will be performed:
=== downgrade 6 packages
  - downgrade dns                     7.0.3 to 6.1.2   [required by dns-client]
  - downgrade dns-client              7.0.3 to 6.1.2   [required by dkim]
  - downgrade mirage-crypto           0.11.3 to 0.10.7 [required by dkim]
  - downgrade mirage-crypto-ec        0.11.3 to 0.10.7 [uses mirage-crypto-rng]
  - downgrade mirage-crypto-pk        0.11.3 to 0.10.7 [required by dkim]
  - downgrade mirage-crypto-rng       0.11.3 to 0.10.7 [required by dkim]
=== recompile 6 packages
  - recompile dkim                    0.3.1
  - recompile hxd                     0.3.2            [uses lwt]
  - recompile logs                    0.7.0            [uses lwt]
  - recompile mrmime                  0.5.0            [uses mirage-crypto-rng]
  - recompile pbkdf                   1.2.0            [uses mirage-crypto]
  - recompile x509                    0.16.5           [uses mirage-crypto-rng]
=== install 30 packages
  - install   alcotest                1.7.0            [required by dkim]
  - install   base                    v0.17.0          [required by ppx_sexp_conv]
  - install   bos                     0.2.1            [required by ca-certs, ca-certs-nss]
  - install   ca-certs                0.2.3            [required by dns-client]
  - install   ca-certs-nss            3.98             [required by dns-client]
  - install   cstruct-sexp            6.2.0            [required by tls]
  - install   happy-eyeballs          0.3.1            [required by dns-client]
  - install   hkdf                    1.0.4            [required by tls]
  - install   ipaddr-sexp             5.5.0            [required by tls]
  - install   lwt                     5.7.0            [required by dns-client]
  - install   mirage-clock            4.2.0            [required by dns-client]
  - install   mirage-flow             3.0.0            [required by tls-mirage]
  - install   mirage-kv               5.0.0            [required by tls-mirage]
  - install   mirage-protocols        7.0.0            [required by mirage-stack]
  - install   mirage-random           3.0.0            [required by dns-client]
  - install   mirage-runtime          4.5.0            [required by mirage-crypto-pk]
  - install   mirage-stack            3.0.0            [required by dns-client]
  - install   mirage-time             3.0.0            [required by dns-client]
  - install   num                     1.5              [required by sexplib]
  - install   ocaml-compiler-libs     v0.12.4          [required by ppxlib]
  - install   ocaml_intrinsics_kernel v0.17.0          [required by base]
  - install   ppx_cstruct             6.2.0            [required by tls]
  - install   ppx_derivers            1.2.1            [required by ppxlib]
  - install   ppx_sexp_conv           v0.17.0          [required by tls]
  - install   ppxlib                  0.32.1           [required by ppx_cstruct]
  - install   ppxlib_jane             v0.17.0          [required by ppx_sexp_conv]
  - install   sexplib                 v0.17.0          [required by tls]
  - install   stdlib-shims            0.3.0            [required by alcotest]
  - install   tls                     0.15.4           [required by dns-client]
  - install   tls-mirage              0.15.4           [required by dns-client]

<><> Processing actions <><><><><><><><><><><><><><><><><><><><><><><><><><><><>
Processing  1/132: [alcotest.1.7.0: http]
[ERROR] Failed to get sources of alcotest.1.7.0: Curl failed
Processing  2/132: [base.v0.17.0: http]
[ERROR] Failed to get sources of base.v0.17.0: Curl failed
Processing  3/132: [bos.0.2.1: http]
[ERROR] Failed to get sources of bos.0.2.1: Curl failed
Processing  4/132: [ca-certs.0.2.3: http]
[ERROR] Failed to get sources of ca-certs.0.2.3: Curl failed
Processing  5/132: [ca-certs-nss.3.98: http]
[ERROR] Failed to get sources of ca-certs-nss.3.98: Curl failed
Processing  6/132: [cstruct-sexp.6.2.0, ppx_cstruct.6.2.0: http]
[ERROR] Failed to get sources of cstruct-sexp.6.2.0, ppx_cstruct.6.2.0 (https://github.com/mirage/ocaml-cstruct/releases/download/v6.2.0/cstruct-6.2.0.tbz): Curl failed
Processing  7/132: [dkim.0.3.1: http]
[ERROR] Failed to get sources of dkim.0.3.1: Curl failed
Processing  8/132: [dns.6.1.2, dns-client.6.1.2: http]
[ERROR] Failed to get sources of dns.6.1.2, dns-client.6.1.2 (https://github.com/mirage/ocaml-dns/releases/download/v6.1.2/dns-v6.1.2.tbz): Curl failed
Processing  9/132: [happy-eyeballs.0.3.1: http]
[ERROR] Failed to get sources of happy-eyeballs.0.3.1: Curl failed
Processing 10/132: [hkdf.1.0.4: http]
[ERROR] Failed to get sources of hkdf.1.0.4: Curl failed
Processing 11/132: [hxd.0.3.2: http]
[ERROR] Failed to get sources of hxd.0.3.2: Curl failed
Processing 12/132: [ipaddr-sexp.5.5.0: http]
[ERROR] Failed to get sources of ipaddr-sexp.5.5.0: Curl failed
Processing 13/132: [logs.0.7.0: http]
[ERROR] Failed to get sources of logs.0.7.0: Curl failed
Processing 14/132: [lwt.5.7.0: http]
[ERROR] Failed to get sources of lwt.5.7.0: Curl failed
Processing 15/132: [mirage-clock.4.2.0: http]
Processing 16/132: [mirage-clock.4.2.0: http]
Processing 17/132: [mirage-clock.4.2.0: http]
Processing 18/132: [mirage-clock.4.2.0: http]
Processing 19/132: [mirage-clock.4.2.0: http]
[ERROR] Failed to get sources of mirage-clock.4.2.0: Curl failed
Processing 20/132: [mirage-crypto.0.10.7, mirage-crypto-ec.0.10.7, mirage-crypto-pk.0.10.7, mirage-crypto-rng.0.10.7: http]
Processing 21/132: [mirage-crypto.0.10.7, mirage-crypto-ec.0.10.7, mirage-crypto-pk.0.10.7, mirage-crypto-rng.0.10.7: http]
Processing 22/132: [mirage-crypto.0.10.7, mirage-crypto-ec.0.10.7, mirage-crypto-pk.0.10.7, mirage-crypto-rng.0.10.7: http]
[ERROR] Failed to get sources of mirage-crypto.0.10.7, mirage-crypto-ec.0.10.7, mirage-crypto-pk.0.10.7, mirage-crypto-rng.0.10.7 (https://github.com/mirage/mirage-crypto/releases/download/v0.10.7/mirage-crypto-0.10.7.tbz): Curl failed
Processing 23/132: [mirage-flow.3.0.0: http]
Processing 24/132: [mirage-flow.3.0.0: http]
[ERROR] Failed to get sources of mirage-flow.3.0.0: Curl failed
Processing 25/132: [mirage-kv.5.0.0: http]
Processing 26/132: [mirage-kv.5.0.0: http]
Processing 27/132: [mirage-kv.5.0.0: http]
[ERROR] Failed to get sources of mirage-kv.5.0.0: Curl failed
Processing 28/132: [mirage-protocols.7.0.0: http]
Processing 29/132: [mirage-protocols.7.0.0: http]
Processing 30/132: [mirage-protocols.7.0.0: http]
[ERROR] Failed to get sources of mirage-protocols.7.0.0: Curl failed
Processing 31/132: [mirage-random.3.0.0: http]
Processing 32/132: [mirage-random.3.0.0: http]
Processing 33/132: [mirage-random.3.0.0: http]
[ERROR] Failed to get sources of mirage-random.3.0.0: Curl failed
Processing 34/132: [mirage-runtime.4.5.0: http]
Processing 35/132: [mirage-runtime.4.5.0: http]
Processing 36/132: [mirage-runtime.4.5.0: http]
[ERROR] Failed to get sources of mirage-runtime.4.5.0: Curl failed
Processing 37/132: [mirage-stack.3.0.0: http]
[ERROR] Failed to get sources of mirage-stack.3.0.0: Curl failed
Processing 38/132: [mirage-time.3.0.0: http]
Processing 39/132: [mirage-time.3.0.0: http]
Processing 40/132: [mirage-time.3.0.0: http]
[ERROR] Failed to get sources of mirage-time.3.0.0: Curl failed
Processing 41/132: [mrmime.0.5.0: http]
Processing 42/132: [mrmime.0.5.0: http]
Processing 43/132: [mrmime.0.5.0: http]
[ERROR] Failed to get sources of mrmime.0.5.0: Curl failed
Processing 44/132: [num.1.5: http]
[ERROR] Failed to get sources of num.1.5: Curl failed
Processing 45/132: [ocaml-compiler-libs.v0.12.4: http]
Processing 46/132: [ocaml-compiler-libs.v0.12.4: http]
Processing 47/132: [ocaml-compiler-libs.v0.12.4: http]
[ERROR] Failed to get sources of ocaml-compiler-libs.v0.12.4: Curl failed
Processing 48/132: [ocaml_intrinsics_kernel.v0.17.0: http]
Processing 49/132: [ocaml_intrinsics_kernel.v0.17.0: http]
Processing 50/132: [ocaml_intrinsics_kernel.v0.17.0: http]
[ERROR] Failed to get sources of ocaml_intrinsics_kernel.v0.17.0: Curl failed
Processing 51/132: [pbkdf.1.2.0: http]
Processing 52/132: [pbkdf.1.2.0: http]
Processing 53/132: [pbkdf.1.2.0: http]
Processing 54/132: [pbkdf.1.2.0: http]
Processing 55/132: [pbkdf.1.2.0: http]
[ERROR] Failed to get sources of pbkdf.1.2.0: Curl failed
Processing 56/132: [ppx_derivers.1.2.1: http]
[ERROR] Failed to get sources of ppx_derivers.1.2.1: Curl failed
Processing 57/132: [ppx_sexp_conv.v0.17.0: http]
Processing 58/132: [ppx_sexp_conv.v0.17.0: http]
Processing 59/132: [ppx_sexp_conv.v0.17.0: http]
[ERROR] Failed to get sources of ppx_sexp_conv.v0.17.0: Curl failed
Processing 60/132: [ppxlib.0.32.1: http]
[ERROR] Failed to get sources of ppxlib.0.32.1: Curl failed
Processing 61/132: [ppxlib_jane.v0.17.0: http]
[ERROR] Failed to get sources of ppxlib_jane.v0.17.0: Curl failed
Processing 62/132: [sexplib.v0.17.0: http]
[ERROR] Failed to get sources of sexplib.v0.17.0: Curl failed
Processing 63/132: [stdlib-shims.0.3.0: http]
Processing 64/132: [stdlib-shims.0.3.0: http]
Processing 65/132: [stdlib-shims.0.3.0: http]
Processing 66/132: [stdlib-shims.0.3.0: http]
Processing 67/132: [stdlib-shims.0.3.0: http]
[ERROR] Failed to get sources of stdlib-shims.0.3.0: Curl failed
Processing 68/132: [tls.0.15.4, tls-mirage.0.15.4: http]
Processing 69/132: [tls.0.15.4, tls-mirage.0.15.4: http]
Processing 70/132: [tls.0.15.4, tls-mirage.0.15.4: http]
Processing 71/132: [tls.0.15.4, tls-mirage.0.15.4: http]
Processing 72/132: [tls.0.15.4, tls-mirage.0.15.4: http]
Processing 73/132: [tls.0.15.4, tls-mirage.0.15.4: http]
Processing 74/132: [tls.0.15.4, tls-mirage.0.15.4: http]
Processing 75/132: [tls.0.15.4, tls-mirage.0.15.4: http]
Processing 76/132: [tls.0.15.4, tls-mirage.0.15.4: http]
Processing 77/132: [tls.0.15.4, tls-mirage.0.15.4: http]
Processing 78/132: [tls.0.15.4, tls-mirage.0.15.4: http]
Processing 79/132: [tls.0.15.4, tls-mirage.0.15.4: http]
Processing 80/132: [tls.0.15.4, tls-mirage.0.15.4: http]
Processing 81/132: [tls.0.15.4, tls-mirage.0.15.4: http]
Processing 82/132: [tls.0.15.4, tls-mirage.0.15.4: http]
Processing 83/132: [tls.0.15.4, tls-mirage.0.15.4: http]
Processing 84/132: [tls.0.15.4, tls-mirage.0.15.4: http]
Processing 85/132: [tls.0.15.4, tls-mirage.0.15.4: http]
Processing 86/132: [tls.0.15.4, tls-mirage.0.15.4: http]
Processing 87/132: [tls.0.15.4, tls-mirage.0.15.4: http]
Processing 88/132: [tls.0.15.4, tls-mirage.0.15.4: http]
[ERROR] Failed to get sources of tls.0.15.4, tls-mirage.0.15.4 (https://github.com/mirleft/ocaml-tls/releases/download/v0.15.4/tls-0.15.4.tbz): Curl failed
Processing 89/132: [x509.0.16.5: http]
[ERROR] Failed to get sources of x509.0.16.5: Curl failed

#=== ERROR while fetching sources for x509.0.16.5 =============================#
OpamSolution.Fetch_fail("https://github.com/mirleft/ocaml-x509/releases/download/v0.16.5/x509-0.16.5.tbz (Curl failed: \"/usr/bin/curl --write-out %{http_code}\\\\n --retry 3 --retry-delay 2 --user-agent opam/2.2.0~beta3~dev -L -o /home/opam/.opam/5.1/.opam-switch/sources/x509.0.16.5/x509-0.16.5.tbz.part -- https://github.com/mirleft/ocaml-x509/releases/download/v0.16.5/x509-0.16.5.tbz\" exited with code 6)")

#=== ERROR while fetching sources for tls.0.15.4 and tls-mirage.0.15.4 ========#
OpamSolution.Fetch_fail("https://github.com/mirleft/ocaml-tls/releases/download/v0.15.4/tls-0.15.4.tbz (Curl failed: \"/usr/bin/curl --write-out %{http_code}\\\\n --retry 3 --retry-delay 2 --user-agent opam/2.2.0~beta3~dev -L -o /tmp/opam-7-031cf8/tls-0.15.4.tbz.part -- https://github.com/mirleft/ocaml-tls/releases/download/v0.15.4/tls-0.15.4.tbz\" exited with code 6)")

#=== ERROR while fetching sources for stdlib-shims.0.3.0 ======================#
OpamSolution.Fetch_fail("https://github.com/ocaml/stdlib-shims/releases/download/0.3.0/stdlib-shims-0.3.0.tbz (Curl failed: \"/usr/bin/curl --write-out %{http_code}\\\\n --retry 3 --retry-delay 2 --user-agent opam/2.2.0~beta3~dev -L -o /home/opam/.opam/5.1/.opam-switch/sources/stdlib-shims.0.3.0/stdlib-shims-0.3.0.tbz.part -- https://github.com/ocaml/stdlib-shims/releases/download/0.3.0/stdlib-shims-0.3.0.tbz\" exited with code 6)")

#=== ERROR while fetching sources for sexplib.v0.17.0 =========================#
OpamSolution.Fetch_fail("https://github.com/janestreet/sexplib/archive/refs/tags/v0.17.0.tar.gz (Curl failed: \"/usr/bin/curl --write-out %{http_code}\\\\n --retry 3 --retry-delay 2 --user-agent opam/2.2.0~beta3~dev -L -o /home/opam/.opam/5.1/.opam-switch/sources/sexplib.v0.17.0/v0.17.0.tar.gz.part -- https://github.com/janestreet/sexplib/archive/refs/tags/v0.17.0.tar.gz\" exited with code 6)")

#=== ERROR while fetching sources for ppxlib_jane.v0.17.0 =====================#
OpamSolution.Fetch_fail("https://github.com/janestreet/ppxlib_jane/archive/refs/tags/v0.17.0.tar.gz (Curl failed: \"/usr/bin/curl --write-out %{http_code}\\\\n --retry 3 --retry-delay 2 --user-agent opam/2.2.0~beta3~dev -L -o /home/opam/.opam/5.1/.opam-switch/sources/ppxlib_jane.v0.17.0/v0.17.0.tar.gz.part -- https://github.com/janestreet/ppxlib_jane/archive/refs/tags/v0.17.0.tar.gz\" exited with code 6)")

#=== ERROR while fetching sources for ppxlib.0.32.1 ===========================#
OpamSolution.Fetch_fail("https://github.com/ocaml-ppx/ppxlib/releases/download/0.32.1/ppxlib-0.32.1.tbz (Curl failed: \"/usr/bin/curl --write-out %{http_code}\\\\n --retry 3 --retry-delay 2 --user-agent opam/2.2.0~beta3~dev -L -o /home/opam/.opam/5.1/.opam-switch/sources/ppxlib.0.32.1/ppxlib-0.32.1.tbz.part -- https://github.com/ocaml-ppx/ppxlib/releases/download/0.32.1/ppxlib-0.32.1.tbz\" exited with code 6)")

#=== ERROR while fetching sources for ppx_sexp_conv.v0.17.0 ===================#
OpamSolution.Fetch_fail("https://github.com/janestreet/ppx_sexp_conv/archive/refs/tags/v0.17.0.tar.gz (Curl failed: \"/usr/bin/curl --write-out %{http_code}\\\\n --retry 3 --retry-delay 2 --user-agent opam/2.2.0~beta3~dev -L -o /home/opam/.opam/5.1/.opam-switch/sources/ppx_sexp_conv.v0.17.0/v0.17.0.tar.gz.part -- https://github.com/janestreet/ppx_sexp_conv/archive/refs/tags/v0.17.0.tar.gz\" exited with code 6)")

#=== ERROR while fetching sources for ppx_derivers.1.2.1 ======================#
OpamSolution.Fetch_fail("https://github.com/ocaml-ppx/ppx_derivers/archive/1.2.1.tar.gz (Curl failed: \"/usr/bin/curl --write-out %{http_code}\\\\n --retry 3 --retry-delay 2 --user-agent opam/2.2.0~beta3~dev -L -o /home/opam/.opam/5.1/.opam-switch/sources/ppx_derivers.1.2.1/1.2.1.tar.gz.part -- https://github.com/ocaml-ppx/ppx_derivers/archive/1.2.1.tar.gz\" exited with code 6)")

#=== ERROR while fetching sources for pbkdf.1.2.0 =============================#
OpamSolution.Fetch_fail("https://github.com/abeaumont/ocaml-pbkdf/archive/1.2.0.tar.gz (Curl failed: \"/usr/bin/curl --write-out %{http_code}\\\\n --retry 3 --retry-delay 2 --user-agent opam/2.2.0~beta3~dev -L -o /home/opam/.opam/5.1/.opam-switch/sources/pbkdf.1.2.0/1.2.0.tar.gz.part -- https://github.com/abeaumont/ocaml-pbkdf/archive/1.2.0.tar.gz\" exited with code 6)")

#=== ERROR while fetching sources for ocaml_intrinsics_kernel.v0.17.0 =========#
OpamSolution.Fetch_fail("https://github.com/janestreet/ocaml_intrinsics_kernel/archive/refs/tags/v0.17.0.tar.gz (Curl failed: \"/usr/bin/curl --write-out %{http_code}\\\\n --retry 3 --retry-delay 2 --user-agent opam/2.2.0~beta3~dev -L -o /home/opam/.opam/5.1/.opam-switch/sources/ocaml_intrinsics_kernel.v0.17.0/v0.17.0.tar.gz.part -- https://github.com/janestreet/ocaml_intrinsics_kernel/archive/refs/tags/v0.17.0.tar.gz\" exited with code 6)")

#=== ERROR while fetching sources for ocaml-compiler-libs.v0.12.4 =============#
OpamSolution.Fetch_fail("https://github.com/janestreet/ocaml-compiler-libs/releases/download/v0.12.4/ocaml-compiler-libs-v0.12.4.tbz (Curl failed: \"/usr/bin/curl --write-out %{http_code}\\\\n --retry 3 --retry-delay 2 --user-agent opam/2.2.0~beta3~dev -L -o /home/opam/.opam/5.1/.opam-switch/sources/ocaml-compiler-libs.v0.12.4/ocaml-compiler-libs-v0.12.4.tbz.part -- https://github.com/janestreet/ocaml-compiler-libs/releases/download/v0.12.4/ocaml-compiler-libs-v0.12.4.tbz\" exited with code 6)")

#=== ERROR while fetching sources for num.1.5 =================================#
OpamSolution.Fetch_fail("https://github.com/ocaml/num/archive/v1.5.tar.gz (Curl failed: \"/usr/bin/curl --write-out %{http_code}\\\\n --retry 3 --retry-delay 2 --user-agent opam/2.2.0~beta3~dev -L -o /home/opam/.opam/5.1/.opam-switch/sources/num.1.5/v1.5.tar.gz.part -- https://github.com/ocaml/num/archive/v1.5.tar.gz\" exited with code 6)")

#=== ERROR while fetching sources for mrmime.0.5.0 ============================#
OpamSolution.Fetch_fail("https://github.com/mirage/mrmime/releases/download/v0.5.0/mrmime-v0.5.0.tbz (Curl failed: \"/usr/bin/curl --write-out %{http_code}\\\\n --retry 3 --retry-delay 2 --user-agent opam/2.2.0~beta3~dev -L -o /home/opam/.opam/5.1/.opam-switch/sources/mrmime.0.5.0/mrmime-v0.5.0.tbz.part -- https://github.com/mirage/mrmime/releases/download/v0.5.0/mrmime-v0.5.0.tbz\" exited with code 6)")

#=== ERROR while fetching sources for mirage-time.3.0.0 =======================#
OpamSolution.Fetch_fail("https://github.com/mirage/mirage-time/releases/download/v3.0.0/mirage-time-v3.0.0.tbz (Curl failed: \"/usr/bin/curl --write-out %{http_code}\\\\n --retry 3 --retry-delay 2 --user-agent opam/2.2.0~beta3~dev -L -o /home/opam/.opam/5.1/.opam-switch/sources/mirage-time.3.0.0/mirage-time-v3.0.0.tbz.part -- https://github.com/mirage/mirage-time/releases/download/v3.0.0/mirage-time-v3.0.0.tbz\" exited with code 6)")

#=== ERROR while fetching sources for mirage-stack.3.0.0 ======================#
OpamSolution.Fetch_fail("https://github.com/mirage/mirage-stack/releases/download/v3.0.0/mirage-stack-v3.0.0.tbz (Curl failed: \"/usr/bin/curl --write-out %{http_code}\\\\n --retry 3 --retry-delay 2 --user-agent opam/2.2.0~beta3~dev -L -o /home/opam/.opam/5.1/.opam-switch/sources/mirage-stack.3.0.0/mirage-stack-v3.0.0.tbz.part -- https://github.com/mirage/mirage-stack/releases/download/v3.0.0/mirage-stack-v3.0.0.tbz\" exited with code 6)")

#=== ERROR while fetching sources for mirage-runtime.4.5.0 ====================#
OpamSolution.Fetch_fail("https://github.com/mirage/mirage/releases/download/v4.5.0/mirage-4.5.0.tbz (Curl failed: \"/usr/bin/curl --write-out %{http_code}\\\\n --retry 3 --retry-delay 2 --user-agent opam/2.2.0~beta3~dev -L -o /home/opam/.opam/5.1/.opam-switch/sources/mirage-runtime.4.5.0/mirage-4.5.0.tbz.part -- https://github.com/mirage/mirage/releases/download/v4.5.0/mirage-4.5.0.tbz\" exited with code 6)")

#=== ERROR while fetching sources for mirage-random.3.0.0 =====================#
OpamSolution.Fetch_fail("https://github.com/mirage/mirage-random/releases/download/v3.0.0/mirage-random-v3.0.0.tbz (Curl failed: \"/usr/bin/curl --write-out %{http_code}\\\\n --retry 3 --retry-delay 2 --user-agent opam/2.2.0~beta3~dev -L -o /home/opam/.opam/5.1/.opam-switch/sources/mirage-random.3.0.0/mirage-random-v3.0.0.tbz.part -- https://github.com/mirage/mirage-random/releases/download/v3.0.0/mirage-random-v3.0.0.tbz\" exited with code 6)")

#=== ERROR while fetching sources for mirage-protocols.7.0.0 ==================#
OpamSolution.Fetch_fail("https://github.com/mirage/mirage-protocols/releases/download/v7.0.0/mirage-protocols-v7.0.0.tbz (Curl failed: \"/usr/bin/curl --write-out %{http_code}\\\\n --retry 3 --retry-delay 2 --user-agent opam/2.2.0~beta3~dev -L -o /home/opam/.opam/5.1/.opam-switch/sources/mirage-protocols.7.0.0/mirage-protocols-v7.0.0.tbz.part -- https://github.com/mirage/mirage-protocols/releases/download/v7.0.0/mirage-protocols-v7.0.0.tbz\" exited with code 6)")

#=== ERROR while fetching sources for mirage-kv.5.0.0 =========================#
OpamSolution.Fetch_fail("https://github.com/mirage/mirage-kv/releases/download/v5.0.0/mirage-kv-5.0.0.tbz (Curl failed: \"/usr/bin/curl --write-out %{http_code}\\\\n --retry 3 --retry-delay 2 --user-agent opam/2.2.0~beta3~dev -L -o /home/opam/.opam/5.1/.opam-switch/sources/mirage-kv.5.0.0/mirage-kv-5.0.0.tbz.part -- https://github.com/mirage/mirage-kv/releases/download/v5.0.0/mirage-kv-5.0.0.tbz\" exited with code 6)")

#=== ERROR while fetching sources for mirage-flow.3.0.0 =======================#
OpamSolution.Fetch_fail("https://github.com/mirage/mirage-flow/releases/download/v3.0.0/mirage-flow-v3.0.0.tbz (Curl failed: \"/usr/bin/curl --write-out %{http_code}\\\\n --retry 3 --retry-delay 2 --user-agent opam/2.2.0~beta3~dev -L -o /home/opam/.opam/5.1/.opam-switch/sources/mirage-flow.3.0.0/mirage-flow-v3.0.0.tbz.part -- https://github.com/mirage/mirage-flow/releases/download/v3.0.0/mirage-flow-v3.0.0.tbz\" exited with code 6)")

#=== ERROR while fetching sources for mirage-crypto.0.10.7, mirage-crypto-ec.0.10.7, mirage-crypto-pk.0.10.7 and mirage-crypto-rng.0.10.7 
OpamSolution.Fetch_fail("https://github.com/mirage/mirage-crypto/releases/download/v0.10.7/mirage-crypto-0.10.7.tbz (Curl failed: \"/usr/bin/curl --write-out %{http_code}\\\\n --retry 3 --retry-delay 2 --user-agent opam/2.2.0~beta3~dev -L -o /tmp/opam-7-819ea3/mirage-crypto-0.10.7.tbz.part -- https://github.com/mirage/mirage-crypto/releases/download/v0.10.7/mirage-crypto-0.10.7.tbz\" exited with code 6)")

#=== ERROR while fetching sources for mirage-clock.4.2.0 ======================#
OpamSolution.Fetch_fail("https://github.com/mirage/mirage-clock/releases/download/v4.2.0/mirage-clock-4.2.0.tbz (Curl failed: \"/usr/bin/curl --write-out %{http_code}\\\\n --retry 3 --retry-delay 2 --user-agent opam/2.2.0~beta3~dev -L -o /home/opam/.opam/5.1/.opam-switch/sources/mirage-clock.4.2.0/mirage-clock-4.2.0.tbz.part -- https://github.com/mirage/mirage-clock/releases/download/v4.2.0/mirage-clock-4.2.0.tbz\" exited with code 6)")

#=== ERROR while fetching sources for lwt.5.7.0 ===============================#
OpamSolution.Fetch_fail("https://github.com/ocsigen/lwt/archive/refs/tags/5.7.0.tar.gz (Curl failed: \"/usr/bin/curl --write-out %{http_code}\\\\n --retry 3 --retry-delay 2 --user-agent opam/2.2.0~beta3~dev -L -o /home/opam/.opam/5.1/.opam-switch/sources/lwt.5.7.0/5.7.0.tar.gz.part -- https://github.com/ocsigen/lwt/archive/refs/tags/5.7.0.tar.gz\" exited with code 6)")

#=== ERROR while fetching sources for logs.0.7.0 ==============================#
OpamSolution.Fetch_fail("https://erratique.ch/software/logs/releases/logs-0.7.0.tbz (Curl failed: \"/usr/bin/curl --write-out %{http_code}\\\\n --retry 3 --retry-delay 2 --user-agent opam/2.2.0~beta3~dev -L -o /home/opam/.opam/5.1/.opam-switch/sources/logs.0.7.0/logs-0.7.0.tbz.part -- https://erratique.ch/software/logs/releases/logs-0.7.0.tbz\" exited with code 6)")

#=== ERROR while fetching sources for ipaddr-sexp.5.5.0 =======================#
OpamSolution.Fetch_fail("https://github.com/mirage/ocaml-ipaddr/releases/download/v5.5.0/ipaddr-5.5.0.tbz (Curl failed: \"/usr/bin/curl --write-out %{http_code}\\\\n --retry 3 --retry-delay 2 --user-agent opam/2.2.0~beta3~dev -L -o /home/opam/.opam/5.1/.opam-switch/sources/ipaddr-sexp.5.5.0/ipaddr-5.5.0.tbz.part -- https://github.com/mirage/ocaml-ipaddr/releases/download/v5.5.0/ipaddr-5.5.0.tbz\" exited with code 6)")

#=== ERROR while fetching sources for hxd.0.3.2 ===============================#
OpamSolution.Fetch_fail("https://github.com/dinosaure/hxd/releases/download/v0.3.2/hxd-0.3.2.tbz (Curl failed: \"/usr/bin/curl --write-out %{http_code}\\\\n --retry 3 --retry-delay 2 --user-agent opam/2.2.0~beta3~dev -L -o /home/opam/.opam/5.1/.opam-switch/sources/hxd.0.3.2/hxd-0.3.2.tbz.part -- https://github.com/dinosaure/hxd/releases/download/v0.3.2/hxd-0.3.2.tbz\" exited with code 6)")

#=== ERROR while fetching sources for hkdf.1.0.4 ==============================#
OpamSolution.Fetch_fail("https://github.com/hannesm/ocaml-hkdf/releases/download/v1.0.4/hkdf-v1.0.4.tbz (Curl failed: \"/usr/bin/curl --write-out %{http_code}\\\\n --retry 3 --retry-delay 2 --user-agent opam/2.2.0~beta3~dev -L -o /home/opam/.opam/5.1/.opam-switch/sources/hkdf.1.0.4/hkdf-v1.0.4.tbz.part -- https://github.com/hannesm/ocaml-hkdf/releases/download/v1.0.4/hkdf-v1.0.4.tbz\" exited with code 6)")

#=== ERROR while fetching sources for happy-eyeballs.0.3.1 ====================#
OpamSolution.Fetch_fail("https://github.com/robur-coop/happy-eyeballs/releases/download/v0.3.1/happy-eyeballs-0.3.1.tbz (Curl failed: \"/usr/bin/curl --write-out %{http_code}\\\\n --retry 3 --retry-delay 2 --user-agent opam/2.2.0~beta3~dev -L -o /home/opam/.opam/5.1/.opam-switch/sources/happy-eyeballs.0.3.1/happy-eyeballs-0.3.1.tbz.part -- https://github.com/robur-coop/happy-eyeballs/releases/download/v0.3.1/happy-eyeballs-0.3.1.tbz\" exited with code 6)")

#=== ERROR while fetching sources for dns.6.1.2 and dns-client.6.1.2 ==========#
OpamSolution.Fetch_fail("https://github.com/mirage/ocaml-dns/releases/download/v6.1.2/dns-v6.1.2.tbz (Curl failed: \"/usr/bin/curl --write-out %{http_code}\\\\n --retry 3 --retry-delay 2 --user-agent opam/2.2.0~beta3~dev -L -o /tmp/opam-7-47104e/dns-v6.1.2.tbz.part -- https://github.com/mirage/ocaml-dns/releases/download/v6.1.2/dns-v6.1.2.tbz\" exited with code 6)")

#=== ERROR while fetching sources for dkim.0.3.1 ==============================#
OpamSolution.Fetch_fail("https://github.com/dinosaure/ocaml-dkim/releases/download/v0.3.1/dkim-0.3.1.tbz (Curl failed: \"/usr/bin/curl --write-out %{http_code}\\\\n --retry 3 --retry-delay 2 --user-agent opam/2.2.0~beta3~dev -L -o /home/opam/.opam/5.1/.opam-switch/sources/dkim.0.3.1/dkim-0.3.1.tbz.part -- https://github.com/dinosaure/ocaml-dkim/releases/download/v0.3.1/dkim-0.3.1.tbz\" exited with code 6)")

#=== ERROR while fetching sources for cstruct-sexp.6.2.0 and ppx_cstruct.6.2.0 #
OpamSolution.Fetch_fail("https://github.com/mirage/ocaml-cstruct/releases/download/v6.2.0/cstruct-6.2.0.tbz (Curl failed: \"/usr/bin/curl --write-out %{http_code}\\\\n --retry 3 --retry-delay 2 --user-agent opam/2.2.0~beta3~dev -L -o /tmp/opam-7-353a08/cstruct-6.2.0.tbz.part -- https://github.com/mirage/ocaml-cstruct/releases/download/v6.2.0/cstruct-6.2.0.tbz\" exited with code 6)")

#=== ERROR while fetching sources for ca-certs-nss.3.98 =======================#
OpamSolution.Fetch_fail("https://github.com/mirage/ca-certs-nss/releases/download/v3.98/ca-certs-nss-3.98.tbz (Curl failed: \"/usr/bin/curl --write-out %{http_code}\\\\n --retry 3 --retry-delay 2 --user-agent opam/2.2.0~beta3~dev -L -o /home/opam/.opam/5.1/.opam-switch/sources/ca-certs-nss.3.98/ca-certs-nss-3.98.tbz.part -- https://github.com/mirage/ca-certs-nss/releases/download/v3.98/ca-certs-nss-3.98.tbz\" exited with code 6)")

#=== ERROR while fetching sources for ca-certs.0.2.3 ==========================#
OpamSolution.Fetch_fail("https://github.com/mirage/ca-certs/releases/download/v0.2.3/ca-certs-0.2.3.tbz (Curl failed: \"/usr/bin/curl --write-out %{http_code}\\\\n --retry 3 --retry-delay 2 --user-agent opam/2.2.0~beta3~dev -L -o /home/opam/.opam/5.1/.opam-switch/sources/ca-certs.0.2.3/ca-certs-0.2.3.tbz.part -- https://github.com/mirage/ca-certs/releases/download/v0.2.3/ca-certs-0.2.3.tbz\" exited with code 6)")

#=== ERROR while fetching sources for bos.0.2.1 ===============================#
OpamSolution.Fetch_fail("https://erratique.ch/software/bos/releases/bos-0.2.1.tbz (Curl failed: \"/usr/bin/curl --write-out %{http_code}\\\\n --retry 3 --retry-delay 2 --user-agent opam/2.2.0~beta3~dev -L -o /home/opam/.opam/5.1/.opam-switch/sources/bos.0.2.1/bos-0.2.1.tbz.part -- https://erratique.ch/software/bos/releases/bos-0.2.1.tbz\" exited with code 6)")

#=== ERROR while fetching sources for base.v0.17.0 ============================#
OpamSolution.Fetch_fail("https://github.com/janestreet/base/archive/refs/tags/v0.17.0.tar.gz (Curl failed: \"/usr/bin/curl --write-out %{http_code}\\\\n --retry 3 --retry-delay 2 --user-agent opam/2.2.0~beta3~dev -L -o /home/opam/.opam/5.1/.opam-switch/sources/base.v0.17.0/v0.17.0.tar.gz.part -- https://github.com/janestreet/base/archive/refs/tags/v0.17.0.tar.gz\" exited with code 6)")

#=== ERROR while fetching sources for alcotest.1.7.0 ==========================#
OpamSolution.Fetch_fail("https://github.com/mirage/alcotest/releases/download/1.7.0/alcotest-1.7.0.tbz (Curl failed: \"/usr/bin/curl --write-out %{http_code}\\\\n --retry 3 --retry-delay 2 --user-agent opam/2.2.0~beta3~dev -L -o /home/opam/.opam/5.1/.opam-switch/sources/alcotest.1.7.0/alcotest-1.7.0.tbz.part -- https://github.com/mirage/alcotest/releases/download/1.7.0/alcotest-1.7.0.tbz\" exited with code 6)")


<><> Error report <><><><><><><><><><><><><><><><><><><><><><><><><><><><><><><>
+- The following actions were aborted
| - remove dns               7.0.3
| - remove dns-client        7.0.3
| - remove mirage-crypto     0.11.3
| - remove mirage-crypto-ec  0.11.3
| - remove mirage-crypto-pk  0.11.3
| - remove mirage-crypto-rng 0.11.3
+- 
+- The following actions failed
| - fetch alcotest                                                                                         1.7.0
| - fetch base                                                                                             v0.17.0
| - fetch bos                                                                                              0.2.1
| - fetch ca-certs                                                                                         0.2.3
| - fetch ca-certs-nss                                                                                     3.98
| - fetch cstruct-sexp.6.2.0, ppx_cstruct.6.2.0                                                            
| - fetch dkim                                                                                             0.3.1
| - fetch dns.6.1.2, dns-client.6.1.2                                                                      
| - fetch happy-eyeballs                                                                                   0.3.1
| - fetch hkdf                                                                                             1.0.4
| - fetch hxd                                                                                              0.3.2
| - fetch ipaddr-sexp                                                                                      5.5.0
| - fetch logs                                                                                             0.7.0
| - fetch lwt                                                                                              5.7.0
| - fetch mirage-clock                                                                                     4.2.0
| - fetch mirage-crypto.0.10.7, mirage-crypto-ec.0.10.7, mirage-crypto-pk.0.10.7, mirage-crypto-rng.0.10.7 
| - fetch mirage-flow                                                                                      3.0.0
| - fetch mirage-kv                                                                                        5.0.0
| - fetch mirage-protocols                                                                                 7.0.0
| - fetch mirage-random                                                                                    3.0.0
| - fetch mirage-runtime                                                                                   4.5.0
| - fetch mirage-stack                                                                                     3.0.0
| - fetch mirage-time                                                                                      3.0.0
| - fetch mrmime                                                                                           0.5.0
| - fetch num                                                                                              1.5
| - fetch ocaml-compiler-libs                                                                              v0.12.4
| - fetch ocaml_intrinsics_kernel                                                                          v0.17.0
| - fetch pbkdf                                                                                            1.2.0
| - fetch ppx_derivers                                                                                     1.2.1
| - fetch ppx_sexp_conv                                                                                    v0.17.0
| - fetch ppxlib                                                                                           0.32.1
| - fetch ppxlib_jane                                                                                      v0.17.0
| - fetch sexplib                                                                                          v0.17.0
| - fetch stdlib-shims                                                                                     0.3.0
| - fetch tls.0.15.4, tls-mirage.0.15.4                                                                    
| - fetch x509                                                                                             0.16.5
+- 
- No changes have been performed
# Run eval $(opam env) to update the current shell environment
'opam reinstall --with-test --verbose dkim.0.3.1' failed.
"/usr/bin/env" "bash" "-c" "opam reinstall --with-test --verbose dkim.0.3.1;
        res=$?;
        test "$res" != 31 && exit "$res";
        export OPAMCLI=2.0;
        build_dir=$(opam var prefix)/.opam-switch/build;
        failed=$(ls "$build_dir");
        partial_fails="";
        for pkg in $failed; do
          if opam show -f x-ci-accept-failures: "$pkg" | grep -qF "\"debian-12\""; then
            echo "A package failed and has been disabled for CI using the 'x-ci-accept-failures' field.";
          fi;
          test "$pkg" != 'dkim.0.3.1' && partial_fails="$partial_fails $pkg";
        done;
        test "${partial_fails}" != "" && echo "opam-repo-ci detected dependencies failing: ${partial_fails}";
        exit 1" failed with exit status 40
2024-05-08 20:57.14: Job failed: Failed: Build failed
2024-05-08 20:57.14: Log analysis:
2024-05-08 20:57.14: >>> 
[ERROR] Sorry, resolution of the request timed out.
 (score = 20)
2024-05-08 20:57.14: >>> 
[ERROR] Failed to get sources of alcotest.1.7.0: Curl failed
 (score = 25)
2024-05-08 20:57.14: >>> 
[ERROR] Failed to get sources of base.v0.17.0: Curl failed
 (score = 25)
2024-05-08 20:57.14: >>> 
[ERROR] Failed to get sources of bos.0.2.1: Curl failed
 (score = 25)
2024-05-08 20:57.14: >>> 
[ERROR] Failed to get sources of ca-certs.0.2.3: Curl failed
 (score = 25)
2024-05-08 20:57.14: >>> 
[ERROR] Failed to get sources of ca-certs-nss.3.98: Curl failed
 (score = 25)
2024-05-08 20:57.14: >>> 
[ERROR] Failed to get sources of cstruct-sexp.6.2.0, ppx_cstruct.6.2.0 (https://github.com/mirage/ocaml-cstruct/releases/download/v6.2.0/cstruct-6.2.0.tbz): Curl failed
 (score = 25)
2024-05-08 20:57.14: >>> 
[ERROR] Failed to get sources of dkim.0.3.1: Curl failed
 (score = 25)
2024-05-08 20:57.14: >>> 
[ERROR] Failed to get sources of dns.6.1.2, dns-client.6.1.2 (https://github.com/mirage/ocaml-dns/releases/download/v6.1.2/dns-v6.1.2.tbz): Curl failed
 (score = 25)
2024-05-08 20:57.14: >>> 
[ERROR] Failed to get sources of happy-eyeballs.0.3.1: Curl failed
 (score = 25)
2024-05-08 20:57.14: >>> 
[ERROR] Failed to get sources of hkdf.1.0.4: Curl failed
 (score = 25)
2024-05-08 20:57.14: >>> 
[ERROR] Failed to get sources of hxd.0.3.2: Curl failed
 (score = 25)
2024-05-08 20:57.14: >>> 
[ERROR] Failed to get sources of ipaddr-sexp.5.5.0: Curl failed
 (score = 25)
2024-05-08 20:57.14: >>> 
[ERROR] Failed to get sources of logs.0.7.0: Curl failed
 (score = 25)
2024-05-08 20:57.14: >>> 
[ERROR] Failed to get sources of lwt.5.7.0: Curl failed
 (score = 25)
2024-05-08 20:57.14: >>> 
[ERROR] Failed to get sources of mirage-clock.4.2.0: Curl failed
 (score = 25)
2024-05-08 20:57.14: >>> 
[ERROR] Failed to get sources of mirage-crypto.0.10.7, mirage-crypto-ec.0.10.7, mirage-crypto-pk.0.10.7, mirage-crypto-rng.0.10.7 (https://github.com/mirage/mirage-crypto/releases/download/v0.10.7/mirage-crypto-0.10.7.tbz): Curl failed
 (score = 25)
2024-05-08 20:57.14: >>> 
[ERROR] Failed to get sources of mirage-flow.3.0.0: Curl failed
 (score = 25)
2024-05-08 20:57.14: >>> 
[ERROR] Failed to get sources of mirage-kv.5.0.0: Curl failed
 (score = 25)
2024-05-08 20:57.14: >>> 
[ERROR] Failed to get sources of mirage-protocols.7.0.0: Curl failed
 (score = 25)
2024-05-08 20:57.14: >>> 
[ERROR] Failed to get sources of mirage-random.3.0.0: Curl failed
 (score = 25)
2024-05-08 20:57.14: >>> 
[ERROR] Failed to get sources of mirage-runtime.4.5.0: Curl failed
 (score = 25)
2024-05-08 20:57.14: >>> 
[ERROR] Failed to get sources of mirage-stack.3.0.0: Curl failed
 (score = 25)
2024-05-08 20:57.14: >>> 
[ERROR] Failed to get sources of mirage-time.3.0.0: Curl failed
 (score = 25)
2024-05-08 20:57.14: >>> 
[ERROR] Failed to get sources of mrmime.0.5.0: Curl failed
 (score = 25)
2024-05-08 20:57.14: >>> 
[ERROR] Failed to get sources of num.1.5: Curl failed
 (score = 25)
2024-05-08 20:57.14: >>> 
[ERROR] Failed to get sources of ocaml-compiler-libs.v0.12.4: Curl failed
 (score = 25)
2024-05-08 20:57.14: >>> 
[ERROR] Failed to get sources of ocaml_intrinsics_kernel.v0.17.0: Curl failed
 (score = 25)
2024-05-08 20:57.14: >>> 
[ERROR] Failed to get sources of pbkdf.1.2.0: Curl failed
 (score = 25)
2024-05-08 20:57.14: >>> 
[ERROR] Failed to get sources of ppx_derivers.1.2.1: Curl failed
 (score = 25)
2024-05-08 20:57.14: >>> 
[ERROR] Failed to get sources of ppx_sexp_conv.v0.17.0: Curl failed
 (score = 25)
2024-05-08 20:57.14: >>> 
[ERROR] Failed to get sources of ppxlib.0.32.1: Curl failed
 (score = 25)
2024-05-08 20:57.14: >>> 
[ERROR] Failed to get sources of ppxlib_jane.v0.17.0: Curl failed
 (score = 25)
2024-05-08 20:57.14: >>> 
[ERROR] Failed to get sources of sexplib.v0.17.0: Curl failed
 (score = 25)
2024-05-08 20:57.14: >>> 
[ERROR] Failed to get sources of stdlib-shims.0.3.0: Curl failed
 (score = 25)
2024-05-08 20:57.14: >>> 
[ERROR] Failed to get sources of tls.0.15.4, tls-mirage.0.15.4 (https://github.com/mirleft/ocaml-tls/releases/download/v0.15.4/tls-0.15.4.tbz): Curl failed
 (score = 25)
2024-05-08 20:57.14: >>> 
[ERROR] Failed to get sources of x509.0.16.5: Curl failed
 (score = 25)
2024-05-08 20:57.14: Failed to get sources of alcotest.1.7.0: Curl failed
