2024-03-19 12:27.37: New job: test irmin-git.2.7.2 with dune.3.1.0, using opam dev
                              from https://github.com/ocaml/opam-repository.git#refs/pull/25484/head (aade3f0da3e267a22d59cd8c12772fe1def22ee2)
                              on debian-12-ocaml-4.14/amd64

To reproduce locally:

cd $(mktemp -d)
git clone --recursive "https://github.com/ocaml/opam-repository.git" && cd "opam-repository" && git fetch origin "refs/pull/25484/head" && git reset --hard aade3f0d
git fetch origin master
git merge --no-edit 3505e93828fa76861e82d09d92a37a6272d46da5
cat > ../Dockerfile <<'END-OF-DOCKERFILE'
[34mFROM ocaml/opam:debian-12-ocaml-4.14@sha256:c5f1e30c557c8db2af2794912a5a9bdfd5cf60ce19f6b896c3ade21e0f83c34b
USER 1000:1000
WORKDIR /home/opam
RUN sudo ln -f /usr/bin/opam-dev /usr/bin/opam
RUN opam init --reinit -ni
ENV OPAMDOWNLOADJOBS="1"
ENV OPAMERRLOGLEN="0"
ENV OPAMSOLVERTIMEOUT="500"
ENV OPAMPRECISETRACKING="1"
ENV CI="true"
ENV OPAM_REPO_CI="true"
RUN rm -rf opam-repository/
COPY --chown=1000:1000 . opam-repository/
RUN opam repository set-url --strict default opam-repository/
RUN opam update --depexts || true
ENV OPAMCRITERIA="-removed,-count[avoid-version,changed],-count[version-lag,request],-count[version-lag,changed],-count[missing-depexts,changed],-changed"
ENV OPAMFIXUPCRITERIA="-removed,-count[avoid-version,changed],-count[version-lag,request],-count[version-lag,changed],-count[missing-depexts,changed],-changed"
ENV OPAMUPGRADECRITERIA="-removed,-count[avoid-version,changed],-count[version-lag,request],-count[version-lag,changed],-count[missing-depexts,changed],-changed"
RUN opam pin add -k version -yn dune.3.1.0 3.1.0
RUN opam reinstall dune.3.1.0; \
    res=$?; \
    test "$res" != 31 && exit "$res"; \
    export OPAMCLI=2.0; \
    build_dir=$(opam var prefix)/.opam-switch/build; \
    failed=$(ls "$build_dir"); \
    partial_fails=""; \
    for pkg in $failed; do \
    if opam show -f x-ci-accept-failures: "$pkg" | grep -qF "\"debian-12\""; then \
    echo "A package failed and has been disabled for CI using the 'x-ci-accept-failures' field."; \
    fi; \
    test "$pkg" != 'dune.3.1.0' && partial_fails="$partial_fails $pkg"; \
    done; \
    test "${partial_fails}" != "" && echo "opam-repo-ci detected dependencies failing: ${partial_fails}"; \
    exit 1
ENV OPAMCRITERIA="-removed,-count[avoid-version,changed],-count[version-lag,request],-count[version-lag,changed],-count[missing-depexts,changed],-changed"
ENV OPAMFIXUPCRITERIA="-removed,-count[avoid-version,changed],-count[version-lag,request],-count[version-lag,changed],-count[missing-depexts,changed],-changed"
ENV OPAMUPGRADECRITERIA="-removed,-count[avoid-version,changed],-count[version-lag,request],-count[version-lag,changed],-count[missing-depexts,changed],-changed"
RUN opam reinstall irmin-git.2.7.2; \
    res=$?; \
    test "$res" != 31 && exit "$res"; \
    export OPAMCLI=2.0; \
    build_dir=$(opam var prefix)/.opam-switch/build; \
    failed=$(ls "$build_dir"); \
    partial_fails=""; \
    for pkg in $failed; do \
    if opam show -f x-ci-accept-failures: "$pkg" | grep -qF "\"debian-12\""; then \
    echo "A package failed and has been disabled for CI using the 'x-ci-accept-failures' field."; \
    fi; \
    test "$pkg" != 'irmin-git.2.7.2' && partial_fails="$partial_fails $pkg"; \
    done; \
    test "${partial_fails}" != "" && echo "opam-repo-ci detected dependencies failing: ${partial_fails}"; \
    exit 1
ENV OPAMCRITERIA="-removed,-count[avoid-version,changed],-count[version-lag,request],-count[version-lag,changed],-count[missing-depexts,changed],-changed"
ENV OPAMFIXUPCRITERIA="-removed,-count[avoid-version,changed],-count[version-lag,request],-count[version-lag,changed],-count[missing-depexts,changed],-changed"
ENV OPAMUPGRADECRITERIA="-removed,-count[avoid-version,changed],-count[version-lag,request],-count[version-lag,changed],-count[missing-depexts,changed],-changed"
RUN (opam reinstall --with-test irmin-git.2.7.2) || true
RUN opam reinstall --with-test --verbose irmin-git.2.7.2; \
    res=$?; \
    test "$res" != 31 && exit "$res"; \
    export OPAMCLI=2.0; \
    build_dir=$(opam var prefix)/.opam-switch/build; \
    failed=$(ls "$build_dir"); \
    partial_fails=""; \
    for pkg in $failed; do \
    if opam show -f x-ci-accept-failures: "$pkg" | grep -qF "\"debian-12\""; then \
    echo "A package failed and has been disabled for CI using the 'x-ci-accept-failures' field."; \
    fi; \
    test "$pkg" != 'irmin-git.2.7.2' && partial_fails="$partial_fails $pkg"; \
    done; \
    test "${partial_fails}" != "" && echo "opam-repo-ci detected dependencies failing: ${partial_fails}"; \
    exit 1
[0m
END-OF-DOCKERFILE
docker build -f ../Dockerfile .

2024-03-19 12:27.37: Using cache hint "ocaml/opam:debian-12-ocaml-4.14@sha256:c5f1e30c557c8db2af2794912a5a9bdfd5cf60ce19f6b896c3ade21e0f83c34b-dune.3.1.0-irmin-git.2.7.2-aade3f0da3e267a22d59cd8c12772fe1def22ee2"
2024-03-19 12:27.37: Using OBuilder spec:
((from ocaml/opam:debian-12-ocaml-4.14@sha256:c5f1e30c557c8db2af2794912a5a9bdfd5cf60ce19f6b896c3ade21e0f83c34b)
 (user (uid 1000) (gid 1000))
 (workdir /home/opam)
 (run (shell "sudo ln -f /usr/bin/opam-dev /usr/bin/opam"))
 (run (network host)
      (shell "opam init --reinit --config .opamrc-sandbox -ni"))
 (env OPAMDOWNLOADJOBS 1)
 (env OPAMERRLOGLEN 0)
 (env OPAMSOLVERTIMEOUT 500)
 (env OPAMPRECISETRACKING 1)
 (env CI true)
 (env OPAM_REPO_CI true)
 (run (shell "rm -rf opam-repository/"))
 (copy (src .) (dst opam-repository/))
 (run (shell "opam repository set-url --strict default opam-repository/"))
 (run (network host)
      (shell "opam update --depexts || true"))
 (env OPAMCRITERIA -removed,-count[avoid-version,changed],-count[version-lag,request],-count[version-lag,changed],-count[missing-depexts,changed],-changed)
 (env OPAMFIXUPCRITERIA -removed,-count[avoid-version,changed],-count[version-lag,request],-count[version-lag,changed],-count[missing-depexts,changed],-changed)
 (env OPAMUPGRADECRITERIA -removed,-count[avoid-version,changed],-count[version-lag,request],-count[version-lag,changed],-count[missing-depexts,changed],-changed)
 (run (shell "opam pin add -k version -yn dune.3.1.0 3.1.0"))
 (run (cache (opam-archives (target /home/opam/.opam/download-cache)))
      (network host)
      (shell  "opam reinstall dune.3.1.0;\
             \n        res=$?;\
             \n        test \"$res\" != 31 && exit \"$res\";\
             \n        export OPAMCLI=2.0;\
             \n        build_dir=$(opam var prefix)/.opam-switch/build;\
             \n        failed=$(ls \"$build_dir\");\
             \n        partial_fails=\"\";\
             \n        for pkg in $failed; do\
             \n          if opam show -f x-ci-accept-failures: \"$pkg\" | grep -qF \"\\\"debian-12\\\"\"; then\
             \n            echo \"A package failed and has been disabled for CI using the 'x-ci-accept-failures' field.\";\
             \n          fi;\
             \n          test \"$pkg\" != 'dune.3.1.0' && partial_fails=\"$partial_fails $pkg\";\
             \n        done;\
             \n        test \"${partial_fails}\" != \"\" && echo \"opam-repo-ci detected dependencies failing: ${partial_fails}\";\
             \n        exit 1"))
 (env OPAMCRITERIA -removed,-count[avoid-version,changed],-count[version-lag,request],-count[version-lag,changed],-count[missing-depexts,changed],-changed)
 (env OPAMFIXUPCRITERIA -removed,-count[avoid-version,changed],-count[version-lag,request],-count[version-lag,changed],-count[missing-depexts,changed],-changed)
 (env OPAMUPGRADECRITERIA -removed,-count[avoid-version,changed],-count[version-lag,request],-count[version-lag,changed],-count[missing-depexts,changed],-changed)
 (run (cache (opam-archives (target /home/opam/.opam/download-cache)))
      (network host)
      (shell  "opam reinstall irmin-git.2.7.2;\
             \n        res=$?;\
             \n        test \"$res\" != 31 && exit \"$res\";\
             \n        export OPAMCLI=2.0;\
             \n        build_dir=$(opam var prefix)/.opam-switch/build;\
             \n        failed=$(ls \"$build_dir\");\
             \n        partial_fails=\"\";\
             \n        for pkg in $failed; do\
             \n          if opam show -f x-ci-accept-failures: \"$pkg\" | grep -qF \"\\\"debian-12\\\"\"; then\
             \n            echo \"A package failed and has been disabled for CI using the 'x-ci-accept-failures' field.\";\
             \n          fi;\
             \n          test \"$pkg\" != 'irmin-git.2.7.2' && partial_fails=\"$partial_fails $pkg\";\
             \n        done;\
             \n        test \"${partial_fails}\" != \"\" && echo \"opam-repo-ci detected dependencies failing: ${partial_fails}\";\
             \n        exit 1"))
 (env OPAMCRITERIA -removed,-count[avoid-version,changed],-count[version-lag,request],-count[version-lag,changed],-count[missing-depexts,changed],-changed)
 (env OPAMFIXUPCRITERIA -removed,-count[avoid-version,changed],-count[version-lag,request],-count[version-lag,changed],-count[missing-depexts,changed],-changed)
 (env OPAMUPGRADECRITERIA -removed,-count[avoid-version,changed],-count[version-lag,request],-count[version-lag,changed],-count[missing-depexts,changed],-changed)
 (run (network host)
      (shell "(opam reinstall --with-test irmin-git.2.7.2) || true"))
 (run (shell  "opam reinstall --with-test --verbose irmin-git.2.7.2;\
             \n        res=$?;\
             \n        test \"$res\" != 31 && exit \"$res\";\
             \n        export OPAMCLI=2.0;\
             \n        build_dir=$(opam var prefix)/.opam-switch/build;\
             \n        failed=$(ls \"$build_dir\");\
             \n        partial_fails=\"\";\
             \n        for pkg in $failed; do\
             \n          if opam show -f x-ci-accept-failures: \"$pkg\" | grep -qF \"\\\"debian-12\\\"\"; then\
             \n            echo \"A package failed and has been disabled for CI using the 'x-ci-accept-failures' field.\";\
             \n          fi;\
             \n          test \"$pkg\" != 'irmin-git.2.7.2' && partial_fails=\"$partial_fails $pkg\";\
             \n        done;\
             \n        test \"${partial_fails}\" != \"\" && echo \"opam-repo-ci detected dependencies failing: ${partial_fails}\";\
             \n        exit 1"))
)

2024-03-19 12:27.37: Connecting to build clusterâ€¦
2024-03-19 12:27.37: Waiting for resource in pool OCluster
2024-03-19 14:10.45: Waiting for workerâ€¦
2024-03-19 14:14.39: Got resource from pool OCluster
Building on x86-bm-c6.sw.ocaml.org
All commits already cached
Updating files:  42% (14256/33350)Updating files:  43% (14341/33350)Updating files:  44% (14674/33350)Updating files:  45% (15008/33350)Updating files:  46% (15341/33350)Updating files:  47% (15675/33350)Updating files:  48% (16008/33350)Updating files:  49% (16342/33350)Updating files:  50% (16675/33350)Updating files:  51% (17009/33350)Updating files:  52% (17342/33350)Updating files:  53% (17676/33350)Updating files:  54% (18009/33350)Updating files:  55% (18343/33350)Updating files:  56% (18676/33350)Updating files:  57% (19010/33350)Updating files:  58% (19343/33350)Updating files:  59% (19677/33350)Updating files:  60% (20010/33350)Updating files:  61% (20344/33350)Updating files:  62% (20677/33350)Updating files:  63% (21011/33350)Updating files:  64% (21344/33350)Updating files:  65% (21678/33350)Updating files:  66% (22011/33350)Updating files:  67% (22345/33350)Updating files:  68% (22678/33350)Updating files:  69% (23012/33350)Updating files:  70% (23345/33350)Updating files:  71% (23679/33350)Updating files:  72% (24012/33350)Updating files:  73% (24346/33350)Updating files:  74% (24679/33350)Updating files:  75% (25013/33350)Updating files:  76% (25346/33350)Updating files:  77% (25680/33350)Updating files:  78% (26013/33350)Updating files:  79% (26347/33350)Updating files:  80% (26680/33350)Updating files:  81% (27014/33350)Updating files:  82% (27347/33350)Updating files:  82% (27628/33350)Updating files:  83% (27681/33350)Updating files:  84% (28014/33350)Updating files:  85% (28348/33350)Updating files:  86% (28681/33350)Updating files:  87% (29015/33350)Updating files:  88% (29348/33350)Updating files:  89% (29682/33350)Updating files:  90% (30015/33350)Updating files:  91% (30349/33350)Updating files:  92% (30682/33350)Updating files:  93% (31016/33350)Updating files:  94% (31349/33350)Updating files:  95% (31683/33350)Updating files:  96% (32016/33350)Updating files:  97% (32350/33350)Updating files:  98% (32683/33350)Updating files:  99% (33017/33350)Updating files: 100% (33350/33350)Updating files: 100% (33350/33350), done.
HEAD is now at 3505e93828 Merge pull request #25518 from titouancreach/opam-publish-typeid.1.0.1
Merge made by the 'ort' strategy.
 packages/dune/dune.3.0.2/opam  | 1 +
 packages/dune/dune.3.0.3/opam  | 1 +
 packages/dune/dune.3.1.0/opam  | 1 +
 packages/dune/dune.3.1.1/opam  | 1 +
 packages/dune/dune.3.10.0/opam | 1 +
 packages/dune/dune.3.11.0/opam | 1 +
 packages/dune/dune.3.11.1/opam | 1 +
 packages/dune/dune.3.12.1/opam | 1 +
 packages/dune/dune.3.12.2/opam | 1 +
 packages/dune/dune.3.13.0/opam | 1 +
 packages/dune/dune.3.13.1/opam | 1 +
 packages/dune/dune.3.14.0/opam | 1 +
 packages/dune/dune.3.2.0/opam  | 1 +
 packages/dune/dune.3.3.0/opam  | 1 +
 packages/dune/dune.3.3.1/opam  | 1 +
 packages/dune/dune.3.4.0/opam  | 2 +-
 packages/dune/dune.3.4.1/opam  | 1 +
 packages/dune/dune.3.5.0/opam  | 1 +
 packages/dune/dune.3.6.0/opam  | 1 +
 packages/dune/dune.3.6.1/opam  | 1 +
 packages/dune/dune.3.6.2/opam  | 1 +
 packages/dune/dune.3.7.0/opam  | 1 +
 packages/dune/dune.3.7.1/opam  | 1 +
 packages/dune/dune.3.8.0/opam  | 1 +
 packages/dune/dune.3.8.1/opam  | 1 +
 packages/dune/dune.3.8.2/opam  | 1 +
 packages/dune/dune.3.8.3/opam  | 1 +
 packages/dune/dune.3.9.0/opam  | 2 +-
 packages/dune/dune.3.9.1/opam  | 1 +
 packages/dune/dune.3.9.2/opam  | 1 +
 packages/dune/dune.3.9.3/opam  | 1 +
 31 files changed, 31 insertions(+), 2 deletions(-)

[01;34m(from ocaml/opam:debian-12-ocaml-4.14@sha256:c5f1e30c557c8db2af2794912a5a9bdfd5cf60ce19f6b896c3ade21e0f83c34b)[0m
Unable to find image 'ocaml/opam:debian-12-ocaml-4.14@sha256:c5f1e30c557c8db2af2794912a5a9bdfd5cf60ce19f6b896c3ade21e0f83c34b' locally
docker.io/ocaml/opam@sha256:c5f1e30c557c8db2af2794912a5a9bdfd5cf60ce19f6b896c3ade21e0f83c34b: Pulling from ocaml/opam
c88da693b3b1: Pulling fs layer
c88da693b3b1: Verifying Checksum
c88da693b3b1: Download complete
c88da693b3b1: Pull complete
Digest: sha256:c5f1e30c557c8db2af2794912a5a9bdfd5cf60ce19f6b896c3ade21e0f83c34b
Status: Downloaded newer image for ocaml/opam@sha256:c5f1e30c557c8db2af2794912a5a9bdfd5cf60ce19f6b896c3ade21e0f83c34b
[01;2m[01;35m2024-03-19 14:14.44 ---> using "c4915beb7de81ad4c8c2e616fafd267d6c704221988c32366612a947a2dd3ff5" from cache[0m

[01;34m/: (user (uid 1000) (gid 1000))[0m

[01;34m/: (workdir /home/opam)[0m

[01;34m/home/opam: (run (shell "sudo ln -f /usr/bin/opam-dev /usr/bin/opam"))[0m
[01;2m[01;35m2024-03-19 14:14.44 ---> using "fe845143f44e080d8c9f2c0f88810a2dc5b65e55f8bf8f908adf06c299a74142" from cache[0m

[01;34m/home/opam: (run (network host)
                 (shell "opam init --reinit --config .opamrc-sandbox -ni"))[0m
Configuring from /home/opam/.opamrc-sandbox, then /home/opam/.opamrc, and finally from built-in defaults.
Checking for available remotes: rsync and local, git.
  - you won't be able to use mercurial repositories unless you install the hg command on your system.
  - you won't be able to use darcs repositories unless you install the darcs command on your system.

This development version of opam requires an update to the layout of /home/opam/.opam from version 2.0 to version 2.2~alpha, which can't be reverted.
You may want to back it up before going further.

Continue? [y/n] y
Format upgrade done.

<><> Updating repositories ><><><><><><><><><><><><><><><><><><><><><><><><><><>
[default] synchronised from file:///home/opam/opam-repository
[01;2m[01;35m2024-03-19 14:14.44 ---> using "5eccf5b99c0dd8de924bfc0e94ee04a40fc04c5b7b418d0bde1bc68c5aafd345" from cache[0m

[01;34m/home/opam: (env OPAMDOWNLOADJOBS 1)[0m

[01;34m/home/opam: (env OPAMERRLOGLEN 0)[0m

[01;34m/home/opam: (env OPAMSOLVERTIMEOUT 500)[0m

[01;34m/home/opam: (env OPAMPRECISETRACKING 1)[0m

[01;34m/home/opam: (env CI true)[0m

[01;34m/home/opam: (env OPAM_REPO_CI true)[0m

[01;34m/home/opam: (run (shell "rm -rf opam-repository/"))[0m
[01;2m[01;35m2024-03-19 14:14.44 ---> using "9f8a6be7c90f76838ee9b191c26f77a3f1e1fc7a17c8ce2a4e332aff88a7102d" from cache[0m

[01;34m/home/opam: (copy (src .) (dst opam-repository/))[0m
[01;2m[01;35m2024-03-19 14:14.47 ---> using "440960d6f1b1fe09154eb64e55ff9c70e32fabfc1d9ab53a0ae0ed4f2abfff0d" from cache[0m

[01;34m/home/opam: (run (shell "opam repository set-url --strict default opam-repository/"))[0m
[default] Initialised
[01;2m[01;35m2024-03-19 14:14.47 ---> using "b96ca4ceecb18b1b199b3acaaf21af46831ebafea104c1b03b584002268f765b" from cache[0m

[01;34m/home/opam: (run (network host)
                 (shell "opam update --depexts || true"))[0m
+ /usr/bin/sudo "apt-get" "update"
- Hit:1 http://deb.debian.org/debian bookworm InRelease
- Get:2 http://deb.debian.org/debian bookworm-updates InRelease [55.4 kB]
- Get:3 http://deb.debian.org/debian-security bookworm-security InRelease [48.0 kB]
- Get:4 http://deb.debian.org/debian-security bookworm-security/main amd64 Packages [146 kB]
- Fetched 250 kB in 0s (1125 kB/s)
- Reading package lists...
[01;2m[01;35m2024-03-19 14:14.47 ---> using "69eb35db73a55eccbfec83f12aca9ada56ba661eb7c0715f484d61ec4873e824" from cache[0m

[01;34m/home/opam: (env OPAMCRITERIA -removed,-count[avoid-version,changed],-count[version-lag,request],-count[version-lag,changed],-count[missing-depexts,changed],-changed)[0m

[01;34m/home/opam: (env OPAMFIXUPCRITERIA -removed,-count[avoid-version,changed],-count[version-lag,request],-count[version-lag,changed],-count[missing-depexts,changed],-changed)[0m

[01;34m/home/opam: (env OPAMUPGRADECRITERIA -removed,-count[avoid-version,changed],-count[version-lag,request],-count[version-lag,changed],-count[missing-depexts,changed],-changed)[0m

[01;34m/home/opam: (run (shell "opam pin add -k version -yn dune.3.1.0 3.1.0"))[0m
dune is now pinned to version 3.1.0
[01;2m[01;35m2024-03-19 14:14.47 ---> using "73f10572a54bc9618d0742b1f9b5302631aee04e38628b353aa4ac49775e4d3e" from cache[0m

[01;34m/home/opam: (run (cache (opam-archives (target /home/opam/.opam/download-cache)))
                 (network host)
                 (shell  "opam reinstall dune.3.1.0;\
                        \n        res=$?;\
                        \n        test \"$res\" != 31 && exit \"$res\";\
                        \n        export OPAMCLI=2.0;\
                        \n        build_dir=$(opam var prefix)/.opam-switch/build;\
                        \n        failed=$(ls \"$build_dir\");\
                        \n        partial_fails=\"\";\
                        \n        for pkg in $failed; do\
                        \n          if opam show -f x-ci-accept-failures: \"$pkg\" | grep -qF \"\\\"debian-12\\\"\"; then\
                        \n            echo \"A package failed and has been disabled for CI using the 'x-ci-accept-failures' field.\";\
                        \n          fi;\
                        \n          test \"$pkg\" != 'dune.3.1.0' && partial_fails=\"$partial_fails $pkg\";\
                        \n        done;\
                        \n        test \"${partial_fails}\" != \"\" && echo \"opam-repo-ci detected dependencies failing: ${partial_fails}\";\
                        \n        exit 1"))[0m
dune.3.1.0 is not installed. Install it? [y/n] y
The following actions will be performed:
=== install 1 package
  - install dune 3.1.0 (pinned)

<><> Processing actions <><><><><><><><><><><><><><><><><><><><><><><><><><><><>
-> retrieved dune.3.1.0  (https://github.com/ocaml/dune/releases/download/3.1.0/fiber-3.1.0.tbz)
-> installed dune.3.1.0
Done.
# Run eval $(opam env) to update the current shell environment
[01;2m[01;35m2024-03-19 14:14.47 ---> using "548f47753469ad631826de604b481a49374433e381741eaa4e3089930ac04ebb" from cache[0m

[01;34m/home/opam: (env OPAMCRITERIA -removed,-count[avoid-version,changed],-count[version-lag,request],-count[version-lag,changed],-count[missing-depexts,changed],-changed)[0m

[01;34m/home/opam: (env OPAMFIXUPCRITERIA -removed,-count[avoid-version,changed],-count[version-lag,request],-count[version-lag,changed],-count[missing-depexts,changed],-changed)[0m

[01;34m/home/opam: (env OPAMUPGRADECRITERIA -removed,-count[avoid-version,changed],-count[version-lag,request],-count[version-lag,changed],-count[missing-depexts,changed],-changed)[0m

[01;34m/home/opam: (run (cache (opam-archives (target /home/opam/.opam/download-cache)))
                 (network host)
                 (shell  "opam reinstall irmin-git.2.7.2;\
                        \n        res=$?;\
                        \n        test \"$res\" != 31 && exit \"$res\";\
                        \n        export OPAMCLI=2.0;\
                        \n        build_dir=$(opam var prefix)/.opam-switch/build;\
                        \n        failed=$(ls \"$build_dir\");\
                        \n        partial_fails=\"\";\
                        \n        for pkg in $failed; do\
                        \n          if opam show -f x-ci-accept-failures: \"$pkg\" | grep -qF \"\\\"debian-12\\\"\"; then\
                        \n            echo \"A package failed and has been disabled for CI using the 'x-ci-accept-failures' field.\";\
                        \n          fi;\
                        \n          test \"$pkg\" != 'irmin-git.2.7.2' && partial_fails=\"$partial_fails $pkg\";\
                        \n        done;\
                        \n        test \"${partial_fails}\" != \"\" && echo \"opam-repo-ci detected dependencies failing: ${partial_fails}\";\
                        \n        exit 1"))[0m
irmin-git.2.7.2 is not installed. Install it? [y/n] y
The following actions will be performed:
=== install 62 packages
  - install angstrom            0.16.0  [required by git]
  - install astring             0.8.5   [required by irmin-git]
  - install base-bytes          base    [required by ocplib-endian]
  - install base64              3.5.1   [required by git]
  - install bheap               2.0.0   [required by irmin]
  - install bigstringaf         0.9.1   [required by git]
  - install bos                 0.2.1   [required by carton]
  - install carton              0.7.1   [required by git]
  - install carton-git          0.7.1   [required by git]
  - install carton-lwt          0.7.1   [required by git]
  - install checkseum           0.5.2   [required by git]
  - install cmdliner            1.2.0   [required by carton, fmt, emile]
  - install cppo                1.6.9   [required by ppx_deriving]
  - install csexp               1.5.1   [required by dune-configurator]
  - install cstruct             6.2.0   [required by irmin-git]
  - install decompress          1.5.3   [required by git]
  - install digestif            1.2.0   [required by irmin-git]
  - install domain-name         0.4.0   [required by git]
  - install duff                0.5     [required by carton]
  - install dune-configurator   3.2.0   [required by checkseum, bigstringaf, hxd]
  - install either              1.0.0   [required by repr]
  - install emile               1.1     [required by git]
  - install encore              0.8     [required by git]
  - install eqaf                0.9     [required by digestif]
  - install fmt                 0.9.0   [required by irmin-git]
  - install fpath               0.7.3   [required by irmin-git]
  - install git                 3.15.0  [required by irmin-git]
  - install hxd                 0.3.2   [required by git]
  - install ipaddr              5.5.0   [required by git]
  - install irmin               2.7.2   [required by irmin-git]
  - install irmin-git           2.7.2
  - install jsonm               1.0.2   [required by irmin]
  - install ke                  0.6     [required by git]
  - install logs                0.7.0   [required by irmin-git]
  - install lwt                 5.7.0   [required by irmin-git]
  - install macaddr             5.5.0   [required by ipaddr]
  - install mimic               0.0.6   [required by git]
  - install mirage-flow         3.0.0   [required by git]
  - install ocaml-compiler-libs v0.12.4 [required by ppxlib]
  - install ocaml-syntax-shims  1.0.0   [required by angstrom]
  - install ocamlbuild          0.14.3  [required by astring, fpath]
  - install ocamlfind           1.9.6   [required by astring, fpath]
  - install ocamlgraph          2.1.0   [required by git, irmin]
  - install ocplib-endian       1.2     [required by lwt]
  - install optint              0.3.0   [required by git]
  - install pecu                0.6     [required by emile]
  - install ppx_derivers        1.2.1   [required by ppx_deriving]
  - install ppx_deriving        5.2.1   [required by ppx_repr]
  - install ppx_irmin           2.7.2   [required by irmin-git]
  - install ppx_repr            0.4.0   [required by ppx_irmin]
  - install ppxlib              0.32.0  [required by ppx_repr]
  - install psq                 0.2.1   [required by git]
  - install repr                0.4.0   [required by irmin]
  - install result              1.5     [required by git]
  - install rresult             0.7.0   [required by git]
  - install seq                 base    [required by psq]
  - install sexplib0            v0.16.0 [required by ppxlib]
  - install stdlib-shims        0.3.0   [required by ocamlgraph]
  - install stringext           1.6.0   [required by uri]
  - install topkg               1.0.7   [required by astring, fpath]
  - install uri                 4.4.0   [required by irmin-git]
  - install uutf                1.0.3   [required by irmin]

<><> Processing actions <><><><><><><><><><><><><><><><><><><><><><><><><><><><>
-> retrieved angstrom.0.16.0  (cached)
-> retrieved astring.0.8.5  (cached)
-> retrieved base64.3.5.1  (cached)
-> retrieved bheap.2.0.0  (cached)
-> retrieved bigstringaf.0.9.1  (cached)
-> retrieved bos.0.2.1  (cached)
-> retrieved carton.0.7.1, carton-git.0.7.1, carton-lwt.0.7.1  (cached)
-> installed bheap.2.0.0
-> retrieved checkseum.0.5.2  (cached)
-> retrieved cmdliner.1.2.0  (cached)
-> retrieved cppo.1.6.9  (cached)
-> retrieved csexp.1.5.1  (cached)
-> installed base64.3.5.1
-> retrieved cstruct.6.2.0  (cached)
-> installed csexp.1.5.1
-> retrieved decompress.1.5.3  (cached)
-> retrieved digestif.1.2.0  (cached)
-> retrieved domain-name.0.4.0  (cached)
-> retrieved duff.0.5  (cached)
-> installed cppo.1.6.9
-> installed domain-name.0.4.0
-> retrieved dune-configurator.3.2.0  (cached)
-> retrieved either.1.0.0  (cached)
-> retrieved emile.1.1  (cached)
-> retrieved encore.0.8  (cached)
-> retrieved eqaf.0.9  (cached)
-> retrieved fmt.0.9.0  (cached)
-> retrieved fpath.0.7.3  (cached)
-> retrieved git.3.15.0  (cached)
-> retrieved hxd.0.3.2  (cached)
-> retrieved ipaddr.5.5.0, macaddr.5.5.0  (cached)
-> installed either.1.0.0
-> installed macaddr.5.5.0
-> retrieved irmin.2.7.2, irmin-git.2.7.2, ppx_irmin.2.7.2  (https://github.com/mirage/irmin/releases/download/2.7.2/irmin-2.7.2.tbz)
-> installed cmdliner.1.2.0
-> installed dune-configurator.3.2.0
-> installed ipaddr.5.5.0
-> retrieved jsonm.1.0.2  (cached)
-> retrieved ke.0.6  (cached)
-> retrieved logs.0.7.0  (cached)
-> retrieved lwt.5.7.0  (cached)
-> retrieved mimic.0.0.6  (cached)
-> retrieved mirage-flow.3.0.0  (cached)
-> retrieved ocaml-compiler-libs.v0.12.4  (cached)
-> retrieved ocaml-syntax-shims.1.0.0  (cached)
-> retrieved ocamlbuild.0.14.3  (cached)
-> retrieved ocamlfind.1.9.6  (cached)
-> retrieved ocamlgraph.2.1.0  (cached)
-> retrieved ocplib-endian.1.2  (cached)
-> retrieved optint.0.3.0  (cached)
-> retrieved pecu.0.6  (cached)
-> retrieved ppx_derivers.1.2.1  (cached)
-> retrieved ppx_deriving.5.2.1  (cached)
-> retrieved ppx_repr.0.4.0, repr.0.4.0  (cached)
-> installed ppx_derivers.1.2.1
-> installed bigstringaf.0.9.1
-> retrieved ppxlib.0.32.0  (cached)
-> installed optint.0.3.0
-> installed pecu.0.6
-> retrieved psq.0.2.1  (cached)
-> retrieved result.1.5  (cached)
-> retrieved rresult.0.7.0  (cached)
-> installed seq.base
-> retrieved sexplib0.v0.16.0  (cached)
-> retrieved stdlib-shims.0.3.0  (cached)
-> retrieved stringext.1.6.0  (cached)
-> retrieved topkg.1.0.7  (cached)
-> retrieved uri.4.4.0  (cached)
-> retrieved uutf.1.0.3  (cached)
-> installed stringext.1.6.0
-> installed result.1.5
-> installed stdlib-shims.0.3.0
-> installed psq.0.2.1
-> installed ocaml-syntax-shims.1.0.0
-> installed ocaml-compiler-libs.v0.12.4
-> installed sexplib0.v0.16.0
-> installed checkseum.0.5.2
-> installed angstrom.0.16.0
-> installed decompress.1.5.3
-> installed ocamlfind.1.9.6
-> installed base-bytes.base
-> installed ocamlgraph.2.1.0
-> installed uri.4.4.0
-> installed ocplib-endian.1.2
-> installed ocamlbuild.0.14.3
-> installed lwt.5.7.0
-> installed hxd.0.3.2
-> installed topkg.1.0.7
-> installed rresult.0.7.0
-> installed uutf.1.0.3
-> installed fmt.0.9.0
-> installed duff.0.5
-> installed emile.1.1
-> installed astring.0.8.5
-> installed ke.0.6
-> installed cstruct.6.2.0
-> installed encore.0.8
-> installed mirage-flow.3.0.0
-> installed eqaf.0.9
-> installed fpath.0.7.3
-> installed jsonm.1.0.2
-> installed logs.0.7.0
-> installed mimic.0.0.6
-> installed repr.0.4.0
-> installed digestif.1.2.0
-> installed bos.0.2.1
-> installed ppxlib.0.32.0
-> installed carton.0.7.1
-> installed carton-lwt.0.7.1
-> installed carton-git.0.7.1
-> installed ppx_deriving.5.2.1
-> installed git.3.15.0
-> installed ppx_repr.0.4.0
-> installed ppx_irmin.2.7.2
-> installed irmin.2.7.2
-> installed irmin-git.2.7.2
Done.
# Run eval $(opam env) to update the current shell environment
[01;2m[01;35m2024-03-19 14:16.18 ---> saved as "8672ea303b268ef316d825966cac8bbbbbd973fb9171375c9d6e90644efe47fd"[0m

[01;34m/home/opam: (env OPAMCRITERIA -removed,-count[avoid-version,changed],-count[version-lag,request],-count[version-lag,changed],-count[missing-depexts,changed],-changed)[0m

[01;34m/home/opam: (env OPAMFIXUPCRITERIA -removed,-count[avoid-version,changed],-count[version-lag,request],-count[version-lag,changed],-count[missing-depexts,changed],-changed)[0m

[01;34m/home/opam: (env OPAMUPGRADECRITERIA -removed,-count[avoid-version,changed],-count[version-lag,request],-count[version-lag,changed],-count[missing-depexts,changed],-changed)[0m

[01;34m/home/opam: (run (network host)
                 (shell "(opam reinstall --with-test irmin-git.2.7.2) || true"))[0m
[ERROR] Sorry, resolution of the request timed out.
        Try to specify a more precise request, use a different solver, or increase the allowed time by setting OPAMSOLVERTIMEOUT to a bigger value (currently, it is set to 500.0 seconds).
[01;2m[01;35m2024-03-19 14:25.04 ---> saved as "2d3f57289a6995049cd64f4ca1c4f8ea6c5b48642e50e5c3624ebf09436c7364"[0m

[01;34m/home/opam: (run (shell  "opam reinstall --with-test --verbose irmin-git.2.7.2;\
                        \n        res=$?;\
                        \n        test \"$res\" != 31 && exit \"$res\";\
                        \n        export OPAMCLI=2.0;\
                        \n        build_dir=$(opam var prefix)/.opam-switch/build;\
                        \n        failed=$(ls \"$build_dir\");\
                        \n        partial_fails=\"\";\
                        \n        for pkg in $failed; do\
                        \n          if opam show -f x-ci-accept-failures: \"$pkg\" | grep -qF \"\\\"debian-12\\\"\"; then\
                        \n            echo \"A package failed and has been disabled for CI using the 'x-ci-accept-failures' field.\";\
                        \n          fi;\
                        \n          test \"$pkg\" != 'irmin-git.2.7.2' && partial_fails=\"$partial_fails $pkg\";\
                        \n        done;\
                        \n        test \"${partial_fails}\" != \"\" && echo \"opam-repo-ci detected dependencies failing: ${partial_fails}\";\
                        \n        exit 1"))[0m
The following actions will be performed:
=== downgrade 9 packages
  - downgrade bigstringaf       0.9.1 to 0.8.0  [required by git-unix]
  - downgrade carton            0.7.1 to 0.4.3  [uses cstruct]
  - downgrade carton-git        0.7.1 to 0.4.3  [uses bigarray-compat]
  - downgrade carton-lwt        0.7.1 to 0.4.3  [uses bigstringaf]
  - downgrade cmdliner          1.2.0 to 1.0.4  [required by git-unix, alcotest, irmin-test]
  - downgrade cstruct           6.2.0 to 6.0.1  [required by irmin-git]
  - downgrade decompress        1.5.3 to 1.4.2  [required by git-unix]
  - downgrade git               3.15.0 to 3.6.0 [required by irmin-git]
  - downgrade hxd               0.3.2 to 0.3.1  [required by carton]
=== recompile 20 packages
  - recompile angstrom          0.16.0          [uses bigstringaf]
  - recompile bos               0.2.1           [uses fmt]
  - recompile digestif          1.2.0           [uses eqaf]
  - recompile duff              0.5             [uses fmt]
  - recompile emile             1.1             [uses bigstringaf]
  - recompile encore            0.8             [uses bigstringaf]
  - recompile eqaf              0.9             [uses cstruct]
  - recompile fmt               0.9.0           [uses cmdliner]
  - recompile irmin             2.7.2           [uses digestif]
  - recompile irmin-git         2.7.2
  - recompile jsonm             1.0.2           [uses uutf]
  - recompile ke                0.6             [uses fmt]
  - recompile logs              0.7.0           [uses cmdliner]
  - recompile mimic             0.0.6           [uses fmt]
  - recompile mirage-flow       3.0.0           [uses cstruct]
  - recompile ppx_irmin         2.7.2           [uses ppx_repr]
  - recompile ppx_repr          0.4.0           [uses repr]
  - recompile repr              0.4.0           [uses fmt, uutf]
  - recompile uri               4.4.0           [uses angstrom]
  - recompile uutf              1.0.3           [uses cmdliner]
=== install 70 packages
  - install   alcotest          1.5.0           [required by irmin-git]
  - install   arp               3.1.0           [required by tcpip]
  - install   asn1-combinators  0.2.6           [required by x509]
  - install   awa               0.0.5           [required by git-unix]
  - install   awa-mirage        0.0.5           [required by git-unix]
  - install   base              v0.16.3         [required by ppx_sexp_conv]
  - install   bigarray-compat   1.1.0           [required by cstruct, git-unix]
  - install   ca-certs          0.2.3           [required by conduit-lwt-unix]
  - install   ca-certs-nss      3.74            [required by git-unix]
  - install   cohttp            5.1.0           [required by git-cohttp-unix]
  - install   cohttp-lwt        5.1.0           [required by git-cohttp-unix]
  - install   cohttp-lwt-unix   5.1.0           [required by git-cohttp-unix]
  - install   conduit           6.2.1           [required by conduit-lwt]
  - install   conduit-lwt       6.2.1           [required by cohttp-lwt-unix]
  - install   conduit-lwt-unix  6.2.1           [required by cohttp-lwt-unix]
  - install   conf-bash         1               [required by base]
  - install   conf-gmp          4               [required by zarith, conf-gmp-powm-sec]
  - install   conf-gmp-powm-sec 3               [required by mirage-crypto-pk]
  - install   conf-gnuplot      0.1             [required by metrics-unix]
  - install   conf-pkg-config   3               [required by tcpip]
  - install   cstruct-lwt       6.0.1           [required by tcpip]
  - install   cstruct-sexp      6.0.1           [required by awa, tls]
  - install   cstruct-unix      6.0.1           [required by awa]
  - install   duration          0.2.1           [required by tcpip]
  - install   ethernet          3.2.0           [required by tcpip]
  - install   git-cohttp        3.6.0           [required by git-cohttp-unix]
  - install   git-cohttp-unix   3.6.0           [required by irmin-git]
  - install   git-unix          3.6.0           [required by irmin-git]
  - install   gmap              0.3.0           [required by x509]
  - install   hkdf              1.0.4           [required by tls]
  - install   ipaddr-sexp       5.5.0           [required by tls]
  - install   irmin-layers      2.7.2           [required by irmin-test]
  - install   irmin-test        2.7.2           [required by irmin-git]
  - install   lru               0.3.1           [required by tcpip]
  - install   lwt-dllist        1.0.1           [required by tcpip]
  - install   macaddr-cstruct   5.5.0           [required by tcpip]
  - install   magic-mime        1.3.1           [required by cohttp-lwt-unix]
  - install   metrics           0.4.1           [required by irmin-test]
  - install   metrics-unix      0.4.1           [required by irmin-test]
  - install   mirage-clock      4.2.0           [required by git-unix]
  - install   mirage-clock-unix 4.2.0           [required by git-unix]
  - install   mirage-crypto     0.10.7          [required by tls, awa, ca-certs-nss, tls-mirage]
  - install   mirage-crypto-ec  0.10.7          [required by awa, tls]
  - install   mirage-crypto-pk  0.10.7          [required by tls, awa, tls-mirage]
  - install   mirage-crypto-rng 0.10.7          [required by awa, tls]
  - install   mirage-kv         6.1.1           [required by tls-mirage]
  - install   mirage-net        4.0.0           [required by tcpip]
  - install   mirage-no-solo5   1               [required by mirage-crypto-pk]
  - install   mirage-no-xen     1               [required by mirage-crypto-pk]
  - install   mirage-profile    0.9.1           [required by tcpip]
  - install   mirage-random     3.0.0           [required by tcpip]
  - install   mirage-time       3.0.0           [required by tcpip]
  - install   mmap              1.2.0           [required by git-unix]
  - install   mtime             1.4.0           [required by irmin-git]
  - install   num               1.5             [required by sexplib]
  - install   parsexp           v0.16.0         [required by sexplib]
  - install   pbkdf             1.2.0           [required by x509]
  - install   ppx_cstruct       6.0.1           [required by tcpip, awa, tls]
  - install   ppx_sexp_conv     v0.16.0         [required by awa, cohttp-lwt, cohttp, etc.]
  - install   ptime             1.1.0           [required by git-unix]
  - install   randomconv        0.1.3           [required by tcpip]
  - install   re                1.11.0          [required by alcotest]
  - install   sexplib           v0.16.0         [required by awa, tls]
  - install   tcpip             7.1.2           [required by git-unix]
  - install   tls               0.15.4          [required by git-unix]
  - install   tls-mirage        0.15.4          [required by git-unix]
  - install   uri-sexp          4.4.0           [required by cohttp]
  - install   uuidm             0.9.7           [required by metrics-unix]
  - install   x509              0.16.5          [required by tls, awa, ca-certs-nss, tls-mirage]
  - install   zarith            1.13            [required by awa]

The following system packages will first need to be installed:
    gnuplot-x11 libgmp-dev pkg-config

<><> Handling external dependencies <><><><><><><><><><><><><><><><><><><><><><>

opam believes some required external dependencies are missing. opam can:
> 1. Run apt-get to install them (may need root/sudo access)
  2. Display the recommended apt-get command and wait while you run it manually (e.g. in another terminal)
  3. Continue anyway, and, upon success, permanently register that this external dependency is present, but not detectable
  4. Abort the installation

[1/2/3/4] 1

+ /usr/bin/sudo "apt-get" "install" "-qq" "-yy" "gnuplot-x11" "libgmp-dev" "pkg-config"
- E: Failed to fetch http://deb.debian.org/debian/pool/main/a/argon2/libargon2-1_0%7e20171227-0.3%2bdeb12u1_amd64.deb  Temporary failure resolving 'deb.debian.org'
- E: Failed to fetch http://deb.debian.org/debian/pool/main/l/lvm2/dmsetup_1.02.185-2_amd64.deb  Temporary failure resolving 'deb.debian.org'
- E: Failed to fetch http://deb.debian.org/debian/pool/main/l/lvm2/libdevmapper1.02.1_1.02.185-2_amd64.deb  Temporary failure resolving 'deb.debian.org'
- E: Failed to fetch http://deb.debian.org/debian/pool/main/j/json-c/libjson-c5_0.16-2_amd64.deb  Temporary failure resolving 'deb.debian.org'
- E: Failed to fetch http://deb.debian.org/debian/pool/main/c/cryptsetup/libcryptsetup12_2.6.1-4%7edeb12u2_amd64.deb  Temporary failure resolving 'deb.debian.org'
- E: Failed to fetch http://deb.debian.org/debian/pool/main/u/util-linux/libfdisk1_2.38.1-5%2bb1_amd64.deb  Temporary failure resolving 'deb.debian.org'
- E: Failed to fetch http://deb.debian.org/debian/pool/main/k/kmod/libkmod2_30%2b20221128-1_amd64.deb  Temporary failure resolving 'deb.debian.org'
- E: Failed to fetch http://deb.debian.org/debian/pool/main/a/apparmor/libapparmor1_3.0.8-3_amd64.deb  Temporary failure resolving 'deb.debian.org'
- E: Failed to fetch http://deb.debian.org/debian/pool/main/i/iptables/libip4tc2_1.8.9-2_amd64.deb  Temporary failure resolving 'deb.debian.org'
- E: Failed to fetch http://deb.debian.org/debian/pool/main/s/systemd/libsystemd-shared_252.22-1%7edeb12u1_amd64.deb  Temporary failure resolving 'deb.debian.org'
- E: Failed to fetch http://deb.debian.org/debian/pool/main/s/systemd/systemd_252.22-1%7edeb12u1_amd64.deb  Temporary failure resolving 'deb.debian.org'
- E: Failed to fetch http://deb.debian.org/debian/pool/main/s/systemd/systemd-sysv_252.22-1%7edeb12u1_amd64.deb  Temporary failure resolving 'deb.debian.org'
- E: Failed to fetch http://deb.debian.org/debian/pool/main/d/dbus/libdbus-1-3_1.14.10-1%7edeb12u1_amd64.deb  Temporary failure resolving 'deb.debian.org'
- E: Failed to fetch http://deb.debian.org/debian/pool/main/d/dbus/dbus-bin_1.14.10-1%7edeb12u1_amd64.deb  Temporary failure resolving 'deb.debian.org'
- E: Failed to fetch http://deb.debian.org/debian/pool/main/d/dbus/dbus-session-bus-common_1.14.10-1%7edeb12u1_all.deb  Temporary failure resolving 'deb.debian.org'
- E: Failed to fetch http://deb.debian.org/debian/pool/main/d/dbus/dbus-daemon_1.14.10-1%7edeb12u1_amd64.deb  Temporary failure resolving 'deb.debian.org'
- E: Failed to fetch http://deb.debian.org/debian/pool/main/d/dbus/dbus-system-bus-common_1.14.10-1%7edeb12u1_all.deb  Temporary failure resolving 'deb.debian.org'
- E: Failed to fetch http://deb.debian.org/debian/pool/main/d/dbus/dbus_1.14.10-1%7edeb12u1_amd64.deb  Temporary failure resolving 'deb.debian.org'
- E: Failed to fetch http://deb.debian.org/debian/pool/main/s/systemd/libnss-systemd_252.22-1%7edeb12u1_amd64.deb  Temporary failure resolving 'deb.debian.org'
- E: Failed to fetch http://deb.debian.org/debian/pool/main/s/systemd/libpam-systemd_252.22-1%7edeb12u1_amd64.deb  Temporary failure resolving 'deb.debian.org'
- E: Failed to fetch http://deb.debian.org/debian/pool/main/s/systemd/systemd-timesyncd_252.22-1%7edeb12u1_amd64.deb  Temporary failure resolving 'deb.debian.org'
- E: Failed to fetch http://deb.debian.org/debian/pool/main/h/hicolor-icon-theme/hicolor-icon-theme_0.17-2_all.deb  Temporary failure resolving 'deb.debian.org'
- E: Failed to fetch http://deb.debian.org/debian/pool/main/g/gdk-pixbuf/libgdk-pixbuf2.0-common_2.42.10%2bdfsg-1_all.deb  Temporary failure resolving 'deb.debian.org'
- E: Failed to fetch http://deb.debian.org/debian/pool/main/g/glib2.0/libglib2.0-0_2.74.6-2_amd64.deb  Temporary failure resolving 'deb.debian.org'
- E: Failed to fetch http://deb.debian.org/debian/pool/main/i/icu/libicu72_72.1-3_amd64.deb  Temporary failure resolving 'deb.debian.org'
- E: Failed to fetch http://deb.debian.org/debian/pool/main/libx/libxml2/libxml2_2.9.14%2bdfsg-1.3%7edeb12u1_amd64.deb  Temporary failure resolving 'deb.debian.org'
- E: Failed to fetch http://deb.debian.org/debian/pool/main/s/shared-mime-info/shared-mime-info_2.2-1_amd64.deb  Temporary failure resolving 'deb.debian.org'
- E: Failed to fetch http://deb.debian.org/debian/pool/main/g/gdk-pixbuf/libgdk-pixbuf-2.0-0_2.42.10%2bdfsg-1%2bb1_amd64.deb  Temporary failure resolving 'deb.debian.org'
- E: Failed to fetch http://deb.debian.org/debian/pool/main/g/gtk%2b3.0/gtk-update-icon-cache_3.24.38-2%7edeb12u1_amd64.deb  Temporary failure resolving 'deb.debian.org'
- E: Failed to fetch http://deb.debian.org/debian/pool/main/a/adwaita-icon-theme/adwaita-icon-theme_43-1_all.deb  Temporary failure resolving 'deb.debian.org'
- E: Failed to fetch http://deb.debian.org/debian/pool/main/a/aglfn/aglfn_1.7%2bgit20191031.4036a9c-2_all.deb  Temporary failure resolving 'deb.debian.org'
- E: Failed to fetch http://deb.debian.org/debian/pool/main/a/at-spi2-core/at-spi2-common_2.46.0-5_all.deb  Temporary failure resolving 'deb.debian.org'
- E: Failed to fetch http://deb.debian.org/debian/pool/main/libx/libxi/libxi6_1.8-1%2bb1_amd64.deb  Temporary failure resolving 'deb.debian.org'
- E: Failed to fetch http://deb.debian.org/debian/pool/main/a/at-spi2-core/libatspi2.0-0_2.46.0-5_amd64.deb  Temporary failure resolving 'deb.debian.org'
- E: Failed to fetch http://deb.debian.org/debian/pool/main/x/xorg/x11-common_7.7%2b23_all.deb  Temporary failure resolving 'deb.debian.org'
- E: Failed to fetch http://deb.debian.org/debian/pool/main/libx/libxtst/libxtst6_1.2.3-1.1_amd64.deb  Temporary failure resolving 'deb.debian.org'
- E: Failed to fetch http://deb.debian.org/debian/pool/main/d/dbus/dbus-user-session_1.14.10-1%7edeb12u1_amd64.deb  Temporary failure resolving 'deb.debian.org'
- E: Failed to fetch http://deb.debian.org/debian/pool/main/d/dconf/libdconf1_0.40.0-4_amd64.deb  Temporary failure resolving 'deb.debian.org'
- E: Failed to fetch http://deb.debian.org/debian/pool/main/d/dconf/dconf-service_0.40.0-4_amd64.deb  Temporary failure resolving 'deb.debian.org'
- E: Failed to fetch http://deb.debian.org/debian/pool/main/d/dconf/dconf-gsettings-backend_0.40.0-4_amd64.deb  Temporary failure resolving 'deb.debian.org'
- E: Failed to fetch http://deb.debian.org/debian/pool/main/g/gsettings-desktop-schemas/gsettings-desktop-schemas_43.0-1_all.deb  Temporary failure resolving 'deb.debian.org'
- E: Failed to fetch http://deb.debian.org/debian/pool/main/a/at-spi2-core/at-spi2-core_2.46.0-5_amd64.deb  Temporary failure resolving 'deb.debian.org'
- E: Failed to fetch http://deb.debian.org/debian/pool/main/f/fontconfig/fontconfig_2.14.1-4_amd64.deb  Temporary failure resolving 'deb.debian.org'
- E: Failed to fetch http://deb.debian.org/debian/pool/main/g/gnuplot/gnuplot-data_5.4.4%2bdfsg1-2_all.deb  Temporary failure resolving 'deb.debian.org'
- E: Failed to fetch http://deb.debian.org/debian/pool/main/p/pixman/libpixman-1-0_0.42.2-1_amd64.deb  Temporary failure resolving 'deb.debian.org'
- E: Failed to fetch http://deb.debian.org/debian/pool/main/libx/libxcb/libxcb-render0_1.15-1_amd64.deb  Temporary failure resolving 'deb.debian.org'
- E: Failed to fetch http://deb.debian.org/debian/pool/main/libx/libxcb/libxcb-shm0_1.15-1_amd64.deb  Temporary failure resolving 'deb.debian.org'
- E: Failed to fetch http://deb.debian.org/debian/pool/main/libx/libxrender/libxrender1_0.9.10-1.1_amd64.deb  Temporary failure resolving 'deb.debian.org'
- E: Failed to fetch http://deb.debian.org/debian/pool/main/c/cairo/libcairo2_1.16.0-7_amd64.deb  Temporary failure resolving 'deb.debian.org'
- E: Failed to fetch http://deb.debian.org/debian/pool/main/l/lua5.4/liblua5.4-0_5.4.4-3_amd64.deb  Temporary failure resolving 'deb.debian.org'
- E: Failed to fetch http://deb.debian.org/debian/pool/main/f/fribidi/libfribidi0_1.0.8-2.1_amd64.deb  Temporary failure resolving 'deb.debian.org'
- E: Failed to fetch http://deb.debian.org/debian/pool/main/g/graphite2/libgraphite2-3_1.3.14-1_amd64.deb  Temporary failure resolving 'deb.debian.org'
- E: Failed to fetch http://deb.debian.org/debian/pool/main/h/harfbuzz/libharfbuzz0b_6.0.0%2bdfsg-3_amd64.deb  Temporary failure resolving 'deb.debian.org'
- E: Failed to fetch http://deb.debian.org/debian/pool/main/libt/libthai/libthai-data_0.1.29-1_all.deb  Temporary failure resolving 'deb.debian.org'
- E: Failed to fetch http://deb.debian.org/debian/pool/main/libd/libdatrie/libdatrie1_0.2.13-2%2bb1_amd64.deb  Temporary failure resolving 'deb.debian.org'
- E: Failed to fetch http://deb.debian.org/debian/pool/main/libt/libthai/libthai0_0.1.29-1_amd64.deb  Temporary failure resolving 'deb.debian.org'
- E: Failed to fetch http://deb.debian.org/debian/pool/main/p/pango1.0/libpango-1.0-0_1.50.12%2bds-1_amd64.deb  Temporary failure resolving 'deb.debian.org'
- E: Failed to fetch http://deb.debian.org/debian/pool/main/p/pango1.0/libpangoft2-1.0-0_1.50.12%2bds-1_amd64.deb  Temporary failure resolving 'deb.debian.org'
- E: Failed to fetch http://deb.debian.org/debian/pool/main/p/pango1.0/libpangocairo-1.0-0_1.50.12%2bds-1_amd64.deb  Temporary failure resolving 'deb.debian.org'
- E: Failed to fetch http://deb.debian.org/debian/pool/main/p/pcre2/libpcre2-32-0_10.42-1_amd64.deb  Temporary failure resolving 'deb.debian.org'
- E: Failed to fetch http://deb.debian.org/debian/pool/main/w/wxwidgets3.2/libwxbase3.2-1_3.2.2%2bdfsg-2_amd64.deb  Temporary failure resolving 'deb.debian.org'
- E: Failed to fetch http://deb.debian.org/debian/pool/main/a/at-spi2-core/libatk1.0-0_2.46.0-5_amd64.deb  Temporary failure resolving 'deb.debian.org'
- E: Failed to fetch http://deb.debian.org/debian/pool/main/a/at-spi2-core/libatk-bridge2.0-0_2.46.0-5_amd64.deb  Temporary failure resolving 'deb.debian.org'
- E: Failed to fetch http://deb.debian.org/debian/pool/main/c/cairo/libcairo-gobject2_1.16.0-7_amd64.deb  Temporary failure resolving 'deb.debian.org'
- E: Failed to fetch http://deb.debian.org/debian/pool/main/l/lcms2/liblcms2-2_2.14-2_amd64.deb  Temporary failure resolving 'deb.debian.org'
- E: Failed to fetch http://deb.debian.org/debian/pool/main/c/colord/libcolord2_1.4.6-2.2_amd64.deb  Temporary failure resolving 'deb.debian.org'
- E: Failed to fetch http://deb.debian.org/debian/pool/main/a/avahi/libavahi-common-data_0.8-10_amd64.deb  Temporary failure resolving 'deb.debian.org'
- E: Failed to fetch http://deb.debian.org/debian/pool/main/a/avahi/libavahi-common3_0.8-10_amd64.deb  Temporary failure resolving 'deb.debian.org'
- E: Failed to fetch http://deb.debian.org/debian/pool/main/a/avahi/libavahi-client3_0.8-10_amd64.deb  Temporary failure resolving 'deb.debian.org'
- E: Failed to fetch http://deb.debian.org/debian/pool/main/c/cups/libcups2_2.4.2-3%2bdeb12u5_amd64.deb  Temporary failure resolving 'deb.debian.org'
- E: Failed to fetch http://deb.debian.org/debian/pool/main/libe/libepoxy/libepoxy0_1.5.10-1_amd64.deb  Temporary failure resolving 'deb.debian.org'
- E: Failed to fetch http://deb.debian.org/debian/pool/main/w/wayland/libwayland-client0_1.21.0-1_amd64.deb  Temporary failure resolving 'deb.debian.org'
- E: Failed to fetch http://deb.debian.org/debian/pool/main/w/wayland/libwayland-cursor0_1.21.0-1_amd64.deb  Temporary failure resolving 'deb.debian.org'
- E: Failed to fetch http://deb.debian.org/debian/pool/main/w/wayland/libwayland-egl1_1.21.0-1_amd64.deb  Temporary failure resolving 'deb.debian.org'
- E: Failed to fetch http://deb.debian.org/debian/pool/main/libx/libxcomposite/libxcomposite1_0.4.5-1_amd64.deb  Temporary failure resolving 'deb.debian.org'
- E: Failed to fetch http://deb.debian.org/debian/pool/main/libx/libxfixes/libxfixes3_6.0.0-2_amd64.deb  Temporary failure resolving 'deb.debian.org'
- E: Failed to fetch http://deb.debian.org/debian/pool/main/libx/libxcursor/libxcursor1_1.2.1-1_amd64.deb  Temporary failure resolving 'deb.debian.org'
- E: Failed to fetch http://deb.debian.org/debian/pool/main/libx/libxdamage/libxdamage1_1.1.6-1_amd64.deb  Temporary failure resolving 'deb.debian.org'
- E: Failed to fetch http://deb.debian.org/debian/pool/main/libx/libxinerama/libxinerama1_1.1.4-3_amd64.deb  Temporary failure resolving 'deb.debian.org'
- E: Failed to fetch http://deb.debian.org/debian/pool/main/x/xkeyboard-config/xkb-data_2.35.1-1_all.deb  Temporary failure resolving 'deb.debian.org'
- E: Failed to fetch http://deb.debian.org/debian/pool/main/libx/libxkbcommon/libxkbcommon0_1.5.0-1_amd64.deb  Temporary failure resolving 'deb.debian.org'
- E: Failed to fetch http://deb.debian.org/debian/pool/main/libx/libxrandr/libxrandr2_1.5.2-2%2bb1_amd64.deb  Temporary failure resolving 'deb.debian.org'
- E: Failed to fetch http://deb.debian.org/debian/pool/main/g/gtk%2b3.0/libgtk-3-common_3.24.38-2%7edeb12u1_all.deb  Temporary failure resolving 'deb.debian.org'
- E: Failed to fetch http://deb.debian.org/debian/pool/main/g/gtk%2b3.0/libgtk-3-0_3.24.38-2%7edeb12u1_amd64.deb  Temporary failure resolving 'deb.debian.org'
- E: Failed to fetch http://deb.debian.org/debian/pool/main/libn/libnotify/libnotify4_0.8.1-1_amd64.deb  Temporary failure resolving 'deb.debian.org'
- E: Failed to fetch http://deb.debian.org/debian/pool/main/libi/libice/libice6_1.0.10-1_amd64.deb  Temporary failure resolving 'deb.debian.org'
- E: Failed to fetch http://deb.debian.org/debian/pool/main/libs/libsm/libsm6_1.2.3-1_amd64.deb  Temporary failure resolving 'deb.debian.org'
- E: Failed to fetch http://deb.debian.org/debian/pool/main/w/wxwidgets3.2/libwxgtk3.2-1_3.2.2%2bdfsg-2_amd64.deb  Temporary failure resolving 'deb.debian.org'
- E: Failed to fetch http://deb.debian.org/debian/pool/main/g/gnuplot/gnuplot-x11_5.4.4%2bdfsg1-2%2bb2_amd64.deb  Temporary failure resolving 'deb.debian.org'
- E: Failed to fetch http://deb.debian.org/debian/pool/main/g/gdk-pixbuf/libgdk-pixbuf2.0-bin_2.42.10%2bdfsg-1%2bb1_amd64.deb  Temporary failure resolving 'deb.debian.org'
- E: Failed to fetch http://deb.debian.org/debian/pool/main/g/glib2.0/libglib2.0-data_2.74.6-2_all.deb  Temporary failure resolving 'deb.debian.org'
- E: Failed to fetch http://deb.debian.org/debian/pool/main/g/gmp/libgmpxx4ldbl_6.2.1%2bdfsg1-1.1_amd64.deb  Temporary failure resolving 'deb.debian.org'
- E: Failed to fetch http://deb.debian.org/debian/pool/main/g/gmp/libgmp-dev_6.2.1%2bdfsg1-1.1_amd64.deb  Temporary failure resolving 'deb.debian.org'
- E: Failed to fetch http://deb.debian.org/debian/pool/main/g/gtk%2b3.0/libgtk-3-bin_3.24.38-2%7edeb12u1_amd64.deb  Temporary failure resolving 'deb.debian.org'
- E: Failed to fetch http://deb.debian.org/debian/pool/main/p/pkgconf/libpkgconf3_1.8.1-1_amd64.deb  Temporary failure resolving 'deb.debian.org'
- E: Failed to fetch http://deb.debian.org/debian-security/pool/updates/main/libr/librsvg/librsvg2-2_2.54.7%2bdfsg-1%7edeb12u1_amd64.deb  Temporary failure resolving 'deb.debian.org'
- E: Failed to fetch http://deb.debian.org/debian-security/pool/updates/main/libr/librsvg/librsvg2-common_2.54.7%2bdfsg-1%7edeb12u1_amd64.deb  Temporary failure resolving 'deb.debian.org'
- E: Failed to fetch http://deb.debian.org/debian/pool/main/p/pkgconf/pkgconf-bin_1.8.1-1_amd64.deb  Temporary failure resolving 'deb.debian.org'
- E: Failed to fetch http://deb.debian.org/debian/pool/main/p/pkgconf/pkgconf_1.8.1-1_amd64.deb  Temporary failure resolving 'deb.debian.org'
- E: Failed to fetch http://deb.debian.org/debian/pool/main/p/pkgconf/pkg-config_1.8.1-1_amd64.deb  Temporary failure resolving 'deb.debian.org'
- E: Failed to fetch http://deb.debian.org/debian/pool/main/x/xdg-user-dirs/xdg-user-dirs_0.18-1_amd64.deb  Temporary failure resolving 'deb.debian.org'
- E: Unable to fetch some archives, maybe run apt-get update or try with --fix-missing?
[ERROR] System package install failed with exit code 100 at command:
            sudo apt-get install -qq -yy gnuplot-x11 libgmp-dev pkg-config
[ERROR] These packages are still missing: gnuplot-x11 libgmp-dev pkg-config

[NOTE] You can retry with '--assume-depexts' to skip this check, or run 'opam option depext=false' to permanently disable handling of system packages.

'opam reinstall --with-test --verbose irmin-git.2.7.2' failed.
"/usr/bin/env" "bash" "-c" "opam reinstall --with-test --verbose irmin-git.2.7.2;
        res=$?;
        test "$res" != 31 && exit "$res";
        export OPAMCLI=2.0;
        build_dir=$(opam var prefix)/.opam-switch/build;
        failed=$(ls "$build_dir");
        partial_fails="";
        for pkg in $failed; do
          if opam show -f x-ci-accept-failures: "$pkg" | grep -qF "\"debian-12\""; then
            echo "A package failed and has been disabled for CI using the 'x-ci-accept-failures' field.";
          fi;
          test "$pkg" != 'irmin-git.2.7.2' && partial_fails="$partial_fails $pkg";
        done;
        test "${partial_fails}" != "" && echo "opam-repo-ci detected dependencies failing: ${partial_fails}";
        exit 1" failed with exit status 10
2024-03-19 14:34.16: Job failed: Failed: Build failed
2024-03-19 14:34.16: Log analysis:
2024-03-19 14:34.16: >>> 
[ERROR] Sorry, resolution of the request timed out.
 (score = 20)
2024-03-19 14:34.16: >>> 
[ERROR] System package install failed with exit code 100 at command:
 (score = 20)
2024-03-19 14:34.16: >>> 
[ERROR] These packages are still missing: gnuplot-x11 libgmp-dev pkg-config
 (score = 20)
2024-03-19 14:34.16: Sorry, resolution of the request timed out.
